2015-10-18 18:01:48,963 INFO [main] org.apache.hadoop.mapreduce.v2.app.MRAppMaster: Kind: YARN_AM_RM_TOKEN, Service: , Ident: (appAttemptId { application_id { id: 20 cluster_timestamp: 1445144423722 } attemptId: 1 } keyId: -127633188)
2015-10-18 18:01:50,556 INFO [main] org.apache.hadoop.yarn.event.AsyncDispatcher: Registering class org.apache.hadoop.mapreduce.v2.app.job.event.TaskAttemptEventType for class org.apache.hadoop.mapreduce.v2.app.MRAppMaster$TaskAttemptEventDispatcher
2015-10-18 18:01:50,713 INFO [main] org.apache.hadoop.mapreduce.v2.jobhistory.JobHistoryUtils: Default file system [hdfs://msra-sa-41:9000]
2015-10-18 18:01:51,619 INFO [main] org.apache.hadoop.mapreduce.v2.app.job.impl.JobImpl: Not uberizing job_1445144423722_0020 because: not enabled; too many maps; too much input;
2015-10-18 18:01:51,791 INFO [main] org.apache.hadoop.yarn.factories.impl.pb.RpcServerFactoryPBImpl: Adding protocol org.apache.hadoop.mapreduce.v2.api.MRClientProtocolPB to the server
2015-10-18 18:01:51,916 INFO [main] org.apache.hadoop.http.HttpServer2: Added filter AM_PROXY_FILTER (class=org.apache.hadoop.yarn.server.webproxy.amfilter.AmIpFilter) to context mapreduce
2015-10-18 18:01:52,728 INFO [main] org.mortbay.log: Started HttpServer2$SelectChannelConnectorWithSafeStartup@0.0.0.0:62267
2015-10-18 18:01:53,447 INFO [main] org.apache.hadoop.mapreduce.v2.app.rm.RMContainerRequestor: blacklistDisablePercent is 33
2015-10-18 18:01:53,713 INFO [main] org.apache.hadoop.mapreduce.v2.app.launcher.ContainerLauncherImpl: Upper limit on the thread pool size is 500
2015-10-18 18:01:53,869 INFO [AsyncDispatcher event handler] org.apache.hadoop.mapreduce.v2.app.job.impl.TaskImpl: task_1445144423722_0020_m_000000 Task Transitioned from NEW to SCHEDULED
2015-10-18 18:01:53,869 INFO [AsyncDispatcher event handler] org.apache.hadoop.yarn.util.RackResolver: Resolved MSRA-SA-39.fareast.corp.microsoft.com to /default-rack
2015-10-18 18:01:53,869 INFO [AsyncDispatcher event handler] org.apache.hadoop.yarn.util.RackResolver: Resolved MSRA-SA-41.fareast.corp.microsoft.com to /default-rack
2015-10-18 18:01:53,885 INFO [AsyncDispatcher event handler] org.apache.hadoop.mapreduce.v2.app.job.impl.TaskImpl: task_1445144423722_0020_m_000007 Task Transitioned from NEW to SCHEDULED
2015-10-18 18:01:53,885 INFO [AsyncDispatcher event handler] org.apache.hadoop.mapreduce.v2.app.job.impl.TaskImpl: task_1445144423722_0020_r_000000 Task Transitioned from NEW to SCHEDULED
2015-10-18 18:01:53,885 INFO [AsyncDispatcher event handler] org.apache.hadoop.mapreduce.v2.app.job.impl.TaskAttemptImpl: attempt_1445144423722_0020_m_000006_0 TaskAttempt Transitioned from NEW to UNASSIGNED
2015-10-18 18:01:53,900 INFO [Thread-50] org.apache.hadoop.mapreduce.v2.app.rm.RMContainerAllocator: reduceResourceRequest:<memory:1024, vCores:1>
2015-10-18 18:01:56,916 INFO [RMCommunicator Allocator] org.apache.hadoop.mapreduce.v2.app.rm.RMContainerAllocator: Got allocated containers 1
2015-10-18 18:01:57,104 INFO [AsyncDispatcher event handler] org.apache.hadoop.mapreduce.v2.app.job.impl.TaskAttemptImpl: The job-jar file on the remote FS is hdfs://msra-sa-41:9000/tmp/hadoop-yarn/staging/msrabi/.staging/job_1445144423722_0020/job.jar
2015-10-18 18:01:57,291 INFO [ContainerLauncher #0] org.apache.hadoop.mapreduce.v2.app.launcher.ContainerLauncherImpl: Launching attempt_1445144423722_0020_m_000000_0
2015-10-18 18:01:57,916 INFO [RMCommunicator Allocator] org.apache.hadoop.mapreduce.v2.app.rm.RMContainerRequestor: getResources() for application_1445144423722_0020: ask=4 release= 0 newContainers=0 finishedContainers=0 resourcelimit=<memory:7168, vCores:-20> knownNMs=4
2015-10-18 18:01:58,916 INFO [RMCommunicator Allocator] org.apache.hadoop.mapreduce.v2.app.rm.RMContainerAllocator: Reduce slow start threshold not met. completedMapsForReduceSlowstart 1
2015-10-18 18:01:58,963 INFO [ContainerLauncher #1] org.apache.hadoop.mapreduce.v2.app.launcher.ContainerLauncherImpl: Shuffle port returned by ContainerManager for attempt_1445144423722_0020_m_000001_0 : 13562
2015-10-18 18:01:59,948 INFO [RMCommunicator Allocator] org.apache.hadoop.mapreduce.v2.app.rm.RMContainerAllocator: Reduce slow start threshold not met. completedMapsForReduceSlowstart 1
2015-10-18 18:02:00,963 INFO [AsyncDispatcher event handler] org.apache.hadoop.yarn.util.RackResolver: Resolved MININT-FNANLI5.fareast.corp.microsoft.com to /default-rack
2015-10-18 18:02:01,041 INFO [AsyncDispatcher event handler] org.apache.hadoop.mapreduce.v2.app.job.impl.TaskAttemptImpl: attempt_1445144423722_0020_m_000002_0 TaskAttempt Transitioned from ASSIGNED to RUNNING
2015-10-18 18:02:02,510 INFO [IPC Server handler 13 on 62270] org.apache.hadoop.mapred.TaskAttemptListenerImpl: JVM with ID : jvm_1445144423722_0020_m_000002 asked for a task
2015-10-18 18:02:05,229 INFO [RMCommunicator Allocator] org.apache.hadoop.mapreduce.v2.app.rm.RMContainerAllocator: Reduce slow start threshold not met. completedMapsForReduceSlowstart 1
2015-10-18 18:02:07,573 INFO [RMCommunicator Allocator] org.apache.hadoop.mapreduce.v2.app.rm.RMContainerAllocator: Reduce slow start threshold not met. completedMapsForReduceSlowstart 1
2015-10-18 18:02:11,714 INFO [RMCommunicator Allocator] org.apache.hadoop.mapreduce.v2.app.rm.RMContainerAllocator: Recalculating schedule, headroom=<memory:0, vCores:-27>
2015-10-18 18:02:13,902 INFO [RMCommunicator Allocator] org.apache.hadoop.mapreduce.v2.app.rm.RMContainerAllocator: Recalculating schedule, headroom=<memory:0, vCores:-27>
2015-10-18 18:02:17,058 INFO [RMCommunicator Allocator] org.apache.hadoop.mapreduce.v2.app.rm.RMContainerAllocator: Recalculating schedule, headroom=<memory:0, vCores:-27>
2015-10-18 18:02:20,168 INFO [RMCommunicator Allocator] org.apache.hadoop.mapreduce.v2.app.rm.RMContainerAllocator: Reduce slow start threshold not met. completedMapsForReduceSlowstart 1
2015-10-18 18:02:23,465 INFO [RMCommunicator Allocator] org.apache.hadoop.mapreduce.v2.app.rm.RMContainerAllocator: Recalculating schedule, headroom=<memory:0, vCores:-27>
2015-10-18 18:02:25,590 INFO [RMCommunicator Allocator] org.apache.hadoop.mapreduce.v2.app.rm.RMContainerAllocator: Recalculating schedule, headroom=<memory:0, vCores:-27>
2015-10-18 18:02:28,856 INFO [RMCommunicator Allocator] org.apache.hadoop.mapreduce.v2.app.rm.RMContainerAllocator: Recalculating schedule, headroom=<memory:0, vCores:-27>
2015-10-18 18:02:30,949 INFO [RMCommunicator Allocator] org.apache.hadoop.mapreduce.v2.app.rm.RMContainerAllocator: Reduce slow start threshold not met. completedMapsForReduceSlowstart 1
2015-10-18 18:02:33,012 INFO [RMCommunicator Allocator] org.apache.hadoop.mapreduce.v2.app.rm.RMContainerAllocator: Reduce slow start threshold not met. completedMapsForReduceSlowstart 1
2015-10-18 18:02:36,137 INFO [RMCommunicator Allocator] org.apache.hadoop.mapreduce.v2.app.rm.RMContainerAllocator: Recalculating schedule, headroom=<memory:0, vCores:-27>
2015-10-18 18:02:38,762 INFO [IPC Server handler 28 on 62270] org.apache.hadoop.mapred.TaskAttemptListenerImpl: Progress of TaskAttempt attempt_1445144423722_0020_m_000000_0 is : 0.10635664
2015-10-18 18:02:41,309 INFO [RMCommunicator Allocator] org.apache.hadoop.mapreduce.v2.app.rm.RMContainerAllocator: Recalculating schedule, headroom=<memory:0, vCores:-27>
2015-10-18 18:02:43,388 INFO [RMCommunicator Allocator] org.apache.hadoop.mapreduce.v2.app.rm.RMContainerAllocator: Recalculating schedule, headroom=<memory:0, vCores:-27>
2015-10-18 18:02:46,482 INFO [RMCommunicator Allocator] org.apache.hadoop.mapreduce.v2.app.rm.RMContainerAllocator: Recalculating schedule, headroom=<memory:0, vCores:-27>
2015-10-18 18:02:47,513 INFO [RMCommunicator Allocator] org.apache.hadoop.mapreduce.v2.app.rm.RMContainerAllocator: Reduce slow start threshold not met. completedMapsForReduceSlowstart 1
2015-10-18 18:02:47,841 INFO [ContainerLauncher #3] org.apache.hadoop.mapreduce.v2.app.launcher.ContainerLauncherImpl: Shuffle port returned by ContainerManager for attempt_1445144423722_0020_m_000003_0 : 13562
2015-10-18 18:02:48,544 INFO [RMCommunicator Allocator] org.apache.hadoop.mapreduce.v2.app.rm.RMContainerAllocator: Reduce slow start threshold not met. completedMapsForReduceSlowstart 1
2015-10-18 18:02:50,560 INFO [IPC Server handler 9 on 62270] org.apache.hadoop.mapred.TaskAttemptListenerImpl: JVM with ID : jvm_1445144423722_0020_m_000005 asked for a task
2015-10-18 18:02:52,716 INFO [RMCommunicator Allocator] org.apache.hadoop.mapreduce.v2.app.rm.RMContainerAllocator: Reduce slow start threshold not met. completedMapsForReduceSlowstart 1
2015-10-18 18:02:54,826 INFO [RMCommunicator Allocator] org.apache.hadoop.mapreduce.v2.app.rm.RMContainerAllocator: Reduce slow start threshold not met. completedMapsForReduceSlowstart 1
2015-10-18 18:02:57,139 INFO [IPC Server handler 8 on 62270] org.apache.hadoop.mapred.TaskAttemptListenerImpl: Progress of TaskAttempt attempt_1445144423722_0020_m_000002_0 is : 0.10660437
2015-10-18 18:03:00,123 INFO [RMCommunicator Allocator] org.apache.hadoop.mapreduce.v2.app.rm.RMContainerAllocator: Recalculating schedule, headroom=<memory:0, vCores:-27>
2015-10-18 18:03:02,279 INFO [RMCommunicator Allocator] org.apache.hadoop.mapreduce.v2.app.rm.RMContainerAllocator: Recalculating schedule, headroom=<memory:0, vCores:-27>
2015-10-18 18:03:03,795 INFO [IPC Server handler 27 on 62270] org.apache.hadoop.mapred.TaskAttemptListenerImpl: Progress of TaskAttempt attempt_1445144423722_0020_m_000002_0 is : 0.17293417
2015-10-18 18:03:06,702 INFO [IPC Server handler 14 on 62270] org.apache.hadoop.mapred.TaskAttemptListenerImpl: Progress of TaskAttempt attempt_1445144423722_0020_m_000000_0 is : 0.1795899
2015-10-18 18:03:08,655 INFO [RMCommunicator Allocator] org.apache.hadoop.mapreduce.v2.app.rm.RMContainerAllocator: Reduce slow start threshold not met. completedMapsForReduceSlowstart 1
2015-10-18 18:03:10,733 INFO [RMCommunicator Allocator] org.apache.hadoop.mapreduce.v2.app.rm.RMContainerAllocator: Reduce slow start threshold not met. completedMapsForReduceSlowstart 1
2015-10-18 18:03:13,577 INFO [IPC Server handler 20 on 62270] org.apache.hadoop.mapred.TaskAttemptListenerImpl: Progress of TaskAttempt attempt_1445144423722_0020_m_000000_0 is : 0.19158794
2015-10-18 18:03:15,858 INFO [RMCommunicator Allocator] org.apache.hadoop.mapreduce.v2.app.rm.RMContainerAllocator: Recalculating schedule, headroom=<memory:0, vCores:-27>
2015-10-18 18:03:17,874 INFO [IPC Server handler 16 on 62270] org.apache.hadoop.mapred.TaskAttemptListenerImpl: Progress of TaskAttempt attempt_1445144423722_0020_m_000002_0 is : 0.19212553
2015-10-18 18:03:20,077 INFO [RMCommunicator Allocator] org.apache.hadoop.mapreduce.v2.app.rm.RMContainerAllocator: Reduce slow start threshold not met. completedMapsForReduceSlowstart 1
2015-10-18 18:03:22,437 INFO [RMCommunicator Allocator] org.apache.hadoop.mapreduce.v2.app.rm.RMContainerAllocator: Recalculating schedule, headroom=<memory:0, vCores:-27>
2015-10-18 18:03:24,562 INFO [IPC Server handler 5 on 62270] org.apache.hadoop.mapred.TaskAttemptListenerImpl: Progress of TaskAttempt attempt_1445144423722_0020_m_000001_0 is : 0.19211523
2015-10-18 18:03:27,875 INFO [IPC Server handler 5 on 62270] org.apache.hadoop.mapred.TaskAttemptListenerImpl: Progress of TaskAttempt attempt_1445144423722_0020_m_000000_0 is : 0.19158794
2015-10-18 18:03:29,297 INFO [RMCommunicator Allocator] org.apache.hadoop.mapreduce.v2.app.rm.RMContainerAllocator: Reduce slow start threshold not met. completedMapsForReduceSlowstart 1
2015-10-18 18:03:32,250 INFO [IPC Server handler 2 on 62270] org.apache.hadoop.mapred.TaskAttemptListenerImpl: Progress of TaskAttempt attempt_1445144423722_0020_m_000001_0 is : 0.19211523
2015-10-18 18:03:34,844 INFO [IPC Server handler 12 on 62270] org.apache.hadoop.mapred.TaskAttemptListenerImpl: Progress of TaskAttempt attempt_1445144423722_0020_m_000000_0 is : 0.19158794
2015-10-18 18:03:37,391 INFO [RMCommunicator Allocator] org.apache.hadoop.mapreduce.v2.app.rm.RMContainerAllocator: Recalculating schedule, headroom=<memory:0, vCores:-27>
2015-10-18 18:03:39,219 INFO [IPC Server handler 5 on 62270] org.apache.hadoop.mapred.TaskAttemptListenerImpl: Progress of TaskAttempt attempt_1445144423722_0020_m_000002_0 is : 0.22765201
2015-10-18 18:03:41,766 INFO [RMCommunicator Allocator] org.apache.hadoop.mapreduce.v2.app.rm.RMContainerAllocator: Reduce slow start threshold not met. completedMapsForReduceSlowstart 1
2015-10-18 18:03:44,048 INFO [RMCommunicator Allocator] org.apache.hadoop.mapreduce.v2.app.rm.RMContainerAllocator: Recalculating schedule, headroom=<memory:0, vCores:-27>
2015-10-18 18:03:46,157 INFO [RMCommunicator Allocator] org.apache.hadoop.mapreduce.v2.app.rm.RMContainerAllocator: Reduce slow start threshold not met. completedMapsForReduceSlowstart 1
2015-10-18 18:03:49,189 INFO [IPC Server handler 13 on 62270] org.apache.hadoop.mapred.TaskAttemptListenerImpl: Progress of TaskAttempt attempt_1445144423722_0020_m_000001_0 is : 0.27776006
2015-10-18 18:03:50,267 INFO [RMCommunicator Allocator] org.apache.hadoop.mapreduce.v2.app.rm.RMContainerAllocator: Reduce slow start threshold not met. completedMapsForReduceSlowstart 1
2015-10-18 18:03:52,876 INFO [IPC Server handler 18 on 62270] org.apache.hadoop.mapred.TaskAttemptListenerImpl: Progress of TaskAttempt attempt_1445144423722_0020_m_000003_0 is : 0.5343203
2015-10-18 18:03:55,408 INFO [RMCommunicator Allocator] org.apache.hadoop.mapreduce.v2.app.rm.RMContainerAllocator: Assigned container container_1445144423722_0020_01_000006 to attempt_1445144423722_0020_m_000004_0
2015-10-18 18:03:55,423 INFO [AsyncDispatcher event handler] org.apache.hadoop.yarn.util.RackResolver: Resolved MSRA-SA-41.fareast.corp.microsoft.com to /default-rack
2015-10-18 18:03:55,595 INFO [ContainerLauncher #5] org.apache.hadoop.yarn.client.api.impl.ContainerManagementProtocolProxy: Opening proxy : MSRA-SA-41.fareast.corp.microsoft.com:7109
2015-10-18 18:03:55,939 INFO [IPC Server handler 14 on 62270] org.apache.hadoop.mapred.TaskAttemptListenerImpl: Progress of TaskAttempt attempt_1445144423722_0020_m_000003_0 is : 0.5343203
2015-10-18 18:03:56,455 INFO [RMCommunicator Allocator] org.apache.hadoop.mapreduce.v2.app.rm.RMContainerRequestor: getResources() for application_1445144423722_0020: ask=4 release= 0 newContainers=1 finishedContainers=0 resourcelimit=<memory:0, vCores:-27> knownNMs=4
2015-10-18 18:03:56,455 INFO [AsyncDispatcher event handler] org.apache.hadoop.mapreduce.v2.app.job.impl.TaskAttemptImpl: attempt_1445144423722_0020_m_000006_0 TaskAttempt Transitioned from UNASSIGNED to ASSIGNED
2015-10-18 18:03:56,798 INFO [AsyncDispatcher event handler] org.apache.hadoop.mapreduce.v2.app.job.impl.TaskAttemptImpl: attempt_1445144423722_0020_m_000006_0 TaskAttempt Transitioned from ASSIGNED to RUNNING
2015-10-18 18:03:57,564 INFO [IPC Server handler 20 on 62270] org.apache.hadoop.mapred.TaskAttemptListenerImpl: JVM with ID: jvm_1445144423722_0020_m_000007 given task: attempt_1445144423722_0020_m_000005_0
2015-10-18 18:03:58,611 INFO [IPC Server handler 20 on 62270] org.apache.hadoop.mapred.TaskAttemptListenerImpl: JVM with ID: jvm_1445144423722_0020_m_000008 given task: attempt_1445144423722_0020_m_000006_0
2015-10-18 18:03:59,892 INFO [IPC Server handler 8 on 62270] org.apache.hadoop.mapred.TaskAttemptListenerImpl: Progress of TaskAttempt attempt_1445144423722_0020_m_000002_0 is : 0.27772525
2015-10-18 18:04:02,752 INFO [RMCommunicator Allocator] org.apache.hadoop.mapreduce.v2.app.rm.RMContainerAllocator: Recalculating schedule, headroom=<memory:0, vCores:-27>
2015-10-18 18:04:04,877 INFO [IPC Server handler 8 on 62270] org.apache.hadoop.mapred.TaskAttemptListenerImpl: Progress of TaskAttempt attempt_1445144423722_0020_m_000005_0 is : 0.10685723
2015-10-18 18:04:04,877 INFO [AsyncDispatcher event handler] org.apache.hadoop.mapreduce.v2.app.job.impl.TaskAttemptImpl: attempt_1445144423722_0020_m_000007_0 TaskAttempt Transitioned from UNASSIGNED to ASSIGNED
2015-10-18 18:04:05,127 INFO [AsyncDispatcher event handler] org.apache.hadoop.mapreduce.v2.app.job.impl.TaskAttemptImpl: TaskAttempt: [attempt_1445144423722_0020_m_000007_0] using containerId: [container_1445144423722_0020_01_000009 on NM: [MSRA-SA-41.fareast.corp.microsoft.com:7109]
2015-10-18 18:04:05,893 INFO [RMCommunicator Allocator] org.apache.hadoop.mapreduce.v2.app.rm.RMContainerAllocator: Reduce slow start threshold not met. completedMapsForReduceSlowstart 1
2015-10-18 18:04:06,971 INFO [IPC Server handler 27 on 62270] org.apache.hadoop.mapred.TaskAttemptListenerImpl: JVM with ID: jvm_1445144423722_0020_m_000009 given task: attempt_1445144423722_0020_m_000007_0
2015-10-18 18:04:07,955 INFO [RMCommunicator Allocator] org.apache.hadoop.mapreduce.v2.app.rm.RMContainerAllocator: After Scheduling: PendingReds:1 ScheduledMaps:1 ScheduledReds:0 AssignedMaps:9 AssignedReds:0 CompletedMaps:0 CompletedReds:0 ContAlloc:9 ContRel:0 HostLocal:6 RackLocal:3
2015-10-18 18:04:08,190 INFO [IPC Server handler 18 on 62270] org.apache.hadoop.mapred.TaskAttemptListenerImpl: Progress of TaskAttempt attempt_1445144423722_0020_m_000003_0 is : 0.6199081
2015-10-18 18:04:08,987 INFO [RMCommunicator Allocator] org.apache.hadoop.mapreduce.v2.app.rm.RMContainerRequestor: getResources() for application_1445144423722_0020: ask=4 release= 0 newContainers=1 finishedContainers=0 resourcelimit=<memory:0, vCores:-27> knownNMs=4
2015-10-18 18:04:08,987 INFO [AsyncDispatcher event handler] org.apache.hadoop.mapreduce.v2.app.job.impl.TaskAttemptImpl: attempt_1445144423722_0020_m_000009_0 TaskAttempt Transitioned from UNASSIGNED to ASSIGNED
2015-10-18 18:04:09,268 INFO [AsyncDispatcher event handler] org.apache.hadoop.mapreduce.v2.app.speculate.DefaultSpeculator: ATTEMPT_START task_1445144423722_0020_m_000009
2015-10-18 18:04:10,002 INFO [RMCommunicator Allocator] org.apache.hadoop.mapreduce.v2.app.rm.RMContainerAllocator: Reduce slow start threshold not met. completedMapsForReduceSlowstart 1
2015-10-18 18:04:11,034 ERROR [RMCommunicator Allocator] org.apache.hadoop.mapreduce.v2.app.rm.RMContainerAllocator: Container complete event for unknown container id container_1445144423722_0020_01_000012
2015-10-18 18:04:11,643 INFO [IPC Server handler 23 on 62270] org.apache.hadoop.mapred.TaskAttemptListenerImpl: JVM with ID: jvm_1445144423722_0020_m_000010 given task: attempt_1445144423722_0020_m_000008_0
2015-10-18 18:04:13,346 INFO [IPC Server handler 14 on 62270] org.apache.hadoop.mapred.TaskAttemptListenerImpl: Progress of TaskAttempt attempt_1445144423722_0020_m_000001_0 is : 0.29115766
2015-10-18 18:04:14,315 INFO [IPC Server handler 14 on 62270] org.apache.hadoop.mapred.TaskAttemptListenerImpl: Progress of TaskAttempt attempt_1445144423722_0020_m_000003_0 is : 0.667
2015-10-18 18:04:17,362 INFO [IPC Server handler 29 on 62270] org.apache.hadoop.mapred.TaskAttemptListenerImpl: Progress of TaskAttempt attempt_1445144423722_0020_m_000000_0 is : 0.27696857
2015-10-18 18:04:20,362 INFO [IPC Server handler 5 on 62270] org.apache.hadoop.mapred.TaskAttemptListenerImpl: Progress of TaskAttempt attempt_1445144423722_0020_m_000004_0 is : 0.19242907
2015-10-18 18:04:22,784 INFO [IPC Server handler 19 on 62270] org.apache.hadoop.mapred.TaskAttemptListenerImpl: Progress of TaskAttempt attempt_1445144423722_0020_m_000009_0 is : 0.295472
2015-10-18 18:04:24,238 INFO [IPC Server handler 6 on 62270] org.apache.hadoop.mapred.TaskAttemptListenerImpl: Progress of TaskAttempt attempt_1445144423722_0020_m_000000_0 is : 0.29998285
2015-10-18 18:04:26,660 INFO [IPC Server handler 29 on 62270] org.apache.hadoop.mapred.TaskAttemptListenerImpl: Progress of TaskAttempt attempt_1445144423722_0020_m_000003_0 is : 0.7198902
2015-10-18 18:04:29,332 INFO [IPC Server handler 12 on 62270] org.apache.hadoop.mapred.TaskAttemptListenerImpl: Progress of TaskAttempt attempt_1445144423722_0020_m_000005_0 is : 0.27813601
2015-10-18 18:04:31,082 INFO [IPC Server handler 9 on 62270] org.apache.hadoop.mapred.TaskAttemptListenerImpl: Progress of TaskAttempt attempt_1445144423722_0020_m_000008_0 is : 0.106881365
2015-10-18 18:04:33,410 INFO [IPC Server handler 15 on 62270] org.apache.hadoop.mapred.TaskAttemptListenerImpl: Progress of TaskAttempt attempt_1445144423722_0020_m_000006_0 is : 0.2783809
2015-10-18 18:04:35,660 INFO [IPC Server handler 11 on 62270] org.apache.hadoop.mapred.TaskAttemptListenerImpl: Progress of TaskAttempt attempt_1445144423722_0020_m_000007_0 is : 0.25511068
2015-10-18 18:04:37,957 INFO [IPC Server handler 2 on 62270] org.apache.hadoop.mapred.TaskAttemptListenerImpl: Progress of TaskAttempt attempt_1445144423722_0020_m_000002_0 is : 0.36317363
2015-10-18 18:04:40,129 INFO [IPC Server handler 4 on 62270] org.apache.hadoop.mapred.TaskAttemptListenerImpl: Progress of TaskAttempt attempt_1445144423722_0020_m_000008_0 is : 0.19258286
2015-10-18 18:04:41,879 INFO [IPC Server handler 5 on 62270] org.apache.hadoop.mapred.TaskAttemptListenerImpl: Progress of TaskAttempt attempt_1445144423722_0020_m_000003_0 is : 0.9185183
2015-10-18 18:04:44,864 INFO [IPC Server handler 21 on 62270] org.apache.hadoop.mapred.TaskAttemptListenerImpl: Progress of TaskAttempt attempt_1445144423722_0020_m_000004_0 is : 0.36388028
2015-10-18 18:04:46,661 INFO [IPC Server handler 22 on 62270] org.apache.hadoop.mapred.TaskAttemptListenerImpl: Progress of TaskAttempt attempt_1445144423722_0020_m_000008_0 is : 0.27811313
2015-10-18 18:04:49,177 INFO [IPC Server handler 11 on 62270] org.apache.hadoop.mapred.TaskAttemptListenerImpl: Progress of TaskAttempt attempt_1445144423722_0020_m_000000_0 is : 0.3624012
2015-10-18 18:04:50,208 INFO [ContainerLauncher #0] org.apache.hadoop.mapreduce.v2.app.launcher.ContainerLauncherImpl: KILLING attempt_1445144423722_0020_m_000003_0
2015-10-18 18:04:50,770 INFO [AsyncDispatcher event handler] org.apache.hadoop.mapreduce.v2.app.job.impl.JobImpl: Num completed Tasks: 1
2015-10-18 18:04:51,145 INFO [IPC Server handler 20 on 62270] org.apache.hadoop.mapred.TaskAttemptListenerImpl: Progress of TaskAttempt attempt_1445144423722_0020_m_000005_0 is : 0.44950968
2015-10-18 18:04:51,755 INFO [AsyncDispatcher event handler] org.apache.hadoop.mapreduce.v2.app.job.impl.TaskAttemptImpl: attempt_1445144423722_0020_m_000000_1 TaskAttempt Transitioned from NEW to UNASSIGNED
2015-10-18 18:04:52,880 INFO [IPC Server handler 9 on 62270] org.apache.hadoop.mapred.TaskAttemptListenerImpl: Progress of TaskAttempt attempt_1445144423722_0020_m_000000_0 is : 0.3624012
2015-10-18 18:04:54,708 INFO [IPC Server handler 14 on 62270] org.apache.hadoop.mapred.TaskAttemptListenerImpl: Progress of TaskAttempt attempt_1445144423722_0020_m_000004_0 is : 0.44968578
2015-10-18 18:04:57,443 INFO [IPC Server handler 14 on 62270] org.apache.hadoop.mapred.TaskAttemptListenerImpl: Progress of TaskAttempt attempt_1445144423722_0020_m_000007_0 is : 0.3707891
2015-10-18 18:05:28,570 WARN [LeaseRenewer:msrabi@msra-sa-41:9000] org.apache.hadoop.ipc.Client: Address change detected. Old: msra-sa-41/10.190.173.170:9000 New: msra-sa-41:9000
2015-10-18 18:05:31,570 WARN [LeaseRenewer:msrabi@msra-sa-41:9000] org.apache.hadoop.hdfs.LeaseRenewer: Failed to renew lease for [DFSClient_NONMAPREDUCE_1537864556_1] for 34 seconds.  Will retry shortly ...
2015-10-18 18:05:35,570 WARN [LeaseRenewer:msrabi@msra-sa-41:9000] org.apache.hadoop.ipc.Client: Address change detected. Old: msra-sa-41/10.190.173.170:9000 New: msra-sa-41:9000
2015-10-18 18:05:38,617 WARN [LeaseRenewer:msrabi@msra-sa-41:9000] org.apache.hadoop.hdfs.LeaseRenewer: Failed to renew lease for [DFSClient_NONMAPREDUCE_1537864556_1] for 41 seconds.  Will retry shortly ...
2015-10-18 18:05:42,633 WARN [LeaseRenewer:msrabi@msra-sa-41:9000] org.apache.hadoop.ipc.Client: Address change detected. Old: msra-sa-41/10.190.173.170:9000 New: msra-sa-41:9000
2015-10-18 18:05:45,633 WARN [LeaseRenewer:msrabi@msra-sa-41:9000] org.apache.hadoop.hdfs.LeaseRenewer: Failed to renew lease for [DFSClient_NONMAPREDUCE_1537864556_1] for 48 seconds.  Will retry shortly ...
2015-10-18 18:05:49,680 WARN [LeaseRenewer:msrabi@msra-sa-41:9000] org.apache.hadoop.ipc.Client: Address change detected. Old: msra-sa-41/10.190.173.170:9000 New: msra-sa-41:9000
2015-10-18 18:05:52,680 WARN [LeaseRenewer:msrabi@msra-sa-41:9000] org.apache.hadoop.hdfs.LeaseRenewer: Failed to renew lease for [DFSClient_NONMAPREDUCE_1537864556_1] for 55 seconds.  Will retry shortly ...
2015-10-18 18:05:56,696 WARN [LeaseRenewer:msrabi@msra-sa-41:9000] org.apache.hadoop.ipc.Client: Address change detected. Old: msra-sa-41/10.190.173.170:9000 New: msra-sa-41:9000
2015-10-18 18:05:57,718 WARN [LeaseRenewer:msrabi@msra-sa-41:9000] org.apache.hadoop.ipc.Client: Address change detected. Old: msra-sa-41/10.190.173.170:9000 New: msra-sa-41:9000
2015-10-18 18:06:00,731 WARN [LeaseRenewer:msrabi@msra-sa-41:9000] org.apache.hadoop.hdfs.LeaseRenewer: Failed to renew lease for [DFSClient_NONMAPREDUCE_1537864556_1] for 63 seconds.  Will retry shortly ...
2015-10-18 18:06:03,028 INFO [IPC Server handler 4 on 62270] org.apache.hadoop.mapred.TaskAttemptListenerImpl: Progress of TaskAttempt attempt_1445144423722_0020_m_000002_0 is : 0.38137424
2015-10-18 18:06:04,872 WARN [RMCommunicator Allocator] org.apache.hadoop.ipc.Client: Address change detected. Old: msra-sa-41/10.190.173.170:8030 New: msra-sa-41:8030
2015-10-18 18:06:06,841 WARN [LeaseRenewer:msrabi@msra-sa-41:9000] org.apache.hadoop.ipc.Client: Address change detected. Old: msra-sa-41/10.190.173.170:9000 New: msra-sa-41:9000
2015-10-18 18:06:08,903 WARN [LeaseRenewer:msrabi@msra-sa-41:9000] org.apache.hadoop.ipc.Client: Address change detected. Old: msra-sa-41/10.190.173.170:9000 New: msra-sa-41:9000
2015-10-18 18:06:09,966 INFO [RMCommunicator Allocator] org.apache.hadoop.ipc.Client: Retrying connect to server: msra-sa-41:8030. Already tried 0 time(s); retry policy is RetryUpToMaximumCountWithFixedSleep(maxRetries=10, sleepTime=1000 MILLISECONDS)
2015-10-18 18:06:11,997 INFO [RMCommunicator Allocator] org.apache.hadoop.ipc.Client: Retrying connect to server: msra-sa-41:8030. Already tried 0 time(s); retry policy is RetryUpToMaximumCountWithFixedSleep(maxRetries=10, sleepTime=1000 MILLISECONDS)
2015-10-18 18:06:13,966 WARN [LeaseRenewer:msrabi@msra-sa-41:9000] org.apache.hadoop.ipc.Client: Address change detected. Old: msra-sa-41/10.190.173.170:9000 New: msra-sa-41:9000
2015-10-18 18:06:15,623 INFO [IPC Server handler 20 on 62270] org.apache.hadoop.mapred.TaskAttemptListenerImpl: Progress of TaskAttempt attempt_1445144423722_0020_m_000001_0 is : 0.37551183
2015-10-18 18:06:16,982 WARN [LeaseRenewer:msrabi@msra-sa-41:9000] org.apache.hadoop.hdfs.LeaseRenewer: Failed to renew lease for [DFSClient_NONMAPREDUCE_1537864556_1] for 79 seconds.  Will retry shortly ...
2015-10-18 18:06:18,920 INFO [IPC Server handler 16 on 62270] org.apache.hadoop.mapred.TaskAttemptListenerImpl: Progress of TaskAttempt attempt_1445144423722_0020_m_000002_0 is : 0.38137424
2015-10-18 18:06:20,076 ERROR [RMCommunicator Allocator] org.apache.hadoop.mapreduce.v2.app.rm.RMContainerAllocator: ERROR IN CONTACTING RM. 
2015-10-18 18:06:22,060 INFO [IPC Server handler 8 on 62270] org.apache.hadoop.mapred.TaskAttemptListenerImpl: Progress of TaskAttempt attempt_1445144423722_0020_m_000002_0 is : 0.38137424
2015-10-18 18:06:24,045 WARN [LeaseRenewer:msrabi@msra-sa-41:9000] org.apache.hadoop.hdfs.LeaseRenewer: Failed to renew lease for [DFSClient_NONMAPREDUCE_1537864556_1] for 86 seconds.  Will retry shortly ...
2015-10-18 18:06:25,232 INFO [IPC Server handler 4 on 62270] org.apache.hadoop.mapred.TaskAttemptListenerImpl: Progress of TaskAttempt attempt_1445144423722_0020_m_000002_0 is : 0.38137424
2015-10-18 18:06:26,029 INFO [ContainerLauncher #1] org.apache.hadoop.mapreduce.v2.app.launcher.ContainerLauncherImpl: KILLING attempt_1445144423722_0020_m_000002_0
2015-10-18 18:06:26,123 INFO [CommitterEvent Processor #1] org.apache.hadoop.mapreduce.v2.app.commit.CommitterEventHandler: Processing the event EventType: TASK_ABORT
2015-10-18 18:06:26,139 ERROR [eventHandlingThread] org.apache.hadoop.mapreduce.jobhistory.JobHistoryEventHandler: Error writing History Event: org.apache.hadoop.mapreduce.jobhistory.TaskAttemptUnsuccessfulCompletionEvent@7317849d
2015-10-18 18:06:27,108 WARN [RMCommunicator Allocator] org.apache.hadoop.ipc.Client: Address change detected. Old: msra-sa-41/10.190.173.170:8030 New: msra-sa-41:8030
2015-10-18 18:06:28,217 FATAL [IPC Server handler 4 on 62270] org.apache.hadoop.mapred.TaskAttemptListenerImpl: Task: attempt_1445144423722_0020_m_000001_0 - exited : java.net.NoRouteToHostException: No Route to Host from  MININT-FNANLI5/127.0.0.1 to msra-sa-41:9000 failed on socket timeout exception: java.net.NoRouteToHostException: No route to host: no further information; For more details see:  http://wiki.apache.org/hadoop/NoRouteToHost
2015-10-18 18:06:28,233 INFO [AsyncDispatcher event handler] org.apache.hadoop.mapreduce.v2.app.job.impl.TaskAttemptImpl: attempt_1445144423722_0020_m_000001_0 TaskAttempt Transitioned from FAIL_CONTAINER_CLEANUP to FAIL_TASK_CLEANUP
2015-10-18 18:06:28,248 INFO [AsyncDispatcher event handler] org.apache.hadoop.mapreduce.v2.app.job.impl.TaskAttemptImpl: attempt_1445144423722_0020_m_000001_1 TaskAttempt Transitioned from NEW to UNASSIGNED
2015-10-18 18:06:30,092 WARN [LeaseRenewer:msrabi@msra-sa-41:9000] org.apache.hadoop.ipc.Client: Address change detected. Old: msra-sa-41/10.190.173.170:9000 New: msra-sa-41:9000
2015-10-18 18:06:32,092 WARN [LeaseRenewer:msrabi@msra-sa-41:9000] org.apache.hadoop.ipc.Client: Address change detected. Old: msra-sa-41/10.190.173.170:9000 New: msra-sa-41:9000
2015-10-18 18:06:34,092 WARN [LeaseRenewer:msrabi@msra-sa-41:9000] org.apache.hadoop.ipc.Client: Address change detected. Old: msra-sa-41/10.190.173.170:9000 New: msra-sa-41:9000
2015-10-18 18:06:36,093 WARN [LeaseRenewer:msrabi@msra-sa-41:9000] org.apache.hadoop.ipc.Client: Address change detected. Old: msra-sa-41/10.190.173.170:9000 New: msra-sa-41:9000
2015-10-18 18:06:38,108 INFO [RMCommunicator Allocator] org.apache.hadoop.ipc.Client: Retrying connect to server: msra-sa-41:8030. Already tried 0 time(s); retry policy is RetryUpToMaximumCountWithFixedSleep(maxRetries=10, sleepTime=1000 MILLISECONDS)
2015-10-18 18:06:40,108 INFO [RMCommunicator Allocator] org.apache.hadoop.ipc.Client: Retrying connect to server: msra-sa-41:8030. Already tried 0 time(s); retry policy is RetryUpToMaximumCountWithFixedSleep(maxRetries=10, sleepTime=1000 MILLISECONDS)
2015-10-18 18:06:42,109 INFO [RMCommunicator Allocator] org.apache.hadoop.ipc.Client: Retrying connect to server: msra-sa-41:8030. Already tried 0 time(s); retry policy is RetryUpToMaximumCountWithFixedSleep(maxRetries=10, sleepTime=1000 MILLISECONDS)
2015-10-18 18:06:44,124 INFO [RMCommunicator Allocator] org.apache.hadoop.ipc.Client: Retrying connect to server: msra-sa-41:8030. Already tried 0 time(s); retry policy is RetryUpToMaximumCountWithFixedSleep(maxRetries=10, sleepTime=1000 MILLISECONDS)
2015-10-18 18:06:46,124 INFO [RMCommunicator Allocator] org.apache.hadoop.ipc.Client: Retrying connect to server: msra-sa-41:8030. Already tried 0 time(s); retry policy is RetryUpToMaximumCountWithFixedSleep(maxRetries=10, sleepTime=1000 MILLISECONDS)
2015-10-18 18:06:48,140 INFO [RMCommunicator Allocator] org.apache.hadoop.ipc.Client: Retrying connect to server: msra-sa-41:8030. Already tried 0 time(s); retry policy is RetryUpToMaximumCountWithFixedSleep(maxRetries=10, sleepTime=1000 MILLISECONDS)
2015-10-18 18:06:50,140 INFO [RMCommunicator Allocator] org.apache.hadoop.ipc.Client: Retrying connect to server: msra-sa-41:8030. Already tried 0 time(s); retry policy is RetryUpToMaximumCountWithFixedSleep(maxRetries=10, sleepTime=1000 MILLISECONDS)
2015-10-18 18:06:52,140 INFO [RMCommunicator Allocator] org.apache.hadoop.ipc.Client: Retrying connect to server: msra-sa-41:8030. Already tried 0 time(s); retry policy is RetryUpToMaximumCountWithFixedSleep(maxRetries=10, sleepTime=1000 MILLISECONDS)
2015-10-18 18:06:54,141 INFO [RMCommunicator Allocator] org.apache.hadoop.ipc.Client: Retrying connect to server: msra-sa-41:8030. Already tried 0 time(s); retry policy is RetryUpToMaximumCountWithFixedSleep(maxRetries=10, sleepTime=1000 MILLISECONDS)
2015-10-18 18:06:56,156 INFO [RMCommunicator Allocator] org.apache.hadoop.ipc.Client: Retrying connect to server: msra-sa-41:8030. Already tried 0 time(s); retry policy is RetryUpToMaximumCountWithFixedSleep(maxRetries=10, sleepTime=1000 MILLISECONDS)
2015-10-18 18:06:58,156 INFO [RMCommunicator Allocator] org.apache.hadoop.ipc.Client: Retrying connect to server: msra-sa-41:8030. Already tried 0 time(s); retry policy is RetryUpToMaximumCountWithFixedSleep(maxRetries=10, sleepTime=1000 MILLISECONDS)
2015-10-18 18:07:00,188 INFO [RMCommunicator Allocator] org.apache.hadoop.ipc.Client: Retrying connect to server: msra-sa-41:8030. Already tried 0 time(s); retry policy is RetryUpToMaximumCountWithFixedSleep(maxRetries=10, sleepTime=1000 MILLISECONDS)
2015-10-18 18:07:02,188 INFO [RMCommunicator Allocator] org.apache.hadoop.ipc.Client: Retrying connect to server: msra-sa-41:8030. Already tried 0 time(s); retry policy is RetryUpToMaximumCountWithFixedSleep(maxRetries=10, sleepTime=1000 MILLISECONDS)
2015-10-18 18:07:04,188 INFO [RMCommunicator Allocator] org.apache.hadoop.ipc.Client: Retrying connect to server: msra-sa-41:8030. Already tried 0 time(s); retry policy is RetryUpToMaximumCountWithFixedSleep(maxRetries=10, sleepTime=1000 MILLISECONDS)
2015-10-18 18:07:06,188 INFO [RMCommunicator Allocator] org.apache.hadoop.ipc.Client: Retrying connect to server: msra-sa-41:8030. Already tried 0 time(s); retry policy is RetryUpToMaximumCountWithFixedSleep(maxRetries=10, sleepTime=1000 MILLISECONDS)
2015-10-18 18:07:08,188 INFO [RMCommunicator Allocator] org.apache.hadoop.ipc.Client: Retrying connect to server: msra-sa-41:8030. Already tried 0 time(s); retry policy is RetryUpToMaximumCountWithFixedSleep(maxRetries=10, sleepTime=1000 MILLISECONDS)
2015-10-18 18:07:10,188 INFO [RMCommunicator Allocator] org.apache.hadoop.ipc.Client: Retrying connect to server: msra-sa-41:8030. Already tried 0 time(s); retry policy is RetryUpToMaximumCountWithFixedSleep(maxRetries=10, sleepTime=1000 MILLISECONDS)
2015-10-18 18:07:12,189 INFO [RMCommunicator Allocator] org.apache.hadoop.ipc.Client: Retrying connect to server: msra-sa-41:8030. Already tried 0 time(s); retry policy is RetryUpToMaximumCountWithFixedSleep(maxRetries=10, sleepTime=1000 MILLISECONDS)
2015-10-18 18:07:14,189 INFO [RMCommunicator Allocator] org.apache.hadoop.ipc.Client: Retrying connect to server: msra-sa-41:8030. Already tried 0 time(s); retry policy is RetryUpToMaximumCountWithFixedSleep(maxRetries=10, sleepTime=1000 MILLISECONDS)
2015-10-18 18:07:16,189 INFO [RMCommunicator Allocator] org.apache.hadoop.ipc.Client: Retrying connect to server: msra-sa-41:8030. Already tried 0 time(s); retry policy is RetryUpToMaximumCountWithFixedSleep(maxRetries=10, sleepTime=1000 MILLISECONDS)
2015-10-18 18:07:18,189 INFO [RMCommunicator Allocator] org.apache.hadoop.ipc.Client: Retrying connect to server: msra-sa-41:8030. Already tried 0 time(s); retry policy is RetryUpToMaximumCountWithFixedSleep(maxRetries=10, sleepTime=1000 MILLISECONDS)
2015-10-18 18:07:20,189 INFO [RMCommunicator Allocator] org.apache.hadoop.ipc.Client: Retrying connect to server: msra-sa-41:8030. Already tried 0 time(s); retry policy is RetryUpToMaximumCountWithFixedSleep(maxRetries=10, sleepTime=1000 MILLISECONDS)
2015-10-18 18:07:22,189 INFO [RMCommunicator Allocator] org.apache.hadoop.ipc.Client: Retrying connect to server: msra-sa-41:8030. Already tried 0 time(s); retry policy is RetryUpToMaximumCountWithFixedSleep(maxRetries=10, sleepTime=1000 MILLISECONDS)
2015-10-18 18:07:24,189 INFO [RMCommunicator Allocator] org.apache.hadoop.ipc.Client: Retrying connect to server: msra-sa-41:8030. Already tried 0 time(s); retry policy is RetryUpToMaximumCountWithFixedSleep(maxRetries=10, sleepTime=1000 MILLISECONDS)
2015-10-18 18:07:26,189 INFO [RMCommunicator Allocator] org.apache.hadoop.ipc.Client: Retrying connect to server: msra-sa-41:8030. Already tried 0 time(s); retry policy is RetryUpToMaximumCountWithFixedSleep(maxRetries=10, sleepTime=1000 MILLISECONDS)
2015-10-18 18:07:28,189 INFO [RMCommunicator Allocator] org.apache.hadoop.ipc.Client: Retrying connect to server: msra-sa-41:8030. Already tried 0 time(s); retry policy is RetryUpToMaximumCountWithFixedSleep(maxRetries=10, sleepTime=1000 MILLISECONDS)
2015-10-18 18:07:30,190 INFO [RMCommunicator Allocator] org.apache.hadoop.ipc.Client: Retrying connect to server: msra-sa-41:8030. Already tried 0 time(s); retry policy is RetryUpToMaximumCountWithFixedSleep(maxRetries=10, sleepTime=1000 MILLISECONDS)
2015-10-18 18:07:32,190 INFO [RMCommunicator Allocator] org.apache.hadoop.ipc.Client: Retrying connect to server: msra-sa-41:8030. Already tried 0 time(s); retry policy is RetryUpToMaximumCountWithFixedSleep(maxRetries=10, sleepTime=1000 MILLISECONDS)
2015-10-18 18:07:34,205 INFO [RMCommunicator Allocator] org.apache.hadoop.ipc.Client: Retrying connect to server: msra-sa-41:8030. Already tried 0 time(s); retry policy is RetryUpToMaximumCountWithFixedSleep(maxRetries=10, sleepTime=1000 MILLISECONDS)
2015-10-18 18:07:36,221 INFO [RMCommunicator Allocator] org.apache.hadoop.ipc.Client: Retrying connect to server: msra-sa-41:8030. Already tried 0 time(s); retry policy is RetryUpToMaximumCountWithFixedSleep(maxRetries=10, sleepTime=1000 MILLISECONDS)
2015-10-18 18:07:38,221 INFO [RMCommunicator Allocator] org.apache.hadoop.ipc.Client: Retrying connect to server: msra-sa-41:8030. Already tried 0 time(s); retry policy is RetryUpToMaximumCountWithFixedSleep(maxRetries=10, sleepTime=1000 MILLISECONDS)
2015-10-18 18:07:40,221 INFO [RMCommunicator Allocator] org.apache.hadoop.ipc.Client: Retrying connect to server: msra-sa-41:8030. Already tried 0 time(s); retry policy is RetryUpToMaximumCountWithFixedSleep(maxRetries=10, sleepTime=1000 MILLISECONDS)
2015-10-18 18:07:42,222 INFO [RMCommunicator Allocator] org.apache.hadoop.ipc.Client: Retrying connect to server: msra-sa-41:8030. Already tried 0 time(s); retry policy is RetryUpToMaximumCountWithFixedSleep(maxRetries=10, sleepTime=1000 MILLISECONDS)
2015-10-18 18:07:44,222 INFO [RMCommunicator Allocator] org.apache.hadoop.ipc.Client: Retrying connect to server: msra-sa-41:8030. Already tried 0 time(s); retry policy is RetryUpToMaximumCountWithFixedSleep(maxRetries=10, sleepTime=1000 MILLISECONDS)
2015-10-18 18:07:46,222 INFO [RMCommunicator Allocator] org.apache.hadoop.ipc.Client: Retrying connect to server: msra-sa-41:8030. Already tried 0 time(s); retry policy is RetryUpToMaximumCountWithFixedSleep(maxRetries=10, sleepTime=1000 MILLISECONDS)
2015-10-18 18:07:48,238 INFO [RMCommunicator Allocator] org.apache.hadoop.ipc.Client: Retrying connect to server: msra-sa-41:8030. Already tried 0 time(s); retry policy is RetryUpToMaximumCountWithFixedSleep(maxRetries=10, sleepTime=1000 MILLISECONDS)
2015-10-18 18:07:50,238 INFO [RMCommunicator Allocator] org.apache.hadoop.ipc.Client: Retrying connect to server: msra-sa-41:8030. Already tried 0 time(s); retry policy is RetryUpToMaximumCountWithFixedSleep(maxRetries=10, sleepTime=1000 MILLISECONDS)
2015-10-18 18:07:52,238 INFO [RMCommunicator Allocator] org.apache.hadoop.ipc.Client: Retrying connect to server: msra-sa-41:8030. Already tried 0 time(s); retry policy is RetryUpToMaximumCountWithFixedSleep(maxRetries=10, sleepTime=1000 MILLISECONDS)
2015-10-18 18:07:54,238 INFO [RMCommunicator Allocator] org.apache.hadoop.ipc.Client: Retrying connect to server: msra-sa-41:8030. Already tried 0 time(s); retry policy is RetryUpToMaximumCountWithFixedSleep(maxRetries=10, sleepTime=1000 MILLISECONDS)
2015-10-18 18:07:56,238 INFO [RMCommunicator Allocator] org.apache.hadoop.ipc.Client: Retrying connect to server: msra-sa-41:8030. Already tried 0 time(s); retry policy is RetryUpToMaximumCountWithFixedSleep(maxRetries=10, sleepTime=1000 MILLISECONDS)
2015-10-18 18:07:58,238 INFO [RMCommunicator Allocator] org.apache.hadoop.ipc.Client: Retrying connect to server: msra-sa-41:8030. Already tried 0 time(s); retry policy is RetryUpToMaximumCountWithFixedSleep(maxRetries=10, sleepTime=1000 MILLISECONDS)
2015-10-18 18:08:00,238 INFO [RMCommunicator Allocator] org.apache.hadoop.ipc.Client: Retrying connect to server: msra-sa-41:8030. Already tried 0 time(s); retry policy is RetryUpToMaximumCountWithFixedSleep(maxRetries=10, sleepTime=1000 MILLISECONDS)
2015-10-18 18:08:02,238 INFO [RMCommunicator Allocator] org.apache.hadoop.ipc.Client: Retrying connect to server: msra-sa-41:8030. Already tried 0 time(s); retry policy is RetryUpToMaximumCountWithFixedSleep(maxRetries=10, sleepTime=1000 MILLISECONDS)
2015-10-18 18:08:04,239 INFO [RMCommunicator Allocator] org.apache.hadoop.ipc.Client: Retrying connect to server: msra-sa-41:8030. Already tried 0 time(s); retry policy is RetryUpToMaximumCountWithFixedSleep(maxRetries=10, sleepTime=1000 MILLISECONDS)
2015-10-18 18:08:06,239 INFO [RMCommunicator Allocator] org.apache.hadoop.ipc.Client: Retrying connect to server: msra-sa-41:8030. Already tried 0 time(s); retry policy is RetryUpToMaximumCountWithFixedSleep(maxRetries=10, sleepTime=1000 MILLISECONDS)
2015-10-18 18:08:08,239 INFO [RMCommunicator Allocator] org.apache.hadoop.ipc.Client: Retrying connect to server: msra-sa-41:8030. Already tried 0 time(s); retry policy is RetryUpToMaximumCountWithFixedSleep(maxRetries=10, sleepTime=1000 MILLISECONDS)
2015-10-18 18:08:10,239 INFO [RMCommunicator Allocator] org.apache.hadoop.ipc.Client: Retrying connect to server: msra-sa-41:8030. Already tried 0 time(s); retry policy is RetryUpToMaximumCountWithFixedSleep(maxRetries=10, sleepTime=1000 MILLISECONDS)
2015-10-18 18:08:12,239 INFO [RMCommunicator Allocator] org.apache.hadoop.ipc.Client: Retrying connect to server: msra-sa-41:8030. Already tried 0 time(s); retry policy is RetryUpToMaximumCountWithFixedSleep(maxRetries=10, sleepTime=1000 MILLISECONDS)
2015-10-18 18:08:14,239 INFO [RMCommunicator Allocator] org.apache.hadoop.ipc.Client: Retrying connect to server: msra-sa-41:8030. Already tried 0 time(s); retry policy is RetryUpToMaximumCountWithFixedSleep(maxRetries=10, sleepTime=1000 MILLISECONDS)
2015-10-18 18:08:16,239 INFO [RMCommunicator Allocator] org.apache.hadoop.ipc.Client: Retrying connect to server: msra-sa-41:8030. Already tried 0 time(s); retry policy is RetryUpToMaximumCountWithFixedSleep(maxRetries=10, sleepTime=1000 MILLISECONDS)
2015-10-18 18:08:18,239 INFO [RMCommunicator Allocator] org.apache.hadoop.ipc.Client: Retrying connect to server: msra-sa-41:8030. Already tried 0 time(s); retry policy is RetryUpToMaximumCountWithFixedSleep(maxRetries=10, sleepTime=1000 MILLISECONDS)
2015-10-18 18:08:20,255 INFO [RMCommunicator Allocator] org.apache.hadoop.ipc.Client: Retrying connect to server: msra-sa-41:8030. Already tried 0 time(s); retry policy is RetryUpToMaximumCountWithFixedSleep(maxRetries=10, sleepTime=1000 MILLISECONDS)
2015-10-18 18:08:22,287 INFO [RMCommunicator Allocator] org.apache.hadoop.ipc.Client: Retrying connect to server: msra-sa-41:8030. Already tried 0 time(s); retry policy is RetryUpToMaximumCountWithFixedSleep(maxRetries=10, sleepTime=1000 MILLISECONDS)
2015-10-18 18:08:24,302 INFO [RMCommunicator Allocator] org.apache.hadoop.ipc.Client: Retrying connect to server: msra-sa-41:8030. Already tried 0 time(s); retry policy is RetryUpToMaximumCountWithFixedSleep(maxRetries=10, sleepTime=1000 MILLISECONDS)
2015-10-18 18:08:26,302 INFO [RMCommunicator Allocator] org.apache.hadoop.ipc.Client: Retrying connect to server: msra-sa-41:8030. Already tried 0 time(s); retry policy is RetryUpToMaximumCountWithFixedSleep(maxRetries=10, sleepTime=1000 MILLISECONDS)
2015-10-18 18:08:28,303 INFO [RMCommunicator Allocator] org.apache.hadoop.ipc.Client: Retrying connect to server: msra-sa-41:8030. Already tried 0 time(s); retry policy is RetryUpToMaximumCountWithFixedSleep(maxRetries=10, sleepTime=1000 MILLISECONDS)
2015-10-18 18:08:30,303 INFO [RMCommunicator Allocator] org.apache.hadoop.ipc.Client: Retrying connect to server: msra-sa-41:8030. Already tried 0 time(s); retry policy is RetryUpToMaximumCountWithFixedSleep(maxRetries=10, sleepTime=1000 MILLISECONDS)
2015-10-18 18:08:32,334 INFO [RMCommunicator Allocator] org.apache.hadoop.ipc.Client: Retrying connect to server: msra-sa-41:8030. Already tried 0 time(s); retry policy is RetryUpToMaximumCountWithFixedSleep(maxRetries=10, sleepTime=1000 MILLISECONDS)
2015-10-18 18:08:34,334 INFO [RMCommunicator Allocator] org.apache.hadoop.ipc.Client: Retrying connect to server: msra-sa-41:8030. Already tried 0 time(s); retry policy is RetryUpToMaximumCountWithFixedSleep(maxRetries=10, sleepTime=1000 MILLISECONDS)
2015-10-18 18:08:36,334 INFO [RMCommunicator Allocator] org.apache.hadoop.ipc.Client: Retrying connect to server: msra-sa-41:8030. Already tried 0 time(s); retry policy is RetryUpToMaximumCountWithFixedSleep(maxRetries=10, sleepTime=1000 MILLISECONDS)
2015-10-18 18:08:38,334 INFO [RMCommunicator Allocator] org.apache.hadoop.ipc.Client: Retrying connect to server: msra-sa-41:8030. Already tried 0 time(s); retry policy is RetryUpToMaximumCountWithFixedSleep(maxRetries=10, sleepTime=1000 MILLISECONDS)
2015-10-18 18:08:40,334 INFO [RMCommunicator Allocator] org.apache.hadoop.ipc.Client: Retrying connect to server: msra-sa-41:8030. Already tried 0 time(s); retry policy is RetryUpToMaximumCountWithFixedSleep(maxRetries=10, sleepTime=1000 MILLISECONDS)
2015-10-18 18:08:42,366 INFO [RMCommunicator Allocator] org.apache.hadoop.ipc.Client: Retrying connect to server: msra-sa-41:8030. Already tried 0 time(s); retry policy is RetryUpToMaximumCountWithFixedSleep(maxRetries=10, sleepTime=1000 MILLISECONDS)
2015-10-18 18:08:44,366 INFO [RMCommunicator Allocator] org.apache.hadoop.ipc.Client: Retrying connect to server: msra-sa-41:8030. Already tried 0 time(s); retry policy is RetryUpToMaximumCountWithFixedSleep(maxRetries=10, sleepTime=1000 MILLISECONDS)
2015-10-18 18:08:46,366 INFO [RMCommunicator Allocator] org.apache.hadoop.ipc.Client: Retrying connect to server: msra-sa-41:8030. Already tried 0 time(s); retry policy is RetryUpToMaximumCountWithFixedSleep(maxRetries=10, sleepTime=1000 MILLISECONDS)
2015-10-18 18:08:48,382 INFO [RMCommunicator Allocator] org.apache.hadoop.ipc.Client: Retrying connect to server: msra-sa-41:8030. Already tried 0 time(s); retry policy is RetryUpToMaximumCountWithFixedSleep(maxRetries=10, sleepTime=1000 MILLISECONDS)
2015-10-18 18:08:50,398 INFO [RMCommunicator Allocator] org.apache.hadoop.ipc.Client: Retrying connect to server: msra-sa-41:8030. Already tried 0 time(s); retry policy is RetryUpToMaximumCountWithFixedSleep(maxRetries=10, sleepTime=1000 MILLISECONDS)
2015-10-18 18:08:52,429 INFO [RMCommunicator Allocator] org.apache.hadoop.ipc.Client: Retrying connect to server: msra-sa-41:8030. Already tried 0 time(s); retry policy is RetryUpToMaximumCountWithFixedSleep(maxRetries=10, sleepTime=1000 MILLISECONDS)
2015-10-18 18:08:54,429 INFO [RMCommunicator Allocator] org.apache.hadoop.ipc.Client: Retrying connect to server: msra-sa-41:8030. Already tried 0 time(s); retry policy is RetryUpToMaximumCountWithFixedSleep(maxRetries=10, sleepTime=1000 MILLISECONDS)
2015-10-18 18:08:56,429 INFO [RMCommunicator Allocator] org.apache.hadoop.ipc.Client: Retrying connect to server: msra-sa-41:8030. Already tried 0 time(s); retry policy is RetryUpToMaximumCountWithFixedSleep(maxRetries=10, sleepTime=1000 MILLISECONDS)
2015-10-18 18:08:58,429 INFO [RMCommunicator Allocator] org.apache.hadoop.ipc.Client: Retrying connect to server: msra-sa-41:8030. Already tried 0 time(s); retry policy is RetryUpToMaximumCountWithFixedSleep(maxRetries=10, sleepTime=1000 MILLISECONDS)
2015-10-18 18:09:00,429 INFO [RMCommunicator Allocator] org.apache.hadoop.ipc.Client: Retrying connect to server: msra-sa-41:8030. Already tried 0 time(s); retry policy is RetryUpToMaximumCountWithFixedSleep(maxRetries=10, sleepTime=1000 MILLISECONDS)
2015-10-18 18:09:02,461 INFO [RMCommunicator Allocator] org.apache.hadoop.ipc.Client: Retrying connect to server: msra-sa-41:8030. Already tried 0 time(s); retry policy is RetryUpToMaximumCountWithFixedSleep(maxRetries=10, sleepTime=1000 MILLISECONDS)
2015-10-18 18:09:04,461 INFO [RMCommunicator Allocator] org.apache.hadoop.ipc.Client: Retrying connect to server: msra-sa-41:8030. Already tried 0 time(s); retry policy is RetryUpToMaximumCountWithFixedSleep(maxRetries=10, sleepTime=1000 MILLISECONDS)
2015-10-18 18:09:06,461 INFO [RMCommunicator Allocator] org.apache.hadoop.ipc.Client: Retrying connect to server: msra-sa-41:8030. Already tried 0 time(s); retry policy is RetryUpToMaximumCountWithFixedSleep(maxRetries=10, sleepTime=1000 MILLISECONDS)
2015-10-18 18:09:08,461 INFO [RMCommunicator Allocator] org.apache.hadoop.ipc.Client: Retrying connect to server: msra-sa-41:8030. Already tried 0 time(s); retry policy is RetryUpToMaximumCountWithFixedSleep(maxRetries=10, sleepTime=1000 MILLISECONDS)
2015-10-18 18:09:10,461 INFO [RMCommunicator Allocator] org.apache.hadoop.ipc.Client: Retrying connect to server: msra-sa-41:8030. Already tried 0 time(s); retry policy is RetryUpToMaximumCountWithFixedSleep(maxRetries=10, sleepTime=1000 MILLISECONDS)
2015-10-18 18:09:12,461 INFO [RMCommunicator Allocator] org.apache.hadoop.ipc.Client: Retrying connect to server: msra-sa-41:8030. Already tried 0 time(s); retry policy is RetryUpToMaximumCountWithFixedSleep(maxRetries=10, sleepTime=1000 MILLISECONDS)
2015-10-18 18:09:14,462 INFO [RMCommunicator Allocator] org.apache.hadoop.ipc.Client: Retrying connect to server: msra-sa-41:8030. Already tried 0 time(s); retry policy is RetryUpToMaximumCountWithFixedSleep(maxRetries=10, sleepTime=1000 MILLISECONDS)
2015-10-18 18:09:16,462 INFO [RMCommunicator Allocator] org.apache.hadoop.ipc.Client: Retrying connect to server: msra-sa-41:8030. Already tried 0 time(s); retry policy is RetryUpToMaximumCountWithFixedSleep(maxRetries=10, sleepTime=1000 MILLISECONDS)
2015-10-18 18:09:18,462 INFO [RMCommunicator Allocator] org.apache.hadoop.ipc.Client: Retrying connect to server: msra-sa-41:8030. Already tried 0 time(s); retry policy is RetryUpToMaximumCountWithFixedSleep(maxRetries=10, sleepTime=1000 MILLISECONDS)
2015-10-18 18:09:20,462 INFO [RMCommunicator Allocator] org.apache.hadoop.ipc.Client: Retrying connect to server: msra-sa-41:8030. Already tried 0 time(s); retry policy is RetryUpToMaximumCountWithFixedSleep(maxRetries=10, sleepTime=1000 MILLISECONDS)
2015-10-18 18:09:22,462 INFO [RMCommunicator Allocator] org.apache.hadoop.ipc.Client: Retrying connect to server: msra-sa-41:8030. Already tried 0 time(s); retry policy is RetryUpToMaximumCountWithFixedSleep(maxRetries=10, sleepTime=1000 MILLISECONDS)
2015-10-18 18:09:24,462 INFO [RMCommunicator Allocator] org.apache.hadoop.ipc.Client: Retrying connect to server: msra-sa-41:8030. Already tried 0 time(s); retry policy is RetryUpToMaximumCountWithFixedSleep(maxRetries=10, sleepTime=1000 MILLISECONDS)
2015-10-18 18:09:26,462 INFO [RMCommunicator Allocator] org.apache.hadoop.ipc.Client: Retrying connect to server: msra-sa-41:8030. Already tried 0 time(s); retry policy is RetryUpToMaximumCountWithFixedSleep(maxRetries=10, sleepTime=1000 MILLISECONDS)
2015-10-18 18:09:28,462 INFO [RMCommunicator Allocator] org.apache.hadoop.ipc.Client: Retrying connect to server: msra-sa-41:8030. Already tried 0 time(s); retry policy is RetryUpToMaximumCountWithFixedSleep(maxRetries=10, sleepTime=1000 MILLISECONDS)
2015-10-18 18:09:30,463 INFO [RMCommunicator Allocator] org.apache.hadoop.ipc.Client: Retrying connect to server: msra-sa-41:8030. Already tried 0 time(s); retry policy is RetryUpToMaximumCountWithFixedSleep(maxRetries=10, sleepTime=1000 MILLISECONDS)
2015-10-18 18:09:32,463 INFO [RMCommunicator Allocator] org.apache.hadoop.ipc.Client: Retrying connect to server: msra-sa-41:8030. Already tried 0 time(s); retry policy is RetryUpToMaximumCountWithFixedSleep(maxRetries=10, sleepTime=1000 MILLISECONDS)
2015-10-18 18:09:34,463 INFO [RMCommunicator Allocator] org.apache.hadoop.ipc.Client: Retrying connect to server: msra-sa-41:8030. Already tried 0 time(s); retry policy is RetryUpToMaximumCountWithFixedSleep(maxRetries=10, sleepTime=1000 MILLISECONDS)
2015-10-18 18:09:36,463 INFO [RMCommunicator Allocator] org.apache.hadoop.ipc.Client: Retrying connect to server: msra-sa-41:8030. Already tried 0 time(s); retry policy is RetryUpToMaximumCountWithFixedSleep(maxRetries=10, sleepTime=1000 MILLISECONDS)
2015-10-18 18:09:38,463 INFO [RMCommunicator Allocator] org.apache.hadoop.ipc.Client: Retrying connect to server: msra-sa-41:8030. Already tried 0 time(s); retry policy is RetryUpToMaximumCountWithFixedSleep(maxRetries=10, sleepTime=1000 MILLISECONDS)
2015-10-18 18:09:40,479 INFO [RMCommunicator Allocator] org.apache.hadoop.ipc.Client: Retrying connect to server: msra-sa-41:8030. Already tried 0 time(s); retry policy is RetryUpToMaximumCountWithFixedSleep(maxRetries=10, sleepTime=1000 MILLISECONDS)
2015-10-18 18:09:42,479 INFO [RMCommunicator Allocator] org.apache.hadoop.ipc.Client: Retrying connect to server: msra-sa-41:8030. Already tried 0 time(s); retry policy is RetryUpToMaximumCountWithFixedSleep(maxRetries=10, sleepTime=1000 MILLISECONDS)
2015-10-18 18:09:44,479 INFO [RMCommunicator Allocator] org.apache.hadoop.ipc.Client: Retrying connect to server: msra-sa-41:8030. Already tried 0 time(s); retry policy is RetryUpToMaximumCountWithFixedSleep(maxRetries=10, sleepTime=1000 MILLISECONDS)
2015-10-18 18:09:46,495 INFO [RMCommunicator Allocator] org.apache.hadoop.ipc.Client: Retrying connect to server: msra-sa-41:8030. Already tried 0 time(s); retry policy is RetryUpToMaximumCountWithFixedSleep(maxRetries=10, sleepTime=1000 MILLISECONDS)
2015-10-18 18:09:48,510 INFO [RMCommunicator Allocator] org.apache.hadoop.ipc.Client: Retrying connect to server: msra-sa-41:8030. Already tried 0 time(s); retry policy is RetryUpToMaximumCountWithFixedSleep(maxRetries=10, sleepTime=1000 MILLISECONDS)
2015-10-18 18:09:50,511 INFO [RMCommunicator Allocator] org.apache.hadoop.ipc.Client: Retrying connect to server: msra-sa-41:8030. Already tried 0 time(s); retry policy is RetryUpToMaximumCountWithFixedSleep(maxRetries=10, sleepTime=1000 MILLISECONDS)
2015-10-18 18:09:52,511 INFO [RMCommunicator Allocator] org.apache.hadoop.ipc.Client: Retrying connect to server: msra-sa-41:8030. Already tried 0 time(s); retry policy is RetryUpToMaximumCountWithFixedSleep(maxRetries=10, sleepTime=1000 MILLISECONDS)
2015-10-18 18:09:54,511 INFO [RMCommunicator Allocator] org.apache.hadoop.ipc.Client: Retrying connect to server: msra-sa-41:8030. Already tried 0 time(s); retry policy is RetryUpToMaximumCountWithFixedSleep(maxRetries=10, sleepTime=1000 MILLISECONDS)
2015-10-18 18:09:56,511 INFO [RMCommunicator Allocator] org.apache.hadoop.ipc.Client: Retrying connect to server: msra-sa-41:8030. Already tried 0 time(s); retry policy is RetryUpToMaximumCountWithFixedSleep(maxRetries=10, sleepTime=1000 MILLISECONDS)
2015-10-18 18:09:58,511 INFO [RMCommunicator Allocator] org.apache.hadoop.ipc.Client: Retrying connect to server: msra-sa-41:8030. Already tried 0 time(s); retry policy is RetryUpToMaximumCountWithFixedSleep(maxRetries=10, sleepTime=1000 MILLISECONDS)
2015-10-18 18:10:00,511 INFO [RMCommunicator Allocator] org.apache.hadoop.ipc.Client: Retrying connect to server: msra-sa-41:8030. Already tried 0 time(s); retry policy is RetryUpToMaximumCountWithFixedSleep(maxRetries=10, sleepTime=1000 MILLISECONDS)
2015-10-18 18:10:02,511 INFO [RMCommunicator Allocator] org.apache.hadoop.ipc.Client: Retrying connect to server: msra-sa-41:8030. Already tried 0 time(s); retry policy is RetryUpToMaximumCountWithFixedSleep(maxRetries=10, sleepTime=1000 MILLISECONDS)
2015-10-18 18:10:04,511 INFO [RMCommunicator Allocator] org.apache.hadoop.ipc.Client: Retrying connect to server: msra-sa-41:8030. Already tried 0 time(s); retry policy is RetryUpToMaximumCountWithFixedSleep(maxRetries=10, sleepTime=1000 MILLISECONDS)
2015-10-18 18:10:06,512 INFO [RMCommunicator Allocator] org.apache.hadoop.ipc.Client: Retrying connect to server: msra-sa-41:8030. Already tried 0 time(s); retry policy is RetryUpToMaximumCountWithFixedSleep(maxRetries=10, sleepTime=1000 MILLISECONDS)
2015-10-18 18:10:08,527 INFO [RMCommunicator Allocator] org.apache.hadoop.ipc.Client: Retrying connect to server: msra-sa-41:8030. Already tried 0 time(s); retry policy is RetryUpToMaximumCountWithFixedSleep(maxRetries=10, sleepTime=1000 MILLISECONDS)
2015-10-18 18:10:10,527 INFO [RMCommunicator Allocator] org.apache.hadoop.ipc.Client: Retrying connect to server: msra-sa-41:8030. Already tried 0 time(s); retry policy is RetryUpToMaximumCountWithFixedSleep(maxRetries=10, sleepTime=1000 MILLISECONDS)
2015-10-18 18:10:12,528 INFO [RMCommunicator Allocator] org.apache.hadoop.ipc.Client: Retrying connect to server: msra-sa-41:8030. Already tried 0 time(s); retry policy is RetryUpToMaximumCountWithFixedSleep(maxRetries=10, sleepTime=1000 MILLISECONDS)
2015-10-18 18:10:14,528 INFO [RMCommunicator Allocator] org.apache.hadoop.ipc.Client: Retrying connect to server: msra-sa-41:8030. Already tried 0 time(s); retry policy is RetryUpToMaximumCountWithFixedSleep(maxRetries=10, sleepTime=1000 MILLISECONDS)
2015-10-18 18:10:16,528 INFO [RMCommunicator Allocator] org.apache.hadoop.ipc.Client: Retrying connect to server: msra-sa-41:8030. Already tried 0 time(s); retry policy is RetryUpToMaximumCountWithFixedSleep(maxRetries=10, sleepTime=1000 MILLISECONDS)
2015-10-18 18:10:18,528 INFO [RMCommunicator Allocator] org.apache.hadoop.ipc.Client: Retrying connect to server: msra-sa-41:8030. Already tried 0 time(s); retry policy is RetryUpToMaximumCountWithFixedSleep(maxRetries=10, sleepTime=1000 MILLISECONDS)
2015-10-18 18:10:20,528 INFO [RMCommunicator Allocator] org.apache.hadoop.ipc.Client: Retrying connect to server: msra-sa-41:8030. Already tried 0 time(s); retry policy is RetryUpToMaximumCountWithFixedSleep(maxRetries=10, sleepTime=1000 MILLISECONDS)
2015-10-18 18:10:22,528 INFO [RMCommunicator Allocator] org.apache.hadoop.ipc.Client: Retrying connect to server: msra-sa-41:8030. Already tried 0 time(s); retry policy is RetryUpToMaximumCountWithFixedSleep(maxRetries=10, sleepTime=1000 MILLISECONDS)
2015-10-18 18:10:24,528 INFO [RMCommunicator Allocator] org.apache.hadoop.ipc.Client: Retrying connect to server: msra-sa-41:8030. Already tried 0 time(s); retry policy is RetryUpToMaximumCountWithFixedSleep(maxRetries=10, sleepTime=1000 MILLISECONDS)
2015-10-18 18:10:26,528 INFO [RMCommunicator Allocator] org.apache.hadoop.ipc.Client: Retrying connect to server: msra-sa-41:8030. Already tried 0 time(s); retry policy is RetryUpToMaximumCountWithFixedSleep(maxRetries=10, sleepTime=1000 MILLISECONDS)
2015-10-18 18:10:28,544 INFO [RMCommunicator Allocator] org.apache.hadoop.ipc.Client: Retrying connect to server: msra-sa-41:8030. Already tried 0 time(s); retry policy is RetryUpToMaximumCountWithFixedSleep(maxRetries=10, sleepTime=1000 MILLISECONDS)
2015-10-18 18:10:30,544 INFO [RMCommunicator Allocator] org.apache.hadoop.ipc.Client: Retrying connect to server: msra-sa-41:8030. Already tried 0 time(s); retry policy is RetryUpToMaximumCountWithFixedSleep(maxRetries=10, sleepTime=1000 MILLISECONDS)
2015-10-18 18:10:32,544 INFO [RMCommunicator Allocator] org.apache.hadoop.ipc.Client: Retrying connect to server: msra-sa-41:8030. Already tried 0 time(s); retry policy is RetryUpToMaximumCountWithFixedSleep(maxRetries=10, sleepTime=1000 MILLISECONDS)
2015-10-18 18:10:34,545 INFO [RMCommunicator Allocator] org.apache.hadoop.ipc.Client: Retrying connect to server: msra-sa-41:8030. Already tried 0 time(s); retry policy is RetryUpToMaximumCountWithFixedSleep(maxRetries=10, sleepTime=1000 MILLISECONDS)
2015-10-18 18:10:36,545 INFO [RMCommunicator Allocator] org.apache.hadoop.ipc.Client: Retrying connect to server: msra-sa-41:8030. Already tried 0 time(s); retry policy is RetryUpToMaximumCountWithFixedSleep(maxRetries=10, sleepTime=1000 MILLISECONDS)
2015-10-18 18:10:38,545 INFO [RMCommunicator Allocator] org.apache.hadoop.ipc.Client: Retrying connect to server: msra-sa-41:8030. Already tried 0 time(s); retry policy is RetryUpToMaximumCountWithFixedSleep(maxRetries=10, sleepTime=1000 MILLISECONDS)
2015-10-18 18:10:40,545 INFO [RMCommunicator Allocator] org.apache.hadoop.ipc.Client: Retrying connect to server: msra-sa-41:8030. Already tried 0 time(s); retry policy is RetryUpToMaximumCountWithFixedSleep(maxRetries=10, sleepTime=1000 MILLISECONDS)
2015-10-18 18:10:42,545 INFO [RMCommunicator Allocator] org.apache.hadoop.ipc.Client: Retrying connect to server: msra-sa-41:8030. Already tried 0 time(s); retry policy is RetryUpToMaximumCountWithFixedSleep(maxRetries=10, sleepTime=1000 MILLISECONDS)
2015-10-18 18:10:44,545 INFO [RMCommunicator Allocator] org.apache.hadoop.ipc.Client: Retrying connect to server: msra-sa-41:8030. Already tried 0 time(s); retry policy is RetryUpToMaximumCountWithFixedSleep(maxRetries=10, sleepTime=1000 MILLISECONDS)
2015-10-18 18:10:46,545 INFO [RMCommunicator Allocator] org.apache.hadoop.ipc.Client: Retrying connect to server: msra-sa-41:8030. Already tried 0 time(s); retry policy is RetryUpToMaximumCountWithFixedSleep(maxRetries=10, sleepTime=1000 MILLISECONDS)
2015-10-18 18:10:48,545 INFO [RMCommunicator Allocator] org.apache.hadoop.ipc.Client: Retrying connect to server: msra-sa-41:8030. Already tried 0 time(s); retry policy is RetryUpToMaximumCountWithFixedSleep(maxRetries=10, sleepTime=1000 MILLISECONDS)
2015-10-18 18:10:50,545 INFO [RMCommunicator Allocator] org.apache.hadoop.ipc.Client: Retrying connect to server: msra-sa-41:8030. Already tried 0 time(s); retry policy is RetryUpToMaximumCountWithFixedSleep(maxRetries=10, sleepTime=1000 MILLISECONDS)
2015-10-18 18:10:52,546 INFO [RMCommunicator Allocator] org.apache.hadoop.ipc.Client: Retrying connect to server: msra-sa-41:8030. Already tried 0 time(s); retry policy is RetryUpToMaximumCountWithFixedSleep(maxRetries=10, sleepTime=1000 MILLISECONDS)
2015-10-18 18:10:54,546 INFO [RMCommunicator Allocator] org.apache.hadoop.ipc.Client: Retrying connect to server: msra-sa-41:8030. Already tried 0 time(s); retry policy is RetryUpToMaximumCountWithFixedSleep(maxRetries=10, sleepTime=1000 MILLISECONDS)
