2015-10-18 18:01:47,978 INFO [main] org.apache.hadoop.mapreduce.v2.app.MRAppMaster: Created MRAppMaster for application appattempt_1445144423722_0020_000001
2015-10-18 18:01:50,509 INFO [main] org.apache.hadoop.mapreduce.v2.app.MRAppMaster: OutputCommitter is org.apache.hadoop.mapreduce.lib.output.FileOutputCommitter
2015-10-18 18:01:50,572 INFO [main] org.apache.hadoop.yarn.event.AsyncDispatcher: Registering class org.apache.hadoop.mapreduce.v2.app.commit.CommitterEventType for class org.apache.hadoop.mapreduce.v2.app.commit.CommitterEventHandler
2015-10-18 18:01:50,666 INFO [main] org.apache.hadoop.mapreduce.v2.jobhistory.JobHistoryUtils: Default file system [hdfs://msra-sa-41:9000]
2015-10-18 18:01:51,306 INFO [main] org.apache.hadoop.metrics2.impl.MetricsSystemImpl: Scheduled snapshot period at 10 second(s).
2015-10-18 18:01:51,650 INFO [main] org.apache.hadoop.mapreduce.v2.app.job.impl.JobImpl: Number of reduces for job job_1445144423722_0020 = 1
2015-10-18 18:01:51,791 INFO [main] org.apache.hadoop.yarn.factories.impl.pb.RpcServerFactoryPBImpl: Adding protocol org.apache.hadoop.mapreduce.v2.api.MRClientProtocolPB to the server
2015-10-18 18:01:51,900 INFO [main] org.apache.hadoop.http.HttpRequestLog: Http request log for http.requests.mapreduce is not defined
2015-10-18 18:01:51,947 INFO [main] org.apache.hadoop.http.HttpServer2: adding path spec: /ws/*
2015-10-18 18:01:52,728 INFO [main] org.apache.hadoop.yarn.webapp.WebApps: Web app /mapreduce started at 62267
2015-10-18 18:01:53,447 INFO [main] org.apache.hadoop.mapreduce.v2.app.rm.RMContainerRequestor: maxTaskFailuresPerNode is 3
2015-10-18 18:01:53,557 INFO [main] org.apache.hadoop.yarn.client.RMProxy: Connecting to ResourceManager at msra-sa-41/10.190.173.170:8030
2015-10-18 18:01:53,744 INFO [AsyncDispatcher event handler] org.apache.hadoop.mapreduce.v2.app.job.impl.JobImpl: job_1445144423722_0020Job Transitioned from INITED to SETUP
2015-10-18 18:01:53,869 INFO [AsyncDispatcher event handler] org.apache.hadoop.mapreduce.v2.app.job.impl.TaskImpl: task_1445144423722_0020_m_000000 Task Transitioned from NEW to SCHEDULED
2015-10-18 18:01:53,869 INFO [AsyncDispatcher event handler] org.apache.hadoop.yarn.util.RackResolver: Resolved MSRA-SA-41.fareast.corp.microsoft.com to /default-rack
2015-10-18 18:01:53,869 INFO [AsyncDispatcher event handler] org.apache.hadoop.yarn.util.RackResolver: Resolved MSRA-SA-39.fareast.corp.microsoft.com to /default-rack
2015-10-18 18:01:53,869 INFO [AsyncDispatcher event handler] org.apache.hadoop.mapreduce.v2.app.job.impl.TaskImpl: task_1445144423722_0020_m_000005 Task Transitioned from NEW to SCHEDULED
2015-10-18 18:01:53,885 INFO [AsyncDispatcher event handler] org.apache.hadoop.yarn.util.RackResolver: Resolved MSRA-SA-41.fareast.corp.microsoft.com to /default-rack
2015-10-18 18:01:53,885 INFO [AsyncDispatcher event handler] org.apache.hadoop.yarn.util.RackResolver: Resolved MSRA-SA-39.fareast.corp.microsoft.com to /default-rack
2015-10-18 18:01:53,885 INFO [AsyncDispatcher event handler] org.apache.hadoop.mapreduce.v2.app.job.impl.TaskAttemptImpl: attempt_1445144423722_0020_m_000001_0 TaskAttempt Transitioned from NEW to UNASSIGNED
2015-10-18 18:01:53,885 INFO [AsyncDispatcher event handler] org.apache.hadoop.mapreduce.v2.app.job.impl.TaskAttemptImpl: attempt_1445144423722_0020_m_000006_0 TaskAttempt Transitioned from NEW to UNASSIGNED
2015-10-18 18:01:53,885 INFO [Thread-50] org.apache.hadoop.mapreduce.v2.app.rm.RMContainerAllocator: mapResourceRequest:<memory:1024, vCores:1>
2015-10-18 18:01:54,853 INFO [RMCommunicator Allocator] org.apache.hadoop.mapreduce.v2.app.rm.RMContainerAllocator: Recalculating schedule, headroom=<memory:10240, vCores:-17>
2015-10-18 18:01:56,916 INFO [RMCommunicator Allocator] org.apache.hadoop.yarn.util.RackResolver: Resolved 04DN8IQ.fareast.corp.microsoft.com to /default-rack
2015-10-18 18:01:57,072 INFO [AsyncDispatcher event handler] org.apache.hadoop.yarn.util.RackResolver: Resolved 04DN8IQ.fareast.corp.microsoft.com to /default-rack
2015-10-18 18:01:57,119 INFO [AsyncDispatcher event handler] org.apache.hadoop.mapreduce.v2.app.job.impl.TaskAttemptImpl: Putting shuffle token in serviceData
2015-10-18 18:01:57,447 INFO [ContainerLauncher #0] org.apache.hadoop.mapreduce.v2.app.launcher.ContainerLauncherImpl: Shuffle port returned by ContainerManager for attempt_1445144423722_0020_m_000000_0 : 13562
2015-10-18 18:01:57,916 INFO [RMCommunicator Allocator] org.apache.hadoop.mapreduce.v2.app.rm.RMContainerRequestor: getResources() for application_1445144423722_0020: ask=4 release= 0 newContainers=0 finishedContainers=0 resourcelimit=<memory:7168, vCores:-20> knownNMs=4
2015-10-18 18:01:58,916 INFO [RMCommunicator Allocator] org.apache.hadoop.mapreduce.v2.app.rm.RMContainerAllocator: Assigned container container_1445144423722_0020_01_000003 to attempt_1445144423722_0020_m_000001_0
2015-10-18 18:01:58,916 INFO [AsyncDispatcher event handler] org.apache.hadoop.mapreduce.v2.app.job.impl.TaskAttemptImpl: attempt_1445144423722_0020_m_000001_0 TaskAttempt Transitioned from UNASSIGNED to ASSIGNED
2015-10-18 18:01:58,963 INFO [AsyncDispatcher event handler] org.apache.hadoop.mapreduce.v2.app.job.impl.TaskAttemptImpl: TaskAttempt: [attempt_1445144423722_0020_m_000001_0] using containerId: [container_1445144423722_0020_01_000003 on NM: [MININT-FNANLI5.fareast.corp.microsoft.com:52368]
2015-10-18 18:01:59,948 INFO [RMCommunicator Allocator] org.apache.hadoop.mapreduce.v2.app.rm.RMContainerAllocator: Recalculating schedule, headroom=<memory:4096, vCores:-23>
2015-10-18 18:02:00,963 INFO [RMCommunicator Allocator] org.apache.hadoop.mapreduce.v2.app.rm.RMContainerAllocator: Recalculating schedule, headroom=<memory:3072, vCores:-24>
2015-10-18 18:02:00,979 INFO [ContainerLauncher #2] org.apache.hadoop.mapreduce.v2.app.launcher.ContainerLauncherImpl: Processing the event EventType: CONTAINER_REMOTE_LAUNCH for container container_1445144423722_0020_01_000004 taskAttempt attempt_1445144423722_0020_m_000002_0
2015-10-18 18:02:01,041 INFO [AsyncDispatcher event handler] org.apache.hadoop.mapreduce.v2.app.job.impl.TaskAttemptImpl: attempt_1445144423722_0020_m_000002_0 TaskAttempt Transitioned from ASSIGNED to RUNNING
2015-10-18 18:02:02,026 INFO [RMCommunicator Allocator] org.apache.hadoop.mapreduce.v2.app.rm.RMContainerAllocator: Reduce slow start threshold not met. completedMapsForReduceSlowstart 1
2015-10-18 18:02:03,041 INFO [RMCommunicator Allocator] org.apache.hadoop.mapreduce.v2.app.rm.RMContainerAllocator: Reduce slow start threshold not met. completedMapsForReduceSlowstart 1
2015-10-18 18:02:05,651 INFO [Socket Reader #1 for port 62270] SecurityLogger.org.apache.hadoop.ipc.Server: Auth successful for job_1445144423722_0020 (auth:SIMPLE)
2015-10-18 18:02:07,573 INFO [RMCommunicator Allocator] org.apache.hadoop.mapreduce.v2.app.rm.RMContainerAllocator: Recalculating schedule, headroom=<memory:0, vCores:-27>
2015-10-18 18:02:09,667 INFO [RMCommunicator Allocator] org.apache.hadoop.mapreduce.v2.app.rm.RMContainerAllocator: Reduce slow start threshold not met. completedMapsForReduceSlowstart 1
2015-10-18 18:02:12,745 INFO [RMCommunicator Allocator] org.apache.hadoop.mapreduce.v2.app.rm.RMContainerAllocator: Recalculating schedule, headroom=<memory:0, vCores:-27>
2015-10-18 18:02:13,902 INFO [RMCommunicator Allocator] org.apache.hadoop.mapreduce.v2.app.rm.RMContainerAllocator: Recalculating schedule, headroom=<memory:0, vCores:-27>
2015-10-18 18:02:15,949 INFO [RMCommunicator Allocator] org.apache.hadoop.mapreduce.v2.app.rm.RMContainerAllocator: Reduce slow start threshold not met. completedMapsForReduceSlowstart 1
2015-10-18 18:02:18,105 INFO [RMCommunicator Allocator] org.apache.hadoop.mapreduce.v2.app.rm.RMContainerAllocator: Reduce slow start threshold not met. completedMapsForReduceSlowstart 1
2015-10-18 18:02:20,558 INFO [IPC Server handler 18 on 62270] org.apache.hadoop.mapred.TaskAttemptListenerImpl: Progress of TaskAttempt attempt_1445144423722_0020_m_000000_0 is : 0.065791264
2015-10-18 18:02:22,402 INFO [RMCommunicator Allocator] org.apache.hadoop.mapreduce.v2.app.rm.RMContainerAllocator: Reduce slow start threshold not met. completedMapsForReduceSlowstart 1
2015-10-18 18:02:24,543 INFO [IPC Server handler 18 on 62270] org.apache.hadoop.mapred.TaskAttemptListenerImpl: Progress of TaskAttempt attempt_1445144423722_0020_m_000000_0 is : 0.10004553
2015-10-18 18:02:26,668 INFO [RMCommunicator Allocator] org.apache.hadoop.mapreduce.v2.app.rm.RMContainerAllocator: Recalculating schedule, headroom=<memory:0, vCores:-27>
2015-10-18 18:02:28,856 INFO [RMCommunicator Allocator] org.apache.hadoop.mapreduce.v2.app.rm.RMContainerAllocator: Recalculating schedule, headroom=<memory:0, vCores:-27>
2015-10-18 18:02:29,918 INFO [RMCommunicator Allocator] org.apache.hadoop.mapreduce.v2.app.rm.RMContainerAllocator: Reduce slow start threshold not met. completedMapsForReduceSlowstart 1
2015-10-18 18:02:31,996 INFO [RMCommunicator Allocator] org.apache.hadoop.mapreduce.v2.app.rm.RMContainerAllocator: Reduce slow start threshold not met. completedMapsForReduceSlowstart 1
2015-10-18 18:02:34,043 INFO [RMCommunicator Allocator] org.apache.hadoop.mapreduce.v2.app.rm.RMContainerAllocator: Recalculating schedule, headroom=<memory:0, vCores:-27>
2015-10-18 18:02:35,809 INFO [IPC Server handler 11 on 62270] org.apache.hadoop.mapred.TaskAttemptListenerImpl: Progress of TaskAttempt attempt_1445144423722_0020_m_000001_0 is : 0.1066108
2015-10-18 18:02:37,169 INFO [RMCommunicator Allocator] org.apache.hadoop.mapreduce.v2.app.rm.RMContainerAllocator: Reduce slow start threshold not met. completedMapsForReduceSlowstart 1
2015-10-18 18:02:39,216 INFO [RMCommunicator Allocator] org.apache.hadoop.mapreduce.v2.app.rm.RMContainerAllocator: Recalculating schedule, headroom=<memory:0, vCores:-27>
2015-10-18 18:02:41,309 INFO [RMCommunicator Allocator] org.apache.hadoop.mapreduce.v2.app.rm.RMContainerAllocator: Recalculating schedule, headroom=<memory:0, vCores:-27>
2015-10-18 18:02:43,060 INFO [IPC Server handler 13 on 62270] org.apache.hadoop.mapred.TaskAttemptListenerImpl: Progress of TaskAttempt attempt_1445144423722_0020_m_000001_0 is : 0.1066108
2015-10-18 18:02:44,419 INFO [RMCommunicator Allocator] org.apache.hadoop.mapreduce.v2.app.rm.RMContainerAllocator: Reduce slow start threshold not met. completedMapsForReduceSlowstart 1
2015-10-18 18:02:46,482 INFO [RMCommunicator Allocator] org.apache.hadoop.mapreduce.v2.app.rm.RMContainerAllocator: Reduce slow start threshold not met. completedMapsForReduceSlowstart 1
2015-10-18 18:02:47,497 INFO [RMCommunicator Allocator] org.apache.hadoop.mapreduce.v2.app.rm.RMContainerAllocator: Recalculating schedule, headroom=<memory:0, vCores:-27>
2015-10-18 18:02:47,685 INFO [ContainerLauncher #3] org.apache.hadoop.mapreduce.v2.app.launcher.ContainerLauncherImpl: Processing the event EventType: CONTAINER_REMOTE_LAUNCH for container container_1445144423722_0020_01_000005 taskAttempt attempt_1445144423722_0020_m_000003_0
2015-10-18 18:02:47,841 INFO [AsyncDispatcher event handler] org.apache.hadoop.mapreduce.v2.app.job.impl.TaskAttemptImpl: attempt_1445144423722_0020_m_000003_0 TaskAttempt Transitioned from ASSIGNED to RUNNING
2015-10-18 18:02:48,544 INFO [RMCommunicator Allocator] org.apache.hadoop.mapreduce.v2.app.rm.RMContainerAllocator: Reduce slow start threshold not met. completedMapsForReduceSlowstart 1
2015-10-18 18:02:50,216 INFO [IPC Server handler 12 on 62270] org.apache.hadoop.mapred.TaskAttemptListenerImpl: Progress of TaskAttempt attempt_1445144423722_0020_m_000002_0 is : 0.10660437
2015-10-18 18:02:50,622 INFO [RMCommunicator Allocator] org.apache.hadoop.mapreduce.v2.app.rm.RMContainerAllocator: Reduce slow start threshold not met. completedMapsForReduceSlowstart 1
2015-10-18 18:02:52,841 INFO [IPC Server handler 10 on 62270] org.apache.hadoop.mapred.TaskAttemptListenerImpl: Progress of TaskAttempt attempt_1445144423722_0020_m_000000_0 is : 0.10635664
2015-10-18 18:02:54,826 INFO [RMCommunicator Allocator] org.apache.hadoop.mapreduce.v2.app.rm.RMContainerAllocator: Recalculating schedule, headroom=<memory:0, vCores:-27>
2015-10-18 18:02:56,951 INFO [RMCommunicator Allocator] org.apache.hadoop.mapreduce.v2.app.rm.RMContainerAllocator: Recalculating schedule, headroom=<memory:0, vCores:-27>
2015-10-18 18:02:58,014 INFO [RMCommunicator Allocator] org.apache.hadoop.mapreduce.v2.app.rm.RMContainerAllocator: Recalculating schedule, headroom=<memory:0, vCores:-27>
2015-10-18 18:03:00,123 INFO [RMCommunicator Allocator] org.apache.hadoop.mapreduce.v2.app.rm.RMContainerAllocator: Recalculating schedule, headroom=<memory:0, vCores:-27>
2015-10-18 18:03:01,201 INFO [RMCommunicator Allocator] org.apache.hadoop.mapreduce.v2.app.rm.RMContainerAllocator: Recalculating schedule, headroom=<memory:0, vCores:-27>
2015-10-18 18:03:03,373 INFO [RMCommunicator Allocator] org.apache.hadoop.mapreduce.v2.app.rm.RMContainerAllocator: Recalculating schedule, headroom=<memory:0, vCores:-27>
2015-10-18 18:03:04,451 INFO [RMCommunicator Allocator] org.apache.hadoop.mapreduce.v2.app.rm.RMContainerAllocator: Recalculating schedule, headroom=<memory:0, vCores:-27>
2015-10-18 18:03:06,561 INFO [RMCommunicator Allocator] org.apache.hadoop.mapreduce.v2.app.rm.RMContainerAllocator: Reduce slow start threshold not met. completedMapsForReduceSlowstart 1
2015-10-18 18:03:07,608 INFO [RMCommunicator Allocator] org.apache.hadoop.mapreduce.v2.app.rm.RMContainerAllocator: Recalculating schedule, headroom=<memory:0, vCores:-27>
2015-10-18 18:03:09,702 INFO [RMCommunicator Allocator] org.apache.hadoop.mapreduce.v2.app.rm.RMContainerAllocator: Reduce slow start threshold not met. completedMapsForReduceSlowstart 1
2015-10-18 18:03:10,733 INFO [RMCommunicator Allocator] org.apache.hadoop.mapreduce.v2.app.rm.RMContainerAllocator: Reduce slow start threshold not met. completedMapsForReduceSlowstart 1
2015-10-18 18:03:12,796 INFO [RMCommunicator Allocator] org.apache.hadoop.mapreduce.v2.app.rm.RMContainerAllocator: Reduce slow start threshold not met. completedMapsForReduceSlowstart 1
2015-10-18 18:03:13,983 INFO [IPC Server handler 9 on 62270] org.apache.hadoop.mapred.TaskAttemptListenerImpl: Progress of TaskAttempt attempt_1445144423722_0020_m_000001_0 is : 0.19211523
2015-10-18 18:03:15,858 INFO [RMCommunicator Allocator] org.apache.hadoop.mapreduce.v2.app.rm.RMContainerAllocator: Reduce slow start threshold not met. completedMapsForReduceSlowstart 1
2015-10-18 18:03:17,562 INFO [IPC Server handler 5 on 62270] org.apache.hadoop.mapred.TaskAttemptListenerImpl: Progress of TaskAttempt attempt_1445144423722_0020_m_000001_0 is : 0.19211523
2015-10-18 18:03:18,999 INFO [RMCommunicator Allocator] org.apache.hadoop.mapreduce.v2.app.rm.RMContainerAllocator: Recalculating schedule, headroom=<memory:0, vCores:-27>
2015-10-18 18:03:21,062 INFO [IPC Server handler 14 on 62270] org.apache.hadoop.mapred.TaskAttemptListenerImpl: Progress of TaskAttempt attempt_1445144423722_0020_m_000001_0 is : 0.19211523
2015-10-18 18:03:22,437 INFO [RMCommunicator Allocator] org.apache.hadoop.mapreduce.v2.app.rm.RMContainerAllocator: Recalculating schedule, headroom=<memory:0, vCores:-27>
2015-10-18 18:03:24,546 INFO [RMCommunicator Allocator] org.apache.hadoop.mapreduce.v2.app.rm.RMContainerAllocator: Recalculating schedule, headroom=<memory:0, vCores:-27>
2015-10-18 18:03:25,953 INFO [RMCommunicator Allocator] org.apache.hadoop.mapreduce.v2.app.rm.RMContainerAllocator: Recalculating schedule, headroom=<memory:0, vCores:-27>
2015-10-18 18:03:28,000 INFO [IPC Server handler 0 on 62270] org.apache.hadoop.mapred.TaskAttemptListenerImpl: Progress of TaskAttempt attempt_1445144423722_0020_m_000001_0 is : 0.19211523
2015-10-18 18:03:29,297 INFO [RMCommunicator Allocator] org.apache.hadoop.mapreduce.v2.app.rm.RMContainerAllocator: Recalculating schedule, headroom=<memory:0, vCores:-27>
2015-10-18 18:03:31,391 INFO [IPC Server handler 14 on 62270] org.apache.hadoop.mapred.TaskAttemptListenerImpl: Progress of TaskAttempt attempt_1445144423722_0020_m_000000_0 is : 0.19158794
2015-10-18 18:03:32,984 INFO [RMCommunicator Allocator] org.apache.hadoop.mapreduce.v2.app.rm.RMContainerAllocator: Recalculating schedule, headroom=<memory:0, vCores:-27>
2015-10-18 18:03:34,844 INFO [IPC Server handler 12 on 62270] org.apache.hadoop.mapred.TaskAttemptListenerImpl: Progress of TaskAttempt attempt_1445144423722_0020_m_000000_0 is : 0.19158794
2015-10-18 18:03:36,297 INFO [RMCommunicator Allocator] org.apache.hadoop.mapreduce.v2.app.rm.RMContainerAllocator: Recalculating schedule, headroom=<memory:0, vCores:-27>
2015-10-18 18:03:38,360 INFO [IPC Server handler 2 on 62270] org.apache.hadoop.mapred.TaskAttemptListenerImpl: Progress of TaskAttempt attempt_1445144423722_0020_m_000000_0 is : 0.19158794
2015-10-18 18:03:39,625 INFO [RMCommunicator Allocator] org.apache.hadoop.mapreduce.v2.app.rm.RMContainerAllocator: Recalculating schedule, headroom=<memory:0, vCores:-27>
2015-10-18 18:03:41,766 INFO [RMCommunicator Allocator] org.apache.hadoop.mapreduce.v2.app.rm.RMContainerAllocator: Recalculating schedule, headroom=<memory:0, vCores:-27>
2015-10-18 18:03:42,907 INFO [RMCommunicator Allocator] org.apache.hadoop.mapreduce.v2.app.rm.RMContainerAllocator: Recalculating schedule, headroom=<memory:0, vCores:-27>
2015-10-18 18:03:45,063 INFO [RMCommunicator Allocator] org.apache.hadoop.mapreduce.v2.app.rm.RMContainerAllocator: Recalculating schedule, headroom=<memory:0, vCores:-27>
2015-10-18 18:03:46,157 INFO [RMCommunicator Allocator] org.apache.hadoop.mapreduce.v2.app.rm.RMContainerAllocator: Reduce slow start threshold not met. completedMapsForReduceSlowstart 1
2015-10-18 18:03:48,204 INFO [RMCommunicator Allocator] org.apache.hadoop.mapreduce.v2.app.rm.RMContainerAllocator: Recalculating schedule, headroom=<memory:0, vCores:-27>
2015-10-18 18:03:49,360 INFO [IPC Server handler 9 on 62270] org.apache.hadoop.mapred.TaskAttemptListenerImpl: Progress of TaskAttempt attempt_1445144423722_0020_m_000000_0 is : 0.2754006
2015-10-18 18:03:51,298 INFO [RMCommunicator Allocator] org.apache.hadoop.mapreduce.v2.app.rm.RMContainerAllocator: Recalculating schedule, headroom=<memory:0, vCores:-27>
2015-10-18 18:03:52,861 INFO [IPC Server handler 14 on 62270] org.apache.hadoop.mapred.TaskAttemptListenerImpl: Progress of TaskAttempt attempt_1445144423722_0020_m_000000_0 is : 0.27696857
2015-10-18 18:03:54,361 INFO [RMCommunicator Allocator] org.apache.hadoop.mapreduce.v2.app.rm.RMContainerAllocator: Recalculating schedule, headroom=<memory:0, vCores:-27>
2015-10-18 18:03:55,408 INFO [RMCommunicator Allocator] org.apache.hadoop.mapreduce.v2.app.rm.RMContainerAllocator: Recalculating schedule, headroom=<memory:0, vCores:-27>
2015-10-18 18:03:55,423 INFO [AsyncDispatcher event handler] org.apache.hadoop.yarn.util.RackResolver: Resolved MSRA-SA-41.fareast.corp.microsoft.com to /default-rack
2015-10-18 18:03:55,595 INFO [ContainerLauncher #5] org.apache.hadoop.mapreduce.v2.app.launcher.ContainerLauncherImpl: Processing the event EventType: CONTAINER_REMOTE_LAUNCH for container container_1445144423722_0020_01_000007 taskAttempt attempt_1445144423722_0020_m_000005_0
2015-10-18 18:03:55,939 INFO [AsyncDispatcher event handler] org.apache.hadoop.mapreduce.v2.app.job.impl.TaskAttemptImpl: attempt_1445144423722_0020_m_000004_0 TaskAttempt Transitioned from ASSIGNED to RUNNING
2015-10-18 18:03:55,939 INFO [AsyncDispatcher event handler] org.apache.hadoop.mapreduce.v2.app.job.impl.TaskAttemptImpl: TaskAttempt: [attempt_1445144423722_0020_m_000005_0] using containerId: [container_1445144423722_0020_01_000007 on NM: [MSRA-SA-41.fareast.corp.microsoft.com:7109]
2015-10-18 18:03:56,361 INFO [IPC Server handler 9 on 62270] org.apache.hadoop.mapred.TaskAttemptListenerImpl: Progress of TaskAttempt attempt_1445144423722_0020_m_000000_0 is : 0.27696857
2015-10-18 18:03:56,455 INFO [RMCommunicator Allocator] org.apache.hadoop.mapreduce.v2.app.rm.RMContainerAllocator: Reduce slow start threshold not met. completedMapsForReduceSlowstart 1
2015-10-18 18:03:56,548 INFO [ContainerLauncher #6] org.apache.hadoop.mapreduce.v2.app.launcher.ContainerLauncherImpl: Processing the event EventType: CONTAINER_REMOTE_LAUNCH for container container_1445144423722_0020_01_000008 taskAttempt attempt_1445144423722_0020_m_000006_0
2015-10-18 18:03:56,798 INFO [AsyncDispatcher event handler] org.apache.hadoop.mapreduce.v2.app.job.impl.TaskAttemptImpl: attempt_1445144423722_0020_m_000006_0 TaskAttempt Transitioned from ASSIGNED to RUNNING
2015-10-18 18:03:57,564 INFO [IPC Server handler 20 on 62270] org.apache.hadoop.mapred.TaskAttemptListenerImpl: JVM with ID : jvm_1445144423722_0020_m_000007 asked for a task
2015-10-18 18:03:57,564 INFO [RMCommunicator Allocator] org.apache.hadoop.mapreduce.v2.app.rm.RMContainerAllocator: Recalculating schedule, headroom=<memory:0, vCores:-27>
2015-10-18 18:03:58,611 INFO [RMCommunicator Allocator] org.apache.hadoop.mapreduce.v2.app.rm.RMContainerAllocator: Recalculating schedule, headroom=<memory:0, vCores:-27>
2015-10-18 18:03:59,642 INFO [RMCommunicator Allocator] org.apache.hadoop.mapreduce.v2.app.rm.RMContainerAllocator: Reduce slow start threshold not met. completedMapsForReduceSlowstart 1
2015-10-18 18:04:01,721 INFO [RMCommunicator Allocator] org.apache.hadoop.mapreduce.v2.app.rm.RMContainerAllocator: Recalculating schedule, headroom=<memory:0, vCores:-27>
2015-10-18 18:04:03,143 INFO [IPC Server handler 18 on 62270] org.apache.hadoop.mapred.TaskAttemptListenerImpl: Progress of TaskAttempt attempt_1445144423722_0020_m_000001_0 is : 0.27776006
2015-10-18 18:04:04,877 INFO [IPC Server handler 8 on 62270] org.apache.hadoop.mapred.TaskAttemptListenerImpl: Progress of TaskAttempt attempt_1445144423722_0020_m_000005_0 is : 0.10685723
2015-10-18 18:04:04,877 INFO [RMCommunicator Allocator] org.apache.hadoop.mapreduce.v2.app.rm.RMContainerAllocator: After Scheduling: PendingReds:1 ScheduledMaps:2 ScheduledReds:0 AssignedMaps:8 AssignedReds:0 CompletedMaps:0 CompletedReds:0 ContAlloc:8 ContRel:0 HostLocal:5 RackLocal:3
2015-10-18 18:04:04,986 INFO [ContainerLauncher #7] org.apache.hadoop.mapreduce.v2.app.launcher.ContainerLauncherImpl: Launching attempt_1445144423722_0020_m_000007_0
2015-10-18 18:04:05,127 INFO [AsyncDispatcher event handler] org.apache.hadoop.mapreduce.v2.app.job.impl.TaskAttemptImpl: attempt_1445144423722_0020_m_000007_0 TaskAttempt Transitioned from ASSIGNED to RUNNING
2015-10-18 18:04:05,893 INFO [RMCommunicator Allocator] org.apache.hadoop.mapreduce.v2.app.rm.RMContainerAllocator: Recalculating schedule, headroom=<memory:0, vCores:-27>
2015-10-18 18:04:06,940 INFO [RMCommunicator Allocator] org.apache.hadoop.mapreduce.v2.app.rm.RMContainerAllocator: Reduce slow start threshold not met. completedMapsForReduceSlowstart 1
2015-10-18 18:04:07,908 INFO [IPC Server handler 8 on 62270] org.apache.hadoop.mapred.TaskAttemptListenerImpl: Progress of TaskAttempt attempt_1445144423722_0020_m_000005_0 is : 0.10685723
2015-10-18 18:04:07,955 INFO [RMCommunicator Allocator] org.apache.hadoop.mapreduce.v2.app.rm.RMContainerAllocator: After Scheduling: PendingReds:1 ScheduledMaps:1 ScheduledReds:0 AssignedMaps:9 AssignedReds:0 CompletedMaps:0 CompletedReds:0 ContAlloc:9 ContRel:0 HostLocal:6 RackLocal:3
2015-10-18 18:04:08,065 INFO [ContainerLauncher #8] org.apache.hadoop.mapreduce.v2.app.launcher.ContainerLauncherImpl: Launching attempt_1445144423722_0020_m_000008_0
2015-10-18 18:04:08,205 INFO [AsyncDispatcher event handler] org.apache.hadoop.mapreduce.v2.app.job.impl.TaskAttemptImpl: attempt_1445144423722_0020_m_000008_0 TaskAttempt Transitioned from ASSIGNED to RUNNING
2015-10-18 18:04:08,987 INFO [RMCommunicator Allocator] org.apache.hadoop.mapreduce.v2.app.rm.RMContainerAllocator: Got allocated containers 1
2015-10-18 18:04:08,987 INFO [AsyncDispatcher event handler] org.apache.hadoop.yarn.util.RackResolver: Resolved MSRA-SA-39.fareast.corp.microsoft.com to /default-rack
2015-10-18 18:04:09,268 INFO [ContainerLauncher #9] org.apache.hadoop.mapreduce.v2.app.launcher.ContainerLauncherImpl: Shuffle port returned by ContainerManager for attempt_1445144423722_0020_m_000009_0 : 13562
2015-10-18 18:04:09,955 INFO [IPC Server handler 27 on 62270] org.apache.hadoop.mapred.TaskAttemptListenerImpl: Progress of TaskAttempt attempt_1445144423722_0020_m_000001_0 is : 0.27776006
2015-10-18 18:04:10,002 INFO [RMCommunicator Allocator] org.apache.hadoop.mapreduce.v2.app.rm.RMContainerAllocator: Reduce slow start threshold not met. completedMapsForReduceSlowstart 1
2015-10-18 18:04:11,034 INFO [RMCommunicator Allocator] org.apache.hadoop.mapreduce.v2.app.rm.RMContainerRequestor: getResources() for application_1445144423722_0020: ask=0 release= 1 newContainers=0 finishedContainers=1 resourcelimit=<memory:1024, vCores:-26> knownNMs=4
2015-10-18 18:04:11,049 INFO [IPC Server handler 18 on 62270] org.apache.hadoop.mapred.TaskAttemptListenerImpl: Progress of TaskAttempt attempt_1445144423722_0020_m_000004_0 is : 0.10680563
2015-10-18 18:04:11,924 INFO [IPC Server handler 20 on 62270] org.apache.hadoop.mapred.TaskAttemptListenerImpl: Progress of TaskAttempt attempt_1445144423722_0020_m_000006_0 is : 0.106964506
2015-10-18 18:04:12,143 INFO [IPC Server handler 10 on 62270] org.apache.hadoop.mapred.TaskAttemptListenerImpl: JVM with ID: jvm_1445144423722_0020_m_000011 given task: attempt_1445144423722_0020_m_000009_0
2015-10-18 18:04:14,018 INFO [IPC Server handler 27 on 62270] org.apache.hadoop.mapred.TaskAttemptListenerImpl: Progress of TaskAttempt attempt_1445144423722_0020_m_000005_0 is : 0.19247705
2015-10-18 18:04:16,440 INFO [IPC Server handler 0 on 62270] org.apache.hadoop.mapred.TaskAttemptListenerImpl: Progress of TaskAttempt attempt_1445144423722_0020_m_000001_0 is : 0.31981927
2015-10-18 18:04:17,362 INFO [IPC Server handler 29 on 62270] org.apache.hadoop.mapred.TaskAttemptListenerImpl: Progress of TaskAttempt attempt_1445144423722_0020_m_000000_0 is : 0.27696857
2015-10-18 18:04:20,206 INFO [IPC Server handler 18 on 62270] org.apache.hadoop.mapred.TaskAttemptListenerImpl: Progress of TaskAttempt attempt_1445144423722_0020_m_000005_0 is : 0.19247705
2015-10-18 18:04:20,550 INFO [IPC Server handler 2 on 62270] org.apache.hadoop.mapred.TaskAttemptListenerImpl: Progress of TaskAttempt attempt_1445144423722_0020_m_000003_0 is : 0.667
2015-10-18 18:04:23,269 INFO [IPC Server handler 15 on 62270] org.apache.hadoop.mapred.TaskAttemptListenerImpl: Progress of TaskAttempt attempt_1445144423722_0020_m_000005_0 is : 0.19247705
2015-10-18 18:04:23,972 INFO [IPC Server handler 3 on 62270] org.apache.hadoop.mapred.TaskAttemptListenerImpl: Progress of TaskAttempt attempt_1445144423722_0020_m_000002_0 is : 0.36317363
2015-10-18 18:04:26,300 INFO [IPC Server handler 20 on 62270] org.apache.hadoop.mapred.TaskAttemptListenerImpl: Progress of TaskAttempt attempt_1445144423722_0020_m_000005_0 is : 0.27813601
2015-10-18 18:04:27,269 INFO [IPC Server handler 12 on 62270] org.apache.hadoop.mapred.TaskAttemptListenerImpl: Progress of TaskAttempt attempt_1445144423722_0020_m_000002_0 is : 0.36317363
2015-10-18 18:04:29,332 INFO [IPC Server handler 12 on 62270] org.apache.hadoop.mapred.TaskAttemptListenerImpl: Progress of TaskAttempt attempt_1445144423722_0020_m_000005_0 is : 0.27813601
2015-10-18 18:04:30,644 INFO [IPC Server handler 0 on 62270] org.apache.hadoop.mapred.TaskAttemptListenerImpl: Progress of TaskAttempt attempt_1445144423722_0020_m_000001_0 is : 0.36319977
2015-10-18 18:04:32,363 INFO [IPC Server handler 28 on 62270] org.apache.hadoop.mapred.TaskAttemptListenerImpl: Progress of TaskAttempt attempt_1445144423722_0020_m_000005_0 is : 0.27813601
2015-10-18 18:04:34,098 INFO [IPC Server handler 9 on 62270] org.apache.hadoop.mapred.TaskAttemptListenerImpl: Progress of TaskAttempt attempt_1445144423722_0020_m_000001_0 is : 0.36319977
2015-10-18 18:04:35,410 INFO [IPC Server handler 20 on 62270] org.apache.hadoop.mapred.TaskAttemptListenerImpl: Progress of TaskAttempt attempt_1445144423722_0020_m_000005_0 is : 0.32285523
2015-10-18 18:04:37,098 INFO [IPC Server handler 23 on 62270] org.apache.hadoop.mapred.TaskAttemptListenerImpl: Progress of TaskAttempt attempt_1445144423722_0020_m_000008_0 is : 0.19258286
2015-10-18 18:04:38,473 INFO [IPC Server handler 20 on 62270] org.apache.hadoop.mapred.TaskAttemptListenerImpl: Progress of TaskAttempt attempt_1445144423722_0020_m_000005_0 is : 0.36390656
2015-10-18 18:04:40,129 INFO [IPC Server handler 4 on 62270] org.apache.hadoop.mapred.TaskAttemptListenerImpl: Progress of TaskAttempt attempt_1445144423722_0020_m_000008_0 is : 0.19258286
2015-10-18 18:04:41,739 INFO [IPC Server handler 17 on 62270] org.apache.hadoop.mapred.TaskAttemptListenerImpl: Progress of TaskAttempt attempt_1445144423722_0020_m_000004_0 is : 0.36388028
2015-10-18 18:04:43,395 INFO [IPC Server handler 9 on 62270] org.apache.hadoop.mapred.TaskAttemptListenerImpl: Progress of TaskAttempt attempt_1445144423722_0020_m_000008_0 is : 0.19258286
2015-10-18 18:04:44,879 INFO [IPC Server handler 7 on 62270] org.apache.hadoop.mapred.TaskAttemptListenerImpl: Progress of TaskAttempt attempt_1445144423722_0020_m_000007_0 is : 0.27825075
2015-10-18 18:04:45,754 INFO [IPC Server handler 12 on 62270] org.apache.hadoop.mapred.TaskAttemptListenerImpl: Progress of TaskAttempt attempt_1445144423722_0020_m_000009_0 is : 0.5323719
2015-10-18 18:04:47,942 INFO [IPC Server handler 21 on 62270] org.apache.hadoop.mapred.TaskAttemptListenerImpl: Progress of TaskAttempt attempt_1445144423722_0020_m_000007_0 is : 0.35880664
2015-10-18 18:04:49,895 INFO [IPC Server handler 9 on 62270] org.apache.hadoop.mapred.TaskAttemptListenerImpl: Progress of TaskAttempt attempt_1445144423722_0020_m_000003_0 is : 1.0
2015-10-18 18:04:50,208 INFO [ContainerLauncher #0] org.apache.hadoop.mapreduce.v2.app.launcher.ContainerLauncherImpl: KILLING attempt_1445144423722_0020_m_000003_0
2015-10-18 18:04:50,755 INFO [AsyncDispatcher event handler] org.apache.hadoop.mapreduce.v2.app.job.impl.TaskImpl: Task succeeded with attempt attempt_1445144423722_0020_m_000003_0
2015-10-18 18:04:51,114 INFO [RMCommunicator Allocator] org.apache.hadoop.mapreduce.v2.app.rm.RMContainerAllocator: Reduce slow start threshold reached. Scheduling reduces.
2015-10-18 18:04:51,145 INFO [IPC Server handler 28 on 62270] org.apache.hadoop.mapred.TaskAttemptListenerImpl: Progress of TaskAttempt attempt_1445144423722_0020_m_000004_0 is : 0.44968578
2015-10-18 18:04:51,755 INFO [AsyncDispatcher event handler] org.apache.hadoop.yarn.util.RackResolver: Resolved MSRA-SA-41.fareast.corp.microsoft.com to /default-rack
2015-10-18 18:04:52,552 INFO [RMCommunicator Allocator] org.apache.hadoop.mapreduce.v2.app.rm.RMContainerAllocator: Received completed container container_1445144423722_0020_01_000005
2015-10-18 18:04:53,364 INFO [IPC Server handler 16 on 62270] org.apache.hadoop.mapred.TaskAttemptListenerImpl: Progress of TaskAttempt attempt_1445144423722_0020_m_000002_0 is : 0.3787692
2015-10-18 18:04:54,708 INFO [IPC Server handler 14 on 62270] org.apache.hadoop.mapred.TaskAttemptListenerImpl: Progress of TaskAttempt attempt_1445144423722_0020_m_000004_0 is : 0.44968578
2015-10-18 18:04:57,396 INFO [IPC Server handler 19 on 62270] org.apache.hadoop.mapred.TaskAttemptListenerImpl: Progress of TaskAttempt attempt_1445144423722_0020_m_000009_0 is : 0.76133776
2015-10-18 18:05:02,802 INFO [IPC Server handler 10 on 62270] org.apache.hadoop.mapred.TaskAttemptListenerImpl: Progress of TaskAttempt attempt_1445144423722_0020_m_000001_0 is : 0.37551183
2015-10-18 18:05:28,570 WARN [LeaseRenewer:msrabi@msra-sa-41:9000] org.apache.hadoop.hdfs.LeaseRenewer: Failed to renew lease for [DFSClient_NONMAPREDUCE_1537864556_1] for 31 seconds.  Will retry shortly ...
2015-10-18 18:05:31,570 WARN [LeaseRenewer:msrabi@msra-sa-41:9000] org.apache.hadoop.ipc.Client: Address change detected. Old: msra-sa-41/10.190.173.170:9000 New: msra-sa-41:9000
2015-10-18 18:05:33,570 WARN [LeaseRenewer:msrabi@msra-sa-41:9000] org.apache.hadoop.hdfs.LeaseRenewer: Failed to renew lease for [DFSClient_NONMAPREDUCE_1537864556_1] for 36 seconds.  Will retry shortly ...
2015-10-18 18:05:36,570 WARN [LeaseRenewer:msrabi@msra-sa-41:9000] org.apache.hadoop.ipc.Client: Address change detected. Old: msra-sa-41/10.190.173.170:9000 New: msra-sa-41:9000
2015-10-18 18:05:38,617 WARN [LeaseRenewer:msrabi@msra-sa-41:9000] org.apache.hadoop.hdfs.LeaseRenewer: Failed to renew lease for [DFSClient_NONMAPREDUCE_1537864556_1] for 41 seconds.  Will retry shortly ...
2015-10-18 18:05:41,617 WARN [LeaseRenewer:msrabi@msra-sa-41:9000] org.apache.hadoop.ipc.Client: Address change detected. Old: msra-sa-41/10.190.173.170:9000 New: msra-sa-41:9000
2015-10-18 18:05:43,633 WARN [LeaseRenewer:msrabi@msra-sa-41:9000] org.apache.hadoop.hdfs.LeaseRenewer: Failed to renew lease for [DFSClient_NONMAPREDUCE_1537864556_1] for 46 seconds.  Will retry shortly ...
2015-10-18 18:05:46,633 WARN [LeaseRenewer:msrabi@msra-sa-41:9000] org.apache.hadoop.ipc.Client: Address change detected. Old: msra-sa-41/10.190.173.170:9000 New: msra-sa-41:9000
2015-10-18 18:05:48,680 WARN [LeaseRenewer:msrabi@msra-sa-41:9000] org.apache.hadoop.hdfs.LeaseRenewer: Failed to renew lease for [DFSClient_NONMAPREDUCE_1537864556_1] for 51 seconds.  Will retry shortly ...
2015-10-18 18:05:51,680 WARN [LeaseRenewer:msrabi@msra-sa-41:9000] org.apache.hadoop.ipc.Client: Address change detected. Old: msra-sa-41/10.190.173.170:9000 New: msra-sa-41:9000
2015-10-18 18:05:53,681 WARN [LeaseRenewer:msrabi@msra-sa-41:9000] org.apache.hadoop.hdfs.LeaseRenewer: Failed to renew lease for [DFSClient_NONMAPREDUCE_1537864556_1] for 56 seconds.  Will retry shortly ...
2015-10-18 18:05:56,696 WARN [LeaseRenewer:msrabi@msra-sa-41:9000] org.apache.hadoop.ipc.Client: Address change detected. Old: msra-sa-41/10.190.173.170:9000 New: msra-sa-41:9000
2015-10-18 18:05:57,024 WARN [DataStreamer for file /tmp/hadoop-yarn/staging/msrabi/.staging/job_1445144423722_0020/job_1445144423722_0020_1.jhist block BP-1347369012-10.190.173.170-1444972147527:blk_1073743512_2731] org.apache.hadoop.ipc.Client: Address change detected. Old: msra-sa-41/10.190.173.170:9000 New: msra-sa-41:9000
2015-10-18 18:05:58,722 WARN [LeaseRenewer:msrabi@msra-sa-41:9000] org.apache.hadoop.hdfs.LeaseRenewer: Failed to renew lease for [DFSClient_NONMAPREDUCE_1537864556_1] for 61 seconds.  Will retry shortly ...
2015-10-18 18:06:01,747 WARN [LeaseRenewer:msrabi@msra-sa-41:9000] org.apache.hadoop.ipc.Client: Address change detected. Old: msra-sa-41/10.190.173.170:9000 New: msra-sa-41:9000
2015-10-18 18:06:02,841 WARN [RMCommunicator Allocator] org.apache.hadoop.ipc.Client: Address change detected. Old: msra-sa-41/10.190.173.170:8030 New: msra-sa-41:8030
2015-10-18 18:06:03,856 ERROR [RMCommunicator Allocator] org.apache.hadoop.mapreduce.v2.app.rm.RMContainerAllocator: ERROR IN CONTACTING RM. 
2015-10-18 18:06:05,825 WARN [LeaseRenewer:msrabi@msra-sa-41:9000] org.apache.hadoop.hdfs.LeaseRenewer: Failed to renew lease for [DFSClient_NONMAPREDUCE_1537864556_1] for 68 seconds.  Will retry shortly ...
2015-10-18 18:06:06,841 WARN [LeaseRenewer:msrabi@msra-sa-41:9000] org.apache.hadoop.ipc.Client: Address change detected. Old: msra-sa-41/10.190.173.170:9000 New: msra-sa-41:9000
2015-10-18 18:06:07,950 INFO [RMCommunicator Allocator] org.apache.hadoop.ipc.Client: Retrying connect to server: msra-sa-41:8030. Already tried 0 time(s); retry policy is RetryUpToMaximumCountWithFixedSleep(maxRetries=10, sleepTime=1000 MILLISECONDS)
2015-10-18 18:06:09,325 INFO [IPC Server handler 18 on 62270] org.apache.hadoop.mapred.TaskAttemptListenerImpl: Progress of TaskAttempt attempt_1445144423722_0020_m_000001_0 is : 0.37551183
2015-10-18 18:06:09,966 ERROR [RMCommunicator Allocator] org.apache.hadoop.mapreduce.v2.app.rm.RMContainerAllocator: ERROR IN CONTACTING RM. 
2015-10-18 18:06:11,935 WARN [LeaseRenewer:msrabi@msra-sa-41:9000] org.apache.hadoop.hdfs.LeaseRenewer: Failed to renew lease for [DFSClient_NONMAPREDUCE_1537864556_1] for 74 seconds.  Will retry shortly ...
2015-10-18 18:06:12,951 WARN [LeaseRenewer:msrabi@msra-sa-41:9000] org.apache.hadoop.ipc.Client: Address change detected. Old: msra-sa-41/10.190.173.170:9000 New: msra-sa-41:9000
2015-10-18 18:06:14,013 INFO [RMCommunicator Allocator] org.apache.hadoop.ipc.Client: Retrying connect to server: msra-sa-41:8030. Already tried 0 time(s); retry policy is RetryUpToMaximumCountWithFixedSleep(maxRetries=10, sleepTime=1000 MILLISECONDS)
2015-10-18 18:06:15,623 INFO [IPC Server handler 20 on 62270] org.apache.hadoop.mapred.TaskAttemptListenerImpl: Progress of TaskAttempt attempt_1445144423722_0020_m_000001_0 is : 0.37551183
2015-10-18 18:06:16,029 ERROR [RMCommunicator Allocator] org.apache.hadoop.mapreduce.v2.app.rm.RMContainerAllocator: ERROR IN CONTACTING RM. 
2015-10-18 18:06:18,029 WARN [LeaseRenewer:msrabi@msra-sa-41:9000] org.apache.hadoop.hdfs.LeaseRenewer: Failed to renew lease for [DFSClient_NONMAPREDUCE_1537864556_1] for 80 seconds.  Will retry shortly ...
2015-10-18 18:06:19,029 WARN [LeaseRenewer:msrabi@msra-sa-41:9000] org.apache.hadoop.ipc.Client: Address change detected. Old: msra-sa-41/10.190.173.170:9000 New: msra-sa-41:9000
2015-10-18 18:06:20,076 INFO [RMCommunicator Allocator] org.apache.hadoop.ipc.Client: Retrying connect to server: msra-sa-41:8030. Already tried 0 time(s); retry policy is RetryUpToMaximumCountWithFixedSleep(maxRetries=10, sleepTime=1000 MILLISECONDS)
2015-10-18 18:06:21,904 INFO [IPC Server handler 26 on 62270] org.apache.hadoop.mapred.TaskAttemptListenerImpl: Progress of TaskAttempt attempt_1445144423722_0020_m_000001_0 is : 0.37551183
2015-10-18 18:06:22,092 ERROR [RMCommunicator Allocator] org.apache.hadoop.mapreduce.v2.app.rm.RMContainerAllocator: ERROR IN CONTACTING RM. 
2015-10-18 18:06:24,045 WARN [LeaseRenewer:msrabi@msra-sa-41:9000] org.apache.hadoop.hdfs.LeaseRenewer: Failed to renew lease for [DFSClient_NONMAPREDUCE_1537864556_1] for 86 seconds.  Will retry shortly ...
2015-10-18 18:06:25,092 INFO [IPC Server handler 8 on 62270] org.apache.hadoop.mapred.TaskAttemptListenerImpl: Progress of TaskAttempt attempt_1445144423722_0020_m_000001_0 is : 0.37551183
2015-10-18 18:06:26,029 INFO [IPC Server handler 13 on 62270] org.apache.hadoop.mapred.TaskAttemptListenerImpl: Diagnostics report from attempt_1445144423722_0020_m_000002_0: Error: java.net.NoRouteToHostException: No Route to Host from  MININT-FNANLI5/127.0.0.1 to msra-sa-41:9000 failed on socket timeout exception: java.net.NoRouteToHostException: No route to host: no further information; For more details see:  http://wiki.apache.org/hadoop/NoRouteToHost
2015-10-18 18:06:26,029 INFO [ContainerLauncher #1] org.apache.hadoop.yarn.client.api.impl.ContainerManagementProtocolProxy: Opening proxy : MININT-FNANLI5.fareast.corp.microsoft.com:52368
2015-10-18 18:06:26,123 INFO [AsyncDispatcher event handler] org.apache.hadoop.mapreduce.v2.app.job.impl.TaskAttemptImpl: attempt_1445144423722_0020_m_000002_0 TaskAttempt Transitioned from FAIL_CONTAINER_CLEANUP to FAIL_TASK_CLEANUP
2015-10-18 18:06:26,139 INFO [AsyncDispatcher event handler] org.apache.hadoop.yarn.util.RackResolver: Resolved MSRA-SA-39.fareast.corp.microsoft.com to /default-rack
2015-10-18 18:06:26,139 INFO [Thread-50] org.apache.hadoop.mapreduce.v2.app.rm.RMContainerRequestor: 1 failures on node MININT-FNANLI5.fareast.corp.microsoft.com
2015-10-18 18:06:27,108 WARN [RMCommunicator Allocator] org.apache.hadoop.ipc.Client: Address change detected. Old: msra-sa-41/10.190.173.170:8030 New: msra-sa-41:8030
2015-10-18 18:06:28,123 INFO [IPC Server handler 8 on 62270] org.apache.hadoop.mapred.TaskAttemptListenerImpl: Progress of TaskAttempt attempt_1445144423722_0020_m_000001_0 is : 0.37551183
2015-10-18 18:06:28,217 INFO [AsyncDispatcher event handler] org.apache.hadoop.mapreduce.v2.app.job.impl.TaskAttemptImpl: attempt_1445144423722_0020_m_000001_0 TaskAttempt Transitioned from RUNNING to FAIL_CONTAINER_CLEANUP
2015-10-18 18:06:28,233 INFO [CommitterEvent Processor #2] org.apache.hadoop.mapreduce.v2.app.commit.CommitterEventHandler: Processing the event EventType: TASK_ABORT
2015-10-18 18:06:28,248 INFO [AsyncDispatcher event handler] org.apache.hadoop.yarn.util.RackResolver: Resolved MSRA-SA-41.fareast.corp.microsoft.com to /default-rack
2015-10-18 18:06:29,092 WARN [LeaseRenewer:msrabi@msra-sa-41:9000] org.apache.hadoop.hdfs.LeaseRenewer: Failed to renew lease for [DFSClient_NONMAPREDUCE_1537864556_1] for 91 seconds.  Will retry shortly ...
2015-10-18 18:06:30,108 INFO [RMCommunicator Allocator] org.apache.hadoop.ipc.Client: Retrying connect to server: msra-sa-41:8030. Already tried 0 time(s); retry policy is RetryUpToMaximumCountWithFixedSleep(maxRetries=10, sleepTime=1000 MILLISECONDS)
2015-10-18 18:06:32,092 WARN [LeaseRenewer:msrabi@msra-sa-41:9000] org.apache.hadoop.ipc.Client: Address change detected. Old: msra-sa-41/10.190.173.170:9000 New: msra-sa-41:9000
2015-10-18 18:06:33,092 WARN [LeaseRenewer:msrabi@msra-sa-41:9000] org.apache.hadoop.hdfs.LeaseRenewer: Failed to renew lease for [DFSClient_NONMAPREDUCE_1537864556_1] for 95 seconds.  Will retry shortly ...
2015-10-18 18:06:34,108 ERROR [RMCommunicator Allocator] org.apache.hadoop.mapreduce.v2.app.rm.RMContainerAllocator: ERROR IN CONTACTING RM. 
2015-10-18 18:06:36,093 WARN [LeaseRenewer:msrabi@msra-sa-41:9000] org.apache.hadoop.hdfs.LeaseRenewer: Failed to renew lease for [DFSClient_NONMAPREDUCE_1537864556_1] for 98 seconds.  Will retry shortly ...
2015-10-18 18:06:37,108 WARN [LeaseRenewer:msrabi@msra-sa-41:9000] org.apache.hadoop.hdfs.LeaseRenewer: Failed to renew lease for [DFSClient_NONMAPREDUCE_1537864556_1] for 99 seconds.  Will retry shortly ...
2015-10-18 18:06:39,108 WARN [RMCommunicator Allocator] org.apache.hadoop.ipc.Client: Address change detected. Old: msra-sa-41/10.190.173.170:8030 New: msra-sa-41:8030
2015-10-18 18:06:40,140 WARN [LeaseRenewer:msrabi@msra-sa-41:9000] org.apache.hadoop.ipc.Client: Address change detected. Old: msra-sa-41/10.190.173.170:9000 New: msra-sa-41:9000
2015-10-18 18:06:42,109 INFO [RMCommunicator Allocator] org.apache.hadoop.ipc.Client: Retrying connect to server: msra-sa-41:8030. Already tried 0 time(s); retry policy is RetryUpToMaximumCountWithFixedSleep(maxRetries=10, sleepTime=1000 MILLISECONDS)
2015-10-18 18:06:43,156 WARN [LeaseRenewer:msrabi@msra-sa-41:9000] org.apache.hadoop.ipc.Client: Address change detected. Old: msra-sa-41/10.190.173.170:9000 New: msra-sa-41:9000
2015-10-18 18:06:44,156 WARN [LeaseRenewer:msrabi@msra-sa-41:9000] org.apache.hadoop.hdfs.LeaseRenewer: Failed to renew lease for [DFSClient_NONMAPREDUCE_1537864556_1] for 106 seconds.  Will retry shortly ...
2015-10-18 18:06:46,124 ERROR [RMCommunicator Allocator] org.apache.hadoop.mapreduce.v2.app.rm.RMContainerAllocator: ERROR IN CONTACTING RM. 
2015-10-18 18:06:47,156 WARN [LeaseRenewer:msrabi@msra-sa-41:9000] org.apache.hadoop.hdfs.LeaseRenewer: Failed to renew lease for [DFSClient_NONMAPREDUCE_1537864556_1] for 109 seconds.  Will retry shortly ...
2015-10-18 18:06:49,140 WARN [RMCommunicator Allocator] org.apache.hadoop.ipc.Client: Address change detected. Old: msra-sa-41/10.190.173.170:8030 New: msra-sa-41:8030
2015-10-18 18:06:50,203 WARN [LeaseRenewer:msrabi@msra-sa-41:9000] org.apache.hadoop.ipc.Client: Address change detected. Old: msra-sa-41/10.190.173.170:9000 New: msra-sa-41:9000
2015-10-18 18:06:52,140 INFO [RMCommunicator Allocator] org.apache.hadoop.ipc.Client: Retrying connect to server: msra-sa-41:8030. Already tried 0 time(s); retry policy is RetryUpToMaximumCountWithFixedSleep(maxRetries=10, sleepTime=1000 MILLISECONDS)
2015-10-18 18:06:53,203 WARN [LeaseRenewer:msrabi@msra-sa-41:9000] org.apache.hadoop.ipc.Client: Address change detected. Old: msra-sa-41/10.190.173.170:9000 New: msra-sa-41:9000
2015-10-18 18:06:54,203 WARN [LeaseRenewer:msrabi@msra-sa-41:9000] org.apache.hadoop.hdfs.LeaseRenewer: Failed to renew lease for [DFSClient_NONMAPREDUCE_1537864556_1] for 116 seconds.  Will retry shortly ...
2015-10-18 18:06:56,156 ERROR [RMCommunicator Allocator] org.apache.hadoop.mapreduce.v2.app.rm.RMContainerAllocator: ERROR IN CONTACTING RM. 
2015-10-18 18:06:57,203 WARN [LeaseRenewer:msrabi@msra-sa-41:9000] org.apache.hadoop.hdfs.LeaseRenewer: Failed to renew lease for [DFSClient_NONMAPREDUCE_1537864556_1] for 119 seconds.  Will retry shortly ...
2015-10-18 18:06:59,188 WARN [RMCommunicator Allocator] org.apache.hadoop.ipc.Client: Address change detected. Old: msra-sa-41/10.190.173.170:8030 New: msra-sa-41:8030
2015-10-18 18:07:00,203 WARN [LeaseRenewer:msrabi@msra-sa-41:9000] org.apache.hadoop.ipc.Client: Address change detected. Old: msra-sa-41/10.190.173.170:9000 New: msra-sa-41:9000
2015-10-18 18:07:02,188 INFO [RMCommunicator Allocator] org.apache.hadoop.ipc.Client: Retrying connect to server: msra-sa-41:8030. Already tried 0 time(s); retry policy is RetryUpToMaximumCountWithFixedSleep(maxRetries=10, sleepTime=1000 MILLISECONDS)
2015-10-18 18:07:03,219 WARN [LeaseRenewer:msrabi@msra-sa-41:9000] org.apache.hadoop.ipc.Client: Address change detected. Old: msra-sa-41/10.190.173.170:9000 New: msra-sa-41:9000
2015-10-18 18:07:04,219 WARN [LeaseRenewer:msrabi@msra-sa-41:9000] org.apache.hadoop.hdfs.LeaseRenewer: Failed to renew lease for [DFSClient_NONMAPREDUCE_1537864556_1] for 126 seconds.  Will retry shortly ...
2015-10-18 18:07:06,188 ERROR [RMCommunicator Allocator] org.apache.hadoop.mapreduce.v2.app.rm.RMContainerAllocator: ERROR IN CONTACTING RM. 
2015-10-18 18:07:07,219 WARN [LeaseRenewer:msrabi@msra-sa-41:9000] org.apache.hadoop.hdfs.LeaseRenewer: Failed to renew lease for [DFSClient_NONMAPREDUCE_1537864556_1] for 129 seconds.  Will retry shortly ...
2015-10-18 18:07:09,188 WARN [RMCommunicator Allocator] org.apache.hadoop.ipc.Client: Address change detected. Old: msra-sa-41/10.190.173.170:8030 New: msra-sa-41:8030
2015-10-18 18:07:10,267 WARN [LeaseRenewer:msrabi@msra-sa-41:9000] org.apache.hadoop.ipc.Client: Address change detected. Old: msra-sa-41/10.190.173.170:9000 New: msra-sa-41:9000
2015-10-18 18:07:12,189 INFO [RMCommunicator Allocator] org.apache.hadoop.ipc.Client: Retrying connect to server: msra-sa-41:8030. Already tried 0 time(s); retry policy is RetryUpToMaximumCountWithFixedSleep(maxRetries=10, sleepTime=1000 MILLISECONDS)
2015-10-18 18:07:13,267 WARN [LeaseRenewer:msrabi@msra-sa-41:9000] org.apache.hadoop.ipc.Client: Address change detected. Old: msra-sa-41/10.190.173.170:9000 New: msra-sa-41:9000
2015-10-18 18:07:14,267 WARN [LeaseRenewer:msrabi@msra-sa-41:9000] org.apache.hadoop.hdfs.LeaseRenewer: Failed to renew lease for [DFSClient_NONMAPREDUCE_1537864556_1] for 136 seconds.  Will retry shortly ...
2015-10-18 18:07:16,189 ERROR [RMCommunicator Allocator] org.apache.hadoop.mapreduce.v2.app.rm.RMContainerAllocator: ERROR IN CONTACTING RM. 
2015-10-18 18:07:17,267 WARN [LeaseRenewer:msrabi@msra-sa-41:9000] org.apache.hadoop.hdfs.LeaseRenewer: Failed to renew lease for [DFSClient_NONMAPREDUCE_1537864556_1] for 139 seconds.  Will retry shortly ...
2015-10-18 18:07:19,189 WARN [RMCommunicator Allocator] org.apache.hadoop.ipc.Client: Address change detected. Old: msra-sa-41/10.190.173.170:8030 New: msra-sa-41:8030
2015-10-18 18:07:20,298 WARN [LeaseRenewer:msrabi@msra-sa-41:9000] org.apache.hadoop.ipc.Client: Address change detected. Old: msra-sa-41/10.190.173.170:9000 New: msra-sa-41:9000
2015-10-18 18:07:22,189 INFO [RMCommunicator Allocator] org.apache.hadoop.ipc.Client: Retrying connect to server: msra-sa-41:8030. Already tried 0 time(s); retry policy is RetryUpToMaximumCountWithFixedSleep(maxRetries=10, sleepTime=1000 MILLISECONDS)
2015-10-18 18:07:23,314 WARN [LeaseRenewer:msrabi@msra-sa-41:9000] org.apache.hadoop.ipc.Client: Address change detected. Old: msra-sa-41/10.190.173.170:9000 New: msra-sa-41:9000
2015-10-18 18:07:24,314 WARN [LeaseRenewer:msrabi@msra-sa-41:9000] org.apache.hadoop.hdfs.LeaseRenewer: Failed to renew lease for [DFSClient_NONMAPREDUCE_1537864556_1] for 146 seconds.  Will retry shortly ...
2015-10-18 18:07:26,189 ERROR [RMCommunicator Allocator] org.apache.hadoop.mapreduce.v2.app.rm.RMContainerAllocator: ERROR IN CONTACTING RM. 
2015-10-18 18:07:27,330 WARN [LeaseRenewer:msrabi@msra-sa-41:9000] org.apache.hadoop.hdfs.LeaseRenewer: Failed to renew lease for [DFSClient_NONMAPREDUCE_1537864556_1] for 149 seconds.  Will retry shortly ...
2015-10-18 18:07:29,190 WARN [RMCommunicator Allocator] org.apache.hadoop.ipc.Client: Address change detected. Old: msra-sa-41/10.190.173.170:8030 New: msra-sa-41:8030
2015-10-18 18:07:30,393 WARN [LeaseRenewer:msrabi@msra-sa-41:9000] org.apache.hadoop.ipc.Client: Address change detected. Old: msra-sa-41/10.190.173.170:9000 New: msra-sa-41:9000
2015-10-18 18:07:32,190 INFO [RMCommunicator Allocator] org.apache.hadoop.ipc.Client: Retrying connect to server: msra-sa-41:8030. Already tried 0 time(s); retry policy is RetryUpToMaximumCountWithFixedSleep(maxRetries=10, sleepTime=1000 MILLISECONDS)
2015-10-18 18:07:33,393 WARN [LeaseRenewer:msrabi@msra-sa-41:9000] org.apache.hadoop.ipc.Client: Address change detected. Old: msra-sa-41/10.190.173.170:9000 New: msra-sa-41:9000
2015-10-18 18:07:34,393 WARN [LeaseRenewer:msrabi@msra-sa-41:9000] org.apache.hadoop.hdfs.LeaseRenewer: Failed to renew lease for [DFSClient_NONMAPREDUCE_1537864556_1] for 156 seconds.  Will retry shortly ...
2015-10-18 18:07:36,221 ERROR [RMCommunicator Allocator] org.apache.hadoop.mapreduce.v2.app.rm.RMContainerAllocator: ERROR IN CONTACTING RM. 
2015-10-18 18:07:37,393 WARN [LeaseRenewer:msrabi@msra-sa-41:9000] org.apache.hadoop.hdfs.LeaseRenewer: Failed to renew lease for [DFSClient_NONMAPREDUCE_1537864556_1] for 159 seconds.  Will retry shortly ...
2015-10-18 18:07:39,221 WARN [RMCommunicator Allocator] org.apache.hadoop.ipc.Client: Address change detected. Old: msra-sa-41/10.190.173.170:8030 New: msra-sa-41:8030
2015-10-18 18:07:40,425 WARN [LeaseRenewer:msrabi@msra-sa-41:9000] org.apache.hadoop.ipc.Client: Address change detected. Old: msra-sa-41/10.190.173.170:9000 New: msra-sa-41:9000
2015-10-18 18:07:42,222 INFO [RMCommunicator Allocator] org.apache.hadoop.ipc.Client: Retrying connect to server: msra-sa-41:8030. Already tried 0 time(s); retry policy is RetryUpToMaximumCountWithFixedSleep(maxRetries=10, sleepTime=1000 MILLISECONDS)
2015-10-18 18:07:43,425 WARN [LeaseRenewer:msrabi@msra-sa-41:9000] org.apache.hadoop.ipc.Client: Address change detected. Old: msra-sa-41/10.190.173.170:9000 New: msra-sa-41:9000
2015-10-18 18:07:44,425 WARN [LeaseRenewer:msrabi@msra-sa-41:9000] org.apache.hadoop.hdfs.LeaseRenewer: Failed to renew lease for [DFSClient_NONMAPREDUCE_1537864556_1] for 166 seconds.  Will retry shortly ...
2015-10-18 18:07:46,222 ERROR [RMCommunicator Allocator] org.apache.hadoop.mapreduce.v2.app.rm.RMContainerAllocator: ERROR IN CONTACTING RM. 
2015-10-18 18:07:47,425 WARN [LeaseRenewer:msrabi@msra-sa-41:9000] org.apache.hadoop.hdfs.LeaseRenewer: Failed to renew lease for [DFSClient_NONMAPREDUCE_1537864556_1] for 169 seconds.  Will retry shortly ...
2015-10-18 18:07:49,238 WARN [RMCommunicator Allocator] org.apache.hadoop.ipc.Client: Address change detected. Old: msra-sa-41/10.190.173.170:8030 New: msra-sa-41:8030
2015-10-18 18:07:50,472 WARN [LeaseRenewer:msrabi@msra-sa-41:9000] org.apache.hadoop.ipc.Client: Address change detected. Old: msra-sa-41/10.190.173.170:9000 New: msra-sa-41:9000
2015-10-18 18:07:52,238 INFO [RMCommunicator Allocator] org.apache.hadoop.ipc.Client: Retrying connect to server: msra-sa-41:8030. Already tried 0 time(s); retry policy is RetryUpToMaximumCountWithFixedSleep(maxRetries=10, sleepTime=1000 MILLISECONDS)
2015-10-18 18:07:53,472 WARN [LeaseRenewer:msrabi@msra-sa-41:9000] org.apache.hadoop.ipc.Client: Address change detected. Old: msra-sa-41/10.190.173.170:9000 New: msra-sa-41:9000
2015-10-18 18:07:54,472 WARN [LeaseRenewer:msrabi@msra-sa-41:9000] org.apache.hadoop.hdfs.LeaseRenewer: Failed to renew lease for [DFSClient_NONMAPREDUCE_1537864556_1] for 177 seconds.  Will retry shortly ...
2015-10-18 18:07:56,238 ERROR [RMCommunicator Allocator] org.apache.hadoop.mapreduce.v2.app.rm.RMContainerAllocator: ERROR IN CONTACTING RM. 
2015-10-18 18:07:57,473 WARN [LeaseRenewer:msrabi@msra-sa-41:9000] org.apache.hadoop.hdfs.LeaseRenewer: Failed to renew lease for [DFSClient_NONMAPREDUCE_1537864556_1] for 180 seconds.  Will retry shortly ...
2015-10-18 18:07:59,238 WARN [RMCommunicator Allocator] org.apache.hadoop.ipc.Client: Address change detected. Old: msra-sa-41/10.190.173.170:8030 New: msra-sa-41:8030
2015-10-18 18:08:00,504 WARN [LeaseRenewer:msrabi@msra-sa-41:9000] org.apache.hadoop.ipc.Client: Address change detected. Old: msra-sa-41/10.190.173.170:9000 New: msra-sa-41:9000
2015-10-18 18:08:02,238 INFO [RMCommunicator Allocator] org.apache.hadoop.ipc.Client: Retrying connect to server: msra-sa-41:8030. Already tried 0 time(s); retry policy is RetryUpToMaximumCountWithFixedSleep(maxRetries=10, sleepTime=1000 MILLISECONDS)
2015-10-18 18:08:03,504 WARN [LeaseRenewer:msrabi@msra-sa-41:9000] org.apache.hadoop.ipc.Client: Address change detected. Old: msra-sa-41/10.190.173.170:9000 New: msra-sa-41:9000
2015-10-18 18:08:04,504 WARN [LeaseRenewer:msrabi@msra-sa-41:9000] org.apache.hadoop.hdfs.LeaseRenewer: Failed to renew lease for [DFSClient_NONMAPREDUCE_1537864556_1] for 187 seconds.  Will retry shortly ...
2015-10-18 18:08:06,239 ERROR [RMCommunicator Allocator] org.apache.hadoop.mapreduce.v2.app.rm.RMContainerAllocator: ERROR IN CONTACTING RM. 
2015-10-18 18:08:07,504 WARN [LeaseRenewer:msrabi@msra-sa-41:9000] org.apache.hadoop.hdfs.LeaseRenewer: Failed to renew lease for [DFSClient_NONMAPREDUCE_1537864556_1] for 190 seconds.  Will retry shortly ...
2015-10-18 18:08:09,239 WARN [RMCommunicator Allocator] org.apache.hadoop.ipc.Client: Address change detected. Old: msra-sa-41/10.190.173.170:8030 New: msra-sa-41:8030
2015-10-18 18:08:10,536 WARN [LeaseRenewer:msrabi@msra-sa-41:9000] org.apache.hadoop.ipc.Client: Address change detected. Old: msra-sa-41/10.190.173.170:9000 New: msra-sa-41:9000
2015-10-18 18:08:12,239 INFO [RMCommunicator Allocator] org.apache.hadoop.ipc.Client: Retrying connect to server: msra-sa-41:8030. Already tried 0 time(s); retry policy is RetryUpToMaximumCountWithFixedSleep(maxRetries=10, sleepTime=1000 MILLISECONDS)
2015-10-18 18:08:13,536 WARN [LeaseRenewer:msrabi@msra-sa-41:9000] org.apache.hadoop.ipc.Client: Address change detected. Old: msra-sa-41/10.190.173.170:9000 New: msra-sa-41:9000
2015-10-18 18:08:14,536 WARN [LeaseRenewer:msrabi@msra-sa-41:9000] org.apache.hadoop.hdfs.LeaseRenewer: Failed to renew lease for [DFSClient_NONMAPREDUCE_1537864556_1] for 197 seconds.  Will retry shortly ...
2015-10-18 18:08:16,239 ERROR [RMCommunicator Allocator] org.apache.hadoop.mapreduce.v2.app.rm.RMContainerAllocator: ERROR IN CONTACTING RM. 
2015-10-18 18:08:17,536 WARN [LeaseRenewer:msrabi@msra-sa-41:9000] org.apache.hadoop.hdfs.LeaseRenewer: Failed to renew lease for [DFSClient_NONMAPREDUCE_1537864556_1] for 200 seconds.  Will retry shortly ...
2015-10-18 18:08:19,255 WARN [RMCommunicator Allocator] org.apache.hadoop.ipc.Client: Address change detected. Old: msra-sa-41/10.190.173.170:8030 New: msra-sa-41:8030
2015-10-18 18:08:20,536 WARN [LeaseRenewer:msrabi@msra-sa-41:9000] org.apache.hadoop.ipc.Client: Address change detected. Old: msra-sa-41/10.190.173.170:9000 New: msra-sa-41:9000
2015-10-18 18:08:22,287 INFO [RMCommunicator Allocator] org.apache.hadoop.ipc.Client: Retrying connect to server: msra-sa-41:8030. Already tried 0 time(s); retry policy is RetryUpToMaximumCountWithFixedSleep(maxRetries=10, sleepTime=1000 MILLISECONDS)
2015-10-18 18:08:23,537 WARN [LeaseRenewer:msrabi@msra-sa-41:9000] org.apache.hadoop.ipc.Client: Address change detected. Old: msra-sa-41/10.190.173.170:9000 New: msra-sa-41:9000
2015-10-18 18:08:24,537 WARN [LeaseRenewer:msrabi@msra-sa-41:9000] org.apache.hadoop.hdfs.LeaseRenewer: Failed to renew lease for [DFSClient_NONMAPREDUCE_1537864556_1] for 207 seconds.  Will retry shortly ...
2015-10-18 18:08:26,302 ERROR [RMCommunicator Allocator] org.apache.hadoop.mapreduce.v2.app.rm.RMContainerAllocator: ERROR IN CONTACTING RM. 
2015-10-18 18:08:27,537 WARN [LeaseRenewer:msrabi@msra-sa-41:9000] org.apache.hadoop.hdfs.LeaseRenewer: Failed to renew lease for [DFSClient_NONMAPREDUCE_1537864556_1] for 210 seconds.  Will retry shortly ...
2015-10-18 18:08:29,303 WARN [RMCommunicator Allocator] org.apache.hadoop.ipc.Client: Address change detected. Old: msra-sa-41/10.190.173.170:8030 New: msra-sa-41:8030
2015-10-18 18:08:30,537 WARN [LeaseRenewer:msrabi@msra-sa-41:9000] org.apache.hadoop.ipc.Client: Address change detected. Old: msra-sa-41/10.190.173.170:9000 New: msra-sa-41:9000
2015-10-18 18:08:32,334 INFO [RMCommunicator Allocator] org.apache.hadoop.ipc.Client: Retrying connect to server: msra-sa-41:8030. Already tried 0 time(s); retry policy is RetryUpToMaximumCountWithFixedSleep(maxRetries=10, sleepTime=1000 MILLISECONDS)
2015-10-18 18:08:33,537 WARN [LeaseRenewer:msrabi@msra-sa-41:9000] org.apache.hadoop.ipc.Client: Address change detected. Old: msra-sa-41/10.190.173.170:9000 New: msra-sa-41:9000
2015-10-18 18:08:34,537 WARN [LeaseRenewer:msrabi@msra-sa-41:9000] org.apache.hadoop.hdfs.LeaseRenewer: Failed to renew lease for [DFSClient_NONMAPREDUCE_1537864556_1] for 217 seconds.  Will retry shortly ...
2015-10-18 18:08:36,334 ERROR [RMCommunicator Allocator] org.apache.hadoop.mapreduce.v2.app.rm.RMContainerAllocator: ERROR IN CONTACTING RM. 
2015-10-18 18:08:37,553 WARN [LeaseRenewer:msrabi@msra-sa-41:9000] org.apache.hadoop.hdfs.LeaseRenewer: Failed to renew lease for [DFSClient_NONMAPREDUCE_1537864556_1] for 220 seconds.  Will retry shortly ...
2015-10-18 18:08:39,334 WARN [RMCommunicator Allocator] org.apache.hadoop.ipc.Client: Address change detected. Old: msra-sa-41/10.190.173.170:8030 New: msra-sa-41:8030
2015-10-18 18:08:40,569 WARN [LeaseRenewer:msrabi@msra-sa-41:9000] org.apache.hadoop.ipc.Client: Address change detected. Old: msra-sa-41/10.190.173.170:9000 New: msra-sa-41:9000
2015-10-18 18:08:42,366 INFO [RMCommunicator Allocator] org.apache.hadoop.ipc.Client: Retrying connect to server: msra-sa-41:8030. Already tried 0 time(s); retry policy is RetryUpToMaximumCountWithFixedSleep(maxRetries=10, sleepTime=1000 MILLISECONDS)
2015-10-18 18:08:43,569 WARN [LeaseRenewer:msrabi@msra-sa-41:9000] org.apache.hadoop.ipc.Client: Address change detected. Old: msra-sa-41/10.190.173.170:9000 New: msra-sa-41:9000
2015-10-18 18:08:44,569 WARN [LeaseRenewer:msrabi@msra-sa-41:9000] org.apache.hadoop.hdfs.LeaseRenewer: Failed to renew lease for [DFSClient_NONMAPREDUCE_1537864556_1] for 227 seconds.  Will retry shortly ...
2015-10-18 18:08:46,366 ERROR [RMCommunicator Allocator] org.apache.hadoop.mapreduce.v2.app.rm.RMContainerAllocator: ERROR IN CONTACTING RM. 
2015-10-18 18:08:47,569 WARN [LeaseRenewer:msrabi@msra-sa-41:9000] org.apache.hadoop.hdfs.LeaseRenewer: Failed to renew lease for [DFSClient_NONMAPREDUCE_1537864556_1] for 230 seconds.  Will retry shortly ...
2015-10-18 18:08:49,382 WARN [RMCommunicator Allocator] org.apache.hadoop.ipc.Client: Address change detected. Old: msra-sa-41/10.190.173.170:8030 New: msra-sa-41:8030
2015-10-18 18:08:50,585 WARN [LeaseRenewer:msrabi@msra-sa-41:9000] org.apache.hadoop.ipc.Client: Address change detected. Old: msra-sa-41/10.190.173.170:9000 New: msra-sa-41:9000
2015-10-18 18:08:52,429 INFO [RMCommunicator Allocator] org.apache.hadoop.ipc.Client: Retrying connect to server: msra-sa-41:8030. Already tried 0 time(s); retry policy is RetryUpToMaximumCountWithFixedSleep(maxRetries=10, sleepTime=1000 MILLISECONDS)
2015-10-18 18:08:53,601 WARN [LeaseRenewer:msrabi@msra-sa-41:9000] org.apache.hadoop.ipc.Client: Address change detected. Old: msra-sa-41/10.190.173.170:9000 New: msra-sa-41:9000
2015-10-18 18:08:54,601 WARN [LeaseRenewer:msrabi@msra-sa-41:9000] org.apache.hadoop.hdfs.LeaseRenewer: Failed to renew lease for [DFSClient_NONMAPREDUCE_1537864556_1] for 237 seconds.  Will retry shortly ...
2015-10-18 18:08:56,429 ERROR [RMCommunicator Allocator] org.apache.hadoop.mapreduce.v2.app.rm.RMContainerAllocator: ERROR IN CONTACTING RM. 
2015-10-18 18:08:57,601 WARN [LeaseRenewer:msrabi@msra-sa-41:9000] org.apache.hadoop.hdfs.LeaseRenewer: Failed to renew lease for [DFSClient_NONMAPREDUCE_1537864556_1] for 240 seconds.  Will retry shortly ...
2015-10-18 18:08:59,429 WARN [RMCommunicator Allocator] org.apache.hadoop.ipc.Client: Address change detected. Old: msra-sa-41/10.190.173.170:8030 New: msra-sa-41:8030
2015-10-18 18:09:00,601 WARN [LeaseRenewer:msrabi@msra-sa-41:9000] org.apache.hadoop.ipc.Client: Address change detected. Old: msra-sa-41/10.190.173.170:9000 New: msra-sa-41:9000
2015-10-18 18:09:02,461 INFO [RMCommunicator Allocator] org.apache.hadoop.ipc.Client: Retrying connect to server: msra-sa-41:8030. Already tried 0 time(s); retry policy is RetryUpToMaximumCountWithFixedSleep(maxRetries=10, sleepTime=1000 MILLISECONDS)
2015-10-18 18:09:03,602 WARN [LeaseRenewer:msrabi@msra-sa-41:9000] org.apache.hadoop.ipc.Client: Address change detected. Old: msra-sa-41/10.190.173.170:9000 New: msra-sa-41:9000
2015-10-18 18:09:04,602 WARN [LeaseRenewer:msrabi@msra-sa-41:9000] org.apache.hadoop.hdfs.LeaseRenewer: Failed to renew lease for [DFSClient_NONMAPREDUCE_1537864556_1] for 247 seconds.  Will retry shortly ...
2015-10-18 18:09:06,461 ERROR [RMCommunicator Allocator] org.apache.hadoop.mapreduce.v2.app.rm.RMContainerAllocator: ERROR IN CONTACTING RM. 
2015-10-18 18:09:07,602 WARN [LeaseRenewer:msrabi@msra-sa-41:9000] org.apache.hadoop.hdfs.LeaseRenewer: Failed to renew lease for [DFSClient_NONMAPREDUCE_1537864556_1] for 250 seconds.  Will retry shortly ...
2015-10-18 18:09:09,461 WARN [RMCommunicator Allocator] org.apache.hadoop.ipc.Client: Address change detected. Old: msra-sa-41/10.190.173.170:8030 New: msra-sa-41:8030
2015-10-18 18:09:10,618 WARN [LeaseRenewer:msrabi@msra-sa-41:9000] org.apache.hadoop.ipc.Client: Address change detected. Old: msra-sa-41/10.190.173.170:9000 New: msra-sa-41:9000
2015-10-18 18:09:12,461 INFO [RMCommunicator Allocator] org.apache.hadoop.ipc.Client: Retrying connect to server: msra-sa-41:8030. Already tried 0 time(s); retry policy is RetryUpToMaximumCountWithFixedSleep(maxRetries=10, sleepTime=1000 MILLISECONDS)
2015-10-18 18:09:13,649 WARN [LeaseRenewer:msrabi@msra-sa-41:9000] org.apache.hadoop.ipc.Client: Address change detected. Old: msra-sa-41/10.190.173.170:9000 New: msra-sa-41:9000
2015-10-18 18:09:14,649 WARN [LeaseRenewer:msrabi@msra-sa-41:9000] org.apache.hadoop.hdfs.LeaseRenewer: Failed to renew lease for [DFSClient_NONMAPREDUCE_1537864556_1] for 257 seconds.  Will retry shortly ...
2015-10-18 18:09:16,462 ERROR [RMCommunicator Allocator] org.apache.hadoop.mapreduce.v2.app.rm.RMContainerAllocator: ERROR IN CONTACTING RM. 
2015-10-18 18:09:17,649 WARN [LeaseRenewer:msrabi@msra-sa-41:9000] org.apache.hadoop.hdfs.LeaseRenewer: Failed to renew lease for [DFSClient_NONMAPREDUCE_1537864556_1] for 260 seconds.  Will retry shortly ...
2015-10-18 18:09:19,462 WARN [RMCommunicator Allocator] org.apache.hadoop.ipc.Client: Address change detected. Old: msra-sa-41/10.190.173.170:8030 New: msra-sa-41:8030
2015-10-18 18:09:20,649 WARN [LeaseRenewer:msrabi@msra-sa-41:9000] org.apache.hadoop.ipc.Client: Address change detected. Old: msra-sa-41/10.190.173.170:9000 New: msra-sa-41:9000
2015-10-18 18:09:22,462 INFO [RMCommunicator Allocator] org.apache.hadoop.ipc.Client: Retrying connect to server: msra-sa-41:8030. Already tried 0 time(s); retry policy is RetryUpToMaximumCountWithFixedSleep(maxRetries=10, sleepTime=1000 MILLISECONDS)
2015-10-18 18:09:23,681 WARN [LeaseRenewer:msrabi@msra-sa-41:9000] org.apache.hadoop.ipc.Client: Address change detected. Old: msra-sa-41/10.190.173.170:9000 New: msra-sa-41:9000
2015-10-18 18:09:24,681 WARN [LeaseRenewer:msrabi@msra-sa-41:9000] org.apache.hadoop.hdfs.LeaseRenewer: Failed to renew lease for [DFSClient_NONMAPREDUCE_1537864556_1] for 267 seconds.  Will retry shortly ...
2015-10-18 18:09:26,462 ERROR [RMCommunicator Allocator] org.apache.hadoop.mapreduce.v2.app.rm.RMContainerAllocator: ERROR IN CONTACTING RM. 
2015-10-18 18:09:27,681 WARN [LeaseRenewer:msrabi@msra-sa-41:9000] org.apache.hadoop.hdfs.LeaseRenewer: Failed to renew lease for [DFSClient_NONMAPREDUCE_1537864556_1] for 270 seconds.  Will retry shortly ...
2015-10-18 18:09:29,462 WARN [RMCommunicator Allocator] org.apache.hadoop.ipc.Client: Address change detected. Old: msra-sa-41/10.190.173.170:8030 New: msra-sa-41:8030
2015-10-18 18:09:30,681 WARN [LeaseRenewer:msrabi@msra-sa-41:9000] org.apache.hadoop.ipc.Client: Address change detected. Old: msra-sa-41/10.190.173.170:9000 New: msra-sa-41:9000
2015-10-18 18:09:32,463 INFO [RMCommunicator Allocator] org.apache.hadoop.ipc.Client: Retrying connect to server: msra-sa-41:8030. Already tried 0 time(s); retry policy is RetryUpToMaximumCountWithFixedSleep(maxRetries=10, sleepTime=1000 MILLISECONDS)
2015-10-18 18:09:33,728 WARN [LeaseRenewer:msrabi@msra-sa-41:9000] org.apache.hadoop.ipc.Client: Address change detected. Old: msra-sa-41/10.190.173.170:9000 New: msra-sa-41:9000
2015-10-18 18:09:34,728 WARN [LeaseRenewer:msrabi@msra-sa-41:9000] org.apache.hadoop.hdfs.LeaseRenewer: Failed to renew lease for [DFSClient_NONMAPREDUCE_1537864556_1] for 277 seconds.  Will retry shortly ...
2015-10-18 18:09:36,463 ERROR [RMCommunicator Allocator] org.apache.hadoop.mapreduce.v2.app.rm.RMContainerAllocator: ERROR IN CONTACTING RM. 
2015-10-18 18:09:37,729 WARN [LeaseRenewer:msrabi@msra-sa-41:9000] org.apache.hadoop.hdfs.LeaseRenewer: Failed to renew lease for [DFSClient_NONMAPREDUCE_1537864556_1] for 280 seconds.  Will retry shortly ...
2015-10-18 18:09:39,479 WARN [RMCommunicator Allocator] org.apache.hadoop.ipc.Client: Address change detected. Old: msra-sa-41/10.190.173.170:8030 New: msra-sa-41:8030
2015-10-18 18:09:40,729 WARN [LeaseRenewer:msrabi@msra-sa-41:9000] org.apache.hadoop.ipc.Client: Address change detected. Old: msra-sa-41/10.190.173.170:9000 New: msra-sa-41:9000
2015-10-18 18:09:42,479 INFO [RMCommunicator Allocator] org.apache.hadoop.ipc.Client: Retrying connect to server: msra-sa-41:8030. Already tried 0 time(s); retry policy is RetryUpToMaximumCountWithFixedSleep(maxRetries=10, sleepTime=1000 MILLISECONDS)
2015-10-18 18:09:43,760 WARN [LeaseRenewer:msrabi@msra-sa-41:9000] org.apache.hadoop.ipc.Client: Address change detected. Old: msra-sa-41/10.190.173.170:9000 New: msra-sa-41:9000
2015-10-18 18:09:44,760 WARN [LeaseRenewer:msrabi@msra-sa-41:9000] org.apache.hadoop.hdfs.LeaseRenewer: Failed to renew lease for [DFSClient_NONMAPREDUCE_1537864556_1] for 287 seconds.  Will retry shortly ...
2015-10-18 18:09:46,495 ERROR [RMCommunicator Allocator] org.apache.hadoop.mapreduce.v2.app.rm.RMContainerAllocator: ERROR IN CONTACTING RM. 
2015-10-18 18:09:47,776 WARN [LeaseRenewer:msrabi@msra-sa-41:9000] org.apache.hadoop.hdfs.LeaseRenewer: Failed to renew lease for [DFSClient_NONMAPREDUCE_1537864556_1] for 290 seconds.  Will retry shortly ...
2015-10-18 18:09:49,511 WARN [RMCommunicator Allocator] org.apache.hadoop.ipc.Client: Address change detected. Old: msra-sa-41/10.190.173.170:8030 New: msra-sa-41:8030
2015-10-18 18:09:50,792 WARN [LeaseRenewer:msrabi@msra-sa-41:9000] org.apache.hadoop.ipc.Client: Address change detected. Old: msra-sa-41/10.190.173.170:9000 New: msra-sa-41:9000
2015-10-18 18:09:52,511 INFO [RMCommunicator Allocator] org.apache.hadoop.ipc.Client: Retrying connect to server: msra-sa-41:8030. Already tried 0 time(s); retry policy is RetryUpToMaximumCountWithFixedSleep(maxRetries=10, sleepTime=1000 MILLISECONDS)
2015-10-18 18:09:53,823 WARN [LeaseRenewer:msrabi@msra-sa-41:9000] org.apache.hadoop.ipc.Client: Address change detected. Old: msra-sa-41/10.190.173.170:9000 New: msra-sa-41:9000
2015-10-18 18:09:54,823 WARN [LeaseRenewer:msrabi@msra-sa-41:9000] org.apache.hadoop.hdfs.LeaseRenewer: Failed to renew lease for [DFSClient_NONMAPREDUCE_1537864556_1] for 297 seconds.  Will retry shortly ...
2015-10-18 18:09:56,511 ERROR [RMCommunicator Allocator] org.apache.hadoop.mapreduce.v2.app.rm.RMContainerAllocator: ERROR IN CONTACTING RM. 
2015-10-18 18:09:57,824 WARN [LeaseRenewer:msrabi@msra-sa-41:9000] org.apache.hadoop.hdfs.LeaseRenewer: Failed to renew lease for [DFSClient_NONMAPREDUCE_1537864556_1] for 300 seconds.  Will retry shortly ...
2015-10-18 18:09:59,511 WARN [RMCommunicator Allocator] org.apache.hadoop.ipc.Client: Address change detected. Old: msra-sa-41/10.190.173.170:8030 New: msra-sa-41:8030
2015-10-18 18:10:00,824 WARN [LeaseRenewer:msrabi@msra-sa-41:9000] org.apache.hadoop.ipc.Client: Address change detected. Old: msra-sa-41/10.190.173.170:9000 New: msra-sa-41:9000
2015-10-18 18:10:02,511 INFO [RMCommunicator Allocator] org.apache.hadoop.ipc.Client: Retrying connect to server: msra-sa-41:8030. Already tried 0 time(s); retry policy is RetryUpToMaximumCountWithFixedSleep(maxRetries=10, sleepTime=1000 MILLISECONDS)
2015-10-18 18:10:03,855 WARN [LeaseRenewer:msrabi@msra-sa-41:9000] org.apache.hadoop.ipc.Client: Address change detected. Old: msra-sa-41/10.190.173.170:9000 New: msra-sa-41:9000
2015-10-18 18:10:04,980 WARN [LeaseRenewer:msrabi@msra-sa-41:9000] org.apache.hadoop.hdfs.LeaseRenewer: Failed to renew lease for [DFSClient_NONMAPREDUCE_1537864556_1] for 307 seconds.  Will retry shortly ...
2015-10-18 18:10:06,512 ERROR [RMCommunicator Allocator] org.apache.hadoop.mapreduce.v2.app.rm.RMContainerAllocator: ERROR IN CONTACTING RM. 
2015-10-18 18:10:07,980 WARN [LeaseRenewer:msrabi@msra-sa-41:9000] org.apache.hadoop.hdfs.LeaseRenewer: Failed to renew lease for [DFSClient_NONMAPREDUCE_1537864556_1] for 310 seconds.  Will retry shortly ...
2015-10-18 18:10:09,527 WARN [RMCommunicator Allocator] org.apache.hadoop.ipc.Client: Address change detected. Old: msra-sa-41/10.190.173.170:8030 New: msra-sa-41:8030
2015-10-18 18:10:10,981 WARN [LeaseRenewer:msrabi@msra-sa-41:9000] org.apache.hadoop.ipc.Client: Address change detected. Old: msra-sa-41/10.190.173.170:9000 New: msra-sa-41:9000
2015-10-18 18:10:12,528 INFO [RMCommunicator Allocator] org.apache.hadoop.ipc.Client: Retrying connect to server: msra-sa-41:8030. Already tried 0 time(s); retry policy is RetryUpToMaximumCountWithFixedSleep(maxRetries=10, sleepTime=1000 MILLISECONDS)
2015-10-18 18:10:14,012 WARN [LeaseRenewer:msrabi@msra-sa-41:9000] org.apache.hadoop.ipc.Client: Address change detected. Old: msra-sa-41/10.190.173.170:9000 New: msra-sa-41:9000
2015-10-18 18:10:15,012 WARN [LeaseRenewer:msrabi@msra-sa-41:9000] org.apache.hadoop.hdfs.LeaseRenewer: Failed to renew lease for [DFSClient_NONMAPREDUCE_1537864556_1] for 317 seconds.  Will retry shortly ...
2015-10-18 18:10:16,528 ERROR [RMCommunicator Allocator] org.apache.hadoop.mapreduce.v2.app.rm.RMContainerAllocator: ERROR IN CONTACTING RM. 
2015-10-18 18:10:18,012 WARN [LeaseRenewer:msrabi@msra-sa-41:9000] org.apache.hadoop.hdfs.LeaseRenewer: Failed to renew lease for [DFSClient_NONMAPREDUCE_1537864556_1] for 320 seconds.  Will retry shortly ...
2015-10-18 18:10:19,528 WARN [RMCommunicator Allocator] org.apache.hadoop.ipc.Client: Address change detected. Old: msra-sa-41/10.190.173.170:8030 New: msra-sa-41:8030
2015-10-18 18:10:21,012 WARN [LeaseRenewer:msrabi@msra-sa-41:9000] org.apache.hadoop.ipc.Client: Address change detected. Old: msra-sa-41/10.190.173.170:9000 New: msra-sa-41:9000
2015-10-18 18:10:22,528 INFO [RMCommunicator Allocator] org.apache.hadoop.ipc.Client: Retrying connect to server: msra-sa-41:8030. Already tried 0 time(s); retry policy is RetryUpToMaximumCountWithFixedSleep(maxRetries=10, sleepTime=1000 MILLISECONDS)
2015-10-18 18:10:24,044 WARN [LeaseRenewer:msrabi@msra-sa-41:9000] org.apache.hadoop.ipc.Client: Address change detected. Old: msra-sa-41/10.190.173.170:9000 New: msra-sa-41:9000
2015-10-18 18:10:25,044 WARN [LeaseRenewer:msrabi@msra-sa-41:9000] org.apache.hadoop.hdfs.LeaseRenewer: Failed to renew lease for [DFSClient_NONMAPREDUCE_1537864556_1] for 327 seconds.  Will retry shortly ...
2015-10-18 18:10:26,528 ERROR [RMCommunicator Allocator] org.apache.hadoop.mapreduce.v2.app.rm.RMContainerAllocator: ERROR IN CONTACTING RM. 
2015-10-18 18:10:28,044 WARN [LeaseRenewer:msrabi@msra-sa-41:9000] org.apache.hadoop.hdfs.LeaseRenewer: Failed to renew lease for [DFSClient_NONMAPREDUCE_1537864556_1] for 330 seconds.  Will retry shortly ...
2015-10-18 18:10:29,544 WARN [RMCommunicator Allocator] org.apache.hadoop.ipc.Client: Address change detected. Old: msra-sa-41/10.190.173.170:8030 New: msra-sa-41:8030
2015-10-18 18:10:31,044 WARN [LeaseRenewer:msrabi@msra-sa-41:9000] org.apache.hadoop.ipc.Client: Address change detected. Old: msra-sa-41/10.190.173.170:9000 New: msra-sa-41:9000
2015-10-18 18:10:32,544 INFO [RMCommunicator Allocator] org.apache.hadoop.ipc.Client: Retrying connect to server: msra-sa-41:8030. Already tried 0 time(s); retry policy is RetryUpToMaximumCountWithFixedSleep(maxRetries=10, sleepTime=1000 MILLISECONDS)
2015-10-18 18:10:34,091 WARN [LeaseRenewer:msrabi@msra-sa-41:9000] org.apache.hadoop.ipc.Client: Address change detected. Old: msra-sa-41/10.190.173.170:9000 New: msra-sa-41:9000
2015-10-18 18:10:35,091 WARN [LeaseRenewer:msrabi@msra-sa-41:9000] org.apache.hadoop.hdfs.LeaseRenewer: Failed to renew lease for [DFSClient_NONMAPREDUCE_1537864556_1] for 337 seconds.  Will retry shortly ...
2015-10-18 18:10:36,545 ERROR [RMCommunicator Allocator] org.apache.hadoop.mapreduce.v2.app.rm.RMContainerAllocator: ERROR IN CONTACTING RM. 
2015-10-18 18:10:38,107 WARN [LeaseRenewer:msrabi@msra-sa-41:9000] org.apache.hadoop.hdfs.LeaseRenewer: Failed to renew lease for [DFSClient_NONMAPREDUCE_1537864556_1] for 340 seconds.  Will retry shortly ...
2015-10-18 18:10:39,545 WARN [RMCommunicator Allocator] org.apache.hadoop.ipc.Client: Address change detected. Old: msra-sa-41/10.190.173.170:8030 New: msra-sa-41:8030
2015-10-18 18:10:41,107 WARN [LeaseRenewer:msrabi@msra-sa-41:9000] org.apache.hadoop.ipc.Client: Address change detected. Old: msra-sa-41/10.190.173.170:9000 New: msra-sa-41:9000
2015-10-18 18:10:42,545 INFO [RMCommunicator Allocator] org.apache.hadoop.ipc.Client: Retrying connect to server: msra-sa-41:8030. Already tried 0 time(s); retry policy is RetryUpToMaximumCountWithFixedSleep(maxRetries=10, sleepTime=1000 MILLISECONDS)
2015-10-18 18:10:44,139 WARN [LeaseRenewer:msrabi@msra-sa-41:9000] org.apache.hadoop.ipc.Client: Address change detected. Old: msra-sa-41/10.190.173.170:9000 New: msra-sa-41:9000
2015-10-18 18:10:45,139 WARN [LeaseRenewer:msrabi@msra-sa-41:9000] org.apache.hadoop.hdfs.LeaseRenewer: Failed to renew lease for [DFSClient_NONMAPREDUCE_1537864556_1] for 347 seconds.  Will retry shortly ...
2015-10-18 18:10:46,545 ERROR [RMCommunicator Allocator] org.apache.hadoop.mapreduce.v2.app.rm.RMContainerAllocator: ERROR IN CONTACTING RM. 
2015-10-18 18:10:48,139 WARN [LeaseRenewer:msrabi@msra-sa-41:9000] org.apache.hadoop.hdfs.LeaseRenewer: Failed to renew lease for [DFSClient_NONMAPREDUCE_1537864556_1] for 350 seconds.  Will retry shortly ...
2015-10-18 18:10:49,545 WARN [RMCommunicator Allocator] org.apache.hadoop.ipc.Client: Address change detected. Old: msra-sa-41/10.190.173.170:8030 New: msra-sa-41:8030
2015-10-18 18:10:51,155 WARN [LeaseRenewer:msrabi@msra-sa-41:9000] org.apache.hadoop.ipc.Client: Address change detected. Old: msra-sa-41/10.190.173.170:9000 New: msra-sa-41:9000
2015-10-18 18:10:52,546 INFO [RMCommunicator Allocator] org.apache.hadoop.ipc.Client: Retrying connect to server: msra-sa-41:8030. Already tried 0 time(s); retry policy is RetryUpToMaximumCountWithFixedSleep(maxRetries=10, sleepTime=1000 MILLISECONDS)
2015-10-18 18:10:54,202 WARN [LeaseRenewer:msrabi@msra-sa-41:9000] org.apache.hadoop.ipc.Client: Address change detected. Old: msra-sa-41/10.190.173.170:9000 New: msra-sa-41:9000
