2015-10-18 18:01:48,963 INFO [main] org.apache.hadoop.mapreduce.v2.app.MRAppMaster: Executing with tokens:
2015-10-18 18:01:50,556 INFO [main] org.apache.hadoop.yarn.event.AsyncDispatcher: Registering class org.apache.hadoop.mapreduce.v2.app.job.event.TaskEventType for class org.apache.hadoop.mapreduce.v2.app.MRAppMaster$TaskEventDispatcher
2015-10-18 18:01:50,666 INFO [main] org.apache.hadoop.mapreduce.v2.jobhistory.JobHistoryUtils: Default file system [hdfs://msra-sa-41:9000]
2015-10-18 18:01:51,322 INFO [main] org.apache.hadoop.mapreduce.v2.app.job.impl.JobImpl: Adding job token for job_1445144423722_0020 to jobTokenSecretManager
2015-10-18 18:01:51,775 INFO [Socket Reader #1 for port 62260] org.apache.hadoop.ipc.Server: Starting Socket Reader #1 for port 62260
2015-10-18 18:01:51,916 INFO [main] org.apache.hadoop.http.HttpServer2: Added global filter 'safety' (class=org.apache.hadoop.http.HttpServer2$QuotingInputFilter)
2015-10-18 18:01:52,088 INFO [main] org.mortbay.log: Extract jar:file:/D:/hadoop-2.6.0-localbox/share/hadoop/yarn/hadoop-yarn-common-2.6.0-SNAPSHOT.jar!/webapps/mapreduce to C:\Users\msrabi\AppData\Local\Temp\Jetty_0_0_0_0_62267_mapreduce____.8n7xum\webapp
2015-10-18 18:01:53,447 INFO [main] org.apache.hadoop.mapreduce.v2.app.rm.RMContainerRequestor: maxTaskFailuresPerNode is 3
2015-10-18 18:01:53,713 INFO [main] org.apache.hadoop.mapreduce.v2.app.rm.RMContainerAllocator: queue: default
2015-10-18 18:01:53,869 INFO [AsyncDispatcher event handler] org.apache.hadoop.yarn.util.RackResolver: Resolved MSRA-SA-41.fareast.corp.microsoft.com to /default-rack
2015-10-18 18:01:53,869 INFO [AsyncDispatcher event handler] org.apache.hadoop.mapreduce.v2.app.job.impl.TaskImpl: task_1445144423722_0020_m_000002 Task Transitioned from NEW to SCHEDULED
2015-10-18 18:01:53,869 INFO [AsyncDispatcher event handler] org.apache.hadoop.yarn.util.RackResolver: Resolved MSRA-SA-39.fareast.corp.microsoft.com to /default-rack
2015-10-18 18:01:53,885 INFO [AsyncDispatcher event handler] org.apache.hadoop.yarn.util.RackResolver: Resolved MSRA-SA-41.fareast.corp.microsoft.com to /default-rack
2015-10-18 18:01:53,885 INFO [AsyncDispatcher event handler] org.apache.hadoop.mapreduce.v2.app.job.impl.TaskImpl: task_1445144423722_0020_m_000009 Task Transitioned from NEW to SCHEDULED
2015-10-18 18:01:53,885 INFO [AsyncDispatcher event handler] org.apache.hadoop.mapreduce.v2.app.job.impl.TaskAttemptImpl: attempt_1445144423722_0020_m_000005_0 TaskAttempt Transitioned from NEW to UNASSIGNED
2015-10-18 18:01:53,900 INFO [eventHandlingThread] org.apache.hadoop.mapreduce.jobhistory.JobHistoryEventHandler: Event Writer setup for JobId: job_1445144423722_0020, File: hdfs://msra-sa-41:9000/tmp/hadoop-yarn/staging/msrabi/.staging/job_1445144423722_0020/job_1445144423722_0020_1.jhist
2015-10-18 18:01:55,854 INFO [RMCommunicator Allocator] org.apache.hadoop.mapreduce.v2.app.rm.RMContainerAllocator: Reduce slow start threshold not met. completedMapsForReduceSlowstart 1
2015-10-18 18:01:57,072 INFO [AsyncDispatcher event handler] org.apache.hadoop.yarn.util.RackResolver: Resolved 04DN8IQ.fareast.corp.microsoft.com to /default-rack
2015-10-18 18:01:57,291 INFO [ContainerLauncher #0] org.apache.hadoop.mapreduce.v2.app.launcher.ContainerLauncherImpl: Processing the event EventType: CONTAINER_REMOTE_LAUNCH for container container_1445144423722_0020_01_000002 taskAttempt attempt_1445144423722_0020_m_000000_0
2015-10-18 18:01:57,447 INFO [AsyncDispatcher event handler] org.apache.hadoop.mapreduce.v2.app.job.impl.TaskImpl: task_1445144423722_0020_m_000000 Task Transitioned from SCHEDULED to RUNNING
2015-10-18 18:01:58,916 INFO [RMCommunicator Allocator] org.apache.hadoop.mapreduce.v2.app.rm.RMContainerAllocator: Recalculating schedule, headroom=<memory:5120, vCores:-22>
2015-10-18 18:01:58,916 INFO [ContainerLauncher #1] org.apache.hadoop.yarn.client.api.impl.ContainerManagementProtocolProxy: Opening proxy : MININT-FNANLI5.fareast.corp.microsoft.com:52368
2015-10-18 18:01:59,948 INFO [RMCommunicator Allocator] org.apache.hadoop.mapreduce.v2.app.rm.RMContainerAllocator: Recalculating schedule, headroom=<memory:4096, vCores:-23>
2015-10-18 18:02:00,963 INFO [RMCommunicator Allocator] org.apache.hadoop.mapreduce.v2.app.rm.RMContainerAllocator: After Scheduling: PendingReds:1 ScheduledMaps:7 ScheduledReds:0 AssignedMaps:3 AssignedReds:0 CompletedMaps:0 CompletedReds:0 ContAlloc:3 ContRel:0 HostLocal:0 RackLocal:3
2015-10-18 18:02:01,041 INFO [AsyncDispatcher event handler] org.apache.hadoop.mapreduce.v2.app.job.impl.TaskAttemptImpl: TaskAttempt: [attempt_1445144423722_0020_m_000002_0] using containerId: [container_1445144423722_0020_01_000004 on NM: [MININT-FNANLI5.fareast.corp.microsoft.com:52368]
2015-10-18 18:02:02,104 INFO [Socket Reader #1 for port 62270] SecurityLogger.org.apache.hadoop.ipc.Server: Auth successful for job_1445144423722_0020 (auth:SIMPLE)
2015-10-18 18:02:05,229 INFO [RMCommunicator Allocator] org.apache.hadoop.mapreduce.v2.app.rm.RMContainerAllocator: Recalculating schedule, headroom=<memory:0, vCores:-27>
2015-10-18 18:02:07,573 INFO [RMCommunicator Allocator] org.apache.hadoop.mapreduce.v2.app.rm.RMContainerAllocator: Recalculating schedule, headroom=<memory:0, vCores:-27>
2015-10-18 18:02:10,667 INFO [RMCommunicator Allocator] org.apache.hadoop.mapreduce.v2.app.rm.RMContainerAllocator: Reduce slow start threshold not met. completedMapsForReduceSlowstart 1
2015-10-18 18:02:12,855 INFO [IPC Server handler 13 on 62270] org.apache.hadoop.mapred.TaskAttemptListenerImpl: JVM with ID: jvm_1445144423722_0020_m_000004 given task: attempt_1445144423722_0020_m_000002_0
2015-10-18 18:02:17,027 INFO [IPC Server handler 14 on 62270] org.apache.hadoop.mapred.TaskAttemptListenerImpl: Progress of TaskAttempt attempt_1445144423722_0020_m_000000_0 is : 0.023958297
2015-10-18 18:02:20,168 INFO [RMCommunicator Allocator] org.apache.hadoop.mapreduce.v2.app.rm.RMContainerAllocator: Recalculating schedule, headroom=<memory:0, vCores:-27>
2015-10-18 18:02:22,402 INFO [RMCommunicator Allocator] org.apache.hadoop.mapreduce.v2.app.rm.RMContainerAllocator: Reduce slow start threshold not met. completedMapsForReduceSlowstart 1
2015-10-18 18:02:25,058 INFO [IPC Server handler 14 on 62270] org.apache.hadoop.mapred.TaskAttemptListenerImpl: Progress of TaskAttempt attempt_1445144423722_0020_m_000002_0 is : 0.06741504
2015-10-18 18:02:27,965 INFO [IPC Server handler 13 on 62270] org.apache.hadoop.mapred.TaskAttemptListenerImpl: Progress of TaskAttempt attempt_1445144423722_0020_m_000000_0 is : 0.10635664
2015-10-18 18:02:30,949 INFO [RMCommunicator Allocator] org.apache.hadoop.mapreduce.v2.app.rm.RMContainerAllocator: Recalculating schedule, headroom=<memory:0, vCores:-27>
2015-10-18 18:02:33,012 INFO [RMCommunicator Allocator] org.apache.hadoop.mapreduce.v2.app.rm.RMContainerAllocator: Recalculating schedule, headroom=<memory:0, vCores:-27>
2015-10-18 18:02:35,809 INFO [IPC Server handler 11 on 62270] org.apache.hadoop.mapred.TaskAttemptListenerImpl: Progress of TaskAttempt attempt_1445144423722_0020_m_000001_0 is : 0.1066108
2015-10-18 18:02:38,200 INFO [RMCommunicator Allocator] org.apache.hadoop.mapreduce.v2.app.rm.RMContainerAllocator: Reduce slow start threshold not met. completedMapsForReduceSlowstart 1
2015-10-18 18:02:40,247 INFO [RMCommunicator Allocator] org.apache.hadoop.mapreduce.v2.app.rm.RMContainerAllocator: Reduce slow start threshold not met. completedMapsForReduceSlowstart 1
2015-10-18 18:02:43,263 INFO [IPC Server handler 14 on 62270] org.apache.hadoop.mapred.TaskAttemptListenerImpl: Progress of TaskAttempt attempt_1445144423722_0020_m_000002_0 is : 0.10660437
2015-10-18 18:02:45,841 INFO [IPC Server handler 9 on 62270] org.apache.hadoop.mapred.TaskAttemptListenerImpl: Progress of TaskAttempt attempt_1445144423722_0020_m_000000_0 is : 0.10635664
2015-10-18 18:02:47,497 INFO [RMCommunicator Allocator] org.apache.hadoop.mapreduce.v2.app.rm.RMContainerAllocator: Recalculating schedule, headroom=<memory:0, vCores:-27>
2015-10-18 18:02:47,685 INFO [ContainerLauncher #3] org.apache.hadoop.yarn.client.api.impl.ContainerManagementProtocolProxy: Opening proxy : MSRA-SA-41.fareast.corp.microsoft.com:7109
2015-10-18 18:02:48,544 INFO [RMCommunicator Allocator] org.apache.hadoop.mapreduce.v2.app.rm.RMContainerAllocator: Recalculating schedule, headroom=<memory:0, vCores:-27>
2015-10-18 18:02:50,513 INFO [Socket Reader #1 for port 62270] SecurityLogger.org.apache.hadoop.ipc.Server: Auth successful for job_1445144423722_0020 (auth:SIMPLE)
2015-10-18 18:02:52,716 INFO [RMCommunicator Allocator] org.apache.hadoop.mapreduce.v2.app.rm.RMContainerAllocator: Recalculating schedule, headroom=<memory:0, vCores:-27>
2015-10-18 18:02:54,826 INFO [RMCommunicator Allocator] org.apache.hadoop.mapreduce.v2.app.rm.RMContainerAllocator: Recalculating schedule, headroom=<memory:0, vCores:-27>
2015-10-18 18:02:57,060 INFO [IPC Server handler 27 on 62270] org.apache.hadoop.mapred.TaskAttemptListenerImpl: Progress of TaskAttempt attempt_1445144423722_0020_m_000001_0 is : 0.10875365
2015-10-18 18:02:59,654 INFO [IPC Server handler 9 on 62270] org.apache.hadoop.mapred.TaskAttemptListenerImpl: Progress of TaskAttempt attempt_1445144423722_0020_m_000000_0 is : 0.10635664
2015-10-18 18:03:01,201 INFO [RMCommunicator Allocator] org.apache.hadoop.mapreduce.v2.app.rm.RMContainerAllocator: Reduce slow start threshold not met. completedMapsForReduceSlowstart 1
2015-10-18 18:03:03,795 INFO [IPC Server handler 27 on 62270] org.apache.hadoop.mapred.TaskAttemptListenerImpl: Progress of TaskAttempt attempt_1445144423722_0020_m_000003_0 is : 0.106493875
2015-10-18 18:03:06,561 INFO [RMCommunicator Allocator] org.apache.hadoop.mapreduce.v2.app.rm.RMContainerAllocator: Reduce slow start threshold not met. completedMapsForReduceSlowstart 1
2015-10-18 18:03:08,655 INFO [RMCommunicator Allocator] org.apache.hadoop.mapreduce.v2.app.rm.RMContainerAllocator: Recalculating schedule, headroom=<memory:0, vCores:-27>
2015-10-18 18:03:10,733 INFO [RMCommunicator Allocator] org.apache.hadoop.mapreduce.v2.app.rm.RMContainerAllocator: Recalculating schedule, headroom=<memory:0, vCores:-27>
2015-10-18 18:03:12,874 INFO [IPC Server handler 13 on 62270] org.apache.hadoop.mapred.TaskAttemptListenerImpl: Progress of TaskAttempt attempt_1445144423722_0020_m_000003_0 is : 0.19209063
2015-10-18 18:03:14,843 INFO [RMCommunicator Allocator] org.apache.hadoop.mapreduce.v2.app.rm.RMContainerAllocator: Reduce slow start threshold not met. completedMapsForReduceSlowstart 1
2015-10-18 18:03:17,562 INFO [IPC Server handler 5 on 62270] org.apache.hadoop.mapred.TaskAttemptListenerImpl: Progress of TaskAttempt attempt_1445144423722_0020_m_000001_0 is : 0.19211523
2015-10-18 18:03:20,077 INFO [RMCommunicator Allocator] org.apache.hadoop.mapreduce.v2.app.rm.RMContainerAllocator: Recalculating schedule, headroom=<memory:0, vCores:-27>
2015-10-18 18:03:22,109 INFO [IPC Server handler 3 on 62270] org.apache.hadoop.mapred.TaskAttemptListenerImpl: Progress of TaskAttempt attempt_1445144423722_0020_m_000003_0 is : 0.27765483
2015-10-18 18:03:24,546 INFO [RMCommunicator Allocator] org.apache.hadoop.mapreduce.v2.app.rm.RMContainerAllocator: Reduce slow start threshold not met. completedMapsForReduceSlowstart 1
2015-10-18 18:03:26,984 INFO [RMCommunicator Allocator] org.apache.hadoop.mapreduce.v2.app.rm.RMContainerAllocator: Reduce slow start threshold not met. completedMapsForReduceSlowstart 1
2015-10-18 18:03:29,297 INFO [RMCommunicator Allocator] org.apache.hadoop.mapreduce.v2.app.rm.RMContainerAllocator: Recalculating schedule, headroom=<memory:0, vCores:-27>
2015-10-18 18:03:31,656 INFO [RMCommunicator Allocator] org.apache.hadoop.mapreduce.v2.app.rm.RMContainerAllocator: Reduce slow start threshold not met. completedMapsForReduceSlowstart 1
2015-10-18 18:03:34,422 INFO [IPC Server handler 14 on 62270] org.apache.hadoop.mapred.TaskAttemptListenerImpl: Progress of TaskAttempt attempt_1445144423722_0020_m_000003_0 is : 0.36323506
2015-10-18 18:03:36,297 INFO [RMCommunicator Allocator] org.apache.hadoop.mapreduce.v2.app.rm.RMContainerAllocator: Reduce slow start threshold not met. completedMapsForReduceSlowstart 1
2015-10-18 18:03:38,875 INFO [IPC Server handler 13 on 62270] org.apache.hadoop.mapred.TaskAttemptListenerImpl: Progress of TaskAttempt attempt_1445144423722_0020_m_000001_0 is : 0.24035259
2015-10-18 18:03:41,766 INFO [RMCommunicator Allocator] org.apache.hadoop.mapreduce.v2.app.rm.RMContainerAllocator: Recalculating schedule, headroom=<memory:0, vCores:-27>
2015-10-18 18:03:43,766 INFO [IPC Server handler 4 on 62270] org.apache.hadoop.mapred.TaskAttemptListenerImpl: Progress of TaskAttempt attempt_1445144423722_0020_m_000003_0 is : 0.4486067
2015-10-18 18:03:46,157 INFO [RMCommunicator Allocator] org.apache.hadoop.mapreduce.v2.app.rm.RMContainerAllocator: Recalculating schedule, headroom=<memory:0, vCores:-27>
2015-10-18 18:03:48,204 INFO [RMCommunicator Allocator] org.apache.hadoop.mapreduce.v2.app.rm.RMContainerAllocator: Reduce slow start threshold not met. completedMapsForReduceSlowstart 1
2015-10-18 18:03:50,267 INFO [RMCommunicator Allocator] org.apache.hadoop.mapreduce.v2.app.rm.RMContainerAllocator: Recalculating schedule, headroom=<memory:0, vCores:-27>
2015-10-18 18:03:52,861 INFO [IPC Server handler 14 on 62270] org.apache.hadoop.mapred.TaskAttemptListenerImpl: Progress of TaskAttempt attempt_1445144423722_0020_m_000000_0 is : 0.27696857
2015-10-18 18:03:55,408 INFO [RMCommunicator Allocator] org.apache.hadoop.mapreduce.v2.app.rm.RMContainerAllocator: Got allocated containers 2
2015-10-18 18:03:55,408 INFO [AsyncDispatcher event handler] org.apache.hadoop.mapreduce.v2.app.job.impl.TaskAttemptImpl: attempt_1445144423722_0020_m_000004_0 TaskAttempt Transitioned from UNASSIGNED to ASSIGNED
2015-10-18 18:03:55,595 INFO [ContainerLauncher #5] org.apache.hadoop.mapreduce.v2.app.launcher.ContainerLauncherImpl: Launching attempt_1445144423722_0020_m_000005_0
2015-10-18 18:03:55,939 INFO [ContainerLauncher #5] org.apache.hadoop.mapreduce.v2.app.launcher.ContainerLauncherImpl: Shuffle port returned by ContainerManager for attempt_1445144423722_0020_m_000005_0 : 13562
2015-10-18 18:03:56,361 INFO [IPC Server handler 9 on 62270] org.apache.hadoop.mapred.TaskAttemptListenerImpl: Progress of TaskAttempt attempt_1445144423722_0020_m_000000_0 is : 0.27696857
2015-10-18 18:03:56,455 INFO [AsyncDispatcher event handler] org.apache.hadoop.yarn.util.RackResolver: Resolved MSRA-SA-41.fareast.corp.microsoft.com to /default-rack
2015-10-18 18:03:56,798 INFO [AsyncDispatcher event handler] org.apache.hadoop.mapreduce.v2.app.job.impl.TaskAttemptImpl: TaskAttempt: [attempt_1445144423722_0020_m_000006_0] using containerId: [container_1445144423722_0020_01_000008 on NM: [MSRA-SA-41.fareast.corp.microsoft.com:7109]
2015-10-18 18:03:57,564 INFO [IPC Server handler 12 on 62270] org.apache.hadoop.mapred.TaskAttemptListenerImpl: JVM with ID : jvm_1445144423722_0020_m_000006 asked for a task
2015-10-18 18:03:58,611 INFO [IPC Server handler 20 on 62270] org.apache.hadoop.mapred.TaskAttemptListenerImpl: JVM with ID : jvm_1445144423722_0020_m_000008 asked for a task
2015-10-18 18:03:59,642 INFO [RMCommunicator Allocator] org.apache.hadoop.mapreduce.v2.app.rm.RMContainerAllocator: Reduce slow start threshold not met. completedMapsForReduceSlowstart 1
2015-10-18 18:04:02,080 INFO [IPC Server handler 10 on 62270] org.apache.hadoop.mapred.TaskAttemptListenerImpl: Progress of TaskAttempt attempt_1445144423722_0020_m_000003_0 is : 0.5806522
2015-10-18 18:04:03,799 INFO [RMCommunicator Allocator] org.apache.hadoop.mapreduce.v2.app.rm.RMContainerAllocator: Reduce slow start threshold not met. completedMapsForReduceSlowstart 1
2015-10-18 18:04:04,877 INFO [AsyncDispatcher event handler] org.apache.hadoop.yarn.util.RackResolver: Resolved MSRA-SA-41.fareast.corp.microsoft.com to /default-rack
2015-10-18 18:04:05,127 INFO [ContainerLauncher #7] org.apache.hadoop.mapreduce.v2.app.launcher.ContainerLauncherImpl: Shuffle port returned by ContainerManager for attempt_1445144423722_0020_m_000007_0 : 13562
2015-10-18 18:04:05,893 INFO [RMCommunicator Allocator] org.apache.hadoop.mapreduce.v2.app.rm.RMContainerAllocator: Recalculating schedule, headroom=<memory:0, vCores:-27>
2015-10-18 18:04:06,971 INFO [IPC Server handler 27 on 62270] org.apache.hadoop.mapred.TaskAttemptListenerImpl: JVM with ID : jvm_1445144423722_0020_m_000009 asked for a task
2015-10-18 18:04:07,955 INFO [RMCommunicator Allocator] org.apache.hadoop.mapreduce.v2.app.rm.RMContainerAllocator: Reduce slow start threshold not met. completedMapsForReduceSlowstart 1
2015-10-18 18:04:08,065 INFO [ContainerLauncher #8] org.apache.hadoop.yarn.client.api.impl.ContainerManagementProtocolProxy: Opening proxy : MSRA-SA-39.fareast.corp.microsoft.com:28345
2015-10-18 18:04:08,877 INFO [IPC Server handler 20 on 62270] org.apache.hadoop.mapred.TaskAttemptListenerImpl: Progress of TaskAttempt attempt_1445144423722_0020_m_000006_0 is : 0.106964506
2015-10-18 18:04:08,987 INFO [AsyncDispatcher event handler] org.apache.hadoop.yarn.util.RackResolver: Resolved MSRA-SA-39.fareast.corp.microsoft.com to /default-rack
2015-10-18 18:04:09,268 INFO [AsyncDispatcher event handler] org.apache.hadoop.mapreduce.v2.app.job.impl.TaskAttemptImpl: attempt_1445144423722_0020_m_000009_0 TaskAttempt Transitioned from ASSIGNED to RUNNING
2015-10-18 18:04:10,002 INFO [RMCommunicator Allocator] org.apache.hadoop.mapreduce.v2.app.rm.RMContainerAllocator: Recalculating schedule, headroom=<memory:0, vCores:-27>
2015-10-18 18:04:11,034 INFO [RMCommunicator Allocator] org.apache.hadoop.mapreduce.v2.app.rm.RMContainerAllocator: Received completed container container_1445144423722_0020_01_000012
2015-10-18 18:04:11,643 INFO [IPC Server handler 23 on 62270] org.apache.hadoop.mapred.TaskAttemptListenerImpl: JVM with ID : jvm_1445144423722_0020_m_000010 asked for a task
2015-10-18 18:04:12,143 INFO [IPC Server handler 10 on 62270] org.apache.hadoop.mapred.TaskAttemptListenerImpl: JVM with ID: jvm_1445144423722_0020_m_000011 given task: attempt_1445144423722_0020_m_000009_0
2015-10-18 18:04:14,159 INFO [IPC Server handler 5 on 62270] org.apache.hadoop.mapred.TaskAttemptListenerImpl: Progress of TaskAttempt attempt_1445144423722_0020_m_000007_0 is : 0.10681946
2015-10-18 18:04:17,237 INFO [IPC Server handler 0 on 62270] org.apache.hadoop.mapred.TaskAttemptListenerImpl: Progress of TaskAttempt attempt_1445144423722_0020_m_000007_0 is : 0.10681946
2015-10-18 18:04:20,206 INFO [IPC Server handler 18 on 62270] org.apache.hadoop.mapred.TaskAttemptListenerImpl: Progress of TaskAttempt attempt_1445144423722_0020_m_000001_0 is : 0.3512319
2015-10-18 18:04:22,019 INFO [IPC Server handler 3 on 62270] org.apache.hadoop.mapred.TaskAttemptListenerImpl: Progress of TaskAttempt attempt_1445144423722_0020_m_000008_0 is : 0.106881365
2015-10-18 18:04:23,972 INFO [IPC Server handler 3 on 62270] org.apache.hadoop.mapred.TaskAttemptListenerImpl: Progress of TaskAttempt attempt_1445144423722_0020_m_000002_0 is : 0.36317363
2015-10-18 18:04:26,488 INFO [IPC Server handler 14 on 62270] org.apache.hadoop.mapred.TaskAttemptListenerImpl: Progress of TaskAttempt attempt_1445144423722_0020_m_000007_0 is : 0.19255035
2015-10-18 18:04:28,800 INFO [IPC Server handler 19 on 62270] org.apache.hadoop.mapred.TaskAttemptListenerImpl: Progress of TaskAttempt attempt_1445144423722_0020_m_000009_0 is : 0.295472
2015-10-18 18:04:30,816 INFO [IPC Server handler 4 on 62270] org.apache.hadoop.mapred.TaskAttemptListenerImpl: Progress of TaskAttempt attempt_1445144423722_0020_m_000002_0 is : 0.36317363
2015-10-18 18:04:32,738 INFO [IPC Server handler 29 on 62270] org.apache.hadoop.mapred.TaskAttemptListenerImpl: Progress of TaskAttempt attempt_1445144423722_0020_m_000003_0 is : 0.80356
2015-10-18 18:04:35,410 INFO [IPC Server handler 20 on 62270] org.apache.hadoop.mapred.TaskAttemptListenerImpl: Progress of TaskAttempt attempt_1445144423722_0020_m_000005_0 is : 0.32285523
2015-10-18 18:04:37,957 INFO [IPC Server handler 29 on 62270] org.apache.hadoop.mapred.TaskAttemptListenerImpl: Progress of TaskAttempt attempt_1445144423722_0020_m_000009_0 is : 0.5323719
2015-10-18 18:04:39,457 INFO [IPC Server handler 3 on 62270] org.apache.hadoop.mapred.TaskAttemptListenerImpl: Progress of TaskAttempt attempt_1445144423722_0020_m_000006_0 is : 0.36404583
2015-10-18 18:04:41,739 INFO [IPC Server handler 17 on 62270] org.apache.hadoop.mapred.TaskAttemptListenerImpl: Progress of TaskAttempt attempt_1445144423722_0020_m_000007_0 is : 0.27825075
2015-10-18 18:04:44,864 INFO [IPC Server handler 17 on 62270] org.apache.hadoop.mapred.TaskAttemptListenerImpl: Progress of TaskAttempt attempt_1445144423722_0020_m_000001_0 is : 0.36319977
2015-10-18 18:04:45,754 INFO [IPC Server handler 12 on 62270] org.apache.hadoop.mapred.TaskAttemptListenerImpl: Progress of TaskAttempt attempt_1445144423722_0020_m_000009_0 is : 0.5323719
2015-10-18 18:04:48,864 INFO [IPC Server handler 3 on 62270] org.apache.hadoop.mapred.TaskAttemptListenerImpl: Progress of TaskAttempt attempt_1445144423722_0020_m_000006_0 is : 0.4156165
2015-10-18 18:04:50,208 INFO [ContainerLauncher #0] org.apache.hadoop.mapreduce.v2.app.launcher.ContainerLauncherImpl: Processing the event EventType: CONTAINER_REMOTE_CLEANUP for container container_1445144423722_0020_01_000005 taskAttempt attempt_1445144423722_0020_m_000003_0
2015-10-18 18:04:50,755 INFO [AsyncDispatcher event handler] org.apache.hadoop.mapreduce.v2.app.job.impl.TaskImpl: task_1445144423722_0020_m_000003 Task Transitioned from RUNNING to SUCCEEDED
2015-10-18 18:04:51,145 INFO [IPC Server handler 20 on 62270] org.apache.hadoop.mapred.TaskAttemptListenerImpl: Progress of TaskAttempt attempt_1445144423722_0020_m_000007_0 is : 0.3638923
2015-10-18 18:04:51,755 INFO [AsyncDispatcher event handler] org.apache.hadoop.yarn.util.RackResolver: Resolved MSRA-SA-41.fareast.corp.microsoft.com to /default-rack
2015-10-18 18:04:52,552 INFO [AsyncDispatcher event handler] org.apache.hadoop.mapreduce.v2.app.job.impl.TaskAttemptImpl: Diagnostics report from attempt_1445144423722_0020_m_000003_0: Container killed by the ApplicationMaster.
2015-10-18 18:04:54,693 INFO [IPC Server handler 8 on 62270] org.apache.hadoop.mapred.TaskAttemptListenerImpl: Progress of TaskAttempt attempt_1445144423722_0020_m_000005_0 is : 0.44950968
2015-10-18 18:04:57,427 INFO [IPC Server handler 8 on 62270] org.apache.hadoop.mapred.TaskAttemptListenerImpl: Progress of TaskAttempt attempt_1445144423722_0020_m_000008_0 is : 0.34610128
2015-10-18 18:05:27,570 WARN [LeaseRenewer:msrabi@msra-sa-41:9000] org.apache.hadoop.hdfs.LeaseRenewer: Failed to renew lease for [DFSClient_NONMAPREDUCE_1537864556_1] for 30 seconds.  Will retry shortly ...
2015-10-18 18:05:31,570 WARN [LeaseRenewer:msrabi@msra-sa-41:9000] org.apache.hadoop.ipc.Client: Address change detected. Old: msra-sa-41/10.190.173.170:9000 New: msra-sa-41:9000
2015-10-18 18:05:34,570 WARN [LeaseRenewer:msrabi@msra-sa-41:9000] org.apache.hadoop.hdfs.LeaseRenewer: Failed to renew lease for [DFSClient_NONMAPREDUCE_1537864556_1] for 37 seconds.  Will retry shortly ...
2015-10-18 18:05:38,617 WARN [LeaseRenewer:msrabi@msra-sa-41:9000] org.apache.hadoop.ipc.Client: Address change detected. Old: msra-sa-41/10.190.173.170:9000 New: msra-sa-41:9000
2015-10-18 18:05:41,617 WARN [LeaseRenewer:msrabi@msra-sa-41:9000] org.apache.hadoop.hdfs.LeaseRenewer: Failed to renew lease for [DFSClient_NONMAPREDUCE_1537864556_1] for 44 seconds.  Will retry shortly ...
2015-10-18 18:05:45,633 WARN [LeaseRenewer:msrabi@msra-sa-41:9000] org.apache.hadoop.ipc.Client: Address change detected. Old: msra-sa-41/10.190.173.170:9000 New: msra-sa-41:9000
2015-10-18 18:05:48,680 WARN [LeaseRenewer:msrabi@msra-sa-41:9000] org.apache.hadoop.hdfs.LeaseRenewer: Failed to renew lease for [DFSClient_NONMAPREDUCE_1537864556_1] for 51 seconds.  Will retry shortly ...
2015-10-18 18:05:52,680 WARN [LeaseRenewer:msrabi@msra-sa-41:9000] org.apache.hadoop.ipc.Client: Address change detected. Old: msra-sa-41/10.190.173.170:9000 New: msra-sa-41:9000
2015-10-18 18:05:55,696 WARN [LeaseRenewer:msrabi@msra-sa-41:9000] org.apache.hadoop.hdfs.LeaseRenewer: Failed to renew lease for [DFSClient_NONMAPREDUCE_1537864556_1] for 58 seconds.  Will retry shortly ...
2015-10-18 18:05:57,024 WARN [DataStreamer for file /tmp/hadoop-yarn/staging/msrabi/.staging/job_1445144423722_0020/job_1445144423722_0020_1.jhist block BP-1347369012-10.190.173.170-1444972147527:blk_1073743512_2731] org.apache.hadoop.hdfs.DFSClient: DataStreamer Exception
2015-10-18 18:06:00,731 WARN [LeaseRenewer:msrabi@msra-sa-41:9000] org.apache.hadoop.ipc.Client: Address change detected. Old: msra-sa-41/10.190.173.170:9000 New: msra-sa-41:9000
2015-10-18 18:06:02,841 WARN [RMCommunicator Allocator] org.apache.hadoop.ipc.Client: Address change detected. Old: msra-sa-41/10.190.173.170:8030 New: msra-sa-41:8030
2015-10-18 18:06:04,809 WARN [LeaseRenewer:msrabi@msra-sa-41:9000] org.apache.hadoop.hdfs.LeaseRenewer: Failed to renew lease for [DFSClient_NONMAPREDUCE_1537864556_1] for 67 seconds.  Will retry shortly ...
2015-10-18 18:06:06,294 INFO [IPC Server handler 18 on 62270] org.apache.hadoop.mapred.TaskAttemptListenerImpl: Progress of TaskAttempt attempt_1445144423722_0020_m_000002_0 is : 0.38137424
2015-10-18 18:06:07,950 ERROR [RMCommunicator Allocator] org.apache.hadoop.mapreduce.v2.app.rm.RMContainerAllocator: ERROR IN CONTACTING RM. 
2015-10-18 18:06:09,919 WARN [LeaseRenewer:msrabi@msra-sa-41:9000] org.apache.hadoop.hdfs.LeaseRenewer: Failed to renew lease for [DFSClient_NONMAPREDUCE_1537864556_1] for 72 seconds.  Will retry shortly ...
2015-10-18 18:06:11,935 WARN [LeaseRenewer:msrabi@msra-sa-41:9000] org.apache.hadoop.hdfs.LeaseRenewer: Failed to renew lease for [DFSClient_NONMAPREDUCE_1537864556_1] for 74 seconds.  Will retry shortly ...
2015-10-18 18:06:13,013 WARN [RMCommunicator Allocator] org.apache.hadoop.ipc.Client: Address change detected. Old: msra-sa-41/10.190.173.170:8030 New: msra-sa-41:8030
2015-10-18 18:06:15,013 WARN [RMCommunicator Allocator] org.apache.hadoop.ipc.Client: Address change detected. Old: msra-sa-41/10.190.173.170:8030 New: msra-sa-41:8030
2015-10-18 18:06:16,982 WARN [LeaseRenewer:msrabi@msra-sa-41:9000] org.apache.hadoop.ipc.Client: Address change detected. Old: msra-sa-41/10.190.173.170:9000 New: msra-sa-41:9000
2015-10-18 18:06:18,763 INFO [IPC Server handler 12 on 62270] org.apache.hadoop.mapred.TaskAttemptListenerImpl: Progress of TaskAttempt attempt_1445144423722_0020_m_000001_0 is : 0.37551183
2015-10-18 18:06:20,076 INFO [RMCommunicator Allocator] org.apache.hadoop.ipc.Client: Retrying connect to server: msra-sa-41:8030. Already tried 0 time(s); retry policy is RetryUpToMaximumCountWithFixedSleep(maxRetries=10, sleepTime=1000 MILLISECONDS)
2015-10-18 18:06:22,045 WARN [LeaseRenewer:msrabi@msra-sa-41:9000] org.apache.hadoop.hdfs.LeaseRenewer: Failed to renew lease for [DFSClient_NONMAPREDUCE_1537864556_1] for 84 seconds.  Will retry shortly ...
2015-10-18 18:06:24,045 WARN [LeaseRenewer:msrabi@msra-sa-41:9000] org.apache.hadoop.ipc.Client: Address change detected. Old: msra-sa-41/10.190.173.170:9000 New: msra-sa-41:9000
2015-10-18 18:06:25,107 WARN [RMCommunicator Allocator] org.apache.hadoop.ipc.Client: Address change detected. Old: msra-sa-41/10.190.173.170:8030 New: msra-sa-41:8030
2015-10-18 18:06:26,029 INFO [ContainerLauncher #1] org.apache.hadoop.mapreduce.v2.app.launcher.ContainerLauncherImpl: Processing the event EventType: CONTAINER_REMOTE_CLEANUP for container container_1445144423722_0020_01_000004 taskAttempt attempt_1445144423722_0020_m_000002_0
2015-10-18 18:06:26,123 INFO [AsyncDispatcher event handler] org.apache.hadoop.mapreduce.v2.app.job.impl.TaskAttemptImpl: attempt_1445144423722_0020_m_000002_0 TaskAttempt Transitioned from FAIL_CONTAINER_CLEANUP to FAIL_TASK_CLEANUP
2015-10-18 18:06:26,139 INFO [AsyncDispatcher event handler] org.apache.hadoop.mapreduce.v2.app.job.impl.TaskAttemptImpl: attempt_1445144423722_0020_m_000002_1 TaskAttempt Transitioned from NEW to UNASSIGNED
2015-10-18 18:06:27,108 INFO [RMCommunicator Allocator] org.apache.hadoop.mapreduce.v2.app.rm.RMContainerAllocator: Before Scheduling: PendingReds:0 ScheduledMaps:2 ScheduledReds:1 AssignedMaps:9 AssignedReds:0 CompletedMaps:1 CompletedReds:0 ContAlloc:11 ContRel:1 HostLocal:7 RackLocal:3
2015-10-18 18:06:28,170 INFO [IPC Server handler 0 on 62270] org.apache.hadoop.mapred.TaskAttemptListenerImpl: Progress of TaskAttempt attempt_1445144423722_0020_m_000001_0 is : 0.37551183
2015-10-18 18:06:28,217 INFO [ContainerLauncher #2] org.apache.hadoop.yarn.client.api.impl.ContainerManagementProtocolProxy: Opening proxy : MININT-FNANLI5.fareast.corp.microsoft.com:52368
2015-10-18 18:06:28,248 INFO [AsyncDispatcher event handler] org.apache.hadoop.yarn.util.RackResolver: Resolved MSRA-SA-41.fareast.corp.microsoft.com to /default-rack
2015-10-18 18:06:29,108 WARN [RMCommunicator Allocator] org.apache.hadoop.ipc.Client: Address change detected. Old: msra-sa-41/10.190.173.170:8030 New: msra-sa-41:8030
2015-10-18 18:06:31,108 WARN [RMCommunicator Allocator] org.apache.hadoop.ipc.Client: Address change detected. Old: msra-sa-41/10.190.173.170:8030 New: msra-sa-41:8030
2015-10-18 18:06:33,108 WARN [RMCommunicator Allocator] org.apache.hadoop.ipc.Client: Address change detected. Old: msra-sa-41/10.190.173.170:8030 New: msra-sa-41:8030
2015-10-18 18:06:35,108 WARN [RMCommunicator Allocator] org.apache.hadoop.ipc.Client: Address change detected. Old: msra-sa-41/10.190.173.170:8030 New: msra-sa-41:8030
2015-10-18 18:06:37,108 WARN [LeaseRenewer:msrabi@msra-sa-41:9000] org.apache.hadoop.hdfs.LeaseRenewer: Failed to renew lease for [DFSClient_NONMAPREDUCE_1537864556_1] for 99 seconds.  Will retry shortly ...
2015-10-18 18:06:39,140 WARN [LeaseRenewer:msrabi@msra-sa-41:9000] org.apache.hadoop.hdfs.LeaseRenewer: Failed to renew lease for [DFSClient_NONMAPREDUCE_1537864556_1] for 101 seconds.  Will retry shortly ...
2015-10-18 18:06:41,140 WARN [LeaseRenewer:msrabi@msra-sa-41:9000] org.apache.hadoop.hdfs.LeaseRenewer: Failed to renew lease for [DFSClient_NONMAPREDUCE_1537864556_1] for 103 seconds.  Will retry shortly ...
2015-10-18 18:06:43,156 WARN [LeaseRenewer:msrabi@msra-sa-41:9000] org.apache.hadoop.hdfs.LeaseRenewer: Failed to renew lease for [DFSClient_NONMAPREDUCE_1537864556_1] for 105 seconds.  Will retry shortly ...
2015-10-18 18:06:45,156 WARN [LeaseRenewer:msrabi@msra-sa-41:9000] org.apache.hadoop.hdfs.LeaseRenewer: Failed to renew lease for [DFSClient_NONMAPREDUCE_1537864556_1] for 107 seconds.  Will retry shortly ...
2015-10-18 18:06:47,156 WARN [LeaseRenewer:msrabi@msra-sa-41:9000] org.apache.hadoop.hdfs.LeaseRenewer: Failed to renew lease for [DFSClient_NONMAPREDUCE_1537864556_1] for 109 seconds.  Will retry shortly ...
2015-10-18 18:06:49,203 WARN [LeaseRenewer:msrabi@msra-sa-41:9000] org.apache.hadoop.hdfs.LeaseRenewer: Failed to renew lease for [DFSClient_NONMAPREDUCE_1537864556_1] for 111 seconds.  Will retry shortly ...
2015-10-18 18:06:51,203 WARN [LeaseRenewer:msrabi@msra-sa-41:9000] org.apache.hadoop.hdfs.LeaseRenewer: Failed to renew lease for [DFSClient_NONMAPREDUCE_1537864556_1] for 113 seconds.  Will retry shortly ...
2015-10-18 18:06:53,203 WARN [LeaseRenewer:msrabi@msra-sa-41:9000] org.apache.hadoop.hdfs.LeaseRenewer: Failed to renew lease for [DFSClient_NONMAPREDUCE_1537864556_1] for 115 seconds.  Will retry shortly ...
2015-10-18 18:06:55,203 WARN [LeaseRenewer:msrabi@msra-sa-41:9000] org.apache.hadoop.hdfs.LeaseRenewer: Failed to renew lease for [DFSClient_NONMAPREDUCE_1537864556_1] for 117 seconds.  Will retry shortly ...
2015-10-18 18:06:57,203 WARN [LeaseRenewer:msrabi@msra-sa-41:9000] org.apache.hadoop.hdfs.LeaseRenewer: Failed to renew lease for [DFSClient_NONMAPREDUCE_1537864556_1] for 119 seconds.  Will retry shortly ...
2015-10-18 18:06:59,203 WARN [LeaseRenewer:msrabi@msra-sa-41:9000] org.apache.hadoop.hdfs.LeaseRenewer: Failed to renew lease for [DFSClient_NONMAPREDUCE_1537864556_1] for 121 seconds.  Will retry shortly ...
2015-10-18 18:07:01,219 WARN [LeaseRenewer:msrabi@msra-sa-41:9000] org.apache.hadoop.hdfs.LeaseRenewer: Failed to renew lease for [DFSClient_NONMAPREDUCE_1537864556_1] for 123 seconds.  Will retry shortly ...
2015-10-18 18:07:03,219 WARN [LeaseRenewer:msrabi@msra-sa-41:9000] org.apache.hadoop.hdfs.LeaseRenewer: Failed to renew lease for [DFSClient_NONMAPREDUCE_1537864556_1] for 125 seconds.  Will retry shortly ...
2015-10-18 18:07:05,219 WARN [LeaseRenewer:msrabi@msra-sa-41:9000] org.apache.hadoop.hdfs.LeaseRenewer: Failed to renew lease for [DFSClient_NONMAPREDUCE_1537864556_1] for 127 seconds.  Will retry shortly ...
2015-10-18 18:07:07,219 WARN [LeaseRenewer:msrabi@msra-sa-41:9000] org.apache.hadoop.hdfs.LeaseRenewer: Failed to renew lease for [DFSClient_NONMAPREDUCE_1537864556_1] for 129 seconds.  Will retry shortly ...
2015-10-18 18:07:09,266 WARN [LeaseRenewer:msrabi@msra-sa-41:9000] org.apache.hadoop.hdfs.LeaseRenewer: Failed to renew lease for [DFSClient_NONMAPREDUCE_1537864556_1] for 131 seconds.  Will retry shortly ...
2015-10-18 18:07:11,267 WARN [LeaseRenewer:msrabi@msra-sa-41:9000] org.apache.hadoop.hdfs.LeaseRenewer: Failed to renew lease for [DFSClient_NONMAPREDUCE_1537864556_1] for 133 seconds.  Will retry shortly ...
2015-10-18 18:07:13,267 WARN [LeaseRenewer:msrabi@msra-sa-41:9000] org.apache.hadoop.hdfs.LeaseRenewer: Failed to renew lease for [DFSClient_NONMAPREDUCE_1537864556_1] for 135 seconds.  Will retry shortly ...
2015-10-18 18:07:15,267 WARN [LeaseRenewer:msrabi@msra-sa-41:9000] org.apache.hadoop.hdfs.LeaseRenewer: Failed to renew lease for [DFSClient_NONMAPREDUCE_1537864556_1] for 137 seconds.  Will retry shortly ...
2015-10-18 18:07:17,267 WARN [LeaseRenewer:msrabi@msra-sa-41:9000] org.apache.hadoop.hdfs.LeaseRenewer: Failed to renew lease for [DFSClient_NONMAPREDUCE_1537864556_1] for 139 seconds.  Will retry shortly ...
2015-10-18 18:07:19,298 WARN [LeaseRenewer:msrabi@msra-sa-41:9000] org.apache.hadoop.hdfs.LeaseRenewer: Failed to renew lease for [DFSClient_NONMAPREDUCE_1537864556_1] for 141 seconds.  Will retry shortly ...
2015-10-18 18:07:21,298 WARN [LeaseRenewer:msrabi@msra-sa-41:9000] org.apache.hadoop.hdfs.LeaseRenewer: Failed to renew lease for [DFSClient_NONMAPREDUCE_1537864556_1] for 143 seconds.  Will retry shortly ...
2015-10-18 18:07:23,314 WARN [LeaseRenewer:msrabi@msra-sa-41:9000] org.apache.hadoop.hdfs.LeaseRenewer: Failed to renew lease for [DFSClient_NONMAPREDUCE_1537864556_1] for 145 seconds.  Will retry shortly ...
2015-10-18 18:07:25,314 WARN [LeaseRenewer:msrabi@msra-sa-41:9000] org.apache.hadoop.hdfs.LeaseRenewer: Failed to renew lease for [DFSClient_NONMAPREDUCE_1537864556_1] for 147 seconds.  Will retry shortly ...
2015-10-18 18:07:27,330 WARN [LeaseRenewer:msrabi@msra-sa-41:9000] org.apache.hadoop.hdfs.LeaseRenewer: Failed to renew lease for [DFSClient_NONMAPREDUCE_1537864556_1] for 149 seconds.  Will retry shortly ...
2015-10-18 18:07:29,393 WARN [LeaseRenewer:msrabi@msra-sa-41:9000] org.apache.hadoop.hdfs.LeaseRenewer: Failed to renew lease for [DFSClient_NONMAPREDUCE_1537864556_1] for 151 seconds.  Will retry shortly ...
2015-10-18 18:07:31,393 WARN [LeaseRenewer:msrabi@msra-sa-41:9000] org.apache.hadoop.hdfs.LeaseRenewer: Failed to renew lease for [DFSClient_NONMAPREDUCE_1537864556_1] for 153 seconds.  Will retry shortly ...
2015-10-18 18:07:33,393 WARN [LeaseRenewer:msrabi@msra-sa-41:9000] org.apache.hadoop.hdfs.LeaseRenewer: Failed to renew lease for [DFSClient_NONMAPREDUCE_1537864556_1] for 155 seconds.  Will retry shortly ...
2015-10-18 18:07:35,393 WARN [LeaseRenewer:msrabi@msra-sa-41:9000] org.apache.hadoop.hdfs.LeaseRenewer: Failed to renew lease for [DFSClient_NONMAPREDUCE_1537864556_1] for 157 seconds.  Will retry shortly ...
2015-10-18 18:07:37,393 WARN [LeaseRenewer:msrabi@msra-sa-41:9000] org.apache.hadoop.hdfs.LeaseRenewer: Failed to renew lease for [DFSClient_NONMAPREDUCE_1537864556_1] for 159 seconds.  Will retry shortly ...
2015-10-18 18:07:39,425 WARN [LeaseRenewer:msrabi@msra-sa-41:9000] org.apache.hadoop.hdfs.LeaseRenewer: Failed to renew lease for [DFSClient_NONMAPREDUCE_1537864556_1] for 161 seconds.  Will retry shortly ...
2015-10-18 18:07:41,425 WARN [LeaseRenewer:msrabi@msra-sa-41:9000] org.apache.hadoop.hdfs.LeaseRenewer: Failed to renew lease for [DFSClient_NONMAPREDUCE_1537864556_1] for 163 seconds.  Will retry shortly ...
2015-10-18 18:07:43,425 WARN [LeaseRenewer:msrabi@msra-sa-41:9000] org.apache.hadoop.hdfs.LeaseRenewer: Failed to renew lease for [DFSClient_NONMAPREDUCE_1537864556_1] for 165 seconds.  Will retry shortly ...
2015-10-18 18:07:45,425 WARN [LeaseRenewer:msrabi@msra-sa-41:9000] org.apache.hadoop.hdfs.LeaseRenewer: Failed to renew lease for [DFSClient_NONMAPREDUCE_1537864556_1] for 167 seconds.  Will retry shortly ...
2015-10-18 18:07:47,425 WARN [LeaseRenewer:msrabi@msra-sa-41:9000] org.apache.hadoop.hdfs.LeaseRenewer: Failed to renew lease for [DFSClient_NONMAPREDUCE_1537864556_1] for 169 seconds.  Will retry shortly ...
2015-10-18 18:07:49,472 WARN [LeaseRenewer:msrabi@msra-sa-41:9000] org.apache.hadoop.hdfs.LeaseRenewer: Failed to renew lease for [DFSClient_NONMAPREDUCE_1537864556_1] for 172 seconds.  Will retry shortly ...
2015-10-18 18:07:51,472 WARN [LeaseRenewer:msrabi@msra-sa-41:9000] org.apache.hadoop.hdfs.LeaseRenewer: Failed to renew lease for [DFSClient_NONMAPREDUCE_1537864556_1] for 174 seconds.  Will retry shortly ...
2015-10-18 18:07:53,472 WARN [LeaseRenewer:msrabi@msra-sa-41:9000] org.apache.hadoop.hdfs.LeaseRenewer: Failed to renew lease for [DFSClient_NONMAPREDUCE_1537864556_1] for 176 seconds.  Will retry shortly ...
2015-10-18 18:07:55,472 WARN [LeaseRenewer:msrabi@msra-sa-41:9000] org.apache.hadoop.hdfs.LeaseRenewer: Failed to renew lease for [DFSClient_NONMAPREDUCE_1537864556_1] for 178 seconds.  Will retry shortly ...
2015-10-18 18:07:57,473 WARN [LeaseRenewer:msrabi@msra-sa-41:9000] org.apache.hadoop.hdfs.LeaseRenewer: Failed to renew lease for [DFSClient_NONMAPREDUCE_1537864556_1] for 180 seconds.  Will retry shortly ...
2015-10-18 18:07:59,504 WARN [LeaseRenewer:msrabi@msra-sa-41:9000] org.apache.hadoop.hdfs.LeaseRenewer: Failed to renew lease for [DFSClient_NONMAPREDUCE_1537864556_1] for 182 seconds.  Will retry shortly ...
2015-10-18 18:08:01,504 WARN [LeaseRenewer:msrabi@msra-sa-41:9000] org.apache.hadoop.hdfs.LeaseRenewer: Failed to renew lease for [DFSClient_NONMAPREDUCE_1537864556_1] for 184 seconds.  Will retry shortly ...
2015-10-18 18:08:03,504 WARN [LeaseRenewer:msrabi@msra-sa-41:9000] org.apache.hadoop.hdfs.LeaseRenewer: Failed to renew lease for [DFSClient_NONMAPREDUCE_1537864556_1] for 186 seconds.  Will retry shortly ...
2015-10-18 18:08:05,504 WARN [LeaseRenewer:msrabi@msra-sa-41:9000] org.apache.hadoop.hdfs.LeaseRenewer: Failed to renew lease for [DFSClient_NONMAPREDUCE_1537864556_1] for 188 seconds.  Will retry shortly ...
2015-10-18 18:08:07,504 WARN [LeaseRenewer:msrabi@msra-sa-41:9000] org.apache.hadoop.hdfs.LeaseRenewer: Failed to renew lease for [DFSClient_NONMAPREDUCE_1537864556_1] for 190 seconds.  Will retry shortly ...
2015-10-18 18:08:09,504 WARN [LeaseRenewer:msrabi@msra-sa-41:9000] org.apache.hadoop.hdfs.LeaseRenewer: Failed to renew lease for [DFSClient_NONMAPREDUCE_1537864556_1] for 192 seconds.  Will retry shortly ...
2015-10-18 18:08:11,536 WARN [LeaseRenewer:msrabi@msra-sa-41:9000] org.apache.hadoop.hdfs.LeaseRenewer: Failed to renew lease for [DFSClient_NONMAPREDUCE_1537864556_1] for 194 seconds.  Will retry shortly ...
2015-10-18 18:08:13,536 WARN [LeaseRenewer:msrabi@msra-sa-41:9000] org.apache.hadoop.hdfs.LeaseRenewer: Failed to renew lease for [DFSClient_NONMAPREDUCE_1537864556_1] for 196 seconds.  Will retry shortly ...
2015-10-18 18:08:15,536 WARN [LeaseRenewer:msrabi@msra-sa-41:9000] org.apache.hadoop.hdfs.LeaseRenewer: Failed to renew lease for [DFSClient_NONMAPREDUCE_1537864556_1] for 198 seconds.  Will retry shortly ...
2015-10-18 18:08:17,536 WARN [LeaseRenewer:msrabi@msra-sa-41:9000] org.apache.hadoop.hdfs.LeaseRenewer: Failed to renew lease for [DFSClient_NONMAPREDUCE_1537864556_1] for 200 seconds.  Will retry shortly ...
2015-10-18 18:08:19,536 WARN [LeaseRenewer:msrabi@msra-sa-41:9000] org.apache.hadoop.hdfs.LeaseRenewer: Failed to renew lease for [DFSClient_NONMAPREDUCE_1537864556_1] for 202 seconds.  Will retry shortly ...
2015-10-18 18:08:21,536 WARN [LeaseRenewer:msrabi@msra-sa-41:9000] org.apache.hadoop.hdfs.LeaseRenewer: Failed to renew lease for [DFSClient_NONMAPREDUCE_1537864556_1] for 204 seconds.  Will retry shortly ...
2015-10-18 18:08:23,537 WARN [LeaseRenewer:msrabi@msra-sa-41:9000] org.apache.hadoop.hdfs.LeaseRenewer: Failed to renew lease for [DFSClient_NONMAPREDUCE_1537864556_1] for 206 seconds.  Will retry shortly ...
2015-10-18 18:08:25,537 WARN [LeaseRenewer:msrabi@msra-sa-41:9000] org.apache.hadoop.hdfs.LeaseRenewer: Failed to renew lease for [DFSClient_NONMAPREDUCE_1537864556_1] for 208 seconds.  Will retry shortly ...
2015-10-18 18:08:27,537 WARN [LeaseRenewer:msrabi@msra-sa-41:9000] org.apache.hadoop.hdfs.LeaseRenewer: Failed to renew lease for [DFSClient_NONMAPREDUCE_1537864556_1] for 210 seconds.  Will retry shortly ...
2015-10-18 18:08:29,537 WARN [LeaseRenewer:msrabi@msra-sa-41:9000] org.apache.hadoop.hdfs.LeaseRenewer: Failed to renew lease for [DFSClient_NONMAPREDUCE_1537864556_1] for 212 seconds.  Will retry shortly ...
2015-10-18 18:08:31,537 WARN [LeaseRenewer:msrabi@msra-sa-41:9000] org.apache.hadoop.hdfs.LeaseRenewer: Failed to renew lease for [DFSClient_NONMAPREDUCE_1537864556_1] for 214 seconds.  Will retry shortly ...
2015-10-18 18:08:33,537 WARN [LeaseRenewer:msrabi@msra-sa-41:9000] org.apache.hadoop.hdfs.LeaseRenewer: Failed to renew lease for [DFSClient_NONMAPREDUCE_1537864556_1] for 216 seconds.  Will retry shortly ...
2015-10-18 18:08:35,537 WARN [LeaseRenewer:msrabi@msra-sa-41:9000] org.apache.hadoop.hdfs.LeaseRenewer: Failed to renew lease for [DFSClient_NONMAPREDUCE_1537864556_1] for 218 seconds.  Will retry shortly ...
2015-10-18 18:08:37,553 WARN [LeaseRenewer:msrabi@msra-sa-41:9000] org.apache.hadoop.hdfs.LeaseRenewer: Failed to renew lease for [DFSClient_NONMAPREDUCE_1537864556_1] for 220 seconds.  Will retry shortly ...
2015-10-18 18:08:39,569 WARN [LeaseRenewer:msrabi@msra-sa-41:9000] org.apache.hadoop.hdfs.LeaseRenewer: Failed to renew lease for [DFSClient_NONMAPREDUCE_1537864556_1] for 222 seconds.  Will retry shortly ...
2015-10-18 18:08:41,569 WARN [LeaseRenewer:msrabi@msra-sa-41:9000] org.apache.hadoop.hdfs.LeaseRenewer: Failed to renew lease for [DFSClient_NONMAPREDUCE_1537864556_1] for 224 seconds.  Will retry shortly ...
2015-10-18 18:08:43,569 WARN [LeaseRenewer:msrabi@msra-sa-41:9000] org.apache.hadoop.hdfs.LeaseRenewer: Failed to renew lease for [DFSClient_NONMAPREDUCE_1537864556_1] for 226 seconds.  Will retry shortly ...
2015-10-18 18:08:45,569 WARN [LeaseRenewer:msrabi@msra-sa-41:9000] org.apache.hadoop.hdfs.LeaseRenewer: Failed to renew lease for [DFSClient_NONMAPREDUCE_1537864556_1] for 228 seconds.  Will retry shortly ...
2015-10-18 18:08:47,569 WARN [LeaseRenewer:msrabi@msra-sa-41:9000] org.apache.hadoop.hdfs.LeaseRenewer: Failed to renew lease for [DFSClient_NONMAPREDUCE_1537864556_1] for 230 seconds.  Will retry shortly ...
2015-10-18 18:08:49,585 WARN [LeaseRenewer:msrabi@msra-sa-41:9000] org.apache.hadoop.hdfs.LeaseRenewer: Failed to renew lease for [DFSClient_NONMAPREDUCE_1537864556_1] for 232 seconds.  Will retry shortly ...
2015-10-18 18:08:51,601 WARN [LeaseRenewer:msrabi@msra-sa-41:9000] org.apache.hadoop.hdfs.LeaseRenewer: Failed to renew lease for [DFSClient_NONMAPREDUCE_1537864556_1] for 234 seconds.  Will retry shortly ...
2015-10-18 18:08:53,601 WARN [LeaseRenewer:msrabi@msra-sa-41:9000] org.apache.hadoop.hdfs.LeaseRenewer: Failed to renew lease for [DFSClient_NONMAPREDUCE_1537864556_1] for 236 seconds.  Will retry shortly ...
2015-10-18 18:08:55,601 WARN [LeaseRenewer:msrabi@msra-sa-41:9000] org.apache.hadoop.hdfs.LeaseRenewer: Failed to renew lease for [DFSClient_NONMAPREDUCE_1537864556_1] for 238 seconds.  Will retry shortly ...
2015-10-18 18:08:57,601 WARN [LeaseRenewer:msrabi@msra-sa-41:9000] org.apache.hadoop.hdfs.LeaseRenewer: Failed to renew lease for [DFSClient_NONMAPREDUCE_1537864556_1] for 240 seconds.  Will retry shortly ...
2015-10-18 18:08:59,601 WARN [LeaseRenewer:msrabi@msra-sa-41:9000] org.apache.hadoop.hdfs.LeaseRenewer: Failed to renew lease for [DFSClient_NONMAPREDUCE_1537864556_1] for 242 seconds.  Will retry shortly ...
2015-10-18 18:09:01,601 WARN [LeaseRenewer:msrabi@msra-sa-41:9000] org.apache.hadoop.hdfs.LeaseRenewer: Failed to renew lease for [DFSClient_NONMAPREDUCE_1537864556_1] for 244 seconds.  Will retry shortly ...
2015-10-18 18:09:03,602 WARN [LeaseRenewer:msrabi@msra-sa-41:9000] org.apache.hadoop.hdfs.LeaseRenewer: Failed to renew lease for [DFSClient_NONMAPREDUCE_1537864556_1] for 246 seconds.  Will retry shortly ...
2015-10-18 18:09:05,602 WARN [LeaseRenewer:msrabi@msra-sa-41:9000] org.apache.hadoop.hdfs.LeaseRenewer: Failed to renew lease for [DFSClient_NONMAPREDUCE_1537864556_1] for 248 seconds.  Will retry shortly ...
2015-10-18 18:09:07,602 WARN [LeaseRenewer:msrabi@msra-sa-41:9000] org.apache.hadoop.hdfs.LeaseRenewer: Failed to renew lease for [DFSClient_NONMAPREDUCE_1537864556_1] for 250 seconds.  Will retry shortly ...
2015-10-18 18:09:09,618 WARN [LeaseRenewer:msrabi@msra-sa-41:9000] org.apache.hadoop.hdfs.LeaseRenewer: Failed to renew lease for [DFSClient_NONMAPREDUCE_1537864556_1] for 252 seconds.  Will retry shortly ...
2015-10-18 18:09:11,649 WARN [LeaseRenewer:msrabi@msra-sa-41:9000] org.apache.hadoop.hdfs.LeaseRenewer: Failed to renew lease for [DFSClient_NONMAPREDUCE_1537864556_1] for 254 seconds.  Will retry shortly ...
2015-10-18 18:09:13,649 WARN [LeaseRenewer:msrabi@msra-sa-41:9000] org.apache.hadoop.hdfs.LeaseRenewer: Failed to renew lease for [DFSClient_NONMAPREDUCE_1537864556_1] for 256 seconds.  Will retry shortly ...
2015-10-18 18:09:15,649 WARN [LeaseRenewer:msrabi@msra-sa-41:9000] org.apache.hadoop.hdfs.LeaseRenewer: Failed to renew lease for [DFSClient_NONMAPREDUCE_1537864556_1] for 258 seconds.  Will retry shortly ...
2015-10-18 18:09:17,649 WARN [LeaseRenewer:msrabi@msra-sa-41:9000] org.apache.hadoop.hdfs.LeaseRenewer: Failed to renew lease for [DFSClient_NONMAPREDUCE_1537864556_1] for 260 seconds.  Will retry shortly ...
2015-10-18 18:09:19,649 WARN [LeaseRenewer:msrabi@msra-sa-41:9000] org.apache.hadoop.hdfs.LeaseRenewer: Failed to renew lease for [DFSClient_NONMAPREDUCE_1537864556_1] for 262 seconds.  Will retry shortly ...
2015-10-18 18:09:21,649 WARN [LeaseRenewer:msrabi@msra-sa-41:9000] org.apache.hadoop.hdfs.LeaseRenewer: Failed to renew lease for [DFSClient_NONMAPREDUCE_1537864556_1] for 264 seconds.  Will retry shortly ...
2015-10-18 18:09:23,681 WARN [LeaseRenewer:msrabi@msra-sa-41:9000] org.apache.hadoop.hdfs.LeaseRenewer: Failed to renew lease for [DFSClient_NONMAPREDUCE_1537864556_1] for 266 seconds.  Will retry shortly ...
2015-10-18 18:09:25,681 WARN [LeaseRenewer:msrabi@msra-sa-41:9000] org.apache.hadoop.hdfs.LeaseRenewer: Failed to renew lease for [DFSClient_NONMAPREDUCE_1537864556_1] for 268 seconds.  Will retry shortly ...
2015-10-18 18:09:27,681 WARN [LeaseRenewer:msrabi@msra-sa-41:9000] org.apache.hadoop.hdfs.LeaseRenewer: Failed to renew lease for [DFSClient_NONMAPREDUCE_1537864556_1] for 270 seconds.  Will retry shortly ...
2015-10-18 18:09:29,681 WARN [LeaseRenewer:msrabi@msra-sa-41:9000] org.apache.hadoop.hdfs.LeaseRenewer: Failed to renew lease for [DFSClient_NONMAPREDUCE_1537864556_1] for 272 seconds.  Will retry shortly ...
2015-10-18 18:09:31,697 WARN [LeaseRenewer:msrabi@msra-sa-41:9000] org.apache.hadoop.hdfs.LeaseRenewer: Failed to renew lease for [DFSClient_NONMAPREDUCE_1537864556_1] for 274 seconds.  Will retry shortly ...
2015-10-18 18:09:33,728 WARN [LeaseRenewer:msrabi@msra-sa-41:9000] org.apache.hadoop.hdfs.LeaseRenewer: Failed to renew lease for [DFSClient_NONMAPREDUCE_1537864556_1] for 276 seconds.  Will retry shortly ...
2015-10-18 18:09:35,728 WARN [LeaseRenewer:msrabi@msra-sa-41:9000] org.apache.hadoop.hdfs.LeaseRenewer: Failed to renew lease for [DFSClient_NONMAPREDUCE_1537864556_1] for 278 seconds.  Will retry shortly ...
2015-10-18 18:09:37,729 WARN [LeaseRenewer:msrabi@msra-sa-41:9000] org.apache.hadoop.hdfs.LeaseRenewer: Failed to renew lease for [DFSClient_NONMAPREDUCE_1537864556_1] for 280 seconds.  Will retry shortly ...
2015-10-18 18:09:39,729 WARN [LeaseRenewer:msrabi@msra-sa-41:9000] org.apache.hadoop.hdfs.LeaseRenewer: Failed to renew lease for [DFSClient_NONMAPREDUCE_1537864556_1] for 282 seconds.  Will retry shortly ...
2015-10-18 18:09:41,729 WARN [LeaseRenewer:msrabi@msra-sa-41:9000] org.apache.hadoop.hdfs.LeaseRenewer: Failed to renew lease for [DFSClient_NONMAPREDUCE_1537864556_1] for 284 seconds.  Will retry shortly ...
2015-10-18 18:09:43,760 WARN [LeaseRenewer:msrabi@msra-sa-41:9000] org.apache.hadoop.hdfs.LeaseRenewer: Failed to renew lease for [DFSClient_NONMAPREDUCE_1537864556_1] for 286 seconds.  Will retry shortly ...
2015-10-18 18:09:45,760 WARN [LeaseRenewer:msrabi@msra-sa-41:9000] org.apache.hadoop.hdfs.LeaseRenewer: Failed to renew lease for [DFSClient_NONMAPREDUCE_1537864556_1] for 288 seconds.  Will retry shortly ...
2015-10-18 18:09:47,776 WARN [LeaseRenewer:msrabi@msra-sa-41:9000] org.apache.hadoop.hdfs.LeaseRenewer: Failed to renew lease for [DFSClient_NONMAPREDUCE_1537864556_1] for 290 seconds.  Will retry shortly ...
2015-10-18 18:09:49,792 WARN [LeaseRenewer:msrabi@msra-sa-41:9000] org.apache.hadoop.hdfs.LeaseRenewer: Failed to renew lease for [DFSClient_NONMAPREDUCE_1537864556_1] for 292 seconds.  Will retry shortly ...
2015-10-18 18:09:51,792 WARN [LeaseRenewer:msrabi@msra-sa-41:9000] org.apache.hadoop.hdfs.LeaseRenewer: Failed to renew lease for [DFSClient_NONMAPREDUCE_1537864556_1] for 294 seconds.  Will retry shortly ...
2015-10-18 18:09:53,823 WARN [LeaseRenewer:msrabi@msra-sa-41:9000] org.apache.hadoop.hdfs.LeaseRenewer: Failed to renew lease for [DFSClient_NONMAPREDUCE_1537864556_1] for 296 seconds.  Will retry shortly ...
2015-10-18 18:09:55,823 WARN [LeaseRenewer:msrabi@msra-sa-41:9000] org.apache.hadoop.hdfs.LeaseRenewer: Failed to renew lease for [DFSClient_NONMAPREDUCE_1537864556_1] for 298 seconds.  Will retry shortly ...
2015-10-18 18:09:57,824 WARN [LeaseRenewer:msrabi@msra-sa-41:9000] org.apache.hadoop.hdfs.LeaseRenewer: Failed to renew lease for [DFSClient_NONMAPREDUCE_1537864556_1] for 300 seconds.  Will retry shortly ...
2015-10-18 18:09:59,824 WARN [LeaseRenewer:msrabi@msra-sa-41:9000] org.apache.hadoop.hdfs.LeaseRenewer: Failed to renew lease for [DFSClient_NONMAPREDUCE_1537864556_1] for 302 seconds.  Will retry shortly ...
2015-10-18 18:10:01,824 WARN [LeaseRenewer:msrabi@msra-sa-41:9000] org.apache.hadoop.hdfs.LeaseRenewer: Failed to renew lease for [DFSClient_NONMAPREDUCE_1537864556_1] for 304 seconds.  Will retry shortly ...
2015-10-18 18:10:03,855 WARN [LeaseRenewer:msrabi@msra-sa-41:9000] org.apache.hadoop.hdfs.LeaseRenewer: Failed to renew lease for [DFSClient_NONMAPREDUCE_1537864556_1] for 306 seconds.  Will retry shortly ...
2015-10-18 18:10:05,980 WARN [LeaseRenewer:msrabi@msra-sa-41:9000] org.apache.hadoop.hdfs.LeaseRenewer: Failed to renew lease for [DFSClient_NONMAPREDUCE_1537864556_1] for 308 seconds.  Will retry shortly ...
2015-10-18 18:10:07,980 WARN [LeaseRenewer:msrabi@msra-sa-41:9000] org.apache.hadoop.hdfs.LeaseRenewer: Failed to renew lease for [DFSClient_NONMAPREDUCE_1537864556_1] for 310 seconds.  Will retry shortly ...
2015-10-18 18:10:09,981 WARN [LeaseRenewer:msrabi@msra-sa-41:9000] org.apache.hadoop.hdfs.LeaseRenewer: Failed to renew lease for [DFSClient_NONMAPREDUCE_1537864556_1] for 312 seconds.  Will retry shortly ...
2015-10-18 18:10:11,981 WARN [LeaseRenewer:msrabi@msra-sa-41:9000] org.apache.hadoop.hdfs.LeaseRenewer: Failed to renew lease for [DFSClient_NONMAPREDUCE_1537864556_1] for 314 seconds.  Will retry shortly ...
2015-10-18 18:10:14,012 WARN [LeaseRenewer:msrabi@msra-sa-41:9000] org.apache.hadoop.hdfs.LeaseRenewer: Failed to renew lease for [DFSClient_NONMAPREDUCE_1537864556_1] for 316 seconds.  Will retry shortly ...
2015-10-18 18:10:16,012 WARN [LeaseRenewer:msrabi@msra-sa-41:9000] org.apache.hadoop.hdfs.LeaseRenewer: Failed to renew lease for [DFSClient_NONMAPREDUCE_1537864556_1] for 318 seconds.  Will retry shortly ...
2015-10-18 18:10:18,012 WARN [LeaseRenewer:msrabi@msra-sa-41:9000] org.apache.hadoop.hdfs.LeaseRenewer: Failed to renew lease for [DFSClient_NONMAPREDUCE_1537864556_1] for 320 seconds.  Will retry shortly ...
2015-10-18 18:10:20,012 WARN [LeaseRenewer:msrabi@msra-sa-41:9000] org.apache.hadoop.hdfs.LeaseRenewer: Failed to renew lease for [DFSClient_NONMAPREDUCE_1537864556_1] for 322 seconds.  Will retry shortly ...
2015-10-18 18:10:22,013 WARN [LeaseRenewer:msrabi@msra-sa-41:9000] org.apache.hadoop.hdfs.LeaseRenewer: Failed to renew lease for [DFSClient_NONMAPREDUCE_1537864556_1] for 324 seconds.  Will retry shortly ...
2015-10-18 18:10:24,044 WARN [LeaseRenewer:msrabi@msra-sa-41:9000] org.apache.hadoop.hdfs.LeaseRenewer: Failed to renew lease for [DFSClient_NONMAPREDUCE_1537864556_1] for 326 seconds.  Will retry shortly ...
2015-10-18 18:10:26,044 WARN [LeaseRenewer:msrabi@msra-sa-41:9000] org.apache.hadoop.hdfs.LeaseRenewer: Failed to renew lease for [DFSClient_NONMAPREDUCE_1537864556_1] for 328 seconds.  Will retry shortly ...
2015-10-18 18:10:28,044 WARN [LeaseRenewer:msrabi@msra-sa-41:9000] org.apache.hadoop.hdfs.LeaseRenewer: Failed to renew lease for [DFSClient_NONMAPREDUCE_1537864556_1] for 330 seconds.  Will retry shortly ...
2015-10-18 18:10:30,044 WARN [LeaseRenewer:msrabi@msra-sa-41:9000] org.apache.hadoop.hdfs.LeaseRenewer: Failed to renew lease for [DFSClient_NONMAPREDUCE_1537864556_1] for 332 seconds.  Will retry shortly ...
2015-10-18 18:10:32,044 WARN [LeaseRenewer:msrabi@msra-sa-41:9000] org.apache.hadoop.hdfs.LeaseRenewer: Failed to renew lease for [DFSClient_NONMAPREDUCE_1537864556_1] for 334 seconds.  Will retry shortly ...
2015-10-18 18:10:34,091 WARN [LeaseRenewer:msrabi@msra-sa-41:9000] org.apache.hadoop.hdfs.LeaseRenewer: Failed to renew lease for [DFSClient_NONMAPREDUCE_1537864556_1] for 336 seconds.  Will retry shortly ...
2015-10-18 18:10:36,107 WARN [LeaseRenewer:msrabi@msra-sa-41:9000] org.apache.hadoop.hdfs.LeaseRenewer: Failed to renew lease for [DFSClient_NONMAPREDUCE_1537864556_1] for 338 seconds.  Will retry shortly ...
2015-10-18 18:10:38,107 WARN [LeaseRenewer:msrabi@msra-sa-41:9000] org.apache.hadoop.hdfs.LeaseRenewer: Failed to renew lease for [DFSClient_NONMAPREDUCE_1537864556_1] for 340 seconds.  Will retry shortly ...
2015-10-18 18:10:40,107 WARN [LeaseRenewer:msrabi@msra-sa-41:9000] org.apache.hadoop.hdfs.LeaseRenewer: Failed to renew lease for [DFSClient_NONMAPREDUCE_1537864556_1] for 342 seconds.  Will retry shortly ...
2015-10-18 18:10:42,107 WARN [LeaseRenewer:msrabi@msra-sa-41:9000] org.apache.hadoop.hdfs.LeaseRenewer: Failed to renew lease for [DFSClient_NONMAPREDUCE_1537864556_1] for 344 seconds.  Will retry shortly ...
2015-10-18 18:10:44,139 WARN [LeaseRenewer:msrabi@msra-sa-41:9000] org.apache.hadoop.hdfs.LeaseRenewer: Failed to renew lease for [DFSClient_NONMAPREDUCE_1537864556_1] for 346 seconds.  Will retry shortly ...
2015-10-18 18:10:46,139 WARN [LeaseRenewer:msrabi@msra-sa-41:9000] org.apache.hadoop.hdfs.LeaseRenewer: Failed to renew lease for [DFSClient_NONMAPREDUCE_1537864556_1] for 348 seconds.  Will retry shortly ...
2015-10-18 18:10:48,139 WARN [LeaseRenewer:msrabi@msra-sa-41:9000] org.apache.hadoop.hdfs.LeaseRenewer: Failed to renew lease for [DFSClient_NONMAPREDUCE_1537864556_1] for 350 seconds.  Will retry shortly ...
2015-10-18 18:10:50,155 WARN [LeaseRenewer:msrabi@msra-sa-41:9000] org.apache.hadoop.hdfs.LeaseRenewer: Failed to renew lease for [DFSClient_NONMAPREDUCE_1537864556_1] for 352 seconds.  Will retry shortly ...
2015-10-18 18:10:52,155 WARN [LeaseRenewer:msrabi@msra-sa-41:9000] org.apache.hadoop.hdfs.LeaseRenewer: Failed to renew lease for [DFSClient_NONMAPREDUCE_1537864556_1] for 354 seconds.  Will retry shortly ...
2015-10-18 18:10:54,202 WARN [LeaseRenewer:msrabi@msra-sa-41:9000] org.apache.hadoop.hdfs.LeaseRenewer: Failed to renew lease for [DFSClient_NONMAPREDUCE_1537864556_1] for 356 seconds.  Will retry shortly ...
