20171223-22:15:29:615|Step_LSC|30002312|onExtend:1514038530000 14 0 4
20171223-22:15:29:645|Step_ExtSDM|30002312|calculateCaloriesWithCache totalCalories=126775
20171223-22:15:29:950|Step_SPUtils|30002312| getTodayTotalDetailSteps = 1514038440000##7007##548365##8661##12361##27173954
20171223-22:15:30:632|Step_SPUtils|30002312| getTodayTotalDetailSteps = 1514038440000##7008##548365##8661##12456##27174269
20171223-22:15:31:142|Step_SPUtils|30002312| getTodayTotalDetailSteps = 1514038440000##7009##548365##8661##12551##27174951
20171223-22:15:32:145|Step_SPUtils|30002312| getTodayTotalDetailSteps = 1514038440000##7011##548365##8661##12646##27175461
20171223-22:15:32:647|Step_SPUtils|30002312| getTodayTotalDetailSteps = 1514038440000##7012##548365##8661##12741##27176464
20171223-22:15:33:144|Step_SPUtils|30002312| getTodayTotalDetailSteps = 1514038440000##7013##548365##8661##12836##27176966
20171223-22:15:33:643|Step_SPUtils|30002312| getTodayTotalDetailSteps = 1514038440000##7014##548365##8661##12931##27177463
20171223-22:15:34:723|Step_StandReportReceiver|30002312|onReceive action: android.intent.action.SCREEN_OFF
20171223-22:15:35:23|Step_ScreenUtil|30002312|isScreenOn true
20171223-22:15:35:98|Step_SPUtils|30002312|setTodayTotalDetailSteps=1514038440000##7017##548365##8661##13216##27179417
20171223-22:15:35:348|Step_LSC|30002312|onStandStepChanged 3590
20171223-22:15:35:848|Step_LSC|30002312|onStandStepChanged 3591
20171223-22:15:36:356|Step_LSC|30002312|onStandStepChanged 3592
20171223-22:15:37:351|Step_LSC|30002312|onStandStepChanged 3593
20171223-22:15:37:848|Step_LSC|30002312|onStandStepChanged 3594
20171223-22:15:38:349|Step_LSC|30002312|onStandStepChanged 3595
20171223-22:15:38:850|Step_LSC|30002312|onStandStepChanged 3596
20171223-22:15:39:348|Step_LSC|30002312|onStandStepChanged 3597
20171223-22:15:40:349|Step_LSC|30002312|onStandStepChanged 3598
20171223-22:15:40:848|Step_LSC|30002312|onStandStepChanged 3599
20171223-22:15:41:353|Step_LSC|30002312|onStandStepChanged 3600
20171223-22:15:41:848|Step_LSC|30002312|onStandStepChanged 3601
20171223-22:15:42:848|Step_LSC|30002312|onStandStepChanged 3602
20171223-22:15:43:348|Step_LSC|30002312|onStandStepChanged 3603
20171223-22:15:43:850|Step_LSC|30002312|onStandStepChanged 3604
20171223-22:15:44:849|Step_LSC|30002312|onStandStepChanged 3605
20171223-22:15:45:348|Step_LSC|30002312|onStandStepChanged 3606
20171223-22:15:45:848|Step_LSC|30002312|onStandStepChanged 3607
20171223-22:15:46:349|Step_LSC|30002312|onStandStepChanged 3608
20171223-22:15:47:349|Step_LSC|30002312|onStandStepChanged 3609
20171223-22:15:47:857|Step_LSC|30002312|onStandStepChanged 3610
20171223-22:15:48:350|Step_LSC|30002312|onStandStepChanged 3611
20171223-22:15:49:350|Step_LSC|30002312|onStandStepChanged 3612
20171223-22:15:49:858|Step_LSC|30002312|onStandStepChanged 3613
20171223-22:15:50:850|Step_LSC|30002312|onStandStepChanged 3614
20171223-22:15:51:859|Step_LSC|30002312|onStandStepChanged 3616
20171223-22:15:52:349|Step_LSC|30002312|onStandStepChanged 3617
20171223-22:15:53:349|Step_LSC|30002312|onStandStepChanged 3619
20171223-22:15:54:350|Step_LSC|30002312|onStandStepChanged 3620
20171223-22:15:55:349|Step_LSC|30002312|onStandStepChanged 3622
20171223-22:15:55:848|Step_LSC|30002312|onStandStepChanged 3624
20171223-22:15:57:851|Step_LSC|30002312|onStandStepChanged 3625
20171223-22:15:59:849|Step_LSC|30002312|onStandStepChanged 3626
20171223-22:16:0:162|Step_StandReportReceiver|30002312|REPORT : 7054 5036 151096 240
20171223-22:17:0:123|Step_LSC|30002312|processHandleBroadcastAction action:android.intent.action.TIME_TICK
20171223-22:17:20:348|Step_LSC|30002312|onStandStepChanged 3628
20171223-22:17:20:853|Step_LSC|30002312|onStandStepChanged 3630
20171223-22:17:21:348|Step_LSC|30002312|onStandStepChanged 3632
20171223-22:17:21:850|Step_LSC|30002312|onStandStepChanged 3634
20171223-22:17:22:348|Step_LSC|30002312|onStandStepChanged 3636
20171223-22:17:22:849|Step_LSC|30002312|onStandStepChanged 3638
20171223-22:17:23:348|Step_LSC|30002312|onStandStepChanged 3640
20171223-22:17:23:851|Step_LSC|30002312|onStandStepChanged 3642
20171223-22:17:24:348|Step_LSC|30002312|onStandStepChanged 3643
20171223-22:17:24:848|Step_LSC|30002312|onStandStepChanged 3646
20171223-22:17:27:855|Step_LSC|30002312|onStandStepChanged 3646
20171223-22:17:44:869|Step_LSC|30002312|onExtend:1514038665000 1 0 4
20171223-22:17:45:366|Step_LSC|30002312|onExtend:1514038666000 2 0 4
20171223-22:17:45:856|Step_LSC|30002312|onExtend:1514038666000 2 0 4
20171223-22:17:46:364|Step_LSC|30002312|onExtend:1514038667000 2 0 4
20171223-22:17:46:858|Step_LSC|30002312|onExtend:1514038667000 2 0 4
20171223-22:17:47:366|Step_LSC|30002312|onExtend:1514038668000 1 0 4
20171223-22:17:47:854|Step_LSC|30002312|onExtend:1514038668000 2 0 4
20171223-22:17:48:357|Step_LSC|30002312|onExtend:1514038669000 2 0 4
20171223-22:17:48:853|Step_LSC|30002312|onExtend:1514038669000 2 0 4
20171223-22:17:49:358|Step_LSC|30002312|onExtend:1514038670000 2 0 4
20171223-22:17:49:854|Step_LSC|30002312|onExtend:1514038670000 2 0 4
20171223-22:17:50:354|Step_LSC|30002312|onExtend:1514038671000 1 0 4
20171223-22:17:50:856|Step_LSC|30002312|onExtend:1514038671000 2 0 4
20171223-22:17:51:370|Step_LSC|30002312|onExtend:1514038672000 2 0 4
20171223-22:17:51:854|Step_LSC|30002312|onExtend:1514038672000 2 0 4
20171223-22:17:52:855|Step_LSC|30002312|onExtend:1514038673000 1 0 4
20171223-22:17:53:859|Step_LSC|30002312|onExtend:1514038674000 1 0 4
20171223-22:17:54:864|Step_LSC|30002312|onExtend:1514038675000 1 0 4
20171223-22:17:55:381|Step_LSC|30002312|onExtend:1514038676000 1 0 4
20171223-22:17:56:361|Step_LSC|30002312|onExtend:1514038677000 1 0 4
20171223-22:17:57:372|Step_LSC|30002312|onExtend:1514038678000 1 0 4
20171223-22:17:57:862|Step_LSC|30002312|onExtend:1514038678000 2 0 4
20171223-22:17:59:872|Step_LSC|30002312|onExtend:1514038680000 2 0 4
20171223-22:18:1:349|Step_LSC|30002312|onStandStepChanged 3684
20171223-22:18:2:349|Step_LSC|30002312|onStandStepChanged 3685
20171223-22:18:5:351|Step_LSC|30002312|onStandStepChanged 3686
20171223-22:18:5:849|Step_LSC|30002312|onStandStepChanged 3686
20171223-22:19:7:854|Step_LSC|30002312|onStandStepChanged 3689
20171223-22:19:8:357|Step_LSC|30002312|onStandStepChanged 3694
20171223-22:19:8:849|Step_LSC|30002312|onStandStepChanged 3696
20171223-22:19:9:348|Step_LSC|30002312|onStandStepChanged 3698
20171223-22:19:9:849|Step_LSC|30002312|onStandStepChanged 3700
20171223-22:19:10:348|Step_LSC|30002312|onStandStepChanged 3702
20171223-22:19:10:848|Step_LSC|30002312|onStandStepChanged 3704
20171223-22:19:11:349|Step_LSC|30002312|onStandStepChanged 3707
20171223-22:19:11:848|Step_LSC|30002312|onStandStepChanged 3711
20171223-22:19:12:349|Step_LSC|30002312|onStandStepChanged 3712
20171223-22:19:14:349|Step_LSC|30002312|onStandStepChanged 3726
20171223-22:19:15:855|Step_LSC|30002312|onStandStepChanged 3726
20171223-22:19:57:751|Step_LSC|30002312|onStandStepChanged 3732
20171223-22:19:57:777|Step_SPUtils|30002312| getTodayTotalDetailSteps = 1514038680000##7154##548920##8661##16256##27400475
20171223-22:19:57:879|Step_LSC|30002312|onExtend:1514038798000 0 0 4
20171223-22:19:58:366|Step_LSC|30002312|Alarm uploadStaticsToDB totalSteps=7163Calories:153367Floor:240Distance:5112
20171223-22:19:58:369|HiH_HiAppUtil|30002312|getBinderPackageName packageName = com.huawei.health
20171223-22:19:58:376|HiH_HiHealthBinder|30002312|insertHiHealthData() size = 4,app = 1,One Data Type = 40002,packageName = com.huawei.health,writeStatType = 0
20171223-22:19:58:380|HiH_HiHealthDataInsertStore|30002312|saveStatData() type =40005,time = 1513958400000,statClient = 2,who is 1
20171223-22:19:58:411|HiH_HiHealthBinder|30002312|insertHiHealthData() bulkSaveDetailHiHealthData fail errorCode = 4,errorMessage = ERR_DATA_INSERT 
20171223-22:19:58:415|HiH_HiHealthBinder|30002312|getAppContext() isAppValid health or wear, packageName = com.huawei.health
20171223-22:19:58:419|HiH_HiAppUtil|30002312|getBinderPackageName packageName = com.huawei.health
20171223-22:19:58:424|HiH_|30002312|initDataPrivacy the dataPrivacy is true
20171223-22:19:58:468|HiH_DataStatManager|30002312|new date =20171223, type=40004,4800.935999999999,old=5112.0
20171223-22:19:58:495|HiH_DataStatManager|30002312|new date =20171223, type=40034,292.73999999999995,old=292.73999999999995
20171223-22:19:58:505|HiH_HiHealthBinder|30002312|insertHiHealthData() end totalTime = 94
20171223-22:19:58:508|Step_SPUtils|30002312|setTodayTotalDetailSteps=1514038680000##7163##548935##8661##16256##27442827
20171223-22:19:58:515|HiH_HiSyncControl|30002312|startInsertSportSync first 500 steps sync,do all sync
20171223-22:19:58:518|HiH_|30002312|initUserPrivacy the userPrivacy is true
20171223-22:19:59:166|Step_SPUtils|30002312|setTodayTotalDetailSteps=1514038680000##7165##548940##8661##16256##27443484
20171223-22:19:59:667|Step_SPUtils|30002312|setTodayTotalDetailSteps=1514038680000##7167##548945##8661##16256##27443986
20171223-22:20:0:165|Step_SPUtils|30002312| getTodayTotalDetailSteps = 1514038680000##7167##548945##8661##16256##27443986
20171223-22:20:0:666|Step_SPUtils|30002312| getTodayTotalDetailSteps = 1514038740000##7170##548996##8661##16256##27444484
20171223-22:20:1:166|Step_SPUtils|30002312| getTodayTotalDetailSteps = 1514038740000##7173##549047##8661##16256##27444985
20171223-22:20:1:664|Step_SPUtils|30002312| getTodayTotalDetailSteps = 1514038740000##7174##549098##8661##16256##27445485
20171223-22:20:2:164|Step_SPUtils|30002312| getTodayTotalDetailSteps = 1514038740000##7176##549149##8661##16256##27445983
20171223-22:20:2:670|Step_SPUtils|30002312| getTodayTotalDetailSteps = 1514038740000##7179##549200##8661##16256##27446483
20171223-22:20:3:164|Step_SPUtils|30002312| getTodayTotalDetailSteps = 1514038740000##7181##549251##8661##16256##27446989
20171223-22:20:4:166|Step_SPUtils|30002312| getTodayTotalDetailSteps = 1514038740000##7183##549302##8661##16256##27447483
20171223-22:20:4:664|Step_SPUtils|30002312| getTodayTotalDetailSteps = 1514038740000##7185##549353##8661##16256##27448486
20171223-22:20:5:662|Step_SPUtils|30002312| getTodayTotalDetailSteps = 1514038740000##7186##549404##8661##16256##27448983
20171223-22:20:7:665|Step_SPUtils|30002312| getTodayTotalDetailSteps = 1514038740000##7187##549455##8661##16256##27449982
20171223-22:20:8:172|Step_SPUtils|30002312| getTodayTotalDetailSteps = 1514038740000##7188##549506##8661##16256##27451985
20171223-22:20:13:164|Step_SPUtils|30002312| getTodayTotalDetailSteps = 1514038740000##7189##549557##8661##16256##27452491
20171223-22:20:16:175|Step_SPUtils|30002312|setTodayTotalDetailSteps=1514038740000##7189##549659##8661##16256##27460494
20171223-22:24:22:165|Step_LSC|30002312|onExtend:1514038819000 0 0 5
20171223-22:24:22:206|Step_StandStepCounter|30002312|flush sensor data
20171223-22:24:22:309|Step_LSC|30002312|onStandStepChanged 3761
20171223-22:24:51:883|Step_LSC|30002312|onStandStepChanged 3761
20171223-22:24:53:897|Step_LSC|30002312|onExtend:1514039093000 0 0 0
20171223-22:24:59:190|Step_SPUtils|30002312| getTodayTotalDetailSteps = 1514038980000##7189##549659##8661##16256##27738504
20171223-22:29:8:492|Step_LSC|30002312|processHandleBroadcastAction action:android.intent.action.TIME_TICK
20171223-22:30:23:993|Step_LSC|30002312|onExtend:1514039352000 0 0 5
20171223-22:30:24:28|Step_LSC|30002312|onStandStepChanged 3761
20171223-22:30:24:348|Step_SPUtils|30002312|setTodayTotalDetailSteps=1514039340000##7189##549659##8661##16256##28068666
20171223-22:31:32:226|Step_SPUtils|30002312|setTodayTotalDetailSteps=1514039400000##7189##549659##8661##16256##28136544
20171223-22:31:59:619|Step_StandStepCounter|30002312|flush sensor data
20171223-22:31:59:655|Step_ExtSDM|30002312|calculateAltitudeWithCache totalAltitude=240
20171223-22:31:59:965|Step_ExtSDM|30002312|calculateCaloriesWithCache totalCalories=130673
20171223-22:32:28:800|HiH_HiSyncControl|30002312|initDataPrivacy the dataPrivacy switch is open, start push health data!
20171223-22:33:9:926|Step_LSC|30002312|onStandStepChanged 3761
20171223-22:33:46:274|Step_LSC|30002312|onStandStepChanged 3761
20171223-22:33:46:305|Step_LSC|30002312|onStandStepChanged 3761
20171223-22:33:46:616|Step_SPUtils|30002312|setTodayTotalDetailSteps=1514039520000##7189##549659##8661##16256##28270935
20171223-22:37:14:939|Step_LSC|30002312|onStandStepChanged 3761
20171223-22:38:31:368|Step_LSC|30002312|processHandleBroadcastAction action:android.intent.action.TIME_TICK
20171223-22:39:25:301|Step_StandStepCounter|30002312|flush sensor data
20171223-22:39:25:402|Step_LSC|30002312|onStandStepChanged 3761
20171223-22:39:25:628|Step_ExtSDM|30002312|calculateAltitudeWithCache totalAltitude=240
20171223-22:45:48:956|Step_LSC|30002312|onStandStepChanged 3761
20171223-22:45:54:974|Step_LSC|30002312|onExtend:1514040354000 0 0 0
20171223-22:48:0:132|Step_LSC|30002312|processHandleBroadcastAction action:android.intent.action.TIME_TICK
20171223-22:51:3:266|Step_SPUtils|30002312|setTodayTotalDetailSteps=1514040600000##7189##549659##8661##16256##29307585
20171223-22:51:37:292|Step_LSC|30002312|processHandleBroadcastAction action:android.intent.action.SCREEN_ON
20171223-22:51:37:307|Step_StandReportReceiver|30002312|REPORT : 7189 5132 153988 240
20171223-22:51:40:331|Step_LSC|30002312|onStandStepChanged 3761
20171223-22:51:48:993|Step_LSC|30002312|onExtend:1514040708000 0 0 5
20171223-22:52:45:412|Step_LSC|30002312|onStandStepChanged 3761
20171223-22:52:45:487|Step_LSC|30002312|onStandStepChanged 3761
20171223-22:52:45:802|Step_SPUtils|30002312|setTodayTotalDetailSteps=1514040660000##7189##549659##8661##16256##29410120
20171223-22:52:46:296|Step_ExtSDM|30002312|calculateCaloriesWithCache totalCalories=130673
20171223-22:52:52:306|Step_ExtSDM|30002312|calculateAltitudeWithCache totalAltitude=240
20171223-22:53:1:213|Step_StandStepCounter|30002312|flush sensor data
20171223-22:53:1:315|Step_LSC|30002312|onStandStepChanged 3761
20171223-22:53:1:544|Step_ExtSDM|30002312|calculateAltitudeWithCache totalAltitude=240
20171223-22:53:11:351|Step_StandReportReceiver|30002312|onReceive action: android.intent.action.SCREEN_OFF
20171223-22:53:12:718|Step_SPUtils|30002312|setTodayTotalDetailSteps=1514040720000##7189##549659##8661##16256##29437037
20171223-22:53:13:15|Step_LSC|30002312|onStandStepChanged 3761
20171223-22:54:55:20|Step_LSC|30002312|onStandStepChanged 3761
20171223-22:55:20:126|Step_StandReportReceiver|30002312|onReceive action: android.intent.action.SCREEN_OFF
20171223-22:55:55:735|Step_SPUtils|30002312|setTodayTotalDetailSteps=1514040840000##7189##549659##8661##16256##29600053
20171223-22:55:56:24|Step_LSC|30002312|onStandStepChanged 3761
20171223-22:56:6:185|Step_StandReportReceiver|30002312|onReceive action: android.intent.action.SCREEN_OFF
20171223-23:6:7:350|Step_LSC|30002312|processHandleBroadcastAction action:android.intent.action.TIME_TICK
20171223-23:7:6:86|Step_LSC|30002312|onExtend:1514041266000 0 0 5
20171223-23:7:6:124|Step_StandReportReceiver|30002312|onReceive action: android.intent.action.SCREEN_ON
20171223-23:7:6:142|Step_ExtSDM|30002312|calculateAltitudeWithCache totalAltitude=240
20171223-23:7:6:453|Step_ExtSDM|30002312|calculateCaloriesWithCache totalCalories=130673
20171223-23:7:7:400|Step_ExtSDM|30002312|calculateAltitudeWithCache totalAltitude=240
20171223-23:7:50:304|Step_LSC|30002312|getTodaySportData mStepsRecordManager=com.huawei.health.g.c@8a2a501
20171223-23:7:51:314|Step_LSC|30002312|getTodaySportData mStepsRecordManager=com.huawei.health.g.c@8a2a501
20171223-23:8:9:253|Step_ExtSDM|30002312|calculateAltitudeWithCache totalAltitude=240
20171223-23:8:19:432|Step_ExtSDM|30002312|calculateAltitudeWithCache totalAltitude=240
20171223-23:14:24:380|Step_LSC|30002312|onStandStepChanged 3761
20171223-23:14:24:384|Step_LSC|30002312|onExtend:1514042082000 0 0 5
20171223-23:14:24:399|Step_ExtSDM|30002312|calculateCaloriesWithCache totalCalories=130673
20171223-23:14:24:711|Step_SPUtils|30002312|setTodayTotalDetailSteps=1514041980000##7189##549659##8661##16256##30709030
20171223-23:14:25:422|Step_ExtSDM|30002312|calculateCaloriesWithCache totalCalories=130673
20171223-23:14:42:930|Step_ExtSDM|30002312|calculateAltitudeWithCache totalAltitude=240
20171223-23:14:43:432|Step_ExtSDM|30002312|calculateAltitudeWithCache totalAltitude=240
20171223-23:14:43:934|Step_ExtSDM|30002312|calculateAltitudeWithCache totalAltitude=240
20171223-23:14:44:431|Step_ExtSDM|30002312|calculateAltitudeWithCache totalAltitude=240
20171223-23:14:44:946|Step_ExtSDM|30002312|calculateAltitudeWithCache totalAltitude=240
20171223-23:14:45:434|Step_ExtSDM|30002312|calculateAltitudeWithCache totalAltitude=240
20171223-23:14:45:919|Step_ExtSDM|30002312|calculateAltitudeWithCache totalAltitude=240
20171223-23:14:46:431|Step_ExtSDM|30002312|calculateAltitudeWithCache totalAltitude=240
20171223-23:14:46:932|Step_ExtSDM|30002312|calculateAltitudeWithCache totalAltitude=240
20171223-23:14:47:432|Step_ExtSDM|30002312|calculateAltitudeWithCache totalAltitude=240
20171223-23:14:48:421|Step_ExtSDM|30002312|calculateAltitudeWithCache totalAltitude=240
20171223-23:14:48:932|Step_ExtSDM|30002312|calculateAltitudeWithCache totalAltitude=240
20171223-23:14:52:424|Step_ExtSDM|30002312|calculateAltitudeWithCache totalAltitude=240
20171223-23:16:23:420|Step_ExtSDM|30002312|calculateCaloriesWithCache totalCalories=131208
20171223-23:17:40:995|Step_LSC|30002312|processHandleBroadcastAction action:android.intent.action.SCREEN_ON
20171223-23:17:41:5|Step_StandReportReceiver|30002312|REPORT : 7214 5150 154523 240
20171223-23:17:41:310|Step_ExtSDM|30002312|calculateAltitudeWithCache totalAltitude=240
20171223-23:17:41:989|Step_StandStepCounter|30002312|flush sensor data
20171223-23:17:42:91|Step_LSC|30002312|onStandStepChanged 3786
20171223-23:19:0:120|Step_LSC|30002312|processHandleBroadcastAction action:android.intent.action.TIME_TICK
20171223-23:19:21:138|Step_LSC|30002312|onStandStepChanged 3786
20171223-23:21:0:125|Step_LSC|30002312|processHandleBroadcastAction action:android.intent.action.TIME_TICK
20171223-23:23:15:473|Step_ExtSDM|30002312|calculateAltitudeWithCache totalAltitude=240
20171223-23:23:50:452|Step_LSC|30002312|processHandleBroadcastAction action:android.intent.action.TIME_TICK
20171223-23:29:4:137|Step_LSC|30002312|onStandStepChanged 3786
20171223-23:29:5:148|Step_LSC|30002312|onExtend:1514042945000 0 0 0
20171223-23:32:0:140|Step_LSC|30002312|processHandleBroadcastAction action:android.intent.action.TIME_TICK
20171223-23:32:28:796|HiH_HiSyncControl|30002312|initUserPrivacy the userPrivacy switch is open, start push user data!
20171223-23:36:0:147|Step_LSC|30002312|processHandleBroadcastAction action:android.intent.action.TIME_TICK
20171223-23:37:14:456|Step_ExtSDM|30002312|calculateAltitudeWithCache totalAltitude=240
20171223-23:38:0:131|Step_LSC|30002312|processHandleBroadcastAction action:android.intent.action.TIME_TICK
20171223-23:40:10:463|Step_ExtSDM|30002312|calculateCaloriesWithCache totalCalories=131208
20171223-23:40:14:462|Step_ExtSDM|30002312|calculateAltitudeWithCache totalAltitude=240
20171223-23:42:39:221|Step_ExtSDM|30002312|calculateCaloriesWithCache totalCalories=131208
20171223-23:46:7:148|Step_LSC|30002312|onExtend:1514043967000 0 0 5
20171223-23:46:14:439|Step_SPUtils|30002312| getTodayTotalDetailSteps = 1514043900000##7214##549659##8661##16256##32611763
20171223-23:50:0:130|Step_LSC|30002312|processHandleBroadcastAction action:android.intent.action.TIME_TICK
20171223-23:51:0:123|Step_LSC|30002312|processHandleBroadcastAction action:android.intent.action.TIME_TICK
20171223-23:52:57:456|Step_ExtSDM|30002312|calculateAltitudeWithCache totalAltitude=240
20171223-23:53:0:453|Step_ExtSDM|30002312|calculateAltitudeWithCache totalAltitude=240
20171223-23:53:17:137|Step_LSC|30002312|onStandStepChanged 3786
20171223-23:53:25:146|Step_LSC|30002312|onExtend:1514044405000 0 0 5
20171223-23:53:31:441|Step_SPUtils|30002312| getTodayTotalDetailSteps = 1514044320000##7214##549659##8661##16256##33049759
20171223-23:53:40:448|Step_SPUtils|30002312|setTodayTotalDetailSteps=1514044320000##7214##549659##8661##16256##33064766
20171223-23:53:42:456|Step_ExtSDM|30002312|calculateCaloriesWithCache totalCalories=131208
20171223-23:53:51:470|Step_ExtSDM|30002312|calculateAltitudeWithCache totalAltitude=240
20171223-23:54:0:148|Step_LSC|30002312|processHandleBroadcastAction action:android.intent.action.TIME_TICK
20171223-23:54:29:137|Step_LSC|30002312|onStandStepChanged 3786
20171223-23:54:34:147|Step_LSC|30002312|onExtend:1514044474000 0 0 5
20171223-23:54:35:442|Step_SPUtils|30002312| getTodayTotalDetailSteps = 1514044380000##7214##549659##8661##16256##33118758
20171223-23:54:45:449|Step_SPUtils|30002312|setTodayTotalDetailSteps=1514044380000##7214##549659##8661##16256##33129767
20171223-23:54:47:465|Step_ExtSDM|30002312|calculateCaloriesWithCache totalCalories=131208
20171223-23:54:54:451|Step_ExtSDM|30002312|calculateAltitudeWithCache totalAltitude=240
20171223-23:55:0:146|Step_LSC|30002312|processHandleBroadcastAction action:android.intent.action.TIME_TICK
20171223-23:55:25:137|Step_LSC|30002312|onStandStepChanged 3786
20171223-23:56:12:138|Step_LSC|30002312|onStandStepChanged 3786
20171223-23:56:13:150|Step_LSC|30002312|onExtend:1514044573000 0 0 0
20171223-23:56:28:443|Step_SPUtils|30002312| getTodayTotalDetailSteps = 1514044500000##7214##549659##8661##16256##33217764
20171223-23:56:35:440|Step_SPUtils|30002312|setTodayTotalDetailSteps=1514044500000##7214##549659##8661##16256##33239758
20171223-23:57:34:440|Step_SPUtils|30002312|setTodayTotalDetailSteps=1514044560000##7214##549659##8661##16256##33298759
20171223-23:57:42:464|Step_ExtSDM|30002312|calculateCaloriesWithCache totalCalories=131208
20171224-0:0:0:218|Step_SPUtils|30002312|getStepCounterStatus
20171224-0:0:0:229|Step_StandStepDataManager|30002312|tryToRecordAsBasicStepData bWrite true
20171224-0:0:0:234|Step_StandStepDataManager|30002312|tryToReloadTodayBasicSteps1514044800223|3786|0|0
20171224-0:0:0:237|Step_HGNH|30002312|next day:steps0mLastReport7214
20171224-0:0:0:624|Step_SPUtils|30002312|setTodayTotalDetailSteps=1514044740000##0##549659##8661##16256##33444943
20171224-0:0:5:444|Step_ExtSDM|30002312|calculateCaloriesWithCache totalCalories=0
20171224-0:0:6:451|Step_ExtSDM|30002312|calculateAltitudeWithCache totalAltitude=0
20171224-0:5:22:478|Step_LSC|30002312|onExtend:1514045123000 0 0 0
20171224-0:6:16:574|Step_LSC|30002312|onExtend:1514045177000 0 0 0
20171224-0:7:2:150|Step_LSC|30002312|onExtend:1514045222000 0 0 5
20171224-0:7:4:439|Step_SPUtils|30002312| getTodayTotalDetailSteps = 1514045160000##0##549659##8661##16256##33866758
20171224-0:7:20:439|Step_SPUtils|30002312|setTodayTotalDetailSteps=1514045160000##0##549659##8661##16256##33884757
20171224-0:7:21:447|Step_ExtSDM|30002312|calculateCaloriesWithCache totalCalories=0
20171224-0:9:4:441|Step_SPUtils|30002312|setTodayTotalDetailSteps=1514045280000##0##549659##8661##16256##33988760
20171224-0:9:6:450|Step_ExtSDM|30002312|calculateCaloriesWithCache totalCalories=0
20171224-0:9:34:446|Step_ExtSDM|30002312|calculateAltitudeWithCache totalAltitude=0
20171224-0:10:0:183|Step_LSC|30002312|processHandleBroadcastAction action:android.intent.action.TIME_TICK
20171224-0:10:10:137|Step_LSC|30002312|onStandStepChanged 3786
20171224-0:10:42:149|Step_LSC|30002312|onExtend:1514045442000 0 0 5
20171224-0:10:43:440|Step_SPUtils|30002312| getTodayTotalDetailSteps = 1514045340000##0##549659##8661##16256##34086757
20171224-0:11:56:445|Step_SPUtils|30002312| getTodayTotalDetailSteps = 1514045340000##0##549659##8661##16256##34087759
20171224-0:11:57:443|Step_SPUtils|30002312|setTodayTotalDetailSteps=1514045400000##0##549659##8661##16256##34161762
20171224-0:15:52:983|Step_LSC|30002312|onStandStepChanged 3786
20171224-0:17:0:126|Step_LSC|30002312|processHandleBroadcastAction action:android.intent.action.TIME_TICK
20171224-0:24:0:114|Step_LSC|30002312|processHandleBroadcastAction action:android.intent.action.TIME_TICK
20171224-0:25:16:445|Step_ExtSDM|30002312|calculateAltitudeWithCache totalAltitude=0
20171224-0:26:0:114|Step_LSC|30002312|processHandleBroadcastAction action:android.intent.action.TIME_TICK
20171224-0:28:25:461|Step_ExtSDM|30002312|calculateCaloriesWithCache totalCalories=0
20171224-0:32:28:800|HiH_HiSyncControl|30002312|stepSyncOrNot appSynTimes is 0
20171224-0:32:28:806|HiH_HiBroadcastUtil|30002312|sendSyncFailedBroadcast
20171224-0:48:29:111|Step_LSC|30002312|processHandleBroadcastAction action:android.intent.action.TIME_TICK
20171224-0:59:7:581|Step_LSC|30002312|processHandleBroadcastAction action:android.intent.action.TIME_TICK
