20171223-22:15:29:635|Step_LSC|30002312|processHandleBroadcastAction action:android.intent.action.SCREEN_ON
20171223-22:15:29:649|Step_StandReportReceiver|30002312|REPORT : 7007 5002 150089 240
20171223-22:15:29:959|Step_ExtSDM|30002312|calculateCaloriesWithCache totalCalories=126797
20171223-22:15:30:639|Step_ExtSDM|30002312|calculateCaloriesWithCache totalCalories=126818
20171223-22:15:31:157|Step_ExtSDM|30002312|calculateCaloriesWithCache totalCalories=126861
20171223-22:15:32:156|Step_ExtSDM|30002312|calculateCaloriesWithCache totalCalories=126882
20171223-22:15:32:656|Step_ExtSDM|30002312|calculateCaloriesWithCache totalCalories=126904
20171223-22:15:33:148|Step_ExtSDM|30002312|calculateCaloriesWithCache totalCalories=126925
20171223-22:15:33:658|Step_ExtSDM|30002312|calculateCaloriesWithCache totalCalories=126947
20171223-22:15:34:851|Step_LSC|30002312|onExtend:1514038535000 1 0 4
20171223-22:15:35:23|Step_StandReportReceiver|30002312|REPORT : 7017 5010 150304 240
20171223-22:15:35:104|Step_ExtSDM|30002312|calculateCaloriesWithCache totalCalories=126989
20171223-22:15:35:413|Step_SPUtils|30002312| getTodayTotalDetailSteps = 1514038440000##7017##548365##8661##13216##27179417
20171223-22:15:36:149|Step_SPUtils|30002312| getTodayTotalDetailSteps = 1514038440000##7018##548365##8661##13311##27179732
20171223-22:15:36:657|Step_SPUtils|30002312| getTodayTotalDetailSteps = 1514038440000##7019##548365##8661##13406##27180468
20171223-22:15:37:652|Step_SPUtils|30002312| getTodayTotalDetailSteps = 1514038440000##7020##548365##8661##13501##27180976
20171223-22:15:38:149|Step_SPUtils|30002312| getTodayTotalDetailSteps = 1514038440000##7021##548365##8661##13596##27181971
20171223-22:15:38:653|Step_SPUtils|30002312| getTodayTotalDetailSteps = 1514038440000##7022##548365##8661##13691##27182468
20171223-22:15:39:150|Step_SPUtils|30002312| getTodayTotalDetailSteps = 1514038440000##7023##548365##8661##13786##27182973
20171223-22:15:39:655|Step_SPUtils|30002312| getTodayTotalDetailSteps = 1514038440000##7024##548365##8661##13881##27183469
20171223-22:15:40:652|Step_SPUtils|30002312| getTodayTotalDetailSteps = 1514038440000##7025##548365##8661##13976##27183974
20171223-22:15:41:149|Step_SPUtils|30002312| getTodayTotalDetailSteps = 1514038440000##7026##548365##8661##14071##27184972
20171223-22:15:41:658|Step_SPUtils|30002312| getTodayTotalDetailSteps = 1514038440000##7027##548365##8661##14166##27185467
20171223-22:15:42:150|Step_SPUtils|30002312| getTodayTotalDetailSteps = 1514038440000##7028##548365##8661##14261##27185977
20171223-22:15:43:149|Step_SPUtils|30002312| getTodayTotalDetailSteps = 1514038440000##7029##548365##8661##14356##27186469
20171223-22:15:43:649|Step_SPUtils|30002312| getTodayTotalDetailSteps = 1514038440000##7030##548365##8661##14451##27187468
20171223-22:15:44:152|Step_SPUtils|30002312| getTodayTotalDetailSteps = 1514038440000##7031##548365##8661##14546##27187968
20171223-22:15:45:149|Step_SPUtils|30002312| getTodayTotalDetailSteps = 1514038440000##7032##548365##8661##14641##27188471
20171223-22:15:45:649|Step_SPUtils|30002312| getTodayTotalDetailSteps = 1514038440000##7033##548365##8661##14736##27189469
20171223-22:15:46:149|Step_SPUtils|30002312| getTodayTotalDetailSteps = 1514038440000##7034##548365##8661##14831##27189969
20171223-22:15:46:650|Step_SPUtils|30002312| getTodayTotalDetailSteps = 1514038440000##7035##548365##8661##14926##27190469
20171223-22:15:47:650|Step_SPUtils|30002312| getTodayTotalDetailSteps = 1514038440000##7036##548365##8661##15021##27190970
20171223-22:15:48:158|Step_SPUtils|30002312| getTodayTotalDetailSteps = 1514038440000##7037##548365##8661##15116##27191969
20171223-22:15:48:652|Step_SPUtils|30002312| getTodayTotalDetailSteps = 1514038440000##7038##548365##8661##15211##27192478
20171223-22:15:49:652|Step_SPUtils|30002312| getTodayTotalDetailSteps = 1514038440000##7039##548365##8661##15306##27192971
20171223-22:15:50:160|Step_SPUtils|30002312| getTodayTotalDetailSteps = 1514038440000##7040##548365##8661##15401##27193971
20171223-22:15:51:151|Step_SPUtils|30002312| getTodayTotalDetailSteps = 1514038440000##7041##548365##8661##15496##27194480
20171223-22:15:52:160|Step_SPUtils|30002312| getTodayTotalDetailSteps = 1514038440000##7042##548365##8661##15591##27195470
20171223-22:15:52:651|Step_SPUtils|30002312| getTodayTotalDetailSteps = 1514038440000##7044##548365##8661##15686##27196480
20171223-22:15:53:653|Step_SPUtils|30002312| getTodayTotalDetailSteps = 1514038440000##7045##548365##8661##15781##27196970
20171223-22:15:54:651|Step_SPUtils|30002312| getTodayTotalDetailSteps = 1514038440000##7047##548365##8661##15876##27197972
20171223-22:15:55:650|Step_SPUtils|30002312| getTodayTotalDetailSteps = 1514038440000##7048##548365##8661##15971##27198970
20171223-22:15:56:150|Step_SPUtils|30002312| getTodayTotalDetailSteps = 1514038440000##7050##548365##8661##16066##27199969
20171223-22:15:58:155|Step_SPUtils|30002312| getTodayTotalDetailSteps = 1514038440000##7052##548365##8661##16161##27200470
20171223-22:16:0:119|Step_LSC|30002312|processHandleBroadcastAction action:android.intent.action.TIME_TICK
20171223-22:16:0:859|Step_LSC|30002312|onExtend:1514038561000 0 0 0
20171223-22:17:18:864|Step_LSC|30002312|onExtend:1514038639000 0 0 4
20171223-22:17:20:652|Step_SPUtils|30002312| getTodayTotalDetailSteps = 1514038560000##7054##548552##8661##16256##27283470
20171223-22:17:21:156|Step_SPUtils|30002312| getTodayTotalDetailSteps = 1514038560000##7056##548553##8661##16256##27284971
20171223-22:17:21:649|Step_SPUtils|30002312| getTodayTotalDetailSteps = 1514038560000##7058##548554##8661##16256##27285475
20171223-22:17:22:151|Step_SPUtils|30002312| getTodayTotalDetailSteps = 1514038560000##7060##548555##8661##16256##27285968
20171223-22:17:22:650|Step_SPUtils|30002312| getTodayTotalDetailSteps = 1514038560000##7062##548556##8661##16256##27286470
20171223-22:17:23:150|Step_SPUtils|30002312| getTodayTotalDetailSteps = 1514038560000##7064##548557##8661##16256##27286970
20171223-22:17:23:653|Step_SPUtils|30002312| getTodayTotalDetailSteps = 1514038560000##7066##548558##8661##16256##27287469
20171223-22:17:24:151|Step_SPUtils|30002312| getTodayTotalDetailSteps = 1514038560000##7068##548559##8661##16256##27287972
20171223-22:17:24:654|Step_SPUtils|30002312| getTodayTotalDetailSteps = 1514038560000##7070##548560##8661##16256##27288471
20171223-22:17:25:150|Step_SPUtils|30002312| getTodayTotalDetailSteps = 1514038560000##7071##548561##8661##16256##27288973
20171223-22:17:28:156|Step_SPUtils|30002312| getTodayTotalDetailSteps = 1514038560000##7074##548562##8661##16256##27289470
20171223-22:17:45:151|Step_SPUtils|30002312|setTodayTotalDetailSteps=1514038560000##7075##548564##8661##16256##27309470
20171223-22:17:45:650|Step_SPUtils|30002312|setTodayTotalDetailSteps=1514038560000##7077##548565##8661##16256##27309969
20171223-22:17:46:154|Step_SPUtils|30002312|setTodayTotalDetailSteps=1514038560000##7079##548566##8661##16256##27310473
20171223-22:17:46:651|Step_SPUtils|30002312|setTodayTotalDetailSteps=1514038560000##7081##548567##8661##16256##27310970
20171223-22:17:47:154|Step_SPUtils|30002312|setTodayTotalDetailSteps=1514038560000##7083##548568##8661##16256##27311472
20171223-22:17:47:652|Step_SPUtils|30002312|setTodayTotalDetailSteps=1514038560000##7084##548569##8661##16256##27311970
20171223-22:17:48:149|Step_SPUtils|30002312|setTodayTotalDetailSteps=1514038560000##7086##548570##8661##16256##27312467
20171223-22:17:48:649|Step_SPUtils|30002312|setTodayTotalDetailSteps=1514038560000##7088##548571##8661##16256##27312967
20171223-22:17:49:149|Step_SPUtils|30002312|setTodayTotalDetailSteps=1514038560000##7090##548572##8661##16256##27313468
20171223-22:17:49:655|Step_SPUtils|30002312|setTodayTotalDetailSteps=1514038560000##7092##548573##8661##16256##27313974
20171223-22:17:50:149|Step_SPUtils|30002312|setTodayTotalDetailSteps=1514038560000##7094##548574##8661##16256##27314468
20171223-22:17:50:649|Step_SPUtils|30002312|setTodayTotalDetailSteps=1514038560000##7095##548575##8661##16256##27314968
20171223-22:17:51:150|Step_SPUtils|30002312|setTodayTotalDetailSteps=1514038560000##7097##548576##8661##16256##27315469
20171223-22:17:51:664|Step_SPUtils|30002312|setTodayTotalDetailSteps=1514038560000##7099##548577##8661##16256##27315983
20171223-22:17:52:152|Step_SPUtils|30002312|setTodayTotalDetailSteps=1514038560000##7101##548578##8661##16256##27316470
20171223-22:17:53:149|Step_SPUtils|30002312|setTodayTotalDetailSteps=1514038560000##7102##548579##8661##16256##27317468
20171223-22:17:54:153|Step_SPUtils|30002312|setTodayTotalDetailSteps=1514038560000##7103##548580##8661##16256##27318472
20171223-22:17:55:154|Step_SPUtils|30002312|setTodayTotalDetailSteps=1514038560000##7104##548581##8661##16256##27319473
20171223-22:17:55:649|Step_SPUtils|30002312|setTodayTotalDetailSteps=1514038560000##7105##548582##8661##16256##27319968
20171223-22:17:56:651|Step_SPUtils|30002312|setTodayTotalDetailSteps=1514038560000##7106##548583##8661##16256##27320969
20171223-22:17:57:650|Step_SPUtils|30002312|setTodayTotalDetailSteps=1514038560000##7107##548584##8661##16256##27321969
20171223-22:17:58:151|Step_SPUtils|30002312|setTodayTotalDetailSteps=1514038560000##7109##548585##8661##16256##27322469
20171223-22:18:0:158|Step_SPUtils|30002312| getTodayTotalDetailSteps = 1514038560000##7109##548585##8661##16256##27322469
20171223-22:18:1:649|Step_SPUtils|30002312| getTodayTotalDetailSteps = 1514038620000##7111##548640##8661##16256##27324478
20171223-22:18:2:649|Step_SPUtils|30002312| getTodayTotalDetailSteps = 1514038620000##7112##548695##8661##16256##27325968
20171223-22:18:5:653|Step_SPUtils|30002312| getTodayTotalDetailSteps = 1514038620000##7113##548750##8661##16256##27326969
20171223-22:18:6:150|Step_SPUtils|30002312| getTodayTotalDetailSteps = 1514038620000##7114##548805##8661##16256##27329972
20171223-22:19:8:155|Step_SPUtils|30002312| getTodayTotalDetailSteps = 1514038620000##7114##548860##8661##16256##27330470
20171223-22:19:8:658|Step_SPUtils|30002312| getTodayTotalDetailSteps = 1514038680000##7117##548865##8661##16256##27392475
20171223-22:19:9:150|Step_SPUtils|30002312| getTodayTotalDetailSteps = 1514038680000##7122##548870##8661##16256##27392978
20171223-22:19:9:652|Step_SPUtils|30002312| getTodayTotalDetailSteps = 1514038680000##7124##548875##8661##16256##27393470
20171223-22:19:10:149|Step_SPUtils|30002312| getTodayTotalDetailSteps = 1514038680000##7126##548880##8661##16256##27393971
20171223-22:19:10:650|Step_SPUtils|30002312| getTodayTotalDetailSteps = 1514038680000##7128##548885##8661##16256##27394469
20171223-22:19:11:149|Step_SPUtils|30002312| getTodayTotalDetailSteps = 1514038680000##7130##548890##8661##16256##27394969
20171223-22:19:11:650|Step_SPUtils|30002312| getTodayTotalDetailSteps = 1514038680000##7132##548895##8661##16256##27395468
20171223-22:19:12:153|Step_SPUtils|30002312| getTodayTotalDetailSteps = 1514038680000##7135##548900##8661##16256##27395969
20171223-22:19:12:650|Step_SPUtils|30002312| getTodayTotalDetailSteps = 1514038680000##7139##548905##8661##16256##27396473
20171223-22:19:14:655|Step_SPUtils|30002312| getTodayTotalDetailSteps = 1514038680000##7140##548910##8661##16256##27396969
20171223-22:19:16:156|Step_SPUtils|30002312| getTodayTotalDetailSteps = 1514038680000##7154##548915##8661##16256##27398975
20171223-22:19:57:758|Step_LSC|30002312|onStandStepChanged 3732
20171223-22:19:57:780|Step_LSC|30002312|onStandStepChanged 3732
20171223-22:19:58:97|Step_SPUtils|30002312|setTodayTotalDetailSteps=1514038680000##7160##548930##8661##16256##27442416
20171223-22:19:58:366|Step_FlushableStepDataCache|30002312|upLoadOneMinuteDataToEngine time=25233975,0,93,0,20002
20171223-22:19:58:371|HiH_HiHealthBinder|30002312|getAppContext() isAppValid health or wear, packageName = com.huawei.health
20171223-22:19:58:378|HiH_HiHealthDataInsertStore|30002312|saveStatData() type =40002,time = 1513958400000,statClient = 2,who is 1
20171223-22:19:58:381|HiH_HiHealthDataInsertStore|30002312|saveHealthDetailData() saveOneDetailData fail hiHealthData = 1513958400000,type = 40005
20171223-22:19:58:411|Step_LSC|30002312|uploadStaticsToDB() onResult  type = 4 obj=true
20171223-22:19:58:416|HiH_HiSyncControl|30002312|stepSyncOrNot appSynTimes is 0, statsyncTimes is 0
20171223-22:19:58:419|HiH_HiHealthBinder|30002312|insertHiHealthData() checkAppType  0 appID = 1
20171223-22:19:58:428|HiH_|30002312|initUserPrivacy the userPrivacy is true
20171223-22:19:58:471|HiH_DataStatManager|30002312|new date =20171223, type=40005,330.0,old=330.0
20171223-22:19:58:499|HiH_DataStatManager|30002312|new date =20171223, type=40041,6720.0,old=6480.0
20171223-22:19:58:505|Step_FlushableStepDataCache|30002312|InsertEvent success begin:25233975 end:25233979
20171223-22:19:58:513|Step_ExtSDM|30002312|calculateCaloriesWithCache totalCalories=130116
20171223-22:19:58:517|HiH_HiSyncControl|30002312|needAutoSync autoSyncSwitch is open
20171223-22:19:58:518|HiH_HiBroadcastUtil|30002312|sendSyncFailedBroadcast
20171223-22:19:59:178|Step_ExtSDM|30002312|calculateAltitudeWithCache totalAltitude=240
20171223-22:19:59:681|Step_ExtSDM|30002312|calculateAltitudeWithCache totalAltitude=240
20171223-22:20:0:174|Step_ExtSDM|30002312|calculateCaloriesWithCache totalCalories=130266
20171223-22:20:0:679|Step_ExtSDM|30002312|calculateCaloriesWithCache totalCalories=130330
20171223-22:20:1:181|Step_ExtSDM|30002312|calculateCaloriesWithCache totalCalories=130351
20171223-22:20:1:679|Step_ExtSDM|30002312|calculateCaloriesWithCache totalCalories=130394
20171223-22:20:2:174|Step_ExtSDM|30002312|calculateCaloriesWithCache totalCalories=130458
20171223-22:20:2:678|Step_ExtSDM|30002312|calculateCaloriesWithCache totalCalories=130501
20171223-22:20:3:175|Step_ExtSDM|30002312|calculateCaloriesWithCache totalCalories=130544
20171223-22:20:4:187|Step_ExtSDM|30002312|calculateCaloriesWithCache totalCalories=130587
20171223-22:20:4:673|Step_ExtSDM|30002312|calculateCaloriesWithCache totalCalories=130608
20171223-22:20:5:672|Step_ExtSDM|30002312|calculateCaloriesWithCache totalCalories=130630
20171223-22:20:7:681|Step_ExtSDM|30002312|calculateCaloriesWithCache totalCalories=130651
20171223-22:20:8:180|Step_ExtSDM|30002312|calculateCaloriesWithCache totalCalories=130673
20171223-22:20:13:180|Step_ExtSDM|30002312|calculateCaloriesWithCache totalCalories=130673
20171223-22:20:16:194|Step_ExtSDM|30002312|calculateAltitudeWithCache totalAltitude=240
20171223-22:24:22:165|Step_LSC|30002312|onExtend:1514038939000 0 0 5
20171223-22:24:22:207|Step_SPUtils|30002312|setTodayTotalDetailSteps=1514038980000##7189##549659##8661##16256##27706526
20171223-22:24:22:344|Step_LSC|30002312|processHandleBroadcastAction action:android.intent.action.TIME_TICK
20171223-22:24:52:184|Step_SPUtils|30002312| getTodayTotalDetailSteps = 1514038980000##7189##549659##8661##16256##27706835
20171223-22:24:54:186|Step_SPUtils|30002312|setTodayTotalDetailSteps=1514038980000##7189##549659##8661##16256##27738504
20171223-22:24:59:206|Step_ExtSDM|30002312|calculateCaloriesWithCache totalCalories=130673
20171223-22:30:23:988|Step_LSC|30002312|onStandStepChanged 3761
20171223-22:30:24:25|Step_StandReportReceiver|30002312|onReceive action: android.intent.action.SCREEN_ON
20171223-22:30:24:45|Step_ExtSDM|30002312|calculateAltitudeWithCache totalAltitude=240
20171223-22:30:24:358|Step_ExtSDM|30002312|calculateAltitudeWithCache totalAltitude=240
20171223-22:31:32:246|Step_ExtSDM|30002312|calculateAltitudeWithCache totalAltitude=240
20171223-22:31:59:620|Step_LSC|30002312|onExtend:1514039575000 0 0 0
20171223-22:31:59:723|Step_LSC|30002312|onStandStepChanged 3761
20171223-22:32:0:95|Step_LSC|30002312|processHandleBroadcastAction action:android.intent.action.TIME_TICK
20171223-22:32:28:801|HiH_HiSyncControl|30002312|initUserPrivacy the userPrivacy switch is open, start push user data!
20171223-22:33:10:228|Step_SPUtils|30002312| getTodayTotalDetailSteps = 1514039400000##7189##549659##8661##16256##28164276
20171223-22:33:46:301|Step_StandReportReceiver|30002312|onReceive action: android.intent.action.SCREEN_ON
20171223-22:33:46:314|Step_ExtSDM|30002312|calculateAltitudeWithCache totalAltitude=240
20171223-22:33:46:624|Step_ExtSDM|30002312|calculateAltitudeWithCache totalAltitude=240
20171223-22:37:15:240|Step_SPUtils|30002312| getTodayTotalDetailSteps = 1514039520000##7189##549659##8661##16256##28270935
20171223-22:39:25:264|Step_LSC|30002312|onExtend:1514039857000 0 0 5
20171223-22:39:25:302|Step_SPUtils|30002312|setTodayTotalDetailSteps=1514039880000##7189##549659##8661##16256##28609620
20171223-22:39:25:406|Step_LSC|30002312|timeStamp back,extendReportTimeStamp=1514039977000
20171223-22:41:0:151|Step_LSC|30002312|processHandleBroadcastAction action:android.intent.action.TIME_TICK
20171223-22:45:49:258|Step_SPUtils|30002312| getTodayTotalDetailSteps = 1514039880000##7189##549659##8661##16256##28609933
20171223-22:45:55:257|Step_SPUtils|30002312|setTodayTotalDetailSteps=1514040240000##7189##549659##8661##16256##28999575
20171223-22:50:0:142|Step_LSC|30002312|processHandleBroadcastAction action:android.intent.action.TIME_TICK
20171223-22:51:3:278|Step_ExtSDM|30002312|calculateAltitudeWithCache totalAltitude=240
20171223-22:51:37:292|Step_SPUtils|30002312| getTodayTotalDetailSteps = 1514040600000##7189##549659##8661##16256##29307585
20171223-22:51:37:394|Step_LSC|30002312|onExtend:1514040697000 0 0 0
20171223-22:51:40:632|Step_SPUtils|30002312| getTodayTotalDetailSteps = 1514040600000##7189##549659##8661##16256##29341927
20171223-22:51:49:283|Step_SPUtils|30002312|setTodayTotalDetailSteps=1514040600000##7189##549659##8661##16256##29353602
20171223-22:52:45:485|Step_StandReportReceiver|30002312|onReceive action: android.intent.action.SCREEN_ON
20171223-22:52:45:497|Step_ExtSDM|30002312|calculateAltitudeWithCache totalAltitude=240
20171223-22:52:45:813|Step_ExtSDM|30002312|calculateAltitudeWithCache totalAltitude=240
20171223-22:52:51:987|Step_LSC|30002312|onStandStepChanged 3761
20171223-22:53:1:177|Step_LSC|30002312|onStandStepChanged 3761
20171223-22:53:1:215|Step_SPUtils|30002312|setTodayTotalDetailSteps=1514040720000##7189##549659##8661##16256##29425533
20171223-22:53:1:320|Step_LSC|30002312|timeStamp back,extendReportTimeStamp=1514040836000
20171223-22:53:7:6|Step_LSC|30002312|onExtend:1514040786000 0 0 5
20171223-22:53:12:704|Step_LSC|30002312|onExtend:1514040793000 0 0 5
20171223-22:53:12:731|Step_ExtSDM|30002312|calculateCaloriesWithCache totalCalories=130673
20171223-22:53:13:38|Step_SPUtils|30002312| getTodayTotalDetailSteps = 1514040720000##7189##549659##8661##16256##29437037
20171223-22:54:55:330|Step_SPUtils|30002312| getTodayTotalDetailSteps = 1514040720000##7189##549659##8661##16256##29437358
20171223-22:55:55:702|Step_LSC|30002312|onExtend:1514040956000 0 0 5
20171223-22:55:55:746|Step_ExtSDM|30002312|calculateCaloriesWithCache totalCalories=130673
20171223-22:55:56:53|Step_SPUtils|30002312| getTodayTotalDetailSteps = 1514040840000##7189##549659##8661##16256##29600053
20171223-22:59:36:579|Step_LSC|30002312|processHandleBroadcastAction action:android.intent.action.TIME_TICK
20171223-23:7:6:86|Step_LSC|30002312|onExtend:1514040966000 0 0 5
20171223-23:7:6:86|Step_LSC|30002312|onExtend:1514041386000 0 0 5
20171223-23:7:6:125|Step_StandStepCounter|30002312|flush sensor data
20171223-23:7:6:226|Step_LSC|30002312|onStandStepChanged 3761
20171223-23:7:7:71|Step_LSC|30002312|onStandStepChanged 3761
20171223-23:7:50:266|Step_StandReportReceiver|30002312|REPORT : 7189 5132 153988 240
20171223-23:7:51:224|Step_StandReportReceiver|30002312|REPORT : 7189 5132 153988 240
20171223-23:8:9:229|Step_LSC|30002312|getTodaySportData mStepsRecordManager=com.huawei.health.g.c@8a2a501
20171223-23:8:19:101|Step_LSC|30002312|onStandStepChanged 3761
20171223-23:10:37:857|Step_LSC|30002312|processHandleBroadcastAction action:android.intent.action.TIME_TICK
20171223-23:14:24:384|Step_LSC|30002312|onExtend:1514041782000 0 0 5
20171223-23:14:24:390|Step_LSC|30002312|processHandleBroadcastAction action:android.intent.action.SCREEN_ON
20171223-23:14:24:409|Step_StandReportReceiver|30002312|REPORT : 7189 5132 153988 240
20171223-23:14:24:724|Step_ExtSDM|30002312|calculateAltitudeWithCache totalAltitude=240
20171223-23:14:42:607|Step_LSC|30002312|onStandStepChanged 3763
20171223-23:14:43:108|Step_LSC|30002312|onStandStepChanged 3764
20171223-23:14:43:611|Step_LSC|30002312|onStandStepChanged 3765
20171223-23:14:44:108|Step_LSC|30002312|onStandStepChanged 3768
20171223-23:14:44:610|Step_LSC|30002312|onStandStepChanged 3770
20171223-23:14:45:108|Step_LSC|30002312|onStandStepChanged 3772
20171223-23:14:45:607|Step_LSC|30002312|onStandStepChanged 3774
20171223-23:14:46:106|Step_LSC|30002312|onStandStepChanged 3777
20171223-23:14:46:608|Step_LSC|30002312|onStandStepChanged 3780
20171223-23:14:47:109|Step_LSC|30002312|onStandStepChanged 3783
20171223-23:14:48:107|Step_LSC|30002312|onStandStepChanged 3784
20171223-23:14:48:606|Step_LSC|30002312|onStandStepChanged 3786
20171223-23:14:52:109|Step_LSC|30002312|onStandStepChanged 3786
20171223-23:16:0:120|Step_LSC|30002312|processHandleBroadcastAction action:android.intent.action.TIME_TICK
20171223-23:16:45:587|Step_StandReportReceiver|30002312|onReceive action: android.intent.action.SCREEN_OFF
20171223-23:17:40:996|Step_SPUtils|30002312| getTodayTotalDetailSteps = 1514042100000##7214##549659##8661##16256##30827730
20171223-23:17:41:100|Step_LSC|30002312|onExtend:1514042261000 0 0 0
20171223-23:17:41:692|Step_LSC|30002312|onStandStepChanged 3786
20171223-23:17:41:991|Step_SPUtils|30002312| getTodayTotalDetailSteps = 1514042160000##7214##549659##8661##16256##30905625
20171223-23:17:42:391|Step_SPUtils|30002312| getTodayTotalDetailSteps = 1514042160000##7214##549659##8661##16256##30906310
20171223-23:19:20:149|Step_LSC|30002312|onExtend:1514042360000 0 0 5
20171223-23:19:21:439|Step_SPUtils|30002312| getTodayTotalDetailSteps = 1514042280000##7214##549659##8661##16256##31004759
20171223-23:23:15:139|Step_LSC|30002312|onStandStepChanged 3786
20171223-23:23:19:149|Step_LSC|30002312|onExtend:1514042599000 0 0 0
20171223-23:25:0:122|Step_LSC|30002312|processHandleBroadcastAction action:android.intent.action.TIME_TICK
20171223-23:29:4:438|Step_SPUtils|30002312| getTodayTotalDetailSteps = 1514042520000##7214##549659##8661##16256##31243766
20171223-23:29:5:438|Step_SPUtils|30002312|setTodayTotalDetailSteps=1514042880000##7214##549659##8661##16256##31589757
20171223-23:32:28:794|HiH_HiSyncControl|30002312|startSync hiSyncOption = HiSyncOption{syncAction=1, syncMethod=2, syncScope=0, syncDataType=20000, syncModel=2, pushAction=0},app = 1 who = 1
20171223-23:32:28:796|HiH_HiSyncControl|30002312|ifCanSync not! no cloud version
20171223-23:37:14:139|Step_LSC|30002312|onStandStepChanged 3786
20171223-23:37:16:149|Step_LSC|30002312|onExtend:1514043436000 0 0 0
20171223-23:40:0:134|Step_LSC|30002312|processHandleBroadcastAction action:android.intent.action.TIME_TICK
20171223-23:40:14:139|Step_LSC|30002312|onStandStepChanged 3786
20171223-23:42:0:134|Step_LSC|30002312|processHandleBroadcastAction action:android.intent.action.TIME_TICK
20171223-23:43:0:139|Step_LSC|30002312|processHandleBroadcastAction action:android.intent.action.TIME_TICK
20171223-23:46:7:444|Step_SPUtils|30002312|setTodayTotalDetailSteps=1514043900000##7214##549659##8661##16256##32611763
20171223-23:46:14:457|Step_ExtSDM|30002312|calculateCaloriesWithCache totalCalories=131208
20171223-23:50:48:414|Step_LSC|30002312|onExtend:1514044249000 0 0 0
20171223-23:52:57:138|Step_LSC|30002312|onStandStepChanged 3786
20171223-23:53:0:141|Step_LSC|30002312|onStandStepChanged 3786
20171223-23:53:15:153|Step_LSC|30002312|onExtend:1514044395000 0 0 5
20171223-23:53:17:443|Step_SPUtils|30002312| getTodayTotalDetailSteps = 1514044320000##7214##549659##8661##16256##33039758
20171223-23:53:25:441|Step_SPUtils|30002312|setTodayTotalDetailSteps=1514044320000##7214##549659##8661##16256##33049759
20171223-23:53:31:452|Step_ExtSDM|30002312|calculateCaloriesWithCache totalCalories=131208
20171223-23:53:40:475|Step_ExtSDM|30002312|calculateAltitudeWithCache totalAltitude=240
20171223-23:53:51:138|Step_LSC|30002312|onStandStepChanged 3786
20171223-23:53:57:153|Step_LSC|30002312|onExtend:1514044437000 0 0 0
20171223-23:54:28:160|Step_LSC|30002312|onExtend:1514044468000 0 0 5
20171223-23:54:29:438|Step_SPUtils|30002312| getTodayTotalDetailSteps = 1514044380000##7214##549659##8661##16256##33112771
20171223-23:54:34:439|Step_SPUtils|30002312|setTodayTotalDetailSteps=1514044380000##7214##549659##8661##16256##33118758
20171223-23:54:35:460|Step_ExtSDM|30002312|calculateCaloriesWithCache totalCalories=131208
20171223-23:54:45:470|Step_ExtSDM|30002312|calculateAltitudeWithCache totalAltitude=240
20171223-23:54:54:138|Step_LSC|30002312|onStandStepChanged 3786
20171223-23:54:56:157|Step_LSC|30002312|onExtend:1514044496000 0 0 0
20171223-23:55:24:150|Step_LSC|30002312|onExtend:1514044524000 0 0 5
20171223-23:55:25:441|Step_SPUtils|30002312| getTodayTotalDetailSteps = 1514044440000##7214##549659##8661##16256##33168762
20171223-23:56:12:448|Step_SPUtils|30002312| getTodayTotalDetailSteps = 1514044440000##7214##549659##8661##16256##33169760
20171223-23:56:13:445|Step_SPUtils|30002312|setTodayTotalDetailSteps=1514044500000##7214##549659##8661##16256##33217764
20171223-23:56:28:460|Step_ExtSDM|30002312|calculateCaloriesWithCache totalCalories=131208
20171223-23:56:35:467|Step_ExtSDM|30002312|calculateAltitudeWithCache totalAltitude=240
20171223-23:57:34:464|Step_ExtSDM|30002312|calculateAltitudeWithCache totalAltitude=240
20171223-23:58:0:117|Step_LSC|30002312|processHandleBroadcastAction action:android.intent.action.TIME_TICK
20171224-0:0:0:218|Step_StandStepCounter|30002312|reStartStepCounter
20171224-0:0:0:229|Step_SPUtils|30002312|setBasicStandardSteps basicStandardStep=3786 restartSteps=0
20171224-0:0:0:234|Step_SPUtils|30002312| getTodayTotalDetailSteps = 1514044560000##7214##549659##8661##16256##33306763
20171224-0:0:0:240|Step_HGNH|30002312|closeNotification...
20171224-0:0:0:628|Step_ExtSDM|30002312|calculateAltitudeWithCache totalAltitude=0
20171224-0:0:6:144|Step_LSC|30002312|onStandStepChanged 3786
20171224-0:2:0:169|Step_LSC|30002312|processHandleBroadcastAction action:android.intent.action.TIME_TICK
20171224-0:5:22:774|Step_SPUtils|30002312|setTodayTotalDetailSteps=1514045040000##0##549659##8661##16256##33767093
20171224-0:6:16:864|Step_SPUtils|30002312|setTodayTotalDetailSteps=1514045100000##0##549659##8661##16256##33821183
20171224-0:7:2:440|Step_SPUtils|30002312|setTodayTotalDetailSteps=1514045160000##0##549659##8661##16256##33866758
20171224-0:7:4:447|Step_ExtSDM|30002312|calculateCaloriesWithCache totalCalories=0
20171224-0:7:20:444|Step_ExtSDM|30002312|calculateAltitudeWithCache totalAltitude=0
20171224-0:8:0:141|Step_LSC|30002312|processHandleBroadcastAction action:android.intent.action.TIME_TICK
20171224-0:9:4:460|Step_ExtSDM|30002312|calculateAltitudeWithCache totalAltitude=0
20171224-0:9:34:137|Step_LSC|30002312|onStandStepChanged 3786
20171224-0:9:35:148|Step_LSC|30002312|onExtend:1514045375000 0 0 0
20171224-0:10:9:143|Step_LSC|30002312|onExtend:1514045409000 0 0 5
20171224-0:10:10:439|Step_SPUtils|30002312| getTodayTotalDetailSteps = 1514045340000##0##549659##8661##16256##34053757
20171224-0:10:42:438|Step_SPUtils|30002312|setTodayTotalDetailSteps=1514045340000##0##549659##8661##16256##34086757
20171224-0:10:43:447|Step_ExtSDM|30002312|calculateCaloriesWithCache totalCalories=0
20171224-0:11:56:453|Step_ExtSDM|30002312|calculateCaloriesWithCache totalCalories=0
20171224-0:11:57:450|Step_ExtSDM|30002312|calculateAltitudeWithCache totalAltitude=0
20171224-0:15:53:285|Step_SPUtils|30002312| getTodayTotalDetailSteps = 1514045400000##0##549659##8661##16256##34161762
20171224-0:19:0:137|Step_LSC|30002312|processHandleBroadcastAction action:android.intent.action.TIME_TICK
20171224-0:25:16:137|Step_LSC|30002312|onStandStepChanged 3786
20171224-0:25:17:149|Step_LSC|30002312|onExtend:1514046317000 0 0 0
20171224-0:28:0:83|Step_LSC|30002312|processHandleBroadcastAction action:android.intent.action.TIME_TICK
20171224-0:28:48:963|Step_StandReportReceiver|30002312|onReceive action: android.intent.action.SCREEN_OFF
20171224-0:32:28:804|HiH_HiSyncControl|30002312|initDataPrivacy the dataPrivacy switch is open, start push health data!
20171224-0:37:23:74|Step_LSC|30002312|processHandleBroadcastAction action:android.intent.action.TIME_TICK
20171224-0:51:1:747|Step_LSC|30002312|processHandleBroadcastAction action:android.intent.action.TIME_TICK
20171224-1:1:0:935|Step_LSC|30002312|processHandleBroadcastAction action:android.intent.action.TIME_TICK
