20171223-22:15:29:633|Step_StandReportReceiver|30002312|onReceive action: android.intent.action.SCREEN_ON
20171223-22:15:29:648|Step_ExtSDM|30002312|calculateAltitudeWithCache totalAltitude=240
20171223-22:15:29:950|Step_SPUtils|30002312|setTodayTotalDetailSteps=1514038440000##7008##548365##8661##12456##27174269
20171223-22:15:30:632|Step_SPUtils|30002312|setTodayTotalDetailSteps=1514038440000##7009##548365##8661##12551##27174951
20171223-22:15:31:143|Step_SPUtils|30002312|setTodayTotalDetailSteps=1514038440000##7011##548365##8661##12646##27175461
20171223-22:15:32:147|Step_SPUtils|30002312|setTodayTotalDetailSteps=1514038440000##7012##548365##8661##12741##27176464
20171223-22:15:32:648|Step_SPUtils|30002312|setTodayTotalDetailSteps=1514038440000##7013##548365##8661##12836##27176966
20171223-22:15:33:144|Step_SPUtils|30002312|setTodayTotalDetailSteps=1514038440000##7014##548365##8661##12931##27177463
20171223-22:15:33:644|Step_SPUtils|30002312|setTodayTotalDetailSteps=1514038440000##7015##548365##8661##13026##27177962
20171223-22:15:34:848|Step_LSC|30002312|onStandStepChanged 3589
20171223-22:15:35:23|Step_StandReportReceiver|30002312|screen status unknown,think screen on
20171223-22:15:35:98|Step_LSC|30002312|onStandStepChanged 3589
20171223-22:15:35:352|Step_LSC|30002312|onExtend:1514038536000 1 0 4
20171223-22:15:35:852|Step_LSC|30002312|onExtend:1514038536000 1 0 4
20171223-22:15:36:365|Step_LSC|30002312|onExtend:1514038537000 1 0 4
20171223-22:15:37:361|Step_LSC|30002312|onExtend:1514038538000 1 0 4
20171223-22:15:37:858|Step_LSC|30002312|onExtend:1514038538000 1 0 4
20171223-22:15:38:361|Step_LSC|30002312|onExtend:1514038539000 1 0 4
20171223-22:15:38:868|Step_LSC|30002312|onExtend:1514038539000 1 0 4
20171223-22:15:39:354|Step_LSC|30002312|onExtend:1514038540000 1 0 4
20171223-22:15:40:365|Step_LSC|30002312|onExtend:1514038541000 1 0 4
20171223-22:15:40:852|Step_LSC|30002312|onExtend:1514038541000 1 0 4
20171223-22:15:41:358|Step_LSC|30002312|onExtend:1514038542000 1 0 4
20171223-22:15:41:856|Step_LSC|30002312|onExtend:1514038542000 1 0 4
20171223-22:15:42:852|Step_LSC|30002312|onExtend:1514038543000 1 0 4
20171223-22:15:43:354|Step_LSC|30002312|onExtend:1514038544000 1 0 4
20171223-22:15:43:861|Step_LSC|30002312|onExtend:1514038544000 1 0 4
20171223-22:15:44:863|Step_LSC|30002312|onExtend:1514038545000 1 0 4
20171223-22:15:45:361|Step_LSC|30002312|onExtend:1514038546000 1 0 4
20171223-22:15:45:851|Step_LSC|30002312|onExtend:1514038546000 1 0 4
20171223-22:15:46:355|Step_LSC|30002312|onExtend:1514038547000 1 0 4
20171223-22:15:47:370|Step_LSC|30002312|onExtend:1514038548000 1 0 4
20171223-22:15:47:860|Step_LSC|30002312|onExtend:1514038548000 1 0 4
20171223-22:15:48:368|Step_LSC|30002312|onExtend:1514038549000 1 0 4
20171223-22:15:49:366|Step_LSC|30002312|onExtend:1514038550000 1 0 4
20171223-22:15:49:864|Step_LSC|30002312|onExtend:1514038550000 1 0 4
20171223-22:15:50:864|Step_LSC|30002312|onExtend:1514038551000 1 0 4
20171223-22:15:51:868|Step_LSC|30002312|onExtend:1514038552000 2 0 4
20171223-22:15:52:363|Step_LSC|30002312|onExtend:1514038553000 1 0 4
20171223-22:15:53:358|Step_LSC|30002312|onExtend:1514038554000 2 0 4
20171223-22:15:54:359|Step_LSC|30002312|onExtend:1514038555000 1 0 4
20171223-22:15:55:359|Step_LSC|30002312|onExtend:1514038556000 2 0 4
20171223-22:15:55:855|Step_LSC|30002312|onExtend:1514038556000 2 0 4
20171223-22:15:57:863|Step_LSC|30002312|onExtend:1514038558000 1 0 4
20171223-22:15:59:865|Step_LSC|30002312|onExtend:1514038560000 1 0 4
20171223-22:16:0:849|Step_LSC|30002312|onStandStepChanged 3626
20171223-22:17:18:850|Step_LSC|30002312|onStandStepChanged 3626
20171223-22:17:20:358|Step_LSC|30002312|onExtend:1514038641000 2 0 4
20171223-22:17:20:859|Step_LSC|30002312|onExtend:1514038641000 2 0 4
20171223-22:17:21:353|Step_LSC|30002312|onExtend:1514038642000 2 0 4
20171223-22:17:21:859|Step_LSC|30002312|onExtend:1514038642000 2 0 4
20171223-22:17:22:363|Step_LSC|30002312|onExtend:1514038643000 2 0 4
20171223-22:17:22:859|Step_LSC|30002312|onExtend:1514038643000 2 0 4
20171223-22:17:23:358|Step_LSC|30002312|onExtend:1514038644000 2 0 4
20171223-22:17:23:861|Step_LSC|30002312|onExtend:1514038644000 2 0 4
20171223-22:17:24:359|Step_LSC|30002312|onExtend:1514038645000 1 0 4
20171223-22:17:24:860|Step_LSC|30002312|onExtend:1514038645000 3 0 4
20171223-22:17:27:859|Step_LSC|30002312|onExtend:1514038648000 0 0 0
20171223-22:17:45:151|Step_SPUtils|30002312| getTodayTotalDetailSteps = 1514038560000##7074##548563##8661##16256##27292475
20171223-22:17:45:649|Step_SPUtils|30002312| getTodayTotalDetailSteps = 1514038560000##7075##548564##8661##16256##27309470
20171223-22:17:46:154|Step_SPUtils|30002312| getTodayTotalDetailSteps = 1514038560000##7077##548565##8661##16256##27309969
20171223-22:17:46:650|Step_SPUtils|30002312| getTodayTotalDetailSteps = 1514038560000##7079##548566##8661##16256##27310473
20171223-22:17:47:153|Step_SPUtils|30002312| getTodayTotalDetailSteps = 1514038560000##7081##548567##8661##16256##27310970
20171223-22:17:47:651|Step_SPUtils|30002312| getTodayTotalDetailSteps = 1514038560000##7083##548568##8661##16256##27311472
20171223-22:17:48:148|Step_SPUtils|30002312| getTodayTotalDetailSteps = 1514038560000##7084##548569##8661##16256##27311970
20171223-22:17:48:648|Step_SPUtils|30002312| getTodayTotalDetailSteps = 1514038560000##7086##548570##8661##16256##27312467
20171223-22:17:49:149|Step_SPUtils|30002312| getTodayTotalDetailSteps = 1514038560000##7088##548571##8661##16256##27312967
20171223-22:17:49:655|Step_SPUtils|30002312| getTodayTotalDetailSteps = 1514038560000##7090##548572##8661##16256##27313468
20171223-22:17:50:149|Step_SPUtils|30002312| getTodayTotalDetailSteps = 1514038560000##7092##548573##8661##16256##27313974
20171223-22:17:50:649|Step_SPUtils|30002312| getTodayTotalDetailSteps = 1514038560000##7094##548574##8661##16256##27314468
20171223-22:17:51:149|Step_SPUtils|30002312| getTodayTotalDetailSteps = 1514038560000##7095##548575##8661##16256##27314968
20171223-22:17:51:664|Step_SPUtils|30002312| getTodayTotalDetailSteps = 1514038560000##7097##548576##8661##16256##27315469
20171223-22:17:52:151|Step_SPUtils|30002312| getTodayTotalDetailSteps = 1514038560000##7099##548577##8661##16256##27315983
20171223-22:17:53:149|Step_SPUtils|30002312| getTodayTotalDetailSteps = 1514038560000##7101##548578##8661##16256##27316470
20171223-22:17:54:152|Step_SPUtils|30002312| getTodayTotalDetailSteps = 1514038560000##7102##548579##8661##16256##27317468
20171223-22:17:55:153|Step_SPUtils|30002312| getTodayTotalDetailSteps = 1514038560000##7103##548580##8661##16256##27318472
20171223-22:17:55:649|Step_SPUtils|30002312| getTodayTotalDetailSteps = 1514038560000##7104##548581##8661##16256##27319473
20171223-22:17:56:650|Step_SPUtils|30002312| getTodayTotalDetailSteps = 1514038560000##7105##548582##8661##16256##27319968
20171223-22:17:57:650|Step_SPUtils|30002312| getTodayTotalDetailSteps = 1514038560000##7106##548583##8661##16256##27320969
20171223-22:17:58:150|Step_SPUtils|30002312| getTodayTotalDetailSteps = 1514038560000##7107##548584##8661##16256##27321969
20171223-22:18:0:134|Step_LSC|30002312|processHandleBroadcastAction action:android.intent.action.TIME_TICK
20171223-22:18:1:361|Step_LSC|30002312|onExtend:1514038682000 1 0 4
20171223-22:18:2:363|Step_LSC|30002312|onExtend:1514038683000 1 0 4
20171223-22:18:5:358|Step_LSC|30002312|onExtend:1514038686000 1 0 4
20171223-22:18:5:854|Step_LSC|30002312|onExtend:1514038686000 0 0 0
20171223-22:19:7:865|Step_LSC|30002312|onExtend:1514038748000 3 0 4
20171223-22:19:8:365|Step_LSC|30002312|onExtend:1514038749000 5 0 4
20171223-22:19:8:862|Step_LSC|30002312|onExtend:1514038749000 2 0 4
20171223-22:19:9:359|Step_LSC|30002312|onExtend:1514038750000 2 0 4
20171223-22:19:9:859|Step_LSC|30002312|onExtend:1514038750000 2 0 4
20171223-22:19:10:362|Step_LSC|30002312|onExtend:1514038751000 2 0 4
20171223-22:19:10:858|Step_LSC|30002312|onExtend:1514038751000 2 0 4
20171223-22:19:11:358|Step_LSC|30002312|onExtend:1514038752000 3 0 4
20171223-22:19:11:857|Step_LSC|30002312|onExtend:1514038752000 4 0 4
20171223-22:19:12:364|Step_LSC|30002312|onExtend:1514038753000 1 0 4
20171223-22:19:14:363|Step_LSC|30002312|onExtend:1514038755000 14 0 4
20171223-22:19:15:858|Step_LSC|30002312|onExtend:1514038756000 0 0 0
20171223-22:19:57:755|Step_LSC|30002312|onExtend:1514038756000 6 0 4
20171223-22:19:57:778|Step_SPUtils|30002312|setTodayTotalDetailSteps=1514038680000##7160##548925##8661##16256##27442097
20171223-22:19:58:97|Step_SPUtils|30002312| getTodayTotalDetailSteps = 1514038680000##7160##548925##8661##16256##27442097
20171223-22:19:58:366|Step_FlushableStepDataCache|30002312|writeDataToDB size 327
20171223-22:19:58:370|HiH_HiAppUtil|30002312|getBinderPackageName packageName = com.huawei.health
20171223-22:19:58:377|HiH_HiHealthDataInsertStore|30002312|saveHealthDetailData() deviceID = 2,clientID=1,id=1
20171223-22:19:58:381|HiH_DataStatManager|30002312|new date =20171223, type=40005,240.0,old=330.0
20171223-22:19:58:411|HiH_HiHealthBinder|30002312|insertHiHealthData() end totalTime = 45
20171223-22:19:58:415|HiH_HiSyncControl|30002312|checkInsertStatus stepStatSum or calorieStatSum is enough
20171223-22:19:58:419|HiH_HiSyncControl|30002312|startSync hiSyncOption = HiSyncOption{syncAction=2, syncMethod=2, syncScope=0, syncDataType=20000, syncModel=2, pushAction=0},app = 1 who = 1
20171223-22:19:58:428|HiH_HiSyncControl|30002312|initUserPrivacy the userPrivacy switch is open, start push user data!
20171223-22:19:58:469|HiH_DataStatManager|30002312|new date =20171223, type=40003,214445.88000000006,old=210654.54000000004
20171223-22:19:58:495|HiH_DataStatManager|30002312|new date =20171223, type=40024,79200.0,old=79200.0
20171223-22:19:58:505|Step_FlushableStepDataCache|30002312|InsertCallBack() onSuccess  type = 0 data=true
20171223-22:19:58:512|HiH_HiSyncControl|30002312|checkInsertStatus stepSum or calorieSum is enough
20171223-22:19:58:516|HiH_HiSyncControl|30002312|startSync hiSyncOption = HiSyncOption{syncAction=2, syncMethod=2, syncScope=0, syncDataType=20000, syncModel=2, pushAction=0},app = 1 who = 1
20171223-22:19:58:518|HiH_HiSyncControl|30002312|ifCanSync not! no cloud version
20171223-22:19:59:175|Step_ExtSDM|30002312|calculateCaloriesWithCache totalCalories=130159
20171223-22:19:59:677|Step_ExtSDM|30002312|calculateCaloriesWithCache totalCalories=130201
20171223-22:20:0:165|Step_SPUtils|30002312|setTodayTotalDetailSteps=1514038740000##7170##548996##8661##16256##27444484
20171223-22:20:0:666|Step_SPUtils|30002312|setTodayTotalDetailSteps=1514038740000##7173##549047##8661##16256##27444985
20171223-22:20:1:166|Step_SPUtils|30002312|setTodayTotalDetailSteps=1514038740000##7174##549098##8661##16256##27445485
20171223-22:20:1:665|Step_SPUtils|30002312|setTodayTotalDetailSteps=1514038740000##7176##549149##8661##16256##27445983
20171223-22:20:2:165|Step_SPUtils|30002312|setTodayTotalDetailSteps=1514038740000##7179##549200##8661##16256##27446483
20171223-22:20:2:671|Step_SPUtils|30002312|setTodayTotalDetailSteps=1514038740000##7181##549251##8661##16256##27446989
20171223-22:20:3:165|Step_SPUtils|30002312|setTodayTotalDetailSteps=1514038740000##7183##549302##8661##16256##27447483
20171223-22:20:4:167|Step_SPUtils|30002312|setTodayTotalDetailSteps=1514038740000##7185##549353##8661##16256##27448486
20171223-22:20:4:665|Step_SPUtils|30002312|setTodayTotalDetailSteps=1514038740000##7186##549404##8661##16256##27448983
20171223-22:20:5:664|Step_SPUtils|30002312|setTodayTotalDetailSteps=1514038740000##7187##549455##8661##16256##27449982
20171223-22:20:7:666|Step_SPUtils|30002312|setTodayTotalDetailSteps=1514038740000##7188##549506##8661##16256##27451985
20171223-22:20:8:173|Step_SPUtils|30002312|setTodayTotalDetailSteps=1514038740000##7189##549557##8661##16256##27452491
20171223-22:20:13:165|Step_SPUtils|30002312|setTodayTotalDetailSteps=1514038740000##7189##549608##8661##16256##27457484
20171223-22:20:16:186|Step_ExtSDM|30002312|calculateCaloriesWithCache totalCalories=130673
20171223-22:24:22:165|Step_LSC|30002312|onExtend:1514038879000 0 0 5
20171223-22:24:22:207|Step_SPUtils|30002312| getTodayTotalDetailSteps = 1514038740000##7189##549659##8661##16256##27460494
20171223-22:24:22:310|Step_LSC|30002312|onExtend:1514039062000 0 0 0
20171223-22:24:51:892|Step_LSC|30002312|onExtend:1514039091000 0 0 5
20171223-22:24:54:185|Step_SPUtils|30002312| getTodayTotalDetailSteps = 1514038980000##7189##549659##8661##16256##27736503
20171223-22:24:59:191|Step_SPUtils|30002312|setTodayTotalDetailSteps=1514038980000##7189##549659##8661##16256##27743510
20171223-22:30:12:959|Step_LSC|30002312|processHandleBroadcastAction action:android.intent.action.TIME_TICK
20171223-22:30:23:993|Step_LSC|30002312|onExtend:1514039412000 0 0 0
20171223-22:30:24:40|Step_ExtSDM|30002312|calculateCaloriesWithCache totalCalories=130673
20171223-22:30:24:355|Step_ExtSDM|30002312|calculateCaloriesWithCache totalCalories=130673
20171223-22:31:32:241|Step_ExtSDM|30002312|calculateCaloriesWithCache totalCalories=130673
20171223-22:31:59:620|Step_LSC|30002312|onExtend:1514039515000 0 0 0
20171223-22:31:59:656|Step_StandReportReceiver|30002312|REPORT : 7189 5132 153988 240
20171223-22:31:59:968|Step_ExtSDM|30002312|calculateAltitudeWithCache totalAltitude=240
20171223-22:32:28:800|HiH_|30002312|initDataPrivacy the dataPrivacy is true
20171223-22:33:9:938|Step_LSC|30002312|onExtend:1514039590000 0 0 5
20171223-22:33:46:279|Step_LSC|30002312|onExtend:1514039626000 0 0 0
20171223-22:33:46:311|Step_ExtSDM|30002312|calculateCaloriesWithCache totalCalories=130673
20171223-22:33:46:622|Step_ExtSDM|30002312|calculateCaloriesWithCache totalCalories=130673
20171223-22:37:14:951|Step_LSC|30002312|onExtend:1514039834000 0 0 5
20171223-22:39:25:260|Step_LSC|30002312|onStandStepChanged 3761
20171223-22:39:25:301|Step_SPUtils|30002312| getTodayTotalDetailSteps = 1514039760000##7189##549659##8661##16256##28479559
20171223-22:39:25:406|Step_LSC|30002312|onExtend:1514039965000 0 0 0
20171223-22:40:0:151|Step_LSC|30002312|processHandleBroadcastAction action:android.intent.action.TIME_TICK
20171223-22:45:48:970|Step_LSC|30002312|onExtend:1514040348000 0 0 5
20171223-22:45:55:256|Step_SPUtils|30002312| getTodayTotalDetailSteps = 1514040240000##7189##549659##8661##16256##28993578
20171223-22:49:0:139|Step_LSC|30002312|processHandleBroadcastAction action:android.intent.action.TIME_TICK
20171223-22:51:3:275|Step_ExtSDM|30002312|calculateCaloriesWithCache totalCalories=130673
20171223-22:51:37:292|Step_StandStepCounter|30002312|flush sensor data
20171223-22:51:37:393|Step_LSC|30002312|onStandStepChanged 3761
20171223-22:51:40:340|Step_LSC|30002312|onExtend:1514040700000 0 0 0
20171223-22:51:49:282|Step_SPUtils|30002312| getTodayTotalDetailSteps = 1514040600000##7189##549659##8661##16256##29344951
20171223-22:52:45:415|Step_LSC|30002312|onExtend:1514040766000 0 0 5
20171223-22:52:45:494|Step_ExtSDM|30002312|calculateCaloriesWithCache totalCalories=130673
20171223-22:52:45:810|Step_ExtSDM|30002312|calculateCaloriesWithCache totalCalories=130673
20171223-22:52:46:301|Step_ExtSDM|30002312|calculateAltitudeWithCache totalAltitude=240
20171223-22:52:55:718|Step_StandReportReceiver|30002312|onReceive action: android.intent.action.SCREEN_OFF
20171223-22:53:1:214|Step_SPUtils|30002312| getTodayTotalDetailSteps = 1514040660000##7189##549659##8661##16256##29416607
20171223-22:53:1:320|Step_LSC|30002312|onExtend:1514040781000 0 0 0
20171223-22:53:6:996|Step_LSC|30002312|onStandStepChanged 3761
20171223-22:53:12:698|Step_LSC|30002312|onStandStepChanged 3761
20171223-22:53:12:720|Step_LSC|30002312|onStandStepChanged 3761
20171223-22:53:13:16|Step_LSC|30002312|onExtend:1514040793000 0 0 0
20171223-22:54:55:29|Step_LSC|30002312|onExtend:1514040895000 0 0 5
20171223-22:55:55:699|Step_LSC|30002312|onStandStepChanged 3761
20171223-22:55:55:735|Step_LSC|30002312|onStandStepChanged 3761
20171223-22:55:56:27|Step_LSC|30002312|onExtend:1514040956000 0 0 0
20171223-22:57:46:409|Step_LSC|30002312|processHandleBroadcastAction action:android.intent.action.TIME_TICK
20171223-23:7:6:75|Step_LSC|30002312|onStandStepChanged 3761
20171223-23:7:6:86|Step_LSC|30002312|onExtend:1514041326000 0 0 5
20171223-23:7:6:125|Step_LSC|30002312|processHandleBroadcastAction action:android.intent.action.SCREEN_ON
20171223-23:7:6:145|Step_StandReportReceiver|30002312|REPORT : 7189 5132 153988 240
20171223-23:7:6:455|Step_ExtSDM|30002312|calculateAltitudeWithCache totalAltitude=240
20171223-23:7:50:264|Step_LSC|30002312|getTodaySportData mStepsRecordManager=com.huawei.health.g.c@8a2a501
20171223-23:7:51:222|Step_LSC|30002312|getTodaySportData mStepsRecordManager=com.huawei.health.g.c@8a2a501
20171223-23:8:0:112|Step_LSC|30002312|processHandleBroadcastAction action:android.intent.action.TIME_TICK
20171223-23:8:9:293|Step_LSC|30002312|getTodaySportData mStepsRecordManager=com.huawei.health.g.c@8a2a501
20171223-23:8:41:127|Step_StandReportReceiver|30002312|onReceive action: android.intent.action.SCREEN_OFF
20171223-23:14:24:384|Step_LSC|30002312|onExtend:1514041722000 0 0 5
20171223-23:14:24:389|Step_StandReportReceiver|30002312|onReceive action: android.intent.action.SCREEN_ON
20171223-23:14:24:401|Step_ExtSDM|30002312|calculateAltitudeWithCache totalAltitude=240
20171223-23:14:24:721|Step_ExtSDM|30002312|calculateCaloriesWithCache totalCalories=130673
20171223-23:14:25:434|Step_ExtSDM|30002312|calculateAltitudeWithCache totalAltitude=240
20171223-23:14:42:933|Step_StandReportReceiver|30002312|REPORT : 7191 5134 154031 240
20171223-23:14:43:434|Step_StandReportReceiver|30002312|REPORT : 7192 5135 154052 240
20171223-23:14:43:938|Step_StandReportReceiver|30002312|REPORT : 7193 5135 154074 240
20171223-23:14:44:437|Step_StandReportReceiver|30002312|REPORT : 7196 5137 154138 240
20171223-23:14:44:954|Step_StandReportReceiver|30002312|REPORT : 7198 5139 154181 240
20171223-23:14:45:438|Step_StandReportReceiver|30002312|REPORT : 7200 5140 154223 240
20171223-23:14:45:924|Step_StandReportReceiver|30002312|REPORT : 7202 5142 154266 240
20171223-23:14:46:445|Step_StandReportReceiver|30002312|REPORT : 7205 5144 154331 240
20171223-23:14:46:933|Step_StandReportReceiver|30002312|REPORT : 7208 5146 154395 240
20171223-23:14:47:441|Step_StandReportReceiver|30002312|REPORT : 7211 5148 154459 240
20171223-23:14:48:422|Step_StandReportReceiver|30002312|REPORT : 7212 5149 154481 240
20171223-23:14:48:937|Step_StandReportReceiver|30002312|REPORT : 7214 5150 154523 240
20171223-23:15:0:121|Step_LSC|30002312|processHandleBroadcastAction action:android.intent.action.TIME_TICK
20171223-23:16:23:424|Step_ExtSDM|30002312|calculateAltitudeWithCache totalAltitude=240
20171223-23:17:40:995|Step_StandStepCounter|30002312|flush sensor data
20171223-23:17:41:97|Step_LSC|30002312|onStandStepChanged 3786
20171223-23:17:41:344|Step_LSC|30002312|processHandleBroadcastAction action:android.intent.action.TIME_TICK
20171223-23:17:41:991|Step_LSC|30002312|onStandStepChanged 3786
20171223-23:17:42:93|Step_LSC|30002312|onExtend:1514042262000 0 0 0
20171223-23:19:20:138|Step_LSC|30002312|onStandStepChanged 3786
20171223-23:19:21:148|Step_LSC|30002312|onExtend:1514042361000 0 0 0
20171223-23:22:0:118|Step_LSC|30002312|processHandleBroadcastAction action:android.intent.action.TIME_TICK
20171223-23:23:19:141|Step_LSC|30002312|onStandStepChanged 3786
20171223-23:24:0:103|Step_LSC|30002312|processHandleBroadcastAction action:android.intent.action.TIME_TICK
20171223-23:29:4:145|Step_LSC|30002312|onExtend:1514042944000 0 0 5
20171223-23:29:5:438|Step_SPUtils|30002312| getTodayTotalDetailSteps = 1514042880000##7214##549659##8661##16256##31588757
20171223-23:32:28:792|HiH_HiSyncControl|30002312|startTimer start autoSync
20171223-23:32:28:796|HiH_|30002312|initUserPrivacy the userPrivacy is true
20171223-23:37:0:167|Step_LSC|30002312|processHandleBroadcastAction action:android.intent.action.TIME_TICK
20171223-23:37:16:138|Step_LSC|30002312|onStandStepChanged 3786
20171223-23:39:0:132|Step_LSC|30002312|processHandleBroadcastAction action:android.intent.action.TIME_TICK
20171223-23:40:10:472|Step_ExtSDM|30002312|calculateAltitudeWithCache totalAltitude=240
20171223-23:41:0:155|Step_LSC|30002312|processHandleBroadcastAction action:android.intent.action.TIME_TICK
20171223-23:42:39:225|Step_ExtSDM|30002312|calculateAltitudeWithCache totalAltitude=240
20171223-23:46:7:444|Step_SPUtils|30002312| getTodayTotalDetailSteps = 1514043660000##7214##549659##8661##16256##32403526
20171223-23:46:14:440|Step_SPUtils|30002312|setTodayTotalDetailSteps=1514043900000##7214##549659##8661##16256##32618758
20171223-23:50:48:406|Step_LSC|30002312|onStandStepChanged 3786
20171223-23:52:0:154|Step_LSC|30002312|processHandleBroadcastAction action:android.intent.action.TIME_TICK
20171223-23:53:0:133|Step_LSC|30002312|processHandleBroadcastAction action:android.intent.action.TIME_TICK
20171223-23:53:15:137|Step_LSC|30002312|onStandStepChanged 3786
20171223-23:53:17:156|Step_LSC|30002312|onExtend:1514044397000 0 0 0
20171223-23:53:25:440|Step_SPUtils|30002312| getTodayTotalDetailSteps = 1514044320000##7214##549659##8661##16256##33041763
20171223-23:53:31:441|Step_SPUtils|30002312|setTodayTotalDetailSteps=1514044320000##7214##549659##8661##16256##33055760
20171223-23:53:40:466|Step_ExtSDM|30002312|calculateCaloriesWithCache totalCalories=131208
20171223-23:53:42:460|Step_ExtSDM|30002312|calculateAltitudeWithCache totalAltitude=240
20171223-23:53:57:143|Step_LSC|30002312|onStandStepChanged 3786
20171223-23:54:28:137|Step_LSC|30002312|onStandStepChanged 3786
20171223-23:54:29:149|Step_LSC|30002312|onExtend:1514044469000 0 0 0
20171223-23:54:34:439|Step_SPUtils|30002312| getTodayTotalDetailSteps = 1514044380000##7214##549659##8661##16256##33113758
20171223-23:54:35:442|Step_SPUtils|30002312|setTodayTotalDetailSteps=1514044380000##7214##549659##8661##16256##33119761
20171223-23:54:45:465|Step_ExtSDM|30002312|calculateCaloriesWithCache totalCalories=131208
20171223-23:54:47:469|Step_ExtSDM|30002312|calculateAltitudeWithCache totalAltitude=240
20171223-23:54:56:137|Step_LSC|30002312|onStandStepChanged 3786
20171223-23:55:24:138|Step_LSC|30002312|onStandStepChanged 3786
20171223-23:55:25:147|Step_LSC|30002312|onExtend:1514044525000 0 0 0
20171223-23:56:12:161|Step_LSC|30002312|onExtend:1514044572000 0 0 5
20171223-23:56:13:445|Step_SPUtils|30002312| getTodayTotalDetailSteps = 1514044500000##7214##549659##8661##16256##33216767
20171223-23:56:28:444|Step_SPUtils|30002312|setTodayTotalDetailSteps=1514044500000##7214##549659##8661##16256##33232763
20171223-23:56:35:460|Step_ExtSDM|30002312|calculateCaloriesWithCache totalCalories=131208
20171223-23:57:34:457|Step_ExtSDM|30002312|calculateCaloriesWithCache totalCalories=131208
20171223-23:57:42:470|Step_ExtSDM|30002312|calculateAltitudeWithCache totalAltitude=240
20171224-0:0:0:218|Step_SPUtils|30002312| getStepCounterStatus= true
20171224-0:0:0:229|Step_SPUtils|30002312| getDiffTotalSteps= 1513958400215##0
20171224-0:0:0:234|Step_StandStepDataManager|30002312|reload : 3786 restar 0
20171224-0:0:0:237|Step_SPUtils|30002312|setGoalNotifiShownRecord 1514044800237 false
20171224-0:0:0:628|Step_ExtSDM|30002312|calculateCaloriesWithCache totalCalories=0
20171224-0:0:5:444|Step_ExtSDM|30002312|calculateAltitudeWithCache totalAltitude=0
20171224-0:1:0:154|Step_LSC|30002312|processHandleBroadcastAction action:android.intent.action.TIME_TICK
20171224-0:5:22:774|Step_SPUtils|30002312| getTodayTotalDetailSteps = 1514044740000##0##549659##8661##16256##33450764
20171224-0:6:16:863|Step_SPUtils|30002312| getTodayTotalDetailSteps = 1514045040000##0##549659##8661##16256##33767093
20171224-0:7:2:439|Step_SPUtils|30002312| getTodayTotalDetailSteps = 1514045100000##0##549659##8661##16256##33821183
20171224-0:7:4:439|Step_SPUtils|30002312|setTodayTotalDetailSteps=1514045160000##0##549659##8661##16256##33868758
20171224-0:7:20:444|Step_ExtSDM|30002312|calculateCaloriesWithCache totalCalories=0
20171224-0:7:21:447|Step_ExtSDM|30002312|calculateAltitudeWithCache totalAltitude=0
20171224-0:9:4:460|Step_ExtSDM|30002312|calculateCaloriesWithCache totalCalories=0
20171224-0:9:6:450|Step_ExtSDM|30002312|calculateAltitudeWithCache totalAltitude=0
20171224-0:9:35:137|Step_LSC|30002312|onStandStepChanged 3786
20171224-0:10:9:136|Step_LSC|30002312|onStandStepChanged 3786
20171224-0:10:10:148|Step_LSC|30002312|onExtend:1514045410000 0 0 0
20171224-0:10:42:438|Step_SPUtils|30002312| getTodayTotalDetailSteps = 1514045340000##0##549659##8661##16256##34054759
20171224-0:10:43:441|Step_SPUtils|30002312|setTodayTotalDetailSteps=1514045340000##0##549659##8661##16256##34087759
20171224-0:11:56:446|Step_SPUtils|30002312|setTodayTotalDetailSteps=1514045400000##0##549659##8661##16256##34160765
20171224-0:11:57:449|Step_ExtSDM|30002312|calculateCaloriesWithCache totalCalories=0
20171224-0:15:52:990|Step_LSC|30002312|onExtend:1514045753000 0 0 0
20171224-0:18:0:103|Step_LSC|30002312|processHandleBroadcastAction action:android.intent.action.TIME_TICK
20171224-0:25:0:132|Step_LSC|30002312|processHandleBroadcastAction action:android.intent.action.TIME_TICK
20171224-0:25:17:137|Step_LSC|30002312|onStandStepChanged 3786
20171224-0:27:0:140|Step_LSC|30002312|processHandleBroadcastAction action:android.intent.action.TIME_TICK
20171224-0:28:25:461|Step_ExtSDM|30002312|calculateAltitudeWithCache totalAltitude=0
20171224-0:32:28:803|HiH_HiSyncControl|30002312|needAutoSync autoSyncSwitch is open
20171224-0:32:41:114|Step_LSC|30002312|processHandleBroadcastAction action:android.intent.action.TIME_TICK
20171224-0:49:29:380|Step_LSC|30002312|processHandleBroadcastAction action:android.intent.action.TIME_TICK
20171224-1:0:0:794|Step_LSC|30002312|processHandleBroadcastAction action:android.intent.action.TIME_TICK
