20171223-22:15:29:606|Step_LSC|30002312|onStandStepChanged 3579
20171223-22:15:29:635|Step_SPUtils|30002312| getTodayTotalDetailSteps = 1514038440000##6993##548365##8661##12266##27164404
20171223-22:15:29:649|Step_StandReportReceiver|30002312|REPORT : 7007 5002 150089 240
20171223-22:15:29:950|Step_SPUtils|30002312| getTodayTotalDetailSteps = 1514038440000##7007##548365##8661##12361##27173954
20171223-22:15:30:331|Step_LSC|30002312|onStandStepChanged 3581
20171223-22:15:30:641|Step_ExtSDM|30002312|calculateAltitudeWithCache totalAltitude=240
20171223-22:15:31:143|Step_SPUtils|30002312|setTodayTotalDetailSteps=1514038440000##7011##548365##8661##12646##27175461
20171223-22:15:31:862|Step_LSC|30002312|onExtend:1514038532000 1 0 4
20171223-22:15:32:163|Step_StandReportReceiver|30002312|REPORT : 7012 5006 150197 240
20171223-22:15:32:656|Step_ExtSDM|30002312|calculateCaloriesWithCache totalCalories=126904
20171223-22:15:33:144|Step_SPUtils|30002312| getTodayTotalDetailSteps = 1514038440000##7013##548365##8661##12836##27176966
20171223-22:15:33:341|Step_LSC|30002312|onStandStepChanged 3587
20171223-22:15:33:662|Step_ExtSDM|30002312|calculateAltitudeWithCache totalAltitude=240
20171223-22:15:34:848|Step_LSC|30002312|onStandStepChanged 3589
20171223-22:15:35:22|Step_ExtSDM|30002312|calculateAltitudeWithCache totalAltitude=240
20171223-22:15:35:97|Step_LSC|30002312|processHandleBroadcastAction action:android.intent.action.SCREEN_ON
20171223-22:15:35:104|Step_ExtSDM|30002312|calculateCaloriesWithCache totalCalories=126989
20171223-22:15:35:348|Step_LSC|30002312|onStandStepChanged 3590
20171223-22:15:35:421|Step_ExtSDM|30002312|calculateAltitudeWithCache totalAltitude=240
20171223-22:15:36:149|Step_SPUtils|30002312|setTodayTotalDetailSteps=1514038440000##7019##548365##8661##13406##27180468
20171223-22:15:36:365|Step_LSC|30002312|onExtend:1514038537000 1 0 4
20171223-22:15:36:673|Step_StandReportReceiver|30002312|REPORT : 7020 5012 150368 240
20171223-22:15:37:666|Step_ExtSDM|30002312|calculateCaloriesWithCache totalCalories=127075
20171223-22:15:38:149|Step_SPUtils|30002312| getTodayTotalDetailSteps = 1514038440000##7021##548365##8661##13596##27181971
20171223-22:15:38:349|Step_LSC|30002312|onStandStepChanged 3595
20171223-22:15:38:669|Step_ExtSDM|30002312|calculateAltitudeWithCache totalAltitude=240
20171223-22:15:39:151|Step_SPUtils|30002312|setTodayTotalDetailSteps=1514038440000##7024##548365##8661##13881##27183469
20171223-22:15:39:354|Step_LSC|30002312|onExtend:1514038540000 1 0 4
20171223-22:15:39:669|Step_StandReportReceiver|30002312|REPORT : 7025 5015 150475 240
20171223-22:15:40:668|Step_ExtSDM|30002312|calculateCaloriesWithCache totalCalories=127182
20171223-22:15:41:149|Step_SPUtils|30002312| getTodayTotalDetailSteps = 1514038440000##7026##548365##8661##14071##27184972
20171223-22:15:41:353|Step_LSC|30002312|onStandStepChanged 3600
20171223-22:15:41:670|Step_ExtSDM|30002312|calculateAltitudeWithCache totalAltitude=240
20171223-22:15:42:151|Step_SPUtils|30002312|setTodayTotalDetailSteps=1514038440000##7029##548365##8661##14356##27186469
20171223-22:15:42:852|Step_LSC|30002312|onExtend:1514038543000 1 0 4
20171223-22:15:43:164|Step_StandReportReceiver|30002312|REPORT : 7030 5019 150582 240
20171223-22:15:43:677|Step_ExtSDM|30002312|calculateCaloriesWithCache totalCalories=127289
20171223-22:15:44:152|Step_SPUtils|30002312| getTodayTotalDetailSteps = 1514038440000##7031##548365##8661##14546##27187968
20171223-22:15:44:849|Step_LSC|30002312|onStandStepChanged 3605
20171223-22:15:45:161|Step_ExtSDM|30002312|calculateAltitudeWithCache totalAltitude=240
20171223-22:15:45:650|Step_SPUtils|30002312|setTodayTotalDetailSteps=1514038440000##7034##548365##8661##14831##27189969
20171223-22:15:45:851|Step_LSC|30002312|onExtend:1514038546000 1 0 4
20171223-22:15:46:164|Step_StandReportReceiver|30002312|REPORT : 7035 5022 150689 240
20171223-22:15:46:674|Step_ExtSDM|30002312|calculateCaloriesWithCache totalCalories=127396
20171223-22:15:47:650|Step_SPUtils|30002312| getTodayTotalDetailSteps = 1514038440000##7036##548365##8661##15021##27190970
20171223-22:15:47:857|Step_LSC|30002312|onStandStepChanged 3610
20171223-22:15:48:169|Step_ExtSDM|30002312|calculateAltitudeWithCache totalAltitude=240
20171223-22:15:48:653|Step_SPUtils|30002312|setTodayTotalDetailSteps=1514038440000##7039##548365##8661##15306##27192971
20171223-22:15:49:366|Step_LSC|30002312|onExtend:1514038550000 1 0 4
20171223-22:15:49:676|Step_StandReportReceiver|30002312|REPORT : 7040 5026 150796 240
20171223-22:15:50:176|Step_ExtSDM|30002312|calculateCaloriesWithCache totalCalories=127504
20171223-22:15:51:151|Step_SPUtils|30002312| getTodayTotalDetailSteps = 1514038440000##7041##548365##8661##15496##27194480
20171223-22:15:51:859|Step_LSC|30002312|onStandStepChanged 3616
20171223-22:15:52:183|Step_ExtSDM|30002312|calculateAltitudeWithCache totalAltitude=240
20171223-22:15:52:652|Step_SPUtils|30002312|setTodayTotalDetailSteps=1514038440000##7045##548365##8661##15781##27196970
20171223-22:15:53:358|Step_LSC|30002312|onExtend:1514038554000 2 0 4
20171223-22:15:53:675|Step_StandReportReceiver|30002312|REPORT : 7047 5031 150946 240
20171223-22:15:54:657|Step_ExtSDM|30002312|calculateCaloriesWithCache totalCalories=127653
20171223-22:15:55:650|Step_SPUtils|30002312| getTodayTotalDetailSteps = 1514038440000##7048##548365##8661##15971##27198970
20171223-22:15:55:848|Step_LSC|30002312|onStandStepChanged 3624
20171223-22:15:56:169|Step_ExtSDM|30002312|calculateAltitudeWithCache totalAltitude=240
20171223-22:15:58:156|Step_SPUtils|30002312|setTodayTotalDetailSteps=1514038440000##7053##548365##8661##16256##27202475
20171223-22:15:59:865|Step_LSC|30002312|onExtend:1514038560000 1 0 4
20171223-22:16:0:161|Step_ExtSDM|30002312|calculateAltitudeWithCache totalAltitude=240
20171223-22:16:1:150|Step_SPUtils|30002312|setTodayTotalDetailSteps=1514038500000##7054##548551##8661##16256##27205469
20171223-22:17:18:864|Step_LSC|30002312|onExtend:1514038639000 0 0 4
20171223-22:17:20:348|Step_LSC|30002312|onStandStepChanged 3628
20171223-22:17:20:669|Step_ExtSDM|30002312|calculateAltitudeWithCache totalAltitude=240
20171223-22:17:21:156|Step_SPUtils|30002312|setTodayTotalDetailSteps=1514038560000##7058##548554##8661##16256##27285475
20171223-22:17:21:353|Step_LSC|30002312|onExtend:1514038642000 2 0 4
20171223-22:17:21:668|Step_StandReportReceiver|30002312|REPORT : 7060 5040 151225 240
20171223-22:17:22:162|Step_ExtSDM|30002312|calculateCaloriesWithCache totalCalories=127953
20171223-22:17:22:650|Step_SPUtils|30002312| getTodayTotalDetailSteps = 1514038560000##7062##548556##8661##16256##27286470
20171223-22:17:22:849|Step_LSC|30002312|onStandStepChanged 3638
20171223-22:17:23:165|Step_ExtSDM|30002312|calculateAltitudeWithCache totalAltitude=240
20171223-22:17:23:653|Step_SPUtils|30002312|setTodayTotalDetailSteps=1514038560000##7068##548559##8661##16256##27287972
20171223-22:17:23:861|Step_LSC|30002312|onExtend:1514038644000 2 0 4
20171223-22:17:24:167|Step_StandReportReceiver|30002312|REPORT : 7070 5047 151439 240
20171223-22:17:24:664|Step_ExtSDM|30002312|calculateCaloriesWithCache totalCalories=128146
20171223-22:17:25:150|Step_SPUtils|30002312| getTodayTotalDetailSteps = 1514038560000##7071##548561##8661##16256##27288973
20171223-22:17:27:855|Step_LSC|30002312|onStandStepChanged 3646
20171223-22:17:28:170|Step_ExtSDM|30002312|calculateAltitudeWithCache totalAltitude=240
20171223-22:17:45:162|Step_ExtSDM|30002312|calculateCaloriesWithCache totalCalories=128231
20171223-22:17:45:649|Step_SPUtils|30002312| getTodayTotalDetailSteps = 1514038560000##7075##548564##8661##16256##27309470
20171223-22:17:45:851|Step_LSC|30002312|onStandStepChanged 3651
20171223-22:17:46:167|Step_ExtSDM|30002312|calculateAltitudeWithCache totalAltitude=240
20171223-22:17:46:651|Step_SPUtils|30002312|setTodayTotalDetailSteps=1514038560000##7081##548567##8661##16256##27310970
20171223-22:17:46:858|Step_LSC|30002312|onExtend:1514038667000 2 0 4
20171223-22:17:47:166|Step_StandReportReceiver|30002312|REPORT : 7083 5057 151717 240
20171223-22:17:47:659|Step_ExtSDM|30002312|calculateCaloriesWithCache totalCalories=128424
20171223-22:17:48:148|Step_SPUtils|30002312| getTodayTotalDetailSteps = 1514038560000##7084##548569##8661##16256##27311970
20171223-22:17:48:348|Step_LSC|30002312|onStandStepChanged 3660
20171223-22:17:48:661|Step_ExtSDM|30002312|calculateAltitudeWithCache totalAltitude=240
20171223-22:17:49:149|Step_SPUtils|30002312|setTodayTotalDetailSteps=1514038560000##7090##548572##8661##16256##27313468
20171223-22:17:49:358|Step_LSC|30002312|onExtend:1514038670000 2 0 4
20171223-22:17:49:664|Step_StandReportReceiver|30002312|REPORT : 7092 5063 151910 240
20171223-22:17:50:156|Step_ExtSDM|30002312|calculateCaloriesWithCache totalCalories=128638
20171223-22:17:50:649|Step_SPUtils|30002312| getTodayTotalDetailSteps = 1514038560000##7094##548574##8661##16256##27314468
20171223-22:17:50:849|Step_LSC|30002312|onStandStepChanged 3669
20171223-22:17:51:161|Step_ExtSDM|30002312|calculateAltitudeWithCache totalAltitude=240
20171223-22:17:51:664|Step_SPUtils|30002312|setTodayTotalDetailSteps=1514038560000##7099##548577##8661##16256##27315983
20171223-22:17:51:854|Step_LSC|30002312|onExtend:1514038672000 2 0 4
20171223-22:17:52:169|Step_StandReportReceiver|30002312|REPORT : 7101 5070 152103 240
20171223-22:17:53:163|Step_ExtSDM|30002312|calculateCaloriesWithCache totalCalories=128810
20171223-22:17:54:152|Step_SPUtils|30002312| getTodayTotalDetailSteps = 1514038560000##7102##548579##8661##16256##27317468
20171223-22:17:54:849|Step_LSC|30002312|onStandStepChanged 3676
20171223-22:17:55:166|Step_ExtSDM|30002312|calculateAltitudeWithCache totalAltitude=240
20171223-22:17:55:649|Step_SPUtils|30002312|setTodayTotalDetailSteps=1514038560000##7105##548582##8661##16256##27319968
20171223-22:17:56:361|Step_LSC|30002312|onExtend:1514038677000 1 0 4
20171223-22:17:56:678|Step_StandReportReceiver|30002312|REPORT : 7106 5073 152210 240
20171223-22:17:57:659|Step_ExtSDM|30002312|calculateCaloriesWithCache totalCalories=128917
20171223-22:17:58:150|Step_SPUtils|30002312| getTodayTotalDetailSteps = 1514038560000##7107##548584##8661##16256##27321969
20171223-22:17:59:858|Step_LSC|30002312|onStandStepChanged 3683
20171223-22:18:0:168|Step_ExtSDM|30002312|calculateCaloriesWithCache totalCalories=129002
20171223-22:18:1:649|Step_SPUtils|30002312| getTodayTotalDetailSteps = 1514038620000##7111##548640##8661##16256##27324478
20171223-22:18:2:349|Step_LSC|30002312|onStandStepChanged 3685
20171223-22:18:2:661|Step_ExtSDM|30002312|calculateAltitudeWithCache totalAltitude=240
20171223-22:18:5:653|Step_SPUtils|30002312|setTodayTotalDetailSteps=1514038620000##7114##548805##8661##16256##27329972
20171223-22:18:5:854|Step_LSC|30002312|onExtend:1514038686000 0 0 0
20171223-22:19:0:138|Step_LSC|30002312|processHandleBroadcastAction action:android.intent.action.TIME_TICK
20171223-22:19:8:163|Step_ExtSDM|30002312|calculateCaloriesWithCache totalCalories=129131
20171223-22:19:8:658|Step_SPUtils|30002312| getTodayTotalDetailSteps = 1514038680000##7117##548865##8661##16256##27392475
20171223-22:19:8:849|Step_LSC|30002312|onStandStepChanged 3696
20171223-22:19:9:163|Step_ExtSDM|30002312|calculateAltitudeWithCache totalAltitude=240
20171223-22:19:9:652|Step_SPUtils|30002312|setTodayTotalDetailSteps=1514038680000##7126##548880##8661##16256##27393971
20171223-22:19:9:859|Step_LSC|30002312|onExtend:1514038750000 2 0 4
20171223-22:19:10:165|Step_StandReportReceiver|30002312|REPORT : 7128 5089 152681 240
20171223-22:19:10:658|Step_ExtSDM|30002312|calculateCaloriesWithCache totalCalories=129409
20171223-22:19:11:149|Step_SPUtils|30002312| getTodayTotalDetailSteps = 1514038680000##7130##548890##8661##16256##27394969
20171223-22:19:11:349|Step_LSC|30002312|onStandStepChanged 3707
20171223-22:19:11:661|Step_ExtSDM|30002312|calculateAltitudeWithCache totalAltitude=240
20171223-22:19:12:154|Step_SPUtils|30002312|setTodayTotalDetailSteps=1514038680000##7139##548905##8661##16256##27396473
20171223-22:19:12:364|Step_LSC|30002312|onExtend:1514038753000 1 0 4
20171223-22:19:12:663|Step_StandReportReceiver|30002312|REPORT : 7140 5097 152938 240
20171223-22:19:14:677|Step_ExtSDM|30002312|calculateCaloriesWithCache totalCalories=129923
20171223-22:19:16:156|Step_SPUtils|30002312| getTodayTotalDetailSteps = 1514038680000##7154##548915##8661##16256##27398975
20171223-22:19:57:751|Step_LSC|30002312|onStandStepChanged 3732
20171223-22:19:57:776|Step_LSC|30002312|processHandleBroadcastAction action:android.intent.action.SCREEN_ON
20171223-22:19:57:789|Step_ExtSDM|30002312|calculateCaloriesWithCache totalCalories=130052
20171223-22:19:58:97|Step_SPUtils|30002312| getTodayTotalDetailSteps = 1514038680000##7160##548925##8661##16256##27442097
20171223-22:19:58:363|Step_LSC|30002312|flushTempCacheToDB by stand
20171223-22:19:58:366|Step_FlushableStepDataCache|30002312|upLoadOneMinuteDataToEngine time=25233977,0,55,0,20002
20171223-22:19:58:371|HiH_HiHealthBinder|30002312|getAppContext() isAppValid health or wear, packageName = com.huawei.health
20171223-22:19:58:376|HiH_HiHealthBinder|30002312|insertHiHealthData() size = 4,app = 1,One Data Type = 40002,packageName = com.huawei.health,writeStatType = 0
20171223-22:19:58:380|HiH_DataStatManager|30002312|new date =20171223, type=40003,153367.0,old=210654.54000000004
20171223-22:19:58:381|HiH_HiHealthDataInsertStore|30002312|saveStatData() type =40004,time = 1513958400000,statClient = 2,who is 1
20171223-22:19:58:411|HiH_HiHealthBinder|30002312|insertHiHealthData() end totalTime = 45
20171223-22:19:58:415|HiH_HiAppUtil|30002312|getBinderPackageName packageName = com.huawei.health
20171223-22:19:58:417|HiH_HiAppUtil|30002312|getBinderPackageName packageName = com.huawei.health
20171223-22:19:58:419|HiH_HiHealthBinder|30002312|insertHiHealthData() checkAppType  0 appID = 1
20171223-22:19:58:424|HiH_|30002312|initDataPrivacy the dataPrivacy is true
20171223-22:19:58:453|HiH_HiHealthDataInsertStore|30002312|bulkSaveDetailHiHealthData() size = 20,totalTime = 34
20171223-22:19:58:480|HiH_DataStatManager|30002312|new date =20171223, type=40011,6314.0,old=6137.0
20171223-22:19:58:495|HiH_DataStatManager|30002312|new date =20171223, type=40024,79200.0,old=79200.0
20171223-22:19:58:505|HiH_ListenerManager|30002312|startListenerChange subscribeList = [1]
20171223-22:19:58:508|Step_SPUtils|30002312|setWriteDBLastDataMinute success
20171223-22:19:58:513|Step_ExtSDM|30002312|calculateCaloriesWithCache totalCalories=130116
20171223-22:19:58:515|HiH_HiSyncControl|30002312|startInsertSportSync first 500 steps sync,do all sync
20171223-22:19:58:518|HiH_|30002312|initDataPrivacy the dataPrivacy is true
20171223-22:19:58:519|Step_StandReportReceiver|30002312|REPORT : 7163 5114 153431 240
20171223-22:19:59:175|Step_ExtSDM|30002312|calculateCaloriesWithCache totalCalories=130159
20171223-22:19:59:667|Step_SPUtils|30002312| getTodayTotalDetailSteps = 1514038680000##7165##548940##8661##16256##27443484
20171223-22:19:59:862|Step_LSC|30002312|onStandStepChanged 3742
20171223-22:20:0:174|Step_ExtSDM|30002312|calculateCaloriesWithCache totalCalories=130266
20171223-22:20:0:666|Step_SPUtils|30002312| getTodayTotalDetailSteps = 1514038740000##7170##548996##8661##16256##27444484
20171223-22:20:0:863|Step_LSC|30002312|onStandStepChanged 3746
20171223-22:20:1:186|Step_ExtSDM|30002312|calculateAltitudeWithCache totalAltitude=240
20171223-22:20:1:665|Step_SPUtils|30002312|setTodayTotalDetailSteps=1514038740000##7176##549149##8661##16256##27445983
20171223-22:20:1:873|Step_LSC|30002312|onExtend:1514038802000 3 0 4
20171223-22:20:2:179|Step_StandReportReceiver|30002312|REPORT : 7179 5125 153774 240
20171223-22:20:2:678|Step_ExtSDM|30002312|calculateCaloriesWithCache totalCalories=130501
20171223-22:20:3:164|Step_SPUtils|30002312| getTodayTotalDetailSteps = 1514038740000##7181##549251##8661##16256##27446989
20171223-22:20:3:862|Step_LSC|30002312|onStandStepChanged 3757
20171223-22:20:4:193|Step_ExtSDM|30002312|calculateAltitudeWithCache totalAltitude=240
20171223-22:20:4:665|Step_SPUtils|30002312|setTodayTotalDetailSteps=1514038740000##7186##549404##8661##16256##27448983
20171223-22:20:5:377|Step_LSC|30002312|onExtend:1514038806000 1 0 4
20171223-22:20:5:675|Step_StandReportReceiver|30002312|REPORT : 7187 5131 153945 240
20171223-22:20:7:681|Step_ExtSDM|30002312|calculateCaloriesWithCache totalCalories=130651
20171223-22:20:8:172|Step_SPUtils|30002312| getTodayTotalDetailSteps = 1514038740000##7188##549506##8661##16256##27451985
20171223-22:20:12:863|Step_LSC|30002312|onStandStepChanged 3761
20171223-22:20:13:184|Step_ExtSDM|30002312|calculateAltitudeWithCache totalAltitude=240
20171223-22:20:16:186|Step_ExtSDM|30002312|calculateCaloriesWithCache totalCalories=130673
20171223-22:24:22:157|Step_LSC|30002312|onStandStepChanged 3761
20171223-22:24:22:165|Step_LSC|30002312|onExtend:1514039059000 0 0 0
20171223-22:24:22:207|Step_SPUtils|30002312|setTodayTotalDetailSteps=1514038980000##7189##549659##8661##16256##27706526
20171223-22:24:22:309|Step_LSC|30002312|onStandStepChanged 3761
20171223-22:24:22:524|Step_ExtSDM|30002312|calculateCaloriesWithCache totalCalories=130673
20171223-22:24:52:185|Step_SPUtils|30002312|setTodayTotalDetailSteps=1514038980000##7189##549659##8661##16256##27736503
20171223-22:24:54:185|Step_SPUtils|30002312| getTodayTotalDetailSteps = 1514038980000##7189##549659##8661##16256##27736503
20171223-22:24:58:890|Step_LSC|30002312|onExtend:1514039098000 0 0 5
20171223-22:25:0:162|Step_LSC|30002312|processHandleBroadcastAction action:android.intent.action.TIME_TICK
20171223-22:30:23:988|Step_LSC|30002312|onStandStepChanged 3761
20171223-22:30:23:993|Step_LSC|30002312|onExtend:1514039352000 0 0 5
20171223-22:30:24:28|Step_SPUtils|30002312| getTodayTotalDetailSteps = 1514038980000##7189##549659##8661##16256##27743510
20171223-22:30:24:46|Step_StandReportReceiver|30002312|REPORT : 7189 5132 153988 240
20171223-22:30:24:355|Step_ExtSDM|30002312|calculateCaloriesWithCache totalCalories=130673
20171223-22:31:32:225|Step_SPUtils|30002312| getTodayTotalDetailSteps = 1514039340000##7189##549659##8661##16256##28068666
20171223-22:31:59:613|Step_LSC|30002312|onStandStepChanged 3761
20171223-22:31:59:620|Step_LSC|30002312|onExtend:1514039575000 0 0 0
20171223-22:31:59:655|Step_ExtSDM|30002312|calculateAltitudeWithCache totalAltitude=240
20171223-22:31:59:956|Step_SPUtils|30002312| getTodayTotalDetailSteps = 1514039400000##7189##549659##8661##16256##28163940
20171223-22:32:28:791|HiH_HiSyncControl|30002312|startTimer start autoSync
20171223-22:32:28:800|HiH_|30002312|initDataPrivacy the dataPrivacy is true
20171223-22:33:0:103|Step_LSC|30002312|processHandleBroadcastAction action:android.intent.action.TIME_TICK
20171223-22:33:10:244|Step_ExtSDM|30002312|calculateCaloriesWithCache totalCalories=130673
20171223-22:33:46:301|Step_StandReportReceiver|30002312|onReceive action: android.intent.action.SCREEN_ON
20171223-22:33:46:305|Step_LSC|30002312|onStandStepChanged 3761
20171223-22:33:46:406|Step_LSC|30002312|onExtend:1514039626000 0 0 0
20171223-22:34:0:126|Step_LSC|30002312|processHandleBroadcastAction action:android.intent.action.TIME_TICK
20171223-22:37:14:951|Step_LSC|30002312|onExtend:1514039834000 0 0 5
20171223-22:37:37:466|Step_StandReportReceiver|30002312|onReceive action: android.intent.action.SCREEN_OFF
20171223-22:39:25:265|Step_LSC|30002312|onExtend:1514039977000 0 0 0
20171223-22:39:25:302|Step_SPUtils|30002312|setTodayTotalDetailSteps=1514039880000##7189##549659##8661##16256##28609620
20171223-22:39:25:402|Step_LSC|30002312|onStandStepChanged 3761
20171223-22:39:25:614|Step_SPUtils|30002312|setTodayTotalDetailSteps=1514039880000##7189##549659##8661##16256##28609933
20171223-22:42:0:137|Step_LSC|30002312|processHandleBroadcastAction action:android.intent.action.TIME_TICK
20171223-22:45:48:970|Step_LSC|30002312|onExtend:1514040348000 0 0 5
20171223-22:45:54:954|Step_LSC|30002312|onStandStepChanged 3761
20171223-22:45:55:272|Step_ExtSDM|30002312|calculateAltitudeWithCache totalAltitude=240
20171223-22:50:0:142|Step_LSC|30002312|processHandleBroadcastAction action:android.intent.action.TIME_TICK
20171223-22:51:3:266|Step_SPUtils|30002312|setTodayTotalDetailSteps=1514040600000##7189##549659##8661##16256##29307585
20171223-22:51:37:260|Step_LSC|30002312|onExtend:1514040697000 0 0 0
20171223-22:51:37:293|Step_SPUtils|30002312|setTodayTotalDetailSteps=1514040600000##7189##549659##8661##16256##29341612
20171223-22:51:37:393|Step_LSC|30002312|onStandStepChanged 3761
20171223-22:51:37:618|Step_ExtSDM|30002312|calculateAltitudeWithCache totalAltitude=240
20171223-22:51:40:641|Step_ExtSDM|30002312|calculateCaloriesWithCache totalCalories=130673
20171223-22:51:49:283|Step_SPUtils|30002312|setTodayTotalDetailSteps=1514040600000##7189##549659##8661##16256##29353602
20171223-22:52:45:412|Step_LSC|30002312|onStandStepChanged 3761
20171223-22:52:45:487|Step_SPUtils|30002312| getTodayTotalDetailSteps = 1514040600000##7189##549659##8661##16256##29353602
20171223-22:52:45:498|Step_StandReportReceiver|30002312|REPORT : 7189 5132 153988 240
20171223-22:52:45:810|Step_ExtSDM|30002312|calculateCaloriesWithCache totalCalories=130673
20171223-22:52:46:287|Step_SPUtils|30002312|setTodayTotalDetailSteps=1514040660000##7189##549659##8661##16256##29410605
20171223-22:52:52:287|Step_SPUtils|30002312| getTodayTotalDetailSteps = 1514040660000##7189##549659##8661##16256##29410605
20171223-22:53:1:177|Step_LSC|30002312|onStandStepChanged 3761
20171223-22:53:1:213|Step_StandStepCounter|30002312|flush sensor data
20171223-22:53:1:226|Step_ExtSDM|30002312|calculateAltitudeWithCache totalAltitude=240
20171223-22:53:1:325|Step_LSC|30002312|processHandleBroadcastAction action:android.intent.action.TIME_TICK
20171223-22:53:6:996|Step_LSC|30002312|onStandStepChanged 3761
20171223-22:53:7:314|Step_ExtSDM|30002312|calculateAltitudeWithCache totalAltitude=240
20171223-22:53:12:716|Step_LSC|30002312|processHandleBroadcastAction action:android.intent.action.SCREEN_ON
20171223-22:53:12:731|Step_ExtSDM|30002312|calculateCaloriesWithCache totalCalories=130673
20171223-22:53:13:15|Step_LSC|30002312|onStandStepChanged 3761
20171223-22:53:13:48|Step_ExtSDM|30002312|calculateAltitudeWithCache totalAltitude=240
20171223-22:54:55:331|Step_SPUtils|30002312|setTodayTotalDetailSteps=1514040780000##7189##549659##8661##16256##29539649
20171223-22:55:55:699|Step_LSC|30002312|onStandStepChanged 3761
20171223-22:55:55:734|Step_SPUtils|30002312| getTodayTotalDetailSteps = 1514040780000##7189##549659##8661##16256##29539649
20171223-22:55:55:748|Step_StandReportReceiver|30002312|REPORT : 7189 5132 153988 240
20171223-22:55:56:53|Step_SPUtils|30002312| getTodayTotalDetailSteps = 1514040840000##7189##549659##8661##16256##29600053
20171223-22:56:6:185|Step_StandReportReceiver|30002312|onReceive action: android.intent.action.SCREEN_OFF
20171223-23:3:16:894|Step_LSC|30002312|processHandleBroadcastAction action:android.intent.action.TIME_TICK
20171223-23:7:6:86|Step_LSC|30002312|onExtend:1514041026000 0 0 5
20171223-23:7:6:86|Step_LSC|30002312|onExtend:1514041326000 0 0 5
20171223-23:7:6:86|Step_LSC|30002312|onExtend:1514041626000 0 0 5
20171223-23:7:6:126|Step_SPUtils|30002312| getTodayTotalDetailSteps = 1514040840000##7189##549659##8661##16256##29600372
20171223-23:7:6:226|Step_LSC|30002312|onStandStepChanged 3761
20171223-23:7:6:453|Step_ExtSDM|30002312|calculateCaloriesWithCache totalCalories=130673
20171223-23:7:7:374|Step_SPUtils|30002312|setTodayTotalDetailSteps=1514041560000##7189##549659##8661##16256##30271693
20171223-23:7:50:266|Step_SPUtils|30002312| getTodayTotalDetailSteps = 1514041560000##7189##549659##8661##16256##30271693
20171223-23:7:51:222|Step_LSC|30002312|getTodaySportData mStepsRecordManager=com.huawei.health.g.c@8a2a501
20171223-23:7:51:238|Step_ExtSDM|30002312|calculateAltitudeWithCache totalAltitude=240
20171223-23:8:9:235|Step_SPUtils|30002312| getTodayTotalDetailSteps = 1514041560000##7189##549659##8661##16256##30315546
20171223-23:8:19:101|Step_LSC|30002312|onStandStepChanged 3761
20171223-23:8:19:432|Step_ExtSDM|30002312|calculateAltitudeWithCache totalAltitude=240
20171223-23:13:47:8|Step_LSC|30002312|processHandleBroadcastAction action:android.intent.action.TIME_TICK
20171223-23:14:24:384|Step_LSC|30002312|onExtend:1514041842000 0 0 5
20171223-23:14:24:389|Step_StandReportReceiver|30002312|onReceive action: android.intent.action.SCREEN_ON
20171223-23:14:24:392|Step_LSC|30002312|onStandStepChanged 3761
20171223-23:14:24:499|Step_LSC|30002312|onExtend:1514042064000 0 0 5
20171223-23:14:24:724|Step_ExtSDM|30002312|calculateAltitudeWithCache totalAltitude=240
20171223-23:14:25:422|Step_ExtSDM|30002312|calculateCaloriesWithCache totalCalories=130673
20171223-23:14:42:910|Step_SPUtils|30002312|setTodayTotalDetailSteps=1514041980000##7191##549659##8661##16256##30727229
20171223-23:14:43:122|Step_LSC|30002312|onExtend:1514042082000 1 0 4
20171223-23:14:43:434|Step_StandReportReceiver|30002312|REPORT : 7192 5135 154052 240
20171223-23:14:43:929|Step_ExtSDM|30002312|calculateCaloriesWithCache totalCalories=130758
20171223-23:14:44:409|Step_SPUtils|30002312| getTodayTotalDetailSteps = 1514041980000##7193##549659##8661##16256##30728232
20171223-23:14:44:610|Step_LSC|30002312|onStandStepChanged 3770
20171223-23:14:44:946|Step_ExtSDM|30002312|calculateAltitudeWithCache totalAltitude=240
20171223-23:14:45:414|Step_SPUtils|30002312|setTodayTotalDetailSteps=1514041980000##7200##549659##8661##16256##30729733
20171223-23:14:45:618|Step_LSC|30002312|onExtend:1514042085000 2 0 4
20171223-23:14:45:924|Step_StandReportReceiver|30002312|REPORT : 7202 5142 154266 240
20171223-23:14:46:425|Step_ExtSDM|30002312|calculateCaloriesWithCache totalCalories=131015
20171223-23:14:46:912|Step_SPUtils|30002312| getTodayTotalDetailSteps = 1514041980000##7205##549659##8661##16256##30730728
20171223-23:14:47:109|Step_LSC|30002312|onStandStepChanged 3783
20171223-23:14:47:432|Step_ExtSDM|30002312|calculateAltitudeWithCache totalAltitude=240
20171223-23:14:48:410|Step_SPUtils|30002312|setTodayTotalDetailSteps=1514041980000##7212##549659##8661##16256##30732729
20171223-23:14:48:618|Step_LSC|30002312|onExtend:1514042088000 2 0 4
20171223-23:14:48:937|Step_StandReportReceiver|30002312|REPORT : 7214 5150 154523 240
20171223-23:14:52:421|Step_ExtSDM|30002312|calculateCaloriesWithCache totalCalories=131208
20171223-23:16:23:120|Step_LSC|30002312|onExtend:1514042182000 0 0 5
20171223-23:16:45:587|Step_StandReportReceiver|30002312|onReceive action: android.intent.action.SCREEN_OFF
20171223-23:17:40:995|Step_LSC|30002312|processHandleBroadcastAction action:android.intent.action.SCREEN_ON
20171223-23:17:41:3|Step_ExtSDM|30002312|calculateCaloriesWithCache totalCalories=131208
20171223-23:17:41:100|Step_LSC|30002312|timeStamp back,extendReportTimeStamp=1514042265000
20171223-23:17:41:344|Step_LSC|30002312|processHandleBroadcastAction action:android.intent.action.TIME_TICK
20171223-23:17:41:989|Step_LSC|30002312|processHandleBroadcastAction action:android.intent.action.SCREEN_ON
20171223-23:17:42:1|Step_ExtSDM|30002312|calculateCaloriesWithCache totalCalories=131208
20171223-23:17:42:391|Step_SPUtils|30002312| getTodayTotalDetailSteps = 1514042160000##7214##549659##8661##16256##30906310
20171223-23:19:0:120|Step_LSC|30002312|processHandleBroadcastAction action:android.intent.action.TIME_TICK
20171223-23:19:20:456|Step_ExtSDM|30002312|calculateCaloriesWithCache totalCalories=131208
20171223-23:19:21:440|Step_SPUtils|30002312|setTodayTotalDetailSteps=1514042280000##7214##549659##8661##16256##31005759
20171223-23:22:0:118|Step_LSC|30002312|processHandleBroadcastAction action:android.intent.action.TIME_TICK
20171223-23:23:15:466|Step_ExtSDM|30002312|calculateCaloriesWithCache totalCalories=131208
20171223-23:23:19:447|Step_SPUtils|30002312|setTodayTotalDetailSteps=1514042520000##7214##549659##8661##16256##31243766
20171223-23:25:0:122|Step_LSC|30002312|processHandleBroadcastAction action:android.intent.action.TIME_TICK
20171223-23:29:4:137|Step_LSC|30002312|onStandStepChanged 3786
20171223-23:29:4:459|Step_ExtSDM|30002312|calculateAltitudeWithCache totalAltitude=240
20171223-23:29:5:448|Step_ExtSDM|30002312|calculateCaloriesWithCache totalCalories=131208
20171223-23:32:28:792|HiH_HiSyncControl|30002312|startTimer start autoSync
20171223-23:32:28:796|HiH_|30002312|initDataPrivacy the dataPrivacy is true
20171223-23:33:0:134|Step_LSC|30002312|processHandleBroadcastAction action:android.intent.action.TIME_TICK
20171223-23:37:14:139|Step_LSC|30002312|onStandStepChanged 3786
20171223-23:37:14:456|Step_ExtSDM|30002312|calculateAltitudeWithCache totalAltitude=240
20171223-23:37:16:456|Step_ExtSDM|30002312|calculateCaloriesWithCache totalCalories=131208
20171223-23:40:10:144|Step_LSC|30002312|onStandStepChanged 3786
20171223-23:40:10:472|Step_ExtSDM|30002312|calculateAltitudeWithCache totalAltitude=240
20171223-23:40:14:457|Step_ExtSDM|30002312|calculateCaloriesWithCache totalCalories=131208
20171223-23:42:38:915|Step_LSC|30002312|onExtend:1514043759000 0 0 0
20171223-23:43:0:139|Step_LSC|30002312|processHandleBroadcastAction action:android.intent.action.TIME_TICK
20171223-23:46:7:148|Step_LSC|30002312|onExtend:1514043967000 0 0 5
20171223-23:46:14:137|Step_LSC|30002312|onStandStepChanged 3786
20171223-23:46:14:462|Step_ExtSDM|30002312|calculateAltitudeWithCache totalAltitude=240
20171223-23:50:48:406|Step_LSC|30002312|onStandStepChanged 3786
20171223-23:50:48:722|Step_ExtSDM|30002312|calculateAltitudeWithCache totalAltitude=240
20171223-23:52:57:444|Step_SPUtils|30002312| getTodayTotalDetailSteps = 1514044140000##7214##549659##8661##16256##32893026
20171223-23:53:0:141|Step_LSC|30002312|onStandStepChanged 3786
20171223-23:53:0:453|Step_ExtSDM|30002312|calculateAltitudeWithCache totalAltitude=240
20171223-23:53:15:455|Step_ExtSDM|30002312|calculateCaloriesWithCache totalCalories=131208
20171223-23:53:17:444|Step_SPUtils|30002312|setTodayTotalDetailSteps=1514044320000##7214##549659##8661##16256##33041763
20171223-23:53:25:440|Step_SPUtils|30002312| getTodayTotalDetailSteps = 1514044320000##7214##549659##8661##16256##33041763
20171223-23:53:31:151|Step_LSC|30002312|onExtend:1514044411000 0 0 0
20171223-23:53:40:143|Step_LSC|30002312|onStandStepChanged 3786
20171223-23:53:40:475|Step_ExtSDM|30002312|calculateAltitudeWithCache totalAltitude=240
20171223-23:53:42:456|Step_ExtSDM|30002312|calculateCaloriesWithCache totalCalories=131208
20171223-23:53:51:440|Step_SPUtils|30002312|setTodayTotalDetailSteps=1514044320000##7214##549659##8661##16256##33075759
20171223-23:53:57:445|Step_SPUtils|30002312| getTodayTotalDetailSteps = 1514044320000##7214##549659##8661##16256##33075759
20171223-23:54:28:137|Step_LSC|30002312|onStandStepChanged 3786
20171223-23:54:28:467|Step_ExtSDM|30002312|calculateAltitudeWithCache totalAltitude=240
20171223-23:54:29:456|Step_ExtSDM|30002312|calculateCaloriesWithCache totalCalories=131208
20171223-23:54:34:439|Step_SPUtils|30002312|setTodayTotalDetailSteps=1514044380000##7214##549659##8661##16256##33118758
20171223-23:54:35:442|Step_SPUtils|30002312| getTodayTotalDetailSteps = 1514044380000##7214##549659##8661##16256##33118758
20171223-23:54:45:151|Step_LSC|30002312|onExtend:1514044485000 0 0 5
20171223-23:54:47:146|Step_LSC|30002312|onStandStepChanged 3786
20171223-23:54:47:469|Step_ExtSDM|30002312|calculateAltitudeWithCache totalAltitude=240
20171223-23:54:54:448|Step_ExtSDM|30002312|calculateCaloriesWithCache totalCalories=131208
20171223-23:54:56:452|Step_SPUtils|30002312|setTodayTotalDetailSteps=1514044380000##7214##549659##8661##16256##33140770
20171223-23:55:24:150|Step_LSC|30002312|onExtend:1514044524000 0 0 5
20171223-23:55:25:137|Step_LSC|30002312|onStandStepChanged 3786
20171223-23:55:25:460|Step_ExtSDM|30002312|calculateAltitudeWithCache totalAltitude=240
20171223-23:56:12:449|Step_SPUtils|30002312|setTodayTotalDetailSteps=1514044500000##7214##549659##8661##16256##33216767
20171223-23:56:13:445|Step_SPUtils|30002312| getTodayTotalDetailSteps = 1514044500000##7214##549659##8661##16256##33216767
20171223-23:56:28:145|Step_LSC|30002312|onExtend:1514044588000 0 0 5
20171223-23:56:35:137|Step_LSC|30002312|onStandStepChanged 3786
20171223-23:56:35:467|Step_ExtSDM|30002312|calculateAltitudeWithCache totalAltitude=240
20171223-23:57:34:440|Step_SPUtils|30002312|setTodayTotalDetailSteps=1514044560000##7214##549659##8661##16256##33298759
20171223-23:57:42:443|Step_SPUtils|30002312| getTodayTotalDetailSteps = 1514044560000##7214##549659##8661##16256##33298759
20171223-23:59:0:135|Step_LSC|30002312|processHandleBroadcastAction action:android.intent.action.TIME_TICK
20171224-0:0:0:218|Step_SPUtils|30002312| getStepCounterStatus= true
20171224-0:0:0:228|Step_SPUtils|30002312| getTodayBasicStandardSteps= 1514018661124##0##3428
20171224-0:0:0:233|Step_SPUtils|30002312| getTodayTotalDetailSteps = 1514044560000##7214##549659##8661##16256##33306763
20171224-0:0:0:234|Step_SPUtils|30002312| getTodayTotalDetailSteps = 1514044560000##7214##549659##8661##16256##33306763
20171224-0:0:0:237|Step_HGNH|30002312|next day:steps0mLastReport7214
20171224-0:0:0:329|Step_LSC|30002312|onExtend:1514044801000 0 0 0
20171224-0:0:5:137|Step_LSC|30002312|onStandStepChanged 3786
20171224-0:0:5:444|Step_ExtSDM|30002312|calculateAltitudeWithCache totalAltitude=0
20171224-0:0:6:451|Step_ExtSDM|30002312|calculateCaloriesWithCache totalCalories=0
20171224-0:4:0:136|Step_LSC|30002312|processHandleBroadcastAction action:android.intent.action.TIME_TICK
20171224-0:5:22:774|Step_SPUtils|30002312|setTodayTotalDetailSteps=1514045040000##0##549659##8661##16256##33767093
20171224-0:6:16:574|Step_LSC|30002312|onExtend:1514045177000 0 0 0
20171224-0:7:0:125|Step_LSC|30002312|processHandleBroadcastAction action:android.intent.action.TIME_TICK
20171224-0:7:2:445|Step_ExtSDM|30002312|calculateCaloriesWithCache totalCalories=0
20171224-0:7:4:439|Step_SPUtils|30002312|setTodayTotalDetailSteps=1514045160000##0##549659##8661##16256##33868758
20171224-0:7:20:438|Step_SPUtils|30002312| getTodayTotalDetailSteps = 1514045160000##0##549659##8661##16256##33868758
20171224-0:7:21:149|Step_LSC|30002312|onExtend:1514045241000 0 0 0
20171224-0:8:0:141|Step_LSC|30002312|processHandleBroadcastAction action:android.intent.action.TIME_TICK
20171224-0:9:4:441|Step_SPUtils|30002312|setTodayTotalDetailSteps=1514045280000##0##549659##8661##16256##33988760
20171224-0:9:6:442|Step_SPUtils|30002312| getTodayTotalDetailSteps = 1514045280000##0##549659##8661##16256##33988760
20171224-0:9:34:153|Step_LSC|30002312|onExtend:1514045374000 0 0 5
20171224-0:9:35:137|Step_LSC|30002312|onStandStepChanged 3786
20171224-0:9:35:448|Step_ExtSDM|30002312|calculateAltitudeWithCache totalAltitude=0
20171224-0:10:9:438|Step_SPUtils|30002312|setTodayTotalDetailSteps=1514045340000##0##549659##8661##16256##34053757
20171224-0:10:10:439|Step_SPUtils|30002312| getTodayTotalDetailSteps = 1514045340000##0##549659##8661##16256##34053757
20171224-0:10:42:149|Step_LSC|30002312|onExtend:1514045442000 0 0 5
20171224-0:10:43:138|Step_LSC|30002312|onStandStepChanged 3786
20171224-0:10:43:448|Step_ExtSDM|30002312|calculateAltitudeWithCache totalAltitude=0
20171224-0:11:56:446|Step_SPUtils|30002312|setTodayTotalDetailSteps=1514045400000##0##549659##8661##16256##34160765
20171224-0:11:57:442|Step_SPUtils|30002312| getTodayTotalDetailSteps = 1514045400000##0##549659##8661##16256##34160765
20171224-0:13:0:151|Step_LSC|30002312|processHandleBroadcastAction action:android.intent.action.TIME_TICK
20171224-0:15:53:285|Step_SPUtils|30002312| getTodayTotalDetailSteps = 1514045400000##0##549659##8661##16256##34161762
20171224-0:17:0:126|Step_LSC|30002312|processHandleBroadcastAction action:android.intent.action.TIME_TICK
20171224-0:22:0:135|Step_LSC|30002312|processHandleBroadcastAction action:android.intent.action.TIME_TICK
20171224-0:25:16:146|Step_LSC|30002312|onExtend:1514046316000 0 0 5
20171224-0:25:17:137|Step_LSC|30002312|onStandStepChanged 3786
20171224-0:25:17:445|Step_ExtSDM|30002312|calculateAltitudeWithCache totalAltitude=0
20171224-0:28:25:159|Step_LSC|30002312|onExtend:1514046505000 0 0 5
20171224-0:28:48:963|Step_StandReportReceiver|30002312|onReceive action: android.intent.action.SCREEN_OFF
20171224-0:32:28:800|HiH_HiSyncControl|30002312|stepSyncOrNot appSynTimes is 0
20171224-0:32:28:806|HiH_|30002312|initUserPrivacy the userPrivacy is true
20171224-0:38:23:301|Step_LSC|30002312|processHandleBroadcastAction action:android.intent.action.TIME_TICK
20171224-0:49:29:380|Step_LSC|30002312|processHandleBroadcastAction action:android.intent.action.TIME_TICK
20171224-0:58:53:985|Step_LSC|30002312|processHandleBroadcastAction action:android.intent.action.TIME_TICK
