20171223-22:15:29:635|Step_StandStepCounter|30002312|flush sensor data
20171223-22:15:29:737|Step_LSC|30002312|onExtend:1514038530000 0 0 4
20171223-22:15:29:962|Step_ExtSDM|30002312|calculateAltitudeWithCache totalAltitude=240
20171223-22:15:30:641|Step_ExtSDM|30002312|calculateAltitudeWithCache totalAltitude=240
20171223-22:15:31:160|Step_ExtSDM|30002312|calculateAltitudeWithCache totalAltitude=240
20171223-22:15:32:162|Step_ExtSDM|30002312|calculateAltitudeWithCache totalAltitude=240
20171223-22:15:32:658|Step_ExtSDM|30002312|calculateAltitudeWithCache totalAltitude=240
20171223-22:15:33:149|Step_ExtSDM|30002312|calculateAltitudeWithCache totalAltitude=240
20171223-22:15:33:662|Step_ExtSDM|30002312|calculateAltitudeWithCache totalAltitude=240
20171223-22:15:35:11|Step_SPUtils|30002312| getTodayTotalDetailSteps = 1514038440000##7015##548365##8661##13026##27177962
20171223-22:15:35:96|Step_StandReportReceiver|30002312|onReceive action: android.intent.action.SCREEN_ON
20171223-22:15:35:112|Step_ExtSDM|30002312|calculateAltitudeWithCache totalAltitude=240
20171223-22:15:35:413|Step_SPUtils|30002312|setTodayTotalDetailSteps=1514038440000##7018##548365##8661##13311##27179732
20171223-22:15:36:149|Step_SPUtils|30002312|setTodayTotalDetailSteps=1514038440000##7019##548365##8661##13406##27180468
20171223-22:15:36:657|Step_SPUtils|30002312|setTodayTotalDetailSteps=1514038440000##7020##548365##8661##13501##27180976
20171223-22:15:37:653|Step_SPUtils|30002312|setTodayTotalDetailSteps=1514038440000##7021##548365##8661##13596##27181971
20171223-22:15:38:149|Step_SPUtils|30002312|setTodayTotalDetailSteps=1514038440000##7022##548365##8661##13691##27182468
20171223-22:15:38:654|Step_SPUtils|30002312|setTodayTotalDetailSteps=1514038440000##7023##548365##8661##13786##27182973
20171223-22:15:39:151|Step_SPUtils|30002312|setTodayTotalDetailSteps=1514038440000##7024##548365##8661##13881##27183469
20171223-22:15:39:656|Step_SPUtils|30002312|setTodayTotalDetailSteps=1514038440000##7025##548365##8661##13976##27183974
20171223-22:15:40:653|Step_SPUtils|30002312|setTodayTotalDetailSteps=1514038440000##7026##548365##8661##14071##27184972
20171223-22:15:41:149|Step_SPUtils|30002312|setTodayTotalDetailSteps=1514038440000##7027##548365##8661##14166##27185467
20171223-22:15:41:658|Step_SPUtils|30002312|setTodayTotalDetailSteps=1514038440000##7028##548365##8661##14261##27185977
20171223-22:15:42:151|Step_SPUtils|30002312|setTodayTotalDetailSteps=1514038440000##7029##548365##8661##14356##27186469
20171223-22:15:43:149|Step_SPUtils|30002312|setTodayTotalDetailSteps=1514038440000##7030##548365##8661##14451##27187468
20171223-22:15:43:650|Step_SPUtils|30002312|setTodayTotalDetailSteps=1514038440000##7031##548365##8661##14546##27187968
20171223-22:15:44:152|Step_SPUtils|30002312|setTodayTotalDetailSteps=1514038440000##7032##548365##8661##14641##27188471
20171223-22:15:45:150|Step_SPUtils|30002312|setTodayTotalDetailSteps=1514038440000##7033##548365##8661##14736##27189469
20171223-22:15:45:650|Step_SPUtils|30002312|setTodayTotalDetailSteps=1514038440000##7034##548365##8661##14831##27189969
20171223-22:15:46:150|Step_SPUtils|30002312|setTodayTotalDetailSteps=1514038440000##7035##548365##8661##14926##27190469
20171223-22:15:46:651|Step_SPUtils|30002312|setTodayTotalDetailSteps=1514038440000##7036##548365##8661##15021##27190970
20171223-22:15:47:650|Step_SPUtils|30002312|setTodayTotalDetailSteps=1514038440000##7037##548365##8661##15116##27191969
20171223-22:15:48:159|Step_SPUtils|30002312|setTodayTotalDetailSteps=1514038440000##7038##548365##8661##15211##27192478
20171223-22:15:48:653|Step_SPUtils|30002312|setTodayTotalDetailSteps=1514038440000##7039##548365##8661##15306##27192971
20171223-22:15:49:653|Step_SPUtils|30002312|setTodayTotalDetailSteps=1514038440000##7040##548365##8661##15401##27193971
20171223-22:15:50:161|Step_SPUtils|30002312|setTodayTotalDetailSteps=1514038440000##7041##548365##8661##15496##27194480
20171223-22:15:51:152|Step_SPUtils|30002312|setTodayTotalDetailSteps=1514038440000##7042##548365##8661##15591##27195470
20171223-22:15:52:161|Step_SPUtils|30002312|setTodayTotalDetailSteps=1514038440000##7044##548365##8661##15686##27196480
20171223-22:15:52:652|Step_SPUtils|30002312|setTodayTotalDetailSteps=1514038440000##7045##548365##8661##15781##27196970
20171223-22:15:53:653|Step_SPUtils|30002312|setTodayTotalDetailSteps=1514038440000##7047##548365##8661##15876##27197972
20171223-22:15:54:651|Step_SPUtils|30002312|setTodayTotalDetailSteps=1514038440000##7048##548365##8661##15971##27198970
20171223-22:15:55:650|Step_SPUtils|30002312|setTodayTotalDetailSteps=1514038440000##7050##548365##8661##16066##27199969
20171223-22:15:56:151|Step_SPUtils|30002312|setTodayTotalDetailSteps=1514038440000##7052##548365##8661##16161##27200470
20171223-22:15:58:156|Step_SPUtils|30002312|setTodayTotalDetailSteps=1514038440000##7053##548365##8661##16256##27202475
20171223-22:16:0:150|Step_SPUtils|30002312| getTodayTotalDetailSteps = 1514038440000##7053##548365##8661##16256##27202475
20171223-22:16:1:150|Step_SPUtils|30002312| getTodayTotalDetailSteps = 1514038500000##7054##548458##8661##16256##27204469
20171223-22:17:19:151|Step_SPUtils|30002312| getTodayTotalDetailSteps = 1514038500000##7054##548551##8661##16256##27205469
20171223-22:17:20:652|Step_SPUtils|30002312|setTodayTotalDetailSteps=1514038560000##7056##548553##8661##16256##27284971
20171223-22:17:21:156|Step_SPUtils|30002312|setTodayTotalDetailSteps=1514038560000##7058##548554##8661##16256##27285475
20171223-22:17:21:649|Step_SPUtils|30002312|setTodayTotalDetailSteps=1514038560000##7060##548555##8661##16256##27285968
20171223-22:17:22:152|Step_SPUtils|30002312|setTodayTotalDetailSteps=1514038560000##7062##548556##8661##16256##27286470
20171223-22:17:22:651|Step_SPUtils|30002312|setTodayTotalDetailSteps=1514038560000##7064##548557##8661##16256##27286970
20171223-22:17:23:150|Step_SPUtils|30002312|setTodayTotalDetailSteps=1514038560000##7066##548558##8661##16256##27287469
20171223-22:17:23:653|Step_SPUtils|30002312|setTodayTotalDetailSteps=1514038560000##7068##548559##8661##16256##27287972
20171223-22:17:24:152|Step_SPUtils|30002312|setTodayTotalDetailSteps=1514038560000##7070##548560##8661##16256##27288471
20171223-22:17:24:654|Step_SPUtils|30002312|setTodayTotalDetailSteps=1514038560000##7071##548561##8661##16256##27288973
20171223-22:17:25:151|Step_SPUtils|30002312|setTodayTotalDetailSteps=1514038560000##7074##548562##8661##16256##27289470
20171223-22:17:28:156|Step_SPUtils|30002312|setTodayTotalDetailSteps=1514038560000##7074##548563##8661##16256##27292475
20171223-22:17:45:162|Step_ExtSDM|30002312|calculateCaloriesWithCache totalCalories=128231
20171223-22:17:45:663|Step_ExtSDM|30002312|calculateCaloriesWithCache totalCalories=128274
20171223-22:17:46:163|Step_ExtSDM|30002312|calculateCaloriesWithCache totalCalories=128317
20171223-22:17:46:659|Step_ExtSDM|30002312|calculateCaloriesWithCache totalCalories=128360
20171223-22:17:47:163|Step_ExtSDM|30002312|calculateCaloriesWithCache totalCalories=128403
20171223-22:17:47:659|Step_ExtSDM|30002312|calculateCaloriesWithCache totalCalories=128424
20171223-22:17:48:157|Step_ExtSDM|30002312|calculateCaloriesWithCache totalCalories=128467
20171223-22:17:48:656|Step_ExtSDM|30002312|calculateCaloriesWithCache totalCalories=128510
20171223-22:17:49:162|Step_ExtSDM|30002312|calculateCaloriesWithCache totalCalories=128553
20171223-22:17:49:661|Step_ExtSDM|30002312|calculateCaloriesWithCache totalCalories=128595
20171223-22:17:50:156|Step_ExtSDM|30002312|calculateCaloriesWithCache totalCalories=128638
20171223-22:17:50:658|Step_ExtSDM|30002312|calculateCaloriesWithCache totalCalories=128660
20171223-22:17:51:158|Step_ExtSDM|30002312|calculateCaloriesWithCache totalCalories=128703
20171223-22:17:51:673|Step_ExtSDM|30002312|calculateCaloriesWithCache totalCalories=128745
20171223-22:17:52:162|Step_ExtSDM|30002312|calculateCaloriesWithCache totalCalories=128788
20171223-22:17:53:163|Step_ExtSDM|30002312|calculateCaloriesWithCache totalCalories=128810
20171223-22:17:54:167|Step_ExtSDM|30002312|calculateCaloriesWithCache totalCalories=128831
20171223-22:17:55:162|Step_ExtSDM|30002312|calculateCaloriesWithCache totalCalories=128853
20171223-22:17:55:658|Step_ExtSDM|30002312|calculateCaloriesWithCache totalCalories=128874
20171223-22:17:56:666|Step_ExtSDM|30002312|calculateCaloriesWithCache totalCalories=128895
20171223-22:17:57:659|Step_ExtSDM|30002312|calculateCaloriesWithCache totalCalories=128917
20171223-22:17:58:159|Step_ExtSDM|30002312|calculateCaloriesWithCache totalCalories=128960
20171223-22:18:0:159|Step_SPUtils|30002312|setTodayTotalDetailSteps=1514038620000##7111##548640##8661##16256##27324478
20171223-22:18:1:650|Step_SPUtils|30002312|setTodayTotalDetailSteps=1514038620000##7112##548695##8661##16256##27325968
20171223-22:18:2:650|Step_SPUtils|30002312|setTodayTotalDetailSteps=1514038620000##7113##548750##8661##16256##27326969
20171223-22:18:5:653|Step_SPUtils|30002312|setTodayTotalDetailSteps=1514038620000##7114##548805##8661##16256##27329972
20171223-22:18:6:151|Step_SPUtils|30002312|setTodayTotalDetailSteps=1514038620000##7114##548860##8661##16256##27330470
20171223-22:19:8:156|Step_SPUtils|30002312|setTodayTotalDetailSteps=1514038680000##7117##548865##8661##16256##27392475
20171223-22:19:8:660|Step_SPUtils|30002312|setTodayTotalDetailSteps=1514038680000##7122##548870##8661##16256##27392978
20171223-22:19:9:151|Step_SPUtils|30002312|setTodayTotalDetailSteps=1514038680000##7124##548875##8661##16256##27393470
20171223-22:19:9:652|Step_SPUtils|30002312|setTodayTotalDetailSteps=1514038680000##7126##548880##8661##16256##27393971
20171223-22:19:10:150|Step_SPUtils|30002312|setTodayTotalDetailSteps=1514038680000##7128##548885##8661##16256##27394469
20171223-22:19:10:650|Step_SPUtils|30002312|setTodayTotalDetailSteps=1514038680000##7130##548890##8661##16256##27394969
20171223-22:19:11:150|Step_SPUtils|30002312|setTodayTotalDetailSteps=1514038680000##7132##548895##8661##16256##27395468
20171223-22:19:11:651|Step_SPUtils|30002312|setTodayTotalDetailSteps=1514038680000##7135##548900##8661##16256##27395969
20171223-22:19:12:154|Step_SPUtils|30002312|setTodayTotalDetailSteps=1514038680000##7139##548905##8661##16256##27396473
20171223-22:19:12:650|Step_SPUtils|30002312|setTodayTotalDetailSteps=1514038680000##7140##548910##8661##16256##27396969
20171223-22:19:14:656|Step_SPUtils|30002312|setTodayTotalDetailSteps=1514038680000##7154##548915##8661##16256##27398975
20171223-22:19:16:157|Step_SPUtils|30002312|setTodayTotalDetailSteps=1514038680000##7154##548920##8661##16256##27400475
20171223-22:19:57:763|Step_LSC|30002312|onExtend:1514038798000 0 0 4
20171223-22:19:57:789|Step_ExtSDM|30002312|calculateCaloriesWithCache totalCalories=130052
20171223-22:19:58:109|Step_ExtSDM|30002312|calculateCaloriesWithCache totalCalories=130052
20171223-22:19:58:366|Step_FlushableStepDataCache|30002312|upLoadOneMinuteDataToEngine time=25233976,0,1,0,20002
20171223-22:19:58:373|Step_LSC|30002312|onExtend:1514038799000 3 0 4
20171223-22:19:58:378|HiH_DataStatManager|30002312|new date =20171223, type=40002,7163.0,old=6983.0
20171223-22:19:58:381|HiH_HiHealthDataInsertStore|30002312|saveStatData() type =40004,time = 1513958400000,statClient = 2,who is 1
20171223-22:19:58:411|Step_LSC|30002312|uploadStaticsToDB failed message=true
20171223-22:19:58:416|HiH_HiSyncControl|30002312|startInsertSportSync start auto sync,app is 1
20171223-22:19:58:419|HiH_HiHealthBinder|30002312|insertHiHealthData() size = 20,app = 1,One Data Type = 2,packageName = com.huawei.health,writeStatType = 0
20171223-22:19:58:428|HiH_HiSyncControl|30002312|ifCanSync not! no cloud version
20171223-22:19:58:480|HiH_DataStatManager|30002312|new date =20171223, type=40011,6314.0,old=6137.0
20171223-22:19:58:501|HiH_DataStatManager|30002312|new date =20171223, type=40044,420.0,old=420.0
20171223-22:19:58:505|Step_SPUtils|30002312|setWriteDBLastDataMinute=25233979
20171223-22:19:58:514|HiH_HiSyncControl|30002312|checkInsertStatus stepStatSum or calorieStatSum is enough
20171223-22:19:58:517|Step_ExtSDM|30002312|calculateAltitudeWithCache totalAltitude=240
20171223-22:19:58:519|Step_StandReportReceiver|30002312|REPORT : 7163 5114 153431 240
20171223-22:19:59:182|Step_StandReportReceiver|30002312|REPORT : 7165 5115 153474 240
20171223-22:19:59:682|Step_StandReportReceiver|30002312|REPORT : 7167 5117 153517 240
20171223-22:20:0:177|Step_ExtSDM|30002312|calculateAltitudeWithCache totalAltitude=240
20171223-22:20:0:688|Step_ExtSDM|30002312|calculateAltitudeWithCache totalAltitude=240
20171223-22:20:1:186|Step_ExtSDM|30002312|calculateAltitudeWithCache totalAltitude=240
20171223-22:20:1:687|Step_ExtSDM|30002312|calculateAltitudeWithCache totalAltitude=240
20171223-22:20:2:178|Step_ExtSDM|30002312|calculateAltitudeWithCache totalAltitude=240
20171223-22:20:2:693|Step_ExtSDM|30002312|calculateAltitudeWithCache totalAltitude=240
20171223-22:20:3:179|Step_ExtSDM|30002312|calculateAltitudeWithCache totalAltitude=240
20171223-22:20:4:193|Step_ExtSDM|30002312|calculateAltitudeWithCache totalAltitude=240
20171223-22:20:4:676|Step_ExtSDM|30002312|calculateAltitudeWithCache totalAltitude=240
20171223-22:20:5:675|Step_ExtSDM|30002312|calculateAltitudeWithCache totalAltitude=240
20171223-22:20:7:686|Step_ExtSDM|30002312|calculateAltitudeWithCache totalAltitude=240
20171223-22:20:8:182|Step_ExtSDM|30002312|calculateAltitudeWithCache totalAltitude=240
20171223-22:20:13:184|Step_ExtSDM|30002312|calculateAltitudeWithCache totalAltitude=240
20171223-22:20:18:586|Step_StandReportReceiver|30002312|onReceive action: android.intent.action.SCREEN_OFF
20171223-22:24:22:165|Step_LSC|30002312|onExtend:1514038999000 0 0 5
20171223-22:24:22:208|Step_LSC|30002312|onStandStepChanged 3761
20171223-22:24:22:516|Step_SPUtils|30002312| getTodayTotalDetailSteps = 1514038980000##7189##549659##8661##16256##27706526
20171223-22:24:52:185|Step_SPUtils|30002312|setTodayTotalDetailSteps=1514038980000##7189##549659##8661##16256##27736503
20171223-22:24:54:201|Step_ExtSDM|30002312|calculateCaloriesWithCache totalCalories=130673
20171223-22:24:59:210|Step_ExtSDM|30002312|calculateAltitudeWithCache totalAltitude=240
20171223-22:30:23:993|Step_LSC|30002312|onExtend:1514039112000 0 0 5
20171223-22:30:24:27|Step_LSC|30002312|processHandleBroadcastAction action:android.intent.action.SCREEN_ON
20171223-22:30:24:46|Step_StandReportReceiver|30002312|REPORT : 7189 5132 153988 240
20171223-22:31:0:136|Step_LSC|30002312|processHandleBroadcastAction action:android.intent.action.TIME_TICK
20171223-22:31:54:515|Step_StandReportReceiver|30002312|onReceive action: android.intent.action.SCREEN_OFF
20171223-22:31:59:620|Step_SPUtils|30002312| getTodayTotalDetailSteps = 1514039400000##7189##549659##8661##16256##28136544
20171223-22:31:59:725|Step_LSC|30002312|onExtend:1514039520000 0 0 0
20171223-22:32:28:791|HiH_HiSyncControl|30002312|startTimer start autoSync
20171223-22:32:28:801|HiH_|30002312|initUserPrivacy the userPrivacy is true
20171223-22:33:10:229|Step_SPUtils|30002312|setTodayTotalDetailSteps=1514039520000##7189##549659##8661##16256##28234547
20171223-22:33:46:303|Step_LSC|30002312|processHandleBroadcastAction action:android.intent.action.SCREEN_ON
20171223-22:33:46:315|Step_StandReportReceiver|30002312|REPORT : 7189 5132 153988 240
20171223-22:34:0:126|Step_LSC|30002312|processHandleBroadcastAction action:android.intent.action.TIME_TICK
20171223-22:37:15:240|Step_SPUtils|30002312|setTodayTotalDetailSteps=1514039760000##7189##549659##8661##16256##28479559
20171223-22:39:25:265|Step_LSC|30002312|onExtend:1514039917000 0 0 5
20171223-22:39:25:306|Step_LSC|30002312|onStandStepChanged 3761
20171223-22:39:25:446|Step_LSC|30002312|processHandleBroadcastAction action:android.intent.action.TIME_TICK
20171223-22:42:0:137|Step_LSC|30002312|processHandleBroadcastAction action:android.intent.action.TIME_TICK
20171223-22:45:49:259|Step_SPUtils|30002312|setTodayTotalDetailSteps=1514040240000##7189##549659##8661##16256##28993578
20171223-22:45:55:268|Step_ExtSDM|30002312|calculateCaloriesWithCache totalCalories=130673
20171223-22:51:0:128|Step_LSC|30002312|processHandleBroadcastAction action:android.intent.action.TIME_TICK
20171223-22:51:24:638|Step_StandReportReceiver|30002312|onReceive action: android.intent.action.SCREEN_OFF
20171223-22:51:37:293|Step_SPUtils|30002312|setTodayTotalDetailSteps=1514040600000##7189##549659##8661##16256##29341612
20171223-22:51:37:608|Step_SPUtils|30002312| getTodayTotalDetailSteps = 1514040600000##7189##549659##8661##16256##29341612
20171223-22:51:40:632|Step_SPUtils|30002312|setTodayTotalDetailSteps=1514040600000##7189##549659##8661##16256##29344951
20171223-22:51:49:298|Step_ExtSDM|30002312|calculateCaloriesWithCache totalCalories=130673
20171223-22:52:45:486|Step_LSC|30002312|processHandleBroadcastAction action:android.intent.action.SCREEN_ON
20171223-22:52:45:498|Step_StandReportReceiver|30002312|REPORT : 7189 5132 153988 240
20171223-22:52:45:985|Step_LSC|30002312|onStandStepChanged 3761
20171223-22:52:51:993|Step_LSC|30002312|onExtend:1514040772000 0 0 5
20171223-22:53:1:185|Step_LSC|30002312|onExtend:1514040776000 0 0 5
20171223-22:53:1:218|Step_LSC|30002312|onStandStepChanged 3761
20171223-22:53:1:325|Step_LSC|30002312|processHandleBroadcastAction action:android.intent.action.TIME_TICK
20171223-22:53:7:299|Step_SPUtils|30002312| getTodayTotalDetailSteps = 1514040720000##7189##549659##8661##16256##29425847
20171223-22:53:12:714|Step_StandReportReceiver|30002312|onReceive action: android.intent.action.SCREEN_ON
20171223-22:53:12:737|Step_ExtSDM|30002312|calculateAltitudeWithCache totalAltitude=240
20171223-22:53:13:39|Step_SPUtils|30002312|setTodayTotalDetailSteps=1514040720000##7189##549659##8661##16256##29437358
20171223-22:54:55:331|Step_SPUtils|30002312|setTodayTotalDetailSteps=1514040780000##7189##549659##8661##16256##29539649
20171223-22:55:55:730|Step_StandReportReceiver|30002312|onReceive action: android.intent.action.SCREEN_ON
20171223-22:55:55:748|Step_ExtSDM|30002312|calculateAltitudeWithCache totalAltitude=240
20171223-22:55:56:53|Step_SPUtils|30002312|setTodayTotalDetailSteps=1514040840000##7189##549659##8661##16256##29600372
20171223-23:1:5:778|Step_LSC|30002312|processHandleBroadcastAction action:android.intent.action.TIME_TICK
20171223-23:7:6:86|Step_LSC|30002312|onExtend:1514041026000 0 0 5
20171223-23:7:6:86|Step_LSC|30002312|onExtend:1514041446000 0 0 5
20171223-23:7:6:126|Step_LSC|30002312|onStandStepChanged 3761
20171223-23:7:6:232|Step_LSC|30002312|onExtend:1514041627000 0 0 5
20171223-23:7:7:71|Step_LSC|30002312|onExtend:1514041627000 0 0 0
20171223-23:7:50:266|Step_SPUtils|30002312| getTodayTotalDetailSteps = 1514041560000##7189##549659##8661##16256##30271693
20171223-23:7:51:225|Step_SPUtils|30002312| getTodayTotalDetailSteps = 1514041560000##7189##549659##8661##16256##30314585
20171223-23:8:9:233|Step_StandReportReceiver|30002312|REPORT : 7189 5132 153988 240
20171223-23:8:19:116|Step_LSC|30002312|onExtend:1514041699000 0 0 5
20171223-23:11:38:10|Step_LSC|30002312|processHandleBroadcastAction action:android.intent.action.TIME_TICK
20171223-23:14:24:384|Step_LSC|30002312|onExtend:1514041842000 0 0 5
20171223-23:14:24:390|Step_StandStepCounter|30002312|flush sensor data
20171223-23:14:24:494|Step_LSC|30002312|onStandStepChanged 3761
20171223-23:14:25:106|Step_LSC|30002312|onStandStepChanged 3761
20171223-23:14:42:620|Step_LSC|30002312|onExtend:1514042082000 2 0 0
20171223-23:14:43:122|Step_LSC|30002312|onExtend:1514042082000 1 0 4
20171223-23:14:43:622|Step_LSC|30002312|onExtend:1514042083000 1 0 4
20171223-23:14:44:118|Step_LSC|30002312|onExtend:1514042083000 3 0 4
20171223-23:14:44:617|Step_LSC|30002312|onExtend:1514042084000 2 0 4
20171223-23:14:45:118|Step_LSC|30002312|onExtend:1514042084000 2 0 4
20171223-23:14:45:618|Step_LSC|30002312|onExtend:1514042085000 2 0 4
20171223-23:14:46:115|Step_LSC|30002312|onExtend:1514042085000 3 0 4
20171223-23:14:46:618|Step_LSC|30002312|onExtend:1514042086000 3 0 4
20171223-23:14:47:118|Step_LSC|30002312|onExtend:1514042086000 3 0 4
20171223-23:14:48:117|Step_LSC|30002312|onExtend:1514042087000 1 0 4
20171223-23:14:48:618|Step_LSC|30002312|onExtend:1514042088000 2 0 4
20171223-23:14:52:125|Step_LSC|30002312|onExtend:1514042091000 0 0 0
20171223-23:16:23:109|Step_LSC|30002312|onStandStepChanged 3786
20171223-23:17:40:773|Step_LSC|30002312|onStandStepChanged 3786
20171223-23:17:40:996|Step_SPUtils|30002312|setTodayTotalDetailSteps=1514042160000##7214##549659##8661##16256##30905315
20171223-23:17:41:100|Step_LSC|30002312|timeStamp back,extendReportTimeStamp=1514042265000
20171223-23:17:41:694|Step_LSC|30002312|onExtend:1514042262000 0 0 0
20171223-23:17:41:991|Step_SPUtils|30002312|setTodayTotalDetailSteps=1514042160000##7214##549659##8661##16256##30906310
20171223-23:17:42:392|Step_SPUtils|30002312|setTodayTotalDetailSteps=1514042160000##7214##549659##8661##16256##30906710
20171223-23:19:20:439|Step_SPUtils|30002312| getTodayTotalDetailSteps = 1514042160000##7214##549659##8661##16256##30906710
20171223-23:19:21:440|Step_SPUtils|30002312|setTodayTotalDetailSteps=1514042280000##7214##549659##8661##16256##31005759
20171223-23:23:15:149|Step_LSC|30002312|onExtend:1514042595000 0 0 5
20171223-23:23:19:446|Step_SPUtils|30002312| getTodayTotalDetailSteps = 1514042520000##7214##549659##8661##16256##31239760
20171223-23:26:0:140|Step_LSC|30002312|processHandleBroadcastAction action:android.intent.action.TIME_TICK
20171223-23:29:4:438|Step_SPUtils|30002312|setTodayTotalDetailSteps=1514042880000##7214##549659##8661##16256##31588757
20171223-23:29:5:448|Step_ExtSDM|30002312|calculateCaloriesWithCache totalCalories=131208
20171223-23:32:28:794|HiH_HiSyncControl|30002312|stepSyncOrNot appSynTimes is 0
20171223-23:32:28:796|HiH_HiBroadcastUtil|30002312|sendSyncFailedBroadcast
20171223-23:37:14:147|Step_LSC|30002312|onExtend:1514043434000 0 0 5
20171223-23:37:16:440|Step_SPUtils|30002312| getTodayTotalDetailSteps = 1514043360000##7214##549659##8661##16256##32078759
20171223-23:40:10:144|Step_LSC|30002312|onStandStepChanged 3786
20171223-23:40:14:153|Step_LSC|30002312|onExtend:1514043614000 0 0 0
20171223-23:42:38:906|Step_LSC|30002312|onStandStepChanged 3786
20171223-23:44:0:163|Step_LSC|30002312|processHandleBroadcastAction action:android.intent.action.TIME_TICK
20171223-23:46:7:464|Step_ExtSDM|30002312|calculateCaloriesWithCache totalCalories=131208
20171223-23:46:14:462|Step_ExtSDM|30002312|calculateAltitudeWithCache totalAltitude=240
20171223-23:50:48:707|Step_SPUtils|30002312| getTodayTotalDetailSteps = 1514043900000##7214##549659##8661##16256##32618758
20171223-23:52:57:155|Step_LSC|30002312|onExtend:1514044377000 0 0 5
20171223-23:53:0:147|Step_LSC|30002312|onExtend:1514044380000 0 0 0
20171223-23:53:15:438|Step_SPUtils|30002312| getTodayTotalDetailSteps = 1514044320000##7214##549659##8661##16256##33024761
20171223-23:53:17:444|Step_SPUtils|30002312|setTodayTotalDetailSteps=1514044320000##7214##549659##8661##16256##33041763
20171223-23:53:25:452|Step_ExtSDM|30002312|calculateCaloriesWithCache totalCalories=131208
20171223-23:53:31:458|Step_ExtSDM|30002312|calculateAltitudeWithCache totalAltitude=240
20171223-23:53:42:137|Step_LSC|30002312|onStandStepChanged 3786
20171223-23:53:51:153|Step_LSC|30002312|onExtend:1514044431000 0 0 5
20171223-23:53:57:445|Step_SPUtils|30002312| getTodayTotalDetailSteps = 1514044320000##7214##549659##8661##16256##33075759
20171223-23:54:28:452|Step_SPUtils|30002312| getTodayTotalDetailSteps = 1514044320000##7214##549659##8661##16256##33081765
20171223-23:54:29:439|Step_SPUtils|30002312|setTodayTotalDetailSteps=1514044380000##7214##549659##8661##16256##33113758
20171223-23:54:34:448|Step_ExtSDM|30002312|calculateCaloriesWithCache totalCalories=131208
20171223-23:54:35:465|Step_ExtSDM|30002312|calculateAltitudeWithCache totalAltitude=240
20171223-23:54:47:146|Step_LSC|30002312|onStandStepChanged 3786
20171223-23:54:54:163|Step_LSC|30002312|onExtend:1514044494000 0 0 5
20171223-23:54:56:451|Step_SPUtils|30002312| getTodayTotalDetailSteps = 1514044380000##7214##549659##8661##16256##33138759
20171223-23:55:24:442|Step_SPUtils|30002312| getTodayTotalDetailSteps = 1514044380000##7214##549659##8661##16256##33140770
20171223-23:55:25:442|Step_SPUtils|30002312|setTodayTotalDetailSteps=1514044440000##7214##549659##8661##16256##33169760
20171223-23:56:12:449|Step_SPUtils|30002312|setTodayTotalDetailSteps=1514044500000##7214##549659##8661##16256##33216767
20171223-23:56:13:454|Step_ExtSDM|30002312|calculateCaloriesWithCache totalCalories=131208
20171223-23:56:28:464|Step_ExtSDM|30002312|calculateAltitudeWithCache totalAltitude=240
20171223-23:57:0:132|Step_LSC|30002312|processHandleBroadcastAction action:android.intent.action.TIME_TICK
20171223-23:57:42:138|Step_LSC|30002312|onStandStepChanged 3786
20171223-23:59:0:135|Step_LSC|30002312|processHandleBroadcastAction action:android.intent.action.TIME_TICK
20171224-0:0:0:223|Step_LSC|30002312|onStandStepChanged 3786
20171224-0:0:0:232|Step_SPUtils|30002312|setDiffTotalSteps=0
20171224-0:0:0:234|Step_SPUtils|30002312|setTodayTotalDetailSteps=1514044740000##0##549659##8661##16256##33444553
20171224-0:0:0:240|Step_NotificationUtil|30002312|deleteHealthNotification() 
20171224-0:0:5:137|Step_LSC|30002312|onStandStepChanged 3786
20171224-0:0:6:149|Step_LSC|30002312|onExtend:1514044806000 0 0 0
20171224-0:3:0:124|Step_LSC|30002312|processHandleBroadcastAction action:android.intent.action.TIME_TICK
20171224-0:5:22:779|Step_ExtSDM|30002312|calculateCaloriesWithCache totalCalories=0
20171224-0:6:16:871|Step_ExtSDM|30002312|calculateCaloriesWithCache totalCalories=0
20171224-0:7:2:445|Step_ExtSDM|30002312|calculateCaloriesWithCache totalCalories=0
20171224-0:7:4:447|Step_ExtSDM|30002312|calculateAltitudeWithCache totalAltitude=0
20171224-0:7:21:138|Step_LSC|30002312|onStandStepChanged 3786
20171224-0:9:0:135|Step_LSC|30002312|processHandleBroadcastAction action:android.intent.action.TIME_TICK
20171224-0:9:6:137|Step_LSC|30002312|onStandStepChanged 3786
20171224-0:9:34:153|Step_LSC|30002312|onExtend:1514045374000 0 0 5
20171224-0:9:35:440|Step_SPUtils|30002312| getTodayTotalDetailSteps = 1514045280000##0##549659##8661##16256##34018758
20171224-0:10:9:438|Step_SPUtils|30002312| getTodayTotalDetailSteps = 1514045280000##0##549659##8661##16256##34019759
20171224-0:10:10:440|Step_SPUtils|30002312|setTodayTotalDetailSteps=1514045340000##0##549659##8661##16256##34054759
20171224-0:10:42:445|Step_ExtSDM|30002312|calculateCaloriesWithCache totalCalories=0
20171224-0:10:43:448|Step_ExtSDM|30002312|calculateAltitudeWithCache totalAltitude=0
20171224-0:11:56:454|Step_ExtSDM|30002312|calculateAltitudeWithCache totalAltitude=0
20171224-0:12:0:138|Step_LSC|30002312|processHandleBroadcastAction action:android.intent.action.TIME_TICK
20171224-0:15:53:286|Step_SPUtils|30002312|setTodayTotalDetailSteps=1514045640000##0##549659##8661##16256##34397604
20171224-0:20:0:128|Step_LSC|30002312|processHandleBroadcastAction action:android.intent.action.TIME_TICK
20171224-0:25:16:146|Step_LSC|30002312|onExtend:1514046316000 0 0 5
20171224-0:25:17:438|Step_SPUtils|30002312| getTodayTotalDetailSteps = 1514046240000##0##549659##8661##16256##34960758
20171224-0:28:25:151|Step_LSC|30002312|onStandStepChanged 3786
20171224-0:31:52:120|Step_LSC|30002312|processHandleBroadcastAction action:android.intent.action.TIME_TICK
20171224-0:32:28:804|HiH_|30002312|initDataPrivacy the dataPrivacy is true
20171224-0:38:23:301|Step_LSC|30002312|processHandleBroadcastAction action:android.intent.action.TIME_TICK
20171224-0:52:20:752|Step_LSC|30002312|processHandleBroadcastAction action:android.intent.action.TIME_TICK
20171224-1:2:35:789|Step_LSC|30002312|processHandleBroadcastAction action:android.intent.action.TIME_TICK