17/06/09 20:10:41 INFO spark.SecurityManager: Changing modify acls to: yarn,curi
17/06/09 20:10:41 INFO storage.MemoryStore: MemoryStore started with capacity 17.7 GB
17/06/09 20:10:42 INFO storage.BlockManagerMaster: Registered BlockManager
17/06/09 20:10:45 INFO executor.Executor: Running task 1.0 in stage 0.0 (TID 1)
17/06/09 20:10:46 INFO storage.MemoryStore: Block broadcast_9 stored as values in memory (estimated size 8.8 KB, free 14.0 KB)
17/06/09 20:10:46 INFO rdd.HadoopRDD: Input split: hdfs://10.10.34.11:9000/pjhe/logs/2kSOSP.log:14584+7292
17/06/09 20:10:46 INFO storage.MemoryStore: Block broadcast_8 stored as values in memory (estimated size 281.6 KB, free 317.0 KB)
17/06/09 20:10:48 INFO storage.MemoryStore: Block broadcast_0_piece0 stored as bytes in memory (estimated size 93.0 B, free 317.1 KB)
17/06/09 20:10:48 INFO broadcast.TorrentBroadcast: Started reading broadcast variable 3
17/06/09 20:10:48 INFO storage.MemoryStore: Block broadcast_1 stored as values in memory (estimated size 384.0 B, free 319.0 KB)
17/06/09 20:10:48 INFO python.PythonRunner: Times: total = 1074, boot = 869, init = 199, finish = 6
17/06/09 20:10:48 INFO storage.MemoryStore: Block rdd_2_4 stored as bytes in memory (estimated size 890.0 B, free 323.8 KB)
17/06/09 20:10:48 INFO executor.Executor: Finished task 1.0 in stage 0.0 (TID 1). 2703 bytes result sent to driver
17/06/09 20:10:52 INFO executor.Executor: Running task 1.0 in stage 1.0 (TID 56)
17/06/09 20:10:52 INFO executor.Executor: Running task 4.0 in stage 1.0 (TID 79)
17/06/09 20:10:52 INFO storage.BlockManager: Found block rdd_2_2 locally
17/06/09 20:10:52 INFO executor.Executor: Finished task 4.0 in stage 1.0 (TID 79). 2685 bytes result sent to driver
17/06/09 20:10:52 INFO executor.CoarseGrainedExecutorBackend: Got assigned task 101
17/06/09 20:10:52 INFO executor.CoarseGrainedExecutorBackend: Got assigned task 119
17/06/09 20:10:52 INFO storage.BlockManager: Found block rdd_2_2 locally
17/06/09 20:10:52 INFO python.PythonRunner: Times: total = 39, boot = -159, init = 198, finish = 0
17/06/09 20:10:53 INFO executor.Executor: Running task 0.0 in stage 3.0 (TID 122)
17/06/09 20:10:53 INFO broadcast.TorrentBroadcast: Started reading broadcast variable 12
17/06/09 20:10:53 INFO spark.CacheManager: Partition rdd_6_3 not found, computing it
17/06/09 20:10:53 INFO storage.BlockManager: Found block rdd_2_0 locally
17/06/09 20:10:53 INFO storage.MemoryStore: Block rdd_6_4 stored as bytes in memory (estimated size 287.0 B, free 369.5 KB)
17/06/09 20:10:53 INFO python.PythonRunner: Times: total = 41, boot = 19, init = 22, finish = 0
17/06/09 20:10:53 INFO executor.Executor: Finished task 0.0 in stage 3.0 (TID 122). 2667 bytes result sent to driver
17/06/09 20:10:53 INFO executor.Executor: Running task 2.0 in stage 4.0 (TID 195)
17/06/09 20:10:53 INFO storage.MemoryStore: Block broadcast_13 stored as values in memory (estimated size 10.1 KB, free 386.5 KB)
17/06/09 20:10:53 INFO python.PythonRunner: Times: total = 40, boot = -129, init = 169, finish = 0
17/06/09 20:10:53 INFO executor.Executor: Finished task 3.0 in stage 4.0 (TID 198). 2099 bytes result sent to driver
17/06/09 20:10:53 INFO executor.Executor: Running task 2.0 in stage 5.0 (TID 231)
17/06/09 20:10:53 INFO broadcast.TorrentBroadcast: Reading broadcast variable 14 took 12 ms
17/06/09 20:10:53 INFO python.PythonRunner: Times: total = 39, boot = -85, init = 123, finish = 1
17/06/09 20:10:53 INFO executor.Executor: Finished task 2.0 in stage 5.0 (TID 231). 2198 bytes result sent to driver
17/06/09 20:10:53 INFO executor.CoarseGrainedExecutorBackend: Got assigned task 273
17/06/09 20:10:53 INFO storage.MemoryStore: Block broadcast_15_piece0 stored as bytes in memory (estimated size 5.4 KB, free 407.4 KB)
17/06/09 20:10:53 INFO storage.BlockManager: Found block rdd_2_1 locally
17/06/09 20:10:53 INFO executor.Executor: Finished task 3.0 in stage 6.0 (TID 278). 2087 bytes result sent to driver
17/06/09 20:10:53 INFO executor.Executor: Running task 1.0 in stage 7.0 (TID 299)
17/06/09 20:10:53 INFO executor.Executor: Running task 4.0 in stage 7.0 (TID 319)
17/06/09 20:10:53 INFO spark.CacheManager: Partition rdd_11_2 not found, computing it
17/06/09 20:10:53 INFO python.PythonRunner: Times: total = 39, boot = -110, init = 149, finish = 0
17/06/09 20:10:53 INFO storage.MemoryStore: Block rdd_11_4 stored as bytes in memory (estimated size 145.0 B, free 432.4 KB)
17/06/09 20:10:54 INFO python.PythonRunner: Times: total = 41, boot = 17, init = 24, finish = 0
17/06/09 20:10:54 INFO executor.Executor: Running task 0.0 in stage 8.0 (TID 321)
17/06/09 20:10:54 INFO executor.Executor: Running task 3.0 in stage 8.0 (TID 358)
17/06/09 20:10:54 INFO storage.BlockManager: Found block rdd_11_4 locally
17/06/09 20:10:54 INFO python.PythonRunner: Times: total = 41, boot = -104, init = 144, finish = 1
17/06/09 20:10:54 INFO executor.CoarseGrainedExecutorBackend: Got assigned task 360
17/06/09 20:10:54 INFO broadcast.TorrentBroadcast: Started reading broadcast variable 18
17/06/09 20:10:54 INFO storage.BlockManager: Found block rdd_2_0 locally
17/06/09 20:10:54 INFO python.PythonRunner: Times: total = 41, boot = -75, init = 115, finish = 1
17/06/09 20:10:54 INFO executor.Executor: Finished task 4.0 in stage 9.0 (TID 399). 2239 bytes result sent to driver
17/06/09 20:10:54 INFO executor.CoarseGrainedExecutorBackend: Got assigned task 438
17/06/09 20:10:54 INFO storage.MemoryStore: Block broadcast_19 stored as values in memory (estimated size 9.2 KB, free 478.6 KB)
17/06/09 20:10:54 INFO python.PythonRunner: Times: total = 38, boot = -123, init = 161, finish = 0
17/06/09 20:10:54 INFO executor.Executor: Finished task 2.0 in stage 10.0 (TID 430). 2087 bytes result sent to driver
17/06/09 20:10:54 INFO executor.Executor: Running task 2.0 in stage 11.0 (TID 475)
17/06/09 20:10:54 INFO broadcast.TorrentBroadcast: Reading broadcast variable 20 took 15 ms
17/06/09 20:10:54 INFO storage.BlockManager: Found block rdd_2_0 locally
17/06/09 20:10:54 INFO python.PythonRunner: Times: total = 42, boot = -95, init = 137, finish = 0
17/06/09 20:10:54 INFO storage.MemoryStore: Block rdd_16_1 stored as bytes in memory (estimated size 351.0 B, free 387.4 KB)
17/06/09 20:10:54 INFO executor.Executor: Finished task 0.0 in stage 11.0 (TID 450). 2667 bytes result sent to driver
17/06/09 20:10:54 INFO executor.Executor: Running task 1.0 in stage 12.0 (TID 494)
17/06/09 20:10:54 INFO executor.Executor: Running task 4.0 in stage 12.0 (TID 519)
17/06/09 20:10:54 INFO storage.BlockManager: Found block rdd_16_2 locally
17/06/09 20:10:55 INFO executor.Executor: Finished task 0.0 in stage 12.0 (TID 480). 2155 bytes result sent to driver
17/06/09 20:10:55 INFO executor.CoarseGrainedExecutorBackend: Got assigned task 542
17/06/09 20:10:55 INFO executor.CoarseGrainedExecutorBackend: Got assigned task 559
17/06/09 20:10:55 INFO storage.BlockManager: Found block rdd_2_3 locally
17/06/09 20:10:55 INFO python.PythonRunner: Times: total = 40, boot = -74, init = 113, finish = 1
17/06/09 20:10:55 INFO executor.Executor: Running task 0.0 in stage 14.0 (TID 562)
17/06/09 20:10:55 INFO executor.Executor: Running task 3.0 in stage 14.0 (TID 598)
17/06/09 20:10:55 INFO storage.BlockManager: Found block rdd_2_4 locally
17/06/09 20:10:55 INFO python.PythonRunner: Times: total = 38, boot = -82, init = 120, finish = 0
17/06/09 20:10:55 INFO executor.CoarseGrainedExecutorBackend: Got assigned task 612
17/06/09 20:10:55 INFO executor.Executor: Running task 3.0 in stage 15.0 (TID 638)
17/06/09 20:10:55 INFO spark.CacheManager: Partition rdd_21_1 not found, computing it
17/06/09 20:10:55 INFO storage.BlockManager: Found block rdd_2_3 locally
17/06/09 20:10:55 INFO python.PythonRunner: Times: total = 40, boot = -95, init = 135, finish = 0
17/06/09 20:10:55 INFO python.PythonRunner: Times: total = 39, boot = 20, init = 19, finish = 0
17/06/09 20:10:55 INFO executor.Executor: Finished task 2.0 in stage 15.0 (TID 636). 2667 bytes result sent to driver
17/06/09 20:10:55 INFO executor.Executor: Running task 2.0 in stage 16.0 (TID 671)
17/06/09 20:10:55 INFO broadcast.TorrentBroadcast: Reading broadcast variable 25 took 11 ms
17/06/09 20:10:55 INFO python.PythonRunner: Times: total = 39, boot = -104, init = 143, finish = 0
17/06/09 20:10:55 INFO executor.Executor: Finished task 4.0 in stage 16.0 (TID 679). 2163 bytes result sent to driver
17/06/09 20:10:55 INFO executor.CoarseGrainedExecutorBackend: Got assigned task 716
17/06/09 20:10:55 INFO storage.MemoryStore: Block broadcast_26_piece0 stored as bytes in memory (estimated size 5.8 KB, free 379.9 KB)
17/06/09 20:10:55 INFO storage.BlockManager: Found block rdd_2_1 locally
17/06/09 20:10:55 INFO executor.Executor: Finished task 0.0 in stage 17.0 (TID 692). 2156 bytes result sent to driver
17/06/09 20:10:55 INFO executor.Executor: Running task 1.0 in stage 18.0 (TID 736)
17/06/09 20:10:55 INFO executor.Executor: Running task 4.0 in stage 18.0 (TID 759)
17/06/09 20:10:55 INFO storage.BlockManager: Found block rdd_2_2 locally
17/06/09 20:10:56 INFO executor.Executor: Finished task 0.0 in stage 18.0 (TID 722). 2087 bytes result sent to driver
17/06/09 20:10:56 INFO executor.CoarseGrainedExecutorBackend: Got assigned task 776
17/06/09 20:10:56 INFO executor.CoarseGrainedExecutorBackend: Got assigned task 799
17/06/09 20:10:56 INFO spark.CacheManager: Partition rdd_26_3 not found, computing it
17/06/09 20:10:56 INFO storage.BlockManager: Found block rdd_2_1 locally
17/06/09 20:10:56 INFO python.PythonRunner: Times: total = 41, boot = -67, init = 107, finish = 1
17/06/09 20:10:56 INFO python.PythonRunner: Times: total = 41, boot = 23, init = 18, finish = 0
17/06/09 20:10:56 INFO executor.CoarseGrainedExecutorBackend: Got assigned task 807
17/06/09 20:10:56 INFO broadcast.TorrentBroadcast: Started reading broadcast variable 29
17/06/09 20:10:56 INFO storage.BlockManager: Found block rdd_26_0 locally
17/06/09 20:10:56 INFO python.PythonRunner: Times: total = 39, boot = -126, init = 165, finish = 0
17/06/09 20:10:56 INFO executor.Executor: Finished task 2.0 in stage 20.0 (TID 833). 2076 bytes result sent to driver
17/06/09 20:10:56 INFO executor.CoarseGrainedExecutorBackend: Got assigned task 878
17/06/09 20:10:56 INFO storage.MemoryStore: Block broadcast_30 stored as values in memory (estimated size 9.7 KB, free 389.7 KB)
17/06/09 20:10:56 INFO python.PythonRunner: Times: total = 39, boot = -59, init = 98, finish = 0
17/06/09 20:10:56 INFO executor.Executor: Finished task 4.0 in stage 21.0 (TID 879). 2333 bytes result sent to driver
17/06/09 20:10:56 INFO executor.Executor: Running task 2.0 in stage 22.0 (TID 912)
17/06/09 20:10:56 INFO broadcast.TorrentBroadcast: Reading broadcast variable 31 took 8 ms
17/06/09 20:10:56 INFO storage.BlockManager: Found block rdd_2_0 locally
17/06/09 20:10:56 INFO storage.MemoryStore: Block rdd_30_0 stored as bytes in memory (estimated size 324.0 B, free 405.4 KB)
17/06/09 20:10:56 INFO storage.MemoryStore: Block rdd_30_3 stored as bytes in memory (estimated size 251.0 B, free 406.3 KB)
17/06/09 20:10:56 INFO executor.Executor: Finished task 1.0 in stage 22.0 (TID 900). 2667 bytes result sent to driver
17/06/09 20:10:56 INFO executor.Executor: Running task 1.0 in stage 23.0 (TID 940)
17/06/09 20:10:56 INFO executor.Executor: Running task 4.0 in stage 23.0 (TID 959)
17/06/09 20:10:56 INFO storage.BlockManager: Found block rdd_30_1 locally
17/06/09 20:10:56 INFO executor.Executor: Finished task 0.0 in stage 23.0 (TID 926). 2211 bytes result sent to driver
17/06/09 20:10:57 INFO executor.CoarseGrainedExecutorBackend: Got assigned task 984
17/06/09 20:10:57 INFO executor.Executor: Running task 4.0 in stage 24.0 (TID 1026)
17/06/09 20:10:57 INFO storage.BlockManager: Found block rdd_6_2 locally
17/06/09 20:10:57 INFO output.FileOutputCommitter: File Output Committer Algorithm version is 1
17/06/09 20:10:57 INFO output.FileOutputCommitter: Saved output of task 'attempt_201706092018_0024_m_000004_1026' to hdfs://10.10.34.11:9000/pjhe/test/1/_temporary/0/task_201706092018_0024_m_000004
17/06/09 20:10:57 INFO mapred.SparkHadoopMapRedUtil: attempt_201706092018_0024_m_000001_984: Committed
17/06/09 20:10:57 INFO executor.CoarseGrainedExecutorBackend: Got assigned task 1125
17/06/09 20:10:57 INFO executor.Executor: Running task 43.0 in stage 24.0 (TID 1128)
17/06/09 20:10:57 INFO storage.BlockManager: Found block rdd_11_4 locally
17/06/09 20:10:57 INFO python.PythonRunner: Times: total = 38, boot = -405, init = 443, finish = 0
17/06/09 20:10:57 INFO output.FileOutputCommitter: Saved output of task 'attempt_201706092018_0024_m_000040_1125' to hdfs://10.10.34.11:9000/pjhe/test/1/_temporary/0/task_201706092018_0024_m_000040
17/06/09 20:10:57 INFO executor.Executor: Finished task 44.0 in stage 24.0 (TID 1129). 2364 bytes result sent to driver
17/06/09 20:10:57 INFO executor.CoarseGrainedExecutorBackend: Got assigned task 1136
17/06/09 20:10:57 INFO executor.Executor: Running task 84.0 in stage 24.0 (TID 1141)
17/06/09 20:10:57 INFO output.FileOutputCommitter: File Output Committer Algorithm version is 1
17/06/09 20:10:57 INFO python.PythonRunner: Times: total = 42, boot = -81, init = 122, finish = 1
17/06/09 20:10:58 INFO mapred.SparkHadoopMapRedUtil: attempt_201706092018_0024_m_000080_1135: Committed
17/06/09 20:10:58 INFO executor.Executor: Finished task 80.0 in stage 24.0 (TID 1135). 2364 bytes result sent to driver
17/06/09 20:10:58 INFO executor.CoarseGrainedExecutorBackend: Got assigned task 1147
17/06/09 20:10:58 INFO storage.BlockManager: Found block rdd_21_1 locally
17/06/09 20:10:58 INFO mapred.SparkHadoopMapRedUtil: attempt_201706092018_0024_m_000124_1151: Committed
17/06/09 20:10:58 INFO executor.Executor: Running task 160.0 in stage 24.0 (TID 1155)
17/06/09 20:10:58 INFO output.FileOutputCommitter: Saved output of task 'attempt_201706092018_0024_m_000122_1147' to hdfs://10.10.34.11:9000/pjhe/test/1/_temporary/0/task_201706092018_0024_m_000122
17/06/09 20:10:58 INFO executor.Executor: Finished task 121.0 in stage 24.0 (TID 1146). 2364 bytes result sent to driver
17/06/09 20:10:58 INFO executor.Executor: Running task 162.0 in stage 24.0 (TID 1157)
17/06/09 20:10:58 INFO storage.BlockManager: Found block rdd_26_1 locally
17/06/09 20:10:58 INFO python.PythonRunner: Times: total = 38, boot = -45, init = 83, finish = 0
17/06/09 20:10:58 INFO mapred.SparkHadoopMapRedUtil: attempt_201706092018_0024_m_000164_1159: Committed
17/06/09 20:10:58 INFO output.FileOutputCommitter: Saved output of task 'attempt_201706092018_0024_m_000162_1157' to hdfs://10.10.34.11:9000/pjhe/test/1/_temporary/0/task_201706092018_0024_m_000162
17/06/09 20:10:58 INFO executor.CoarseGrainedExecutorBackend: Got assigned task 1180
17/06/09 20:10:58 INFO executor.CoarseGrainedExecutorBackend: Got assigned task 1199
17/06/09 20:10:58 INFO storage.BlockManager: Found block rdd_30_3 locally
17/06/09 20:10:59 INFO python.PythonRunner: Times: total = 38, boot = -727, init = 765, finish = 0
17/06/09 20:10:59 INFO output.FileOutputCommitter: Saved output of task 'attempt_201706092018_0025_m_000004_1199' to hdfs://10.10.34.11:9000/pjhe/test/2/_temporary/0/task_201706092018_0025_m_000004
17/06/09 20:10:59 INFO output.FileOutputCommitter: Saved output of task 'attempt_201706092018_0025_m_000002_1194' to hdfs://10.10.34.11:9000/pjhe/test/2/_temporary/0/task_201706092018_0025_m_000002
17/06/09 20:10:59 INFO executor.Executor: Finished task 1.0 in stage 25.0 (TID 1180). 2364 bytes result sent to driver
17/06/09 20:11:07 INFO executor.CoarseGrainedExecutorBackend: Got assigned task 1203
17/06/09 20:11:07 INFO storage.MemoryStore: Block broadcast_37 stored as values in memory (estimated size 8.8 KB, free 500.9 KB)
17/06/09 20:11:07 INFO rdd.HadoopRDD: Input split: hdfs://10.10.34.11:9000/pjhe/logs/2kSOSP.log:21876+7292
17/06/09 20:11:07 INFO storage.MemoryStore: Block broadcast_36 stored as values in memory (estimated size 281.6 KB, free 803.9 KB)
17/06/09 20:11:07 INFO storage.MemoryStore: Block rdd_42_4 stored as bytes in memory (estimated size 890.0 B, free 805.7 KB)
17/06/09 20:11:07 INFO executor.Executor: Running task 5.0 in stage 26.0 (TID 1205)
17/06/09 20:11:07 INFO executor.Executor: Finished task 4.0 in stage 26.0 (TID 1204). 2703 bytes result sent to driver
17/06/09 20:11:07 INFO executor.Executor: Running task 7.0 in stage 26.0 (TID 1207)
17/06/09 20:11:07 INFO spark.CacheManager: Partition rdd_42_7 not found, computing it
17/06/09 20:11:08 INFO storage.MemoryStore: Block rdd_42_5 stored as bytes in memory (estimated size 930.0 B, free 809.3 KB)
17/06/09 20:11:08 INFO storage.MemoryStore: Block rdd_42_8 stored as bytes in memory (estimated size 869.0 B, free 811.6 KB)
17/06/09 20:11:08 INFO rdd.HadoopRDD: Input split: hdfs://10.10.34.11:9000/pjhe/logs/2kSOSP.log:72920+7292
17/06/09 20:11:08 INFO python.PythonRunner: Times: total = 42, boot = 22, init = 19, finish = 1
17/06/09 20:11:08 INFO executor.Executor: Running task 13.0 in stage 26.0 (TID 1213)
17/06/09 20:11:08 INFO spark.CacheManager: Partition rdd_42_13 not found, computing it
17/06/09 20:11:08 INFO storage.MemoryStore: Block rdd_42_11 stored as bytes in memory (estimated size 920.0 B, free 814.0 KB)
17/06/09 20:11:08 INFO python.PythonRunner: Times: total = 42, boot = 17, init = 24, finish = 1
17/06/09 20:11:08 INFO python.PythonRunner: Times: total = 39, boot = 20, init = 18, finish = 1
17/06/09 20:11:08 INFO python.PythonRunner: Times: total = 39, boot = 24, init = 14, finish = 1
17/06/09 20:11:08 INFO rdd.HadoopRDD: Input split: hdfs://10.10.34.11:9000/pjhe/logs/2kSOSP.log:123964+7292
17/06/09 20:11:08 INFO spark.CacheManager: Partition rdd_42_19 not found, computing it
17/06/09 20:11:08 INFO storage.MemoryStore: Block rdd_42_17 stored as bytes in memory (estimated size 836.0 B, free 819.0 KB)
17/06/09 20:11:08 INFO executor.CoarseGrainedExecutorBackend: Got assigned task 1220
17/06/09 20:11:08 INFO executor.Executor: Finished task 17.0 in stage 26.0 (TID 1217). 2701 bytes result sent to driver
17/06/09 20:11:08 INFO spark.CacheManager: Partition rdd_42_22 not found, computing it
17/06/09 20:11:08 INFO executor.Executor: Running task 23.0 in stage 26.0 (TID 1223)
17/06/09 20:11:08 INFO python.PythonRunner: Times: total = 47, boot = 5, init = 37, finish = 5
17/06/09 20:11:08 INFO python.PythonRunner: Times: total = 54, boot = 8, init = 41, finish = 5
17/06/09 20:11:08 INFO spark.CacheManager: Partition rdd_42_25 not found, computing it
17/06/09 20:11:08 INFO executor.Executor: Running task 26.0 in stage 26.0 (TID 1226)
17/06/09 20:11:08 INFO spark.CacheManager: Partition rdd_42_27 not found, computing it
17/06/09 20:11:08 INFO executor.Executor: Running task 29.0 in stage 26.0 (TID 1229)
17/06/09 20:11:08 INFO python.PythonRunner: Times: total = 52, boot = 7, init = 40, finish = 5
17/06/09 20:11:08 INFO storage.MemoryStore: Block rdd_42_28 stored as bytes in memory (estimated size 901.0 B, free 828.5 KB)
17/06/09 20:11:08 INFO python.PythonRunner: Times: total = 38, boot = 34, init = 4, finish = 0
17/06/09 20:11:08 INFO executor.Executor: Running task 32.0 in stage 26.0 (TID 1232)
17/06/09 20:11:08 INFO executor.Executor: Finished task 28.0 in stage 26.0 (TID 1228). 2705 bytes result sent to driver
17/06/09 20:11:08 INFO rdd.HadoopRDD: Input split: hdfs://10.10.34.11:9000/pjhe/logs/2kSOSP.log:247928+7292
17/06/09 20:11:08 INFO storage.MemoryStore: Block rdd_42_31 stored as bytes in memory (estimated size 827.0 B, free 831.1 KB)
17/06/09 20:11:08 INFO python.PythonRunner: Times: total = 50, boot = 2, init = 43, finish = 5
17/06/09 20:11:08 INFO executor.Executor: Finished task 32.0 in stage 26.0 (TID 1232). 2703 bytes result sent to driver
17/06/09 20:11:08 INFO rdd.HadoopRDD: Input split: hdfs://10.10.34.11:9000/pjhe/logs/2kSOSP.log:262512+7292
17/06/09 20:11:08 INFO executor.CoarseGrainedExecutorBackend: Got assigned task 1238
17/06/09 20:11:08 INFO spark.CacheManager: Partition rdd_42_39 not found, computing it
17/06/09 20:11:08 INFO python.PythonRunner: Times: total = 41, boot = 9, init = 31, finish = 1
17/06/09 20:11:08 INFO python.PythonRunner: Times: total = 42, boot = 22, init = 19, finish = 1
17/06/09 20:11:08 INFO executor.CoarseGrainedExecutorBackend: Got assigned task 1240
17/06/09 20:11:08 INFO executor.CoarseGrainedExecutorBackend: Got assigned task 1243
17/06/09 20:11:08 INFO storage.BlockManager: Found block rdd_42_0 locally
17/06/09 20:11:08 INFO executor.Executor: Finished task 0.0 in stage 27.0 (TID 1240). 2474 bytes result sent to driver
17/06/09 20:11:08 INFO executor.Executor: Running task 5.0 in stage 27.0 (TID 1245)
17/06/09 20:11:08 INFO storage.BlockManager: Found block rdd_42_5 locally
17/06/09 20:11:09 INFO storage.BlockManager: Found block rdd_42_8 locally
17/06/09 20:11:09 INFO executor.CoarseGrainedExecutorBackend: Got assigned task 1250
17/06/09 20:11:09 INFO executor.Executor: Finished task 9.0 in stage 27.0 (TID 1249). 2427 bytes result sent to driver
17/06/09 20:11:09 INFO executor.CoarseGrainedExecutorBackend: Got assigned task 1254
17/06/09 20:11:09 INFO executor.Executor: Finished task 10.0 in stage 27.0 (TID 1250). 2667 bytes result sent to driver
17/06/09 20:11:09 INFO executor.Executor: Finished task 12.0 in stage 27.0 (TID 1252). 2486 bytes result sent to driver
17/06/09 20:11:09 INFO executor.Executor: Finished task 13.0 in stage 27.0 (TID 1253). 2522 bytes result sent to driver
17/06/09 20:11:09 INFO storage.BlockManager: Found block rdd_42_17 locally
17/06/09 20:11:09 INFO executor.Executor: Running task 20.0 in stage 27.0 (TID 1260)
17/06/09 20:11:09 INFO executor.Executor: Finished task 19.0 in stage 27.0 (TID 1259). 2517 bytes result sent to driver
17/06/09 20:11:09 INFO storage.BlockManager: Found block rdd_42_21 locally
17/06/09 20:11:09 INFO python.PythonRunner: Times: total = 40, boot = 17, init = 22, finish = 1
17/06/09 20:11:09 INFO python.PythonRunner: Times: total = 41, boot = 11, init = 29, finish = 1
17/06/09 20:11:09 INFO executor.Executor: Finished task 23.0 in stage 27.0 (TID 1263). 2385 bytes result sent to driver
17/06/09 20:11:09 INFO executor.Executor: Running task 29.0 in stage 27.0 (TID 1269)
17/06/09 20:11:09 INFO python.PythonRunner: Times: total = 42, boot = 34, init = 7, finish = 1
17/06/09 20:11:09 INFO executor.CoarseGrainedExecutorBackend: Got assigned task 1271
17/06/09 20:11:09 INFO storage.BlockManager: Found block rdd_42_32 locally
17/06/09 20:11:09 INFO storage.BlockManager: Found block rdd_42_34 locally
17/06/09 20:11:09 INFO executor.Executor: Finished task 33.0 in stage 27.0 (TID 1273). 2592 bytes result sent to driver
17/06/09 20:11:09 INFO executor.Executor: Running task 37.0 in stage 27.0 (TID 1277)
17/06/09 20:11:09 INFO python.PythonRunner: Times: total = 41, boot = 11, init = 29, finish = 1
17/06/09 20:11:09 INFO executor.Executor: Finished task 35.0 in stage 27.0 (TID 1275). 2430 bytes result sent to driver
17/06/09 20:11:09 INFO executor.Executor: Finished task 39.0 in stage 27.0 (TID 1279). 2267 bytes result sent to driver
17/06/09 20:11:09 INFO executor.CoarseGrainedExecutorBackend: Got assigned task 1283
17/06/09 20:11:10 INFO storage.MemoryStore: Block broadcast_39 stored as values in memory (estimated size 9.2 KB, free 868.3 KB)
17/06/09 20:11:10 INFO python.PythonRunner: Times: total = 38, boot = -784, init = 822, finish = 0
17/06/09 20:11:10 INFO executor.CoarseGrainedExecutorBackend: Got assigned task 1285
17/06/09 20:11:10 INFO executor.Executor: Running task 7.0 in stage 28.0 (TID 1287)
17/06/09 20:11:10 INFO storage.BlockManager: Found block rdd_42_7 locally
17/06/09 20:11:10 INFO executor.Executor: Finished task 5.0 in stage 28.0 (TID 1285). 2087 bytes result sent to driver
17/06/09 20:11:10 INFO executor.Executor: Running task 11.0 in stage 28.0 (TID 1291)
17/06/09 20:11:10 INFO executor.Executor: Running task 13.0 in stage 28.0 (TID 1293)
17/06/09 20:11:10 INFO python.PythonRunner: Times: total = 40, boot = 21, init = 19, finish = 0
17/06/09 20:11:10 INFO executor.Executor: Finished task 11.0 in stage 28.0 (TID 1291). 2087 bytes result sent to driver
17/06/09 20:11:10 INFO storage.BlockManager: Found block rdd_42_15 locally
17/06/09 20:11:10 INFO executor.CoarseGrainedExecutorBackend: Got assigned task 1299
17/06/09 20:11:10 INFO executor.Executor: Finished task 15.0 in stage 28.0 (TID 1295). 2087 bytes result sent to driver
17/06/09 20:11:10 INFO python.PythonRunner: Times: total = 42, boot = 16, init = 25, finish = 1
17/06/09 20:11:10 INFO executor.CoarseGrainedExecutorBackend: Got assigned task 1303
17/06/09 20:11:10 INFO storage.BlockManager: Found block rdd_42_23 locally
17/06/09 20:11:10 INFO executor.Executor: Running task 25.0 in stage 28.0 (TID 1305)
17/06/09 20:11:10 INFO executor.Executor: Running task 27.0 in stage 28.0 (TID 1307)
17/06/09 20:11:10 INFO storage.BlockManager: Found block rdd_42_27 locally
17/06/09 20:11:10 INFO executor.Executor: Finished task 25.0 in stage 28.0 (TID 1305). 2087 bytes result sent to driver
17/06/09 20:11:10 INFO python.PythonRunner: Times: total = 40, boot = 26, init = 14, finish = 0
17/06/09 20:11:10 INFO storage.BlockManager: Found block rdd_42_31 locally
17/06/09 20:11:10 INFO storage.BlockManager: Found block rdd_42_33 locally
17/06/09 20:11:10 INFO executor.CoarseGrainedExecutorBackend: Got assigned task 1315
17/06/09 20:11:10 INFO executor.Executor: Finished task 33.0 in stage 28.0 (TID 1313). 2087 bytes result sent to driver
17/06/09 20:11:10 INFO executor.Executor: Running task 38.0 in stage 28.0 (TID 1318)
17/06/09 20:11:10 INFO python.PythonRunner: Times: total = 41, boot = 19, init = 22, finish = 0
17/06/09 20:11:10 INFO executor.Executor: Finished task 38.0 in stage 28.0 (TID 1318). 2087 bytes result sent to driver
17/06/09 20:11:10 INFO executor.Executor: Running task 2.0 in stage 29.0 (TID 1322)
17/06/09 20:11:10 INFO broadcast.TorrentBroadcast: Reading broadcast variable 40 took 10 ms
17/06/09 20:11:10 INFO python.PythonRunner: Times: total = 40, boot = -79, init = 118, finish = 1
17/06/09 20:11:10 INFO executor.Executor: Finished task 0.0 in stage 29.0 (TID 1320). 2128 bytes result sent to driver
17/06/09 20:11:10 INFO executor.CoarseGrainedExecutorBackend: Got assigned task 1327
17/06/09 20:11:10 INFO storage.BlockManager: Found block rdd_42_7 locally
17/06/09 20:11:10 INFO python.PythonRunner: Times: total = 41, boot = 19, init = 21, finish = 1
17/06/09 20:11:10 INFO executor.CoarseGrainedExecutorBackend: Got assigned task 1330
17/06/09 20:11:10 INFO executor.Executor: Running task 13.0 in stage 29.0 (TID 1333)
17/06/09 20:11:10 INFO storage.BlockManager: Found block rdd_42_13 locally
17/06/09 20:11:10 INFO python.PythonRunner: Times: total = 43, boot = 15, init = 27, finish = 1
17/06/09 20:11:10 INFO executor.Executor: Finished task 13.0 in stage 29.0 (TID 1333). 2171 bytes result sent to driver
17/06/09 20:11:10 INFO executor.Executor: Running task 19.0 in stage 29.0 (TID 1339)
17/06/09 20:11:11 INFO python.PythonRunner: Times: total = 39, boot = 18, init = 20, finish = 1
17/06/09 20:11:11 INFO executor.CoarseGrainedExecutorBackend: Got assigned task 1340
17/06/09 20:11:11 INFO executor.CoarseGrainedExecutorBackend: Got assigned task 1343
17/06/09 20:11:11 INFO storage.BlockManager: Found block rdd_42_23 locally
17/06/09 20:11:11 INFO executor.Executor: Finished task 22.0 in stage 29.0 (TID 1342). 2171 bytes result sent to driver
17/06/09 20:11:11 INFO executor.CoarseGrainedExecutorBackend: Got assigned task 1346
17/06/09 20:11:11 INFO executor.CoarseGrainedExecutorBackend: Got assigned task 1349
17/06/09 20:11:11 INFO python.PythonRunner: Times: total = 38, boot = 18, init = 20, finish = 0
17/06/09 20:11:11 INFO executor.CoarseGrainedExecutorBackend: Got assigned task 1350
17/06/09 20:11:11 INFO executor.CoarseGrainedExecutorBackend: Got assigned task 1353
