17/06/09 20:10:40 INFO spark.SecurityManager: Changing view acls to: yarn,curi
17/06/09 20:10:41 INFO Remoting: Starting remoting
17/06/09 20:10:42 INFO executor.Executor: Starting executor ID 5 on host mesos-slave-07
17/06/09 20:10:45 INFO executor.CoarseGrainedExecutorBackend: Got assigned task 2
17/06/09 20:10:45 INFO executor.Executor: Running task 4.0 in stage 0.0 (TID 4)
17/06/09 20:10:46 INFO spark.CacheManager: Partition rdd_2_0 not found, computing it
17/06/09 20:10:46 INFO rdd.HadoopRDD: Input split: hdfs://10.10.34.11:9000/pjhe/logs/2kSOSP.log:29168+7292
17/06/09 20:10:47 INFO Configuration.deprecation: mapred.task.is.map is deprecated. Instead, use mapreduce.task.ismap
17/06/09 20:10:48 INFO broadcast.TorrentBroadcast: Started reading broadcast variable 4
17/06/09 20:10:48 INFO storage.MemoryStore: Block broadcast_3 stored as values in memory (estimated size 384.0 B, free 318.5 KB)
17/06/09 20:10:48 INFO broadcast.TorrentBroadcast: Reading broadcast variable 2 took 16 ms
17/06/09 20:10:48 INFO storage.MemoryStore: Block rdd_2_2 stored as bytes in memory (estimated size 850.0 B, free 320.3 KB)
17/06/09 20:10:48 INFO python.PythonRunner: Times: total = 41, boot = 15, init = 26, finish = 0
17/06/09 20:10:48 INFO executor.Executor: Finished task 0.0 in stage 0.0 (TID 0). 2703 bytes result sent to driver
17/06/09 20:10:52 INFO executor.Executor: Running task 2.0 in stage 1.0 (TID 69)
17/06/09 20:10:52 INFO storage.MemoryStore: Block broadcast_10 stored as values in memory (estimated size 9.6 KB, free 339.2 KB)
17/06/09 20:10:52 INFO python.PythonRunner: Times: total = 41, boot = -4122, init = 4162, finish = 1
17/06/09 20:10:52 INFO executor.Executor: Finished task 3.0 in stage 1.0 (TID 78). 2651 bytes result sent to driver
17/06/09 20:10:52 INFO executor.Executor: Running task 2.0 in stage 2.0 (TID 112)
17/06/09 20:10:52 INFO broadcast.TorrentBroadcast: Reading broadcast variable 11 took 15 ms
17/06/09 20:10:52 INFO python.PythonRunner: Times: total = 39, boot = -147, init = 186, finish = 0
17/06/09 20:10:52 INFO executor.Executor: Finished task 3.0 in stage 2.0 (TID 118). 2087 bytes result sent to driver
17/06/09 20:10:53 INFO executor.CoarseGrainedExecutorBackend: Got assigned task 150
17/06/09 20:10:53 INFO storage.MemoryStore: Block broadcast_12_piece0 stored as bytes in memory (estimated size 5.6 KB, free 359.4 KB)
17/06/09 20:10:53 INFO spark.CacheManager: Partition rdd_6_2 not found, computing it
17/06/09 20:10:53 INFO python.PythonRunner: Times: total = 41, boot = -171, init = 212, finish = 0
17/06/09 20:10:53 INFO storage.MemoryStore: Block rdd_6_2 stored as bytes in memory (estimated size 252.0 B, free 370.4 KB)
17/06/09 20:10:53 INFO executor.Executor: Finished task 3.0 in stage 3.0 (TID 158). 2667 bytes result sent to driver
17/06/09 20:10:53 INFO executor.CoarseGrainedExecutorBackend: Got assigned task 185
17/06/09 20:10:53 INFO executor.CoarseGrainedExecutorBackend: Got assigned task 199
17/06/09 20:10:53 INFO storage.BlockManager: Found block rdd_6_3 locally
17/06/09 20:10:53 INFO python.PythonRunner: Times: total = 42, boot = -125, init = 166, finish = 1
17/06/09 20:10:53 INFO executor.Executor: Running task 0.0 in stage 5.0 (TID 206)
17/06/09 20:10:53 INFO executor.Executor: Running task 3.0 in stage 5.0 (TID 238)
17/06/09 20:10:53 INFO storage.BlockManager: Found block rdd_2_4 locally
17/06/09 20:10:53 INFO python.PythonRunner: Times: total = 40, boot = -78, init = 117, finish = 1
17/06/09 20:10:53 INFO executor.CoarseGrainedExecutorBackend: Got assigned task 247
17/06/09 20:10:53 INFO executor.CoarseGrainedExecutorBackend: Got assigned task 278
17/06/09 20:10:53 INFO storage.BlockManager: Found block rdd_2_0 locally
17/06/09 20:10:53 INFO python.PythonRunner: Times: total = 42, boot = -99, init = 141, finish = 0
17/06/09 20:10:53 INFO executor.Executor: Finished task 1.0 in stage 6.0 (TID 261). 2087 bytes result sent to driver
17/06/09 20:10:53 INFO executor.CoarseGrainedExecutorBackend: Got assigned task 318
17/06/09 20:10:53 INFO storage.MemoryStore: Block broadcast_16 stored as values in memory (estimated size 9.8 KB, free 432.0 KB)
17/06/09 20:10:53 INFO storage.BlockManager: Found block rdd_2_4 locally
17/06/09 20:10:53 INFO python.PythonRunner: Times: total = 41, boot = -107, init = 148, finish = 0
17/06/09 20:10:54 INFO python.PythonRunner: Times: total = 38, boot = 17, init = 21, finish = 0
17/06/09 20:10:54 INFO executor.Executor: Finished task 4.0 in stage 7.0 (TID 319). 2667 bytes result sent to driver
17/06/09 20:10:54 INFO executor.CoarseGrainedExecutorBackend: Got assigned task 349
17/06/09 20:10:54 INFO storage.MemoryStore: Block broadcast_17_piece0 stored as bytes in memory (estimated size 5.7 KB, free 438.5 KB)
17/06/09 20:10:54 INFO storage.BlockManager: Found block rdd_11_1 locally
17/06/09 20:10:54 INFO executor.Executor: Finished task 2.0 in stage 8.0 (TID 349). 2141 bytes result sent to driver
17/06/09 20:10:54 INFO executor.Executor: Running task 1.0 in stage 9.0 (TID 374)
17/06/09 20:10:54 INFO executor.Executor: Running task 4.0 in stage 9.0 (TID 399)
17/06/09 20:10:54 INFO storage.BlockManager: Found block rdd_2_2 locally
17/06/09 20:10:54 INFO executor.Executor: Finished task 0.0 in stage 9.0 (TID 360). 2239 bytes result sent to driver
17/06/09 20:10:54 INFO executor.CoarseGrainedExecutorBackend: Got assigned task 416
17/06/09 20:10:54 INFO executor.CoarseGrainedExecutorBackend: Got assigned task 439
17/06/09 20:10:54 INFO storage.BlockManager: Found block rdd_2_3 locally
17/06/09 20:10:54 INFO python.PythonRunner: Times: total = 41, boot = -115, init = 155, finish = 1
17/06/09 20:10:54 INFO executor.Executor: Running task 0.0 in stage 11.0 (TID 450)
17/06/09 20:10:54 INFO executor.Executor: Running task 3.0 in stage 11.0 (TID 478)
17/06/09 20:10:54 INFO spark.CacheManager: Partition rdd_16_4 not found, computing it
17/06/09 20:10:54 INFO storage.BlockManager: Found block rdd_2_2 locally
17/06/09 20:10:54 INFO storage.MemoryStore: Block rdd_16_4 stored as bytes in memory (estimated size 263.0 B, free 386.4 KB)
17/06/09 20:10:54 INFO python.PythonRunner: Times: total = 40, boot = 20, init = 20, finish = 0
17/06/09 20:10:54 INFO executor.Executor: Finished task 1.0 in stage 11.0 (TID 464). 2667 bytes result sent to driver
17/06/09 20:10:54 INFO executor.Executor: Running task 2.0 in stage 12.0 (TID 508)
17/06/09 20:10:54 INFO storage.MemoryStore: Block broadcast_21 stored as values in memory (estimated size 10.1 KB, free 403.2 KB)
17/06/09 20:10:55 INFO python.PythonRunner: Times: total = 40, boot = -157, init = 197, finish = 0
17/06/09 20:10:55 INFO executor.Executor: Finished task 1.0 in stage 12.0 (TID 494). 2105 bytes result sent to driver
17/06/09 20:10:55 INFO executor.Executor: Running task 2.0 in stage 13.0 (TID 553)
17/06/09 20:10:55 INFO broadcast.TorrentBroadcast: Reading broadcast variable 22 took 11 ms
17/06/09 20:10:55 INFO python.PythonRunner: Times: total = 39, boot = -76, init = 114, finish = 1
17/06/09 20:10:55 INFO executor.Executor: Finished task 2.0 in stage 13.0 (TID 553). 2241 bytes result sent to driver
17/06/09 20:10:55 INFO executor.CoarseGrainedExecutorBackend: Got assigned task 590
17/06/09 20:10:55 INFO storage.MemoryStore: Block broadcast_23_piece0 stored as bytes in memory (estimated size 5.4 KB, free 378.2 KB)
17/06/09 20:10:55 INFO storage.BlockManager: Found block rdd_2_1 locally
17/06/09 20:10:55 INFO executor.Executor: Finished task 2.0 in stage 14.0 (TID 590). 2087 bytes result sent to driver
17/06/09 20:10:55 INFO executor.Executor: Running task 1.0 in stage 15.0 (TID 626)
17/06/09 20:10:55 INFO broadcast.TorrentBroadcast: Started reading broadcast variable 24
17/06/09 20:10:55 INFO spark.CacheManager: Partition rdd_21_2 not found, computing it
17/06/09 20:10:55 INFO python.PythonRunner: Times: total = 40, boot = -95, init = 135, finish = 0
17/06/09 20:10:55 INFO storage.MemoryStore: Block rdd_21_3 stored as bytes in memory (estimated size 194.0 B, free 403.4 KB)
17/06/09 20:10:55 INFO executor.Executor: Finished task 1.0 in stage 15.0 (TID 626). 2667 bytes result sent to driver
17/06/09 20:10:55 INFO executor.Executor: Running task 0.0 in stage 16.0 (TID 643)
17/06/09 20:10:55 INFO executor.Executor: Running task 3.0 in stage 16.0 (TID 678)
17/06/09 20:10:55 INFO storage.BlockManager: Found block rdd_21_4 locally
17/06/09 20:10:55 INFO python.PythonRunner: Times: total = 39, boot = -106, init = 145, finish = 0
17/06/09 20:10:55 INFO executor.CoarseGrainedExecutorBackend: Got assigned task 692
17/06/09 20:10:55 INFO broadcast.TorrentBroadcast: Started reading broadcast variable 26
17/06/09 20:10:55 INFO storage.BlockManager: Found block rdd_2_0 locally
17/06/09 20:10:55 INFO python.PythonRunner: Times: total = 39, boot = -73, init = 111, finish = 1
17/06/09 20:10:55 INFO executor.Executor: Finished task 1.0 in stage 17.0 (TID 706). 2156 bytes result sent to driver
17/06/09 20:10:55 INFO executor.CoarseGrainedExecutorBackend: Got assigned task 758
17/06/09 20:10:55 INFO storage.MemoryStore: Block broadcast_27 stored as values in memory (estimated size 9.2 KB, free 404.2 KB)
17/06/09 20:10:56 INFO python.PythonRunner: Times: total = 40, boot = -76, init = 115, finish = 1
17/06/09 20:10:56 INFO python.PythonRunner: Times: total = 42, boot = -74, init = 115, finish = 1
17/06/09 20:10:56 INFO executor.Executor: Running task 2.0 in stage 19.0 (TID 789)
17/06/09 20:10:56 INFO broadcast.TorrentBroadcast: Reading broadcast variable 28 took 9 ms
17/06/09 20:10:56 INFO storage.BlockManager: Found block rdd_2_0 locally
17/06/09 20:10:56 INFO python.PythonRunner: Times: total = 41, boot = -82, init = 123, finish = 0
17/06/09 20:10:56 INFO storage.MemoryStore: Block rdd_26_1 stored as bytes in memory (estimated size 16.0 B, free 419.7 KB)
17/06/09 20:10:56 INFO python.PythonRunner: Times: total = 39, boot = 18, init = 21, finish = 0
17/06/09 20:10:56 INFO executor.Executor: Running task 1.0 in stage 20.0 (TID 821)
17/06/09 20:10:56 INFO executor.Executor: Running task 4.0 in stage 20.0 (TID 839)
17/06/09 20:10:56 INFO storage.BlockManager: Found block rdd_26_2 locally
17/06/09 20:10:56 INFO executor.Executor: Finished task 4.0 in stage 20.0 (TID 839). 2076 bytes result sent to driver
17/06/09 20:10:56 INFO executor.CoarseGrainedExecutorBackend: Got assigned task 867
17/06/09 20:10:56 INFO executor.CoarseGrainedExecutorBackend: Got assigned task 879
17/06/09 20:10:56 INFO storage.BlockManager: Found block rdd_2_3 locally
17/06/09 20:10:56 INFO executor.Executor: Finished task 0.0 in stage 21.0 (TID 853). 2348 bytes result sent to driver
17/06/09 20:10:56 INFO executor.Executor: Running task 0.0 in stage 22.0 (TID 886)
17/06/09 20:10:56 INFO executor.CoarseGrainedExecutorBackend: Got assigned task 919
17/06/09 20:10:56 INFO spark.CacheManager: Partition rdd_30_4 not found, computing it
17/06/09 20:10:56 INFO storage.BlockManager: Found block rdd_2_2 locally
17/06/09 20:10:56 INFO python.PythonRunner: Times: total = 40, boot = -85, init = 125, finish = 0
17/06/09 20:10:56 INFO python.PythonRunner: Times: total = 39, boot = 21, init = 18, finish = 0
17/06/09 20:10:56 INFO executor.Executor: Finished task 3.0 in stage 22.0 (TID 918). 2667 bytes result sent to driver
17/06/09 20:10:56 INFO executor.Executor: Running task 2.0 in stage 23.0 (TID 951)
17/06/09 20:10:56 INFO storage.MemoryStore: Block broadcast_32 stored as values in memory (estimated size 10.1 KB, free 400.4 KB)
17/06/09 20:10:56 INFO python.PythonRunner: Times: total = 40, boot = -130, init = 170, finish = 0
17/06/09 20:10:56 INFO executor.Executor: Finished task 4.0 in stage 23.0 (TID 959). 2223 bytes result sent to driver
17/06/09 20:10:57 INFO executor.Executor: Running task 2.0 in stage 24.0 (TID 998)
17/06/09 20:10:57 INFO broadcast.TorrentBroadcast: Reading broadcast variable 33 took 9 ms
17/06/09 20:10:57 INFO output.FileOutputCommitter: File Output Committer Algorithm version is 1
17/06/09 20:10:57 INFO python.PythonRunner: Times: total = 42, boot = -343, init = 384, finish = 1
17/06/09 20:10:57 INFO output.FileOutputCommitter: Saved output of task 'attempt_201706092018_0024_m_000001_984' to hdfs://10.10.34.11:9000/pjhe/test/1/_temporary/0/task_201706092018_0024_m_000001
17/06/09 20:10:57 INFO executor.Executor: Finished task 4.0 in stage 24.0 (TID 1026). 2364 bytes result sent to driver
17/06/09 20:10:57 INFO executor.Executor: Running task 41.0 in stage 24.0 (TID 1126)
17/06/09 20:10:57 INFO storage.BlockManager: Found block rdd_11_0 locally
17/06/09 20:10:57 INFO output.FileOutputCommitter: File Output Committer Algorithm version is 1
17/06/09 20:10:57 INFO python.PythonRunner: Times: total = 41, boot = -398, init = 439, finish = 0
17/06/09 20:10:57 INFO output.FileOutputCommitter: Saved output of task 'attempt_201706092018_0024_m_000042_1127' to hdfs://10.10.34.11:9000/pjhe/test/1/_temporary/0/task_201706092018_0024_m_000042
17/06/09 20:10:57 INFO executor.Executor: Finished task 42.0 in stage 24.0 (TID 1127). 2364 bytes result sent to driver
17/06/09 20:10:57 INFO executor.Executor: Running task 82.0 in stage 24.0 (TID 1137)
17/06/09 20:10:57 INFO storage.BlockManager: Found block rdd_16_2 locally
17/06/09 20:10:57 INFO output.FileOutputCommitter: File Output Committer Algorithm version is 1
17/06/09 20:10:58 INFO mapred.SparkHadoopMapRedUtil: attempt_201706092018_0024_m_000083_1138: Committed
17/06/09 20:10:58 INFO output.FileOutputCommitter: Saved output of task 'attempt_201706092018_0024_m_000081_1136' to hdfs://10.10.34.11:9000/pjhe/test/1/_temporary/0/task_201706092018_0024_m_000081
17/06/09 20:10:58 INFO executor.CoarseGrainedExecutorBackend: Got assigned task 1145
17/06/09 20:10:58 INFO executor.Executor: Running task 123.0 in stage 24.0 (TID 1150)
17/06/09 20:10:58 INFO storage.BlockManager: Found block rdd_21_3 locally
17/06/09 20:10:58 INFO output.FileOutputCommitter: File Output Committer Algorithm version is 1
17/06/09 20:10:58 INFO python.PythonRunner: Times: total = 40, boot = -107, init = 147, finish = 0
17/06/09 20:10:58 INFO output.FileOutputCommitter: Saved output of task 'attempt_201706092018_0024_m_000123_1150' to hdfs://10.10.34.11:9000/pjhe/test/1/_temporary/0/task_201706092018_0024_m_000123
17/06/09 20:10:58 INFO executor.CoarseGrainedExecutorBackend: Got assigned task 1156
17/06/09 20:10:58 INFO executor.Executor: Running task 164.0 in stage 24.0 (TID 1159)
17/06/09 20:10:58 INFO output.FileOutputCommitter: File Output Committer Algorithm version is 1
17/06/09 20:10:58 INFO output.FileOutputCommitter: File Output Committer Algorithm version is 1
17/06/09 20:10:58 INFO python.PythonRunner: Times: total = 37, boot = -54, init = 91, finish = 0
17/06/09 20:10:58 INFO mapred.SparkHadoopMapRedUtil: attempt_201706092018_0024_m_000161_1156: Committed
17/06/09 20:10:58 INFO executor.CoarseGrainedExecutorBackend: Got assigned task 1194
17/06/09 20:10:58 INFO storage.MemoryStore: Block broadcast_34_piece0 stored as bytes in memory (estimated size 28.8 KB, free 515.7 KB)
17/06/09 20:10:58 INFO storage.BlockManager: Found block rdd_30_0 locally
17/06/09 20:10:59 INFO python.PythonRunner: Times: total = 41, boot = -707, init = 748, finish = 0
17/06/09 20:10:59 INFO output.FileOutputCommitter: Saved output of task 'attempt_201706092018_0025_m_000003_1198' to hdfs://10.10.34.11:9000/pjhe/test/2/_temporary/0/task_201706092018_0025_m_000003
17/06/09 20:10:59 INFO mapred.SparkHadoopMapRedUtil: attempt_201706092018_0025_m_000001_1180: Committed
17/06/09 20:11:07 INFO executor.Executor: Running task 0.0 in stage 26.0 (TID 1200)
17/06/09 20:11:07 INFO executor.Executor: Running task 4.0 in stage 26.0 (TID 1204)
17/06/09 20:11:07 INFO broadcast.TorrentBroadcast: Started reading broadcast variable 36
17/06/09 20:11:07 INFO spark.CacheManager: Partition rdd_42_1 not found, computing it
17/06/09 20:11:07 INFO python.PythonRunner: Times: total = 55, boot = -8764, init = 8814, finish = 5
17/06/09 20:11:07 INFO storage.MemoryStore: Block rdd_42_3 stored as bytes in memory (estimated size 930.0 B, free 808.4 KB)
17/06/09 20:11:07 INFO spark.CacheManager: Partition rdd_42_5 not found, computing it
17/06/09 20:11:07 INFO executor.Executor: Finished task 3.0 in stage 26.0 (TID 1203). 2703 bytes result sent to driver
17/06/09 20:11:07 INFO executor.CoarseGrainedExecutorBackend: Got assigned task 1209
17/06/09 20:11:07 INFO rdd.HadoopRDD: Input split: hdfs://10.10.34.11:9000/pjhe/logs/2kSOSP.log:58336+7292
17/06/09 20:11:08 INFO python.PythonRunner: Times: total = 58, boot = 7, init = 46, finish = 5
17/06/09 20:11:08 INFO executor.Executor: Finished task 5.0 in stage 26.0 (TID 1205). 2705 bytes result sent to driver
17/06/09 20:11:08 INFO python.PythonRunner: Times: total = 39, boot = 18, init = 21, finish = 0
17/06/09 20:11:08 INFO executor.CoarseGrainedExecutorBackend: Got assigned task 1212
17/06/09 20:11:08 INFO executor.CoarseGrainedExecutorBackend: Got assigned task 1214
17/06/09 20:11:08 INFO rdd.HadoopRDD: Input split: hdfs://10.10.34.11:9000/pjhe/logs/2kSOSP.log:102088+7292
17/06/09 20:11:08 INFO python.PythonRunner: Times: total = 56, boot = 10, init = 40, finish = 6
17/06/09 20:11:08 INFO executor.Executor: Running task 15.0 in stage 26.0 (TID 1215)
17/06/09 20:11:08 INFO executor.CoarseGrainedExecutorBackend: Got assigned task 1216
17/06/09 20:11:08 INFO rdd.HadoopRDD: Input split: hdfs://10.10.34.11:9000/pjhe/logs/2kSOSP.log:116672+7292
17/06/09 20:11:08 INFO executor.CoarseGrainedExecutorBackend: Got assigned task 1219
17/06/09 20:11:08 INFO storage.MemoryStore: Block rdd_42_15 stored as bytes in memory (estimated size 913.0 B, free 817.5 KB)
17/06/09 20:11:08 INFO storage.MemoryStore: Block rdd_42_19 stored as bytes in memory (estimated size 920.0 B, free 819.9 KB)
17/06/09 20:11:08 INFO rdd.HadoopRDD: Input split: hdfs://10.10.34.11:9000/pjhe/logs/2kSOSP.log:145840+7292
17/06/09 20:11:08 INFO executor.CoarseGrainedExecutorBackend: Got assigned task 1222
17/06/09 20:11:08 INFO python.PythonRunner: Times: total = 41, boot = 20, init = 21, finish = 0
17/06/09 20:11:08 INFO spark.CacheManager: Partition rdd_42_23 not found, computing it
17/06/09 20:11:08 INFO python.PythonRunner: Times: total = 54, boot = 17, init = 32, finish = 5
17/06/09 20:11:08 INFO storage.MemoryStore: Block rdd_42_23 stored as bytes in memory (estimated size 914.0 B, free 825.1 KB)
17/06/09 20:11:08 INFO python.PythonRunner: Times: total = 39, boot = 23, init = 16, finish = 0
17/06/09 20:11:08 INFO spark.CacheManager: Partition rdd_42_26 not found, computing it
17/06/09 20:11:08 INFO executor.Executor: Finished task 24.0 in stage 26.0 (TID 1224). 2703 bytes result sent to driver
17/06/09 20:11:08 INFO spark.CacheManager: Partition rdd_42_29 not found, computing it
17/06/09 20:11:08 INFO storage.MemoryStore: Block rdd_42_26 stored as bytes in memory (estimated size 872.0 B, free 827.6 KB)
17/06/09 20:11:08 INFO executor.CoarseGrainedExecutorBackend: Got assigned task 1230
17/06/09 20:11:08 INFO executor.Executor: Finished task 27.0 in stage 26.0 (TID 1227). 2701 bytes result sent to driver
17/06/09 20:11:08 INFO rdd.HadoopRDD: Input split: hdfs://10.10.34.11:9000/pjhe/logs/2kSOSP.log:226052+7292
17/06/09 20:11:08 INFO executor.Executor: Running task 33.0 in stage 26.0 (TID 1233)
17/06/09 20:11:08 INFO python.PythonRunner: Times: total = 46, boot = 16, init = 25, finish = 5
17/06/09 20:11:08 INFO executor.Executor: Finished task 30.0 in stage 26.0 (TID 1230). 2703 bytes result sent to driver
17/06/09 20:11:08 INFO rdd.HadoopRDD: Input split: hdfs://10.10.34.11:9000/pjhe/logs/2kSOSP.log:255220+7292
17/06/09 20:11:08 INFO executor.Executor: Running task 36.0 in stage 26.0 (TID 1236)
17/06/09 20:11:08 INFO rdd.HadoopRDD: Input split: hdfs://10.10.34.11:9000/pjhe/logs/2kSOSP.log:269804+7292
17/06/09 20:11:08 INFO executor.Executor: Running task 39.0 in stage 26.0 (TID 1239)
17/06/09 20:11:08 INFO python.PythonRunner: Times: total = 53, boot = 8, init = 40, finish = 5
17/06/09 20:11:08 INFO python.PythonRunner: Times: total = 51, boot = 8, init = 38, finish = 5
17/06/09 20:11:08 INFO python.PythonRunner: Times: total = 40, boot = 13, init = 27, finish = 0
17/06/09 20:11:08 INFO executor.Executor: Running task 1.0 in stage 27.0 (TID 1241)
17/06/09 20:11:08 INFO executor.Executor: Running task 4.0 in stage 27.0 (TID 1244)
17/06/09 20:11:08 INFO storage.BlockManager: Found block rdd_42_3 locally
17/06/09 20:11:08 INFO executor.Executor: Finished task 4.0 in stage 27.0 (TID 1244). 2685 bytes result sent to driver
17/06/09 20:11:08 INFO executor.Executor: Finished task 1.0 in stage 27.0 (TID 1241). 2428 bytes result sent to driver
17/06/09 20:11:09 INFO executor.CoarseGrainedExecutorBackend: Got assigned task 1249
17/06/09 20:11:09 INFO executor.Executor: Finished task 5.0 in stage 27.0 (TID 1245). 2721 bytes result sent to driver
17/06/09 20:11:09 INFO executor.Executor: Finished task 8.0 in stage 27.0 (TID 1248). 2263 bytes result sent to driver
17/06/09 20:11:09 INFO executor.CoarseGrainedExecutorBackend: Got assigned task 1252
17/06/09 20:11:09 INFO storage.BlockManager: Found block rdd_42_12 locally
17/06/09 20:11:09 INFO python.PythonRunner: Times: total = 39, boot = 12, init = 26, finish = 1
17/06/09 20:11:09 INFO executor.Executor: Finished task 14.0 in stage 27.0 (TID 1254). 2404 bytes result sent to driver
17/06/09 20:11:09 INFO executor.Executor: Running task 18.0 in stage 27.0 (TID 1258)
17/06/09 20:11:09 INFO python.PythonRunner: Times: total = 42, boot = 19, init = 22, finish = 1
17/06/09 20:11:09 INFO python.PythonRunner: Times: total = 39, boot = 13, init = 25, finish = 1
17/06/09 20:11:09 INFO executor.Executor: Finished task 18.0 in stage 27.0 (TID 1258). 2349 bytes result sent to driver
17/06/09 20:11:09 INFO executor.Executor: Running task 24.0 in stage 27.0 (TID 1264)
17/06/09 20:11:09 INFO executor.CoarseGrainedExecutorBackend: Got assigned task 1265
17/06/09 20:11:09 INFO python.PythonRunner: Times: total = 41, boot = 19, init = 21, finish = 1
17/06/09 20:11:09 INFO executor.Executor: Running task 27.0 in stage 27.0 (TID 1267)
17/06/09 20:11:09 INFO storage.BlockManager: Found block rdd_42_29 locally
17/06/09 20:11:09 INFO executor.Executor: Finished task 26.0 in stage 27.0 (TID 1266). 2267 bytes result sent to driver
17/06/09 20:11:09 INFO executor.Executor: Running task 32.0 in stage 27.0 (TID 1272)
17/06/09 20:11:09 INFO python.PythonRunner: Times: total = 108, boot = 28, init = 79, finish = 1
17/06/09 20:11:09 INFO python.PythonRunner: Times: total = 42, boot = -28, init = 69, finish = 1
17/06/09 20:11:09 INFO executor.Executor: Finished task 30.0 in stage 27.0 (TID 1270). 2859 bytes result sent to driver
17/06/09 20:11:09 INFO storage.BlockManager: Found block rdd_42_35 locally
17/06/09 20:11:09 INFO executor.Executor: Running task 39.0 in stage 27.0 (TID 1279)
17/06/09 20:11:09 INFO python.PythonRunner: Times: total = 42, boot = 27, init = 14, finish = 1
17/06/09 20:11:09 INFO executor.CoarseGrainedExecutorBackend: Got assigned task 1281
17/06/09 20:11:09 INFO executor.Executor: Running task 4.0 in stage 28.0 (TID 1284)
17/06/09 20:11:10 INFO storage.BlockManager: Found block rdd_42_3 locally
17/06/09 20:11:10 INFO python.PythonRunner: Times: total = 41, boot = -768, init = 809, finish = 0
17/06/09 20:11:10 INFO executor.CoarseGrainedExecutorBackend: Got assigned task 1286
17/06/09 20:11:10 INFO storage.BlockManager: Found block rdd_42_5 locally
17/06/09 20:11:10 INFO python.PythonRunner: Times: total = 38, boot = 23, init = 15, finish = 0
17/06/09 20:11:10 INFO executor.Executor: Finished task 7.0 in stage 28.0 (TID 1287). 2087 bytes result sent to driver
17/06/09 20:11:10 INFO executor.Executor: Finished task 8.0 in stage 28.0 (TID 1288). 2087 bytes result sent to driver
17/06/09 20:11:10 INFO executor.Executor: Running task 14.0 in stage 28.0 (TID 1294)
17/06/09 20:11:10 INFO executor.Executor: Finished task 10.0 in stage 28.0 (TID 1290). 2087 bytes result sent to driver
17/06/09 20:11:10 INFO python.PythonRunner: Times: total = 41, boot = 12, init = 28, finish = 1
17/06/09 20:11:10 INFO storage.BlockManager: Found block rdd_42_17 locally
17/06/09 20:11:10 INFO storage.BlockManager: Found block rdd_42_19 locally
17/06/09 20:11:10 INFO executor.CoarseGrainedExecutorBackend: Got assigned task 1300
17/06/09 20:11:10 INFO executor.Executor: Running task 22.0 in stage 28.0 (TID 1302)
17/06/09 20:11:10 INFO storage.BlockManager: Found block rdd_42_22 locally
17/06/09 20:11:10 INFO executor.Executor: Finished task 20.0 in stage 28.0 (TID 1300). 2087 bytes result sent to driver
17/06/09 20:11:10 INFO executor.Executor: Running task 26.0 in stage 28.0 (TID 1306)
17/06/09 20:11:10 INFO storage.BlockManager: Found block rdd_42_26 locally
17/06/09 20:11:10 INFO storage.BlockManager: Found block rdd_42_28 locally
17/06/09 20:11:10 INFO executor.CoarseGrainedExecutorBackend: Got assigned task 1310
17/06/09 20:11:10 INFO executor.Executor: Finished task 28.0 in stage 28.0 (TID 1308). 2087 bytes result sent to driver
17/06/09 20:11:10 INFO executor.Executor: Finished task 29.0 in stage 28.0 (TID 1309). 2087 bytes result sent to driver
17/06/09 20:11:10 INFO python.PythonRunner: Times: total = 41, boot = 19, init = 22, finish = 0
17/06/09 20:11:10 INFO executor.Executor: Running task 36.0 in stage 28.0 (TID 1316)
17/06/09 20:11:10 INFO python.PythonRunner: Times: total = 40, boot = 14, init = 25, finish = 1
17/06/09 20:11:10 INFO executor.Executor: Running task 39.0 in stage 28.0 (TID 1319)
17/06/09 20:11:10 INFO python.PythonRunner: Times: total = 38, boot = 14, init = 24, finish = 0
17/06/09 20:11:10 INFO executor.CoarseGrainedExecutorBackend: Got assigned task 1321
17/06/09 20:11:10 INFO executor.CoarseGrainedExecutorBackend: Got assigned task 1324
17/06/09 20:11:10 INFO storage.BlockManager: Found block rdd_42_4 locally
17/06/09 20:11:10 INFO python.PythonRunner: Times: total = 41, boot = -85, init = 125, finish = 1
17/06/09 20:11:10 INFO executor.CoarseGrainedExecutorBackend: Got assigned task 1325
17/06/09 20:11:10 INFO executor.Executor: Running task 8.0 in stage 29.0 (TID 1328)
17/06/09 20:11:10 INFO storage.BlockManager: Found block rdd_42_9 locally
17/06/09 20:11:10 INFO executor.Executor: Finished task 5.0 in stage 29.0 (TID 1325). 2171 bytes result sent to driver
17/06/09 20:11:10 INFO executor.Executor: Running task 11.0 in stage 29.0 (TID 1331)
17/06/09 20:11:10 INFO executor.Executor: Running task 14.0 in stage 29.0 (TID 1334)
17/06/09 20:11:10 INFO executor.Executor: Finished task 11.0 in stage 29.0 (TID 1331). 2128 bytes result sent to driver
17/06/09 20:11:10 INFO executor.CoarseGrainedExecutorBackend: Got assigned task 1336
17/06/09 20:11:10 INFO executor.CoarseGrainedExecutorBackend: Got assigned task 1338
17/06/09 20:11:10 INFO storage.BlockManager: Found block rdd_42_18 locally
17/06/09 20:11:11 INFO executor.Executor: Finished task 16.0 in stage 29.0 (TID 1336). 2171 bytes result sent to driver
17/06/09 20:11:11 INFO executor.Executor: Running task 21.0 in stage 29.0 (TID 1341)
17/06/09 20:11:11 INFO storage.BlockManager: Found block rdd_42_21 locally
17/06/09 20:11:11 INFO python.PythonRunner: Times: total = 41, boot = 18, init = 22, finish = 1
17/06/09 20:11:11 INFO executor.CoarseGrainedExecutorBackend: Got assigned task 1345
17/06/09 20:11:11 INFO executor.Executor: Running task 27.0 in stage 29.0 (TID 1347)
17/06/09 20:11:11 INFO storage.BlockManager: Found block rdd_42_28 locally
17/06/09 20:11:11 INFO executor.Executor: Finished task 25.0 in stage 29.0 (TID 1345). 2128 bytes result sent to driver
17/06/09 20:11:11 INFO executor.CoarseGrainedExecutorBackend: Got assigned task 1351
17/06/09 20:11:11 INFO executor.Executor: Finished task 29.0 in stage 29.0 (TID 1349). 2128 bytes result sent to driver
