17/06/09 20:10:40 INFO executor.CoarseGrainedExecutorBackend: Registered signal handlers for [TERM, HUP, INT]
17/06/09 20:10:41 INFO spark.SecurityManager: Changing modify acls to: yarn,curi
17/06/09 20:10:41 INFO util.Utils: Successfully started service 'sparkExecutorActorSystem' on port 55904.
17/06/09 20:10:42 INFO executor.Executor: Starting executor ID 5 on host mesos-slave-07
17/06/09 20:10:45 INFO executor.CoarseGrainedExecutorBackend: Got assigned task 0
17/06/09 20:10:45 INFO executor.Executor: Running task 2.0 in stage 0.0 (TID 2)
17/06/09 20:10:45 INFO broadcast.TorrentBroadcast: Started reading broadcast variable 9
17/06/09 20:10:46 INFO spark.CacheManager: Partition rdd_2_3 not found, computing it
17/06/09 20:10:46 INFO rdd.HadoopRDD: Input split: hdfs://10.10.34.11:9000/pjhe/logs/2kSOSP.log:14584+7292
17/06/09 20:10:46 INFO storage.MemoryStore: Block broadcast_8_piece0 stored as bytes in memory (estimated size 21.4 KB, free 35.4 KB)
17/06/09 20:10:47 INFO Configuration.deprecation: mapred.task.is.map is deprecated. Instead, use mapreduce.task.ismap
17/06/09 20:10:48 INFO broadcast.TorrentBroadcast: Reading broadcast variable 0 took 21 ms
17/06/09 20:10:48 INFO storage.MemoryStore: Block broadcast_4 stored as values in memory (estimated size 384.0 B, free 318.0 KB)
17/06/09 20:10:48 INFO broadcast.TorrentBroadcast: Started reading broadcast variable 1
17/06/09 20:10:48 INFO storage.MemoryStore: Block broadcast_2_piece0 stored as bytes in memory (estimated size 93.0 B, free 319.0 KB)
17/06/09 20:10:48 INFO python.PythonRunner: Times: total = 1074, boot = 869, init = 199, finish = 6
17/06/09 20:10:48 INFO storage.MemoryStore: Block rdd_2_1 stored as bytes in memory (estimated size 935.0 B, free 322.1 KB)
17/06/09 20:10:48 INFO python.PythonRunner: Times: total = 41, boot = 15, init = 26, finish = 0
17/06/09 20:10:48 INFO executor.Executor: Finished task 2.0 in stage 0.0 (TID 2). 2703 bytes result sent to driver
17/06/09 20:10:52 INFO executor.CoarseGrainedExecutorBackend: Got assigned task 56
17/06/09 20:10:52 INFO executor.CoarseGrainedExecutorBackend: Got assigned task 78
17/06/09 20:10:52 INFO broadcast.TorrentBroadcast: Reading broadcast variable 10 took 17 ms
17/06/09 20:10:52 INFO storage.BlockManager: Found block rdd_2_2 locally
17/06/09 20:10:52 INFO python.PythonRunner: Times: total = 42, boot = -4138, init = 4179, finish = 1
17/06/09 20:10:52 INFO executor.Executor: Finished task 3.0 in stage 1.0 (TID 78). 2651 bytes result sent to driver
17/06/09 20:10:52 INFO executor.Executor: Running task 1.0 in stage 2.0 (TID 101)
17/06/09 20:10:52 INFO broadcast.TorrentBroadcast: Started reading broadcast variable 11
17/06/09 20:10:52 INFO storage.MemoryStore: Block broadcast_11 stored as values in memory (estimated size 9.2 KB, free 353.9 KB)
17/06/09 20:10:52 INFO storage.BlockManager: Found block rdd_2_1 locally
17/06/09 20:10:52 INFO python.PythonRunner: Times: total = 39, boot = -159, init = 198, finish = 0
17/06/09 20:10:52 INFO executor.Executor: Finished task 0.0 in stage 2.0 (TID 87). 2087 bytes result sent to driver
17/06/09 20:10:53 INFO executor.CoarseGrainedExecutorBackend: Got assigned task 150
17/06/09 20:10:53 INFO executor.CoarseGrainedExecutorBackend: Got assigned task 159
17/06/09 20:10:53 INFO spark.CacheManager: Partition rdd_6_4 not found, computing it
17/06/09 20:10:53 INFO storage.BlockManager: Found block rdd_2_4 locally
17/06/09 20:10:53 INFO python.PythonRunner: Times: total = 38, boot = -170, init = 208, finish = 0
17/06/09 20:10:53 INFO storage.MemoryStore: Block rdd_6_4 stored as bytes in memory (estimated size 287.0 B, free 369.5 KB)
17/06/09 20:10:53 INFO python.PythonRunner: Times: total = 38, boot = 14, init = 24, finish = 0
17/06/09 20:10:53 INFO executor.Executor: Finished task 3.0 in stage 3.0 (TID 158). 2667 bytes result sent to driver
17/06/09 20:10:53 INFO executor.CoarseGrainedExecutorBackend: Got assigned task 171
17/06/09 20:10:53 INFO executor.CoarseGrainedExecutorBackend: Got assigned task 195
17/06/09 20:10:53 INFO executor.Executor: Running task 4.0 in stage 4.0 (TID 199)
17/06/09 20:10:53 INFO storage.BlockManager: Found block rdd_6_4 locally
17/06/09 20:10:53 INFO python.PythonRunner: Times: total = 40, boot = -129, init = 169, finish = 0
17/06/09 20:10:53 INFO executor.Executor: Finished task 1.0 in stage 4.0 (TID 185). 2099 bytes result sent to driver
17/06/09 20:10:53 INFO executor.Executor: Running task 0.0 in stage 5.0 (TID 206)
17/06/09 20:10:53 INFO broadcast.TorrentBroadcast: Started reading broadcast variable 14
17/06/09 20:10:53 INFO storage.MemoryStore: Block broadcast_14_piece0 stored as bytes in memory (estimated size 5.8 KB, free 392.3 KB)
17/06/09 20:10:53 INFO storage.BlockManager: Found block rdd_2_3 locally
17/06/09 20:10:53 INFO python.PythonRunner: Times: total = 39, boot = -81, init = 119, finish = 1
17/06/09 20:10:53 INFO executor.Executor: Finished task 2.0 in stage 5.0 (TID 231). 2198 bytes result sent to driver
17/06/09 20:10:53 INFO executor.CoarseGrainedExecutorBackend: Got assigned task 261
17/06/09 20:10:53 INFO executor.CoarseGrainedExecutorBackend: Got assigned task 278
17/06/09 20:10:53 INFO broadcast.TorrentBroadcast: Reading broadcast variable 15 took 15 ms
17/06/09 20:10:53 INFO storage.BlockManager: Found block rdd_2_2 locally
17/06/09 20:10:53 INFO python.PythonRunner: Times: total = 39, boot = -103, init = 142, finish = 0
17/06/09 20:10:53 INFO executor.Executor: Finished task 4.0 in stage 6.0 (TID 279). 2087 bytes result sent to driver
17/06/09 20:10:53 INFO executor.Executor: Running task 1.0 in stage 7.0 (TID 299)
17/06/09 20:10:53 INFO broadcast.TorrentBroadcast: Started reading broadcast variable 16
17/06/09 20:10:53 INFO storage.MemoryStore: Block broadcast_16 stored as values in memory (estimated size 9.8 KB, free 432.0 KB)
17/06/09 20:10:53 INFO spark.CacheManager: Partition rdd_11_1 not found, computing it
17/06/09 20:10:53 INFO storage.BlockManager: Found block rdd_2_1 locally
17/06/09 20:10:53 INFO python.PythonRunner: Times: total = 42, boot = -107, init = 148, finish = 1
17/06/09 20:10:53 INFO storage.MemoryStore: Block rdd_11_1 stored as bytes in memory (estimated size 160.0 B, free 432.7 KB)
17/06/09 20:10:54 INFO python.PythonRunner: Times: total = 41, boot = 17, init = 24, finish = 0
17/06/09 20:10:54 INFO executor.Executor: Finished task 2.0 in stage 7.0 (TID 312). 2667 bytes result sent to driver
17/06/09 20:10:54 INFO executor.CoarseGrainedExecutorBackend: Got assigned task 349
17/06/09 20:10:54 INFO executor.CoarseGrainedExecutorBackend: Got assigned task 359
17/06/09 20:10:54 INFO storage.BlockManager: Found block rdd_11_0 locally
17/06/09 20:10:54 INFO python.PythonRunner: Times: total = 39, boot = -109, init = 148, finish = 0
17/06/09 20:10:54 INFO executor.Executor: Finished task 0.0 in stage 8.0 (TID 321). 2141 bytes result sent to driver
17/06/09 20:10:54 INFO executor.CoarseGrainedExecutorBackend: Got assigned task 360
17/06/09 20:10:54 INFO executor.Executor: Running task 2.0 in stage 9.0 (TID 388)
17/06/09 20:10:54 INFO executor.Executor: Running task 4.0 in stage 9.0 (TID 399)
17/06/09 20:10:54 INFO storage.BlockManager: Found block rdd_2_4 locally
17/06/09 20:10:54 INFO python.PythonRunner: Times: total = 40, boot = -75, init = 114, finish = 1
17/06/09 20:10:54 INFO executor.Executor: Finished task 2.0 in stage 9.0 (TID 388). 2239 bytes result sent to driver
17/06/09 20:10:54 INFO executor.Executor: Running task 0.0 in stage 10.0 (TID 402)
17/06/09 20:10:54 INFO executor.CoarseGrainedExecutorBackend: Got assigned task 438
17/06/09 20:10:54 INFO storage.MemoryStore: Block broadcast_19_piece0 stored as bytes in memory (estimated size 5.4 KB, free 469.4 KB)
17/06/09 20:10:54 INFO storage.BlockManager: Found block rdd_2_3 locally
17/06/09 20:10:54 INFO python.PythonRunner: Times: total = 41, boot = -126, init = 167, finish = 0
17/06/09 20:10:54 INFO executor.Executor: Finished task 4.0 in stage 10.0 (TID 439). 2087 bytes result sent to driver
17/06/09 20:10:54 INFO executor.CoarseGrainedExecutorBackend: Got assigned task 464
17/06/09 20:10:54 INFO broadcast.TorrentBroadcast: Started reading broadcast variable 20
17/06/09 20:10:54 INFO broadcast.TorrentBroadcast: Reading broadcast variable 20 took 15 ms
17/06/09 20:10:54 INFO spark.CacheManager: Partition rdd_16_2 not found, computing it
17/06/09 20:10:54 INFO storage.BlockManager: Found block rdd_2_2 locally
17/06/09 20:10:54 INFO python.PythonRunner: Times: total = 42, boot = -97, init = 139, finish = 0
17/06/09 20:10:54 INFO storage.MemoryStore: Block rdd_16_2 stored as bytes in memory (estimated size 230.0 B, free 387.0 KB)
17/06/09 20:10:54 INFO executor.Executor: Finished task 4.0 in stage 11.0 (TID 479). 2667 bytes result sent to driver
17/06/09 20:10:54 INFO executor.Executor: Finished task 2.0 in stage 11.0 (TID 475). 2667 bytes result sent to driver
17/06/09 20:10:54 INFO executor.Executor: Running task 1.0 in stage 12.0 (TID 494)
17/06/09 20:10:54 INFO executor.Executor: Running task 3.0 in stage 12.0 (TID 518)
17/06/09 20:10:54 INFO storage.MemoryStore: Block broadcast_21 stored as values in memory (estimated size 10.1 KB, free 403.2 KB)
17/06/09 20:10:54 INFO storage.BlockManager: Found block rdd_16_1 locally
17/06/09 20:10:55 INFO python.PythonRunner: Times: total = 40, boot = -156, init = 196, finish = 0
17/06/09 20:10:55 INFO executor.Executor: Finished task 2.0 in stage 12.0 (TID 508). 2155 bytes result sent to driver
17/06/09 20:10:55 INFO executor.CoarseGrainedExecutorBackend: Got assigned task 553
17/06/09 20:10:55 INFO executor.CoarseGrainedExecutorBackend: Got assigned task 559
17/06/09 20:10:55 INFO storage.BlockManager: Found block rdd_2_0 locally
17/06/09 20:10:55 INFO python.PythonRunner: Times: total = 39, boot = -76, init = 114, finish = 1
17/06/09 20:10:55 INFO executor.Executor: Finished task 0.0 in stage 13.0 (TID 528). 2256 bytes result sent to driver
17/06/09 20:10:55 INFO executor.CoarseGrainedExecutorBackend: Got assigned task 562
17/06/09 20:10:55 INFO executor.Executor: Running task 2.0 in stage 14.0 (TID 590)
17/06/09 20:10:55 INFO executor.Executor: Running task 4.0 in stage 14.0 (TID 599)
17/06/09 20:10:55 INFO storage.BlockManager: Found block rdd_2_4 locally
17/06/09 20:10:55 INFO python.PythonRunner: Times: total = 40, boot = -93, init = 133, finish = 0
17/06/09 20:10:55 INFO executor.Executor: Finished task 2.0 in stage 14.0 (TID 590). 2087 bytes result sent to driver
17/06/09 20:10:55 INFO executor.Executor: Running task 0.0 in stage 15.0 (TID 612)
17/06/09 20:10:55 INFO executor.CoarseGrainedExecutorBackend: Got assigned task 638
17/06/09 20:10:55 INFO storage.MemoryStore: Block broadcast_24_piece0 stored as bytes in memory (estimated size 5.6 KB, free 393.0 KB)
17/06/09 20:10:55 INFO spark.CacheManager: Partition rdd_21_3 not found, computing it
17/06/09 20:10:55 INFO storage.BlockManager: Found block rdd_2_3 locally
17/06/09 20:10:55 INFO python.PythonRunner: Times: total = 41, boot = -98, init = 139, finish = 0
17/06/09 20:10:55 INFO storage.MemoryStore: Block rdd_21_3 stored as bytes in memory (estimated size 194.0 B, free 403.4 KB)
17/06/09 20:10:55 INFO python.PythonRunner: Times: total = 38, boot = 19, init = 19, finish = 0
17/06/09 20:10:55 INFO executor.Executor: Finished task 4.0 in stage 15.0 (TID 639). 2667 bytes result sent to driver
17/06/09 20:10:55 INFO executor.CoarseGrainedExecutorBackend: Got assigned task 657
17/06/09 20:10:55 INFO broadcast.TorrentBroadcast: Started reading broadcast variable 25
17/06/09 20:10:55 INFO broadcast.TorrentBroadcast: Reading broadcast variable 25 took 11 ms
17/06/09 20:10:55 INFO storage.BlockManager: Found block rdd_21_2 locally
17/06/09 20:10:55 INFO python.PythonRunner: Times: total = 39, boot = -106, init = 145, finish = 0
17/06/09 20:10:55 INFO executor.Executor: Finished task 0.0 in stage 16.0 (TID 643). 2151 bytes result sent to driver
17/06/09 20:10:55 INFO executor.Executor: Running task 1.0 in stage 17.0 (TID 706)
17/06/09 20:10:55 INFO executor.Executor: Running task 3.0 in stage 17.0 (TID 718)
17/06/09 20:10:55 INFO storage.MemoryStore: Block broadcast_26 stored as values in memory (estimated size 9.7 KB, free 389.6 KB)
17/06/09 20:10:55 INFO storage.BlockManager: Found block rdd_2_1 locally
17/06/09 20:10:55 INFO python.PythonRunner: Times: total = 42, boot = -71, init = 112, finish = 1
17/06/09 20:10:55 INFO executor.Executor: Finished task 1.0 in stage 17.0 (TID 706). 2156 bytes result sent to driver
17/06/09 20:10:55 INFO executor.CoarseGrainedExecutorBackend: Got assigned task 750
17/06/09 20:10:55 INFO executor.CoarseGrainedExecutorBackend: Got assigned task 759
17/06/09 20:10:55 INFO storage.BlockManager: Found block rdd_2_0 locally
17/06/09 20:10:56 INFO python.PythonRunner: Times: total = 38, boot = -77, init = 115, finish = 0
17/06/09 20:10:56 INFO executor.Executor: Finished task 0.0 in stage 18.0 (TID 722). 2087 bytes result sent to driver
17/06/09 20:10:56 INFO executor.CoarseGrainedExecutorBackend: Got assigned task 762
17/06/09 20:10:56 INFO executor.Executor: Running task 2.0 in stage 19.0 (TID 789)
17/06/09 20:10:56 INFO executor.Executor: Running task 4.0 in stage 19.0 (TID 799)
17/06/09 20:10:56 INFO spark.CacheManager: Partition rdd_26_4 not found, computing it
17/06/09 20:10:56 INFO storage.BlockManager: Found block rdd_2_4 locally
17/06/09 20:10:56 INFO python.PythonRunner: Times: total = 41, boot = -82, init = 123, finish = 0
17/06/09 20:10:56 INFO python.PythonRunner: Times: total = 41, boot = -67, init = 107, finish = 1
17/06/09 20:10:56 INFO executor.Executor: Finished task 0.0 in stage 19.0 (TID 762). 2667 bytes result sent to driver
17/06/09 20:10:56 INFO python.PythonRunner: Times: total = 39, boot = 18, init = 21, finish = 0
17/06/09 20:10:56 INFO executor.Executor: Running task 0.0 in stage 20.0 (TID 807)
17/06/09 20:10:56 INFO executor.CoarseGrainedExecutorBackend: Got assigned task 838
17/06/09 20:10:56 INFO storage.MemoryStore: Block broadcast_29_piece0 stored as bytes in memory (estimated size 5.7 KB, free 379.5 KB)
17/06/09 20:10:56 INFO storage.BlockManager: Found block rdd_26_3 locally
17/06/09 20:10:56 INFO python.PythonRunner: Times: total = 39, boot = -126, init = 165, finish = 0
17/06/09 20:10:56 INFO executor.Executor: Finished task 0.0 in stage 20.0 (TID 807). 2076 bytes result sent to driver
17/06/09 20:10:56 INFO executor.CoarseGrainedExecutorBackend: Got assigned task 867
17/06/09 20:10:56 INFO executor.Executor: Running task 3.0 in stage 21.0 (TID 878)
17/06/09 20:10:56 INFO broadcast.TorrentBroadcast: Reading broadcast variable 30 took 8 ms
17/06/09 20:10:56 INFO storage.BlockManager: Found block rdd_2_2 locally
17/06/09 20:10:56 INFO python.PythonRunner: Times: total = 41, boot = -59, init = 99, finish = 1
17/06/09 20:10:56 INFO executor.Executor: Finished task 4.0 in stage 21.0 (TID 879). 2333 bytes result sent to driver
17/06/09 20:10:56 INFO executor.Executor: Running task 1.0 in stage 22.0 (TID 900)
17/06/09 20:10:56 INFO executor.CoarseGrainedExecutorBackend: Got assigned task 919
17/06/09 20:10:56 INFO storage.MemoryStore: Block broadcast_31 stored as values in memory (estimated size 9.8 KB, free 405.1 KB)
17/06/09 20:10:56 INFO spark.CacheManager: Partition rdd_30_1 not found, computing it
17/06/09 20:10:56 INFO storage.BlockManager: Found block rdd_2_1 locally
17/06/09 20:10:56 INFO python.PythonRunner: Times: total = 41, boot = -84, init = 125, finish = 0
17/06/09 20:10:56 INFO storage.MemoryStore: Block rdd_30_3 stored as bytes in memory (estimated size 251.0 B, free 406.3 KB)
17/06/09 20:10:56 INFO python.PythonRunner: Times: total = 41, boot = 18, init = 23, finish = 0
17/06/09 20:10:56 INFO executor.Executor: Finished task 3.0 in stage 22.0 (TID 918). 2667 bytes result sent to driver
17/06/09 20:10:56 INFO broadcast.TorrentBroadcast: Started reading broadcast variable 32
17/06/09 20:10:56 INFO executor.CoarseGrainedExecutorBackend: Got assigned task 959
17/06/09 20:10:56 INFO storage.BlockManager: Found block rdd_30_0 locally
17/06/09 20:10:56 INFO python.PythonRunner: Times: total = 39, boot = -134, init = 173, finish = 0
17/06/09 20:10:56 INFO executor.Executor: Finished task 0.0 in stage 23.0 (TID 926). 2211 bytes result sent to driver
17/06/09 20:10:57 INFO executor.CoarseGrainedExecutorBackend: Got assigned task 970
17/06/09 20:10:57 INFO executor.Executor: Running task 2.0 in stage 24.0 (TID 998)
17/06/09 20:10:57 INFO broadcast.TorrentBroadcast: Started reading broadcast variable 33
17/06/09 20:10:57 INFO storage.BlockManager: Found block rdd_6_3 locally
17/06/09 20:10:57 INFO output.FileOutputCommitter: File Output Committer Algorithm version is 1
17/06/09 20:10:57 INFO python.PythonRunner: Times: total = 40, boot = -337, init = 376, finish = 1
17/06/09 20:10:57 INFO output.FileOutputCommitter: Saved output of task 'attempt_201706092018_0024_m_000004_1026' to hdfs://10.10.34.11:9000/pjhe/test/1/_temporary/0/task_201706092018_0024_m_000004
17/06/09 20:10:57 INFO mapred.SparkHadoopMapRedUtil: attempt_201706092018_0024_m_000002_998: Committed
17/06/09 20:10:57 INFO executor.Executor: Finished task 4.0 in stage 24.0 (TID 1026). 2364 bytes result sent to driver
17/06/09 20:10:57 INFO executor.Executor: Running task 40.0 in stage 24.0 (TID 1125)
17/06/09 20:10:57 INFO executor.CoarseGrainedExecutorBackend: Got assigned task 1128
17/06/09 20:10:57 INFO storage.BlockManager: Found block rdd_11_1 locally
17/06/09 20:10:57 INFO output.FileOutputCommitter: File Output Committer Algorithm version is 1
17/06/09 20:10:57 INFO python.PythonRunner: Times: total = 38, boot = -405, init = 443, finish = 0
17/06/09 20:10:57 INFO mapred.SparkHadoopMapRedUtil: attempt_201706092018_0024_m_000044_1129: Committed
17/06/09 20:10:57 INFO output.FileOutputCommitter: Saved output of task 'attempt_201706092018_0024_m_000042_1127' to hdfs://10.10.34.11:9000/pjhe/test/1/_temporary/0/task_201706092018_0024_m_000042
17/06/09 20:10:57 INFO executor.Executor: Finished task 43.0 in stage 24.0 (TID 1128). 2364 bytes result sent to driver
17/06/09 20:10:57 INFO executor.Executor: Running task 80.0 in stage 24.0 (TID 1135)
17/06/09 20:10:57 INFO executor.CoarseGrainedExecutorBackend: Got assigned task 1138
17/06/09 20:10:57 INFO storage.BlockManager: Found block rdd_16_1 locally
17/06/09 20:10:57 INFO output.FileOutputCommitter: File Output Committer Algorithm version is 1
17/06/09 20:10:57 INFO python.PythonRunner: Times: total = 39, boot = -79, init = 118, finish = 0
17/06/09 20:10:58 INFO mapred.SparkHadoopMapRedUtil: attempt_201706092018_0024_m_000083_1138: Committed
17/06/09 20:10:58 INFO output.FileOutputCommitter: Saved output of task 'attempt_201706092018_0024_m_000082_1137' to hdfs://10.10.34.11:9000/pjhe/test/1/_temporary/0/task_201706092018_0024_m_000082
17/06/09 20:10:58 INFO executor.Executor: Finished task 84.0 in stage 24.0 (TID 1141). 2364 bytes result sent to driver
17/06/09 20:10:58 INFO executor.Executor: Running task 120.0 in stage 24.0 (TID 1145)
17/06/09 20:10:58 INFO executor.CoarseGrainedExecutorBackend: Got assigned task 1150
17/06/09 20:10:58 INFO storage.BlockManager: Found block rdd_21_1 locally
17/06/09 20:10:58 INFO python.PythonRunner: Times: total = 40, boot = -82, init = 122, finish = 0
17/06/09 20:10:58 INFO output.FileOutputCommitter: File Output Committer Algorithm version is 1
17/06/09 20:10:58 INFO python.PythonRunner: Times: total = 39, boot = -102, init = 141, finish = 0
17/06/09 20:10:58 INFO mapred.SparkHadoopMapRedUtil: attempt_201706092018_0024_m_000120_1145: Committed
17/06/09 20:10:58 INFO mapred.SparkHadoopMapRedUtil: attempt_201706092018_0024_m_000121_1146: Committed
17/06/09 20:10:58 INFO executor.Executor: Finished task 123.0 in stage 24.0 (TID 1150). 2364 bytes result sent to driver
17/06/09 20:10:58 INFO executor.Executor: Running task 162.0 in stage 24.0 (TID 1157)
17/06/09 20:10:58 INFO storage.BlockManager: Found block rdd_26_3 locally
17/06/09 20:10:58 INFO output.FileOutputCommitter: File Output Committer Algorithm version is 1
17/06/09 20:10:58 INFO python.PythonRunner: Times: total = 38, boot = -37, init = 75, finish = 0
17/06/09 20:10:58 INFO output.FileOutputCommitter: Saved output of task 'attempt_201706092018_0024_m_000164_1159' to hdfs://10.10.34.11:9000/pjhe/test/1/_temporary/0/task_201706092018_0024_m_000164
17/06/09 20:10:58 INFO python.PythonRunner: Times: total = 37, boot = -62, init = 99, finish = 0
17/06/09 20:10:58 INFO output.FileOutputCommitter: Saved output of task 'attempt_201706092018_0024_m_000161_1156' to hdfs://10.10.34.11:9000/pjhe/test/1/_temporary/0/task_201706092018_0024_m_000161
17/06/09 20:10:58 INFO executor.CoarseGrainedExecutorBackend: Got assigned task 1180
17/06/09 20:10:58 INFO executor.CoarseGrainedExecutorBackend: Got assigned task 1198
17/06/09 20:10:58 INFO storage.MemoryStore: Block broadcast_34_piece0 stored as bytes in memory (estimated size 28.8 KB, free 515.7 KB)
17/06/09 20:10:58 INFO storage.BlockManager: Found block rdd_30_2 locally
17/06/09 20:10:59 INFO output.FileOutputCommitter: File Output Committer Algorithm version is 1
17/06/09 20:10:59 INFO python.PythonRunner: Times: total = 39, boot = -700, init = 739, finish = 0
17/06/09 20:10:59 INFO executor.Executor: Finished task 4.0 in stage 25.0 (TID 1199). 2364 bytes result sent to driver
17/06/09 20:10:59 INFO output.FileOutputCommitter: Saved output of task 'attempt_201706092018_0025_m_000002_1194' to hdfs://10.10.34.11:9000/pjhe/test/2/_temporary/0/task_201706092018_0025_m_000002
17/06/09 20:10:59 INFO executor.Executor: Finished task 0.0 in stage 25.0 (TID 1166). 2364 bytes result sent to driver
17/06/09 20:11:07 INFO executor.Executor: Running task 0.0 in stage 26.0 (TID 1200)
17/06/09 20:11:07 INFO executor.Executor: Running task 3.0 in stage 26.0 (TID 1203)
17/06/09 20:11:07 INFO broadcast.TorrentBroadcast: Reading broadcast variable 37 took 14 ms
17/06/09 20:11:07 INFO spark.CacheManager: Partition rdd_42_4 not found, computing it
17/06/09 20:11:07 INFO rdd.HadoopRDD: Input split: hdfs://10.10.34.11:9000/pjhe/logs/2kSOSP.log:14584+7292
17/06/09 20:11:07 INFO storage.MemoryStore: Block broadcast_36 stored as values in memory (estimated size 281.6 KB, free 803.9 KB)
17/06/09 20:11:07 INFO python.PythonRunner: Times: total = 59, boot = -8772, init = 8826, finish = 5
17/06/09 20:11:07 INFO storage.MemoryStore: Block rdd_42_3 stored as bytes in memory (estimated size 930.0 B, free 808.4 KB)
17/06/09 20:11:07 INFO python.PythonRunner: Times: total = 41, boot = 21, init = 20, finish = 0
17/06/09 20:11:07 INFO python.PythonRunner: Times: total = 42, boot = 20, init = 21, finish = 1
17/06/09 20:11:07 INFO executor.CoarseGrainedExecutorBackend: Got assigned task 1206
17/06/09 20:11:07 INFO executor.Executor: Running task 8.0 in stage 26.0 (TID 1208)
17/06/09 20:11:07 INFO spark.CacheManager: Partition rdd_42_7 not found, computing it
17/06/09 20:11:07 INFO rdd.HadoopRDD: Input split: hdfs://10.10.34.11:9000/pjhe/logs/2kSOSP.log:65628+7292
17/06/09 20:11:08 INFO python.PythonRunner: Times: total = 58, boot = 7, init = 46, finish = 5
17/06/09 20:11:08 INFO storage.MemoryStore: Block rdd_42_7 stored as bytes in memory (estimated size 640.0 B, free 812.2 KB)
17/06/09 20:11:08 INFO spark.CacheManager: Partition rdd_42_10 not found, computing it
17/06/09 20:11:08 INFO executor.Executor: Finished task 6.0 in stage 26.0 (TID 1206). 2697 bytes result sent to driver
17/06/09 20:11:08 INFO executor.Executor: Running task 11.0 in stage 26.0 (TID 1211)
17/06/09 20:11:08 INFO executor.Executor: Running task 13.0 in stage 26.0 (TID 1213)
17/06/09 20:11:08 INFO spark.CacheManager: Partition rdd_42_12 not found, computing it
17/06/09 20:11:08 INFO rdd.HadoopRDD: Input split: hdfs://10.10.34.11:9000/pjhe/logs/2kSOSP.log:102088+7292
17/06/09 20:11:08 INFO python.PythonRunner: Times: total = 51, boot = 3, init = 43, finish = 5
17/06/09 20:11:08 INFO storage.MemoryStore: Block rdd_42_14 stored as bytes in memory (estimated size 834.0 B, free 816.6 KB)
17/06/09 20:11:08 INFO spark.CacheManager: Partition rdd_42_15 not found, computing it
17/06/09 20:11:08 INFO executor.Executor: Finished task 13.0 in stage 26.0 (TID 1213). 2703 bytes result sent to driver
17/06/09 20:11:08 INFO python.PythonRunner: Times: total = 39, boot = 24, init = 14, finish = 1
17/06/09 20:11:08 INFO executor.Executor: Finished task 14.0 in stage 26.0 (TID 1214). 2703 bytes result sent to driver
17/06/09 20:11:08 INFO executor.CoarseGrainedExecutorBackend: Got assigned task 1219
17/06/09 20:11:08 INFO rdd.HadoopRDD: Input split: hdfs://10.10.34.11:9000/pjhe/logs/2kSOSP.log:138548+7292
17/06/09 20:11:08 INFO storage.MemoryStore: Block rdd_42_16 stored as bytes in memory (estimated size 748.0 B, free 818.2 KB)
17/06/09 20:11:08 INFO storage.MemoryStore: Block rdd_42_18 stored as bytes in memory (estimated size 955.0 B, free 820.8 KB)
17/06/09 20:11:08 INFO spark.CacheManager: Partition rdd_42_20 not found, computing it
17/06/09 20:11:08 INFO executor.Executor: Finished task 17.0 in stage 26.0 (TID 1217). 2701 bytes result sent to driver
17/06/09 20:11:08 INFO spark.CacheManager: Partition rdd_42_21 not found, computing it
17/06/09 20:11:08 INFO python.PythonRunner: Times: total = 41, boot = 20, init = 21, finish = 0
17/06/09 20:11:08 INFO executor.CoarseGrainedExecutorBackend: Got assigned task 1224
17/06/09 20:11:08 INFO rdd.HadoopRDD: Input split: hdfs://10.10.34.11:9000/pjhe/logs/2kSOSP.log:175008+7292
17/06/09 20:11:08 INFO storage.MemoryStore: Block rdd_42_22 stored as bytes in memory (estimated size 737.0 B, free 822.5 KB)
17/06/09 20:11:08 INFO python.PythonRunner: Times: total = 40, boot = 13, init = 26, finish = 1
17/06/09 20:11:08 INFO spark.CacheManager: Partition rdd_42_25 not found, computing it
17/06/09 20:11:08 INFO executor.Executor: Finished task 21.0 in stage 26.0 (TID 1221). 2705 bytes result sent to driver
17/06/09 20:11:08 INFO spark.CacheManager: Partition rdd_42_26 not found, computing it
17/06/09 20:11:08 INFO rdd.HadoopRDD: Input split: hdfs://10.10.34.11:9000/pjhe/logs/2kSOSP.log:196884+7292
17/06/09 20:11:08 INFO executor.CoarseGrainedExecutorBackend: Got assigned task 1229
17/06/09 20:11:08 INFO rdd.HadoopRDD: Input split: hdfs://10.10.34.11:9000/pjhe/logs/2kSOSP.log:211468+7292
17/06/09 20:11:08 INFO storage.MemoryStore: Block rdd_42_27 stored as bytes in memory (estimated size 790.0 B, free 826.8 KB)
17/06/09 20:11:08 INFO storage.MemoryStore: Block rdd_42_28 stored as bytes in memory (estimated size 901.0 B, free 828.5 KB)
17/06/09 20:11:08 INFO spark.CacheManager: Partition rdd_42_30 not found, computing it
17/06/09 20:11:08 INFO executor.Executor: Finished task 27.0 in stage 26.0 (TID 1227). 2701 bytes result sent to driver
17/06/09 20:11:08 INFO python.PythonRunner: Times: total = 42, boot = 22, init = 19, finish = 1
17/06/09 20:11:08 INFO python.PythonRunner: Times: total = 39, boot = 20, init = 18, finish = 1
17/06/09 20:11:08 INFO executor.CoarseGrainedExecutorBackend: Got assigned task 1234
17/06/09 20:11:08 INFO rdd.HadoopRDD: Input split: hdfs://10.10.34.11:9000/pjhe/logs/2kSOSP.log:240636+7292
17/06/09 20:11:08 INFO storage.MemoryStore: Block rdd_42_31 stored as bytes in memory (estimated size 827.0 B, free 831.1 KB)
17/06/09 20:11:08 INFO executor.CoarseGrainedExecutorBackend: Got assigned task 1235
17/06/09 20:11:08 INFO rdd.HadoopRDD: Input split: hdfs://10.10.34.11:9000/pjhe/logs/2kSOSP.log:255220+7292
17/06/09 20:11:08 INFO executor.Executor: Finished task 31.0 in stage 26.0 (TID 1231). 2703 bytes result sent to driver
17/06/09 20:11:08 INFO spark.CacheManager: Partition rdd_42_36 not found, computing it
17/06/09 20:11:08 INFO python.PythonRunner: Times: total = 38, boot = 12, init = 26, finish = 0
17/06/09 20:11:08 INFO executor.CoarseGrainedExecutorBackend: Got assigned task 1239
17/06/09 20:11:08 INFO spark.CacheManager: Partition rdd_42_39 not found, computing it
17/06/09 20:11:08 INFO storage.MemoryStore: Block rdd_42_37 stored as bytes in memory (estimated size 939.0 B, free 835.5 KB)
17/06/09 20:11:08 INFO python.PythonRunner: Times: total = 51, boot = 8, init = 38, finish = 5
17/06/09 20:11:08 INFO executor.Executor: Finished task 36.0 in stage 26.0 (TID 1236). 2705 bytes result sent to driver
17/06/09 20:11:08 INFO executor.Executor: Finished task 39.0 in stage 26.0 (TID 1239). 2703 bytes result sent to driver
17/06/09 20:11:08 INFO executor.CoarseGrainedExecutorBackend: Got assigned task 1242
17/06/09 20:11:08 INFO executor.CoarseGrainedExecutorBackend: Got assigned task 1244
17/06/09 20:11:08 INFO storage.BlockManager: Found block rdd_42_0 locally
17/06/09 20:11:08 INFO python.PythonRunner: Times: total = 39, boot = -108, init = 146, finish = 1
17/06/09 20:11:08 INFO executor.Executor: Finished task 4.0 in stage 27.0 (TID 1244). 2685 bytes result sent to driver
17/06/09 20:11:08 INFO executor.Executor: Finished task 3.0 in stage 27.0 (TID 1243). 2651 bytes result sent to driver
17/06/09 20:11:08 INFO executor.Executor: Running task 7.0 in stage 27.0 (TID 1247)
17/06/09 20:11:09 INFO executor.Executor: Running task 9.0 in stage 27.0 (TID 1249)
17/06/09 20:11:09 INFO python.PythonRunner: Times: total = 40, boot = 26, init = 13, finish = 1
17/06/09 20:11:09 INFO executor.CoarseGrainedExecutorBackend: Got assigned task 1250
17/06/09 20:11:09 INFO executor.Executor: Finished task 7.0 in stage 27.0 (TID 1247). 2171 bytes result sent to driver
17/06/09 20:11:09 INFO executor.CoarseGrainedExecutorBackend: Got assigned task 1252
17/06/09 20:11:09 INFO executor.Executor: Running task 14.0 in stage 27.0 (TID 1254)
17/06/09 20:11:09 INFO python.PythonRunner: Times: total = 40, boot = 14, init = 25, finish = 1
17/06/09 20:11:09 INFO python.PythonRunner: Times: total = 42, boot = 13, init = 28, finish = 1
17/06/09 20:11:09 INFO storage.BlockManager: Found block rdd_42_15 locally
17/06/09 20:11:09 INFO executor.Executor: Finished task 13.0 in stage 27.0 (TID 1253). 2522 bytes result sent to driver
17/06/09 20:11:09 INFO executor.Executor: Running task 19.0 in stage 27.0 (TID 1259)
17/06/09 20:11:09 INFO python.PythonRunner: Times: total = 42, boot = 19, init = 22, finish = 1
17/06/09 20:11:09 INFO executor.Executor: Finished task 16.0 in stage 27.0 (TID 1256). 2171 bytes result sent to driver
17/06/09 20:11:09 INFO executor.Executor: Running task 21.0 in stage 27.0 (TID 1261)
17/06/09 20:11:09 INFO executor.CoarseGrainedExecutorBackend: Got assigned task 1262
17/06/09 20:11:09 INFO executor.CoarseGrainedExecutorBackend: Got assigned task 1264
17/06/09 20:11:09 INFO python.PythonRunner: Times: total = 40, boot = 17, init = 22, finish = 1
17/06/09 20:11:09 INFO executor.Executor: Finished task 21.0 in stage 27.0 (TID 1261). 2486 bytes result sent to driver
17/06/09 20:11:09 INFO python.PythonRunner: Times: total = 41, boot = 19, init = 21, finish = 1
17/06/09 20:11:09 INFO storage.BlockManager: Found block rdd_42_26 locally
17/06/09 20:11:09 INFO executor.CoarseGrainedExecutorBackend: Got assigned task 1269
17/06/09 20:11:09 INFO python.PythonRunner: Times: total = 42, boot = 14, init = 27, finish = 1
17/06/09 20:11:09 INFO executor.Executor: Finished task 28.0 in stage 27.0 (TID 1268). 2349 bytes result sent to driver
17/06/09 20:11:09 INFO executor.CoarseGrainedExecutorBackend: Got assigned task 1271
17/06/09 20:11:09 INFO executor.Executor: Running task 33.0 in stage 27.0 (TID 1273)
17/06/09 20:11:09 INFO python.PythonRunner: Times: total = 108, boot = 28, init = 79, finish = 1
17/06/09 20:11:09 INFO python.PythonRunner: Times: total = 40, boot = -27, init = 66, finish = 1
17/06/09 20:11:09 INFO executor.Executor: Finished task 32.0 in stage 27.0 (TID 1272). 2801 bytes result sent to driver
17/06/09 20:11:09 INFO executor.CoarseGrainedExecutorBackend: Got assigned task 1276
17/06/09 20:11:09 INFO executor.Executor: Running task 38.0 in stage 27.0 (TID 1278)
17/06/09 20:11:09 INFO python.PythonRunner: Times: total = 41, boot = 11, init = 29, finish = 1
17/06/09 20:11:09 INFO python.PythonRunner: Times: total = 41, boot = 31, init = 9, finish = 1
17/06/09 20:11:09 INFO python.PythonRunner: Times: total = 42, boot = 27, init = 14, finish = 1
17/06/09 20:11:09 INFO executor.CoarseGrainedExecutorBackend: Got assigned task 1280
17/06/09 20:11:09 INFO executor.Executor: Running task 2.0 in stage 28.0 (TID 1282)
17/06/09 20:11:09 INFO broadcast.TorrentBroadcast: Started reading broadcast variable 39
17/06/09 20:11:10 INFO storage.BlockManager: Found block rdd_42_4 locally
17/06/09 20:11:10 INFO python.PythonRunner: Times: total = 38, boot = -784, init = 822, finish = 0
17/06/09 20:11:10 INFO executor.Executor: Finished task 3.0 in stage 28.0 (TID 1283). 2087 bytes result sent to driver
17/06/09 20:11:10 INFO executor.CoarseGrainedExecutorBackend: Got assigned task 1286
17/06/09 20:11:10 INFO executor.CoarseGrainedExecutorBackend: Got assigned task 1288
17/06/09 20:11:10 INFO executor.Executor: Running task 9.0 in stage 28.0 (TID 1289)
17/06/09 20:11:10 INFO python.PythonRunner: Times: total = 40, boot = 16, init = 24, finish = 0
17/06/09 20:11:10 INFO python.PythonRunner: Times: total = 42, boot = 13, init = 29, finish = 0
17/06/09 20:11:10 INFO executor.Executor: Running task 11.0 in stage 28.0 (TID 1291)
17/06/09 20:11:10 INFO storage.BlockManager: Found block rdd_42_10 locally
17/06/09 20:11:10 INFO executor.Executor: Running task 14.0 in stage 28.0 (TID 1294)
17/06/09 20:11:10 INFO python.PythonRunner: Times: total = 39, boot = 19, init = 20, finish = 0
17/06/09 20:11:10 INFO executor.Executor: Running task 15.0 in stage 28.0 (TID 1295)
17/06/09 20:11:10 INFO python.PythonRunner: Times: total = 42, boot = 17, init = 24, finish = 1
17/06/09 20:11:10 INFO executor.Executor: Finished task 13.0 in stage 28.0 (TID 1293). 2087 bytes result sent to driver
17/06/09 20:11:10 INFO executor.CoarseGrainedExecutorBackend: Got assigned task 1299
17/06/09 20:11:10 INFO python.PythonRunner: Times: total = 40, boot = 20, init = 20, finish = 0
17/06/09 20:11:10 INFO executor.CoarseGrainedExecutorBackend: Got assigned task 1300
17/06/09 20:11:10 INFO executor.Executor: Running task 21.0 in stage 28.0 (TID 1301)
17/06/09 20:11:10 INFO executor.Executor: Finished task 19.0 in stage 28.0 (TID 1299). 2087 bytes result sent to driver
17/06/09 20:11:10 INFO executor.CoarseGrainedExecutorBackend: Got assigned task 1304
17/06/09 20:11:10 INFO python.PythonRunner: Times: total = 38, boot = 18, init = 20, finish = 0
17/06/09 20:11:10 INFO executor.Executor: Running task 25.0 in stage 28.0 (TID 1305)
17/06/09 20:11:10 INFO storage.BlockManager: Found block rdd_42_25 locally
17/06/09 20:11:10 INFO storage.BlockManager: Found block rdd_42_26 locally
17/06/09 20:11:10 INFO executor.CoarseGrainedExecutorBackend: Got assigned task 1309
17/06/09 20:11:10 INFO python.PythonRunner: Times: total = 41, boot = 17, init = 24, finish = 0
17/06/09 20:11:10 INFO executor.Executor: Running task 30.0 in stage 28.0 (TID 1310)
17/06/09 20:11:10 INFO storage.BlockManager: Found block rdd_42_30 locally
17/06/09 20:11:10 INFO storage.BlockManager: Found block rdd_42_31 locally
17/06/09 20:11:10 INFO executor.CoarseGrainedExecutorBackend: Got assigned task 1314
17/06/09 20:11:10 INFO python.PythonRunner: Times: total = 41, boot = 19, init = 22, finish = 0
17/06/09 20:11:10 INFO executor.Executor: Running task 35.0 in stage 28.0 (TID 1315)
17/06/09 20:11:10 INFO storage.BlockManager: Found block rdd_42_35 locally
17/06/09 20:11:10 INFO storage.BlockManager: Found block rdd_42_36 locally
17/06/09 20:11:10 INFO executor.CoarseGrainedExecutorBackend: Got assigned task 1319
17/06/09 20:11:10 INFO python.PythonRunner: Times: total = 41, boot = 19, init = 22, finish = 0
17/06/09 20:11:10 INFO python.PythonRunner: Times: total = 42, boot = 19, init = 22, finish = 1
17/06/09 20:11:10 INFO executor.CoarseGrainedExecutorBackend: Got assigned task 1321
17/06/09 20:11:10 INFO executor.CoarseGrainedExecutorBackend: Got assigned task 1323
17/06/09 20:11:10 INFO storage.MemoryStore: Block broadcast_40_piece0 stored as bytes in memory (estimated size 6.0 KB, free 874.3 KB)
17/06/09 20:11:10 INFO storage.BlockManager: Found block rdd_42_3 locally
17/06/09 20:11:10 INFO python.PythonRunner: Times: total = 40, boot = -80, init = 119, finish = 1
17/06/09 20:11:10 INFO executor.Executor: Finished task 0.0 in stage 29.0 (TID 1320). 2128 bytes result sent to driver
17/06/09 20:11:10 INFO executor.CoarseGrainedExecutorBackend: Got assigned task 1326
17/06/09 20:11:10 INFO executor.Executor: Running task 8.0 in stage 29.0 (TID 1328)
17/06/09 20:11:10 INFO storage.BlockManager: Found block rdd_42_8 locally
17/06/09 20:11:10 INFO python.PythonRunner: Times: total = 43, boot = 25, init = 17, finish = 1
17/06/09 20:11:10 INFO executor.Executor: Finished task 8.0 in stage 29.0 (TID 1328). 2128 bytes result sent to driver
17/06/09 20:11:10 INFO executor.CoarseGrainedExecutorBackend: Got assigned task 1331
17/06/09 20:11:10 INFO executor.Executor: Running task 13.0 in stage 29.0 (TID 1333)
17/06/09 20:11:10 INFO storage.BlockManager: Found block rdd_42_12 locally
17/06/09 20:11:10 INFO executor.Executor: Finished task 11.0 in stage 29.0 (TID 1331). 2128 bytes result sent to driver
17/06/09 20:11:10 INFO executor.CoarseGrainedExecutorBackend: Got assigned task 1335
17/06/09 20:11:10 INFO executor.Executor: Running task 16.0 in stage 29.0 (TID 1336)
17/06/09 20:11:10 INFO executor.Executor: Running task 18.0 in stage 29.0 (TID 1338)
17/06/09 20:11:10 INFO storage.BlockManager: Found block rdd_42_17 locally
17/06/09 20:11:11 INFO python.PythonRunner: Times: total = 39, boot = 18, init = 20, finish = 1
17/06/09 20:11:11 INFO python.PythonRunner: Times: total = 41, boot = 15, init = 25, finish = 1
17/06/09 20:11:11 INFO executor.Executor: Running task 21.0 in stage 29.0 (TID 1341)
17/06/09 20:11:11 INFO executor.Executor: Running task 23.0 in stage 29.0 (TID 1343)
17/06/09 20:11:11 INFO storage.BlockManager: Found block rdd_42_22 locally
17/06/09 20:11:11 INFO python.PythonRunner: Times: total = 42, boot = 20, init = 21, finish = 1
17/06/09 20:11:11 INFO python.PythonRunner: Times: total = 41, boot = 15, init = 25, finish = 1
17/06/09 20:11:11 INFO executor.CoarseGrainedExecutorBackend: Got assigned task 1346
17/06/09 20:11:11 INFO storage.BlockManager: Found block rdd_42_25 locally
17/06/09 20:11:11 INFO storage.BlockManager: Found block rdd_42_28 locally
17/06/09 20:11:11 INFO python.PythonRunner: Times: total = 42, boot = 18, init = 23, finish = 1
17/06/09 20:11:11 INFO executor.Executor: Finished task 26.0 in stage 29.0 (TID 1346). 2128 bytes result sent to driver
17/06/09 20:11:11 INFO executor.Executor: Running task 31.0 in stage 29.0 (TID 1351)
17/06/09 20:11:11 INFO storage.BlockManager: Found block rdd_42_30 locally
