17/06/09 20:10:40 INFO spark.SecurityManager: Changing modify acls to: yarn,curi
17/06/09 20:10:41 INFO Remoting: Remoting started; listening on addresses :[akka.tcp://sparkExecutorActorSystem@mesos-slave-07:55904]
17/06/09 20:10:42 INFO util.Utils: Successfully started service 'org.apache.spark.network.netty.NettyBlockTransferService' on port 40984.
17/06/09 20:10:45 INFO executor.CoarseGrainedExecutorBackend: Got assigned task 3
17/06/09 20:10:45 INFO broadcast.TorrentBroadcast: Started reading broadcast variable 9
17/06/09 20:10:46 INFO spark.CacheManager: Partition rdd_2_2 not found, computing it
17/06/09 20:10:46 INFO broadcast.TorrentBroadcast: Started reading broadcast variable 8
17/06/09 20:10:47 INFO Configuration.deprecation: mapred.job.id is deprecated. Instead, use mapreduce.job.id
17/06/09 20:10:48 INFO storage.MemoryStore: Block broadcast_4_piece0 stored as bytes in memory (estimated size 95.0 B, free 317.6 KB)
17/06/09 20:10:48 INFO broadcast.TorrentBroadcast: Started reading broadcast variable 1
17/06/09 20:10:48 INFO storage.MemoryStore: Block broadcast_2 stored as values in memory (estimated size 384.0 B, free 319.4 KB)
17/06/09 20:10:48 INFO storage.MemoryStore: Block rdd_2_3 stored as bytes in memory (estimated size 930.0 B, free 321.2 KB)
17/06/09 20:10:48 INFO python.PythonRunner: Times: total = 40, boot = 7, init = 33, finish = 0
17/06/09 20:10:52 INFO executor.CoarseGrainedExecutorBackend: Got assigned task 42
17/06/09 20:10:52 INFO executor.CoarseGrainedExecutorBackend: Got assigned task 78
17/06/09 20:10:52 INFO storage.BlockManager: Found block rdd_2_0 locally
17/06/09 20:10:52 INFO python.PythonRunner: Times: total = 42, boot = -4121, init = 4162, finish = 1
17/06/09 20:10:52 INFO executor.Executor: Finished task 2.0 in stage 1.0 (TID 69). 2523 bytes result sent to driver
17/06/09 20:10:52 INFO executor.CoarseGrainedExecutorBackend: Got assigned task 118
17/06/09 20:10:52 INFO storage.MemoryStore: Block broadcast_11 stored as values in memory (estimated size 9.2 KB, free 353.9 KB)
17/06/09 20:10:52 INFO python.PythonRunner: Times: total = 39, boot = -147, init = 186, finish = 0
17/06/09 20:10:52 INFO executor.Executor: Finished task 1.0 in stage 2.0 (TID 101). 2087 bytes result sent to driver
17/06/09 20:10:53 INFO executor.Executor: Running task 2.0 in stage 3.0 (TID 150)
17/06/09 20:10:53 INFO broadcast.TorrentBroadcast: Reading broadcast variable 12 took 30 ms
17/06/09 20:10:53 INFO storage.BlockManager: Found block rdd_2_4 locally
17/06/09 20:10:53 INFO python.PythonRunner: Times: total = 41, boot = -160, init = 200, finish = 1
17/06/09 20:10:53 INFO storage.MemoryStore: Block rdd_6_0 stored as bytes in memory (estimated size 265.0 B, free 370.7 KB)
17/06/09 20:10:53 INFO python.PythonRunner: Times: total = 40, boot = 5, init = 35, finish = 0
17/06/09 20:10:53 INFO executor.Executor: Running task 1.0 in stage 4.0 (TID 185)
17/06/09 20:10:53 INFO executor.Executor: Running task 4.0 in stage 4.0 (TID 199)
17/06/09 20:10:53 INFO storage.BlockManager: Found block rdd_6_2 locally
17/06/09 20:10:53 INFO executor.Executor: Finished task 0.0 in stage 4.0 (TID 171). 2099 bytes result sent to driver
17/06/09 20:10:53 INFO executor.CoarseGrainedExecutorBackend: Got assigned task 220
17/06/09 20:10:53 INFO executor.CoarseGrainedExecutorBackend: Got assigned task 239
17/06/09 20:10:53 INFO storage.BlockManager: Found block rdd_2_3 locally
17/06/09 20:10:53 INFO python.PythonRunner: Times: total = 42, boot = -79, init = 120, finish = 1
17/06/09 20:10:53 INFO executor.Executor: Running task 0.0 in stage 6.0 (TID 247)
17/06/09 20:10:53 INFO executor.Executor: Running task 3.0 in stage 6.0 (TID 278)
17/06/09 20:10:53 INFO storage.BlockManager: Found block rdd_2_4 locally
17/06/09 20:10:53 INFO python.PythonRunner: Times: total = 39, boot = -103, init = 142, finish = 0
17/06/09 20:10:53 INFO executor.CoarseGrainedExecutorBackend: Got assigned task 285
17/06/09 20:10:53 INFO executor.Executor: Running task 3.0 in stage 7.0 (TID 318)
17/06/09 20:10:53 INFO spark.CacheManager: Partition rdd_11_0 not found, computing it
17/06/09 20:10:53 INFO storage.BlockManager: Found block rdd_2_3 locally
17/06/09 20:10:53 INFO python.PythonRunner: Times: total = 42, boot = -107, init = 148, finish = 1
17/06/09 20:10:54 INFO python.PythonRunner: Times: total = 41, boot = 28, init = 13, finish = 0
17/06/09 20:10:54 INFO executor.Executor: Finished task 1.0 in stage 7.0 (TID 299). 2667 bytes result sent to driver
17/06/09 20:10:54 INFO executor.Executor: Running task 2.0 in stage 8.0 (TID 349)
17/06/09 20:10:54 INFO broadcast.TorrentBroadcast: Reading broadcast variable 17 took 12 ms
17/06/09 20:10:54 INFO python.PythonRunner: Times: total = 39, boot = -109, init = 148, finish = 0
17/06/09 20:10:54 INFO executor.Executor: Finished task 4.0 in stage 8.0 (TID 359). 2141 bytes result sent to driver
17/06/09 20:10:54 INFO executor.CoarseGrainedExecutorBackend: Got assigned task 388
17/06/09 20:10:54 INFO storage.MemoryStore: Block broadcast_18_piece0 stored as bytes in memory (estimated size 5.8 KB, free 454.4 KB)
17/06/09 20:10:54 INFO storage.BlockManager: Found block rdd_2_1 locally
17/06/09 20:10:54 INFO executor.Executor: Finished task 2.0 in stage 9.0 (TID 388). 2239 bytes result sent to driver
17/06/09 20:10:54 INFO executor.Executor: Running task 1.0 in stage 10.0 (TID 416)
17/06/09 20:10:54 INFO executor.Executor: Running task 4.0 in stage 10.0 (TID 439)
17/06/09 20:10:54 INFO storage.BlockManager: Found block rdd_2_2 locally
17/06/09 20:10:54 INFO executor.Executor: Finished task 3.0 in stage 10.0 (TID 438). 2087 bytes result sent to driver
17/06/09 20:10:54 INFO executor.CoarseGrainedExecutorBackend: Got assigned task 464
17/06/09 20:10:54 INFO executor.CoarseGrainedExecutorBackend: Got assigned task 479
17/06/09 20:10:54 INFO spark.CacheManager: Partition rdd_16_3 not found, computing it
17/06/09 20:10:54 INFO storage.BlockManager: Found block rdd_2_1 locally
17/06/09 20:10:54 INFO storage.MemoryStore: Block rdd_16_0 stored as bytes in memory (estimated size 191.0 B, free 386.6 KB)
17/06/09 20:10:54 INFO executor.Executor: Finished task 4.0 in stage 11.0 (TID 479). 2667 bytes result sent to driver
17/06/09 20:10:54 INFO executor.CoarseGrainedExecutorBackend: Got assigned task 480
17/06/09 20:10:54 INFO executor.CoarseGrainedExecutorBackend: Got assigned task 518
17/06/09 20:10:54 INFO storage.BlockManager: Found block rdd_16_0 locally
17/06/09 20:10:55 INFO python.PythonRunner: Times: total = 39, boot = -157, init = 196, finish = 0
17/06/09 20:10:55 INFO executor.Executor: Finished task 2.0 in stage 12.0 (TID 508). 2155 bytes result sent to driver
17/06/09 20:10:55 INFO broadcast.TorrentBroadcast: Started reading broadcast variable 22
17/06/09 20:10:55 INFO storage.MemoryStore: Block broadcast_22 stored as values in memory (estimated size 9.6 KB, free 418.6 KB)
17/06/09 20:10:55 INFO python.PythonRunner: Times: total = 42, boot = -73, init = 114, finish = 1
17/06/09 20:10:55 INFO executor.Executor: Finished task 1.0 in stage 13.0 (TID 542). 2241 bytes result sent to driver
17/06/09 20:10:55 INFO executor.Executor: Running task 2.0 in stage 14.0 (TID 590)
17/06/09 20:10:55 INFO broadcast.TorrentBroadcast: Reading broadcast variable 23 took 11 ms
17/06/09 20:10:55 INFO python.PythonRunner: Times: total = 39, boot = -90, init = 129, finish = 0
17/06/09 20:10:55 INFO executor.Executor: Finished task 0.0 in stage 14.0 (TID 562). 2087 bytes result sent to driver
17/06/09 20:10:55 INFO executor.CoarseGrainedExecutorBackend: Got assigned task 636
17/06/09 20:10:55 INFO storage.MemoryStore: Block broadcast_24_piece0 stored as bytes in memory (estimated size 5.6 KB, free 393.0 KB)
17/06/09 20:10:55 INFO spark.CacheManager: Partition rdd_21_0 not found, computing it
17/06/09 20:10:55 INFO python.PythonRunner: Times: total = 39, boot = -96, init = 135, finish = 0
17/06/09 20:10:55 INFO storage.MemoryStore: Block rdd_21_2 stored as bytes in memory (estimated size 163.0 B, free 403.5 KB)
17/06/09 20:10:55 INFO python.PythonRunner: Times: total = 42, boot = 18, init = 24, finish = 0
17/06/09 20:10:55 INFO executor.CoarseGrainedExecutorBackend: Got assigned task 657
17/06/09 20:10:55 INFO executor.CoarseGrainedExecutorBackend: Got assigned task 679
17/06/09 20:10:55 INFO storage.BlockManager: Found block rdd_21_3 locally
17/06/09 20:10:55 INFO python.PythonRunner: Times: total = 43, boot = -104, init = 146, finish = 1
17/06/09 20:10:55 INFO executor.Executor: Running task 0.0 in stage 17.0 (TID 692)
17/06/09 20:10:55 INFO executor.Executor: Running task 3.0 in stage 17.0 (TID 718)
17/06/09 20:10:55 INFO storage.BlockManager: Found block rdd_2_4 locally
17/06/09 20:10:55 INFO python.PythonRunner: Times: total = 44, boot = -72, init = 115, finish = 1
17/06/09 20:10:55 INFO executor.CoarseGrainedExecutorBackend: Got assigned task 722
17/06/09 20:10:55 INFO executor.Executor: Running task 3.0 in stage 18.0 (TID 758)
17/06/09 20:10:55 INFO storage.BlockManager: Found block rdd_2_0 locally
17/06/09 20:10:56 INFO python.PythonRunner: Times: total = 40, boot = -75, init = 115, finish = 0
17/06/09 20:10:56 INFO executor.Executor: Finished task 2.0 in stage 18.0 (TID 750). 2087 bytes result sent to driver
17/06/09 20:10:56 INFO executor.CoarseGrainedExecutorBackend: Got assigned task 798
17/06/09 20:10:56 INFO storage.MemoryStore: Block broadcast_28 stored as values in memory (estimated size 9.8 KB, free 419.6 KB)
17/06/09 20:10:56 INFO storage.BlockManager: Found block rdd_2_4 locally
17/06/09 20:10:56 INFO storage.MemoryStore: Block rdd_26_0 stored as bytes in memory (estimated size 16.0 B, free 419.6 KB)
17/06/09 20:10:56 INFO python.PythonRunner: Times: total = 38, boot = 23, init = 15, finish = 0
17/06/09 20:10:56 INFO python.PythonRunner: Times: total = 39, boot = 18, init = 21, finish = 0
17/06/09 20:10:56 INFO executor.CoarseGrainedExecutorBackend: Got assigned task 833
17/06/09 20:10:56 INFO storage.MemoryStore: Block broadcast_29_piece0 stored as bytes in memory (estimated size 5.7 KB, free 379.5 KB)
17/06/09 20:10:56 INFO storage.BlockManager: Found block rdd_26_1 locally
17/06/09 20:10:56 INFO executor.Executor: Finished task 3.0 in stage 20.0 (TID 838). 2076 bytes result sent to driver
17/06/09 20:10:56 INFO executor.Executor: Running task 1.0 in stage 21.0 (TID 867)
17/06/09 20:10:56 INFO executor.Executor: Running task 4.0 in stage 21.0 (TID 879)
17/06/09 20:10:56 INFO storage.BlockManager: Found block rdd_2_2 locally
17/06/09 20:10:56 INFO python.PythonRunner: Times: total = 41, boot = -58, init = 98, finish = 1
17/06/09 20:10:56 INFO executor.CoarseGrainedExecutorBackend: Got assigned task 900
17/06/09 20:10:56 INFO executor.Executor: Running task 4.0 in stage 22.0 (TID 919)
17/06/09 20:10:56 INFO spark.CacheManager: Partition rdd_30_3 not found, computing it
17/06/09 20:10:56 INFO storage.BlockManager: Found block rdd_2_1 locally
17/06/09 20:10:56 INFO storage.MemoryStore: Block rdd_30_1 stored as bytes in memory (estimated size 165.0 B, free 405.6 KB)
17/06/09 20:10:56 INFO executor.Executor: Finished task 0.0 in stage 22.0 (TID 886). 2667 bytes result sent to driver
17/06/09 20:10:56 INFO executor.CoarseGrainedExecutorBackend: Got assigned task 926
17/06/09 20:10:56 INFO executor.CoarseGrainedExecutorBackend: Got assigned task 958
17/06/09 20:10:56 INFO storage.BlockManager: Found block rdd_30_0 locally
17/06/09 20:10:56 INFO python.PythonRunner: Times: total = 40, boot = -132, init = 172, finish = 0
17/06/09 20:10:56 INFO executor.Executor: Finished task 1.0 in stage 23.0 (TID 940). 2223 bytes result sent to driver
17/06/09 20:10:57 INFO executor.CoarseGrainedExecutorBackend: Got assigned task 1012
17/06/09 20:10:57 INFO storage.MemoryStore: Block broadcast_33 stored as values in memory (estimated size 82.1 KB, free 486.9 KB)
17/06/09 20:10:57 INFO output.FileOutputCommitter: File Output Committer Algorithm version is 1
17/06/09 20:10:57 INFO python.PythonRunner: Times: total = 39, boot = -342, init = 381, finish = 0
17/06/09 20:10:57 INFO mapred.SparkHadoopMapRedUtil: attempt_201706092018_0024_m_000004_1026: Committed
17/06/09 20:10:57 INFO executor.Executor: Finished task 1.0 in stage 24.0 (TID 984). 2364 bytes result sent to driver
17/06/09 20:10:57 INFO executor.CoarseGrainedExecutorBackend: Got assigned task 1127
17/06/09 20:10:57 INFO storage.BlockManager: Found block rdd_11_1 locally
17/06/09 20:10:57 INFO output.FileOutputCommitter: File Output Committer Algorithm version is 1
17/06/09 20:10:57 INFO output.FileOutputCommitter: Saved output of task 'attempt_201706092018_0024_m_000044_1129' to hdfs://10.10.34.11:9000/pjhe/test/1/_temporary/0/task_201706092018_0024_m_000044
17/06/09 20:10:57 INFO mapred.SparkHadoopMapRedUtil: attempt_201706092018_0024_m_000042_1127: Committed
17/06/09 20:10:57 INFO executor.Executor: Finished task 41.0 in stage 24.0 (TID 1126). 2364 bytes result sent to driver
17/06/09 20:10:57 INFO executor.CoarseGrainedExecutorBackend: Got assigned task 1138
17/06/09 20:10:57 INFO storage.BlockManager: Found block rdd_16_3 locally
17/06/09 20:10:57 INFO python.PythonRunner: Times: total = 37, boot = -87, init = 124, finish = 0
17/06/09 20:10:58 INFO output.FileOutputCommitter: Saved output of task 'attempt_201706092018_0024_m_000084_1141' to hdfs://10.10.34.11:9000/pjhe/test/1/_temporary/0/task_201706092018_0024_m_000084
17/06/09 20:10:58 INFO mapred.SparkHadoopMapRedUtil: attempt_201706092018_0024_m_000081_1136: Committed
17/06/09 20:10:58 INFO executor.Executor: Running task 120.0 in stage 24.0 (TID 1145)
17/06/09 20:10:58 INFO executor.CoarseGrainedExecutorBackend: Got assigned task 1151
17/06/09 20:10:58 INFO output.FileOutputCommitter: File Output Committer Algorithm version is 1
17/06/09 20:10:58 INFO output.FileOutputCommitter: File Output Committer Algorithm version is 1
17/06/09 20:10:58 INFO python.PythonRunner: Times: total = 40, boot = -116, init = 156, finish = 0
17/06/09 20:10:58 INFO mapred.SparkHadoopMapRedUtil: attempt_201706092018_0024_m_000121_1146: Committed
17/06/09 20:10:58 INFO executor.Executor: Running task 161.0 in stage 24.0 (TID 1156)
17/06/09 20:10:58 INFO storage.BlockManager: Found block rdd_26_0 locally
17/06/09 20:10:58 INFO output.FileOutputCommitter: Saved output of task 'attempt_201706092018_0024_m_000160_1155' to hdfs://10.10.34.11:9000/pjhe/test/1/_temporary/0/task_201706092018_0024_m_000160
17/06/09 20:10:58 INFO output.FileOutputCommitter: Saved output of task 'attempt_201706092018_0024_m_000163_1158' to hdfs://10.10.34.11:9000/pjhe/test/1/_temporary/0/task_201706092018_0024_m_000163
17/06/09 20:10:58 INFO python.PythonRunner: Times: total = 37, boot = -62, init = 99, finish = 0
17/06/09 20:10:58 INFO executor.Executor: Finished task 162.0 in stage 24.0 (TID 1157). 2364 bytes result sent to driver
17/06/09 20:10:58 INFO executor.Executor: Running task 2.0 in stage 25.0 (TID 1194)
17/06/09 20:10:58 INFO broadcast.TorrentBroadcast: Reading broadcast variable 34 took 9 ms
17/06/09 20:10:59 INFO output.FileOutputCommitter: File Output Committer Algorithm version is 1
17/06/09 20:10:59 INFO python.PythonRunner: Times: total = 39, boot = -700, init = 739, finish = 0
17/06/09 20:10:59 INFO mapred.SparkHadoopMapRedUtil: attempt_201706092018_0025_m_000003_1198: Committed
17/06/09 20:10:59 INFO executor.Executor: Finished task 3.0 in stage 25.0 (TID 1198). 2364 bytes result sent to driver
17/06/09 20:11:07 INFO executor.Executor: Running task 1.0 in stage 26.0 (TID 1201)
17/06/09 20:11:07 INFO broadcast.TorrentBroadcast: Started reading broadcast variable 37
17/06/09 20:11:07 INFO spark.CacheManager: Partition rdd_42_4 not found, computing it
17/06/09 20:11:07 INFO rdd.HadoopRDD: Input split: hdfs://10.10.34.11:9000/pjhe/logs/2kSOSP.log:7292+7292
17/06/09 20:11:07 INFO python.PythonRunner: Times: total = 55, boot = -8768, init = 8818, finish = 5
17/06/09 20:11:07 INFO python.PythonRunner: Times: total = 42, boot = 25, init = 16, finish = 1
17/06/09 20:11:07 INFO rdd.HadoopRDD: Input split: hdfs://10.10.34.11:9000/pjhe/logs/2kSOSP.log:36460+7292
17/06/09 20:11:07 INFO executor.CoarseGrainedExecutorBackend: Got assigned task 1206
17/06/09 20:11:07 INFO executor.Executor: Running task 9.0 in stage 26.0 (TID 1209)
17/06/09 20:11:07 INFO spark.CacheManager: Partition rdd_42_9 not found, computing it
17/06/09 20:11:08 INFO storage.MemoryStore: Block rdd_42_6 stored as bytes in memory (estimated size 559.0 B, free 809.8 KB)
17/06/09 20:11:08 INFO executor.CoarseGrainedExecutorBackend: Got assigned task 1210
17/06/09 20:11:08 INFO executor.Executor: Finished task 6.0 in stage 26.0 (TID 1206). 2697 bytes result sent to driver
17/06/09 20:11:08 INFO executor.Executor: Running task 12.0 in stage 26.0 (TID 1212)
17/06/09 20:11:08 INFO executor.Executor: Running task 14.0 in stage 26.0 (TID 1214)
17/06/09 20:11:08 INFO python.PythonRunner: Times: total = 48, boot = 8, init = 35, finish = 5
17/06/09 20:11:08 INFO python.PythonRunner: Times: total = 58, boot = 13, init = 40, finish = 5
17/06/09 20:11:08 INFO spark.CacheManager: Partition rdd_42_15 not found, computing it
17/06/09 20:11:08 INFO executor.Executor: Running task 16.0 in stage 26.0 (TID 1216)
17/06/09 20:11:08 INFO executor.Executor: Finished task 12.0 in stage 26.0 (TID 1212). 2703 bytes result sent to driver
17/06/09 20:11:08 INFO executor.Executor: Running task 19.0 in stage 26.0 (TID 1219)
17/06/09 20:11:08 INFO python.PythonRunner: Times: total = 53, boot = 14, init = 34, finish = 5
17/06/09 20:11:08 INFO storage.MemoryStore: Block rdd_42_18 stored as bytes in memory (estimated size 955.0 B, free 820.8 KB)
17/06/09 20:11:08 INFO python.PythonRunner: Times: total = 38, boot = 24, init = 14, finish = 0
17/06/09 20:11:08 INFO executor.Executor: Running task 22.0 in stage 26.0 (TID 1222)
17/06/09 20:11:08 INFO executor.Executor: Finished task 18.0 in stage 26.0 (TID 1218). 2703 bytes result sent to driver
17/06/09 20:11:08 INFO rdd.HadoopRDD: Input split: hdfs://10.10.34.11:9000/pjhe/logs/2kSOSP.log:167716+7292
17/06/09 20:11:08 INFO storage.MemoryStore: Block rdd_42_22 stored as bytes in memory (estimated size 737.0 B, free 822.5 KB)
17/06/09 20:11:08 INFO executor.Executor: Finished task 20.0 in stage 26.0 (TID 1220). 2703 bytes result sent to driver
17/06/09 20:11:08 INFO executor.Executor: Finished task 22.0 in stage 26.0 (TID 1222). 2703 bytes result sent to driver
17/06/09 20:11:08 INFO rdd.HadoopRDD: Input split: hdfs://10.10.34.11:9000/pjhe/logs/2kSOSP.log:189592+7292
17/06/09 20:11:08 INFO executor.CoarseGrainedExecutorBackend: Got assigned task 1228
17/06/09 20:11:08 INFO rdd.HadoopRDD: Input split: hdfs://10.10.34.11:9000/pjhe/logs/2kSOSP.log:211468+7292
17/06/09 20:11:08 INFO python.PythonRunner: Times: total = 52, boot = 7, init = 40, finish = 5
17/06/09 20:11:08 INFO executor.Executor: Running task 30.0 in stage 26.0 (TID 1230)
17/06/09 20:11:08 INFO executor.CoarseGrainedExecutorBackend: Got assigned task 1231
17/06/09 20:11:08 INFO spark.CacheManager: Partition rdd_42_32 not found, computing it
17/06/09 20:11:08 INFO executor.CoarseGrainedExecutorBackend: Got assigned task 1234
17/06/09 20:11:08 INFO storage.MemoryStore: Block rdd_42_30 stored as bytes in memory (estimated size 906.0 B, free 830.3 KB)
17/06/09 20:11:08 INFO python.PythonRunner: Times: total = 50, boot = 6, init = 39, finish = 5
17/06/09 20:11:08 INFO storage.MemoryStore: Block rdd_42_33 stored as bytes in memory (estimated size 869.0 B, free 833.7 KB)
17/06/09 20:11:08 INFO executor.CoarseGrainedExecutorBackend: Got assigned task 1237
17/06/09 20:11:08 INFO python.PythonRunner: Times: total = 38, boot = 12, init = 26, finish = 0
17/06/09 20:11:08 INFO python.PythonRunner: Times: total = 47, boot = 17, init = 23, finish = 7
17/06/09 20:11:08 INFO python.PythonRunner: Times: total = 53, boot = 12, init = 36, finish = 5
17/06/09 20:11:08 INFO storage.MemoryStore: Block rdd_42_38 stored as bytes in memory (estimated size 974.0 B, free 837.4 KB)
17/06/09 20:11:08 INFO python.PythonRunner: Times: total = 38, boot = 18, init = 20, finish = 0
17/06/09 20:11:08 INFO executor.CoarseGrainedExecutorBackend: Got assigned task 1242
17/06/09 20:11:08 INFO storage.MemoryStore: Block broadcast_38_piece0 stored as bytes in memory (estimated size 5.8 KB, free 844.0 KB)
17/06/09 20:11:08 INFO storage.BlockManager: Found block rdd_42_1 locally
17/06/09 20:11:08 INFO python.PythonRunner: Times: total = 42, boot = -66, init = 107, finish = 1
17/06/09 20:11:08 INFO executor.Executor: Running task 6.0 in stage 27.0 (TID 1246)
17/06/09 20:11:09 INFO executor.Executor: Running task 9.0 in stage 27.0 (TID 1249)
17/06/09 20:11:09 INFO python.PythonRunner: Times: total = 42, boot = 13, init = 28, finish = 1
17/06/09 20:11:09 INFO executor.Executor: Finished task 6.0 in stage 27.0 (TID 1246). 2220 bytes result sent to driver
17/06/09 20:11:09 INFO executor.Executor: Running task 12.0 in stage 27.0 (TID 1252)
17/06/09 20:11:09 INFO storage.BlockManager: Found block rdd_42_13 locally
17/06/09 20:11:09 INFO python.PythonRunner: Times: total = 42, boot = 13, init = 28, finish = 1
17/06/09 20:11:09 INFO executor.CoarseGrainedExecutorBackend: Got assigned task 1256
17/06/09 20:11:09 INFO executor.CoarseGrainedExecutorBackend: Got assigned task 1259
17/06/09 20:11:09 INFO executor.Executor: Finished task 15.0 in stage 27.0 (TID 1255). 2523 bytes result sent to driver
17/06/09 20:11:09 INFO storage.BlockManager: Found block rdd_42_20 locally
17/06/09 20:11:09 INFO executor.CoarseGrainedExecutorBackend: Got assigned task 1262
17/06/09 20:11:09 INFO storage.BlockManager: Found block rdd_42_22 locally
17/06/09 20:11:09 INFO executor.Executor: Running task 25.0 in stage 27.0 (TID 1265)
17/06/09 20:11:09 INFO storage.BlockManager: Found block rdd_42_25 locally
17/06/09 20:11:09 INFO executor.CoarseGrainedExecutorBackend: Got assigned task 1268
17/06/09 20:11:09 INFO python.PythonRunner: Times: total = 42, boot = 14, init = 27, finish = 1
17/06/09 20:11:09 INFO executor.Executor: Finished task 25.0 in stage 27.0 (TID 1265). 2355 bytes result sent to driver
17/06/09 20:11:09 INFO executor.CoarseGrainedExecutorBackend: Got assigned task 1273
17/06/09 20:11:09 INFO executor.Executor: Finished task 29.0 in stage 27.0 (TID 1269). 2349 bytes result sent to driver
17/06/09 20:11:09 INFO python.PythonRunner: Times: total = 41, boot = -24, init = 64, finish = 1
17/06/09 20:11:09 INFO executor.CoarseGrainedExecutorBackend: Got assigned task 1276
17/06/09 20:11:09 INFO storage.BlockManager: Found block rdd_42_37 locally
17/06/09 20:11:09 INFO storage.BlockManager: Found block rdd_42_39 locally
17/06/09 20:11:09 INFO executor.Executor: Finished task 37.0 in stage 27.0 (TID 1277). 2349 bytes result sent to driver
17/06/09 20:11:09 INFO executor.Executor: Running task 1.0 in stage 28.0 (TID 1281)
17/06/09 20:11:09 INFO broadcast.TorrentBroadcast: Started reading broadcast variable 39
17/06/09 20:11:10 INFO storage.BlockManager: Found block rdd_42_2 locally
17/06/09 20:11:10 INFO executor.Executor: Finished task 2.0 in stage 28.0 (TID 1282). 2087 bytes result sent to driver
17/06/09 20:11:10 INFO executor.Executor: Running task 6.0 in stage 28.0 (TID 1286)
17/06/09 20:11:10 INFO storage.BlockManager: Found block rdd_42_6 locally
17/06/09 20:11:10 INFO python.PythonRunner: Times: total = 40, boot = 16, init = 24, finish = 0
17/06/09 20:11:10 INFO executor.CoarseGrainedExecutorBackend: Got assigned task 1290
17/06/09 20:11:10 INFO executor.Executor: Running task 12.0 in stage 28.0 (TID 1292)
17/06/09 20:11:10 INFO storage.BlockManager: Found block rdd_42_12 locally
17/06/09 20:11:10 INFO executor.Executor: Finished task 12.0 in stage 28.0 (TID 1292). 2087 bytes result sent to driver
17/06/09 20:11:10 INFO python.PythonRunner: Times: total = 42, boot = 17, init = 24, finish = 1
17/06/09 20:11:10 INFO executor.CoarseGrainedExecutorBackend: Got assigned task 1298
17/06/09 20:11:10 INFO python.PythonRunner: Times: total = 40, boot = 19, init = 21, finish = 0
17/06/09 20:11:10 INFO executor.Executor: Running task 20.0 in stage 28.0 (TID 1300)
17/06/09 20:11:10 INFO storage.BlockManager: Found block rdd_42_20 locally
17/06/09 20:11:10 INFO executor.CoarseGrainedExecutorBackend: Got assigned task 1304
17/06/09 20:11:10 INFO executor.Executor: Finished task 21.0 in stage 28.0 (TID 1301). 2087 bytes result sent to driver
17/06/09 20:11:10 INFO python.PythonRunner: Times: total = 39, boot = 15, init = 23, finish = 1
17/06/09 20:11:10 INFO executor.Executor: Finished task 23.0 in stage 28.0 (TID 1303). 2087 bytes result sent to driver
17/06/09 20:11:10 INFO storage.BlockManager: Found block rdd_42_29 locally
17/06/09 20:11:10 INFO executor.Executor: Running task 30.0 in stage 28.0 (TID 1310)
17/06/09 20:11:10 INFO executor.CoarseGrainedExecutorBackend: Got assigned task 1312
17/06/09 20:11:10 INFO storage.BlockManager: Found block rdd_42_32 locally
17/06/09 20:11:10 INFO executor.Executor: Finished task 30.0 in stage 28.0 (TID 1310). 2087 bytes result sent to driver
17/06/09 20:11:10 INFO executor.Executor: Finished task 32.0 in stage 28.0 (TID 1312). 2087 bytes result sent to driver
17/06/09 20:11:10 INFO storage.BlockManager: Found block rdd_42_36 locally
17/06/09 20:11:10 INFO storage.BlockManager: Found block rdd_42_38 locally
17/06/09 20:11:10 INFO executor.Executor: Finished task 37.0 in stage 28.0 (TID 1317). 2087 bytes result sent to driver
17/06/09 20:11:10 INFO executor.Executor: Running task 0.0 in stage 29.0 (TID 1320)
17/06/09 20:11:10 INFO executor.Executor: Running task 4.0 in stage 29.0 (TID 1324)
17/06/09 20:11:10 INFO storage.BlockManager: Found block rdd_42_3 locally
17/06/09 20:11:10 INFO executor.Executor: Finished task 3.0 in stage 29.0 (TID 1323). 2128 bytes result sent to driver
17/06/09 20:11:10 INFO executor.Executor: Running task 5.0 in stage 29.0 (TID 1325)
17/06/09 20:11:10 INFO executor.CoarseGrainedExecutorBackend: Got assigned task 1329
17/06/09 20:11:10 INFO python.PythonRunner: Times: total = 39, boot = 18, init = 20, finish = 1
17/06/09 20:11:10 INFO executor.Executor: Finished task 8.0 in stage 29.0 (TID 1328). 2128 bytes result sent to driver
17/06/09 20:11:10 INFO executor.CoarseGrainedExecutorBackend: Got assigned task 1332
17/06/09 20:11:10 INFO storage.BlockManager: Found block rdd_42_11 locally
17/06/09 20:11:10 INFO python.PythonRunner: Times: total = 39, boot = 15, init = 23, finish = 1
17/06/09 20:11:10 INFO executor.Executor: Finished task 14.0 in stage 29.0 (TID 1334). 2128 bytes result sent to driver
17/06/09 20:11:10 INFO executor.Executor: Running task 18.0 in stage 29.0 (TID 1338)
17/06/09 20:11:10 INFO storage.BlockManager: Found block rdd_42_19 locally
17/06/09 20:11:11 INFO executor.Executor: Finished task 18.0 in stage 29.0 (TID 1338). 2128 bytes result sent to driver
17/06/09 20:11:11 INFO executor.Executor: Finished task 19.0 in stage 29.0 (TID 1339). 2128 bytes result sent to driver
17/06/09 20:11:11 INFO executor.Executor: Running task 24.0 in stage 29.0 (TID 1344)
17/06/09 20:11:11 INFO python.PythonRunner: Times: total = 42, boot = 20, init = 21, finish = 1
17/06/09 20:11:11 INFO executor.Executor: Running task 25.0 in stage 29.0 (TID 1345)
17/06/09 20:11:11 INFO executor.CoarseGrainedExecutorBackend: Got assigned task 1348
17/06/09 20:11:11 INFO storage.BlockManager: Found block rdd_42_27 locally
17/06/09 20:11:11 INFO executor.Executor: Finished task 28.0 in stage 29.0 (TID 1348). 2128 bytes result sent to driver
17/06/09 20:11:11 INFO executor.Executor: Running task 31.0 in stage 29.0 (TID 1351)
17/06/09 20:11:11 INFO executor.CoarseGrainedExecutorBackend: Got assigned task 1354
