- 1117843015 2005.06.03 R21-M1-N6-C:J08-U11 2005-06-03-16.56.55.309974 R21-M1-N6-C:J08-U11 RAS KERNEL INFO 141 double-hummer alignment exceptions
- 1117956980 2005.06.05 R24-M1-NB-C:J15-U11 2005-06-05-00.36.20.945796 R24-M1-NB-C:J15-U11 RAS KERNEL INFO generating core.728
- 1117973919 2005.06.05 R33-M0-N4-C:J02-U11 2005-06-05-05.18.39.396608 R33-M0-N4-C:J02-U11 RAS KERNEL INFO generating core.3055
- 1117982609 2005.06.05 R35-M1-NE-C:J05-U01 2005-06-05-07.43.29.979844 R35-M1-NE-C:J05-U01 RAS KERNEL INFO generating core.4183
- 1117985464 2005.06.05 R32-M0-NF-C:J10-U01 2005-06-05-08.31.04.464776 R32-M0-NF-C:J10-U01 RAS KERNEL INFO generating core.449
- 1117988443 2005.06.05 R32-M1-N5-C:J17-U01 2005-06-05-09.20.43.944594 R32-M1-N5-C:J17-U01 RAS KERNEL INFO generating core.6896
- 1117989617 2005.06.05 R35-M1-ND-C:J10-U11 2005-06-05-09.40.17.352982 R35-M1-ND-C:J10-U11 RAS KERNEL INFO generating core.4937
- 1117992553 2005.06.05 R30-M1-NB-C:J17-U11 2005-06-05-10.29.13.196439 R30-M1-NB-C:J17-U11 RAS KERNEL INFO generating core.7192
- 1118080909 2005.06.06 R02-M1-N0-C:J12-U11 2005-06-06-11.01.49.223879 R02-M1-N0-C:J12-U11 RAS KERNEL INFO instruction cache parity error corrected
- 1118114656 2005.06.06 R24-M1-N9-C:J15-U01 2005-06-06-20.24.16.345770 R24-M1-N9-C:J15-U01 RAS KERNEL INFO generating core.976
- 1118172013 2005.06.07 R35-M0-N7-C:J10-U11 2005-06-07-12.20.13.966416 R35-M0-N7-C:J10-U11 RAS KERNEL INFO generating core.2409
- 1118183566 2005.06.07 R36-M0-N0-C:J11-U01 2005-06-07-15.32.46.334191 R36-M0-N0-C:J11-U01 RAS KERNEL INFO generating core.1973
- 1118290076 2005.06.08 R27-M0-ND-C:J10-U01 2005-06-08-21.07.56.397001 R27-M0-ND-C:J10-U01 RAS KERNEL INFO generating core.3265
- 1118351098 2005.06.09 R16-M1-N2-C:J17-U01 2005-06-09-14.04.58.329635 R16-M1-N2-C:J17-U01 RAS KERNEL INFO CE sym 2, at 0x1b85f080, mask 0x02
KERNDTLB 1118536959 2005.06.11 R30-M0-N9-C:J16-U01 2005-06-11-17.42.39.794840 R30-M0-N9-C:J16-U01 RAS KERNEL FATAL data TLB error interrupt
KERNDTLB 1118538836 2005.06.11 R30-M0-N9-C:J16-U01 2005-06-11-18.13.56.287869 R30-M0-N9-C:J16-U01 RAS KERNEL FATAL data TLB error interrupt
KERNDTLB 1118541373 2005.06.11 R30-M0-N9-C:J16-U01 2005-06-11-18.56.13.781741 R30-M0-N9-C:J16-U01 RAS KERNEL FATAL data TLB error interrupt
KERNDTLB 1118543510 2005.06.11 R30-M0-N9-C:J16-U01 2005-06-11-19.31.50.792512 R30-M0-N9-C:J16-U01 RAS KERNEL FATAL data TLB error interrupt
KERNDTLB 1118544942 2005.06.11 R30-M0-N9-C:J16-U01 2005-06-11-19.55.42.506216 R30-M0-N9-C:J16-U01 RAS KERNEL FATAL data TLB error interrupt
KERNDTLB 1118549466 2005.06.11 R30-M0-N9-C:J16-U01 2005-06-11-21.11.06.535786 R30-M0-N9-C:J16-U01 RAS KERNEL FATAL data TLB error interrupt
KERNDTLB 1118551483 2005.06.11 R30-M0-N9-C:J16-U01 2005-06-11-21.44.43.496547 R30-M0-N9-C:J16-U01 RAS KERNEL FATAL data TLB error interrupt
KERNDTLB 1118553888 2005.06.11 R30-M0-N9-C:J16-U01 2005-06-11-22.24.48.384418 R30-M0-N9-C:J16-U01 RAS KERNEL FATAL data TLB error interrupt
KERNDTLB 1118556754 2005.06.11 R30-M0-N9-C:J16-U01 2005-06-11-23.12.34.701151 R30-M0-N9-C:J16-U01 RAS KERNEL FATAL data TLB error interrupt
KERNSTOR 1118709549 2005.06.13 R15-M0-N9-C:J05-U11 2005-06-13-17.39.09.591793 R15-M0-N9-C:J05-U11 RAS KERNEL FATAL data storage interrupt
- 1118709996 2005.06.13 R12-M1-NB-C:J09-U01 2005-06-13-17.46.36.623273 R12-M1-NB-C:J09-U01 RAS KERNEL FATAL instruction address: 0x00004ed8
- 1118758243 2005.06.14 R36-M0-N0-C:J04-U11 2005-06-14-07.10.43.523299 R36-M0-N0-C:J04-U11 RAS KERNEL INFO generating core.1711
KERNSTOR 1118765360 2005.06.14 R04-M0-ND-C:J15-U01 2005-06-14-09.09.20.459609 R04-M0-ND-C:J15-U01 RAS KERNEL FATAL data storage interrupt
- 1118765795 2005.06.14 R16-M1-N9-C:J16-U11 2005-06-14-09.16.35.364588 R16-M1-N9-C:J16-U11 RAS KERNEL FATAL instruction address: 0x00004ed8
- 1118766833 2005.06.14 R24-M1-ND-C:J11-U11 2005-06-14-09.33.53.107913 R24-M1-ND-C:J11-U11 RAS KERNEL FATAL instruction address: 0x00004ed8
KERNSTOR 1118767897 2005.06.14 R20-M0-NE-C:J02-U01 2005-06-14-09.51.37.041158 R20-M0-NE-C:J02-U01 RAS KERNEL FATAL data storage interrupt
- 1118768070 2005.06.14 R24-M1-N7-C:J08-U01 2005-06-14-09.54.30.228119 R24-M1-N7-C:J08-U01 RAS KERNEL FATAL instruction address: 0x00004ed8
- 1118768186 2005.06.14 R24-M1-N6-C:J11-U01 2005-06-14-09.56.26.940016 R24-M1-N6-C:J11-U01 RAS KERNEL FATAL data address: 0x00000002
- 1118769489 2005.06.14 R20-M0-N3-C:J06-U01 2005-06-14-10.18.09.061481 R20-M0-N3-C:J06-U01 RAS KERNEL FATAL instruction address: 0x00004ed8
- 1118769705 2005.06.14 R21-M1-N4-C:J10-U01 2005-06-14-10.21.45.802128 R21-M1-N4-C:J10-U01 RAS KERNEL FATAL data address: 0x00000002
- 1118770101 2005.06.14 R21-M1-N6-C:J03-U11 2005-06-14-10.28.21.217840 R21-M1-N6-C:J03-U11 RAS KERNEL FATAL program interrupt: illegal instruction......0
- 1118770646 2005.06.14 R27-M1-N9-C:J11-U11 2005-06-14-10.37.26.925212 R27-M1-N9-C:J11-U11 RAS KERNEL FATAL machine state register: 0x00002000
- 1118771014 2005.06.14 R27-M1-NF-C:J03-U11 2005-06-14-10.43.34.293126 R27-M1-NF-C:J03-U11 RAS KERNEL FATAL floating point instr. enabled.....1
- 1118771330 2005.06.14 R26-M1-N6-C:J05-U01 2005-06-14-10.48.50.649332 R26-M1-N6-C:J05-U01 RAS KERNEL FATAL floating pt ex mode 1 enable......0
- 1118771568 2005.06.14 R25-M1-N0-C:J07-U11 2005-06-14-10.52.48.343774 R25-M1-N0-C:J07-U11 RAS KERNEL FATAL program interrupt: imprecise exception......0
- 1118771928 2005.06.14 R27-M1-N4-C:J05-U11 2005-06-14-10.58.48.336960 R27-M1-N4-C:J05-U11 RAS KERNEL FATAL guaranteed data cache block touch........1
- 1118772122 2005.06.14 R27-M0-N1-C:J08-U11 2005-06-14-11.02.02.749469 R27-M0-N1-C:J08-U11 RAS KERNEL FATAL icache prefetch threshold................0
- 1118772810 2005.06.14 R27-M0-N9-C:J12-U01 2005-06-14-11.13.30.870052 R27-M0-N9-C:J12-U01 RAS KERNEL FATAL special purpose registers:
- 1118773618 2005.06.14 R25-M1-N7-C:J09-U11 2005-06-14-11.26.58.490506 R25-M1-N7-C:J09-U11 RAS KERNEL FATAL instruction address space.........0
- 1118773839 2005.06.14 R21-M0-ND-C:J17-U11 2005-06-14-11.30.39.961375 R21-M0-ND-C:J17-U11 RAS KERNEL FATAL core configuration register: 0x00002000
- 1118784453 2005.06.14 R07-M0-N6-C:J11-U01 2005-06-14-14.27.33.186273 R07-M0-N6-C:J11-U01 RAS KERNEL INFO total of 1 ddr error(s) detected and corrected
- 1118813039 2005.06.14 R02-M1-N0-C:J12-U11 2005-06-14-22.23.59.470421 R02-M1-N0-C:J12-U11 RAS KERNEL INFO instruction cache parity error corrected
- 1118852660 2005.06.15 R02-M1-N0-C:J12-U11 2005-06-15-09.24.20.246651 R02-M1-N0-C:J12-U11 RAS KERNEL INFO instruction cache parity error corrected
- 1118911762 2005.06.16 R34-M0-NF-C:J03-U01 2005-06-16-01.49.22.748250 R34-M0-NF-C:J03-U01 RAS KERNEL INFO generating core.8531
- 1118916060 2005.06.16 R24-M1-N4-C:J07-U01 2005-06-16-03.01.00.566385 R24-M1-N4-C:J07-U01 RAS KERNEL INFO generating core.886
- 1119151510 2005.06.18 R36-M0-NF-C:J13-U01 2005-06-18-20.25.10.503085 R36-M0-NF-C:J13-U01 RAS KERNEL INFO generating core.2186
- 1119291044 2005.06.20 R12-M1-N2-C:J09-U11 2005-06-20-11.10.44.787932 R12-M1-N2-C:J09-U11 RAS KERNEL INFO generating core.2558
- 1119324666 2005.06.20 R16-M1-N2-C:J17-U01 2005-06-20-20.31.06.282052 R16-M1-N2-C:J17-U01 RAS KERNEL INFO CE sym 0, at 0x1b858280, mask 0x40
- 1119383898 2005.06.21 R02-M1-N0-C:J12-U11 2005-06-21-12.58.18.149869 R02-M1-N0-C:J12-U11 RAS KERNEL INFO instruction cache parity error corrected
- 1119481305 2005.06.22 R22-M1-NA-C:J04-U11 2005-06-22-16.01.45.870183 R22-M1-NA-C:J04-U11 RAS KERNEL INFO 6182400 double-hummer alignment exceptions
- 1119638161 2005.06.24 R16-M1-N2-C:J17-U01 2005-06-24-11.36.01.774405 R16-M1-N2-C:J17-U01 RAS KERNEL INFO CE sym 0, at 0x1b8584e0, mask 0x80
- 1119714992 2005.06.25 R20-M1-NB-C:J17-U01 2005-06-25-08.56.32.658269 R20-M1-NB-C:J17-U01 RAS KERNEL INFO generating core.4184
- 1119715392 2005.06.25 R34-M1-ND-C:J10-U01 2005-06-25-09.03.12.849230 R34-M1-ND-C:J10-U01 RAS KERNEL INFO generating core.27921
- 1119715625 2005.06.25 R24-M1-N9-C:J06-U11 2005-06-25-09.07.05.564792 R24-M1-N9-C:J06-U11 RAS KERNEL INFO generating core.40250
- 1119725008 2005.06.25 R21-M1-N5-C:J08-U01 2005-06-25-11.43.28.548275 R21-M1-N5-C:J08-U01 RAS KERNEL INFO generating core.10394
- 1119725305 2005.06.25 R27-M1-N9-C:J17-U11 2005-06-25-11.48.25.313227 R27-M1-N9-C:J17-U11 RAS KERNEL INFO generating core.47736
- 1119726549 2005.06.25 R01-M1-NB-C:J14-U01 2005-06-25-12.09.09.759272 R01-M1-NB-C:J14-U01 RAS KERNEL INFO generating core.10752
- 1119802848 2005.06.26 R36-M1-NC-C:J06-U11 2005-06-26-09.20.48.858436 R36-M1-NC-C:J06-U11 RAS KERNEL INFO generating core.28370
- 1119803599 2005.06.26 R01-M0-N2-C:J08-U01 2005-06-26-09.33.19.958512 R01-M0-N2-C:J08-U01 RAS KERNEL INFO auxiliary processor.........................0
- 1119806939 2005.06.26 R05-M0-N7-C:J13-U01 2005-06-26-10.28.59.279042 R05-M0-N7-C:J13-U01 RAS KERNEL INFO program interrupt
- 1119807491 2005.06.26 R02-M0-N9-C:J06-U01 2005-06-26-10.38.11.390037 R02-M0-N9-C:J06-U01 RAS KERNEL INFO data store interrupt caused by dcbf.........0
- 1120091766 2005.06.29 R32-M1-ND-C:J04-U01 2005-06-29-17.36.06.730195 R32-M1-ND-C:J04-U01 RAS KERNEL INFO generating core.10125
- 1120093988 2005.06.29 R36-M1-N1-C:J05-U01 2005-06-29-18.13.08.381268 R36-M1-N1-C:J05-U01 RAS KERNEL INFO 344040 double-hummer alignment exceptions
- 1120145605 2005.06.30 R16-M0-NF-C:J07-U01 2005-06-30-08.33.25.225978 R16-M0-NF-C:J07-U01 RAS KERNEL INFO generating core.26186
- 1120146038 2005.06.30 R25-M0-NC-C:J04-U11 2005-06-30-08.40.38.831619 R25-M0-NC-C:J04-U11 RAS KERNEL INFO generating core.18751
- 1120148687 2005.06.30 R14-M0-N1-C:J12-U01 2005-06-30-09.24.47.505143 R14-M0-N1-C:J12-U01 RAS KERNEL INFO generating core.7777
- 1120173883 2005.06.30 R36-M1-N4-I:J18-U01 2005-06-30-16.24.43.164196 R36-M1-N4-I:J18-U01 RAS APP FATAL ciod: Error creating node map from file /p/gb2/welcome3/32k_128x256x1_8x4x4.map: Bad file descriptor
- 1120216152 2005.07.01 R34-M0-N7-C:J08-U11 2005-07-01-04.09.12.043520 R34-M0-N7-C:J08-U11 RAS KERNEL INFO generating core.16594
- 1120216621 2005.07.01 R23-M1-NC-C:J14-U01 2005-07-01-04.17.01.697115 R23-M1-NC-C:J14-U01 RAS KERNEL INFO generating core.6028
- 1120217117 2005.07.01 R12-M1-N6-C:J16-U01 2005-07-01-04.25.17.269721 R12-M1-N6-C:J16-U01 RAS KERNEL INFO generating core.228
- 1120259762 2005.07.01 R37-M0-NE-C:J10-U01 2005-07-01-16.16.02.658866 R37-M0-NE-C:J10-U01 RAS KERNEL INFO 1146800 double-hummer alignment exceptions
- 1120260976 2005.07.01 R30-M1-NE-C:J02-U01 2005-07-01-16.36.16.829568 R30-M1-NE-C:J02-U01 RAS KERNEL INFO 1146800 double-hummer alignment exceptions
- 1120262354 2005.07.01 R24-M1-NC-C:J07-U11 2005-07-01-16.59.14.798327 R24-M1-NC-C:J07-U11 RAS KERNEL INFO 1146800 double-hummer alignment exceptions
- 1120265529 2005.07.01 R27-M1-N2-C:J03-U01 2005-07-01-17.52.09.980967 R27-M1-N2-C:J03-U01 RAS KERNEL INFO 458720 double-hummer alignment exceptions
- 1120266847 2005.07.01 R33-M0-N2-C:J10-U01 2005-07-01-18.14.07.256483 R33-M0-N2-C:J10-U01 RAS KERNEL INFO 1146800 double-hummer alignment exceptions
- 1120351629 2005.07.02 R04-M0-N9-C:J17-U01 2005-07-02-17.47.09.816142 R04-M0-N9-C:J17-U01 RAS KERNEL INFO generating core.848
- 1120447017 2005.07.03 R20-M1-N1-C:J15-U11 2005-07-03-20.16.57.187615 R20-M1-N1-C:J15-U11 RAS KERNEL INFO generating core.20088
- 1120447592 2005.07.03 R34-M1-N0-C:J12-U01 2005-07-03-20.26.32.492671 R34-M1-N0-C:J12-U01 RAS KERNEL INFO generating core.15557
- 1120469475 2005.07.04 R33-M1-N7-C:J15-U01 2005-07-04-02.31.15.977001 R33-M1-N7-C:J15-U01 RAS KERNEL INFO generating core.25568
- 1120486586 2005.07.04 R12-M0-N1-C:J04-U11 2005-07-04-07.16.26.811512 R12-M0-N1-C:J04-U11 RAS KERNEL INFO generating core.7915
- 1120487708 2005.07.04 R34-M1-N4-C:J09-U11 2005-07-04-07.35.08.890879 R34-M1-N4-C:J09-U11 RAS KERNEL INFO generating core.13558
- 1120748250 2005.07.07 R06-M0-N1-C:J16-U11 2005-07-07-07.57.30.872998 R06-M0-N1-C:J16-U11 RAS KERNEL INFO generating core.424
- 1120776001 2005.07.07 R26-M0-N5-C:J12-U01 2005-07-07-15.40.01.608873 R26-M0-N5-C:J12-U01 RAS KERNEL INFO 632431728 double-hummer alignment exceptions
- 1120787008 2005.07.07 R14-M1-NC-C:J15-U11 2005-07-07-18.43.28.027906 R14-M1-NC-C:J15-U11 RAS KERNEL INFO generating core.3436
- 1120909906 2005.07.09 R16-M1-NC-I:J18-U11 2005-07-09-04.51.46.753675 R16-M1-NC-I:J18-U11 RAS APP FATAL ciod: Error creating node map from file /p/gb2/pakin1/sweep3d-5x5x400-10mk-3mmi-1024pes-xyzt/xyzt.map: Block device required
- 1120924566 2005.07.09 R35-M1-N7-C:J10-U01 2005-07-09-08.56.06.557539 R35-M1-N7-C:J10-U01 RAS KERNEL INFO generating core.8897
- 1120929262 2005.07.09 R11-M1-N5-C:J12-U11 2005-07-09-10.14.22.332626 R11-M1-N5-C:J12-U11 RAS KERNEL INFO generating core.10793
- 1120931429 2005.07.09 R24-M1-N1-C:J15-U11 2005-07-09-10.50.29.748945 R24-M1-N1-C:J15-U11 RAS KERNEL INFO generating core.7672
- 1120932606 2005.07.09 R36-M0-N5-C:J15-U11 2005-07-09-11.10.06.424632 R36-M0-N5-C:J15-U11 RAS KERNEL INFO generating core.3824
- 1120933818 2005.07.09 R20-M1-N7-C:J09-U11 2005-07-09-11.30.18.267700 R20-M1-N7-C:J09-U11 RAS KERNEL INFO generating core.33018
- 1120934747 2005.07.09 R12-M0-N3-C:J02-U01 2005-07-09-11.45.47.078028 R12-M0-N3-C:J02-U01 RAS KERNEL INFO generating core.30603
- 1120935068 2005.07.09 R06-M1-ND-C:J04-U01 2005-07-09-11.51.08.686968 R06-M1-ND-C:J04-U01 RAS KERNEL INFO generating core.59907
- 1120935446 2005.07.09 R35-M0-N0-C:J05-U01 2005-07-09-11.57.26.222399 R35-M0-N0-C:J05-U01 RAS KERNEL INFO generating core.14807
- 1120937836 2005.07.09 R34-M0-N5-C:J12-U11 2005-07-09-12.37.16.494245 R34-M0-N5-C:J12-U11 RAS KERNEL INFO generating core.2481
- 1120938246 2005.07.09 R10-M1-N5-C:J04-U01 2005-07-09-12.44.06.253512 R10-M1-N5-C:J04-U01 RAS KERNEL INFO generating core.34955
- 1120938606 2005.07.09 R13-M0-NB-C:J15-U11 2005-07-09-12.50.06.846867 R13-M0-NB-C:J15-U11 RAS KERNEL INFO generating core.22376
- 1120939573 2005.07.09 R00-M1-NE-C:J14-U01 2005-07-09-13.06.13.254915 R00-M1-NE-C:J14-U01 RAS KERNEL INFO generating core.25604
- 1120940045 2005.07.09 R22-M0-N2-C:J09-U11 2005-07-09-13.14.05.050608 R22-M0-N2-C:J09-U11 RAS KERNEL INFO generating core.62462
- 1120940346 2005.07.09 R24-M0-N6-C:J07-U01 2005-07-09-13.19.06.210518 R24-M0-N6-C:J07-U01 RAS KERNEL INFO generating core.26078
- 1120940634 2005.07.09 R06-M1-NB-C:J03-U01 2005-07-09-13.23.54.723073 R06-M1-NB-C:J03-U01 RAS KERNEL INFO generating core.30275
- 1120955479 2005.07.09 R26-M0-NF-C:J02-U01 2005-07-09-17.31.19.922132 R26-M0-NF-C:J02-U01 RAS KERNEL INFO generating core.13067
- 1120956736 2005.07.09 R21-M1-N8-C:J04-U01 2005-07-09-17.52.16.641372 R21-M1-N8-C:J04-U01 RAS KERNEL INFO generating core.7183
- 1120958385 2005.07.09 R37-M1-ND-C:J03-U01 2005-07-09-18.19.45.976122 R37-M1-ND-C:J03-U01 RAS KERNEL INFO generating core.10019
- 1120967983 2005.07.09 R35-M1-N3-C:J04-U11 2005-07-09-20.59.43.240343 R35-M1-N3-C:J04-U11 RAS KERNEL INFO generating core.26835
- 1120968310 2005.07.09 R34-M1-N6-C:J09-U11 2005-07-09-21.05.10.098884 R34-M1-N6-C:J09-U11 RAS KERNEL INFO generating core.28918
- 1120968857 2005.07.09 R11-M1-N2-C:J04-U01 2005-07-09-21.14.17.975757 R11-M1-N2-C:J04-U01 RAS KERNEL INFO generating core.3111
- 1120969145 2005.07.09 R21-M0-N2-C:J15-U01 2005-07-09-21.19.05.376937 R21-M0-N2-C:J15-U01 RAS KERNEL INFO generating core.10860
- 1120969348 2005.07.09 R37-M0-NA-C:J10-U01 2005-07-09-21.22.28.245426 R37-M0-NA-C:J10-U01 RAS KERNEL INFO generating core.6917
- 1120969508 2005.07.09 R35-M0-NE-C:J03-U11 2005-07-09-21.25.08.918888 R35-M0-NE-C:J03-U11 RAS KERNEL INFO generating core.21175
- 1120970168 2005.07.09 R04-M1-NE-C:J15-U11 2005-07-09-21.36.08.377661 R04-M1-NE-C:J15-U11 RAS KERNEL INFO generating core.3292
- 1120974004 2005.07.09 R01-M1-N9-C:J03-U11 2005-07-09-22.40.04.247442 R01-M1-N9-C:J03-U11 RAS KERNEL INFO generating core.2971
- 1121006677 2005.07.10 R23-M1-NA-C:J14-U11 2005-07-10-07.44.37.462311 R23-M1-NA-C:J14-U11 RAS KERNEL INFO generating core.7068
- 1121007023 2005.07.10 R36-M1-N0-C:J17-U11 2005-07-10-07.50.23.201865 R36-M1-N0-C:J17-U11 RAS KERNEL INFO generating core.32116
- 1121172217 2005.07.12 R27-M1-NB-C:J12-U11 2005-07-12-05.43.37.421103 R27-M1-NB-C:J12-U11 RAS KERNEL INFO generating core.6425
- 1121172512 2005.07.12 R34-M1-N4-C:J10-U01 2005-07-12-05.48.32.925986 R34-M1-N4-C:J10-U01 RAS KERNEL INFO generating core.14021
- 1121252310 2005.07.13 R24-M0-N1-C:J03-U01 2005-07-13-03.58.30.362009 R24-M0-N1-C:J03-U01 RAS KERNEL INFO 112099344 double-hummer alignment exceptions
- 1121252465 2005.07.13 R13-M0-N7-C:J09-U01 2005-07-13-04.01.05.366712 R13-M0-N7-C:J09-U01 RAS KERNEL INFO 114059360 double-hummer alignment exceptions
- 1121252775 2005.07.13 R21-M0-N2-C:J07-U01 2005-07-13-04.06.15.639557 R21-M0-N2-C:J07-U01 RAS KERNEL INFO 112625368 double-hummer alignment exceptions
- 1121256367 2005.07.13 R20-M1-NA-C:J04-U11 2005-07-13-05.06.07.030871 R20-M1-NA-C:J04-U11 RAS KERNEL INFO generating core.4159
- 1121256778 2005.07.13 R23-M1-N2-C:J02-U01 2005-07-13-05.12.58.717336 R23-M1-N2-C:J02-U01 RAS KERNEL INFO generating core.47007
- 1121308254 2005.07.13 R20-M1-NB-C:J15-U01 2005-07-13-19.30.54.128655 R20-M1-NB-C:J15-U01 RAS KERNEL INFO generating core.2600
- 1121308655 2005.07.13 R23-M0-NB-C:J05-U01 2005-07-13-19.37.35.130931 R23-M0-NB-C:J05-U01 RAS KERNEL INFO generating core.27051
- 1121309169 2005.07.13 R05-M0-N9-C:J07-U11 2005-07-13-19.46.09.666973 R05-M0-N9-C:J07-U11 RAS KERNEL INFO generating core.2010
- 1121311028 2005.07.13 R20-M1-ND-C:J05-U11 2005-07-13-20.17.08.205986 R20-M1-ND-C:J05-U11 RAS KERNEL INFO generating core.17467
- 1121311410 2005.07.13 R33-M1-N8-C:J15-U11 2005-07-13-20.23.30.263483 R33-M1-N8-C:J15-U11 RAS KERNEL INFO generating core.12212
- 1121311928 2005.07.13 R21-M0-N2-C:J05-U01 2005-07-13-20.32.08.455087 R21-M0-N2-C:J05-U01 RAS KERNEL INFO generating core.26735
- 1121312231 2005.07.13 R23-M0-NB-C:J11-U11 2005-07-13-20.37.11.588497 R23-M0-NB-C:J11-U11 RAS KERNEL INFO generating core.27577
- 1121312396 2005.07.13 R21-M1-N0-C:J15-U01 2005-07-13-20.39.56.708943 R21-M1-N0-C:J15-U01 RAS KERNEL INFO generating core.24172
- 1121313817 2005.07.13 R21-M1-N2-C:J02-U01 2005-07-13-21.03.37.422278 R21-M1-N2-C:J02-U01 RAS KERNEL INFO generating core.23119
- 1121313953 2005.07.13 R34-M1-N7-C:J03-U11 2005-07-13-21.05.53.702684 R34-M1-N7-C:J03-U11 RAS KERNEL INFO generating core.13043
- 1121314248 2005.07.13 R23-M1-N8-C:J09-U11 2005-07-13-21.10.48.693447 R23-M1-N8-C:J09-U11 RAS KERNEL INFO generating core.23998
- 1121442124 2005.07.15 R04-M0-NE-C:J17-U01 2005-07-15-08.42.04.042901 R04-M0-NE-C:J17-U01 RAS KERNEL INFO generating core.84
- 1121494129 2005.07.15 R36-M0-NE-C:J05-U11 2005-07-15-23.08.49.027626 R36-M0-NE-C:J05-U11 RAS KERNEL INFO generating core.33399
- 1121495246 2005.07.15 R36-M1-NF-C:J02-U01 2005-07-15-23.27.26.925798 R36-M1-NF-C:J02-U01 RAS KERNEL INFO generating core.26131
- 1121495798 2005.07.15 R37-M0-N5-C:J02-U11 2005-07-15-23.36.38.092419 R37-M0-N5-C:J02-U11 RAS KERNEL INFO generating core.44723
- 1121496080 2005.07.15 R15-M1-N3-C:J15-U01 2005-07-15-23.41.20.270704 R15-M1-N3-C:J15-U01 RAS KERNEL INFO generating core.46536
- 1121496582 2005.07.15 R02-M0-NA-C:J16-U11 2005-07-15-23.49.42.308319 R02-M0-NA-C:J16-U11 RAS KERNEL INFO generating core.4900
- 1121598024 2005.07.17 R21-M1-N1-C:J16-U01 2005-07-17-04.00.24.540747 R21-M1-N1-C:J16-U01 RAS KERNEL INFO generating core.47256
- 1121598391 2005.07.17 R25-M1-NB-C:J11-U01 2005-07-17-04.06.31.496101 R25-M1-NB-C:J11-U01 RAS KERNEL INFO generating core.46425
- 1121599038 2005.07.17 R01-M1-N6-C:J07-U11 2005-07-17-04.17.18.609719 R01-M1-N6-C:J07-U11 RAS KERNEL INFO generating core.17638
- 1121599491 2005.07.17 R21-M0-N4-C:J13-U01 2005-07-17-04.24.51.040618 R21-M0-N4-C:J13-U01 RAS KERNEL INFO generating core.51421
- 1121707109 2005.07.18 R22-M0-N2-C:J12-U11 2005-07-18-10.18.29.909939 R22-M0-N2-C:J12-U11 RAS KERNEL INFO generating core.31197
- 1121707460 2005.07.18 R23-M1-N0-C:J05-U01 2005-07-18-10.24.20.440509 R23-M1-N0-C:J05-U01 RAS KERNEL INFO generating core.7663
- 1121900708 2005.07.20 R35-M1-N5-C:J08-U11 2005-07-20-16.05.08.320371 R35-M1-N5-C:J08-U11 RAS KERNEL INFO 8 floating point alignment exceptions
- 1121901136 2005.07.20 R04-M1-N1-C:J12-U01 2005-07-20-16.12.16.427147 R04-M1-N1-C:J12-U01 RAS KERNEL INFO 8 floating point alignment exceptions
- 1121901551 2005.07.20 R17-M0-N4-C:J06-U01 2005-07-20-16.19.11.825942 R17-M0-N4-C:J06-U01 RAS KERNEL INFO 8 floating point alignment exceptions
- 1121902868 2005.07.20 R00-M0-N4-C:J17-U01 2005-07-20-16.41.08.898577 R00-M0-N4-C:J17-U01 RAS KERNEL INFO 8 floating point alignment exceptions
- 1121904520 2005.07.20 R36-M0-N7-C:J08-U01 2005-07-20-17.08.40.559526 R36-M0-N7-C:J08-U01 RAS KERNEL INFO 8 floating point alignment exceptions
- 1122132688 2005.07.23 R16-M0-N8-C:J09-U01 2005-07-23-08.31.28.200982 R16-M0-N8-C:J09-U01 RAS KERNEL INFO generating core.7830
- 1122133459 2005.07.23 R37-M0-NC-C:J03-U01 2005-07-23-08.44.19.668771 R37-M0-NC-C:J03-U01 RAS KERNEL INFO generating core.5927
- 1122143012 2005.07.23 R14-M1-N3-C:J04-U01 2005-07-23-11.23.32.715770 R14-M1-N3-C:J04-U01 RAS KERNEL INFO generating core.9315
- 1122143917 2005.07.23 R37-M1-N1-C:J11-U11 2005-07-23-11.38.37.267951 R37-M1-N1-C:J11-U11 RAS KERNEL INFO generating core.28529
- 1122144072 2005.07.23 R33-M0-NB-C:J10-U01 2005-07-23-11.41.12.568550 R33-M0-NB-C:J10-U01 RAS KERNEL INFO generating core.23425
- 1122164883 2005.07.23 R17-M1-NF-C:J10-U11 2005-07-23-17.28.03.140418 R17-M1-NF-C:J10-U11 RAS KERNEL INFO 15 floating point alignment exceptions
- 1122165073 2005.07.23 R13-M1-N4-C:J04-U11 2005-07-23-17.31.13.824418 R13-M1-N4-C:J04-U11 RAS KERNEL INFO 15 floating point alignment exceptions
- 1122165437 2005.07.23 R16-M0-ND-C:J02-U11 2005-07-23-17.37.17.280587 R16-M0-ND-C:J02-U11 RAS KERNEL INFO 5 floating point alignment exceptions
- 1122165850 2005.07.23 R17-M0-NF-C:J04-U01 2005-07-23-17.44.10.520225 R17-M0-NF-C:J04-U01 RAS KERNEL INFO 5 floating point alignment exceptions
- 1122166057 2005.07.23 R16-M1-N0-C:J10-U01 2005-07-23-17.47.37.233460 R16-M1-N0-C:J10-U01 RAS KERNEL INFO 5 floating point alignment exceptions
- 1122166749 2005.07.23 R13-M1-NC-C:J04-U01 2005-07-23-17.59.09.578130 R13-M1-NC-C:J04-U01 RAS KERNEL INFO 5 floating point alignment exceptions
- 1122168668 2005.07.23 R14-M0-N1-C:J12-U11 2005-07-23-18.31.08.281027 R14-M0-N1-C:J12-U11 RAS KERNEL INFO 1005 floating point alignment exceptions
- 1122256252 2005.07.24 R34-M0-N2-C:J04-U11 2005-07-24-18.50.52.804496 R34-M0-N2-C:J04-U11 RAS KERNEL INFO generating core.4535
- 1122334240 2005.07.25 R01-M1-NB-C:J15-U01 2005-07-25-16.30.40.590097 R01-M1-NB-C:J15-U01 RAS KERNEL INFO generating core.2704
- 1122405838 2005.07.26 R06-M0-N8-C:J11-U01 2005-07-26-12.23.58.178894 R06-M0-N8-C:J11-U01 RAS KERNEL INFO generating core.469
- 1122430660 2005.07.26 R20-M1-ND-C:J06-U01 2005-07-26-19.17.40.775429 R20-M1-ND-C:J06-U01 RAS KERNEL INFO generating core.3098
- 1122431171 2005.07.26 R16-M0-N6-C:J12-U01 2005-07-26-19.26.11.720872 R16-M0-N6-C:J12-U01 RAS KERNEL INFO generating core.25229
- 1122431485 2005.07.26 R03-M1-N6-C:J08-U11 2005-07-26-19.31.25.816198 R03-M1-N6-C:J08-U11 RAS KERNEL INFO generating core.50086
- 1122574113 2005.07.28 R31-M1-N1-C:J08-U11 2005-07-28-11.08.33.510063 R31-M1-N1-C:J08-U11 RAS KERNEL INFO generating core.11346
- 1123030693 2005.08.02 R00-M0-ND 2005-08-02-17.58.13.994269 R00-M0-ND NULL DISCOVERY INFO Node card VPD check: U11 node in processor card slot J16 do not match. VPD ecid 04DF80A7942FFFFF0C081AE08CD2, found 0000000000000000000000000000
- 1123110774 2005.08.03 NULL 2005-08-03-16.12.54.271533 NULL RAS MMCS ERROR idoproxydb hit ASSERT condition: ASSERT expression=0 Source file=idotransportmgr.cpp Source line=1043 Function=int IdoTransportMgr::SendPacket(IdoUdpMgr*, BglCtlPavTrace*)
- 1123176833 2005.08.04 R10-M1-N7 2005-08-04-10.33.53.378606 R10-M1-N7 NULL DISCOVERY INFO Node card VPD check: U01 node in processor card slot J14 do not match. VPD ecid 074C04C10F7BFFFF08051AE08ED2, found 04C180A5D12FFFFF05081BD088E2
- 1123607801 2005.08.09 UNKNOWN_LOCATION 2005-08-09-10.16.41.431406 UNKNOWN_LOCATION NULL DISCOVERY INFO Ido chip status changed: FF:F2:9F:16:DC:81:00:0D:60:E9:23:7E ip=10.6.1.207 v=13 t=4 status=M Tue Aug 09 10:08:23 PDT 2005
- 1123614572 2005.08.09 R00-M0-N6-C:J03-U11 2005-08-09-12.09.32.252222 R00-M0-N6-C:J03-U11 RAS KERNEL FATAL rts tree/torus link training failed: wanted: B C X+ X- Y+ Y- Z+ Z- got: B C X- Y- Z+ Z-
- 1123914312 2005.08.12 R44-M0-N8-I:J18-U01 2005-08-12-23.25.12.135766 R44-M0-N8-I:J18-U01 RAS APP FATAL ciod: Error loading /bgl/apps/scaletest/performance/MINIBEN/mb_243_0810/allreduce.rts: invalid or missing program image, Exec format error
- 1123914754 2005.08.12 R31-M1-N4-I:J18-U11 2005-08-12-23.32.34.800803 R31-M1-N4-I:J18-U11 RAS APP FATAL ciod: Error loading /bgl/apps/scaletest/performance/MINIBEN/mb_243_0810/allreduce.rts: invalid or missing program image, Exec format error
- 1123915920 2005.08.12 R73-M0-N4-I:J18-U11 2005-08-12-23.52.00.785387 R73-M0-N4-I:J18-U11 RAS APP FATAL ciod: Error loading /bgl/apps/scaletest/performance/MINIBEN/mb_243_0810/allreduce.rts: invalid or missing program image, Exec format error
KERNTERM 1124167540 2005.08.15 R63-M0-N4-C:J16-U01 2005-08-15-21.45.40.395707 R63-M0-N4-C:J16-U01 RAS KERNEL FATAL rts: kernel terminated for reason 1004
- 1124519271 2005.08.19 R60-M1-N7-C:J16-U11 2005-08-19-23.27.51.734783 R60-M1-N7-C:J16-U11 RAS KERNEL INFO 1 ddr errors(s) detected and corrected on rank 0, symbol 10, bit 0
- 1124738105 2005.08.22 R70-M1-N0-I:J18-U01 2005-08-22-12.15.05.947393 R70-M1-N0-I:J18-U01 RAS KERNEL INFO ciod: generated 128 core files for program /home/germann2/BGL-demo/SPaSM_mpi
- 1124818189 2005.08.23 R06-M0-N0-I:J18-U01 2005-08-23-10.29.49.877845 R06-M0-N0-I:J18-U01 RAS KERNEL INFO ciod: generated 128 core files for program /home/germann2/BGL-demo/SPaSM_mpi
- 1125082766 2005.08.26 R62-M1-N6-C:J06-U11 2005-08-26-11.59.26.069334 R62-M1-N6-C:J06-U11 RAS KERNEL INFO 2201500 double-hummer alignment exceptions
- 1125083438 2005.08.26 R60-M0-NE-C:J10-U11 2005-08-26-12.10.38.958016 R60-M0-NE-C:J10-U11 RAS KERNEL INFO iar 003a929c dear 00efd448
- 1125084029 2005.08.26 R67-M1-NB-C:J11-U11 2005-08-26-12.20.29.691318 R67-M1-NB-C:J11-U11 RAS KERNEL INFO iar 003a9260 dear 012924f8
- 1125084172 2005.08.26 R67-M1-N6-C:J02-U11 2005-08-26-12.22.52.773900 R67-M1-N6-C:J02-U11 RAS KERNEL INFO iar 003a92a0 dear 013611f8
- 1125084400 2005.08.26 R65-M0-N3-C:J04-U01 2005-08-26-12.26.40.236812 R65-M0-N3-C:J04-U01 RAS KERNEL INFO 1524480 double-hummer alignment exceptions
- 1125084553 2005.08.26 R60-M0-NF-C:J10-U11 2005-08-26-12.29.13.250807 R60-M0-NF-C:J10-U11 RAS KERNEL INFO iar 003a9260 dear 00f2a468
- 1125193792 2005.08.27 R11-M1-N7 2005-08-27-18.49.52.912954 R11-M1-N7 NULL DISCOVERY ERROR Node card status: no ALERTs are active. Clock Mode is Low. Clock Select is Midplane. Phy JTAG Reset is asserted. ASIC JTAG Reset is asserted. Temperature Mask is not active. No temperature error. Temperature Limit Error Latch is clear. PGOOD IS NOT ASSERTED. PGOOD ERROR LATCH IS ACTIVE. MPGOOD IS NOT OK. MPGOOD ERROR LATCH IS ACTIVE. The 2.5 volt rail is OK. The 1.5 volt rail is OK.
- 1125220525 2005.08.28 R76-M1-ND-C:J11-U11 2005-08-28-02.15.25.781153 R76-M1-ND-C:J11-U11 RAS KERNEL INFO iar 0014a150 dear 0072b9f8
- 1125221810 2005.08.28 R40-M1-N6-C:J12-U11 2005-08-28-02.36.50.012310 R40-M1-N6-C:J12-U11 RAS KERNEL INFO 47332148 double-hummer alignment exceptions
- 1125222526 2005.08.28 R54-M0-NB-C:J07-U01 2005-08-28-02.48.46.001360 R54-M0-NB-C:J07-U01 RAS KERNEL INFO 27901852 double-hummer alignment exceptions
- 1125223505 2005.08.28 R45-M1-ND-C:J16-U11 2005-08-28-03.05.05.139218 R45-M1-ND-C:J16-U11 RAS KERNEL INFO iar 0014a150 dear 00991c88
- 1125224247 2005.08.28 R45-M0-N1-C:J14-U11 2005-08-28-03.17.27.804260 R45-M0-N1-C:J14-U11 RAS KERNEL INFO iar 00149ee0 dear 0099e5e8
- 1125225361 2005.08.28 R05-M0-NC-I:J18-U11 2005-08-28-03.36.01.417658 R05-M0-NC-I:J18-U11 RAS KERNEL INFO NFS Mount failed on bglio91, slept 15 seconds, retrying (1)
- 1125593559 2005.09.01 R14-M1-N7-C:J10-U01 2005-09-01-09.52.39.403870 R14-M1-N7-C:J10-U01 RAS KERNEL INFO 4 ddr errors(s) detected and corrected on rank 0, symbol 29, bit 4
- 1125749350 2005.09.03 R62-M0-NC-I:J18-U11 2005-09-03-05.09.10.001351 R62-M0-NC-I:J18-U11 RAS APP FATAL ciod: LOGIN chdir(/LAPACK_440d/BLAS) failed: No such file or directory
- 1126211891 2005.09.08 R63-M1-NC-I:J18-U11 2005-09-08-13.38.11.467298 R63-M1-NC-I:J18-U11 RAS KERNEL INFO ciod: pollControlDescriptors: Detected the debugger died.
- 1126526629 2005.09.12 R20-M1-N8-C:J13-U11 2005-09-12-05.03.49.910676 R20-M1-N8-C:J13-U11 RAS KERNEL INFO suppressing further interrupts of same type
- 1126969026 2005.09.17 UNKNOWN_LOCATION 2005-09-17-07.57.06.422022 UNKNOWN_LOCATION NULL DISCOVERY INFO Ido chip status changed: FF:F2:9F:15:7B:E0:00:0D:60:EA:84:1F ip=10.7.0.130 v=13 t=1 status=M Sat Sep 17 07:49:04 PDT 2005
- 1127242650 2005.09.20 R05-M0-NA 2005-09-20-11.57.30.636832 R05-M0-NA NULL DISCOVERY INFO Node card VPD check: U01 node in processor card slot J15 do not match. VPD ecid 04DE7DB80D7BFFFF04051B70D8D9, found 04DE7DF2D37BFFFF09081B6088D9
- 1127243221 2005.09.20 NULL 2005-09-20-12.07.01.621806 NULL RAS MMCS ERROR idoproxydb hit ASSERT condition: ASSERT expression=0 Source file=idotransportmgr.cpp Source line=1043 Function=int IdoTransportMgr::SendPacket(IdoUdpMgr*, BglCtlPavTrace*)
- 1127243377 2005.09.20 NULL 2005-09-20-12.09.37.578989 NULL RAS MMCS ERROR idoproxydb hit ASSERT condition: ASSERT expression=0 Source file=idotransportmgr.cpp Source line=1043 Function=int IdoTransportMgr::SendPacket(IdoUdpMgr*, BglCtlPavTrace*)
- 1127243528 2005.09.20 NULL 2005-09-20-12.12.08.547906 NULL RAS MMCS ERROR idoproxydb hit ASSERT condition: ASSERT expression=0 Source file=idotransportmgr.cpp Source line=1043 Function=int IdoTransportMgr::SendPacket(IdoUdpMgr*, BglCtlPavTrace*)
- 1127248870 2005.09.20 NULL 2005-09-20-13.41.10.218619 NULL RAS MMCS ERROR idoproxydb hit ASSERT condition: ASSERT expression=0 Source file=idotransportmgr.cpp Source line=1043 Function=int IdoTransportMgr::SendPacket(IdoUdpMgr*, BglCtlPavTrace*)
- 1127264866 2005.09.20 R73-M1-NC-I:J18-U11 2005-09-20-18.07.46.603480 R73-M1-NC-I:J18-U11 RAS APP FATAL ciod: Error loading /bgl/apps/SWL/performance/MINIBEN//bandwidth.rts: invalid or missing program image, No such file or directory
- 1127356175 2005.09.21 R23-M0-N5-C:J12-U01 2005-09-21-19.29.35.484182 R23-M0-N5-C:J12-U01 RAS KERNEL INFO CE sym 29, at 0x14123c20, mask 0x08
- 1127668543 2005.09.25 R66-M1-N1-C:J09-U11 2005-09-25-10.15.43.266674 R66-M1-N1-C:J09-U11 RAS KERNEL INFO CE sym 15, at 0x0bde77e0, mask 0x04
- 1128034565 2005.09.29 R20-M1-NB-C:J16-U11 2005-09-29-15.56.05.077911 R20-M1-NB-C:J16-U11 RAS KERNEL INFO CE sym 5, at 0x0e37bbe0, mask 0x40
- 1128457224 2005.10.04 R53-M1-ND-C:J09-U11 2005-10-04-13.20.24.392522 R53-M1-ND-C:J09-U11 RAS KERNEL INFO CE sym 9, at 0x11f82720, mask 0x02
- 1128832742 2005.10.08 R53-M1-NB-C:J13-U01 2005-10-08-21.39.02.618861 R53-M1-NB-C:J13-U01 RAS KERNEL INFO total of 12 ddr error(s) detected and corrected
- 1129204934 2005.10.13 R62-M1-N4-I:J18-U11 2005-10-13-05.02.14.653341 R62-M1-N4-I:J18-U11 RAS APP FATAL ciod: Error loading /bgl/apps/followup/SPASM/spasm.254: invalid or missing program image, Permission denied
- 1129352994 2005.10.14 R57-M1-NE-C:J12-U01 2005-10-14-22.09.54.782506 R57-M1-NE-C:J12-U01 RAS KERNEL INFO CE sym 23, at 0x1793c560, mask 0x01
- 1129551549 2005.10.17 R02-M0-N4-C:J04-U11 2005-10-17-05.19.09.715915 R02-M0-N4-C:J04-U11 RAS KERNEL INFO data cache search parity error detected. attempting to correct
- 1129820589 2005.10.20 R62-M0-N8-I:J18-U01 2005-10-20-08.03.09.612112 R62-M0-N8-I:J18-U01 RAS APP FATAL ciod: Error loading /bgl/apps/followup/RAPTOR/new.raptor.trace: invalid or missing program image, Exec format error
- 1130479310 2005.10.27 R55-M0-N9-C:J06-U11 2005-10-27-23.01.50.720520 R55-M0-N9-C:J06-U11 RAS KERNEL INFO 16 tree receiver 2 in re-synch state event(s) (dcr 0x019a) detected
- 1130770293 2005.10.31 R74-M1-NC-C:J15-U11 2005-10-31-06.51.33.260350 R74-M1-NC-C:J15-U11 RAS KERNEL INFO 4 ddr errors(s) detected and corrected on rank 0, symbol 24, bit 1
- 1131057844 2005.11.03 R61-M1-NB-C:J17-U11 2005-11-03-14.44.04.612936 R61-M1-NB-C:J17-U11 RAS KERNEL INFO 640404 floating point alignment exceptions
- 1131058041 2005.11.03 R65-M1-N6-C:J11-U01 2005-11-03-14.47.21.714965 R65-M1-N6-C:J11-U01 RAS KERNEL INFO iar 00106228 dear 0244c1ec
- 1131058229 2005.11.03 R61-M0-N9-C:J04-U01 2005-11-03-14.50.29.243970 R61-M0-N9-C:J04-U01 RAS KERNEL INFO iar 001061dc dear 0244c22c
- 1131058417 2005.11.03 R66-M0-N8-C:J11-U01 2005-11-03-14.53.37.642554 R66-M0-N8-C:J11-U01 RAS KERNEL INFO iar 001061dc dear 0244c22c
- 1131059283 2005.11.03 R67-M1-ND-C:J10-U11 2005-11-03-15.08.03.331945 R67-M1-ND-C:J10-U11 RAS KERNEL INFO iar 00106228 dear 0244c21c
- 1131059636 2005.11.03 R66-M1-ND-C:J14-U11 2005-11-03-15.13.56.350902 R66-M1-ND-C:J14-U11 RAS KERNEL INFO iar 00106210 dear 0244c23c
- 1131060122 2005.11.03 R67-M1-NA-C:J13-U01 2005-11-03-15.22.02.358932 R67-M1-NA-C:J13-U01 RAS KERNEL INFO iar 00106568 dear 02494bbc
- 1131060319 2005.11.03 R66-M0-N7-C:J08-U01 2005-11-03-15.25.19.549536 R66-M0-N7-C:J08-U01 RAS KERNEL INFO iar 00106534 dear 02494c0c
- 1131060644 2005.11.03 R66-M1-NC-C:J04-U11 2005-11-03-15.30.44.679329 R66-M1-NC-C:J04-U11 RAS KERNEL INFO iar 00106534 dear 02494c3c
- 1131061732 2005.11.03 R65-M0-N8-C:J15-U01 2005-11-03-15.48.52.839931 R65-M0-N8-C:J15-U01 RAS KERNEL INFO iar 00106580 dear 045e141c
- 1131063678 2005.11.03 R41-M1-NE-C:J13-U11 2005-11-03-16.21.18.099781 R41-M1-NE-C:J13-U11 RAS KERNEL INFO 2354412 floating point alignment exceptions
- 1131064315 2005.11.03 R27-M1-N2-C:J10-U01 2005-11-03-16.31.55.074652 R27-M1-N2-C:J10-U01 RAS KERNEL INFO 2354412 floating point alignment exceptions
- 1131123526 2005.11.04 R62-M0-N1-C:J08-U11 2005-11-04-08.58.46.231312 R62-M0-N1-C:J08-U11 RAS KERNEL INFO iar 00106570 dear 0245a10c
- 1131125954 2005.11.04 R62-M0-N2-C:J11-U11 2005-11-04-09.39.14.407511 R62-M0-N2-C:J11-U11 RAS KERNEL INFO iar 0010682c dear 0245ccfc
- 1131126215 2005.11.04 R62-M0-N6-C:J09-U11 2005-11-04-09.43.35.668773 R62-M0-N6-C:J09-U11 RAS KERNEL INFO iar 00106bc0 dear 0245cdec
- 1131127186 2005.11.04 R62-M0-N9-C:J08-U11 2005-11-04-09.59.46.036595 R62-M0-N9-C:J08-U11 RAS KERNEL INFO 45684 floating point alignment exceptions
- 1131127319 2005.11.04 R62-M0-N6-C:J05-U11 2005-11-04-10.01.59.090723 R62-M0-N6-C:J05-U11 RAS KERNEL INFO iar 0010671c dear 0245b72c
- 1131127613 2005.11.04 R62-M0-NE-C:J13-U01 2005-11-04-10.06.53.324365 R62-M0-NE-C:J13-U01 RAS KERNEL INFO iar 00106704 dear 0245b77c
- 1131128125 2005.11.04 R62-M0-N0-C:J16-U01 2005-11-04-10.15.25.666952 R62-M0-N0-C:J16-U01 RAS KERNEL INFO iar 001061ec dear 02f6668c
- 1131131553 2005.11.04 R63-M0-NE-C:J11-U11 2005-11-04-11.12.33.858917 R63-M0-NE-C:J11-U11 RAS KERNEL INFO iar 001069a8 dear 02f7bd7c
- 1131142179 2005.11.04 R60-M1-N0-I:J18-U01 2005-11-04-14.09.39.179254 R60-M1-N0-I:J18-U01 RAS KERNEL INFO ciod: generated 128 core files for program /g/g20/valone1/SPaSM-shock/SPaSM_mpi
- 1131147227 2005.11.04 R63-M0-N1-C:J05-U11 2005-11-04-15.33.47.360607 R63-M0-N1-C:J05-U11 RAS KERNEL INFO iar 00106570 dear 0245a5bc
- 1131148486 2005.11.04 R63-M0-N2-C:J03-U11 2005-11-04-15.54.46.919787 R63-M0-N2-C:J03-U11 RAS KERNEL INFO iar 00106348 dear 024696bc
- 1131366730 2005.11.07 R50-M0-N4-I:J18-U01 2005-11-07-04.32.10.481855 R50-M0-N4-I:J18-U01 RAS APP FATAL ciod: Error loading /bgl/apps/followup/RAPTOR/pre-study/raptor.newcomp.r1: invalid or missing program image, Permission denied
- 1131473377 2005.11.08 R62-M0-NA-C:J04-U11 2005-11-08-10.09.37.180669 R62-M0-NA-C:J04-U11 RAS KERNEL INFO iar 001061e8 dear 0247015c
- 1131474292 2005.11.08 R62-M0-NB-C:J12-U01 2005-11-08-10.24.52.743959 R62-M0-NB-C:J12-U01 RAS KERNEL INFO iar 001061e8 dear 0247015c
- 1131477559 2005.11.08 R62-M0-ND-C:J05-U01 2005-11-08-11.19.19.457791 R62-M0-ND-C:J05-U01 RAS KERNEL INFO iar 00106200 dear 0247019c
- 1131579941 2005.11.09 R62-M0-N0-C:J02-U01 2005-11-09-15.45.41.245664 R62-M0-N0-C:J02-U01 RAS KERNEL INFO iar 00106b98 dear 0246dd9c
- 1131583004 2005.11.09 R63-M0-NF-C:J05-U11 2005-11-09-16.36.44.235997 R63-M0-NF-C:J05-U11 RAS KERNEL INFO iar 00106288 dear 02f7a0fc
- 1131624438 2005.11.10 R65-M0-N2-C:J05-U11 2005-11-10-04.07.18.981015 R65-M0-N2-C:J05-U11 RAS KERNEL INFO CE sym 6, at 0x00e462c0, mask 0x02
- 1131692649 2005.11.10 R63-M0-N3-C:J14-U11 2005-11-10-23.04.09.760063 R63-M0-N3-C:J14-U11 RAS KERNEL INFO iar 00106298 dear 02f7a18c
KERNREC 1132021542 2005.11.14 R46-M1-N1-C:J02-U01 2005-11-14-18.25.42.152117 R46-M1-N1-C:J02-U01 RAS KERNEL FATAL Error receiving packet on tree network, expecting type 57 instead of type 3 (softheader=00ce22e8 e6200003 00000002 00000000) PSR0=20021f01 PSR1=00000000 PRXF=00000002 PIXF=00000007
KERNTERM 1132111168 2005.11.15 R57-M0-NA-C:J13-U11 2005-11-15-19.19.28.379713 R57-M0-NA-C:J13-U11 RAS KERNEL FATAL rts: kernel terminated for reason 1004
- 1132328434 2005.11.18 R35-M0-NC-I:J18-U11 2005-11-18-07.40.34.306398 R35-M0-NC-I:J18-U11 RAS KERNEL INFO ciod: Received signal 15, code=0, errno=0, address=0x000001b0
- 1132584495 2005.11.21 R26-M0-N0-I:J18-U11 2005-11-21-06.48.15.351050 R26-M0-N0-I:J18-U11 RAS KERNEL INFO MACHINE CHECK DCR read timeout (mc=e08x iar 0x00000000 lr 0xc00045a4)
APPTO 1132600084 2005.11.21 R14-M0-NC-I:J18-U11 2005-11-21-11.08.04.944948 R14-M0-NC-I:J18-U11 RAS APP FATAL ciod: Error reading message prefix on CioStream socket to 172.16.96.116:41554, Connection timed out
APPRES 1132613769 2005.11.21 R66-M1-N8-I:J18-U01 2005-11-21-14.56.09.042983 R66-M1-N8-I:J18-U01 RAS APP FATAL ciod: Error reading message prefix on CioStream socket to 172.16.96.116:41587, Connection reset by peer
APPSEV 1133009333 2005.11.26 R54-M0-N0-I:J18-U01 2005-11-26-04.48.53.869394 R54-M0-N0-I:J18-U01 RAS APP FATAL ciod: Error reading message prefix on CioStream socket to 172.16.96.116:60243, Link has been severed
- 1133280774 2005.11.29 R55-M0-N9-C:J06-U11 2005-11-29-08.12.54.614554 R55-M0-N9-C:J06-U11 RAS KERNEL INFO 13 tree receiver 1 in re-synch state event(s) (dcr 0x0185) detected over 4562 seconds
- 1133409779 2005.11.30 R13-M1-NC-I:J18-U01 2005-11-30-20.02.59.033978 R13-M1-NC-I:J18-U01 RAS APP FATAL ciod: LOGIN chdir(/g/g0/spelce1/Linpack_SWL) failed: No such file or directory
- 1133447763 2005.12.01 R06-M0-N7-C:J05-U01 2005-12-01-06.36.03.872611 R06-M0-N7-C:J05-U01 RAS KERNEL INFO 10700 total interrupts. 0 critical input interrupts. 0 microseconds total spent on critical input interrupts, 0 microseconds max time in a critical input interrupt.
- 1133447964 2005.12.01 R34-M0-N8-C:J06-U11 2005-12-01-06.39.24.979006 R34-M0-N8-C:J06-U11 RAS KERNEL INFO 10686 total interrupts. 0 critical input interrupts. 0 microseconds total spent on critical input interrupts, 0 microseconds max time in a critical input interrupt.
- 1133448090 2005.12.01 R50-M0-N9-C:J11-U01 2005-12-01-06.41.30.114225 R50-M0-N9-C:J11-U01 RAS KERNEL INFO 10692 total interrupts. 0 critical input interrupts. 0 microseconds total spent on critical input interrupts, 0 microseconds max time in a critical input interrupt.
- 1133448278 2005.12.01 R52-M0-N1-C:J10-U11 2005-12-01-06.44.38.098317 R52-M0-N1-C:J10-U11 RAS KERNEL INFO 0 microseconds spent in the rbs signal handler during 0 calls. 0 microseconds was the maximum time for a single instance of a correctable ddr.
- 1133448397 2005.12.01 R66-M0-NB-C:J17-U11 2005-12-01-06.46.37.568406 R66-M0-NB-C:J17-U11 RAS KERNEL INFO 0 microseconds spent in the rbs signal handler during 0 calls. 0 microseconds was the maximum time for a single instance of a correctable ddr.
- 1133448479 2005.12.01 R64-M0-N2-C:J16-U01 2005-12-01-06.47.59.953454 R64-M0-N2-C:J16-U01 RAS KERNEL INFO 0 microseconds spent in the rbs signal handler during 0 calls. 0 microseconds was the maximum time for a single instance of a correctable ddr.
- 1133448656 2005.12.01 R27-M1-NA-C:J05-U11 2005-12-01-06.50.56.045860 R27-M1-NA-C:J05-U11 RAS KERNEL INFO 10744 total interrupts. 0 critical input interrupts. 0 microseconds total spent on critical input interrupts, 0 microseconds max time in a critical input interrupt.
- 1133448800 2005.12.01 R23-M1-NF-C:J15-U01 2005-12-01-06.53.20.715143 R23-M1-NF-C:J15-U01 RAS KERNEL INFO 0 microseconds spent in the rbs signal handler during 0 calls. 0 microseconds was the maximum time for a single instance of a correctable ddr.
- 1133454594 2005.12.01 R04-M0-N6-C:J10-U01 2005-12-01-08.29.54.636421 R04-M0-N6-C:J10-U01 RAS KERNEL INFO 10718 total interrupts. 0 critical input interrupts. 0 microseconds total spent on critical input interrupts, 0 microseconds max time in a critical input interrupt.
- 1133454722 2005.12.01 R11-M1-ND-C:J09-U01 2005-12-01-08.32.02.378980 R11-M1-ND-C:J09-U01 RAS KERNEL INFO 10698 total interrupts. 0 critical input interrupts. 0 microseconds total spent on critical input interrupts, 0 microseconds max time in a critical input interrupt.
- 1133454783 2005.12.01 R05-M0-N5-C:J08-U11 2005-12-01-08.33.03.466525 R05-M0-N5-C:J08-U11 RAS KERNEL INFO 0 microseconds spent in the rbs signal handler during 0 calls. 0 microseconds was the maximum time for a single instance of a correctable ddr.
- 1133455006 2005.12.01 R55-M1-N8-C:J03-U11 2005-12-01-08.36.46.691884 R55-M1-N8-C:J03-U11 RAS KERNEL INFO 0 microseconds spent in the rbs signal handler during 0 calls. 0 microseconds was the maximum time for a single instance of a correctable ddr.
- 1133455125 2005.12.01 R71-M0-NF-C:J11-U11 2005-12-01-08.38.45.935400 R71-M0-NF-C:J11-U11 RAS KERNEL INFO CE sym 4, at 0x0589f8e0, mask 0x10
- 1133455288 2005.12.01 R41-M1-NF-C:J04-U01 2005-12-01-08.41.28.414439 R41-M1-NF-C:J04-U01 RAS KERNEL INFO 10640 total interrupts. 0 critical input interrupts. 0 microseconds total spent on critical input interrupts, 0 microseconds max time in a critical input interrupt.
- 1133455467 2005.12.01 R40-M1-NE-C:J10-U11 2005-12-01-08.44.27.738774 R40-M1-NE-C:J10-U11 RAS KERNEL INFO 10676 total interrupts. 0 critical input interrupts. 0 microseconds total spent on critical input interrupts, 0 microseconds max time in a critical input interrupt.
- 1133455621 2005.12.01 R26-M0-N9-C:J06-U01 2005-12-01-08.47.01.109678 R26-M0-N9-C:J06-U01 RAS KERNEL INFO 10664 total interrupts. 0 critical input interrupts. 0 microseconds total spent on critical input interrupts, 0 microseconds max time in a critical input interrupt.
- 1133455649 2005.12.01 R23-M1-N5-C:J07-U11 2005-12-01-08.47.29.441454 R23-M1-N5-C:J07-U11 RAS KERNEL INFO 0 microseconds spent in the rbs signal handler during 0 calls. 0 microseconds was the maximum time for a single instance of a correctable ddr.
- 1133573986 2005.12.02 R66-M0-N1-C:J03-U01 2005-12-02-17.39.46.428006 R66-M0-N1-C:J03-U01 RAS KERNEL INFO CE sym 15, at 0x06a72120, mask 0x04
- 1133700386 2005.12.04 R21-M1-N4-C:J10-U01 2005-12-04-04.46.26.869771 R21-M1-N4-C:J10-U01 RAS KERNEL INFO CE sym 12, at 0x18e33e80, mask 0x04
- 1133721087 2005.12.04 R71-M0-N4-C:J14-U01 2005-12-04-10.31.27.742650 R71-M0-N4-C:J14-U01 RAS KERNEL FATAL minus normalized number..................0
- 1133926478 2005.12.06 R27-M0-NB-C:J08-U01 2005-12-06-19.34.38.822749 R27-M0-NB-C:J08-U01 RAS KERNEL INFO Kernel detected 3853444 integer alignment exceptions (3853437) iar 0x00544ea8, dear 0x01ef5e20 (3853438) iar 0x00544eb8, dear 0x01ef5e40 (3853439) iar 0x00544ea8, dear 0x01ef5e60 (3853440) iar 0x00544eb8, dear 0x01ef5e80 (3853441) iar 0x00544ee0, dear 0x01ef5ea0 (3853442) iar 0x00544ef0, dear 0x01ef5ec0 (3853443) iar 0x00544ee0, dear 0x01ef5ee0 (3853444) iar 0x00544ef0, dear 0x01ef5f00
- 1134109056 2005.12.08 R64-M1-NC-I:J18-U01 2005-12-08-22.17.36.597185 R64-M1-NC-I:J18-U01 RAS APP FATAL ciod: Error loading /g/g90/glosli/src/ddcMD/ddcMD1.1.17/bin/ddcMDbglV: invalid or missing program image, No such file or directory
- 1134160405 2005.12.09 R06-M0-N4-I:J18-U01 2005-12-09-12.33.25.851921 R06-M0-N4-I:J18-U01 RAS APP FATAL ciod: Error loading /bgl/apps/SWL/stability/NEWS05/news05_DD: invalid or missing program image, Permission denied
APPSEV 1134496355 2005.12.13 R74-M1-N8-I:J18-U11 2005-12-13-09.52.35.527182 R74-M1-N8-I:J18-U11 RAS APP FATAL ciod: Error reading message prefix on CioStream socket to 172.16.96.116:55929, Link has been severed
APPSEV 1134630981 2005.12.14 R37-M1-N8-I:J18-U11 2005-12-14-23.16.21.740107 R37-M1-N8-I:J18-U11 RAS APP FATAL ciod: Error reading message prefix on CioStream socket to 172.16.96.116:49934, Link has been severed
- 1135095320 2005.12.20 R45-M0-N4-I:J18-U01 2005-12-20-08.15.20.957109 R45-M0-N4-I:J18-U01 RAS KERNEL INFO ciod: generated 128 core files for program /g/g24/germann2/SPaSM_static/SPaSM_mpi
- 1135661328 2005.12.26 R37-M1-NC-C:J02-U11 2005-12-26-21.28.48.643483 R37-M1-NC-C:J02-U11 RAS KERNEL INFO instruction cache parity error corrected
