- 1117838570 2005.06.03 R02-M1-N0-C:J12-U11 2005-06-03-15.42.50.675872 R02-M1-N0-C:J12-U11 RAS KERNEL INFO instruction cache parity error corrected
- 1117848119 2005.06.03 R16-M1-N2-C:J17-U01 2005-06-03-18.21.59.871925 R16-M1-N2-C:J17-U01 RAS KERNEL INFO CE sym 2, at 0x0b85eee0, mask 0x05
- 1117957045 2005.06.05 R20-M1-N8-C:J04-U01 2005-06-05-00.37.25.012681 R20-M1-N8-C:J04-U01 RAS KERNEL INFO generating core.775
- 1117974206 2005.06.05 R22-M0-ND-C:J10-U11 2005-06-05-05.23.26.239153 R22-M0-ND-C:J10-U11 RAS KERNEL INFO generating core.201
- 1117984124 2005.06.05 R36-M1-NF-C:J11-U01 2005-06-05-08.08.44.281729 R36-M1-NF-C:J11-U01 RAS KERNEL INFO generating core.6545
- 1117985533 2005.06.05 R34-M1-NC-C:J06-U11 2005-06-05-08.32.13.659715 R34-M1-NC-C:J06-U11 RAS KERNEL INFO generating core.6990
- 1117989483 2005.06.05 R37-M0-N3-C:J14-U01 2005-06-05-09.38.03.456120 R37-M0-N3-C:J14-U01 RAS KERNEL INFO generating core.3488
- 1117990886 2005.06.05 R36-M1-ND-C:J13-U01 2005-06-05-10.01.26.040379 R36-M1-ND-C:J13-U01 RAS KERNEL INFO generating core.6801
- 1118070512 2005.06.06 R01-M1-NB-C:J03-U11 2005-06-06-08.08.32.984716 R01-M1-NB-C:J03-U11 RAS KERNEL INFO CE sym 20, at 0x01228120, mask 0x10
- 1118081048 2005.06.06 R02-M1-N0-C:J12-U11 2005-06-06-11.04.08.452393 R02-M1-N0-C:J12-U11 RAS KERNEL INFO instruction cache parity error corrected
- 1118122888 2005.06.06 R25-M1-N8-C:J06-U01 2005-06-06-22.41.28.143013 R25-M1-N8-C:J06-U01 RAS KERNEL INFO generating core.1990
- 1118172017 2005.06.07 R35-M1-NE-C:J09-U01 2005-06-07-12.20.17.344136 R35-M1-NE-C:J09-U01 RAS KERNEL INFO generating core.4182
- 1118193358 2005.06.07 R11-M0-NC-I:J18-U01 2005-06-07-18.15.58.583443 R11-M0-NC-I:J18-U01 RAS APP FATAL ciod: LOGIN chdir(/p/gb2/glosli/8M_5000K/t800) failed: No such file or directory
- 1118290077 2005.06.08 R27-M1-N6-C:J04-U01 2005-06-08-21.07.57.879112 R27-M1-N6-C:J04-U01 RAS KERNEL INFO generating core.2599
- 1118354046 2005.06.09 R24-M1-N6-C:J07-U11 2005-06-09-14.54.06.957120 R24-M1-N6-C:J07-U11 RAS KERNEL INFO generating core.254
KERNDTLB 1118537212 2005.06.11 R30-M0-N9-C:J16-U01 2005-06-11-17.46.52.020435 R30-M0-N9-C:J16-U01 RAS KERNEL FATAL data TLB error interrupt
KERNDTLB 1118539141 2005.06.11 R30-M0-N9-C:J16-U01 2005-06-11-18.19.01.277745 R30-M0-N9-C:J16-U01 RAS KERNEL FATAL data TLB error interrupt
KERNDTLB 1118541965 2005.06.11 R30-M0-N9-C:J16-U01 2005-06-11-19.06.05.431824 R30-M0-N9-C:J16-U01 RAS KERNEL FATAL data TLB error interrupt
KERNDTLB 1118543547 2005.06.11 R30-M0-N9-C:J16-U01 2005-06-11-19.32.27.820915 R30-M0-N9-C:J16-U01 RAS KERNEL FATAL data TLB error interrupt
KERNDTLB 1118545027 2005.06.11 R30-M0-N9-C:J16-U01 2005-06-11-19.57.07.898567 R30-M0-N9-C:J16-U01 RAS KERNEL FATAL data TLB error interrupt
KERNDTLB 1118549852 2005.06.11 R30-M0-N9-C:J16-U01 2005-06-11-21.17.32.188993 R30-M0-N9-C:J16-U01 RAS KERNEL FATAL data TLB error interrupt
KERNDTLB 1118552349 2005.06.11 R30-M0-N9-C:J16-U01 2005-06-11-21.59.09.406185 R30-M0-N9-C:J16-U01 RAS KERNEL FATAL data TLB error interrupt
KERNDTLB 1118554196 2005.06.11 R30-M0-N9-C:J16-U01 2005-06-11-22.29.56.837444 R30-M0-N9-C:J16-U01 RAS KERNEL FATAL data TLB error interrupt
KERNDTLB 1118557291 2005.06.11 R30-M0-N9-C:J16-U01 2005-06-11-23.21.31.495365 R30-M0-N9-C:J16-U01 RAS KERNEL FATAL data TLB error interrupt
KERNSTOR 1118709578 2005.06.13 R13-M1-N2-C:J17-U01 2005-06-13-17.39.38.100643 R13-M1-N2-C:J17-U01 RAS KERNEL FATAL data storage interrupt
- 1118710134 2005.06.13 R04-M1-N1-C:J11-U11 2005-06-13-17.48.54.474557 R04-M1-N1-C:J11-U11 RAS KERNEL FATAL instruction address: 0x00004ed8
- 1118758269 2005.06.14 R31-M0-NE-C:J15-U11 2005-06-14-07.11.09.281175 R31-M0-NE-C:J15-U11 RAS KERNEL INFO generating core.2332
KERNSTOR 1118765370 2005.06.14 R01-M1-N6-C:J15-U11 2005-06-14-09.09.30.138103 R01-M1-N6-C:J15-U11 RAS KERNEL FATAL data storage interrupt
- 1118765825 2005.06.14 R13-M0-NA-C:J15-U01 2005-06-14-09.17.05.516605 R13-M0-NA-C:J15-U01 RAS KERNEL FATAL instruction address: 0x00004ed8
- 1118766935 2005.06.14 R20-M1-NC-C:J05-U01 2005-06-14-09.35.35.569986 R20-M1-NC-C:J05-U01 RAS KERNEL FATAL instruction address: 0x00004ed8
KERNSTOR 1118767942 2005.06.14 R25-M0-NB-C:J02-U11 2005-06-14-09.52.22.295234 R25-M0-NB-C:J02-U11 RAS KERNEL FATAL data storage interrupt
KERNSTOR 1118768087 2005.06.14 R16-M0-N4-C:J02-U11 2005-06-14-09.54.47.139055 R16-M0-N4-C:J02-U11 RAS KERNEL FATAL data storage interrupt
- 1118768357 2005.06.14 R25-M0-N3-C:J13-U11 2005-06-14-09.59.17.720736 R25-M0-N3-C:J13-U11 RAS KERNEL FATAL machine check: i-fetch......................0
- 1118769530 2005.06.14 R27-M1-NA-C:J16-U11 2005-06-14-10.18.50.161104 R27-M1-NA-C:J16-U11 RAS KERNEL FATAL exception syndrome register: 0x00800000
- 1118769811 2005.06.14 R25-M1-N3-C:J16-U01 2005-06-14-10.23.31.130281 R25-M1-N3-C:J16-U01 RAS KERNEL FATAL exception syndrome register: 0x00800000
- 1118770227 2005.06.14 R25-M1-N6-C:J15-U11 2005-06-14-10.30.27.419268 R25-M1-N6-C:J15-U11 RAS KERNEL FATAL program interrupt: privileged instruction...0
- 1118770918 2005.06.14 R24-M0-N5-C:J05-U01 2005-06-14-10.41.58.776391 R24-M0-N5-C:J05-U01 RAS KERNEL FATAL data store interrupt caused by icbi.........0
- 1118771075 2005.06.14 R24-M0-NF-C:J09-U01 2005-06-14-10.44.35.353282 R24-M0-NF-C:J09-U01 RAS KERNEL FATAL auxiliary processor.........................0
- 1118771384 2005.06.14 R21-M1-N6-C:J13-U11 2005-06-14-10.49.44.238733 R21-M1-N6-C:J13-U11 RAS KERNEL FATAL byte ordering exception.....................0
- 1118771679 2005.06.14 R21-M1-N5-C:J05-U11 2005-06-14-10.54.39.063056 R21-M1-N5-C:J05-U11 RAS KERNEL FATAL program interrupt: fp cr update.............0
- 1118771934 2005.06.14 R24-M0-ND-C:J02-U11 2005-06-14-10.58.54.996783 R24-M0-ND-C:J02-U11 RAS KERNEL FATAL program interrupt: fp cr field .............0
- 1118772150 2005.06.14 R24-M0-NC-C:J12-U11 2005-06-14-11.02.30.070774 R24-M0-NC-C:J12-U11 RAS KERNEL FATAL machine state register: 0x00002000
- 1118772877 2005.06.14 R27-M1-N3-C:J04-U11 2005-06-14-11.14.37.821210 R27-M1-N3-C:J04-U11 RAS KERNEL FATAL lr:00004ed0 cr:28244842 xer:20000002 ctr:00086000
- 1118773741 2005.06.14 R21-M0-N9-C:J08-U01 2005-06-14-11.29.01.258503 R21-M0-N9-C:J08-U01 RAS KERNEL FATAL data address space................0
- 1118773862 2005.06.14 R21-M0-N7-C:J02-U11 2005-06-14-11.31.02.213030 R21-M0-N7-C:J02-U11 RAS KERNEL FATAL core configuration register: 0x00002000
- 1118795802 2005.06.14 R23-M0-ND-C:J13-U01 2005-06-14-17.36.42.381657 R23-M0-ND-C:J13-U01 RAS KERNEL INFO generating core.145
- 1118843835 2005.06.15 R21-M1-N1-C:J07-U11 2005-06-15-06.57.15.905673 R21-M1-N1-C:J07-U11 RAS KERNEL INFO generating core.1978
- 1118852703 2005.06.15 R02-M1-N0-C:J12-U11 2005-06-15-09.25.03.582371 R02-M1-N0-C:J12-U11 RAS KERNEL INFO instruction cache parity error corrected
- 1118911785 2005.06.16 R27-M1-ND-C:J11-U01 2005-06-16-01.49.45.558500 R27-M1-ND-C:J11-U01 RAS KERNEL INFO generating core.2961
- 1118916076 2005.06.16 R23-M1-N4-C:J10-U11 2005-06-16-03.01.16.485975 R23-M1-N4-C:J10-U11 RAS KERNEL INFO generating core.3053
- 1119166454 2005.06.19 R04-M0-N9-C:J07-U01 2005-06-19-00.34.14.589889 R04-M0-N9-C:J07-U01 RAS KERNEL INFO generating core.978
- 1119291099 2005.06.20 R11-M0-ND-C:J11-U11 2005-06-20-11.11.39.810523 R11-M0-ND-C:J11-U11 RAS KERNEL INFO generating core.9785
- 1119377678 2005.06.21 R20-M0-N9-C:J11-U11 2005-06-21-11.14.38.018978 R20-M0-N9-C:J11-U11 RAS KERNEL INFO generating core.8089
- 1119402454 2005.06.21 R22-M0-N4-I:J18-U11 2005-06-21-18.07.34.337232 R22-M0-N4-I:J18-U11 RAS APP FATAL ciod: Error loading ./runtime_malloc: invalid or missing program image, No such file or directory
- 1119545636 2005.06.23 R23-M1-N7-C:J02-U01 2005-06-23-09.53.56.123342 R23-M1-N7-C:J02-U01 RAS KERNEL INFO 6182400 double-hummer alignment exceptions
- 1119677904 2005.06.24 R36-M0-N5-C:J03-U01 2005-06-24-22.38.24.830252 R36-M0-N5-C:J03-U01 RAS KERNEL INFO CE sym 23, at 0x03f89c00, mask 0x10
- 1119715100 2005.06.25 R26-M0-N6-C:J13-U11 2005-06-25-08.58.20.635863 R26-M0-N6-C:J13-U11 RAS KERNEL INFO generating core.58109
- 1119715413 2005.06.25 R25-M0-N6-C:J08-U11 2005-06-25-09.03.33.373728 R25-M0-N6-C:J08-U11 RAS KERNEL INFO generating core.16830
- 1119715819 2005.06.25 R15-M1-NB-C:J12-U11 2005-06-25-09.10.19.844956 R15-M1-NB-C:J12-U11 RAS KERNEL INFO generating core.45353
- 1119725040 2005.06.25 R05-M0-N7-C:J04-U01 2005-06-25-11.44.00.166788 R05-M0-N7-C:J04-U01 RAS KERNEL INFO generating core.41347
- 1119725352 2005.06.25 R24-M0-N7-C:J17-U01 2005-06-25-11.49.12.068081 R24-M0-N7-C:J17-U01 RAS KERNEL INFO generating core.25048
- 1119726634 2005.06.25 R06-M0-N7-C:J04-U01 2005-06-25-12.10.34.183984 R06-M0-N7-C:J04-U01 RAS KERNEL INFO generating core.323
- 1119803084 2005.06.26 R36-M0-ND-C:J13-U11 2005-06-26-09.24.44.819150 R36-M0-ND-C:J13-U11 RAS KERNEL INFO program interrupt: illegal instruction......1
- 1119803602 2005.06.26 R00-M0-NB-C:J09-U01 2005-06-26-09.33.22.839312 R00-M0-NB-C:J09-U01 RAS KERNEL INFO auxiliary processor.........................0
- 1119806955 2005.06.26 R03-M1-NC-C:J05-U11 2005-06-26-10.29.15.890436 R03-M1-NC-C:J05-U11 RAS KERNEL INFO program interrupt
- 1119807588 2005.06.26 R33-M1-N3-C:J16-U11 2005-06-26-10.39.48.944209 R33-M1-N3-C:J16-U11 RAS KERNEL INFO auxiliary processor.........................0
- 1120091839 2005.06.29 R15-M1-NB-C:J16-U01 2005-06-29-17.37.19.696868 R15-M1-NB-C:J16-U01 RAS KERNEL INFO generating core.4230
- 1120094424 2005.06.29 R10-M0-N9-C:J05-U01 2005-06-29-18.20.24.553240 R10-M0-N9-C:J05-U01 RAS KERNEL INFO 344040 double-hummer alignment exceptions
- 1120145611 2005.06.30 R16-M0-NE-C:J14-U11 2005-06-30-08.33.31.578264 R16-M0-NE-C:J14-U11 RAS KERNEL INFO generating core.26156
- 1120146042 2005.06.30 R21-M0-N0-C:J05-U11 2005-06-30-08.40.42.786067 R21-M0-N0-C:J05-U11 RAS KERNEL INFO generating core.22783
- 1120148743 2005.06.30 R11-M0-N0-C:J02-U11 2005-06-30-09.25.43.591205 R11-M0-N0-C:J02-U11 RAS KERNEL INFO generating core.5935
- 1120177846 2005.06.30 R16-M1-N2-C:J17-U01 2005-06-30-17.30.46.535444 R16-M1-N2-C:J17-U01 RAS KERNEL INFO CE sym 0, at 0x1b858280, mask 0x40
- 1120216232 2005.07.01 R26-M0-N5-C:J07-U11 2005-07-01-04.10.32.786113 R26-M0-N5-C:J07-U11 RAS KERNEL INFO generating core.30586
- 1120216963 2005.07.01 R10-M1-ND-C:J17-U11 2005-07-01-04.22.43.382322 R10-M1-ND-C:J17-U11 RAS KERNEL INFO generating core.536
- 1120217126 2005.07.01 R14-M1-NE-C:J14-U11 2005-07-01-04.25.26.994401 R14-M1-NE-C:J14-U11 RAS KERNEL INFO generating core.332
- 1120259871 2005.07.01 R33-M0-N6-C:J07-U01 2005-07-01-16.17.51.960797 R33-M0-N6-C:J07-U01 RAS KERNEL INFO 1146800 double-hummer alignment exceptions
- 1120261034 2005.07.01 R23-M0-N1-C:J02-U11 2005-07-01-16.37.14.984043 R23-M0-N1-C:J02-U11 RAS KERNEL INFO 1146800 double-hummer alignment exceptions
- 1120263044 2005.07.01 R36-M0-N5-C:J16-U11 2005-07-01-17.10.44.021307 R36-M0-N5-C:J16-U11 RAS KERNEL INFO 1146800 double-hummer alignment exceptions
- 1120265540 2005.07.01 R24-M1-NA-C:J14-U01 2005-07-01-17.52.20.409124 R24-M1-NA-C:J14-U01 RAS KERNEL INFO 458720 double-hummer alignment exceptions
- 1120266866 2005.07.01 R30-M1-N9-C:J08-U11 2005-07-01-18.14.26.319216 R30-M1-N9-C:J08-U11 RAS KERNEL INFO 1146800 double-hummer alignment exceptions
- 1120351671 2005.07.02 R05-M1-NE-C:J12-U01 2005-07-02-17.47.51.984240 R05-M1-NE-C:J12-U01 RAS KERNEL INFO generating core.2117
- 1120447042 2005.07.03 R37-M1-N3-C:J13-U11 2005-07-03-20.17.22.293433 R37-M1-N3-C:J13-U11 RAS KERNEL INFO generating core.26993
- 1120449671 2005.07.03 R31-M0-N7-C:J13-U01 2005-07-03-21.01.11.603590 R31-M0-N7-C:J13-U01 RAS KERNEL INFO generating core.4193
- 1120469605 2005.07.04 R21-M1-NB-C:J15-U01 2005-07-04-02.33.25.435620 R21-M1-NB-C:J15-U01 RAS KERNEL INFO generating core.23080
- 1120486728 2005.07.04 R17-M1-N4-C:J07-U11 2005-07-04-07.18.48.526515 R17-M1-N4-C:J07-U11 RAS KERNEL INFO generating core.3006
- 1120487796 2005.07.04 R02-M1-N8-C:J17-U01 2005-07-04-07.36.36.338885 R02-M1-N8-C:J17-U01 RAS KERNEL INFO generating core.404
- 1120772478 2005.07.07 R01-M0-N6-C:J11-U11 2005-07-07-14.41.18.953461 R01-M0-N6-C:J11-U11 RAS KERNEL INFO generating core.1213
- 1120776057 2005.07.07 R37-M0-NF-C:J17-U11 2005-07-07-15.40.57.457814 R37-M0-NF-C:J17-U11 RAS KERNEL INFO 634368144 double-hummer alignment exceptions
- 1120788451 2005.07.07 R34-M0-N3-C:J17-U11 2005-07-07-19.07.31.240935 R34-M0-N3-C:J17-U11 RAS KERNEL INFO generating core.4592
- 1120917279 2005.07.09 R16-M1-N2-C:J15-U01 2005-07-09-06.54.39.086324 R16-M1-N2-C:J15-U01 RAS KERNEL INFO generating core.9652
- 1120928196 2005.07.09 R27-M1-N9-C:J06-U01 2005-07-09-09.56.36.409760 R27-M1-N9-C:J06-U01 RAS KERNEL INFO generating core.7946
- 1120931195 2005.07.09 R20-M0-NE-C:J05-U01 2005-07-09-10.46.35.976265 R20-M0-NE-C:J05-U01 RAS KERNEL INFO generating core.24671
- 1120931465 2005.07.09 R31-M0-N9-C:J08-U01 2005-07-09-10.51.05.319040 R31-M0-N9-C:J08-U01 RAS KERNEL INFO generating core.47122
- 1120932622 2005.07.09 R36-M0-N2-C:J10-U01 2005-07-09-11.10.22.118843 R36-M0-N2-C:J10-U01 RAS KERNEL INFO generating core.5781
- 1120933839 2005.07.09 R26-M0-N3-C:J13-U11 2005-07-09-11.30.39.600360 R26-M0-N3-C:J13-U11 RAS KERNEL INFO generating core.29433
- 1120934788 2005.07.09 R11-M0-NE-C:J11-U11 2005-07-09-11.46.28.950400 R11-M0-NE-C:J11-U11 RAS KERNEL INFO generating core.17517
- 1120935076 2005.07.09 R02-M1-NE-C:J08-U11 2005-07-09-11.51.16.012286 R02-M1-NE-C:J08-U11 RAS KERNEL INFO generating core.25382
- 1120935483 2005.07.09 R10-M0-N8-C:J06-U01 2005-07-09-11.58.03.523153 R10-M0-N8-C:J06-U01 RAS KERNEL INFO generating core.31758
- 1120938039 2005.07.09 R21-M0-N5-C:J14-U01 2005-07-09-12.40.39.809863 R21-M0-N5-C:J14-U01 RAS KERNEL INFO generating core.52376
- 1120938346 2005.07.09 R15-M1-NB-C:J15-U01 2005-07-09-12.45.46.326910 R15-M1-NB-C:J15-U01 RAS KERNEL INFO generating core.46408
- 1120938631 2005.07.09 R11-M1-NB-C:J12-U11 2005-07-09-12.50.31.927917 R11-M1-NB-C:J12-U11 RAS KERNEL INFO generating core.12329
- 1120939626 2005.07.09 R36-M1-N4-C:J15-U11 2005-07-09-13.07.06.107122 R36-M1-N4-C:J15-U11 RAS KERNEL INFO generating core.61172
- 1120940057 2005.07.09 R36-M0-N9-C:J15-U01 2005-07-09-13.14.17.907696 R36-M0-N9-C:J15-U01 RAS KERNEL INFO generating core.40528
- 1120940349 2005.07.09 R32-M1-N3-C:J07-U11 2005-07-09-13.19.09.983269 R32-M1-N3-C:J07-U11 RAS KERNEL INFO generating core.30706
- 1120940659 2005.07.09 R15-M1-N1-C:J10-U01 2005-07-09-13.24.19.559994 R15-M1-N1-C:J10-U01 RAS KERNEL INFO generating core.15753
- 1120955633 2005.07.09 R26-M0-N7-C:J02-U01 2005-07-09-17.33.53.777163 R26-M0-N7-C:J02-U01 RAS KERNEL INFO generating core.13131
- 1120956863 2005.07.09 R06-M1-N8-C:J14-U01 2005-07-09-17.54.23.740575 R06-M1-N8-C:J14-U01 RAS KERNEL INFO generating core.1988
- 1120958403 2005.07.09 R21-M0-N3-C:J06-U11 2005-07-09-18.20.03.745197 R21-M0-N3-C:J06-U11 RAS KERNEL INFO generating core.10842
- 1120968079 2005.07.09 R31-M1-N1-C:J06-U11 2005-07-09-21.01.19.043600 R31-M1-N1-C:J06-U11 RAS KERNEL INFO generating core.28242
- 1120968439 2005.07.09 R25-M1-NF-C:J10-U11 2005-07-09-21.07.19.074851 R25-M1-NF-C:J10-U11 RAS KERNEL INFO generating core.21145
- 1120968887 2005.07.09 R10-M0-NB-C:J13-U11 2005-07-09-21.14.47.953574 R10-M0-NB-C:J13-U11 RAS KERNEL INFO generating core.7193
- 1120969149 2005.07.09 R24-M0-N7-C:J17-U11 2005-07-09-21.19.09.892450 R24-M0-N7-C:J17-U11 RAS KERNEL INFO generating core.12536
- 1120969377 2005.07.09 R27-M1-N7-C:J11-U01 2005-07-09-21.22.57.518045 R27-M1-N7-C:J11-U01 RAS KERNEL INFO generating core.21353
- 1120969527 2005.07.09 R25-M0-N9-C:J11-U01 2005-07-09-21.25.27.506107 R25-M0-N9-C:J11-U01 RAS KERNEL INFO generating core.28329
- 1120970941 2005.07.09 R00-M1-N7-C:J11-U01 2005-07-09-21.49.01.198976 R00-M1-N7-C:J11-U01 RAS KERNEL INFO generating core.3249
- 1120975821 2005.07.09 R04-M1-NE-C:J10-U01 2005-07-09-23.10.21.207634 R04-M1-NE-C:J10-U01 RAS KERNEL INFO generating core.3269
- 1121006797 2005.07.10 R25-M1-N7-C:J13-U01 2005-07-10-07.46.37.300865 R25-M1-N7-C:J13-U01 RAS KERNEL INFO generating core.4329
- 1121007046 2005.07.10 R30-M1-N8-C:J15-U11 2005-07-10-07.50.46.048460 R30-M1-N8-C:J15-U11 RAS KERNEL INFO generating core.15924
- 1121172239 2005.07.12 R26-M1-N1-C:J16-U01 2005-07-12-05.43.59.502921 R26-M1-N1-C:J16-U01 RAS KERNEL INFO generating core.3400
- 1121172822 2005.07.12 R16-M1-N1-C:J05-U01 2005-07-12-05.53.42.889632 R16-M1-N1-C:J05-U01 RAS KERNEL INFO generating core.1715
- 1121252323 2005.07.13 R22-M1-N3-C:J02-U01 2005-07-13-03.58.43.479838 R22-M1-N3-C:J02-U01 RAS KERNEL INFO 113170696 double-hummer alignment exceptions
- 1121252541 2005.07.13 R03-M0-N7-C:J12-U01 2005-07-13-04.02.21.078387 R03-M0-N7-C:J12-U01 RAS KERNEL INFO 114091808 double-hummer alignment exceptions
- 1121252884 2005.07.13 R30-M1-N6-C:J14-U11 2005-07-13-04.08.04.789912 R30-M1-N6-C:J14-U11 RAS KERNEL INFO 116249832 double-hummer alignment exceptions
- 1121256377 2005.07.13 R22-M1-N2-C:J08-U11 2005-07-13-05.06.17.839446 R22-M1-N2-C:J08-U11 RAS KERNEL INFO generating core.5054
- 1121256780 2005.07.13 R23-M0-N7-C:J02-U11 2005-07-13-05.13.00.634737 R23-M0-N7-C:J02-U11 RAS KERNEL INFO generating core.18363
- 1121308274 2005.07.13 R26-M0-N3-C:J14-U11 2005-07-13-19.31.14.143065 R26-M0-N3-C:J14-U11 RAS KERNEL INFO generating core.15192
- 1121308677 2005.07.13 R24-M0-N6-C:J15-U01 2005-07-13-19.37.57.813607 R24-M0-N6-C:J15-U01 RAS KERNEL INFO generating core.29420
- 1121309186 2005.07.13 R04-M1-N6-C:J12-U11 2005-07-13-19.46.26.896284 R04-M1-N6-C:J12-U11 RAS KERNEL INFO generating core.3181
- 1121311109 2005.07.13 R34-M1-NE-C:J03-U11 2005-07-13-20.18.29.526143 R34-M1-NE-C:J03-U11 RAS KERNEL INFO generating core.29367
- 1121311425 2005.07.13 R26-M1-N8-C:J04-U01 2005-07-13-20.23.45.306783 R26-M1-N8-C:J04-U01 RAS KERNEL INFO generating core.3343
- 1121312018 2005.07.13 R36-M0-NB-C:J12-U01 2005-07-13-20.33.38.333720 R36-M0-NB-C:J12-U01 RAS KERNEL INFO generating core.18689
- 1121312262 2005.07.13 R32-M1-N1-C:J03-U11 2005-07-13-20.37.42.283997 R32-M1-N1-C:J03-U11 RAS KERNEL INFO generating core.32755
- 1121312412 2005.07.13 R30-M1-NC-C:J17-U01 2005-07-13-20.40.12.834348 R30-M1-NC-C:J17-U01 RAS KERNEL INFO generating core.29732
- 1121313824 2005.07.13 R22-M0-N3-C:J17-U01 2005-07-13-21.03.44.525664 R22-M0-N3-C:J17-U01 RAS KERNEL INFO generating core.14824
- 1121313970 2005.07.13 R27-M0-N1-C:J05-U01 2005-07-13-21.06.10.081119 R27-M0-N1-C:J05-U01 RAS KERNEL INFO generating core.28011
- 1121383222 2005.07.14 R01-M0-N0-I:J18-U11 2005-07-14-16.20.22.672549 R01-M0-N0-I:J18-U11 RAS APP FATAL ciod: Error creating node map from file /home/pakin1/sweep3d-2.2b/results/random1-8x32x32x2.map: Permission denied
- 1121451271 2005.07.15 R07-M1-ND-C:J02-U11 2005-07-15-11.14.31.993348 R07-M1-ND-C:J02-U11 RAS KERNEL INFO generating core.1227
- 1121494144 2005.07.15 R31-M0-ND-C:J03-U11 2005-07-15-23.09.04.924538 R31-M0-ND-C:J03-U11 RAS KERNEL INFO generating core.11379
- 1121495342 2005.07.15 R37-M0-N3-C:J13-U01 2005-07-15-23.29.02.491468 R37-M0-N3-C:J13-U01 RAS KERNEL INFO generating core.45777
- 1121495911 2005.07.15 R32-M0-N5-C:J02-U11 2005-07-15-23.38.31.246747 R32-M0-N5-C:J02-U11 RAS KERNEL INFO generating core.36787
- 1121496335 2005.07.15 R13-M0-NE-C:J14-U11 2005-07-15-23.45.35.927063 R13-M0-NE-C:J14-U11 RAS KERNEL INFO generating core.50988
- 1121597832 2005.07.17 R36-M1-NB-C:J14-U11 2005-07-17-03.57.12.463575 R36-M1-NB-C:J14-U11 RAS KERNEL INFO generating core.30256
- 1121598039 2005.07.17 R21-M1-NA-C:J05-U11 2005-07-17-04.00.39.450366 R21-M1-NA-C:J05-U11 RAS KERNEL INFO generating core.45183
- 1121598603 2005.07.17 R13-M1-ND-C:J13-U11 2005-07-17-04.10.03.965790 R13-M1-ND-C:J13-U11 RAS KERNEL INFO generating core.11113
- 1121599136 2005.07.17 R07-M1-ND-C:J11-U11 2005-07-17-04.18.56.608263 R07-M1-ND-C:J11-U11 RAS KERNEL INFO generating core.52833
- 1121599560 2005.07.17 R10-M0-NC-C:J09-U11 2005-07-17-04.26.00.533212 R10-M0-NC-C:J09-U11 RAS KERNEL INFO generating core.26734
- 1121707209 2005.07.18 R30-M1-NE-C:J02-U11 2005-07-18-10.20.09.218913 R30-M1-NE-C:J02-U11 RAS KERNEL INFO generating core.29207
KERNTERM 1121727206 2005.07.18 R20-M1-N8-C:J12-U01 2005-07-18-15.53.26.229596 R20-M1-N8-C:J12-U01 RAS KERNEL FATAL rts: kernel terminated for reason 1001rts: bad message header: invalid cpu, type=42315, cpu=105, index=1207960804, total=2691015
- 1121900851 2005.07.20 R32-M1-N5-C:J06-U01 2005-07-20-16.07.31.195707 R32-M1-N5-C:J06-U01 RAS KERNEL INFO 8 floating point alignment exceptions
- 1121901193 2005.07.20 R02-M0-NF-C:J10-U11 2005-07-20-16.13.13.815662 R02-M0-NF-C:J10-U11 RAS KERNEL INFO 8 floating point alignment exceptions
- 1121902597 2005.07.20 R11-M1-NE-C:J09-U01 2005-07-20-16.36.37.976854 R11-M1-NE-C:J09-U01 RAS KERNEL INFO 8 floating point alignment exceptions
- 1121903649 2005.07.20 R34-M0-N1-C:J08-U01 2005-07-20-16.54.09.929292 R34-M0-N1-C:J08-U01 RAS KERNEL INFO 8 floating point alignment exceptions
- 1121904541 2005.07.20 R24-M1-N5-C:J03-U01 2005-07-20-17.09.01.109294 R24-M1-N5-C:J03-U01 RAS KERNEL INFO 8 floating point alignment exceptions
- 1122132705 2005.07.23 R12-M1-N0-C:J13-U01 2005-07-23-08.31.45.382020 R12-M1-N0-C:J13-U01 RAS KERNEL INFO generating core.1781
- 1122133483 2005.07.23 R26-M1-N0-C:J05-U11 2005-07-23-08.44.43.722542 R26-M1-N0-C:J05-U11 RAS KERNEL INFO generating core.3455
- 1122143037 2005.07.23 R10-M0-N2-C:J12-U01 2005-07-23-11.23.57.554984 R10-M0-N2-C:J12-U01 RAS KERNEL INFO generating core.7205
- 1122143971 2005.07.23 R24-M1-N3-C:J16-U01 2005-07-23-11.39.31.111761 R24-M1-N3-C:J16-U01 RAS KERNEL INFO generating core.18632
- 1122147215 2005.07.23 R01-M1-N1-C:J03-U11 2005-07-23-12.33.35.436731 R01-M1-N1-C:J03-U11 RAS KERNEL INFO 15 floating point alignment exceptions
- 1122164887 2005.07.23 R17-M1-N9-C:J05-U01 2005-07-23-17.28.07.326889 R17-M1-N9-C:J05-U01 RAS KERNEL INFO 15 floating point alignment exceptions
- 1122165076 2005.07.23 R13-M0-N0-C:J15-U11 2005-07-23-17.31.16.270211 R13-M0-N0-C:J15-U11 RAS KERNEL INFO 15 floating point alignment exceptions
- 1122165453 2005.07.23 R12-M1-N6-C:J06-U11 2005-07-23-17.37.33.651480 R12-M1-N6-C:J06-U11 RAS KERNEL INFO 5 floating point alignment exceptions
- 1122165876 2005.07.23 R10-M1-NE-C:J05-U01 2005-07-23-17.44.36.808433 R10-M1-NE-C:J05-U01 RAS KERNEL INFO 5 floating point alignment exceptions
- 1122166096 2005.07.23 R17-M0-N4-C:J12-U11 2005-07-23-17.48.16.382766 R17-M0-N4-C:J12-U11 RAS KERNEL INFO generating core.4781
- 1122167255 2005.07.23 R16-M1-NB-C:J06-U01 2005-07-23-18.07.35.329193 R16-M1-NB-C:J06-U01 RAS KERNEL INFO 685 floating point alignment exceptions
- 1122168756 2005.07.23 R17-M0-N0-C:J10-U01 2005-07-23-18.32.36.821809 R17-M0-N0-C:J10-U01 RAS KERNEL INFO 1005 floating point alignment exceptions
- 1122256376 2005.07.24 R31-M1-NA-C:J04-U01 2005-07-24-18.52.56.307046 R31-M1-NA-C:J04-U01 RAS KERNEL INFO generating core.53271
- 1122334241 2005.07.25 R00-M0-N7-C:J09-U01 2005-07-25-16.30.41.390181 R00-M0-N7-C:J09-U01 RAS KERNEL INFO generating core.50
- 1122430461 2005.07.26 R20-M0-N9-C:J06-U01 2005-07-26-19.14.21.706235 R20-M0-N9-C:J06-U01 RAS KERNEL INFO generating core.64538
- 1122430675 2005.07.26 R21-M1-N2-C:J12-U11 2005-07-26-19.17.55.987174 R21-M1-N2-C:J12-U11 RAS KERNEL INFO generating core.45245
- 1122431178 2005.07.26 R17-M1-NB-C:J09-U11 2005-07-26-19.26.18.003421 R17-M1-NB-C:J09-U11 RAS KERNEL INFO generating core.45674
- 1122431514 2005.07.26 R03-M1-N2-C:J11-U01 2005-07-26-19.31.54.482487 R03-M1-N2-C:J11-U01 RAS KERNEL INFO generating core.22469
- 1122574115 2005.07.28 R31-M0-NB-C:J12-U11 2005-07-28-11.08.35.403371 R31-M0-NB-C:J12-U11 RAS KERNEL INFO generating core.6161
- 1123042536 2005.08.02 UNKNOWN_LOCATION 2005-08-02-21.15.36.811548 UNKNOWN_LOCATION NULL DISCOVERY SEVERE Can not get assembly information for node card
- 1123110830 2005.08.03 NULL 2005-08-03-16.13.50.570973 NULL RAS MMCS ERROR idoproxydb hit ASSERT condition: ASSERT expression=0 Source file=idotransportmgr.cpp Source line=1043 Function=int IdoTransportMgr::SendPacket(IdoUdpMgr*, BglCtlPavTrace*)
- 1123178302 2005.08.04 R06-M1-ND 2005-08-04-10.58.22.010246 R06-M1-ND NULL DISCOVERY WARNING Node card is not fully functional
- 1123608612 2005.08.09 R40-M1-N5 2005-08-09-10.30.12.637004 R40-M1-N5 NULL DISCOVERY SEVERE Can not get assembly information for node card
- 1123637155 2005.08.09 R23-M0-N0-C:J10-U01 2005-08-09-18.25.55.113195 R23-M0-N0-C:J10-U01 RAS KERNEL INFO CE sym 18, at 0x0e0272e0, mask 0x10
- 1123914469 2005.08.12 R46-M0-N0-I:J18-U01 2005-08-12-23.27.49.807991 R46-M0-N0-I:J18-U01 RAS APP FATAL ciod: Error loading /bgl/apps/scaletest/performance/MINIBEN/mb_243_0810/allreduce.rts: invalid or missing program image, Exec format error
- 1123914842 2005.08.12 R66-M0-N8-I:J18-U01 2005-08-12-23.34.02.183112 R66-M0-N8-I:J18-U01 RAS APP FATAL ciod: Error loading /bgl/apps/scaletest/performance/MINIBEN/mb_243_0810/allreduce.rts: invalid or missing program image, Exec format error
- 1123966456 2005.08.13 R27-M1-NC-I:J18-U11 2005-08-13-13.54.16.386775 R27-M1-NC-I:J18-U11 RAS APP FATAL ciod: LOGIN chdir(pwd) failed: No such file or directory
- 1124225022 2005.08.16 R06-M0-NB-C:J16-U01 2005-08-16-13.43.42.931133 R06-M0-NB-C:J16-U01 RAS KERNEL INFO CE sym 22, at 0x009c14e0, mask 0x20
- 1124546691 2005.08.20 R44-M1-N4-I:J18-U11 2005-08-20-07.04.51.651202 R44-M1-N4-I:J18-U11 RAS KERNEL INFO ciod: generated 1 core files for program /bgl/apps/swl-prep/ibm-swl/functional/sppm_chkpt/run/sppm
- 1124738119 2005.08.22 R16-M0-N4-I:J18-U11 2005-08-22-12.15.19.318427 R16-M0-N4-I:J18-U11 RAS KERNEL INFO ciod: generated 128 core files for program /home/germann2/BGL-demo/SPaSM_mpi
- 1124972563 2005.08.25 R71-M0-NF-C:J04-U01 2005-08-25-05.22.43.295317 R71-M0-NF-C:J04-U01 RAS KERNEL INFO total of 1 ddr error(s) detected and corrected
- 1125082778 2005.08.26 R63-M1-NB-C:J09-U01 2005-08-26-11.59.38.574254 R63-M1-NB-C:J09-U01 RAS KERNEL INFO iar 003a9294 dear 00c06c48
- 1125083510 2005.08.26 R65-M1-N5-C:J14-U11 2005-08-26-12.11.50.217747 R65-M1-N5-C:J14-U11 RAS KERNEL INFO iar 003a92a0 dear 00efd358
- 1125084030 2005.08.26 R67-M1-NB-C:J10-U11 2005-08-26-12.20.30.217174 R67-M1-NB-C:J10-U11 RAS KERNEL INFO iar 003a9260 dear 0128f2f8
- 1125084224 2005.08.26 R67-M1-N1-C:J03-U11 2005-08-26-12.23.44.724823 R67-M1-N1-C:J03-U11 RAS KERNEL INFO iar 003a92a0 dear 012902f8
- 1125084423 2005.08.26 R60-M0-N6-C:J09-U11 2005-08-26-12.27.03.476538 R60-M0-N6-C:J09-U11 RAS KERNEL INFO 1524480 double-hummer alignment exceptions
- 1125084580 2005.08.26 R67-M1-N1-C:J05-U11 2005-08-26-12.29.40.731213 R67-M1-N1-C:J05-U11 RAS KERNEL INFO iar 003a92a0 dear 0129a488
- 1125209512 2005.08.27 R14-M1-N0-C:J07-U11 2005-08-27-23.11.52.680924 R14-M1-N0-C:J07-U11 RAS KERNEL INFO CE sym 10, at 0x01d7a160, mask 0x10
- 1125220578 2005.08.28 R70-M0-NF-C:J06-U01 2005-08-28-02.16.18.871630 R70-M0-NF-C:J06-U01 RAS KERNEL INFO iar 0014a150 dear 00719fc8
- 1125221900 2005.08.28 R50-M1-NB-C:J07-U11 2005-08-28-02.38.20.600044 R50-M1-NB-C:J07-U11 RAS KERNEL INFO 39190074 double-hummer alignment exceptions
- 1125222743 2005.08.28 R40-M1-N4-C:J17-U01 2005-08-28-02.52.23.119441 R40-M1-N4-C:J17-U01 RAS KERNEL INFO 41097026 double-hummer alignment exceptions
- 1125223673 2005.08.28 R40-M0-N1-C:J16-U01 2005-08-28-03.07.53.456194 R40-M0-N1-C:J16-U01 RAS KERNEL INFO iar 00149ee0 dear 009a2788
- 1125224255 2005.08.28 R43-M1-NE-C:J16-U01 2005-08-28-03.17.35.313713 R43-M1-NE-C:J16-U01 RAS KERNEL INFO iar 0014a150 dear 00991c88
- 1125238008 2005.08.28 R30-M0-N7-C:J09-U01 2005-08-28-07.06.48.138974 R30-M0-N7-C:J09-U01 RAS KERNEL INFO CE sym 26, at 0x07a95e80, mask 0x10
- 1125668117 2005.09.02 R72-M1-N4-I:J18-U01 2005-09-02-06.35.17.592760 R72-M1-N4-I:J18-U01 RAS APP FATAL ciod: LOGIN chdir(/bglscratch/bwallen/SWL/SYS-CALLS/testcases/kernel/syscalls/truncate) failed: No such file or directory
KERNMNTF 1125759503 2005.09.03 R55-M1-NC-I:J18-U01 2005-09-03-07.58.23.476703 R55-M1-NC-I:J18-U01 RAS KERNEL FATAL Lustre mount FAILED : bglio736 : point /p/gb1
- 1126211906 2005.09.08 R62-M1-NC-I:J18-U11 2005-09-08-13.38.26.477794 R62-M1-NC-I:J18-U11 RAS KERNEL INFO ciod: In packet from node 91.0 (R62-M1-Nf-C:J03-U11), message code 2 is not 3 or 4294967295 (softheader=003b005b 00030000 00000001 00000000)
APPSEV 1126539103 2005.09.12 R41-M1-N4-I:J18-U11 2005-09-12-08.31.43.214677 R41-M1-N4-I:J18-U11 RAS APP FATAL ciod: Error reading message prefix after LOAD_MESSAGE on CioStream socket to 172.16.96.116:41304: Link has been severed
- 1126979315 2005.09.17 R76-M1-N8 2005-09-17-10.48.35.944995 R76-M1-N8 NULL DISCOVERY ERROR Node card status: no ALERTs are active. Clock Mode is Low. Clock Select is Midplane. Phy JTAG Reset is asserted. ASIC JTAG Reset is asserted. Temperature Mask is not active. No temperature error. Temperature Limit Error Latch is clear. PGOOD IS NOT ASSERTED. PGOOD ERROR LATCH IS ACTIVE. MPGOOD IS NOT OK. MPGOOD ERROR LATCH IS ACTIVE. The 2.5 volt rail is OK. The 1.5 volt rail is OK.
- 1127243163 2005.09.20 NULL 2005-09-20-12.06.03.683009 NULL RAS MMCS ERROR idoproxydb hit ASSERT condition: ASSERT expression=0 Source file=idotransportmgr.cpp Source line=1043 Function=int IdoTransportMgr::SendPacket(IdoUdpMgr*, BglCtlPavTrace*)
- 1127243228 2005.09.20 NULL 2005-09-20-12.07.08.329482 NULL RAS MMCS ERROR idoproxydb hit ASSERT condition: ASSERT expression=0 Source file=idotransportmgr.cpp Source line=1043 Function=int IdoTransportMgr::SendPacket(IdoUdpMgr*, BglCtlPavTrace*)
- 1127243379 2005.09.20 NULL 2005-09-20-12.09.39.030884 NULL RAS MMCS ERROR idoproxydb hit ASSERT condition: ASSERT expression=0 Source file=idotransportmgr.cpp Source line=1043 Function=int IdoTransportMgr::SendPacket(IdoUdpMgr*, BglCtlPavTrace*)
- 1127243531 2005.09.20 NULL 2005-09-20-12.12.11.388103 NULL RAS MMCS ERROR idoproxydb hit ASSERT condition: ASSERT expression=0 Source file=idotransportmgr.cpp Source line=1043 Function=int IdoTransportMgr::SendPacket(IdoUdpMgr*, BglCtlPavTrace*)
- 1127264122 2005.09.20 R27-M0-N8-I:J18-U11 2005-09-20-17.55.22.058829 R27-M0-N8-I:J18-U11 RAS APP FATAL ciod: Error loading /home/yates//bandwidth.rts: invalid or missing program image, No such file or directory
- 1127265034 2005.09.20 R26-M1-N8-I:J18-U01 2005-09-20-18.10.34.811726 R26-M1-N8-I:J18-U01 RAS APP FATAL ciod: Error loading /bgl/apps/SWL/performance/MINIBEN//torus-latency.rts: invalid or missing program image, No such file or directory
- 1127380615 2005.09.22 R63-M1-NA-C:J14-U11 2005-09-22-02.16.55.345135 R63-M1-NA-C:J14-U11 RAS KERNEL INFO total of 1 ddr error(s) detected and corrected
- 1127756818 2005.09.26 R64-M0-NB-C:J14-U01 2005-09-26-10.46.58.701612 R64-M0-NB-C:J14-U01 RAS KERNEL INFO CE sym 16, at 0x0149a040, mask 0x80
- 1128074784 2005.09.30 R07-M0-N0-C:J09-U01 2005-09-30-03.06.24.049908 R07-M0-N0-C:J09-U01 RAS KERNEL INFO CE sym 4, at 0x18f28be0, mask 0x40
- 1128458085 2005.10.04 R23-M0-N8-C:J15-U11 2005-10-04-13.34.45.062257 R23-M0-N8-C:J15-U11 RAS KERNEL INFO CE sym 6, at 0x0148b640, mask 0x10
- 1128844166 2005.10.09 R43-M0-N9-C:J08-U11 2005-10-09-00.49.26.875181 R43-M0-N9-C:J08-U11 RAS KERNEL INFO 1 ddr errors(s) detected and corrected on rank 0, symbol 28, bit 0
- 1129204989 2005.10.13 R44-M0-N4-I:J18-U01 2005-10-13-05.03.09.377689 R44-M0-N4-I:J18-U01 RAS APP FATAL ciod: Error loading /bgl/apps/followup/SPASM/spasm.254: invalid or missing program image, Permission denied
- 1129353114 2005.10.14 R13-M1-N3-C:J05-U11 2005-10-14-22.11.54.142836 R13-M1-N3-C:J05-U11 RAS KERNEL INFO CE sym 14, at 0x08d4e740, mask 0x01
- 1129551731 2005.10.17 R02-M0-N4-C:J04-U11 2005-10-17-05.22.11.645917 R02-M0-N4-C:J04-U11 RAS KERNEL INFO data cache search parity error detected. attempting to correct
- 1129820611 2005.10.20 R01-M1-NC-I:J18-U01 2005-10-20-08.03.31.975086 R01-M1-NC-I:J18-U01 RAS APP FATAL ciod: Error loading /bgl/apps/followup/RAPTOR/new.raptor.trace: invalid or missing program image, Exec format error
KERNTERM 1130529580 2005.10.28 R63-M1-NF-C:J15-U11 2005-10-28-12.59.40.203147 R63-M1-NF-C:J15-U11 RAS KERNEL FATAL rts: kernel terminated for reason 1004
- 1130840276 2005.11.01 R20-M1-NF-C:J10-U01 2005-11-01-02.17.56.853469 R20-M1-NF-C:J10-U01 RAS KERNEL INFO instruction cache parity error corrected
- 1131057860 2005.11.03 R61-M0-N3-C:J12-U11 2005-11-03-14.44.20.274649 R61-M0-N3-C:J12-U11 RAS KERNEL INFO 640404 floating point alignment exceptions
- 1131058087 2005.11.03 R60-M1-N3-C:J11-U01 2005-11-03-14.48.07.486751 R60-M1-N3-C:J11-U01 RAS KERNEL INFO iar 00106228 dear 0244c1ec
- 1131058249 2005.11.03 R66-M1-N8-C:J12-U01 2005-11-03-14.50.49.805068 R66-M1-N8-C:J12-U01 RAS KERNEL INFO iar 00106228 dear 0244c1ec
- 1131058477 2005.11.03 R65-M0-N4-C:J11-U11 2005-11-03-14.54.37.592074 R65-M0-N4-C:J11-U11 RAS KERNEL INFO iar 001061dc dear 0244c28c
- 1131059308 2005.11.03 R66-M1-N5-C:J14-U11 2005-11-03-15.08.28.067991 R66-M1-N5-C:J14-U11 RAS KERNEL INFO iar 00106210 dear 0244c1dc
- 1131059653 2005.11.03 R67-M1-N8-C:J16-U01 2005-11-03-15.14.13.999389 R67-M1-N8-C:J16-U01 RAS KERNEL INFO iar 00106210 dear 0244c23c
- 1131060130 2005.11.03 R67-M1-NF-C:J10-U01 2005-11-03-15.22.10.405323 R67-M1-NF-C:J10-U01 RAS KERNEL INFO 487476 floating point alignment exceptions
- 1131060387 2005.11.03 R67-M0-N6-C:J03-U11 2005-11-03-15.26.27.238003 R67-M0-N6-C:J03-U11 RAS KERNEL INFO iar 00106580 dear 02494bfc
- 1131060739 2005.11.03 R67-M1-NA-C:J03-U11 2005-11-03-15.32.19.271963 R67-M1-NA-C:J03-U11 RAS KERNEL INFO iar 00106580 dear 02494c2c
- 1131061783 2005.11.03 R64-M1-N3-C:J05-U11 2005-11-03-15.49.43.212690 R64-M1-N3-C:J05-U11 RAS KERNEL INFO iar 00106534 dear 045e145c
- 1131063752 2005.11.03 R41-M0-N9-C:J16-U11 2005-11-03-16.22.32.185151 R41-M0-N9-C:J16-U11 RAS KERNEL INFO 2354412 floating point alignment exceptions
- 1131064518 2005.11.03 R06-M1-N0-C:J12-U01 2005-11-03-16.35.18.503121 R06-M1-N0-C:J12-U01 RAS KERNEL INFO 2354412 floating point alignment exceptions
- 1131123589 2005.11.04 R62-M0-N6-C:J03-U01 2005-11-04-08.59.49.668674 R62-M0-N6-C:J03-U01 RAS KERNEL INFO iar 001061fc dear 02f6676c
- 1131125989 2005.11.04 R62-M0-N8-C:J13-U11 2005-11-04-09.39.49.409481 R62-M0-N8-C:J13-U11 RAS KERNEL INFO iar 00106b8c dear 0245ce8c
- 1131126633 2005.11.04 R62-M0-N2-C:J14-U01 2005-11-04-09.50.33.808350 R62-M0-N2-C:J14-U01 RAS KERNEL INFO iar 00106600 dear 0245ccfc
- 1131127207 2005.11.04 R62-M0-N1-C:J10-U01 2005-11-04-10.00.07.211412 R62-M0-N1-C:J10-U01 RAS KERNEL INFO iar 00106704 dear 0245b80c
- 1131127543 2005.11.04 R62-M0-NC-C:J11-U01 2005-11-04-10.05.43.243815 R62-M0-NC-C:J11-U01 RAS KERNEL INFO 16604010 floating point alignment exceptions
- 1131127672 2005.11.04 R62-M0-NE-C:J02-U11 2005-11-04-10.07.52.715008 R62-M0-NE-C:J02-U11 RAS KERNEL INFO iar 001064fc dear 0245b64c
- 1131128169 2005.11.04 R62-M0-N7-C:J06-U01 2005-11-04-10.16.09.870195 R62-M0-N7-C:J06-U01 RAS KERNEL INFO iar 001061ec dear 02f6668c
- 1131139987 2005.11.04 R63-M0-N8-C:J16-U11 2005-11-04-13.33.07.115361 R63-M0-N8-C:J16-U11 RAS KERNEL INFO iar 001066ac dear 0252524c
- 1131142353 2005.11.04 R62-M0-NC-C:J16-U01 2005-11-04-14.12.33.760945 R62-M0-NC-C:J16-U01 RAS KERNEL INFO iar 001066ac dear 0252523c
- 1131147251 2005.11.04 R63-M0-N1-C:J16-U01 2005-11-04-15.34.11.676048 R63-M0-N1-C:J16-U01 RAS KERNEL INFO iar 00106570 dear 0245a5ec
- 1131148496 2005.11.04 R63-M0-NF-C:J08-U11 2005-11-04-15.54.56.089471 R63-M0-NF-C:J08-U11 RAS KERNEL INFO iar 00106204 dear 02f75edc
- 1131366881 2005.11.07 R60-M0-N0-I:J18-U01 2005-11-07-04.34.41.779706 R60-M0-N0-I:J18-U01 RAS APP FATAL ciod: Error loading /bgl/apps/followup/RAPTOR/pre-study/raptor.newcomp.r1: invalid or missing program image, Permission denied
- 1131473384 2005.11.08 R62-M0-NA-C:J09-U01 2005-11-08-10.09.44.211204 R62-M0-NA-C:J09-U01 RAS KERNEL INFO iar 00106200 dear 0247016c
- 1131474344 2005.11.08 R62-M0-N8-C:J16-U01 2005-11-08-10.25.44.140702 R62-M0-N8-C:J16-U01 RAS KERNEL INFO iar 001061e8 dear 0247018c
- 1131478044 2005.11.08 R63-M0-N3-C:J02-U11 2005-11-08-11.27.24.415997 R63-M0-N3-C:J02-U11 RAS KERNEL INFO iar 001061e8 dear 0247015c
- 1131579963 2005.11.09 R62-M0-NC-C:J05-U11 2005-11-09-15.46.03.437898 R62-M0-NC-C:J05-U11 RAS KERNEL INFO iar 00106c0c dear 0246de1c
- 1131590854 2005.11.09 R63-M0-N6-C:J13-U01 2005-11-09-18.47.34.555338 R63-M0-N6-C:J13-U01 RAS KERNEL INFO iar 00113890 dear 0fee9c3c
- 1131624456 2005.11.10 R61-M0-NB-C:J05-U01 2005-11-10-04.07.36.503737 R61-M0-NB-C:J05-U01 RAS KERNEL INFO CE sym 25, at 0x00e19cc0, mask 0x10
- 1131693152 2005.11.10 R63-M0-N5-C:J12-U01 2005-11-10-23.12.32.269153 R63-M0-N5-C:J12-U01 RAS KERNEL INFO 488205 floating point alignment exceptions
- 1132062083 2005.11.15 R05-M0-NC-C:J04-U11 2005-11-15-05.41.23.201247 R05-M0-NC-C:J04-U11 RAS KERNEL INFO critical input interrupt (unit=0x0b bit=0x0a): warning for torus z+ wire, suppressing further interrupts of same type
KERNREC 1132111278 2005.11.15 R57-M0-N8-C:J12-U01 2005-11-15-19.21.18.471861 R57-M0-N8-C:J12-U01 RAS KERNEL FATAL Error receiving packet on tree network, expecting type 57 instead of type 3 (softheader=009756d5 8bfa0003 00000002 00000000) PSR0=20021f01 PSR1=00000000 PRXF=00000002 PIXF=00000007
- 1132546059 2005.11.20 R25-M0-N2-C:J11-U11 2005-11-20-20.07.39.717185 R25-M0-N2-C:J11-U11 RAS KERNEL INFO CE sym 28, at 0x1efc7020, mask 0x20
- 1132584963 2005.11.21 R26-M0-N0-I:J18-U11 2005-11-21-06.56.03.369673 R26-M0-N0-I:J18-U11 RAS KERNEL INFO MACHINE CHECK DCR read timeout (mc=e08x iar 0x00000000 lr 0xc00045a4)
APPRES 1132609258 2005.11.21 R13-M1-N4-I:J18-U11 2005-11-21-13.40.58.052836 R13-M1-N4-I:J18-U11 RAS APP FATAL ciod: Error reading message prefix on CioStream socket to 172.16.96.116:52839, Connection reset by peer
- 1132675121 2005.11.22 R26-M1-N1-C:J02-U11 2005-11-22-07.58.41.090225 R26-M1-N1-C:J02-U11 RAS KERNEL INFO CE sym 14, at 0x136cd5e0, mask 0x04
- 1133011728 2005.11.26 R72-M1-NC-I:J18-U11 2005-11-26-05.28.48.120288 R72-M1-NC-I:J18-U11 RAS KERNEL INFO ciod: Received signal 15, code=0, errno=0, address=0x000001f5
- 1133306285 2005.11.29 R60-M0-N4-I:J18-U01 2005-11-29-15.18.05.050463 R60-M0-N4-I:J18-U01 RAS KERNEL INFO ciod: Received signal 15, code=0, errno=0, address=0x000001f2
- 1133447694 2005.12.01 R11-M1-ND-C:J08-U01 2005-12-01-06.34.54.203650 R11-M1-ND-C:J08-U01 RAS KERNEL INFO 0 microseconds spent in the rbs signal handler during 0 calls. 0 microseconds was the maximum time for a single instance of a correctable ddr.
- 1133447776 2005.12.01 R16-M0-N4-C:J07-U11 2005-12-01-06.36.16.876079 R16-M0-N4-C:J07-U11 RAS KERNEL INFO 10732 total interrupts. 0 critical input interrupts. 0 microseconds total spent on critical input interrupts, 0 microseconds max time in a critical input interrupt.
- 1133448039 2005.12.01 R55-M1-N5-C:J04-U01 2005-12-01-06.40.39.460137 R55-M1-N5-C:J04-U01 RAS KERNEL INFO 0 microseconds spent in the rbs signal handler during 0 calls. 0 microseconds was the maximum time for a single instance of a correctable ddr.
- 1133448110 2005.12.01 R56-M0-N9-C:J08-U01 2005-12-01-06.41.50.888337 R56-M0-N9-C:J08-U01 RAS KERNEL INFO 10660 total interrupts. 0 critical input interrupts. 0 microseconds total spent on critical input interrupts, 0 microseconds max time in a critical input interrupt.
- 1133448296 2005.12.01 R72-M0-NF-C:J15-U11 2005-12-01-06.44.56.029154 R72-M0-NF-C:J15-U11 RAS KERNEL INFO 10728 total interrupts. 0 critical input interrupts. 0 microseconds total spent on critical input interrupts, 0 microseconds max time in a critical input interrupt.
- 1133448410 2005.12.01 R41-M0-NB-C:J05-U11 2005-12-01-06.46.50.571631 R41-M0-NB-C:J05-U11 RAS KERNEL INFO 0 microseconds spent in the rbs signal handler during 0 calls. 0 microseconds was the maximum time for a single instance of a correctable ddr.
- 1133448491 2005.12.01 R45-M0-N4-C:J13-U01 2005-12-01-06.48.11.378453 R45-M0-N4-C:J13-U01 RAS KERNEL INFO 10706 total interrupts. 0 critical input interrupts. 0 microseconds total spent on critical input interrupts, 0 microseconds max time in a critical input interrupt.
- 1133448658 2005.12.01 R27-M0-NE-C:J17-U11 2005-12-01-06.50.58.300024 R27-M0-NE-C:J17-U11 RAS KERNEL INFO 10740 total interrupts. 0 critical input interrupts. 0 microseconds total spent on critical input interrupts, 0 microseconds max time in a critical input interrupt.
- 1133449350 2005.12.01 R20-M1-N5-C:J04-U01 2005-12-01-07.02.30.989473 R20-M1-N5-C:J04-U01 RAS KERNEL INFO 1966 total interrupts. 0 critical input interrupts. 0 microseconds total spent on critical input interrupts, 0 microseconds max time in a critical input interrupt.
- 1133454601 2005.12.01 R14-M1-N1-C:J10-U01 2005-12-01-08.30.01.182162 R14-M1-N1-C:J10-U01 RAS KERNEL INFO 0 microseconds spent in the rbs signal handler during 0 calls. 0 microseconds was the maximum time for a single instance of a correctable ddr.
- 1133454732 2005.12.01 R07-M1-N7-C:J07-U01 2005-12-01-08.32.12.649613 R07-M1-N7-C:J07-U01 RAS KERNEL INFO 10666 total interrupts. 0 critical input interrupts. 0 microseconds total spent on critical input interrupts, 0 microseconds max time in a critical input interrupt.
- 1133454886 2005.12.01 R32-M0-NB-C:J14-U01 2005-12-01-08.34.46.529035 R32-M0-NB-C:J14-U01 RAS KERNEL INFO 10663 total interrupts. 0 critical input interrupts. 0 microseconds total spent on critical input interrupts, 0 microseconds max time in a critical input interrupt.
- 1133455058 2005.12.01 R53-M1-N9-C:J11-U11 2005-12-01-08.37.38.478575 R53-M1-N9-C:J11-U11 RAS KERNEL INFO 10722 total interrupts. 0 critical input interrupts. 0 microseconds total spent on critical input interrupts, 0 microseconds max time in a critical input interrupt.
- 1133455130 2005.12.01 R74-M1-NB-C:J09-U01 2005-12-01-08.38.50.542867 R74-M1-NB-C:J09-U01 RAS KERNEL INFO 0 microseconds spent in the rbs signal handler during 0 calls. 0 microseconds was the maximum time for a single instance of a correctable ddr.
- 1133455300 2005.12.01 R66-M0-N9-C:J08-U11 2005-12-01-08.41.40.303515 R66-M0-N9-C:J08-U11 RAS KERNEL INFO 10666 total interrupts. 0 critical input interrupts. 0 microseconds total spent on critical input interrupts, 0 microseconds max time in a critical input interrupt.
- 1133455483 2005.12.01 R43-M0-N2-C:J09-U01 2005-12-01-08.44.43.581956 R43-M0-N2-C:J09-U01 RAS KERNEL INFO 0 microseconds spent in the rbs signal handler during 0 calls. 0 microseconds was the maximum time for a single instance of a correctable ddr.
- 1133455631 2005.12.01 R24-M0-N5-C:J03-U11 2005-12-01-08.47.11.934066 R24-M0-N5-C:J03-U11 RAS KERNEL INFO 10730 total interrupts. 0 critical input interrupts. 0 microseconds total spent on critical input interrupts, 0 microseconds max time in a critical input interrupt.
- 1133455654 2005.12.01 R24-M0-N6-C:J05-U11 2005-12-01-08.47.34.385432 R24-M0-N6-C:J05-U11 RAS KERNEL INFO 0 microseconds spent in the rbs signal handler during 0 calls. 0 microseconds was the maximum time for a single instance of a correctable ddr.
- 1133625592 2005.12.03 R06-M1-NF-C:J12-U01 2005-12-03-07.59.52.640827 R06-M1-NF-C:J12-U01 RAS KERNEL INFO 1 ddr error(s) detected and corrected on rank 0, symbol 24 over 335 seconds
- 1133706305 2005.12.04 R74-M0-N1-C:J05-U01 2005-12-04-06.25.05.145493 R74-M0-N1-C:J05-U01 RAS KERNEL INFO CE sym 30, at 0x042358a0, mask 0x20
KERNMNTF 1133726737 2005.12.04 R46-M0-N8-I:J18-U11 2005-12-04-12.05.37.993474 R46-M0-N8-I:J18-U11 RAS KERNEL FATAL Lustre mount FAILED : bglio617 : block_id : location
- 1133926732 2005.12.06 R27-M1-NF-C:J17-U01 2005-12-06-19.38.52.768522 R27-M1-NF-C:J17-U01 RAS KERNEL INFO Kernel detected 3747792 integer alignment exceptions (3747785) iar 0x00544ea8, dear 0x01fc9220 (3747786) iar 0x00544eb8, dear 0x01fc9240 (3747787) iar 0x00544ea8, dear 0x01fc9260 (3747788) iar 0x00544eb8, dear 0x01fc9280 (3747789) iar 0x00544ee0, dear 0x01fc92a0 (3747790) iar 0x00544ef0, dear 0x01fc92c0 (3747791) iar 0x00544ee0, dear 0x01fc92e0 (3747792) iar 0x00544ef0, dear 0x01fc9300
- 1134109138 2005.12.08 R20-M1-N0-I:J18-U11 2005-12-08-22.18.58.098120 R20-M1-N0-I:J18-U11 RAS APP FATAL ciod: Error loading /g/g90/glosli/src/ddcMD/ddcMD1.1.17/bin/ddcMDbglV: invalid or missing program image, No such file or directory
- 1134160534 2005.12.09 R61-M1-N8-I:J18-U01 2005-12-09-12.35.34.641975 R61-M1-N8-I:J18-U01 RAS APP FATAL ciod: Error loading /p/gb1/stella/UMT2K/1325/umt2k_DD: invalid or missing program image, Permission denied
APPSEV 1134496398 2005.12.13 R44-M0-N4-I:J18-U01 2005-12-13-09.53.18.260783 R44-M0-N4-I:J18-U01 RAS APP FATAL ciod: Error reading message prefix on CioStream socket to 172.16.96.116:56170, Link has been severed
APPSEV 1134631019 2005.12.14 R32-M0-NC-I:J18-U01 2005-12-14-23.16.59.947676 R32-M0-NC-I:J18-U01 RAS APP FATAL ciod: Error reading message prefix on CioStream socket to 172.16.96.116:50288, Link has been severed
- 1135178837 2005.12.21 R62-M0-N4-I:J18-U01 2005-12-21-07.27.17.749308 R62-M0-N4-I:J18-U01 RAS APP FATAL ciod: Error loading /g/g24/buber/Yunsic/BlueGene/partad.develf/taddriver.32.exe: program image too big, 361544528 > 266076160
- 1135665476 2005.12.26 R37-M1-NC-C:J02-U11 2005-12-26-22.37.56.529871 R37-M1-NC-C:J02-U11 RAS KERNEL INFO instruction cache parity error corrected
