- 1117838573 2005.06.03 R02-M1-N0-C:J12-U11 2005-06-03-15.42.53.276129 R02-M1-N0-C:J12-U11 RAS KERNEL INFO instruction cache parity error corrected
APPREAD 1117869872 2005.06.04 R04-M1-N4-I:J18-U11 2005-06-04-00.24.32.432192 R04-M1-N4-I:J18-U11 RAS APP FATAL ciod: failed to read message prefix on control stream (CioStream socket to 172.16.96.116:33569
- 1117959501 2005.06.05 R24-M0-NE-C:J14-U11 2005-06-05-01.18.21.778604 R24-M0-NE-C:J14-U11 RAS KERNEL INFO generating core.3276
- 1117974463 2005.06.05 R27-M0-N6-C:J10-U01 2005-06-05-05.27.43.336565 R27-M0-N6-C:J10-U01 RAS KERNEL INFO generating core.1125
- 1117984130 2005.06.05 R37-M1-NE-C:J13-U01 2005-06-05-08.08.50.547117 R37-M1-NE-C:J13-U01 RAS KERNEL INFO generating core.4245
- 1117985547 2005.06.05 R31-M1-NC-C:J14-U11 2005-06-05-08.32.27.814949 R31-M1-NC-C:J14-U11 RAS KERNEL INFO generating core.4876
- 1117989508 2005.06.05 R36-M0-NA-C:J17-U01 2005-06-05-09.38.28.957918 R36-M0-NA-C:J17-U01 RAS KERNEL INFO generating core.1172
- 1117990951 2005.06.05 R31-M1-NF-C:J15-U01 2005-06-05-10.02.31.242619 R31-M1-NF-C:J15-U01 RAS KERNEL INFO generating core.4368
- 1118070518 2005.06.06 R01-M1-ND-C:J15-U11 2005-06-06-08.08.38.414458 R01-M1-ND-C:J15-U11 RAS KERNEL INFO CE sym 5, at 0x11042a80, mask 0x04
- 1118081391 2005.06.06 R02-M1-N0-C:J12-U11 2005-06-06-11.09.51.751862 R02-M1-N0-C:J12-U11 RAS KERNEL INFO instruction cache parity error corrected
- 1118149549 2005.06.07 R20-M0-N2-C:J09-U01 2005-06-07-06.05.49.961844 R20-M0-N2-C:J09-U01 RAS KERNEL INFO generating core.3638
- 1118172099 2005.06.07 R32-M1-N9-C:J11-U11 2005-06-07-12.21.39.208896 R32-M1-N9-C:J11-U11 RAS KERNEL INFO generating core.8153
- 1118207879 2005.06.07 R17-M1-N7-C:J15-U11 2005-06-07-22.17.59.587113 R17-M1-N7-C:J15-U11 RAS KERNEL INFO generating core.4984
- 1118292507 2005.06.08 R26-M0-NB-C:J09-U11 2005-06-08-21.48.27.952411 R26-M0-NB-C:J09-U11 RAS KERNEL INFO generating core.1818
- 1118354070 2005.06.09 R25-M1-N8-C:J05-U11 2005-06-09-14.54.30.103580 R25-M1-N8-C:J05-U11 RAS KERNEL INFO generating core.1887
KERNDTLB 1118537261 2005.06.11 R30-M0-N9-C:J16-U01 2005-06-11-17.47.41.103595 R30-M0-N9-C:J16-U01 RAS KERNEL FATAL data TLB error interrupt
KERNDTLB 1118539342 2005.06.11 R30-M0-N9-C:J16-U01 2005-06-11-18.22.22.630540 R30-M0-N9-C:J16-U01 RAS KERNEL FATAL data TLB error interrupt
KERNDTLB 1118542012 2005.06.11 R30-M0-N9-C:J16-U01 2005-06-11-19.06.52.571964 R30-M0-N9-C:J16-U01 RAS KERNEL FATAL data TLB error interrupt
KERNDTLB 1118543583 2005.06.11 R30-M0-N9-C:J16-U01 2005-06-11-19.33.03.793426 R30-M0-N9-C:J16-U01 RAS KERNEL FATAL data TLB error interrupt
KERNDTLB 1118545623 2005.06.11 R30-M0-N9-C:J16-U01 2005-06-11-20.07.03.218292 R30-M0-N9-C:J16-U01 RAS KERNEL FATAL data TLB error interrupt
KERNDTLB 1118549971 2005.06.11 R30-M0-N9-C:J16-U01 2005-06-11-21.19.31.616037 R30-M0-N9-C:J16-U01 RAS KERNEL FATAL data TLB error interrupt
KERNDTLB 1118552553 2005.06.11 R30-M0-N9-C:J16-U01 2005-06-11-22.02.33.858708 R30-M0-N9-C:J16-U01 RAS KERNEL FATAL data TLB error interrupt
KERNDTLB 1118554603 2005.06.11 R30-M0-N9-C:J16-U01 2005-06-11-22.36.43.913043 R30-M0-N9-C:J16-U01 RAS KERNEL FATAL data TLB error interrupt
KERNDTLB 1118557583 2005.06.11 R30-M0-N9-C:J16-U01 2005-06-11-23.26.23.330548 R30-M0-N9-C:J16-U01 RAS KERNEL FATAL data TLB error interrupt
KERNSTOR 1118709681 2005.06.13 R01-M1-NA-C:J13-U01 2005-06-13-17.41.21.634261 R01-M1-NA-C:J13-U01 RAS KERNEL FATAL data storage interrupt
- 1118710233 2005.06.13 R01-M0-NE-C:J17-U11 2005-06-13-17.50.33.240802 R01-M0-NE-C:J17-U11 RAS KERNEL FATAL instruction address: 0x00004ed8
- 1118758278 2005.06.14 R37-M1-NF-C:J11-U11 2005-06-14-07.11.18.222056 R37-M1-NF-C:J11-U11 RAS KERNEL INFO generating core.4505
KERNSTOR 1118765511 2005.06.14 R06-M0-N7-C:J08-U01 2005-06-14-09.11.51.127157 R06-M0-N7-C:J08-U01 RAS KERNEL FATAL data storage interrupt
- 1118765858 2005.06.14 R11-M0-N7-C:J10-U01 2005-06-14-09.17.38.154403 R11-M0-N7-C:J10-U01 RAS KERNEL FATAL instruction address: 0x00004ed8
- 1118767015 2005.06.14 R24-M1-N3-C:J16-U01 2005-06-14-09.36.55.370589 R24-M1-N3-C:J16-U01 RAS KERNEL FATAL data address: 0x00000002
KERNSTOR 1118767955 2005.06.14 R11-M1-N6-C:J12-U01 2005-06-14-09.52.35.590523 R11-M1-N6-C:J12-U01 RAS KERNEL FATAL data storage interrupt
- 1118768111 2005.06.14 R20-M1-N7-C:J16-U01 2005-06-14-09.55.11.455484 R20-M1-N7-C:J16-U01 RAS KERNEL FATAL data address: 0x00000002
KERNSTOR 1118769323 2005.06.14 R20-M0-ND-C:J15-U11 2005-06-14-10.15.23.940275 R20-M0-ND-C:J15-U11 RAS KERNEL FATAL data storage interrupt
- 1118769561 2005.06.14 R26-M0-N4-C:J16-U01 2005-06-14-10.19.21.829677 R26-M0-N4-C:J16-U01 RAS KERNEL FATAL exception syndrome register: 0x00800000
- 1118769984 2005.06.14 R20-M1-N8-C:J08-U11 2005-06-14-10.26.24.461952 R20-M1-N8-C:J08-U11 RAS KERNEL FATAL machine check: i-fetch......................0
- 1118770236 2005.06.14 R25-M1-N3-C:J14-U11 2005-06-14-10.30.36.559680 R25-M1-N3-C:J14-U11 RAS KERNEL FATAL program interrupt: privileged instruction...0
- 1118770954 2005.06.14 R26-M0-N4-C:J15-U11 2005-06-14-10.42.34.598602 R26-M0-N4-C:J15-U11 RAS KERNEL FATAL problem state (0=sup,1=usr).......0
- 1118771085 2005.06.14 R27-M1-ND-C:J09-U01 2005-06-14-10.44.45.851799 R27-M1-ND-C:J09-U01 RAS KERNEL FATAL machine check enable..............0
- 1118771409 2005.06.14 R20-M1-N8-C:J15-U11 2005-06-14-10.50.09.563848 R20-M1-N8-C:J15-U11 RAS KERNEL FATAL byte ordering exception.....................0
- 1118771823 2005.06.14 R26-M1-ND-C:J05-U11 2005-06-14-10.57.03.800229 R26-M1-ND-C:J05-U11 RAS KERNEL FATAL guaranteed instruction cache block touch.0
- 1118771988 2005.06.14 R27-M0-N7-C:J02-U01 2005-06-14-10.59.48.153923 R27-M0-N7-C:J02-U01 RAS KERNEL FATAL force load/store alignment...............0
- 1118772188 2005.06.14 R20-M0-N3-C:J06-U11 2005-06-14-11.03.08.491655 R20-M0-N3-C:J06-U11 RAS KERNEL FATAL wait state enable.................0
- 1118772927 2005.06.14 R27-M0-N6-C:J02-U11 2005-06-14-11.15.27.823191 R27-M0-N6-C:J02-U11 RAS KERNEL FATAL rts internal error
- 1118773750 2005.06.14 R25-M1-NF-C:J16-U11 2005-06-14-11.29.10.800711 R25-M1-NF-C:J16-U11 RAS KERNEL FATAL data address space................0
- 1118773883 2005.06.14 R24-M1-N6-C:J17-U01 2005-06-14-11.31.23.322583 R24-M1-N6-C:J17-U01 RAS KERNEL FATAL core configuration register: 0x00002000
- 1118809915 2005.06.14 R02-M1-N0-C:J12-U11 2005-06-14-21.31.55.295748 R02-M1-N0-C:J12-U11 RAS KERNEL INFO instruction cache parity error corrected
- 1118843857 2005.06.15 R25-M1-N1-C:J15-U11 2005-06-15-06.57.37.567187 R25-M1-N1-C:J15-U11 RAS KERNEL INFO generating core.2040
- 1118852706 2005.06.15 R02-M1-N0-C:J12-U11 2005-06-15-09.25.06.962646 R02-M1-N0-C:J12-U11 RAS KERNEL INFO instruction cache parity error corrected
- 1118911796 2005.06.16 R04-M1-N8-C:J09-U11 2005-06-16-01.49.56.966924 R04-M1-N8-C:J09-U11 RAS KERNEL INFO generating core.15966
- 1118916076 2005.06.16 R23-M1-N4-C:J08-U01 2005-06-16-03.01.16.662641 R23-M1-N4-C:J08-U01 RAS KERNEL INFO generating core.2790
- 1119166473 2005.06.19 R05-M1-N3-C:J15-U11 2005-06-19-00.34.33.890486 R05-M1-N3-C:J15-U11 RAS KERNEL INFO generating core.2808
- 1119291235 2005.06.20 R01-M0-NE-C:J06-U01 2005-06-20-11.13.55.422033 R01-M0-NE-C:J06-U01 RAS KERNEL INFO generating core.4614
- 1119377680 2005.06.21 R20-M1-N2-C:J17-U01 2005-06-21-11.14.40.347916 R20-M1-N2-C:J17-U01 RAS KERNEL INFO generating core.4660
- 1119450937 2005.06.22 R02-M1-N0-C:J12-U11 2005-06-22-07.35.37.412184 R02-M1-N0-C:J12-U11 RAS KERNEL INFO instruction cache parity error corrected
- 1119569236 2005.06.23 R22-M0-N6-C:J12-U11 2005-06-23-16.27.16.266001 R22-M0-N6-C:J12-U11 RAS KERNEL INFO 6182400 double-hummer alignment exceptions
- 1119693767 2005.06.25 R22-M0-NF-C:J02-U01 2005-06-25-03.02.47.673562 R22-M0-NF-C:J02-U01 RAS KERNEL INFO 23431872 double-hummer alignment exceptions
- 1119715124 2005.06.25 R27-M1-N7-C:J10-U01 2005-06-25-08.58.44.769752 R27-M1-N7-C:J10-U01 RAS KERNEL INFO generating core.9881
- 1119715453 2005.06.25 R21-M1-N7-C:J10-U01 2005-06-25-09.04.13.083368 R21-M1-N7-C:J10-U01 RAS KERNEL INFO generating core.9369
- 1119715834 2005.06.25 R15-M1-NF-C:J07-U11 2005-06-25-09.10.34.515707 R15-M1-NF-C:J07-U11 RAS KERNEL INFO generating core.9578
- 1119725071 2005.06.25 R04-M0-N1-C:J03-U01 2005-06-25-11.44.31.893401 R04-M0-N1-C:J03-U01 RAS KERNEL INFO generating core.7619
- 1119725352 2005.06.25 R24-M0-N7-C:J10-U01 2005-06-25-11.49.12.823777 R24-M0-N7-C:J10-U01 RAS KERNEL INFO generating core.58777
- 1119736307 2005.06.25 R01-M1-N8-I:J18-U11 2005-06-25-14.51.47.575572 R01-M1-N8-I:J18-U11 RAS APP FATAL ciod: Error loading /home/glosli/src/ddcMD/ddcMD/1.1.13/ddcMDbglV: invalid or missing program image, No such file or directory
- 1119803149 2005.06.26 R01-M1-N0-C:J04-U11 2005-06-26-09.25.49.706431 R01-M1-N0-C:J04-U11 RAS KERNEL INFO program interrupt: illegal instruction......1
- 1119803608 2005.06.26 R06-M0-NE-C:J12-U11 2005-06-26-09.33.28.642706 R06-M0-NE-C:J12-U11 RAS KERNEL INFO auxiliary processor.........................0
- 1119806971 2005.06.26 R05-M1-N8-C:J15-U11 2005-06-26-10.29.31.819506 R05-M1-N8-C:J15-U11 RAS KERNEL INFO instruction address: 0x0062fe04
- 1119859191 2005.06.27 R16-M1-N2-C:J17-U01 2005-06-27-00.59.51.127175 R16-M1-N2-C:J17-U01 RAS KERNEL INFO CE sym 0, at 0x1b8594e0, mask 0x40
- 1120091979 2005.06.29 R04-M0-N9-C:J15-U11 2005-06-29-17.39.39.542921 R04-M0-N9-C:J15-U11 RAS KERNEL INFO generating core.179
- 1120094724 2005.06.29 R03-M0-N2-C:J02-U01 2005-06-29-18.25.24.062292 R03-M0-N2-C:J02-U01 RAS KERNEL INFO 344040 double-hummer alignment exceptions
- 1120145615 2005.06.30 R00-M0-ND-C:J17-U01 2005-06-30-08.33.35.910212 R00-M0-ND-C:J17-U01 RAS KERNEL INFO generating core.2112
- 1120146085 2005.06.30 R32-M0-N8-C:J11-U01 2005-06-30-08.41.25.502105 R32-M0-N8-C:J11-U01 RAS KERNEL INFO generating core.8021
- 1120148771 2005.06.30 R33-M1-N7-C:J05-U11 2005-06-30-09.26.11.626795 R33-M1-N7-C:J05-U11 RAS KERNEL INFO generating core.8691
- 1120201391 2005.07.01 R01-M1-ND-C:J03-U01 2005-07-01-00.03.11.095704 R01-M1-ND-C:J03-U01 RAS KERNEL INFO CE sym 22, at 0x049af800, mask 0x02
- 1120216240 2005.07.01 R20-M1-N2-C:J17-U01 2005-07-01-04.10.40.232817 R20-M1-N2-C:J17-U01 RAS KERNEL INFO generating core.18540
- 1120216974 2005.07.01 R10-M0-N2-C:J02-U01 2005-07-01-04.22.54.950859 R10-M0-N2-C:J02-U01 RAS KERNEL INFO generating core.15655
- 1120217169 2005.07.01 R14-M0-N2-C:J15-U11 2005-07-01-04.26.09.649848 R14-M0-N2-C:J15-U11 RAS KERNEL INFO generating core.15740
- 1120259888 2005.07.01 R25-M0-N7-C:J11-U01 2005-07-01-16.18.08.272925 R25-M0-N7-C:J11-U01 RAS KERNEL INFO 1146800 double-hummer alignment exceptions
- 1120262099 2005.07.01 R24-M1-NB-C:J14-U11 2005-07-01-16.54.59.334330 R24-M1-NB-C:J14-U11 RAS KERNEL INFO 1146800 double-hummer alignment exceptions
- 1120263061 2005.07.01 R31-M1-N2-C:J14-U01 2005-07-01-17.11.01.016985 R31-M1-N2-C:J14-U01 RAS KERNEL INFO 1146800 double-hummer alignment exceptions
- 1120265568 2005.07.01 R34-M0-N9-C:J08-U01 2005-07-01-17.52.48.085606 R34-M0-N9-C:J08-U01 RAS KERNEL INFO 458720 double-hummer alignment exceptions
- 1120266887 2005.07.01 R35-M1-N5-C:J04-U01 2005-07-01-18.14.47.324202 R35-M1-N5-C:J04-U01 RAS KERNEL INFO 1146800 double-hummer alignment exceptions
- 1120351682 2005.07.02 R04-M1-NE-C:J11-U11 2005-07-02-17.48.02.615045 R04-M1-NE-C:J11-U11 RAS KERNEL INFO generating core.3293
- 1120447058 2005.07.03 R23-M1-N7-C:J08-U11 2005-07-03-20.17.38.727762 R23-M1-N7-C:J08-U11 RAS KERNEL INFO generating core.20954
- 1120449678 2005.07.03 R37-M0-N1-C:J05-U11 2005-07-03-21.01.18.368546 R37-M0-N1-C:J05-U11 RAS KERNEL INFO generating core.7539
- 1120469660 2005.07.04 R21-M0-ND-C:J02-U01 2005-07-04-02.34.20.029089 R21-M0-ND-C:J02-U01 RAS KERNEL INFO generating core.9739
- 1120487288 2005.07.04 R36-M1-NB-C:J05-U01 2005-07-04-07.28.08.559194 R36-M1-NB-C:J05-U01 RAS KERNEL INFO generating core.14627
- 1120591331 2005.07.05 R32-M0-N4-I:J18-U01 2005-07-05-12.22.11.843446 R32-M0-N4-I:J18-U01 RAS KERNEL INFO ciod: Missing or invalid fields on line 1 of node map file /home/auselton/bgl/64mps.sequential.mapfile
- 1120772499 2005.07.07 R01-M0-ND-C:J11-U11 2005-07-07-14.41.39.016623 R01-M0-ND-C:J11-U11 RAS KERNEL INFO generating core.1433
- 1120776186 2005.07.07 R24-M0-NE-C:J03-U11 2005-07-07-15.43.06.075797 R24-M0-NE-C:J03-U11 RAS KERNEL INFO 632254896 double-hummer alignment exceptions
- 1120788495 2005.07.07 R30-M0-N6-C:J12-U01 2005-07-07-19.08.15.840409 R30-M0-N6-C:J12-U01 RAS KERNEL INFO generating core.149
- 1120917299 2005.07.09 R17-M1-ND-C:J07-U01 2005-07-09-06.54.59.161891 R17-M1-ND-C:J07-U01 RAS KERNEL INFO generating core.11154
- 1120928280 2005.07.09 R21-M0-NB-C:J05-U11 2005-07-09-09.58.00.188544 R21-M0-NB-C:J05-U11 RAS KERNEL INFO generating core.10299
- 1120931199 2005.07.09 R31-M0-NF-C:J04-U01 2005-07-09-10.46.39.218896 R31-M0-NF-C:J04-U01 RAS KERNEL INFO generating core.40979
- 1120931504 2005.07.09 R31-M1-NE-C:J11-U01 2005-07-09-10.51.44.555371 R31-M1-NE-C:J11-U01 RAS KERNEL INFO generating core.17493
- 1120932658 2005.07.09 R33-M1-N2-C:J02-U01 2005-07-09-11.10.58.820525 R33-M1-N2-C:J02-U01 RAS KERNEL INFO generating core.55191
- 1120934002 2005.07.09 R24-M1-N5-C:J14-U01 2005-07-09-11.33.22.478541 R24-M1-N5-C:J14-U01 RAS KERNEL INFO generating core.36248
- 1120934845 2005.07.09 R16-M1-ND-C:J13-U01 2005-07-09-11.47.25.418111 R16-M1-ND-C:J13-U01 RAS KERNEL INFO generating core.2633
- 1120935133 2005.07.09 R05-M0-N6-C:J09-U01 2005-07-09-11.52.13.812405 R05-M0-N6-C:J09-U01 RAS KERNEL INFO generating core.8646
- 1120935590 2005.07.09 R00-M0-N8-C:J10-U11 2005-07-09-11.59.50.155121 R00-M0-N8-C:J10-U11 RAS KERNEL INFO generating core.7205
- 1120938041 2005.07.09 R37-M0-N5-C:J08-U11 2005-07-09-12.40.41.552838 R37-M0-N5-C:J08-U11 RAS KERNEL INFO generating core.10930
- 1120938410 2005.07.09 R00-M0-ND-C:J14-U11 2005-07-09-12.46.50.657088 R00-M0-ND-C:J14-U11 RAS KERNEL INFO generating core.35872
- 1120938674 2005.07.09 R02-M0-N5-C:J03-U01 2005-07-09-12.51.14.943043 R02-M0-N5-C:J03-U01 RAS KERNEL INFO generating core.4035
- 1120939761 2005.07.09 R36-M1-N6-C:J04-U11 2005-07-09-13.09.21.726410 R36-M1-N6-C:J04-U11 RAS KERNEL INFO generating core.25271
- 1120940204 2005.07.09 R21-M1-N7-C:J07-U11 2005-07-09-13.16.44.901016 R21-M1-N7-C:J07-U11 RAS KERNEL INFO generating core.42234
- 1120940357 2005.07.09 R32-M0-N1-C:J03-U01 2005-07-09-13.19.17.680850 R32-M0-N1-C:J03-U01 RAS KERNEL INFO generating core.8147
- 1120940700 2005.07.09 R00-M0-N1-C:J07-U01 2005-07-09-13.25.00.218073 R00-M0-N1-C:J07-U01 RAS KERNEL INFO generating core.7362
- 1120955677 2005.07.09 R34-M1-N4-C:J03-U11 2005-07-09-17.34.37.516117 R34-M1-N4-C:J03-U11 RAS KERNEL INFO generating core.14071
- 1120957066 2005.07.09 R01-M1-N5-C:J04-U11 2005-07-09-17.57.46.798518 R01-M1-N5-C:J04-U11 RAS KERNEL INFO generating core.2347
- 1120958502 2005.07.09 R23-M1-N1-C:J06-U01 2005-07-09-18.21.42.804580 R23-M1-N1-C:J06-U01 RAS KERNEL INFO generating core.8138
- 1120968107 2005.07.09 R23-M1-N7-C:J09-U01 2005-07-09-21.01.47.593602 R23-M1-N7-C:J09-U01 RAS KERNEL INFO generating core.20970
- 1120968530 2005.07.09 R35-M1-NF-C:J14-U01 2005-07-09-21.08.50.003067 R35-M1-NF-C:J14-U01 RAS KERNEL INFO generating core.8832
- 1120968941 2005.07.09 R13-M0-N0-C:J12-U01 2005-07-09-21.15.41.885081 R13-M0-N0-C:J12-U01 RAS KERNEL INFO generating core.5861
- 1120969163 2005.07.09 R36-M0-N9-C:J17-U01 2005-07-09-21.19.23.537422 R36-M0-N9-C:J17-U01 RAS KERNEL INFO generating core.19744
- 1120969383 2005.07.09 R26-M1-N6-C:J15-U11 2005-07-09-21.23.03.768684 R26-M1-N6-C:J15-U11 RAS KERNEL INFO generating core.17276
- 1120969674 2005.07.09 R22-M1-N8-C:J02-U01 2005-07-09-21.27.54.261842 R22-M1-N8-C:J02-U01 RAS KERNEL INFO generating core.20367
- 1120970946 2005.07.09 R01-M1-N2-C:J08-U11 2005-07-09-21.49.06.101225 R01-M1-N2-C:J08-U11 RAS KERNEL INFO generating core.2606
- 1121006513 2005.07.10 R27-M1-N9-C:J15-U11 2005-07-10-07.41.53.770739 R27-M1-N9-C:J15-U11 RAS KERNEL INFO generating core.24376
- 1121006800 2005.07.10 R24-M1-N7-C:J16-U11 2005-07-10-07.46.40.398797 R24-M1-N7-C:J16-U11 RAS KERNEL INFO generating core.16600
- 1121091173 2005.07.11 R30-M0-NB-C:J09-U01 2005-07-11-07.12.53.947417 R30-M0-NB-C:J09-U01 RAS KERNEL INFO CE sym 2, at 0x0d09f1c0, mask 0x80
- 1121172258 2005.07.12 R31-M0-NA-C:J03-U11 2005-07-12-05.44.18.854186 R31-M0-NA-C:J03-U11 RAS KERNEL INFO generating core.6711
- 1121172833 2005.07.12 R17-M0-NF-C:J10-U11 2005-07-12-05.53.53.558095 R17-M0-NF-C:J10-U11 RAS KERNEL INFO generating core.4489
- 1121252326 2005.07.13 R26-M1-N1-C:J11-U01 2005-07-13-03.58.46.179005 R26-M1-N1-C:J11-U01 RAS KERNEL INFO 117400328 double-hummer alignment exceptions
- 1121252570 2005.07.13 R01-M0-NE-C:J05-U11 2005-07-13-04.02.50.779636 R01-M0-NE-C:J05-U11 RAS KERNEL INFO 115325776 double-hummer alignment exceptions
- 1121252899 2005.07.13 R23-M0-N3-C:J12-U11 2005-07-13-04.08.19.327373 R23-M0-N3-C:J12-U11 RAS KERNEL INFO 112481672 double-hummer alignment exceptions
- 1121256399 2005.07.13 R27-M0-N6-C:J09-U11 2005-07-13-05.06.39.748124 R27-M0-N6-C:J09-U11 RAS KERNEL INFO generating core.17150
- 1121256804 2005.07.13 R23-M0-N2-C:J07-U01 2005-07-13-05.13.24.457117 R23-M0-N2-C:J07-U01 RAS KERNEL INFO generating core.22494
- 1121308295 2005.07.13 R31-M1-N5-C:J15-U11 2005-07-13-19.31.35.829394 R31-M1-N5-C:J15-U11 RAS KERNEL INFO generating core.26224
- 1121308707 2005.07.13 R35-M1-NE-C:J09-U11 2005-07-13-19.38.27.805883 R35-M1-NE-C:J09-U11 RAS KERNEL INFO generating core.8374
- 1121310867 2005.07.13 R26-M0-N9-C:J08-U01 2005-07-13-20.14.27.766914 R26-M0-N9-C:J08-U01 RAS KERNEL INFO generating core.32010
- 1121311111 2005.07.13 R30-M1-NA-C:J14-U01 2005-07-13-20.18.31.598175 R30-M1-NA-C:J14-U01 RAS KERNEL INFO generating core.14852
- 1121311483 2005.07.13 R32-M0-N0-C:J09-U01 2005-07-13-20.24.43.430319 R32-M0-N0-C:J09-U01 RAS KERNEL INFO generating core.19942
- 1121312027 2005.07.13 R31-M1-N9-C:J09-U11 2005-07-13-20.33.47.220912 R31-M1-N9-C:J09-U11 RAS KERNEL INFO generating core.27698
- 1121312282 2005.07.13 R32-M1-N5-C:J02-U11 2005-07-13-20.38.02.068017 R32-M1-N5-C:J02-U11 RAS KERNEL INFO generating core.30675
- 1121312448 2005.07.13 R30-M0-N4-C:J09-U11 2005-07-13-20.40.48.847134 R30-M0-N4-C:J09-U11 RAS KERNEL INFO generating core.17526
- 1121313853 2005.07.13 R36-M1-N9-C:J17-U01 2005-07-13-21.04.13.288105 R36-M1-N9-C:J17-U01 RAS KERNEL INFO generating core.15648
- 1121313971 2005.07.13 R21-M0-NA-C:J11-U11 2005-07-13-21.06.11.111463 R21-M0-NA-C:J11-U11 RAS KERNEL INFO generating core.27197
- 1121408299 2005.07.14 R23-M0-N0-I:J18-U01 2005-07-14-23.18.19.684786 R23-M0-N0-I:J18-U01 RAS KERNEL INFO ciod: Z coordinate 32 exceeds physical dimension 32 at line 33 of node map file /p/gb2/pakin1/contention-32768cpes-torus/xyzt-1x1x32768x1.map
- 1121484659 2005.07.15 R33-M0-N6-C:J13-U11 2005-07-15-20.30.59.176883 R33-M0-N6-C:J13-U11 RAS KERNEL INFO 1 ddr errors(s) detected and corrected on rank 0, symbol 33, bit 7
- 1121494164 2005.07.15 R34-M0-N5-C:J03-U11 2005-07-15-23.09.24.725815 R34-M0-N5-C:J03-U11 RAS KERNEL INFO generating core.36339
- 1121495479 2005.07.15 R24-M0-N2-C:J15-U01 2005-07-15-23.31.19.487402 R24-M0-N2-C:J15-U01 RAS KERNEL INFO generating core.62940
- 1121495968 2005.07.15 R10-M0-N2-C:J03-U01 2005-07-15-23.39.28.079463 R10-M0-N2-C:J03-U01 RAS KERNEL INFO generating core.29903
- 1121496365 2005.07.15 R03-M1-NB-C:J10-U01 2005-07-15-23.46.05.574350 R03-M1-NB-C:J10-U01 RAS KERNEL INFO generating core.22273
- 1121597851 2005.07.17 R36-M1-N1-C:J08-U01 2005-07-17-03.57.31.777381 R36-M1-N1-C:J08-U01 RAS KERNEL INFO generating core.64146
- 1121598051 2005.07.17 R27-M1-NA-C:J06-U11 2005-07-17-04.00.51.583517 R27-M1-NA-C:J06-U11 RAS KERNEL INFO generating core.46654
- 1121598608 2005.07.17 R16-M1-NB-C:J07-U11 2005-07-17-04.10.08.166749 R16-M1-NB-C:J07-U11 RAS KERNEL INFO generating core.5738
- 1121599161 2005.07.17 R07-M1-N1-C:J10-U01 2005-07-17-04.19.21.452071 R07-M1-N1-C:J10-U01 RAS KERNEL INFO generating core.56961
- 1121599608 2005.07.17 R14-M1-N0-C:J09-U11 2005-07-17-04.26.48.055689 R14-M1-N0-C:J09-U11 RAS KERNEL INFO generating core.39406
- 1121707280 2005.07.18 R23-M0-N2-C:J15-U01 2005-07-18-10.21.20.444216 R23-M0-N2-C:J15-U01 RAS KERNEL INFO generating core.11244
- 1121727746 2005.07.18 R00-M1-N5-C:J03-U11 2005-07-18-16.02.26.154455 R00-M1-N5-C:J03-U11 RAS KERNEL FATAL debug wait enable.................0
- 1121900875 2005.07.20 R10-M0-NF-C:J04-U01 2005-07-20-16.07.55.072864 R10-M0-NF-C:J04-U01 RAS KERNEL INFO 8 floating point alignment exceptions
- 1121901286 2005.07.20 R04-M1-NE-C:J02-U11 2005-07-20-16.14.46.720905 R04-M1-NE-C:J02-U11 RAS KERNEL INFO 8 floating point alignment exceptions
- 1121902788 2005.07.20 R31-M0-NC-C:J14-U11 2005-07-20-16.39.48.713007 R31-M0-NC-C:J14-U11 RAS KERNEL INFO 8 floating point alignment exceptions
- 1121903678 2005.07.20 R32-M0-N3-C:J09-U11 2005-07-20-16.54.38.831021 R32-M0-N3-C:J09-U11 RAS KERNEL INFO 8 floating point alignment exceptions
- 1121904572 2005.07.20 R32-M0-N5-C:J10-U11 2005-07-20-17.09.32.073144 R32-M0-N5-C:J10-U11 RAS KERNEL INFO 8 floating point alignment exceptions
- 1122132718 2005.07.23 R10-M1-ND-C:J11-U01 2005-07-23-08.31.58.764442 R10-M1-ND-C:J11-U01 RAS KERNEL INFO generating core.8977
- 1122133520 2005.07.23 R30-M0-N8-C:J12-U11 2005-07-23-08.45.20.908335 R30-M0-N8-C:J12-U11 RAS KERNEL INFO generating core.3093
- 1122143084 2005.07.23 R13-M1-NF-C:J12-U01 2005-07-23-11.24.44.659166 R13-M1-NF-C:J12-U01 RAS KERNEL INFO generating core.2241
- 1122144001 2005.07.23 R22-M1-N3-C:J12-U01 2005-07-23-11.40.01.453782 R22-M1-N3-C:J12-U01 RAS KERNEL INFO generating core.2505
- 1122160892 2005.07.23 R01-M1-NB-C:J03-U11 2005-07-23-16.21.32.749114 R01-M1-NB-C:J03-U11 RAS KERNEL INFO 1 ddr errors(s) detected and corrected on rank 0, symbol 20, bit 3
- 1122164950 2005.07.23 R11-M0-N9-C:J17-U01 2005-07-23-17.29.10.970499 R11-M0-N9-C:J17-U01 RAS KERNEL INFO 15 floating point alignment exceptions
- 1122165233 2005.07.23 R16-M0-N9-C:J08-U11 2005-07-23-17.33.53.667330 R16-M0-N9-C:J08-U11 RAS KERNEL INFO generating core.7818
- 1122165503 2005.07.23 R16-M1-N3-C:J15-U11 2005-07-23-17.38.23.229235 R16-M1-N3-C:J15-U11 RAS KERNEL INFO 5 floating point alignment exceptions
- 1122165882 2005.07.23 R11-M1-NE-C:J10-U11 2005-07-23-17.44.42.945213 R11-M1-NE-C:J10-U11 RAS KERNEL INFO generating core.2317
- 1122166538 2005.07.23 R15-M1-N3-C:J11-U11 2005-07-23-17.55.38.692000 R15-M1-N3-C:J11-U11 RAS KERNEL INFO 5 floating point alignment exceptions
- 1122167266 2005.07.23 R17-M0-NF-C:J09-U01 2005-07-23-18.07.46.273016 R17-M0-NF-C:J09-U01 RAS KERNEL INFO 685 floating point alignment exceptions
- 1122168766 2005.07.23 R13-M1-N4-C:J14-U01 2005-07-23-18.32.46.116065 R13-M1-N4-C:J14-U01 RAS KERNEL INFO 1005 floating point alignment exceptions
- 1122256379 2005.07.24 R34-M1-N9-C:J17-U01 2005-07-24-18.52.59.208597 R34-M1-N9-C:J17-U01 RAS KERNEL INFO generating core.31056
- 1122334272 2005.07.25 R00-M1-N0-C:J14-U11 2005-07-25-16.31.12.207957 R00-M1-N0-C:J14-U11 RAS KERNEL INFO generating core.4012
- 1122430482 2005.07.26 R22-M1-NB-C:J08-U11 2005-07-26-19.14.42.115150 R22-M1-NB-C:J08-U11 RAS KERNEL INFO generating core.37690
- 1122430739 2005.07.26 R34-M0-N7-C:J15-U01 2005-07-26-19.18.59.568031 R34-M0-N7-C:J15-U01 RAS KERNEL INFO generating core.34256
- 1122431204 2005.07.26 R10-M1-NB-C:J16-U11 2005-07-26-19.26.44.167957 R10-M1-NB-C:J16-U11 RAS KERNEL INFO generating core.36904
- 1122431540 2005.07.26 R14-M0-N9-C:J04-U11 2005-07-26-19.32.20.863604 R14-M0-N9-C:J04-U11 RAS KERNEL INFO generating core.63787
- 1122627016 2005.07.29 R36-M0-NA-C:J13-U01 2005-07-29-01.50.16.378824 R36-M0-NA-C:J13-U01 RAS KERNEL INFO 1 ddr errors(s) detected and corrected on rank 0, symbol 11, bit 6
- 1123043313 2005.08.02 UNKNOWN_LOCATION 2005-08-02-21.28.33.869729 UNKNOWN_LOCATION NULL DISCOVERY INFO New ido chip inserted into the database: FF:F2:9F:16:C4:C2:00:0D:60:E9:3B:3D ip=10.2.1.37 v=13 t=4
- 1123110843 2005.08.03 NULL 2005-08-03-16.14.03.884634 NULL RAS MMCS ERROR idoproxydb hit ASSERT condition: ASSERT expression=0 Source file=idotransportmgr.cpp Source line=1043 Function=int IdoTransportMgr::SendPacket(IdoUdpMgr*, BglCtlPavTrace*)
- 1123183618 2005.08.04 R76-M1-N4 2005-08-04-12.26.58.275812 R76-M1-N4 NULL DISCOVERY ERROR Node card status: no ALERTs are active. Clock Mode is Low. Clock Select is Midplane. Phy JTAG Reset is asserted. ASIC JTAG Reset is asserted. Temperature Mask is not active. No temperature error. Temperature Limit Error Latch is clear. PGOOD IS NOT ASSERTED. PGOOD ERROR LATCH IS ACTIVE. MPGOOD IS NOT OK. MPGOOD ERROR LATCH IS ACTIVE. The 2.5 volt rail is OK. The 1.5 volt rail is OK.
- 1123608679 2005.08.09 R70-M0-N0 2005-08-09-10.31.19.671420 R70-M0-N0 NULL DISCOVERY SEVERE Can not get assembly information for node card
- 1123652286 2005.08.09 R15-M0-NC-C:J04-U11 2005-08-09-22.38.06.850691 R15-M0-NC-C:J04-U11 RAS KERNEL INFO 1 tree receiver 2 in re-synch state event(s) (dcr 0x019a) detected
- 1123914543 2005.08.12 R52-M1-N8-I:J18-U11 2005-08-12-23.29.03.099851 R52-M1-N8-I:J18-U11 RAS APP FATAL ciod: Error loading /bgl/apps/scaletest/performance/MINIBEN/mb_243_0810/allreduce.rts: invalid or missing program image, Exec format error
- 1123914894 2005.08.12 R15-M0-NC-I:J18-U11 2005-08-12-23.34.54.272486 R15-M0-NC-I:J18-U11 RAS APP FATAL ciod: Error loading /bgl/apps/scaletest/performance/MINIBEN/mb_243_0810/allreduce.rts: invalid or missing program image, Exec format error
- 1123966497 2005.08.13 R61-M1-NC-I:J18-U01 2005-08-13-13.54.57.564471 R61-M1-NC-I:J18-U01 RAS APP FATAL ciod: LOGIN chdir(pwd) failed: No such file or directory
- 1124233921 2005.08.16 R06-M0-NB-C:J16-U01 2005-08-16-16.12.01.257432 R06-M0-NB-C:J16-U01 RAS KERNEL INFO total of 1 ddr error(s) detected and corrected
- 1124547186 2005.08.20 R65-M0-NC-I:J18-U01 2005-08-20-07.13.06.997141 R65-M0-NC-I:J18-U01 RAS KERNEL INFO ciod: generated 64 core files for program /bgl/apps/swl-prep/ibm-swl/functional/sppm_chkpt/run/sppm
- 1124741118 2005.08.22 R21-M1-NC-I:J18-U01 2005-08-22-13.05.18.840938 R21-M1-NC-I:J18-U01 RAS KERNEL INFO ciod: generated 128 core files for program /home/germann2/BGL-demo/SPaSM_mpi
- 1125082053 2005.08.26 R62-M1-N3-C:J04-U01 2005-08-26-11.47.33.903841 R62-M1-N3-C:J04-U01 RAS KERNEL INFO iar 003a90fc dear 00b360e8
- 1125083016 2005.08.26 R63-M1-NA-C:J03-U01 2005-08-26-12.03.36.439157 R63-M1-NA-C:J03-U01 RAS KERNEL INFO iar 003a92a0 dear 00b36898
- 1125083592 2005.08.26 R61-M1-ND-C:J17-U01 2005-08-26-12.13.12.965338 R61-M1-ND-C:J17-U01 RAS KERNEL INFO iar 003a92a0 dear 00fcc6b8
- 1125084057 2005.08.26 R67-M1-N3-C:J16-U01 2005-08-26-12.20.57.286694 R67-M1-N3-C:J16-U01 RAS KERNEL INFO iar 003a9260 dear 0128fc88
- 1125084274 2005.08.26 R77-M0-N2-C:J06-U01 2005-08-26-12.24.34.310422 R77-M0-N2-C:J06-U01 RAS KERNEL INFO iar 003a9260 dear 00ef83b8
- 1125084431 2005.08.26 R66-M1-ND-C:J09-U11 2005-08-26-12.27.11.743183 R66-M1-ND-C:J09-U11 RAS KERNEL INFO iar 003a9260 dear 012979b8
- 1125084639 2005.08.26 R65-M1-NC-C:J09-U01 2005-08-26-12.30.39.328425 R65-M1-NC-C:J09-U01 RAS KERNEL INFO iar 003a9260 dear 00f29b68
- 1125219517 2005.08.28 R77-M1-NF-C:J02-U11 2005-08-28-01.58.37.175646 R77-M1-NF-C:J02-U11 RAS KERNEL INFO 156055738 double-hummer alignment exceptions
- 1125221152 2005.08.28 R41-M0-N2-C:J10-U01 2005-08-28-02.25.52.876786 R41-M0-N2-C:J10-U01 RAS KERNEL INFO 28298332 double-hummer alignment exceptions
- 1125221957 2005.08.28 R57-M1-NF-C:J11-U11 2005-08-28-02.39.17.369798 R57-M1-NF-C:J11-U11 RAS KERNEL INFO 30646810 double-hummer alignment exceptions
- 1125222925 2005.08.28 R52-M0-N4-C:J17-U11 2005-08-28-02.55.25.760111 R52-M0-N4-C:J17-U11 RAS KERNEL INFO 54600944 double-hummer alignment exceptions
- 1125223882 2005.08.28 R57-M0-N1-C:J16-U01 2005-08-28-03.11.22.587537 R57-M0-N1-C:J16-U01 RAS KERNEL INFO iar 00149f88 dear 0099be48
- 1125224269 2005.08.28 R45-M0-ND-C:J09-U01 2005-08-28-03.17.49.107299 R45-M0-ND-C:J09-U01 RAS KERNEL INFO iar 0014a150 dear 009829b8
- 1125248393 2005.08.28 R00-M0-N4-C:J06-U11 2005-08-28-09.59.53.063681 R00-M0-N4-C:J06-U11 RAS KERNEL INFO 3 ddr errors(s) detected and corrected on rank 0, symbol 18, bit 0
KERNMNTF 1125690043 2005.09.02 R02-M1-N8-I:J18-U01 2005-09-02-12.40.43.759217 R02-M1-N8-I:J18-U01 RAS KERNEL FATAL Lustre mount FAILED : bglio46 : point /p/gb1
- 1125797779 2005.09.03 R03-M0-N3-C:J02-U11 2005-09-03-18.36.19.663579 R03-M0-N3-C:J02-U11 RAS KERNEL INFO CE sym 33, at 0x00dbd200, mask 0x80
- 1126267442 2005.09.09 R13-M0-N2-C:J09-U01 2005-09-09-05.04.02.346866 R13-M0-N2-C:J09-U01 RAS KERNEL INFO 1 torus receiver y+ input pipe error(s) (dcr 0x02ee) detected and corrected
APPSEV 1126539106 2005.09.12 R53-M1-N0-I:J18-U01 2005-09-12-08.31.46.757073 R53-M1-N0-I:J18-U01 RAS APP FATAL ciod: Error reading message prefix after LOAD_MESSAGE on CioStream socket to 172.16.96.116:41217: Link has been severed
- 1127078365 2005.09.18 R71-M1-N8-C:J17-U11 2005-09-18-14.19.25.940731 R71-M1-N8-C:J17-U11 RAS KERNEL INFO CE sym 9, at 0x123b6ca0, mask 0x20
- 1127243213 2005.09.20 NULL 2005-09-20-12.06.53.608772 NULL RAS MMCS ERROR idoproxydb hit ASSERT condition: ASSERT expression=0 Source file=idotransportmgr.cpp Source line=1043 Function=int IdoTransportMgr::SendPacket(IdoUdpMgr*, BglCtlPavTrace*)
- 1127243349 2005.09.20 NULL 2005-09-20-12.09.09.807842 NULL RAS MMCS ERROR idoproxydb hit ASSERT condition: ASSERT expression=0 Source file=idotransportmgr.cpp Source line=1043 Function=int IdoTransportMgr::SendPacket(IdoUdpMgr*, BglCtlPavTrace*)
- 1127243411 2005.09.20 NULL 2005-09-20-12.10.11.325034 NULL RAS MMCS ERROR idoproxydb hit ASSERT condition: ASSERT expression=0 Source file=idotransportmgr.cpp Source line=1043 Function=int IdoTransportMgr::SendPacket(IdoUdpMgr*, BglCtlPavTrace*)
- 1127243536 2005.09.20 NULL 2005-09-20-12.12.16.117396 NULL RAS MMCS ERROR idoproxydb hit ASSERT condition: ASSERT expression=0 Source file=idotransportmgr.cpp Source line=1043 Function=int IdoTransportMgr::SendPacket(IdoUdpMgr*, BglCtlPavTrace*)
- 1127264333 2005.09.20 R45-M0-N0-I:J18-U01 2005-09-20-17.58.53.385609 R45-M0-N0-I:J18-U01 RAS APP FATAL ciod: Error loading /home/yates//torus-latency.rts: invalid or missing program image, No such file or directory
- 1127265314 2005.09.20 R27-M1-N4-I:J18-U01 2005-09-20-18.15.14.037829 R27-M1-N4-I:J18-U01 RAS APP FATAL ciod: LOGIN chdir(/bgl/apps/SWL/performance/MINIBEN///2005.09.20-18.06.05) failed: No such file or directory
- 1127456570 2005.09.22 R57-M0-NB-C:J07-U11 2005-09-22-23.22.50.037439 R57-M0-NB-C:J07-U11 RAS KERNEL INFO 1 ddr errors(s) detected and corrected on rank 0, symbol 35, bit 1
APPSEV 1127780591 2005.09.26 R27-M0-NC-I:J18-U11 2005-09-26-17.23.11.155275 R27-M0-NC-I:J18-U11 RAS APP FATAL ciod: Error reading message prefix after LOAD_MESSAGE on CioStream socket to 172.16.96.116:34903: Link has been severed
- 1128090751 2005.09.30 R63-M1-NC-C:J06-U01 2005-09-30-07.32.31.742095 R63-M1-NC-C:J06-U01 RAS KERNEL INFO CE sym 13, at 0x0397e0e0, mask 0x08
- 1128510395 2005.10.05 R62-M1-N8-I:J18-U01 2005-10-05-04.06.35.463665 R62-M1-N8-I:J18-U01 RAS APP FATAL ciod: Error loading /home/spelce1/HPCC_IBM/Urgent/VNM/64K/vnm.rts: invalid or missing program image, Permission denied
APPSEV 1128970806 2005.10.10 R05-M0-N8-I:J18-U11 2005-10-10-12.00.06.181123 R05-M0-N8-I:J18-U11 RAS APP FATAL ciod: Error reading message prefix after LOAD_MESSAGE on CioStream socket to 172.16.96.116:57673: Link has been severed
- 1129208349 2005.10.13 R73-M0-NC-I:J18-U11 2005-10-13-05.59.09.874956 R73-M0-NC-I:J18-U11 RAS APP FATAL ciod: Error loading /bgl/apps/followup/MINIBEN/MB_254_051007/torus-latency.rts: invalid or missing program image, No such file or directory
- 1129437983 2005.10.15 R25-M1-N0-I:J18-U01 2005-10-15-21.46.23.436761 R25-M1-N0-I:J18-U01 RAS KERNEL INFO ciod: generated 64 core files for program /home/spelce1/HPCC_IBM/Urgent/COP/64K/opt_co_dc.rts
- 1129552305 2005.10.17 R02-M0-N4-C:J04-U11 2005-10-17-05.31.45.435674 R02-M0-N4-C:J04-U11 RAS KERNEL INFO data cache search parity error detected. attempting to correct
- 1129864798 2005.10.20 R04-M0-NC-I:J18-U11 2005-10-20-20.19.58.037602 R04-M0-NC-I:J18-U11 RAS KERNEL INFO ciod: generated 64 core files for program /home/rfisher/sodscaling/flash2
KERNREC 1130529611 2005.10.28 R63-M1-N5-C:J17-U01 2005-10-28-13.00.11.719498 R63-M1-N5-C:J17-U01 RAS KERNEL FATAL Error receiving packet on tree network, expecting type 57 instead of type 3 (softheader=0064588e 8aff0003 00000002 00000000) PSR0=00001f01 PSR1=00000000 PRXF=00000002 PIXF=00000007
- 1131019038 2005.11.03 R27-M1-N8-C:J16-U11 2005-11-03-03.57.18.815377 R27-M1-N8-C:J16-U11 RAS KERNEL INFO CE sym 30, at 0x1bd2b700, mask 0x04
- 1131057877 2005.11.03 R60-M1-NC-C:J10-U11 2005-11-03-14.44.37.862831 R60-M1-NC-C:J10-U11 RAS KERNEL INFO iar 00106210 dear 0244c1dc
- 1131058115 2005.11.03 R66-M0-NF-C:J12-U01 2005-11-03-14.48.35.040947 R66-M0-NF-C:J12-U01 RAS KERNEL INFO 640404 floating point alignment exceptions
- 1131058316 2005.11.03 R65-M0-N1-C:J04-U01 2005-11-03-14.51.56.723449 R65-M0-N1-C:J04-U01 RAS KERNEL INFO iar 00106210 dear 0244c20c
- 1131059142 2005.11.03 R66-M1-N3-C:J06-U11 2005-11-03-15.05.42.754713 R66-M1-N3-C:J06-U11 RAS KERNEL INFO 640764 floating point alignment exceptions
- 1131059401 2005.11.03 R66-M0-N0-C:J07-U01 2005-11-03-15.10.01.251362 R66-M0-N0-C:J07-U01 RAS KERNEL INFO iar 001061dc dear 0244c25c
- 1131059658 2005.11.03 R66-M0-N4-C:J16-U01 2005-11-03-15.14.18.909332 R66-M0-N4-C:J16-U01 RAS KERNEL INFO iar 00106210 dear 0244c26c
- 1131060157 2005.11.03 R66-M1-NB-C:J17-U01 2005-11-03-15.22.37.393511 R66-M1-NB-C:J17-U01 RAS KERNEL INFO 487476 floating point alignment exceptions
- 1131060429 2005.11.03 R66-M1-NA-C:J15-U11 2005-11-03-15.27.09.727930 R66-M1-NA-C:J15-U11 RAS KERNEL INFO iar 00106568 dear 02494bec
- 1131060806 2005.11.03 R67-M0-N0-C:J03-U01 2005-11-03-15.33.26.605133 R67-M0-N0-C:J03-U01 RAS KERNEL INFO iar 00106580 dear 02494c2c
- 1131061828 2005.11.03 R62-M0-N3-C:J14-U01 2005-11-03-15.50.28.449895 R62-M0-N3-C:J14-U01 RAS KERNEL INFO iar 00106568 dear 045e147c
- 1131063778 2005.11.03 R41-M0-N5-C:J06-U01 2005-11-03-16.22.58.761391 R41-M0-N5-C:J06-U01 RAS KERNEL INFO 2354412 floating point alignment exceptions
- 1131065141 2005.11.03 R36-M1-N2-C:J08-U11 2005-11-03-16.45.41.838424 R36-M1-N2-C:J08-U11 RAS KERNEL INFO 2354412 floating point alignment exceptions
- 1131123637 2005.11.04 R62-M0-NB-C:J09-U11 2005-11-04-09.00.37.126852 R62-M0-NB-C:J09-U11 RAS KERNEL INFO iar 00106588 dear 0245a17c
- 1131126038 2005.11.04 R62-M0-N6-C:J10-U01 2005-11-04-09.40.38.701063 R62-M0-N6-C:J10-U01 RAS KERNEL INFO iar 00106bc0 dear 0245cd7c
- 1131126699 2005.11.04 R62-M0-N1-C:J02-U11 2005-11-04-09.51.39.563817 R62-M0-N1-C:J02-U11 RAS KERNEL INFO iar 00106bd8 dear 0245cf0c
- 1131127212 2005.11.04 R62-M0-NF-C:J03-U01 2005-11-04-10.00.12.875334 R62-M0-NF-C:J03-U01 RAS KERNEL INFO iar 0010639c dear 0245b71c
- 1131127543 2005.11.04 R62-M0-NC-C:J06-U11 2005-11-04-10.05.43.570607 R62-M0-NC-C:J06-U11 RAS KERNEL INFO 16469355 floating point alignment exceptions
- 1131128050 2005.11.04 R62-M0-N4-C:J03-U01 2005-11-04-10.14.10.540522 R62-M0-N4-C:J03-U01 RAS KERNEL INFO 16736445 floating point alignment exceptions
- 1131129646 2005.11.04 R62-M0-N6-C:J16-U11 2005-11-04-10.40.46.576314 R62-M0-N6-C:J16-U11 RAS KERNEL INFO 74350836 floating point alignment exceptions
- 1131140000 2005.11.04 R63-M0-ND-C:J15-U01 2005-11-04-13.33.20.655126 R63-M0-ND-C:J15-U01 RAS KERNEL INFO iar 001066c4 dear 0252528c
- 1131142377 2005.11.04 R62-M0-N4-C:J15-U11 2005-11-04-14.12.57.989477 R62-M0-N4-C:J15-U11 RAS KERNEL INFO iar 001066c4 dear 0252527c
- 1131147273 2005.11.04 R63-M0-N4-C:J05-U11 2005-11-04-15.34.33.610222 R63-M0-N4-C:J05-U11 RAS KERNEL INFO iar 0010653c dear 0245a63c
- 1131156131 2005.11.04 R45-M1-NA-C:J11-U01 2005-11-04-18.02.11.252563 R45-M1-NA-C:J11-U01 RAS KERNEL INFO CE sym 21, at 0x111d8c60, mask 0x01
- 1131408782 2005.11.07 R63-M0-N6-C:J15-U01 2005-11-07-16.13.02.108416 R63-M0-N6-C:J15-U01 RAS KERNEL INFO iar 00105e88 dear 02f6436c
- 1131473391 2005.11.08 R62-M0-NE-C:J03-U11 2005-11-08-10.09.51.058276 R62-M0-NE-C:J03-U11 RAS KERNEL INFO iar 001061b4 dear 024701dc
- 1131477523 2005.11.08 R62-M0-N9-C:J09-U11 2005-11-08-11.18.43.884902 R62-M0-N9-C:J09-U11 RAS KERNEL INFO iar 001061e8 dear 0247015c
- 1131478061 2005.11.08 R63-M0-NB-C:J06-U11 2005-11-08-11.27.41.288597 R63-M0-NB-C:J06-U11 RAS KERNEL INFO iar 001061b4 dear 0247017c
- 1131582295 2005.11.09 R63-M0-NA-C:J09-U01 2005-11-09-16.24.55.322546 R63-M0-NA-C:J09-U01 RAS KERNEL INFO 5302707 floating point alignment exceptions
- 1131590868 2005.11.09 R63-M0-N1-C:J07-U01 2005-11-09-18.47.48.543958 R63-M0-N1-C:J07-U01 RAS KERNEL INFO iar 00113898 dear 0fee9c4c
- 1131632923 2005.11.10 R34-M1-N4-C:J10-U01 2005-11-10-06.28.43.189795 R34-M1-N4-C:J10-U01 RAS KERNEL INFO 2 ddr errors(s) detected and corrected on rank 0, symbol 4, bit 4
- 1131712792 2005.11.11 R31-M0-N8-I:J18-U01 2005-11-11-04.39.52.183132 R31-M0-N8-I:J18-U01 RAS KERNEL INFO ciod: generated 128 core files for program /bgl/apps/followup/SPaSM_static/SPaSM_mpi.new_comp
- 1132067079 2005.11.15 R17-M1-N0-I:J18-U01 2005-11-15-07.04.39.066903 R17-M1-N0-I:J18-U01 RAS KERNEL INFO ciod: generated 128 core files for program /bgl/apps/followup/SPaSM_static/SPaSM_mpi.rel2
- 1132232535 2005.11.17 R64-M1-N4-I:J18-U01 2005-11-17-05.02.15.807696 R64-M1-N4-I:J18-U01 RAS APP FATAL ciod: Error loading /bgl/apps/followup/SPaSM_static/SPaSM.460-1115: invalid or missing program image, Permission denied
- 1132549418 2005.11.20 R55-M1-N8-I:J18-U11 2005-11-20-21.03.38.769342 R55-M1-N8-I:J18-U11 RAS KERNEL INFO ciod: generated 128 core files for program /g/g90/glosli/src/ddcMD/ddcMD1.1.18a/bin/ddcMDbglV
- 1132585070 2005.11.21 R26-M0-N0-I:J18-U11 2005-11-21-06.57.50.899596 R26-M0-N0-I:J18-U11 RAS KERNEL INFO MACHINE CHECK DCR read timeout (mc=e08x iar 0x00000000 lr 0xc00045a4)
- 1132609277 2005.11.21 R55-M0-NC-I:J18-U01 2005-11-21-13.41.17.863430 R55-M0-NC-I:J18-U01 RAS KERNEL INFO ciod: Received signal 15, code=0, errno=0, address=0x0000044a
- 1132841276 2005.11.24 R03-M1-NF-C:J07-U01 2005-11-24-06.07.56.407913 R03-M1-NF-C:J07-U01 RAS KERNEL FATAL dbcr0=0x00000000 dbsr=0x00000000 ccr0=0x40002000
- 1133011767 2005.11.26 R01-M1-NC-I:J18-U11 2005-11-26-05.29.27.205468 R01-M1-NC-I:J18-U11 RAS KERNEL INFO ciod: Received signal 15, code=0, errno=0, address=0x000001f2
- 1133306326 2005.11.29 R21-M0-N8-I:J18-U01 2005-11-29-15.18.46.642475 R21-M0-N8-I:J18-U01 RAS KERNEL INFO ciod: Received signal 15, code=0, errno=0, address=0x000001f2
- 1133447703 2005.12.01 R11-M1-NA-C:J13-U01 2005-12-01-06.35.03.376951 R11-M1-NA-C:J13-U01 RAS KERNEL INFO 0 microseconds spent in the rbs signal handler during 0 calls. 0 microseconds was the maximum time for a single instance of a correctable ddr.
- 1133447777 2005.12.01 R16-M0-N4-C:J06-U11 2005-12-01-06.36.17.847421 R16-M0-N4-C:J06-U11 RAS KERNEL INFO 0 microseconds spent in the rbs signal handler during 0 calls. 0 microseconds was the maximum time for a single instance of a correctable ddr.
- 1133448052 2005.12.01 R33-M1-N7-C:J12-U01 2005-12-01-06.40.52.287178 R33-M1-N7-C:J12-U01 RAS KERNEL INFO 10674 total interrupts. 0 critical input interrupts. 0 microseconds total spent on critical input interrupts, 0 microseconds max time in a critical input interrupt.
- 1133448160 2005.12.01 R37-M1-N0-C:J16-U11 2005-12-01-06.42.40.072946 R37-M1-N0-C:J16-U11 RAS KERNEL INFO 10752 total interrupts. 0 critical input interrupts. 0 microseconds total spent on critical input interrupts, 0 microseconds max time in a critical input interrupt.
- 1133448298 2005.12.01 R73-M1-N7-C:J04-U01 2005-12-01-06.44.58.829439 R73-M1-N7-C:J04-U01 RAS KERNEL INFO 10712 total interrupts. 0 critical input interrupts. 0 microseconds total spent on critical input interrupts, 0 microseconds max time in a critical input interrupt.
- 1133448439 2005.12.01 R73-M0-N2-C:J11-U11 2005-12-01-06.47.19.872148 R73-M0-N2-C:J11-U11 RAS KERNEL INFO 10738 total interrupts. 0 critical input interrupts. 0 microseconds total spent on critical input interrupts, 0 microseconds max time in a critical input interrupt.
- 1133448493 2005.12.01 R64-M0-N1-C:J06-U11 2005-12-01-06.48.13.253997 R64-M0-N1-C:J06-U11 RAS KERNEL INFO 0 microseconds spent in the rbs signal handler during 0 calls. 0 microseconds was the maximum time for a single instance of a correctable ddr.
- 1133448674 2005.12.01 R26-M1-NF-C:J09-U01 2005-12-01-06.51.14.927478 R26-M1-NF-C:J09-U01 RAS KERNEL INFO 0 microseconds spent in the rbs signal handler during 0 calls. 0 microseconds was the maximum time for a single instance of a correctable ddr.
- 1133454553 2005.12.01 R16-M0-N2-C:J07-U11 2005-12-01-08.29.13.906911 R16-M0-N2-C:J07-U11 RAS KERNEL INFO 0 microseconds spent in the rbs signal handler during 0 calls. 0 microseconds was the maximum time for a single instance of a correctable ddr.
- 1133454611 2005.12.01 R16-M1-ND-C:J05-U11 2005-12-01-08.30.11.278697 R16-M1-ND-C:J05-U11 RAS KERNEL INFO 10698 total interrupts. 0 critical input interrupts. 0 microseconds total spent on critical input interrupts, 0 microseconds max time in a critical input interrupt.
- 1133454734 2005.12.01 R07-M1-N7-C:J14-U01 2005-12-01-08.32.14.399124 R07-M1-N7-C:J14-U01 RAS KERNEL INFO 0 microseconds spent in the rbs signal handler during 0 calls. 0 microseconds was the maximum time for a single instance of a correctable ddr.
- 1133454886 2005.12.01 R35-M0-N5-C:J16-U01 2005-12-01-08.34.46.559803 R35-M0-N5-C:J16-U01 RAS KERNEL INFO 10766 total interrupts. 0 critical input interrupts. 0 microseconds total spent on critical input interrupts, 0 microseconds max time in a critical input interrupt.
- 1133455064 2005.12.01 R52-M0-N5-C:J04-U01 2005-12-01-08.37.44.951513 R52-M0-N5-C:J04-U01 RAS KERNEL INFO 10680 total interrupts. 0 critical input interrupts. 0 microseconds total spent on critical input interrupts, 0 microseconds max time in a critical input interrupt.
- 1133455140 2005.12.01 R71-M0-NC-C:J14-U01 2005-12-01-08.39.00.094017 R71-M0-NC-C:J14-U01 RAS KERNEL INFO 10616 total interrupts. 0 critical input interrupts. 0 microseconds total spent on critical input interrupts, 0 microseconds max time in a critical input interrupt.
- 1133455302 2005.12.01 R70-M0-N8-C:J12-U11 2005-12-01-08.41.42.720184 R70-M0-N8-C:J12-U11 RAS KERNEL INFO 10676 total interrupts. 0 critical input interrupts. 0 microseconds total spent on critical input interrupts, 0 microseconds max time in a critical input interrupt.
- 1133455488 2005.12.01 R25-M0-N7-C:J07-U01 2005-12-01-08.44.48.531704 R25-M0-N7-C:J07-U01 RAS KERNEL INFO 0 microseconds spent in the rbs signal handler during 0 calls. 0 microseconds was the maximum time for a single instance of a correctable ddr.
- 1133455641 2005.12.01 R27-M1-N6-C:J11-U11 2005-12-01-08.47.21.734190 R27-M1-N6-C:J11-U11 RAS KERNEL INFO 10722 total interrupts. 0 critical input interrupts. 0 microseconds total spent on critical input interrupts, 0 microseconds max time in a critical input interrupt.
- 1133455660 2005.12.01 R24-M0-N9-C:J10-U11 2005-12-01-08.47.40.003136 R24-M0-N9-C:J10-U11 RAS KERNEL INFO 0 microseconds spent in the rbs signal handler during 0 calls. 0 microseconds was the maximum time for a single instance of a correctable ddr.
- 1133630999 2005.12.03 R10-M1-N2 2005-12-03-09.29.59.645290 R10-M1-N2 NULL HARDWARE WARNING PrepareForService shutting down Node card(mLctn(R10-M1-N2), mCardSernum(203231503833343000000000594c31304b34323934303257), mLp(FF:F2:9F:16:E0:DA:00:0D:60:E9:1F:25), mIp(10.1.1.164), mType(4)) as part of Service Action 648
- 1133707549 2005.12.04 R60-M0-ND-C:J07-U11 2005-12-04-06.45.49.687761 R60-M0-ND-C:J07-U11 RAS KERNEL INFO CE sym 11, at 0x06366640, mask 0x04
- 1133835041 2005.12.05 R52-M1-NA-C:J03-U01 2005-12-05-18.10.41.610617 R52-M1-NA-C:J03-U01 RAS KERNEL FATAL fraction rounded.........................0
- 1133928125 2005.12.06 R36-M0-N7-C:J09-U11 2005-12-06-20.02.05.596871 R36-M0-N7-C:J09-U11 RAS KERNEL INFO Kernel detected 3946290 integer alignment exceptions (3946283) iar 0x00544ea8, dear 0x01ef6080 (3946284) iar 0x00544eb8, dear 0x01ef60a0 (3946285) iar 0x00544ea8, dear 0x01ef60c0 (3946286) iar 0x00544eb8, dear 0x01ef60e0 (3946287) iar 0x00544ee0, dear 0x01ef6100 (3946288) iar 0x00544ef0, dear 0x01ef6120 (3946289) iar 0x00544ee0, dear 0x01ef6140 (3946290) iar 0x00544ef0, dear 0x01ef6160
- 1134117490 2005.12.09 R70-M0-N7-C:J15-U01 2005-12-09-00.38.10.632331 R70-M0-N7-C:J15-U01 RAS KERNEL INFO 1 ddr error(s) detected and corrected on rank 0, symbol 9 over 986 seconds
- 1134160697 2005.12.09 R64-M0-N8-I:J18-U11 2005-12-09-12.38.17.827307 R64-M0-N8-I:J18-U11 RAS APP FATAL ciod: Error loading /p/gb1/stella/UMT2K/1369/umt2k_DD: invalid or missing program image, Permission denied
- 1134530536 2005.12.13 R74-M1-N0-C:J12-U01 2005-12-13-19.22.16.368819 R74-M1-N0-C:J12-U01 RAS KERNEL INFO 2 ddr error(s) detected and corrected on rank 0, symbol 28 over 3365 seconds
- 1134748483 2005.12.16 R60-M1-N7-C:J17-U01 2005-12-16-07.54.43.245870 R60-M1-N7-C:J17-U01 RAS KERNEL INFO total of 20 ddr error(s) detected and corrected over 22070 seconds
- 1135579635 2005.12.25 R62-M1-NA-C:J04-U01 2005-12-25-22.47.15.963417 R62-M1-NA-C:J04-U01 RAS KERNEL FATAL fpr29=0xffffffff ffffffff ffffffff ffffffff
- 1135669430 2005.12.26 R37-M1-NC-C:J02-U11 2005-12-26-23.43.50.733716 R37-M1-NC-C:J02-U11 RAS KERNEL INFO instruction cache parity error corrected
