- 1117842440 2005.06.03 R23-M0-NE-C:J05-U01 2005-06-03-16.47.20.730545 R23-M0-NE-C:J05-U01 RAS KERNEL INFO 63543 double-hummer alignment exceptions
- 1117955341 2005.06.05 R25-M0-N7-C:J02-U01 2005-06-05-00.09.01.903373 R25-M0-N7-C:J02-U01 RAS KERNEL INFO generating core.2275
- 1117973759 2005.06.05 R31-M0-NE-C:J05-U11 2005-06-05-05.15.59.416717 R31-M0-NE-C:J05-U11 RAS KERNEL INFO generating core.2079
- 1117977497 2005.06.05 R33-M1-NB-C:J06-U01 2005-06-05-06.18.17.802159 R33-M1-NB-C:J06-U01 RAS KERNEL INFO generating core.5570
- 1117985401 2005.06.05 R34-M1-NE-C:J02-U01 2005-06-05-08.30.01.873693 R34-M1-NE-C:J02-U01 RAS KERNEL INFO generating core.6471
- 1117988286 2005.06.05 R33-M1-N8-C:J09-U11 2005-06-05-09.18.06.694851 R33-M1-N8-C:J09-U11 RAS KERNEL INFO generating core.5854
- 1117989594 2005.06.05 R35-M0-N5-C:J17-U11 2005-06-05-09.39.54.210760 R35-M0-N5-C:J17-U11 RAS KERNEL INFO generating core.2680
- 1117991046 2005.06.05 R30-M0-N0-C:J17-U01 2005-06-05-10.04.06.326828 R30-M0-N0-C:J17-U01 RAS KERNEL INFO generating core.1588
- 1118080420 2005.06.06 R02-M1-N0-C:J12-U11 2005-06-06-10.53.40.701796 R02-M1-N0-C:J12-U11 RAS KERNEL INFO instruction cache parity error corrected
- 1118112604 2005.06.06 R22-M0-N4-C:J08-U11 2005-06-06-19.50.04.552706 R22-M0-N4-C:J08-U11 RAS KERNEL INFO generating core.174
- 1118149783 2005.06.07 R20-M1-N5-C:J06-U01 2005-06-07-06.09.43.355329 R20-M1-N5-C:J06-U01 RAS KERNEL INFO generating core.418
- 1118172690 2005.06.07 R35-M0-N5-C:J10-U11 2005-06-07-12.31.30.918396 R35-M0-N5-C:J10-U11 RAS KERNEL INFO generating core.2921
- 1118271740 2005.06.08 R03-M1-N9-C:J09-U11 2005-06-08-16.02.20.600478 R03-M1-N9-C:J09-U11 RAS KERNEL INFO 1 ddr errors(s) detected and corrected on rank 0, symbol 25, bit 1
- 1118343816 2005.06.09 R07-M1-NE-C:J06-U01 2005-06-09-12.03.36.113136 R07-M1-NE-C:J06-U01 RAS KERNEL INFO generating core.25350
- 1118371064 2005.06.09 R00-M1-N6-C:J12-U01 2005-06-09-19.37.44.455502 R00-M1-N6-C:J12-U01 RAS KERNEL INFO generating core.12357
KERNDTLB 1118538129 2005.06.11 R30-M0-N9-C:J16-U01 2005-06-11-18.02.09.666558 R30-M0-N9-C:J16-U01 RAS KERNEL FATAL data TLB error interrupt
KERNDTLB 1118540457 2005.06.11 R30-M0-N9-C:J16-U01 2005-06-11-18.40.57.217361 R30-M0-N9-C:J16-U01 RAS KERNEL FATAL data TLB error interrupt
KERNDTLB 1118543085 2005.06.11 R30-M0-N9-C:J16-U01 2005-06-11-19.24.45.991034 R30-M0-N9-C:J16-U01 RAS KERNEL FATAL data TLB error interrupt
KERNDTLB 1118544523 2005.06.11 R30-M0-N9-C:J16-U01 2005-06-11-19.48.43.752466 R30-M0-N9-C:J16-U01 RAS KERNEL FATAL data TLB error interrupt
KERNDTLB 1118548933 2005.06.11 R30-M0-N9-C:J16-U01 2005-06-11-21.02.13.585407 R30-M0-N9-C:J16-U01 RAS KERNEL FATAL data TLB error interrupt
KERNDTLB 1118550729 2005.06.11 R30-M0-N9-C:J16-U01 2005-06-11-21.32.09.069241 R30-M0-N9-C:J16-U01 RAS KERNEL FATAL data TLB error interrupt
KERNDTLB 1118552875 2005.06.11 R30-M0-N9-C:J16-U01 2005-06-11-22.07.55.838589 R30-M0-N9-C:J16-U01 RAS KERNEL FATAL data TLB error interrupt
KERNDTLB 1118555299 2005.06.11 R30-M0-N9-C:J16-U01 2005-06-11-22.48.19.442753 R30-M0-N9-C:J16-U01 RAS KERNEL FATAL data TLB error interrupt
KERNSTOR 1118709403 2005.06.13 R10-M1-N5-C:J15-U11 2005-06-13-17.36.43.927885 R10-M1-N5-C:J15-U11 RAS KERNEL FATAL data storage interrupt
KERNSTOR 1118709851 2005.06.13 R02-M0-N0-C:J10-U01 2005-06-13-17.44.11.050768 R02-M0-N0-C:J10-U01 RAS KERNEL FATAL data storage interrupt
- 1118710403 2005.06.13 R06-M0-N8-C:J13-U11 2005-06-13-17.53.23.965757 R06-M0-N8-C:J13-U11 RAS KERNEL FATAL instruction address: 0x00004ed8
KERNSTOR 1118765277 2005.06.14 R12-M0-N2-C:J11-U01 2005-06-14-09.07.57.162326 R12-M0-N2-C:J11-U01 RAS KERNEL FATAL data storage interrupt
- 1118765676 2005.06.14 R16-M1-N2-C:J07-U01 2005-06-14-09.14.36.498843 R16-M1-N2-C:J07-U01 RAS KERNEL FATAL instruction address: 0x00004ed8
- 1118766139 2005.06.14 R07-M0-NC-C:J10-U01 2005-06-14-09.22.19.720208 R07-M0-NC-C:J10-U01 RAS KERNEL FATAL instruction address: 0x00004ed8
- 1118767320 2005.06.14 R25-M1-N9-C:J06-U11 2005-06-14-09.42.00.555171 R25-M1-N9-C:J06-U11 RAS KERNEL FATAL machine check: i-fetch......................0
- 1118768017 2005.06.14 R21-M1-NB-C:J12-U01 2005-06-14-09.53.37.560823 R21-M1-NB-C:J12-U01 RAS KERNEL FATAL instruction address: 0x00004ed8
- 1118768162 2005.06.14 R25-M0-ND-C:J04-U01 2005-06-14-09.56.02.974678 R25-M0-ND-C:J04-U01 RAS KERNEL FATAL data address: 0x00000002
KERNSTOR 1118769444 2005.06.14 R21-M0-N4-C:J05-U11 2005-06-14-10.17.24.504094 R21-M0-N4-C:J05-U11 RAS KERNEL FATAL data storage interrupt
- 1118769649 2005.06.14 R26-M0-N5-C:J08-U01 2005-06-14-10.20.49.630306 R26-M0-N5-C:J08-U01 RAS KERNEL FATAL program interrupt: illegal instruction......0
- 1118769997 2005.06.14 R26-M0-N2-C:J05-U01 2005-06-14-10.26.37.865134 R26-M0-N2-C:J05-U01 RAS KERNEL FATAL data store interrupt caused by dcbf.........0
- 1118770603 2005.06.14 R24-M1-NE-C:J15-U11 2005-06-14-10.36.43.928442 R24-M1-NE-C:J15-U11 RAS KERNEL FATAL store operation.............................1
- 1118771001 2005.06.14 R26-M1-NF-C:J11-U11 2005-06-14-10.43.21.582308 R26-M1-NF-C:J11-U11 RAS KERNEL FATAL floating point instr. enabled.....1
- 1118771259 2005.06.14 R24-M0-NA-C:J16-U11 2005-06-14-10.47.39.811377 R24-M0-NA-C:J16-U11 RAS KERNEL FATAL program interrupt: unimplemented operation..0
- 1118771516 2005.06.14 R25-M0-N6-C:J14-U11 2005-06-14-10.51.56.234430 R25-M0-N6-C:J14-U11 RAS KERNEL FATAL program interrupt: imprecise exception......0
- 1118771909 2005.06.14 R24-M1-N5-C:J09-U01 2005-06-14-10.58.29.332156 R24-M1-N5-C:J09-U01 RAS KERNEL FATAL program interrupt: fp cr field .............0
- 1118772070 2005.06.14 R21-M1-N2-C:J10-U11 2005-06-14-11.01.10.339106 R21-M1-N2-C:J10-U11 RAS KERNEL FATAL machine state register: 0x00002000
- 1118772602 2005.06.14 R21-M1-NA-C:J07-U01 2005-06-14-11.10.02.651943 R21-M1-NA-C:J07-U01 RAS KERNEL FATAL problem state (0=sup,1=usr).......0
- 1118773252 2005.06.14 R20-M1-N0-C:J10-U01 2005-06-14-11.20.52.106874 R20-M1-N0-C:J10-U01 RAS KERNEL FATAL debug wait enable.................0
- 1118773808 2005.06.14 R20-M1-NA-C:J03-U01 2005-06-14-11.30.08.524358 R20-M1-NA-C:J03-U01 RAS KERNEL FATAL core configuration register: 0x00002000
- 1118774042 2005.06.14 R25-M1-N8-C:J03-U11 2005-06-14-11.34.02.588297 R25-M1-N8-C:J03-U11 RAS KERNEL FATAL disable store gathering..................0
- 1118811393 2005.06.14 R02-M1-N0-C:J12-U11 2005-06-14-21.56.33.279265 R02-M1-N0-C:J12-U11 RAS KERNEL INFO instruction cache parity error corrected
- 1118852544 2005.06.15 R02-M1-N0-C:J12-U11 2005-06-15-09.22.24.246149 R02-M1-N0-C:J12-U11 RAS KERNEL INFO instruction cache parity error corrected
- 1118860111 2005.06.15 R02-M1-N0-C:J12-U11 2005-06-15-11.28.31.099655 R02-M1-N0-C:J12-U11 RAS KERNEL INFO instruction cache parity error corrected
- 1118916047 2005.06.16 R21-M1-N4-C:J12-U11 2005-06-16-03.00.47.249279 R21-M1-N4-C:J12-U11 RAS KERNEL INFO generating core.2605
- 1119055358 2005.06.17 R12-M1-NB-C:J15-U01 2005-06-17-17.42.38.875141 R12-M1-NB-C:J15-U01 RAS KERNEL INFO generating core.1488
- 1119291000 2005.06.20 R17-M1-ND-C:J12-U11 2005-06-20-11.10.00.255483 R17-M1-ND-C:J12-U11 RAS KERNEL INFO generating core.5401
- 1119309833 2005.06.20 R14-M1-N0-I:J18-U01 2005-06-20-16.23.53.944371 R14-M1-N0-I:J18-U01 RAS APP FATAL ciod: Error loading /home/draeger/testQboxhang-nozerobytebug-nosleepyescomm: invalid or missing program image, No such file or directory
- 1119377784 2005.06.21 R20-M1-N8-C:J04-U11 2005-06-21-11.16.24.473585 R20-M1-N8-C:J04-U11 RAS KERNEL INFO generating core.783
- 1119479310 2005.06.22 R20-M0-N6-C:J03-U01 2005-06-22-15.28.30.643475 R20-M0-N6-C:J03-U01 RAS KERNEL INFO 2576000 double-hummer alignment exceptions
- 1119572030 2005.06.23 R23-M1-N8-C:J06-U01 2005-06-23-17.13.50.341611 R23-M1-N8-C:J06-U01 RAS KERNEL INFO 3091200 double-hummer alignment exceptions
- 1119695755 2005.06.25 R32-M0-N4-C:J02-U01 2005-06-25-03.35.55.677192 R32-M0-N4-C:J02-U01 RAS KERNEL INFO 259822751 double-hummer alignment exceptions
- 1119715342 2005.06.25 R31-M1-NE-C:J06-U11 2005-06-25-09.02.22.976560 R31-M1-NE-C:J06-U11 RAS KERNEL INFO generating core.50230
- 1119715602 2005.06.25 R35-M0-N6-C:J06-U11 2005-06-25-09.06.42.210046 R35-M0-N6-C:J06-U11 RAS KERNEL INFO generating core.9654
- 1119715922 2005.06.25 R16-M1-NA-C:J02-U01 2005-06-25-09.12.02.795224 R16-M1-NA-C:J02-U01 RAS KERNEL INFO generating core.38415
- 1119725245 2005.06.25 R33-M1-NE-C:J11-U01 2005-06-25-11.47.25.436889 R33-M1-NE-C:J11-U01 RAS KERNEL INFO generating core.18261
- 1119726280 2005.06.25 R10-M1-NA-C:J13-U11 2005-06-25-12.04.40.064277 R10-M1-NA-C:J13-U11 RAS KERNEL INFO generating core.2109
- 1119802755 2005.06.26 R03-M0-N9-C:J09-U01 2005-06-26-09.19.15.022089 R03-M0-N9-C:J09-U01 RAS KERNEL INFO generating core.21112
- 1119803528 2005.06.26 R05-M0-NE-C:J05-U01 2005-06-26-09.32.08.442047 R05-M0-NE-C:J05-U01 RAS KERNEL INFO data store interrupt caused by icbi.........0
- 1119803856 2005.06.26 R02-M1-N4-C:J12-U01 2005-06-26-09.37.36.335874 R02-M1-N4-C:J12-U01 RAS KERNEL INFO program interrupt: imprecise exception......0
- 1119807218 2005.06.26 R35-M1-NF-C:J15-U01 2005-06-26-10.33.38.646025 R35-M1-NF-C:J15-U01 RAS KERNEL INFO program interrupt: privileged instruction...0
- 1120091427 2005.06.29 R05-M1-N3-C:J03-U11 2005-06-29-17.30.27.216695 R05-M1-N3-C:J03-U11 RAS KERNEL INFO generating core.1786
- 1120092194 2005.06.29 R12-M0-N0-C:J13-U01 2005-06-29-17.43.14.852439 R12-M0-N0-C:J13-U01 RAS KERNEL INFO generating core.7151
- 1120145227 2005.06.30 R22-M1-N3-C:J14-U01 2005-06-30-08.27.07.043050 R22-M1-N3-C:J14-U01 RAS KERNEL INFO generating core.6040
- 1120145774 2005.06.30 R01-M1-NF-C:J05-U11 2005-06-30-08.36.14.017177 R01-M1-NF-C:J05-U11 RAS KERNEL INFO generating core.16483
- 1120148424 2005.06.30 R06-M1-N2-C:J15-U11 2005-06-30-09.20.24.416584 R06-M1-N2-C:J15-U11 RAS KERNEL INFO generating core.1916
- 1120150859 2005.06.30 R05-M0-N3-C:J12-U11 2005-06-30-10.00.59.776334 R05-M0-N3-C:J12-U11 RAS KERNEL INFO generating core.1641
- 1120216139 2005.07.01 R36-M0-N7-C:J11-U01 2005-07-01-04.08.59.340805 R36-M0-N7-C:J11-U01 RAS KERNEL INFO generating core.865
- 1120216479 2005.07.01 R23-M1-NE-C:J13-U01 2005-07-01-04.14.39.846764 R23-M1-NE-C:J13-U01 RAS KERNEL INFO generating core.4525
- 1120217052 2005.07.01 R17-M1-N7-C:J08-U01 2005-07-01-04.24.12.881758 R17-M1-N7-C:J08-U01 RAS KERNEL INFO generating core.2210
- 1120241131 2005.07.01 R37-M1-N4 2005-07-01-11.05.31.120732 R37-M1-N4 NULL DISCOVERY SEVERE Can not get assembly information for node card
- 1120260098 2005.07.01 R33-M0-N8-C:J07-U01 2005-07-01-16.21.38.233353 R33-M0-N8-C:J07-U01 RAS KERNEL INFO 1146800 double-hummer alignment exceptions
- 1120262314 2005.07.01 R32-M1-NB-C:J04-U11 2005-07-01-16.58.34.595623 R32-M1-NB-C:J04-U11 RAS KERNEL INFO 1146800 double-hummer alignment exceptions
- 1120265452 2005.07.01 R33-M1-NE-C:J11-U01 2005-07-01-17.50.52.851643 R33-M1-NE-C:J11-U01 RAS KERNEL INFO 458720 double-hummer alignment exceptions
- 1120265656 2005.07.01 R23-M0-N6-C:J11-U01 2005-07-01-17.54.16.064998 R23-M0-N6-C:J11-U01 RAS KERNEL INFO 458720 double-hummer alignment exceptions
- 1120267083 2005.07.01 R33-M0-N8-C:J10-U11 2005-07-01-18.18.03.046965 R33-M0-N8-C:J10-U11 RAS KERNEL INFO 1146800 double-hummer alignment exceptions
- 1120446979 2005.07.03 R22-M1-N9-C:J15-U01 2005-07-03-20.16.19.279199 R22-M1-N9-C:J15-U01 RAS KERNEL INFO generating core.20392
- 1120447451 2005.07.03 R32-M1-N5-C:J16-U11 2005-07-03-20.24.11.514321 R32-M1-N5-C:J16-U11 RAS KERNEL INFO generating core.13776
- 1120449964 2005.07.03 R21-M0-N6-C:J04-U11 2005-07-03-21.06.04.793853 R21-M0-N6-C:J04-U11 RAS KERNEL INFO generating core.24671
- 1120469778 2005.07.04 R25-M1-N1-C:J10-U01 2005-07-04-02.36.18.807780 R25-M1-N1-C:J10-U01 RAS KERNEL INFO generating core.7881
- 1120487466 2005.07.04 R34-M0-N5-C:J04-U01 2005-07-04-07.31.06.190628 R34-M0-N5-C:J04-U01 RAS KERNEL INFO generating core.1219
- 1120746970 2005.07.07 R07-M0-N0-C:J06-U01 2005-07-07-07.36.10.216237 R07-M0-N0-C:J06-U01 RAS KERNEL INFO generating core.998
- 1120772793 2005.07.07 R00-M0-N4-C:J04-U11 2005-07-07-14.46.33.219615 R00-M0-N4-C:J04-U11 RAS KERNEL INFO generating core.303
- 1120786879 2005.07.07 R12-M1-NE-C:J04-U11 2005-07-07-18.41.19.670878 R12-M1-NE-C:J04-U11 RAS KERNEL INFO generating core.815
- 1120889703 2005.07.08 R05-M0-N2 2005-07-08-23.15.03.798449 R05-M0-N2 NULL DISCOVERY WARNING Node card is not fully functional
- 1120924431 2005.07.09 R22-M0-N5-C:J13-U11 2005-07-09-08.53.51.797283 R22-M0-N5-C:J13-U11 RAS KERNEL INFO generating core.13817
- 1120929103 2005.07.09 R14-M1-ND-C:J03-U11 2005-07-09-10.11.43.673631 R14-M1-ND-C:J03-U11 RAS KERNEL INFO generating core.9051
- 1120931338 2005.07.09 R21-M1-NE-C:J11-U11 2005-07-09-10.48.58.719782 R21-M1-NE-C:J11-U11 RAS KERNEL INFO generating core.42109
- 1120932589 2005.07.09 R24-M1-N1-C:J12-U01 2005-07-09-11.09.49.772584 R24-M1-N1-C:J12-U01 RAS KERNEL INFO generating core.6553
- 1120932797 2005.07.09 R26-M1-N5-C:J02-U11 2005-07-09-11.13.17.589543 R26-M1-N5-C:J02-U11 RAS KERNEL INFO generating core.36539
- 1120934392 2005.07.09 R30-M0-N6-C:J13-U11 2005-07-09-11.39.52.674271 R30-M0-N6-C:J13-U11 RAS KERNEL INFO generating core.245
- 1120935001 2005.07.09 R06-M1-NE-C:J04-U01 2005-07-09-11.50.01.726751 R06-M1-NE-C:J04-U01 RAS KERNEL INFO generating core.57863
- 1120935388 2005.07.09 R20-M1-N4-C:J17-U11 2005-07-09-11.56.28.685591 R20-M1-N4-C:J17-U11 RAS KERNEL INFO generating core.2300
- 1120937630 2005.07.09 R20-M1-N5-C:J05-U11 2005-07-09-12.33.50.353460 R20-M1-N5-C:J05-U11 RAS KERNEL INFO generating core.2299
- 1120938093 2005.07.09 R27-M0-N7-C:J10-U01 2005-07-09-12.41.33.279413 R27-M0-N7-C:J10-U01 RAS KERNEL INFO generating core.50841
- 1120938541 2005.07.09 R12-M0-N6-C:J05-U11 2005-07-09-12.49.01.731883 R12-M0-N6-C:J05-U11 RAS KERNEL INFO generating core.58351
- 1120939518 2005.07.09 R20-M1-N2-C:J07-U01 2005-07-09-13.05.18.662491 R20-M1-N2-C:J07-U01 RAS KERNEL INFO generating core.5342
- 1120939974 2005.07.09 R24-M0-N1-C:J17-U01 2005-07-09-13.12.54.616018 R24-M0-N1-C:J17-U01 RAS KERNEL INFO generating core.31192
- 1120940284 2005.07.09 R30-M0-NA-C:J17-U01 2005-07-09-13.18.04.050308 R30-M0-NA-C:J17-U01 RAS KERNEL INFO generating core.4180
- 1120940599 2005.07.09 R16-M0-NB-C:J04-U01 2005-07-09-13.23.19.130183 R16-M0-NB-C:J04-U01 RAS KERNEL INFO generating core.61963
- 1120953217 2005.07.09 R35-M1-N9-C:J10-U11 2005-07-09-16.53.37.285437 R35-M1-N9-C:J10-U11 RAS KERNEL INFO generating core.11921
- 1120956557 2005.07.09 R20-M0-N5-C:J07-U11 2005-07-09-17.49.17.958580 R20-M0-N5-C:J07-U11 RAS KERNEL INFO generating core.13946
- 1120957717 2005.07.09 R00-M1-N9-C:J11-U01 2005-07-09-18.08.37.270465 R00-M1-N9-C:J11-U01 RAS KERNEL INFO generating core.3985
- 1120967922 2005.07.09 R14-M0-N9-C:J14-U01 2005-07-09-20.58.42.972274 R14-M0-N9-C:J14-U01 RAS KERNEL INFO 1401390016 double-hummer alignment exceptions
- 1120968137 2005.07.09 R22-M0-ND-C:J13-U11 2005-07-09-21.02.17.017814 R22-M0-ND-C:J13-U11 RAS KERNEL INFO generating core.13753
- 1120968690 2005.07.09 R30-M0-NC-C:J10-U11 2005-07-09-21.11.30.337616 R30-M0-NC-C:J10-U11 RAS KERNEL INFO generating core.1557
- 1120969099 2005.07.09 R35-M0-ND-C:J14-U01 2005-07-09-21.18.19.960414 R35-M0-ND-C:J14-U01 RAS KERNEL INFO generating core.5760
- 1120969308 2005.07.09 R36-M1-N7-C:J05-U01 2005-07-09-21.21.48.751878 R36-M1-N7-C:J05-U01 RAS KERNEL INFO generating core.12643
- 1120969467 2005.07.09 R31-M0-NA-C:J03-U11 2005-07-09-21.24.27.695037 R31-M0-NA-C:J03-U11 RAS KERNEL INFO generating core.6711
- 1120969793 2005.07.09 R33-M0-N0-C:J04-U01 2005-07-09-21.29.53.355653 R33-M0-N0-C:J04-U01 RAS KERNEL INFO generating core.7623
- 1120972998 2005.07.09 R05-M1-N9-C:J16-U01 2005-07-09-22.23.18.517961 R05-M1-N9-C:J16-U01 RAS KERNEL INFO generating core.2880
- 1121006621 2005.07.10 R36-M0-N9-C:J11-U01 2005-07-10-07.43.41.076829 R36-M0-N9-C:J11-U01 RAS KERNEL INFO generating core.20257
- 1121006900 2005.07.10 R24-M1-N6-C:J05-U01 2005-07-10-07.48.20.756795 R24-M1-N6-C:J05-U01 RAS KERNEL INFO generating core.16623
KERNRTSP 1121115819 2005.07.11 R04-M0-N1-C:J02-U01 2005-07-11-14.03.39.101778 R04-M0-N1-C:J02-U01 RAS KERNEL FATAL rts panic! - stopping execution
- 1121172452 2005.07.12 R22-M1-N0-C:J10-U11 2005-07-12-05.47.32.414558 R22-M1-N0-C:J10-U11 RAS KERNEL INFO generating core.4061
- 1121238463 2005.07.13 R11-M1-N3-C:J07-U11 2005-07-13-00.07.43.091930 R11-M1-N3-C:J07-U11 RAS KERNEL INFO total of 1 ddr error(s) detected and corrected
- 1121252450 2005.07.13 R11-M1-NE-C:J06-U01 2005-07-13-04.00.50.209028 R11-M1-NE-C:J06-U01 RAS KERNEL INFO 114147592 double-hummer alignment exceptions
- 1121252628 2005.07.13 R34-M0-N0-C:J17-U11 2005-07-13-04.03.48.756221 R34-M0-N0-C:J17-U11 RAS KERNEL INFO 115193048 double-hummer alignment exceptions
- 1121256302 2005.07.13 R31-M1-N5-C:J02-U11 2005-07-13-05.05.02.446625 R31-M1-N5-C:J02-U11 RAS KERNEL INFO generating core.52403
- 1121256613 2005.07.13 R25-M0-N7-C:J10-U01 2005-07-13-05.10.13.046702 R25-M0-N7-C:J10-U01 RAS KERNEL INFO generating core.17817
- 1121308164 2005.07.13 R20-M1-N4-C:J02-U01 2005-07-13-19.29.24.480958 R20-M1-N4-C:J02-U01 RAS KERNEL INFO generating core.17999
- 1121308531 2005.07.13 R00-M0-NC-C:J17-U11 2005-07-13-19.35.31.224305 R00-M0-NC-C:J17-U11 RAS KERNEL INFO generating core.284
- 1121309138 2005.07.13 R05-M1-N7-C:J15-U11 2005-07-13-19.45.38.909318 R05-M1-N7-C:J15-U11 RAS KERNEL INFO generating core.2296
- 1121310926 2005.07.13 R37-M0-ND-C:J03-U11 2005-07-13-20.15.26.655051 R37-M0-ND-C:J03-U11 RAS KERNEL INFO generating core.5939
- 1121311176 2005.07.13 R31-M1-NA-C:J08-U11 2005-07-13-20.19.36.355702 R31-M1-NA-C:J08-U11 RAS KERNEL INFO generating core.26646
- 1121311849 2005.07.13 R22-M1-ND-C:J05-U11 2005-07-13-20.30.49.413470 R22-M1-ND-C:J05-U11 RAS KERNEL INFO generating core.17851
- 1121312172 2005.07.13 R25-M1-ND-C:J10-U11 2005-07-13-20.36.12.659925 R25-M1-ND-C:J10-U11 RAS KERNEL INFO generating core.5785
- 1121312351 2005.07.13 R37-M1-N8-C:J08-U11 2005-07-13-20.39.11.473210 R37-M1-N8-C:J08-U11 RAS KERNEL INFO generating core.27926
- 1121313580 2005.07.13 R26-M0-NB-C:J04-U01 2005-07-13-20.59.40.239374 R26-M0-NB-C:J04-U01 RAS KERNEL INFO generating core.14603
- 1121313927 2005.07.13 R06-M1-N8-C:J16-U11 2005-07-13-21.05.27.499424 R06-M1-N8-C:J16-U11 RAS KERNEL INFO generating core.3980
- 1121314022 2005.07.13 R37-M0-N2-C:J09-U01 2005-07-13-21.07.02.007176 R37-M0-N2-C:J09-U01 RAS KERNEL INFO generating core.22886
- 1121442075 2005.07.15 R00-M0-N9-C:J14-U01 2005-07-15-08.41.15.738617 R00-M0-N9-C:J14-U01 RAS KERNEL INFO generating core.896
- 1121493913 2005.07.15 R37-M0-N6-C:J09-U11 2005-07-15-23.05.13.065015 R37-M0-N6-C:J09-U11 RAS KERNEL INFO generating core.41718
- 1121494308 2005.07.15 R21-M0-N7-C:J14-U01 2005-07-15-23.11.48.831797 R21-M0-N7-C:J14-U01 RAS KERNEL INFO generating core.17560
- 1121495594 2005.07.15 R34-M0-N7-C:J13-U01 2005-07-15-23.33.14.550781 R34-M0-N7-C:J13-U01 RAS KERNEL INFO generating core.465
- 1121496047 2005.07.15 R15-M0-NF-C:J11-U01 2005-07-15-23.40.47.857118 R15-M0-NF-C:J11-U01 RAS KERNEL INFO generating core.50505
- 1121496542 2005.07.15 R02-M1-NA-C:J05-U11 2005-07-15-23.49.02.062268 R02-M1-NA-C:J05-U11 RAS KERNEL INFO generating core.29543
- 1121597978 2005.07.17 R33-M1-N9-C:J10-U01 2005-07-17-03.59.38.285272 R33-M1-N9-C:J10-U01 RAS KERNEL INFO generating core.24337
- 1121598257 2005.07.17 R31-M1-N3-C:J05-U01 2005-07-17-04.04.17.544035 R31-M1-N3-C:J05-U01 RAS KERNEL INFO generating core.20691
- 1121598788 2005.07.17 R12-M0-NF-C:J16-U01 2005-07-17-04.13.08.062527 R12-M0-NF-C:J16-U01 RAS KERNEL INFO generating core.58120
- 1121599303 2005.07.17 R06-M0-N9-C:J06-U01 2005-07-17-04.21.43.559173 R06-M0-N9-C:J06-U01 RAS KERNEL INFO generating core.7682
- 1121706993 2005.07.18 R37-M1-NE-C:J02-U11 2005-07-18-10.16.33.614707 R37-M1-NE-C:J02-U11 RAS KERNEL INFO generating core.25367
- 1121707390 2005.07.18 R27-M0-N0-C:J12-U11 2005-07-18-10.23.10.943573 R27-M0-N0-C:J12-U11 RAS KERNEL INFO generating core.27997
- 1121900596 2005.07.20 R24-M0-NB-C:J06-U11 2005-07-20-16.03.16.028154 R24-M0-NB-C:J06-U11 RAS KERNEL INFO 8 floating point alignment exceptions
- 1121901110 2005.07.20 R15-M0-N2-C:J04-U11 2005-07-20-16.11.50.364727 R15-M0-N2-C:J04-U11 RAS KERNEL INFO 8 floating point alignment exceptions
- 1121901515 2005.07.20 R14-M0-N8-C:J13-U11 2005-07-20-16.18.35.920838 R14-M0-N8-C:J13-U11 RAS KERNEL INFO 8 floating point alignment exceptions
- 1121902859 2005.07.20 R10-M1-N0-C:J09-U11 2005-07-20-16.40.59.622276 R10-M1-N0-C:J09-U11 RAS KERNEL INFO 8 floating point alignment exceptions
- 1121903795 2005.07.20 R06-M0-N7-C:J10-U11 2005-07-20-16.56.35.232612 R06-M0-N7-C:J10-U11 RAS KERNEL INFO 8 floating point alignment exceptions
- 1121906028 2005.07.20 R36-M0-NE-C:J17-U01 2005-07-20-17.33.48.094973 R36-M0-NE-C:J17-U01 RAS KERNEL INFO 8 floating point alignment exceptions
- 1122132870 2005.07.23 R16-M1-N5-C:J15-U01 2005-07-23-08.34.30.223226 R16-M1-N5-C:J15-U01 RAS KERNEL INFO generating core.9136
- 1122139727 2005.07.23 R04-M0-N4-C:J12-U01 2005-07-23-10.28.47.226151 R04-M0-N4-C:J12-U01 RAS KERNEL INFO 15 floating point alignment exceptions
- 1122143251 2005.07.23 R10-M0-N4-C:J05-U11 2005-07-23-11.27.31.167078 R10-M0-N4-C:J05-U11 RAS KERNEL INFO generating core.14911
- 1122144024 2005.07.23 R24-M1-N2-C:J02-U01 2005-07-23-11.40.24.966850 R24-M1-N2-C:J02-U01 RAS KERNEL INFO generating core.2767
- 1122162200 2005.07.23 R33-M1-N1-C:J09-U01 2005-07-23-16.43.20.845234 R33-M1-N1-C:J09-U01 RAS KERNEL INFO 5 floating point alignment exceptions
- 1122165031 2005.07.23 R14-M1-N4-C:J04-U01 2005-07-23-17.30.31.565397 R14-M1-N4-C:J04-U01 RAS KERNEL INFO 15 floating point alignment exceptions
- 1122165425 2005.07.23 R14-M1-N3-C:J15-U01 2005-07-23-17.37.05.399108 R14-M1-N3-C:J15-U01 RAS KERNEL INFO 5 floating point alignment exceptions
- 1122165629 2005.07.23 R14-M1-N0-C:J06-U01 2005-07-23-17.40.29.371632 R14-M1-N0-C:J06-U01 RAS KERNEL INFO 5 floating point alignment exceptions
- 1122165915 2005.07.23 R17-M0-N1-C:J06-U11 2005-07-23-17.45.15.142194 R17-M0-N1-C:J06-U11 RAS KERNEL INFO generating core.14250
- 1122166602 2005.07.23 R16-M1-NE-C:J10-U11 2005-07-23-17.56.42.172094 R16-M1-NE-C:J10-U11 RAS KERNEL INFO 5 floating point alignment exceptions
- 1122168559 2005.07.23 R13-M0-N2-C:J02-U01 2005-07-23-18.29.19.795230 R13-M0-N2-C:J02-U01 RAS KERNEL INFO 1005 floating point alignment exceptions
- 1122255994 2005.07.24 R31-M0-NB-C:J17-U11 2005-07-24-18.46.34.093592 R31-M0-NB-C:J17-U11 RAS KERNEL INFO generating core.45168
- 1122256860 2005.07.24 R12-M1-N2-C:J04-U11 2005-07-24-19.01.00.580526 R12-M1-N2-C:J04-U11 RAS KERNEL INFO generating core.37807
- 1122403352 2005.07.26 R06-M0-N5-C:J15-U11 2005-07-26-11.42.32.680498 R06-M0-N5-C:J15-U11 RAS KERNEL INFO generating core.248
- 1122430589 2005.07.26 R27-M1-NA-C:J02-U11 2005-07-26-19.16.29.748932 R27-M1-NA-C:J02-U11 RAS KERNEL INFO generating core.46655
- 1122431105 2005.07.26 R13-M1-NE-C:J10-U01 2005-07-26-19.25.05.763740 R13-M1-NE-C:J10-U01 RAS KERNEL INFO generating core.9997
- 1122431396 2005.07.26 R07-M0-N6-C:J07-U11 2005-07-26-19.29.56.539285 R07-M0-N6-C:J07-U11 RAS KERNEL INFO generating core.9958
- 1122492300 2005.07.27 R36-M0-N7-C:J13-U11 2005-07-27-12.25.00.990788 R36-M0-N7-C:J13-U11 RAS KERNEL INFO generating core.2105
- 1123025954 2005.08.02 R23-M0-N7 2005-08-02-16.39.14.159918 R23-M0-N7 NULL HARDWARE SEVERE NodeCard is not fully functional
- 1123110668 2005.08.03 NULL 2005-08-03-16.11.08.572137 NULL RAS MMCS ERROR idoproxydb hit ASSERT condition: ASSERT expression=0 Source file=idotransportmgr.cpp Source line=1043 Function=int IdoTransportMgr::SendPacket(IdoUdpMgr*, BglCtlPavTrace*)
- 1123110898 2005.08.03 NULL 2005-08-03-16.14.58.668464 NULL RAS MMCS ERROR idoproxydb hit ASSERT condition: ASSERT expression=0 Source file=idotransportmgr.cpp Source line=1043 Function=int IdoTransportMgr::SendPacket(IdoUdpMgr*, BglCtlPavTrace*)
- 1123240786 2005.08.05 R23-M1-N1-C:J13-U11 2005-08-05-04.19.46.879304 R23-M1-N1-C:J13-U11 RAS KERNEL INFO CE sym 27, at 0x11b3f3c0, mask 0x10
- 1123609997 2005.08.09 R74-M0-N1 2005-08-09-10.53.17.485009 R74-M0-N1 NULL DISCOVERY WARNING Node card is not fully functional
- 1123759596 2005.08.11 R35-M0-N6-C:J13-U01 2005-08-11-04.26.36.236761 R35-M0-N6-C:J13-U01 RAS KERNEL INFO CE sym 28, at 0x0fe65820, mask 0x04
- 1123914638 2005.08.12 R24-M0-N0-I:J18-U01 2005-08-12-23.30.38.435583 R24-M0-N0-I:J18-U01 RAS APP FATAL ciod: Error loading /bgl/apps/scaletest/performance/MINIBEN/mb_243_0810/allreduce.rts: invalid or missing program image, Exec format error
- 1123915673 2005.08.12 R66-M1-N4-I:J18-U01 2005-08-12-23.47.53.914235 R66-M1-N4-I:J18-U01 RAS APP FATAL ciod: Error loading /bgl/apps/scaletest/performance/MINIBEN/mb_243_0810/allreduce.rts: invalid or missing program image, Exec format error
- 1124131896 2005.08.15 R40-M1-N0-I:J18-U11 2005-08-15-11.51.36.375271 R40-M1-N0-I:J18-U11 RAS KERNEL INFO ciod: Missing or invalid fields on line 1 of node map file /home/auselton/bgl/mapfiles/bgl.128mps.f64.map
- 1124394227 2005.08.18 R71-M1-N8-I:J18-U01 2005-08-18-12.43.47.536288 R71-M1-N8-I:J18-U01 RAS KERNEL INFO ciod: generated 64 core files for program /bgl/apps/swl-prep/ibm-swl/functional/sppm_chkpt/run/sppm
- 1124722015 2005.08.22 R24-M1-N4-I:J18-U11 2005-08-22-07.46.55.044922 R24-M1-N4-I:J18-U11 RAS APP FATAL ciod: LOGIN chdir(/home/germann2/SPaSM_static) failed: No such file or directory
- 1124798068 2005.08.23 R50-M1-N0-I:J18-U11 2005-08-23-04.54.28.532357 R50-M1-N0-I:J18-U11 RAS APP FATAL ciod: LOGIN chdir(/home/germann2/BGL-demo) failed: No such file or directory
- 1125082191 2005.08.26 R62-M1-NF-C:J09-U11 2005-08-26-11.49.51.360139 R62-M1-NF-C:J09-U11 RAS KERNEL INFO iar 003a9108 dear 00c07348
- 1125083309 2005.08.26 R65-M1-N9-C:J16-U11 2005-08-26-12.08.29.680955 R65-M1-N9-C:J16-U11 RAS KERNEL INFO iar 003a9260 dear 00efcbc8
- 1125083731 2005.08.26 R61-M0-N3-C:J11-U11 2005-08-26-12.15.31.374008 R61-M0-N3-C:J11-U11 RAS KERNEL INFO iar 003a9254 dear 00f07a88
- 1125084127 2005.08.26 R66-M1-ND-C:J15-U01 2005-08-26-12.22.07.689504 R66-M1-ND-C:J15-U01 RAS KERNEL INFO iar 003a929c dear 01291228
- 1125084379 2005.08.26 R66-M0-N0-C:J16-U01 2005-08-26-12.26.19.940191 R66-M0-N0-C:J16-U01 RAS KERNEL INFO iar 003a9258 dear 0136bd38
- 1125084490 2005.08.26 R66-M0-N9-C:J10-U01 2005-08-26-12.28.10.329248 R66-M0-N9-C:J10-U01 RAS KERNEL INFO iar 003a929c dear 0136b2d8
- 1125114716 2005.08.26 R74-M1-N0-C:J12-U01 2005-08-26-20.51.56.845739 R74-M1-N0-C:J12-U01 RAS KERNEL INFO 1 ddr errors(s) detected and corrected on rank 0, symbol 28, bit 3
- 1125220268 2005.08.28 R75-M1-N8-C:J13-U11 2005-08-28-02.11.08.660202 R75-M1-N8-C:J13-U11 RAS KERNEL INFO 155918940 double-hummer alignment exceptions
- 1125221625 2005.08.28 R44-M0-NE-C:J10-U01 2005-08-28-02.33.45.151094 R44-M0-NE-C:J10-U01 RAS KERNEL INFO 35050330 double-hummer alignment exceptions
- 1125222384 2005.08.28 R50-M1-N1-C:J05-U11 2005-08-28-02.46.24.315745 R50-M1-N1-C:J05-U11 RAS KERNEL INFO 38029258 double-hummer alignment exceptions
- 1125223213 2005.08.28 R54-M1-ND-C:J08-U11 2005-08-28-03.00.13.685722 R54-M1-ND-C:J08-U11 RAS KERNEL INFO iar 0014a150 dear 0098e178
- 1125224157 2005.08.28 R52-M0-N6-C:J10-U11 2005-08-28-03.15.57.488722 R52-M0-N6-C:J10-U11 RAS KERNEL INFO iar 0014a150 dear 009a50f8
- 1125224452 2005.08.28 R44-M1-NB-C:J14-U11 2005-08-28-03.20.52.331600 R44-M1-NB-C:J14-U11 RAS KERNEL INFO iar 0014a150 dear 009a2998
KERNMNTF 1125552593 2005.08.31 R42-M1-NC-I:J18-U11 2005-08-31-22.29.53.058583 R42-M1-NC-I:J18-U11 RAS KERNEL FATAL Lustre mount FAILED : bglio559 : point /p/gb1
- 1125701454 2005.09.02 R63-M1-N0 2005-09-02-15.50.54.754016 R63-M1-N0 NULL DISCOVERY INFO Node card VPD check: U11 node in processor card slot J18 do not match. VPD ecid 04CC81389C2FFFFF03071B7048DF, found 04D780871F2FFFFF08031BD046E2
- 1126180040 2005.09.08 R75-M0-N8-C:J10-U01 2005-09-08-04.47.20.324073 R75-M0-N8-C:J10-U01 RAS KERNEL INFO CE sym 21, at 0x04d64dc0, mask 0x80
- 1126421175 2005.09.10 R16-M0-NC-I:J18-U01 2005-09-10-23.46.15.250215 R16-M0-NC-I:J18-U01 RAS APP FATAL ciod: Error loading /bgl/apps/swl-prep/rky-swl/MPI-PERF/IMB/perf_tests/IMB-MPI1.5124KB: invalid or missing program image, No such file or directory
APPSEV 1126798111 2005.09.15 R72-M1-N0-I:J18-U01 2005-09-15-08.28.31.789429 R72-M1-N0-I:J18-U01 RAS APP FATAL ciod: Error reading message prefix after LOAD_MESSAGE on CioStream socket to 172.16.96.116:37916: Link has been severed
- 1127154489 2005.09.19 R47-M0-N4-C:J07-U01 2005-09-19-11.28.09.693945 R47-M0-N4-C:J07-U01 RAS KERNEL INFO CE sym 8, at 0x0a2ae600, mask 0x10
- 1127243219 2005.09.20 NULL 2005-09-20-12.06.59.554854 NULL RAS MMCS ERROR idoproxydb hit ASSERT condition: ASSERT expression=0 Source file=idotransportmgr.cpp Source line=1043 Function=int IdoTransportMgr::SendPacket(IdoUdpMgr*, BglCtlPavTrace*)
- 1127243361 2005.09.20 NULL 2005-09-20-12.09.21.408989 NULL RAS MMCS ERROR idoproxydb hit ASSERT condition: ASSERT expression=0 Source file=idotransportmgr.cpp Source line=1043 Function=int IdoTransportMgr::SendPacket(IdoUdpMgr*, BglCtlPavTrace*)
- 1127243510 2005.09.20 NULL 2005-09-20-12.11.50.889778 NULL RAS MMCS ERROR idoproxydb hit ASSERT condition: ASSERT expression=0 Source file=idotransportmgr.cpp Source line=1043 Function=int IdoTransportMgr::SendPacket(IdoUdpMgr*, BglCtlPavTrace*)
- 1127245515 2005.09.20 R26-M0-N7 2005-09-20-12.45.15.754325 R26-M0-N7 NULL DISCOVERY INFO Node card VPD check: U01 node in processor card slot J08 do not match. VPD ecid 075F04E8A27BFFFF07021C3096ED, found 04D78137922FFFFF040E1C3052ED
- 1127264475 2005.09.20 R44-M1-NC-I:J18-U01 2005-09-20-18.01.15.836848 R44-M1-NC-I:J18-U01 RAS APP FATAL ciod: Error loading /home/yates//broadcast.rts: invalid or missing program image, No such file or directory
- 1127265731 2005.09.20 R16-M1-N4-I:J18-U11 2005-09-20-18.22.11.721083 R16-M1-N4-I:J18-U11 RAS APP FATAL ciod: LOGIN chdir(/bgl/apps/SWL/performance/MINIBEN///2005.09.20-18.06.08) failed: No such file or directory
- 1127515927 2005.09.23 R07-M0-ND-C:J16-U01 2005-09-23-15.52.07.594229 R07-M0-ND-C:J16-U01 RAS KERNEL INFO CE sym 27, at 0x166a9f20, mask 0x02
- 1127960557 2005.09.28 R12-M1-N4-I:J18-U01 2005-09-28-19.22.37.311035 R12-M1-N4-I:J18-U01 RAS KERNEL INFO ciod: generated 64 core files for program /home/spelce1/HPCC_IBM/TomAndJeff/bin/tested_copro/tested_copro.rts
- 1128375498 2005.10.03 R23-M0-N8-C:J15-U11 2005-10-03-14.38.18.573730 R23-M0-N8-C:J15-U11 RAS KERNEL INFO CE sym 6, at 0x06ec7a20, mask 0x20
- 1128832666 2005.10.08 R42-M1-ND-C:J07-U11 2005-10-08-21.37.46.422377 R42-M1-ND-C:J07-U11 RAS KERNEL INFO CE sym 20, at 0x0a508740, mask 0x02
- 1129166670 2005.10.12 R73-M1-NC-I:J18-U01 2005-10-12-18.24.30.314474 R73-M1-NC-I:J18-U01 RAS APP FATAL ciod: Error loading /home/spelce1/HPCC_IBM/Urgent/COP/64K/vnm.rts: invalid or missing program image, Permission denied
- 1129273479 2005.10.14 R07-M1-NA-C:J09-U01 2005-10-14-00.04.39.329001 R07-M1-NA-C:J09-U01 RAS KERNEL INFO 4 ddr errors(s) detected and corrected on rank 0, symbol 13, bit 5
- 1129550547 2005.10.17 R02-M0-N4-C:J04-U11 2005-10-17-05.02.27.161242 R02-M0-N4-C:J04-U11 RAS KERNEL INFO data cache search parity error detected. attempting to correct
- 1129724004 2005.10.19 R13-M1-N8-C:J02-U11 2005-10-19-05.13.24.054893 R13-M1-N8-C:J02-U11 RAS KERNEL INFO CE sym 13, at 0x00f254e0, mask 0x20
- 1130251536 2005.10.25 R46-M0-NC-I:J18-U11 2005-10-25-07.45.36.124897 R46-M0-NC-I:J18-U11 RAS APP FATAL ciod: Error loading allreduce_int_V1R1.rts: invalid or missing program image, No such file or directory
- 1130688037 2005.10.30 R26-M0-N4-I:J18-U11 2005-10-30-08.00.37.655705 R26-M0-N4-I:J18-U11 RAS APP FATAL ciod: Error loading /home/spelce1/HPCC_IBM/Urgent/COP/64K/hpcc-1.0.0.102905_opt_essl_cpm: invalid or missing program image, Permission denied
- 1131036466 2005.11.03 R15-M0-NC-I:J18-U11 2005-11-03-08.47.46.669663 R15-M0-NC-I:J18-U11 RAS APP FATAL ciod: Error loading /home.old/glosli/src/ddcMD/ddcMD1.1.18a/bin/ddcMDGbglV: invalid or missing program image, No such file or directory
- 1131057950 2005.11.03 R64-M0-N6-C:J17-U11 2005-11-03-14.45.50.094903 R64-M0-N6-C:J17-U11 RAS KERNEL INFO iar 00106210 dear 0244c20c
- 1131058170 2005.11.03 R64-M1-N9-C:J15-U11 2005-11-03-14.49.30.411659 R64-M1-N9-C:J15-U11 RAS KERNEL INFO iar 001061dc dear 0244c22c
- 1131058399 2005.11.03 R64-M1-N7-C:J16-U11 2005-11-03-14.53.19.794119 R64-M1-N7-C:J16-U11 RAS KERNEL INFO iar 00105ea0 dear 0244c28c
- 1131059244 2005.11.03 R67-M0-NC-C:J16-U01 2005-11-03-15.07.24.046955 R67-M0-NC-C:J16-U01 RAS KERNEL INFO iar 00106210 dear 0244c20c
- 1131059594 2005.11.03 R66-M0-N4-C:J02-U01 2005-11-03-15.13.14.342761 R66-M0-N4-C:J02-U01 RAS KERNEL INFO iar 001061dc dear 0244c28c
- 1131059757 2005.11.03 R67-M1-N0-C:J09-U11 2005-11-03-15.15.57.061077 R67-M1-N0-C:J09-U11 RAS KERNEL INFO iar 00106228 dear 0244c27c
- 1131060268 2005.11.03 R67-M0-N1-C:J11-U01 2005-11-03-15.24.28.446530 R67-M0-N1-C:J11-U01 RAS KERNEL INFO iar 00106580 dear 02494bcc
- 1131060539 2005.11.03 R67-M0-N0-C:J08-U11 2005-11-03-15.28.59.009148 R67-M0-N0-C:J08-U11 RAS KERNEL INFO iar 00106580 dear 02494bfc
- 1131061592 2005.11.03 R65-M1-N4-C:J10-U01 2005-11-03-15.46.32.715061 R65-M1-N4-C:J10-U01 RAS KERNEL INFO iar 00106580 dear 045e141c
- 1131063531 2005.11.03 R56-M0-N7-C:J02-U01 2005-11-03-16.18.51.107407 R56-M0-N7-C:J02-U01 RAS KERNEL INFO 2354412 floating point alignment exceptions
- 1131064150 2005.11.03 R02-M1-NE-C:J02-U11 2005-11-03-16.29.10.392116 R02-M1-NE-C:J02-U11 RAS KERNEL INFO 2354412 floating point alignment exceptions
- 1131066789 2005.11.03 R24-M1-ND-C:J12-U11 2005-11-03-17.13.09.263119 R24-M1-ND-C:J12-U11 RAS KERNEL INFO 62500 floating point alignment exceptions
- 1131125543 2005.11.04 R62-M0-N4-C:J12-U11 2005-11-04-09.32.23.060745 R62-M0-N4-C:J12-U11 RAS KERNEL INFO iar 00106834 dear 0245ccfc
- 1131126178 2005.11.04 R62-M0-ND-C:J09-U01 2005-11-04-09.42.58.025371 R62-M0-ND-C:J09-U01 RAS KERNEL INFO iar 0010681c dear 02f692fc
- 1131126738 2005.11.04 R62-M0-N2-C:J07-U01 2005-11-04-09.52.18.968277 R62-M0-N2-C:J07-U01 RAS KERNEL INFO iar 0010686c dear 02f6930c
- 1131127308 2005.11.04 R62-M0-NB-C:J12-U01 2005-11-04-10.01.48.158698 R62-M0-NB-C:J12-U01 RAS KERNEL INFO iar 001063a0 dear 02f67e4c
- 1131127588 2005.11.04 R62-M0-N4-C:J16-U11 2005-11-04-10.06.28.496633 R62-M0-N4-C:J16-U11 RAS KERNEL INFO iar 00106168 dear 0245b64c
- 1131128083 2005.11.04 R62-M0-N4-C:J14-U01 2005-11-04-10.14.43.761466 R62-M0-N4-C:J14-U01 RAS KERNEL INFO iar 00105fd4 dear 0245a09c
- 1131130593 2005.11.04 R62-M0-N0-C:J15-U01 2005-11-04-10.56.33.280199 R62-M0-N0-C:J15-U01 RAS KERNEL INFO iar 00106cf8 dear 0246f9fc
- 1131141902 2005.11.04 R62-M0-N1-C:J04-U01 2005-11-04-14.05.02.591917 R62-M0-N1-C:J04-U01 RAS KERNEL INFO iar 001007b8 dear 065b4c7c
- 1131142817 2005.11.04 R62-M0-N5-C:J16-U11 2005-11-04-14.20.17.262659 R62-M0-N5-C:J16-U11 RAS KERNEL INFO iar 001066c4 dear 0252529c
- 1131148446 2005.11.04 R63-M0-N4-C:J02-U01 2005-11-04-15.54.06.214936 R63-M0-N4-C:J02-U01 RAS KERNEL INFO 441348 floating point alignment exceptions
- 1131218683 2005.11.05 R11-M1-N4-C:J03-U01 2005-11-05-11.24.43.382408 R11-M1-N4-C:J03-U01 RAS KERNEL INFO 2 ddr errors(s) detected and corrected on rank 0, symbol 18, bit 6
- 1131470027 2005.11.08 R27-M0-N0-I:J18-U11 2005-11-08-09.13.47.353261 R27-M0-N0-I:J18-U11 RAS KERNEL INFO ciod: generated 128 core files for program /g/g24/germann2/BGL-demo/SPaSM_mpi
- 1131473805 2005.11.08 R62-M0-NE-C:J09-U01 2005-11-08-10.16.45.386821 R62-M0-NE-C:J09-U01 RAS KERNEL INFO iar 00105e84 dear 024701dc
- 1131477542 2005.11.08 R62-M0-ND-C:J03-U11 2005-11-08-11.19.02.975234 R62-M0-ND-C:J03-U11 RAS KERNEL INFO iar 001061b4 dear 024701ac
- 1131525612 2005.11.09 R62-M0-N4-C:J13-U01 2005-11-09-00.40.12.350846 R62-M0-N4-C:J13-U01 RAS KERNEL FATAL program interrupt: privileged instruction...0
- 1131582346 2005.11.09 R63-M0-N0-C:J03-U11 2005-11-09-16.25.46.239765 R63-M0-N0-C:J03-U11 RAS KERNEL INFO iar 00106448 dear 0246dbec
- 1131601592 2005.11.09 R45-M1-NA-C:J10-U01 2005-11-09-21.46.32.491859 R45-M1-NA-C:J10-U01 RAS KERNEL INFO CE sym 9, at 0x12870760, mask 0x40
- 1131692621 2005.11.10 R63-M0-NF-C:J06-U01 2005-11-10-23.03.41.120402 R63-M0-NF-C:J06-U01 RAS KERNEL INFO iar 00106274 dear 0246da8c
KERNTERM 1132021523 2005.11.14 R46-M1-NE-C:J14-U11 2005-11-14-18.25.23.269634 R46-M1-NE-C:J14-U11 RAS KERNEL FATAL rts: kernel terminated for reason 1004
- 1132076597 2005.11.15 R23-M0-N7 2005-11-15-09.43.17.181620 R23-M0-N7 NULL DISCOVERY INFO Node card VPD check: U11 node in processor card slot J04 do not match. VPD ecid 04D58088CB2FFFFF08031C104CE9, found 04CA80D8012FFFFF08061A8094CB
- 1132320935 2005.11.18 R02-M1-NC-I:J18-U01 2005-11-18-05.35.35.752458 R02-M1-NC-I:J18-U01 RAS KERNEL INFO ciod: Received signal 15, code=0, errno=0, address=0x000001b0
- 1132579592 2005.11.21 R10-M1-N0-I:J18-U11 2005-11-21-05.26.32.169664 R10-M1-N0-I:J18-U11 RAS KERNEL INFO ciod: Received signal 15, code=0, errno=0, address=0x000001b0
- 1132586451 2005.11.21 R26-M0-N0-I:J18-U11 2005-11-21-07.20.51.661738 R26-M0-N0-I:J18-U11 RAS KERNEL INFO MACHINE CHECK DCR read timeout (mc=e08x iar 0x00000000 lr 0xc00045a4)
APPRES 1132609342 2005.11.21 R65-M1-NC-I:J18-U11 2005-11-21-13.42.22.905034 R65-M1-NC-I:J18-U11 RAS APP FATAL ciod: Error reading message prefix on CioStream socket to 172.16.96.116:53387, Connection reset by peer
APPSEV 1132912103 2005.11.25 R45-M1-N0-I:J18-U01 2005-11-25-01.48.23.054823 R45-M1-N0-I:J18-U01 RAS APP FATAL ciod: Error reading message prefix on CioStream socket to 172.16.96.116:54780, Link has been severed
- 1133052171 2005.11.26 R14-M1-NC-I:J18-U01 2005-11-26-16.42.51.171566 R14-M1-NC-I:J18-U01 RAS KERNEL INFO ciod: Received signal 15, code=0, errno=0, address=0x000001f2
- 1133367847 2005.11.30 R74-M1-NB-C:J02-U11 2005-11-30-08.24.07.024349 R74-M1-NB-C:J02-U11 RAS KERNEL INFO CE sym 1, at 0x01d7eaa0, mask 0x02
- 1133447738 2005.12.01 R10-M0-N7-C:J08-U11 2005-12-01-06.35.38.328553 R10-M0-N7-C:J08-U11 RAS KERNEL INFO 10740 total interrupts. 0 critical input interrupts. 0 microseconds total spent on critical input interrupts, 0 microseconds max time in a critical input interrupt.
- 1133447941 2005.12.01 R13-M0-NA-C:J08-U01 2005-12-01-06.39.01.729708 R13-M0-NA-C:J08-U01 RAS KERNEL INFO 10650 total interrupts. 0 critical input interrupts. 0 microseconds total spent on critical input interrupts, 0 microseconds max time in a critical input interrupt.
- 1133448080 2005.12.01 R56-M0-N1-C:J05-U11 2005-12-01-06.41.20.180521 R56-M0-N1-C:J05-U11 RAS KERNEL INFO 10730 total interrupts. 0 critical input interrupts. 0 microseconds total spent on critical input interrupts, 0 microseconds max time in a critical input interrupt.
- 1133448168 2005.12.01 R32-M1-NC-C:J16-U11 2005-12-01-06.42.48.626892 R32-M1-NC-C:J16-U11 RAS KERNEL INFO 10676 total interrupts. 0 critical input interrupts. 0 microseconds total spent on critical input interrupts, 0 microseconds max time in a critical input interrupt.
- 1133448310 2005.12.01 R76-M1-NC-C:J16-U01 2005-12-01-06.45.10.211281 R76-M1-NC-C:J16-U01 RAS KERNEL INFO 10644 total interrupts. 0 critical input interrupts. 0 microseconds total spent on critical input interrupts, 0 microseconds max time in a critical input interrupt.
- 1133448468 2005.12.01 R77-M0-N5-C:J04-U11 2005-12-01-06.47.48.847938 R77-M0-N5-C:J04-U11 RAS KERNEL INFO 10710 total interrupts. 0 critical input interrupts. 0 microseconds total spent on critical input interrupts, 0 microseconds max time in a critical input interrupt.
- 1133448628 2005.12.01 R42-M0-NA-C:J09-U11 2005-12-01-06.50.28.913616 R42-M0-NA-C:J09-U11 RAS KERNEL INFO 0 microseconds spent in the rbs signal handler during 0 calls. 0 microseconds was the maximum time for a single instance of a correctable ddr.
- 1133448762 2005.12.01 R25-M0-N4-C:J13-U01 2005-12-01-06.52.42.454848 R25-M0-N4-C:J13-U01 RAS KERNEL INFO 0 microseconds spent in the rbs signal handler during 0 calls. 0 microseconds was the maximum time for a single instance of a correctable ddr.
- 1133454588 2005.12.01 R06-M0-N2-C:J09-U01 2005-12-01-08.29.48.814199 R06-M0-N2-C:J09-U01 RAS KERNEL INFO 10714 total interrupts. 0 critical input interrupts. 0 microseconds total spent on critical input interrupts, 0 microseconds max time in a critical input interrupt.
- 1133454634 2005.12.01 R01-M0-NC-C:J12-U01 2005-12-01-08.30.34.342940 R01-M0-NC-C:J12-U01 RAS KERNEL INFO 10644 total interrupts. 0 critical input interrupts. 0 microseconds total spent on critical input interrupts, 0 microseconds max time in a critical input interrupt.
- 1133454748 2005.12.01 R36-M1-NA-C:J05-U11 2005-12-01-08.32.28.589350 R36-M1-NA-C:J05-U11 RAS KERNEL INFO 10744 total interrupts. 0 critical input interrupts. 0 microseconds total spent on critical input interrupts, 0 microseconds max time in a critical input interrupt.
- 1133454968 2005.12.01 R55-M1-NE-C:J16-U01 2005-12-01-08.36.08.709539 R55-M1-NE-C:J16-U01 RAS KERNEL INFO 0 microseconds spent in the rbs signal handler during 0 calls. 0 microseconds was the maximum time for a single instance of a correctable ddr.
- 1133455110 2005.12.01 R71-M1-N3-C:J08-U01 2005-12-01-08.38.30.513495 R71-M1-N3-C:J08-U01 RAS KERNEL INFO 0 microseconds spent in the rbs signal handler during 0 calls. 0 microseconds was the maximum time for a single instance of a correctable ddr.
- 1133455262 2005.12.01 R61-M0-N7-C:J14-U11 2005-12-01-08.41.02.009575 R61-M0-N7-C:J14-U11 RAS KERNEL INFO 10708 total interrupts. 0 critical input interrupts. 0 microseconds total spent on critical input interrupts, 0 microseconds max time in a critical input interrupt.
- 1133455322 2005.12.01 R66-M0-NC-C:J04-U11 2005-12-01-08.42.02.759879 R66-M0-NC-C:J04-U11 RAS KERNEL INFO 10684 total interrupts. 0 critical input interrupts. 0 microseconds total spent on critical input interrupts, 0 microseconds max time in a critical input interrupt.
- 1133455511 2005.12.01 R25-M1-ND-C:J08-U01 2005-12-01-08.45.11.599274 R25-M1-ND-C:J08-U01 RAS KERNEL INFO 0 microseconds spent in the rbs signal handler during 0 calls. 0 microseconds was the maximum time for a single instance of a correctable ddr.
- 1133455643 2005.12.01 R22-M0-N5-C:J06-U11 2005-12-01-08.47.23.541583 R22-M0-N5-C:J06-U11 RAS KERNEL INFO 0 microseconds spent in the rbs signal handler during 0 calls. 0 microseconds was the maximum time for a single instance of a correctable ddr.
- 1133474785 2005.12.01 R47-M1-N4-C:J17-U11 2005-12-01-14.06.25.612025 R47-M1-N4-C:J17-U11 RAS KERNEL INFO CE sym 27, at 0x00284720, mask 0x11
- 1133691676 2005.12.04 R65-M1-NA-C:J14-U01 2005-12-04-02.21.16.848710 R65-M1-NA-C:J14-U01 RAS KERNEL INFO CE sym 27, at 0x1b70b860, mask 0x80
- 1133715641 2005.12.04 R23-M0-NC-C:J05-U01 2005-12-04-09.00.41.990496 R23-M0-NC-C:J05-U01 RAS KERNEL INFO CE sym 29, at 0x0ea9fd60, mask 0x40
- 1133919747 2005.12.06 R03-M0-N7-C:J07-U01 2005-12-06-17.42.27.383145 R03-M0-N7-C:J07-U01 RAS KERNEL FATAL size of scratchpad portion of L3.........0 (0M)
- 1133928447 2005.12.06 R37-M1-N1-C:J02-U01 2005-12-06-20.07.27.653573 R37-M1-N1-C:J02-U01 RAS KERNEL INFO Kernel detected 3945740 integer alignment exceptions (3945733) iar 0x00544ea8, dear 0x01ef7960 (3945734) iar 0x00544eb8, dear 0x01ef7980 (3945735) iar 0x00544ea8, dear 0x01ef79a0 (3945736) iar 0x00544eb8, dear 0x01ef79c0 (3945737) iar 0x00544ee0, dear 0x01ef79e0 (3945738) iar 0x00544ef0, dear 0x01ef7a00 (3945739) iar 0x00544ee0, dear 0x01ef7a20 (3945740) iar 0x00544ef0, dear 0x01ef7a40
- 1134159495 2005.12.09 R27-M0-N4-I:J18-U11 2005-12-09-12.18.15.322330 R27-M0-N4-I:J18-U11 RAS APP FATAL ciod: Error loading /bgl/apps/SWL/stability/MDCASK/WORK/1383/inferno: invalid or missing program image, Permission denied
- 1134259774 2005.12.10 R15-M1-NE-C:J06-U01 2005-12-10-16.09.34.106950 R15-M1-NE-C:J06-U01 RAS KERNEL INFO 28 ddr error(s) detected and corrected on rank 0, symbol 21 over 11562 seconds
- 1134623156 2005.12.14 R61-M0-N8-C:J17-U11 2005-12-14-21.05.56.145306 R61-M0-N8-C:J17-U11 RAS KERNEL INFO 2 ddr error(s) detected and corrected on rank 0, symbol 34 over 2738 seconds
- 1134954903 2005.12.18 R13-M1-N1-C:J03-U01 2005-12-18-17.15.03.147145 R13-M1-N1-C:J03-U01 RAS KERNEL INFO total of 3 ddr error(s) detected and corrected over 8732 seconds
- 1135651811 2005.12.26 R37-M1-NC-C:J02-U11 2005-12-26-18.50.11.312622 R37-M1-NC-C:J02-U11 RAS KERNEL INFO instruction cache parity error corrected
- 1136301189 2006.01.03 R07-M0-N0-I:J18-U11 2006-01-03-07.13.09.127918 R07-M0-N0-I:J18-U11 RAS KERNEL INFO ciod: generated 128 core files for program /g/g24/germann2/SPaSM_mini/MEAM/r13