- 1117838978 2005.06.03 R02-M1-N0-C:J12-U11 2005-06-03-15.49.38.026704 R02-M1-N0-C:J12-U11 RAS KERNEL INFO instruction cache parity error corrected
- 1117942120 2005.06.04 R30-M0-N7-C:J08-U01 2005-06-04-20.28.40.767551 R30-M0-N7-C:J08-U01 RAS KERNEL INFO CE sym 20, at 0x1438f9e0, mask 0x40
- 1117959563 2005.06.05 R24-M0-N8-C:J04-U11 2005-06-05-01.19.23.822135 R24-M0-N8-C:J04-U11 RAS KERNEL INFO generating core.3919
- 1117976658 2005.06.05 R36-M1-N8-C:J17-U01 2005-06-05-06.04.18.406158 R36-M1-N8-C:J17-U01 RAS KERNEL INFO generating core.7828
- 1117984246 2005.06.05 R30-M1-N3-C:J02-U01 2005-06-05-08.10.46.344235 R30-M1-N3-C:J02-U01 RAS KERNEL FATAL force load/store alignment...............0
- 1117988266 2005.06.05 R34-M1-NA-C:J07-U11 2005-06-05-09.17.46.225683 R34-M1-NA-C:J07-U11 RAS KERNEL INFO generating core.7518
- 1117989577 2005.06.05 R30-M0-ND-C:J07-U01 2005-06-05-09.39.37.590924 R30-M0-ND-C:J07-U01 RAS KERNEL INFO generating core.786
- 1117991006 2005.06.05 R32-M0-N9-C:J17-U01 2005-06-05-10.03.26.884113 R32-M0-N9-C:J17-U01 RAS KERNEL INFO generating core.1744
- 1118079403 2005.06.06 R02-M1-N0-C:J12-U11 2005-06-06-10.36.43.705821 R02-M1-N0-C:J12-U11 RAS KERNEL INFO instruction cache parity error corrected
- 1118112603 2005.06.06 R22-M0-N0-C:J08-U11 2005-06-06-19.50.03.669394 R22-M0-N0-C:J08-U11 RAS KERNEL INFO generating core.430
- 1118149570 2005.06.07 R24-M0-NA-C:J15-U11 2005-06-07-06.06.10.391269 R24-M0-NA-C:J15-U11 RAS KERNEL INFO generating core.3804
- 1118172147 2005.06.07 R35-M0-NC-C:J03-U11 2005-06-07-12.22.27.613809 R35-M0-NC-C:J03-U11 RAS KERNEL INFO generating core.2911
- 1118251556 2005.06.08 R16-M1-N2-C:J12-U01 2005-06-08-10.25.56.322381 R16-M1-N2-C:J12-U01 RAS KERNEL INFO CE sym 28, at 0x110067e0, mask 0x02
- 1118343776 2005.06.09 R16-M1-N1-C:J12-U01 2005-06-09-12.02.56.706796 R16-M1-N1-C:J12-U01 RAS KERNEL INFO generating core.3401
- 1118371043 2005.06.09 R11-M0-N7-C:J16-U11 2005-06-09-19.37.23.866536 R11-M0-N7-C:J16-U11 RAS KERNEL INFO generating core.8280
KERNDTLB 1118537694 2005.06.11 R30-M0-N9-C:J16-U01 2005-06-11-17.54.54.024829 R30-M0-N9-C:J16-U01 RAS KERNEL FATAL data TLB error interrupt
KERNDTLB 1118539891 2005.06.11 R30-M0-N9-C:J16-U01 2005-06-11-18.31.31.276036 R30-M0-N9-C:J16-U01 RAS KERNEL FATAL data TLB error interrupt
KERNDTLB 1118543043 2005.06.11 R30-M0-N9-C:J16-U01 2005-06-11-19.24.03.186547 R30-M0-N9-C:J16-U01 RAS KERNEL FATAL data TLB error interrupt
KERNDTLB 1118544072 2005.06.11 R30-M0-N9-C:J16-U01 2005-06-11-19.41.12.806499 R30-M0-N9-C:J16-U01 RAS KERNEL FATAL data TLB error interrupt
KERNDTLB 1118548457 2005.06.11 R30-M0-N9-C:J16-U01 2005-06-11-20.54.17.510380 R30-M0-N9-C:J16-U01 RAS KERNEL FATAL data TLB error interrupt
KERNDTLB 1118550590 2005.06.11 R30-M0-N9-C:J16-U01 2005-06-11-21.29.50.731558 R30-M0-N9-C:J16-U01 RAS KERNEL FATAL data TLB error interrupt
KERNDTLB 1118552811 2005.06.11 R30-M0-N9-C:J16-U01 2005-06-11-22.06.51.501364 R30-M0-N9-C:J16-U01 RAS KERNEL FATAL data TLB error interrupt
KERNDTLB 1118555213 2005.06.11 R30-M0-N9-C:J16-U01 2005-06-11-22.46.53.485059 R30-M0-N9-C:J16-U01 RAS KERNEL FATAL data TLB error interrupt
- 1118699850 2005.06.13 R22-M0-NC-I:J18-U01 2005-06-13-14.57.30.126106 R22-M0-NC-I:J18-U01 RAS KERNEL INFO ciod: Message code 0 is not 51 or 4294967295
KERNSTOR 1118709717 2005.06.13 R05-M0-N7-C:J10-U11 2005-06-13-17.41.57.658353 R05-M0-N7-C:J10-U11 RAS KERNEL FATAL data storage interrupt
- 1118710341 2005.06.13 R02-M0-N8-C:J08-U11 2005-06-13-17.52.21.811586 R02-M0-N8-C:J08-U11 RAS KERNEL FATAL instruction address: 0x00004ed8
KERNSTOR 1118765205 2005.06.14 R15-M1-NF-C:J11-U11 2005-06-14-09.06.45.752792 R15-M1-NF-C:J11-U11 RAS KERNEL FATAL data storage interrupt
KERNSTOR 1118765631 2005.06.14 R06-M0-N0-C:J11-U11 2005-06-14-09.13.51.996954 R06-M0-N0-C:J11-U11 RAS KERNEL FATAL data storage interrupt
- 1118766119 2005.06.14 R02-M1-NC-C:J08-U11 2005-06-14-09.21.59.021659 R02-M1-NC-C:J08-U11 RAS KERNEL FATAL instruction address: 0x00004ed8
- 1118767283 2005.06.14 R20-M1-N3-C:J14-U01 2005-06-14-09.41.23.815131 R20-M1-N3-C:J14-U01 RAS KERNEL FATAL machine check: i-fetch......................0
KERNSTOR 1118768001 2005.06.14 R07-M1-N2-C:J05-U11 2005-06-14-09.53.21.013029 R07-M1-N2-C:J05-U11 RAS KERNEL FATAL data storage interrupt
- 1118768158 2005.06.14 R25-M0-NF-C:J05-U01 2005-06-14-09.55.58.097920 R25-M0-NF-C:J05-U01 RAS KERNEL FATAL data address: 0x00000002
KERNSTOR 1118769443 2005.06.14 R21-M0-NC-C:J13-U11 2005-06-14-10.17.23.235674 R21-M0-NC-C:J13-U11 RAS KERNEL FATAL data storage interrupt
- 1118769574 2005.06.14 R26-M1-NC-C:J13-U11 2005-06-14-10.19.34.342222 R26-M1-NC-C:J13-U11 RAS KERNEL FATAL exception syndrome register: 0x00800000
- 1118769993 2005.06.14 R20-M0-N4-C:J15-U01 2005-06-14-10.26.33.758477 R20-M0-N4-C:J15-U01 RAS KERNEL FATAL machine check: i-fetch......................0
- 1118770375 2005.06.14 R27-M0-N3-C:J15-U01 2005-06-14-10.32.55.359107 R27-M0-N3-C:J15-U01 RAS KERNEL FATAL program interrupt: imprecise exception......0
- 1118771001 2005.06.14 R25-M0-N8-C:J16-U11 2005-06-14-10.43.21.406138 R25-M0-N8-C:J16-U11 RAS KERNEL FATAL data store interrupt caused by icbi.........0
- 1118771115 2005.06.14 R26-M0-N5-C:J11-U11 2005-06-14-10.45.15.849740 R26-M0-N5-C:J11-U11 RAS KERNEL FATAL floating pt ex mode 0 enable......0
- 1118771475 2005.06.14 R26-M1-NA-C:J06-U01 2005-06-14-10.51.15.744393 R26-M1-NA-C:J06-U01 RAS KERNEL FATAL data address space................0
- 1118771875 2005.06.14 R20-M1-NB-C:J11-U11 2005-06-14-10.57.55.166387 R20-M1-NB-C:J11-U11 RAS KERNEL FATAL program interrupt: fp cr field .............0
- 1118772057 2005.06.14 R24-M0-N2-C:J16-U11 2005-06-14-11.00.57.941787 R24-M0-N2-C:J16-U11 RAS KERNEL FATAL machine state register: 0x00002000
- 1118772585 2005.06.14 R20-M1-N1-C:J10-U01 2005-06-14-11.09.45.838343 R20-M1-N1-C:J10-U01 RAS KERNEL FATAL problem state (0=sup,1=usr).......0
- 1118773049 2005.06.14 R20-M1-NF-C:J14-U11 2005-06-14-11.17.29.948847 R20-M1-NF-C:J14-U11 RAS KERNEL FATAL floating pt ex mode 0 enable......0
- 1118773807 2005.06.14 R20-M1-N5-C:J13-U01 2005-06-14-11.30.07.879884 R20-M1-N5-C:J13-U01 RAS KERNEL FATAL core configuration register: 0x00002000
- 1118774011 2005.06.14 R24-M0-NA-C:J14-U01 2005-06-14-11.33.31.835838 R24-M0-NA-C:J14-U01 RAS KERNEL FATAL disable store gathering..................0
- 1118811100 2005.06.14 R02-M1-N0-C:J12-U11 2005-06-14-21.51.40.083003 R02-M1-N0-C:J12-U11 RAS KERNEL INFO instruction cache parity error corrected
- 1118852240 2005.06.15 R02-M1-N0-C:J12-U11 2005-06-15-09.17.20.509519 R02-M1-N0-C:J12-U11 RAS KERNEL INFO instruction cache parity error corrected
- 1118853076 2005.06.15 R34-M1-N9-C:J07-U11 2005-06-15-09.31.16.623218 R34-M1-N9-C:J07-U11 RAS KERNEL INFO generating core.16218
- 1118915889 2005.06.16 R24-M1-NE-C:J13-U11 2005-06-16-02.58.09.310238 R24-M1-NE-C:J13-U11 RAS KERNEL INFO generating core.93
- 1118964552 2005.06.16 R02-M1-N0-C:J12-U11 2005-06-16-16.29.12.853302 R02-M1-N0-C:J12-U11 RAS KERNEL INFO instruction cache parity error corrected
- 1119290966 2005.06.20 R16-M1-N6-C:J08-U01 2005-06-20-11.09.26.582302 R16-M1-N6-C:J08-U01 RAS KERNEL INFO generating core.334
- 1119291293 2005.06.20 R10-M0-N8-C:J03-U11 2005-06-20-11.14.53.357175 R10-M0-N8-C:J03-U11 RAS KERNEL INFO generating core.15935
- 1119377756 2005.06.21 R21-M1-N6-C:J02-U01 2005-06-21-11.15.56.944563 R21-M1-N6-C:J02-U01 RAS KERNEL INFO generating core.5287
- 1119478812 2005.06.22 R20-M0-N3-C:J14-U01 2005-06-22-15.20.12.174541 R20-M0-N3-C:J14-U01 RAS KERNEL INFO 1969920 double-hummer alignment exceptions
- 1119571369 2005.06.23 R23-M1-ND-C:J02-U01 2005-06-23-17.02.49.991152 R23-M1-ND-C:J02-U01 RAS KERNEL INFO 3091200 double-hummer alignment exceptions
- 1119695690 2005.06.25 R35-M0-NF-C:J11-U11 2005-06-25-03.34.50.645459 R35-M0-NF-C:J11-U11 RAS KERNEL INFO 255244071 double-hummer alignment exceptions
- 1119715309 2005.06.25 R34-M0-N2-C:J12-U01 2005-06-25-09.01.49.568758 R34-M0-N2-C:J12-U01 RAS KERNEL INFO generating core.4501
- 1119715593 2005.06.25 R32-M0-NA-C:J13-U11 2005-06-25-09.06.33.323216 R32-M0-NA-C:J13-U11 RAS KERNEL INFO generating core.37749
- 1119715908 2005.06.25 R00-M1-NA-C:J14-U01 2005-06-25-09.11.48.847599 R00-M1-NA-C:J14-U01 RAS KERNEL INFO generating core.62468
- 1119725160 2005.06.25 R33-M1-N2-C:J10-U01 2005-06-25-11.46.00.991233 R33-M1-N2-C:J10-U01 RAS KERNEL INFO generating core.22421
- 1119725489 2005.06.25 R27-M1-NF-C:J10-U11 2005-06-25-11.51.29.486868 R27-M1-NF-C:J10-U11 RAS KERNEL INFO generating core.42553
- 1119801659 2005.06.26 R02-M1-N0-C:J12-U11 2005-06-26-09.00.59.195050 R02-M1-N0-C:J12-U11 RAS KERNEL INFO instruction cache parity error corrected
- 1119803468 2005.06.26 R36-M1-ND-C:J16-U11 2005-06-26-09.31.08.715435 R36-M1-ND-C:J16-U11 RAS KERNEL INFO data store interrupt caused by dcbf.........0
- 1119803805 2005.06.26 R36-M0-N9-C:J12-U01 2005-06-26-09.36.45.237515 R36-M0-N9-C:J12-U01 RAS KERNEL INFO program interrupt: imprecise exception......0
- 1119807165 2005.06.26 R00-M0-N4-C:J02-U01 2005-06-26-10.32.45.810547 R00-M0-N4-C:J02-U01 RAS KERNEL INFO program interrupt: illegal instruction......1
- 1119989828 2005.06.28 R26-M0-NB-C:J07-U01 2005-06-28-13.17.08.922455 R26-M0-NB-C:J07-U01 RAS KERNEL INFO CE sym 10, at 0x08e70580, mask 0x08
- 1120092072 2005.06.29 R23-M1-NC-C:J05-U11 2005-06-29-17.41.12.397279 R23-M1-NC-C:J05-U11 RAS KERNEL INFO generating core.32693
- 1120145216 2005.06.30 R26-M1-ND-C:J08-U01 2005-06-30-08.26.56.428983 R26-M1-ND-C:J08-U01 RAS KERNEL INFO generating core.2586
- 1120145763 2005.06.30 R06-M0-NE-C:J11-U01 2005-06-30-08.36.03.800737 R06-M0-NE-C:J11-U01 RAS KERNEL INFO generating core.1605
- 1120148315 2005.06.30 R00-M1-NA-C:J13-U11 2005-06-30-09.18.35.440546 R00-M1-NA-C:J13-U11 RAS KERNEL INFO generating core.3613
- 1120150857 2005.06.30 R05-M0-N7-C:J04-U01 2005-06-30-10.00.57.531545 R05-M0-N7-C:J04-U01 RAS KERNEL INFO generating core.1123
- 1120216069 2005.07.01 R21-M1-N8-C:J05-U11 2005-07-01-04.07.49.783918 R21-M1-N8-C:J05-U11 RAS KERNEL INFO generating core.23615
- 1120216290 2005.07.01 R21-M1-NB-C:J07-U01 2005-07-01-04.11.30.534564 R21-M1-NB-C:J07-U01 RAS KERNEL INFO generating core.6698
- 1120217049 2005.07.01 R15-M1-N9-C:J07-U11 2005-07-01-04.24.09.678810 R15-M1-N9-C:J07-U11 RAS KERNEL INFO generating core.12122
- 1120231520 2005.07.01 UNKNOWN_LOCATION 2005-07-01-08.25.20.466953 UNKNOWN_LOCATION NULL DISCOVERY INFO Ido chip status changed: FF:F2:9F:16:E2:23:00:0D:60:E9:1D:DC ip=10.0.0.151 v=9 t=4 status=M Fri Jul 01 08:16:53 PDT 2005
- 1120260065 2005.07.01 R27-M1-N8-C:J17-U01 2005-07-01-16.21.05.938269 R27-M1-N8-C:J17-U01 RAS KERNEL INFO 1146800 double-hummer alignment exceptions
- 1120262310 2005.07.01 R32-M1-ND-C:J11-U11 2005-07-01-16.58.30.209233 R32-M1-ND-C:J11-U11 RAS KERNEL INFO 1146800 double-hummer alignment exceptions
- 1120263355 2005.07.01 R35-M0-N6-C:J17-U11 2005-07-01-17.15.55.227258 R35-M0-N6-C:J17-U11 RAS KERNEL INFO 1146800 double-hummer alignment exceptions
- 1120265616 2005.07.01 R35-M1-N1-C:J09-U01 2005-07-01-17.53.36.360670 R35-M1-N1-C:J09-U01 RAS KERNEL INFO 458720 double-hummer alignment exceptions
- 1120266974 2005.07.01 R32-M0-NF-C:J17-U11 2005-07-01-18.16.14.553770 R32-M0-NF-C:J17-U11 RAS KERNEL INFO 1146800 double-hummer alignment exceptions
- 1120446972 2005.07.03 R36-M0-N6-C:J06-U01 2005-07-03-20.16.12.324256 R36-M0-N6-C:J06-U01 RAS KERNEL INFO generating core.17222
- 1120447387 2005.07.03 R23-M0-N5-C:J10-U01 2005-07-03-20.23.07.488351 R23-M0-N5-C:J10-U01 RAS KERNEL INFO generating core.10185
- 1120449840 2005.07.03 R27-M1-N3-C:J13-U11 2005-07-03-21.04.00.795038 R27-M1-N3-C:J13-U11 RAS KERNEL INFO generating core.22905
- 1120469722 2005.07.04 R23-M1-NA-C:J06-U01 2005-07-04-02.35.22.626530 R23-M1-NA-C:J06-U01 RAS KERNEL INFO generating core.23438
- 1120487464 2005.07.04 R34-M0-N7-C:J09-U01 2005-07-04-07.31.04.927617 R34-M0-N7-C:J09-U01 RAS KERNEL INFO generating core.226
- 1120746917 2005.07.07 R07-M0-N6-C:J03-U01 2005-07-07-07.35.17.360203 R07-M0-N6-C:J03-U01 RAS KERNEL INFO generating core.631
- 1120772792 2005.07.07 R00-M0-N4-C:J05-U11 2005-07-07-14.46.32.754236 R00-M0-N4-C:J05-U11 RAS KERNEL INFO generating core.319
- 1120786826 2005.07.07 R12-M1-NF-C:J13-U01 2005-07-07-18.40.26.584600 R12-M1-NF-C:J13-U01 RAS KERNEL INFO generating core.841
- 1120788590 2005.07.07 R12-M1-NE-C:J02-U01 2005-07-07-19.09.50.668802 R12-M1-NE-C:J02-U01 RAS KERNEL INFO generating core.1807
- 1120923521 2005.07.09 R20-M0-N6-C:J16-U01 2005-07-09-08.38.41.325656 R20-M0-N6-C:J16-U01 RAS KERNEL INFO generating core.12364
- 1120928349 2005.07.09 R25-M0-N0-C:J15-U01 2005-07-09-09.59.09.533825 R25-M0-N0-C:J15-U01 RAS KERNEL INFO generating core.12012
- 1120931305 2005.07.09 R27-M1-N9-C:J09-U11 2005-07-09-10.48.25.280918 R27-M1-N9-C:J09-U11 RAS KERNEL INFO generating core.47738
- 1120932577 2005.07.09 R03-M1-ND-C:J17-U11 2005-07-09-11.09.37.100403 R03-M1-ND-C:J17-U11 RAS KERNEL INFO generating core.19296
- 1120932758 2005.07.09 R37-M0-NE-C:J13-U01 2005-07-09-11.12.38.927629 R37-M0-NE-C:J13-U01 RAS KERNEL INFO generating core.41557
- 1120934108 2005.07.09 R36-M1-NE-C:J08-U01 2005-07-09-11.35.08.564220 R36-M1-NE-C:J08-U01 RAS KERNEL INFO generating core.57878
- 1120934979 2005.07.09 R03-M0-N7-C:J03-U11 2005-07-09-11.49.39.697036 R03-M0-N7-C:J03-U11 RAS KERNEL INFO generating core.10211
- 1120935334 2005.07.09 R21-M1-N0-C:J13-U11 2005-07-09-11.55.34.841282 R21-M1-N0-C:J13-U11 RAS KERNEL INFO generating core.14589
- 1120937467 2005.07.09 R36-M1-NA-C:J06-U01 2005-07-09-12.31.07.283740 R36-M1-NA-C:J06-U01 RAS KERNEL INFO generating core.30230
- 1120938048 2005.07.09 R30-M0-NB-C:J03-U11 2005-07-09-12.40.48.888712 R30-M0-NB-C:J03-U11 RAS KERNEL INFO generating core.5235
- 1120938451 2005.07.09 R16-M1-NA-C:J08-U01 2005-07-09-12.47.31.928637 R16-M1-NA-C:J08-U01 RAS KERNEL INFO generating core.4622
- 1120939508 2005.07.09 R21-M0-N9-C:J17-U01 2005-07-09-13.05.08.134359 R21-M0-N9-C:J17-U01 RAS KERNEL INFO generating core.55384
- 1120939798 2005.07.09 R26-M0-NA-C:J07-U01 2005-07-09-13.09.58.154321 R26-M0-NA-C:J07-U01 RAS KERNEL INFO generating core.63070
- 1120940220 2005.07.09 R27-M0-N1-C:J07-U11 2005-07-09-13.17.00.392088 R27-M0-N1-C:J07-U11 RAS KERNEL INFO generating core.24314
- 1120940548 2005.07.09 R17-M1-ND-C:J14-U01 2005-07-09-13.22.28.887665 R17-M1-ND-C:J14-U01 RAS KERNEL INFO generating core.11784
- 1120953142 2005.07.09 R21-M0-ND-C:J15-U11 2005-07-09-16.52.22.961118 R21-M0-ND-C:J15-U11 RAS KERNEL INFO generating core.9784
- 1120956527 2005.07.09 R37-M1-N7-C:J04-U11 2005-07-09-17.48.47.234245 R37-M1-N7-C:J04-U11 RAS KERNEL INFO generating core.8531
- 1120957410 2005.07.09 R01-M1-NA-C:J12-U11 2005-07-09-18.03.30.488263 R01-M1-NA-C:J12-U11 RAS KERNEL INFO generating core.2573
- 1120967919 2005.07.09 R14-M0-NB-C:J13-U11 2005-07-09-20.58.39.414224 R14-M0-NB-C:J13-U11 RAS KERNEL INFO 1315337824 double-hummer alignment exceptions
- 1120968134 2005.07.09 R26-M1-N3-C:J11-U11 2005-07-09-21.02.14.211419 R26-M1-N3-C:J11-U11 RAS KERNEL INFO generating core.19321
- 1120968609 2005.07.09 R27-M0-N8-C:J17-U01 2005-07-09-21.10.09.468130 R27-M0-N8-C:J17-U01 RAS KERNEL INFO generating core.11564
- 1120969071 2005.07.09 R30-M0-NF-C:J15-U11 2005-07-09-21.17.51.730570 R30-M0-NF-C:J15-U11 RAS KERNEL INFO generating core.560
- 1120969258 2005.07.09 R21-M0-N0-C:J06-U01 2005-07-09-21.20.58.981208 R21-M0-N0-C:J06-U01 RAS KERNEL INFO generating core.28238
- 1120969436 2005.07.09 R27-M0-N2-C:J03-U11 2005-07-09-21.23.56.916963 R27-M0-N2-C:J03-U11 RAS KERNEL INFO generating core.11135
- 1120969709 2005.07.09 R22-M0-N8-C:J15-U01 2005-07-09-21.28.29.361442 R22-M0-N8-C:J15-U01 RAS KERNEL INFO generating core.16300
- 1120972589 2005.07.09 R04-M1-N0-C:J05-U01 2005-07-09-22.16.29.497623 R04-M1-N0-C:J05-U01 RAS KERNEL INFO generating core.3959
- 1121006570 2005.07.10 R26-M1-N9-C:J02-U01 2005-07-10-07.42.50.396450 R26-M1-N9-C:J02-U01 RAS KERNEL INFO generating core.3851
- 1121006882 2005.07.10 R32-M1-N3-C:J10-U11 2005-07-10-07.48.02.079501 R32-M1-N3-C:J10-U11 RAS KERNEL INFO generating core.15313
KERNRTSP 1121115817 2005.07.11 R01-M0-N1-C:J09-U11 2005-07-11-14.03.37.675251 R01-M0-N1-C:J09-U11 RAS KERNEL FATAL rts panic! - stopping execution
- 1121172311 2005.07.12 R25-M0-ND-C:J09-U01 2005-07-12-05.45.11.854624 R25-M0-ND-C:J09-U01 RAS KERNEL INFO generating core.9386
- 1121172988 2005.07.12 R15-M0-N8-C:J02-U11 2005-07-12-05.56.28.419299 R15-M0-N8-C:J02-U11 RAS KERNEL INFO generating core.5967
- 1121252397 2005.07.13 R23-M1-N6-C:J14-U11 2005-07-13-03.59.57.142168 R23-M1-N6-C:J14-U11 RAS KERNEL INFO 116130784 double-hummer alignment exceptions
- 1121252594 2005.07.13 R22-M1-N8-C:J09-U01 2005-07-13-04.03.14.945951 R22-M1-N8-C:J09-U01 RAS KERNEL INFO 113355952 double-hummer alignment exceptions
- 1121256179 2005.07.13 R36-M0-N7-C:J04-U11 2005-07-13-05.02.59.701827 R36-M0-N7-C:J04-U11 RAS KERNEL INFO generating core.691
- 1121256570 2005.07.13 R34-M0-N3-C:J14-U01 2005-07-13-05.09.30.620888 R34-M0-N3-C:J14-U01 RAS KERNEL INFO generating core.5520
- 1121308028 2005.07.13 R23-M0-N5-C:J04-U01 2005-07-13-19.27.08.790721 R23-M0-N5-C:J04-U01 RAS KERNEL INFO generating core.26059
- 1121308306 2005.07.13 R37-M0-NA-C:J04-U11 2005-07-13-19.31.46.716108 R37-M0-NA-C:J04-U11 RAS KERNEL INFO generating core.22807
- 1121309100 2005.07.13 R00-M1-N2-C:J02-U11 2005-07-13-19.45.00.645776 R00-M1-N2-C:J02-U11 RAS KERNEL INFO generating core.7855
- 1121310915 2005.07.13 R27-M0-N5-C:J10-U01 2005-07-13-20.15.15.724512 R27-M0-N5-C:J10-U01 RAS KERNEL INFO generating core.10057
- 1121311157 2005.07.13 R25-M0-NB-C:J03-U11 2005-07-13-20.19.17.435123 R25-M0-NB-C:J03-U11 RAS KERNEL INFO generating core.27323
- 1121311526 2005.07.13 R32-M0-N8-C:J09-U11 2005-07-13-20.25.26.300247 R32-M0-N8-C:J09-U11 RAS KERNEL INFO generating core.3510
- 1121312104 2005.07.13 R33-M0-NF-C:J10-U11 2005-07-13-20.35.04.592115 R33-M0-NF-C:J10-U11 RAS KERNEL INFO generating core.5009
- 1121312337 2005.07.13 R31-M0-NC-C:J03-U01 2005-07-13-20.38.57.050498 R31-M0-NC-C:J03-U01 RAS KERNEL INFO generating core.5671
- 1121313545 2005.07.13 R37-M0-N1-C:J12-U01 2005-07-13-20.59.05.561390 R37-M0-N1-C:J12-U01 RAS KERNEL INFO generating core.23873
- 1121313915 2005.07.13 R33-M0-NA-C:J05-U11 2005-07-13-21.05.15.201453 R33-M0-NA-C:J05-U11 RAS KERNEL INFO generating core.22967
- 1121314001 2005.07.13 R21-M0-N5-C:J13-U11 2005-07-13-21.06.41.876909 R21-M0-N5-C:J13-U11 RAS KERNEL INFO generating core.9337
- 1121442070 2005.07.15 R01-M0-NB-C:J07-U01 2005-07-15-08.41.10.966443 R01-M0-NB-C:J07-U01 RAS KERNEL INFO generating core.1682
- 1121493886 2005.07.15 R20-M1-N2-C:J03-U11 2005-07-15-23.04.46.601583 R20-M1-N2-C:J03-U11 RAS KERNEL INFO generating core.38143
- 1121494263 2005.07.15 R31-M1-NB-C:J05-U11 2005-07-15-23.11.03.449718 R31-M1-NB-C:J05-U11 RAS KERNEL INFO generating core.20595
- 1121495532 2005.07.15 R27-M0-NB-C:J16-U01 2005-07-15-23.32.12.622085 R27-M0-NB-C:J16-U01 RAS KERNEL INFO generating core.21016
- 1121496041 2005.07.15 R17-M1-N6-C:J04-U11 2005-07-15-23.40.41.176362 R17-M1-N6-C:J04-U11 RAS KERNEL INFO generating core.8879
- 1121496460 2005.07.15 R06-M1-N7-C:J06-U11 2005-07-15-23.47.40.002166 R06-M1-N7-C:J06-U11 RAS KERNEL INFO generating core.59042
- 1121597962 2005.07.17 R33-M1-ND-C:J10-U01 2005-07-17-03.59.22.582679 R33-M1-ND-C:J10-U01 RAS KERNEL INFO generating core.20241
- 1121598237 2005.07.17 R23-M1-NB-C:J16-U11 2005-07-17-04.03.57.280027 R23-M1-NB-C:J16-U11 RAS KERNEL INFO generating core.45880
- 1121598731 2005.07.17 R17-M1-N9-C:J09-U01 2005-07-17-04.12.11.971953 R17-M1-N9-C:J09-U01 RAS KERNEL INFO generating core.47690
- 1121599282 2005.07.17 R04-M1-NB-C:J13-U11 2005-07-17-04.21.22.640231 R04-M1-NB-C:J13-U11 RAS KERNEL INFO generating core.29025
- 1121599720 2005.07.17 R17-M1-N4-C:J14-U01 2005-07-17-04.28.40.989032 R17-M1-N4-C:J14-U01 RAS KERNEL INFO generating core.11916
- 1121707363 2005.07.18 R26-M0-NC-C:J07-U11 2005-07-18-10.22.43.700974 R26-M0-NC-C:J07-U11 RAS KERNEL INFO generating core.14142
- 1121900469 2005.07.20 R33-M1-N3-C:J02-U01 2005-07-20-16.01.09.861175 R33-M1-N3-C:J02-U01 RAS KERNEL INFO 8 floating point alignment exceptions
- 1121901046 2005.07.20 R00-M1-NF-C:J04-U11 2005-07-20-16.10.46.120814 R00-M1-NF-C:J04-U11 RAS KERNEL INFO 8 floating point alignment exceptions
- 1121901493 2005.07.20 R05-M1-NC-C:J14-U11 2005-07-20-16.18.13.877286 R05-M1-NC-C:J14-U11 RAS KERNEL INFO 8 floating point alignment exceptions
- 1121902827 2005.07.20 R25-M1-N8-C:J03-U01 2005-07-20-16.40.27.205362 R25-M1-N8-C:J03-U01 RAS KERNEL INFO 8 floating point alignment exceptions
- 1121903735 2005.07.20 R12-M1-N5-C:J15-U11 2005-07-20-16.55.35.876056 R12-M1-N5-C:J15-U11 RAS KERNEL INFO 8 floating point alignment exceptions
- 1121905368 2005.07.20 R02-M0-NF-C:J13-U01 2005-07-20-17.22.48.249852 R02-M0-NF-C:J13-U01 RAS KERNEL INFO 8 floating point alignment exceptions
- 1122132819 2005.07.23 R14-M0-ND-C:J11-U11 2005-07-23-08.33.39.102357 R14-M0-ND-C:J11-U11 RAS KERNEL INFO generating core.15193
- 1122139629 2005.07.23 R05-M1-N5-C:J14-U11 2005-07-23-10.27.09.450287 R05-M1-N5-C:J14-U11 RAS KERNEL INFO 15 floating point alignment exceptions
- 1122143241 2005.07.23 R10-M0-NC-C:J15-U11 2005-07-23-11.27.21.304353 R10-M0-NC-C:J15-U11 RAS KERNEL INFO generating core.6940
- 1122144022 2005.07.23 R22-M0-N3-C:J02-U01 2005-07-23-11.40.22.071233 R22-M0-N3-C:J02-U01 RAS KERNEL INFO generating core.31691
- 1122162130 2005.07.23 R24-M1-ND-C:J09-U11 2005-07-23-16.42.10.500605 R24-M1-ND-C:J09-U11 RAS KERNEL INFO 5 floating point alignment exceptions
- 1122164972 2005.07.23 R13-M1-N2-C:J06-U11 2005-07-23-17.29.32.058080 R13-M1-N2-C:J06-U11 RAS KERNEL INFO 15 floating point alignment exceptions
- 1122165304 2005.07.23 R16-M0-N0-C:J10-U01 2005-07-23-17.35.04.461170 R16-M0-N0-C:J10-U01 RAS KERNEL INFO 5 floating point alignment exceptions
- 1122165615 2005.07.23 R15-M0-N6-C:J10-U11 2005-07-23-17.40.15.015021 R15-M0-N6-C:J10-U11 RAS KERNEL INFO 5 floating point alignment exceptions
- 1122165890 2005.07.23 R15-M1-NA-C:J13-U11 2005-07-23-17.44.50.608907 R15-M1-NA-C:J13-U11 RAS KERNEL INFO generating core.11357
- 1122166579 2005.07.23 R14-M0-NF-C:J09-U01 2005-07-23-17.56.19.153654 R14-M0-NF-C:J09-U01 RAS KERNEL INFO 5 floating point alignment exceptions
- 1122167438 2005.07.23 R11-M1-N5-C:J14-U11 2005-07-23-18.10.38.305020 R11-M1-N5-C:J14-U11 RAS KERNEL INFO 685 floating point alignment exceptions
- 1122255910 2005.07.24 R37-M0-N1-C:J02-U01 2005-07-24-18.45.10.049310 R37-M0-N1-C:J02-U01 RAS KERNEL INFO generating core.16019
- 1122256784 2005.07.24 R17-M1-N9-C:J11-U11 2005-07-24-18.59.44.109317 R17-M1-N9-C:J11-U11 RAS KERNEL INFO generating core.15977
- 1122400971 2005.07.26 R06-M0-N7-C:J07-U01 2005-07-26-11.02.51.140194 R06-M0-N7-C:J07-U01 RAS KERNEL INFO generating core.114
- 1122430586 2005.07.26 R21-M0-N1-C:J05-U01 2005-07-26-19.16.26.413910 R21-M0-N1-C:J05-U01 RAS KERNEL INFO generating core.55515
- 1122430797 2005.07.26 R35-M1-N7-C:J02-U01 2005-07-26-19.19.57.499754 R35-M1-N7-C:J02-U01 RAS KERNEL INFO generating core.50579
- 1122431319 2005.07.26 R16-M0-ND-C:J13-U01 2005-07-26-19.28.39.863604 R16-M0-ND-C:J13-U01 RAS KERNEL INFO generating core.59977
- 1122431732 2005.07.26 R05-M1-N9-C:J11-U01 2005-07-26-19.35.32.608060 R05-M1-N9-C:J11-U01 RAS KERNEL INFO generating core.23873
- 1123025540 2005.08.02 UNKNOWN_LOCATION 2005-08-02-16.32.20.358039 UNKNOWN_LOCATION NULL DISCOVERY INFO New ido chip inserted into the database: FF:F2:9F:16:BF:6C:00:0D:60:E9:40:93 ip=10.5.0.46 v=13 t=4
- 1123110662 2005.08.03 NULL 2005-08-03-16.11.02.839771 NULL RAS MMCS ERROR idoproxydb hit ASSERT condition: ASSERT expression=0 Source file=idotransportmgr.cpp Source line=1043 Function=int IdoTransportMgr::SendPacket(IdoUdpMgr*, BglCtlPavTrace*)
- 1123110860 2005.08.03 NULL 2005-08-03-16.14.20.667595 NULL RAS MMCS ERROR idoproxydb hit ASSERT condition: ASSERT expression=0 Source file=idotransportmgr.cpp Source line=1043 Function=int IdoTransportMgr::SendPacket(IdoUdpMgr*, BglCtlPavTrace*)
- 1123195190 2005.08.04 UNKNOWN_LOCATION 2005-08-04-15.39.50.374720 UNKNOWN_LOCATION NULL DISCOVERY INFO Ido chip status changed: FF:F2:9F:15:7E:6E:00:0D:60:EA:81:91 ip=10.0.1.155 v=13 t=1 status=M Thu Aug 04 15:31:25 PDT 2005
- 1123609672 2005.08.09 R44-M0-N3 2005-08-09-10.47.52.703182 R44-M0-N3 NULL DISCOVERY SEVERE Can not get assembly information for node card
- 1123709473 2005.08.10 R47-M0-N4-C:J07-U01 2005-08-10-14.31.13.463274 R47-M0-N4-C:J07-U01 RAS KERNEL INFO CE sym 8, at 0x0a2ae600, mask 0x10
- 1123914577 2005.08.12 R61-M1-N0-I:J18-U01 2005-08-12-23.29.37.454616 R61-M1-N0-I:J18-U01 RAS APP FATAL ciod: Error loading /bgl/apps/scaletest/performance/MINIBEN/mb_243_0810/allreduce.rts: invalid or missing program image, Exec format error
- 1123915332 2005.08.12 R01-M0-NC-I:J18-U11 2005-08-12-23.42.12.603889 R01-M0-NC-I:J18-U11 RAS APP FATAL ciod: Error loading /bgl/apps/scaletest/performance/MINIBEN/mb_243_0810/allreduce.rts: invalid or missing program image, Exec format error
APPSEV 1124071359 2005.08.14 R21-M0-N8-I:J18-U11 2005-08-14-19.02.39.467287 R21-M0-N8-I:J18-U11 RAS APP FATAL ciod: Error reading message prefix after LOAD_MESSAGE on CioStream socket to 172.16.96.116:42213: Link has been severed
- 1124394179 2005.08.18 R30-M0-N0-I:J18-U01 2005-08-18-12.42.59.378202 R30-M0-N0-I:J18-U01 RAS KERNEL INFO ciod: generated 64 core files for program /bgl/apps/swl-prep/ibm-swl/functional/sppm_chkpt/run/sppm
- 1124611166 2005.08.21 R30-M1-NC-C:J02-U01 2005-08-21-00.59.26.072269 R30-M1-NC-C:J02-U01 RAS KERNEL INFO CE sym 20, at 0x180462c0, mask 0x02
- 1124741161 2005.08.22 R04-M1-N8-I:J18-U11 2005-08-22-13.06.01.351555 R04-M1-N8-I:J18-U11 RAS KERNEL INFO ciod: generated 128 core files for program /home/germann2/BGL-demo/SPaSM_mpi
- 1125082154 2005.08.26 R62-M1-NA-C:J14-U01 2005-08-26-11.49.14.423511 R62-M1-NA-C:J14-U01 RAS KERNEL INFO iar 003a90fc dear 00b35db8
- 1125083293 2005.08.26 R60-M1-N1-C:J11-U11 2005-08-26-12.08.13.538298 R60-M1-N1-C:J11-U11 RAS KERNEL INFO iar 003a9260 dear 00efe838
- 1125083702 2005.08.26 R65-M0-ND-C:J12-U01 2005-08-26-12.15.02.887927 R65-M0-ND-C:J12-U01 RAS KERNEL INFO iar 003a9254 dear 00f05688
- 1125084124 2005.08.26 R76-M0-N1-C:J02-U11 2005-08-26-12.22.04.891042 R76-M0-N1-C:J02-U11 RAS KERNEL INFO 773760 double-hummer alignment exceptions
- 1125084314 2005.08.26 R74-M0-ND-C:J09-U11 2005-08-26-12.25.14.255206 R74-M0-ND-C:J09-U11 RAS KERNEL INFO iar 003a9260 dear 00ef6c38
- 1125084446 2005.08.26 R67-M0-N8-C:J06-U11 2005-08-26-12.27.26.648114 R67-M0-N8-C:J06-U11 RAS KERNEL INFO iar 003a9260 dear 01299e48
- 1125087561 2005.08.26 R14-M1-N5-C:J12-U11 2005-08-26-13.19.21.725812 R14-M1-N5-C:J12-U11 RAS KERNEL INFO CE sym 0, at 0x12af93a0, mask 0x08
- 1125220160 2005.08.28 R73-M1-N8-C:J06-U01 2005-08-28-02.09.20.654913 R73-M1-N8-C:J06-U01 RAS KERNEL INFO 139632470 double-hummer alignment exceptions
- 1125221591 2005.08.28 R44-M0-NF-C:J13-U11 2005-08-28-02.33.11.392223 R44-M0-NF-C:J13-U11 RAS KERNEL INFO 34253552 double-hummer alignment exceptions
- 1125222337 2005.08.28 R45-M0-NA-C:J04-U11 2005-08-28-02.45.37.895456 R45-M0-NA-C:J04-U11 RAS KERNEL INFO 24669022 double-hummer alignment exceptions
- 1125223076 2005.08.28 R41-M1-N3-C:J15-U11 2005-08-28-02.57.56.219310 R41-M1-N3-C:J15-U11 RAS KERNEL INFO iar 0014a150 dear 0098d458
- 1125223914 2005.08.28 R51-M0-N6-C:J15-U01 2005-08-28-03.11.54.456031 R51-M0-N6-C:J15-U01 RAS KERNEL INFO iar 0014a150 dear 009b9288
- 1125224451 2005.08.28 R44-M1-NB-C:J13-U01 2005-08-28-03.20.51.894497 R44-M1-NB-C:J13-U01 RAS KERNEL INFO iar 0014a1e4 dear 0099e6c8
- 1125479181 2005.08.31 R00-M1-NB-C:J02-U01 2005-08-31-02.06.21.134545 R00-M1-NB-C:J02-U01 RAS KERNEL INFO CE sym 35, at 0x1317cee0, mask 0x10
KERNMNTF 1125694345 2005.09.02 R04-M0-NC-I:J18-U11 2005-09-02-13.52.25.806989 R04-M0-NC-I:J18-U11 RAS KERNEL FATAL Lustre mount FAILED : bglio75 : point /p/gb1
KERNMNTF 1125871271 2005.09.04 R24-M1-NC-I:J18-U01 2005-09-04-15.01.11.038078 R24-M1-NC-I:J18-U01 RAS KERNEL FATAL Lustre mount FAILED : bglio336 : point /p/gb1
- 1126275477 2005.09.09 R03-M1-N6-C:J11-U11 2005-09-09-07.17.57.768677 R03-M1-N6-C:J11-U11 RAS KERNEL INFO CE sym 6, at 0x1880a8e0, mask 0x40
KERNMNTF 1126627325 2005.09.13 R30-M0-N4-I:J18-U01 2005-09-13-09.02.05.602211 R30-M0-N4-I:J18-U01 RAS KERNEL FATAL Lustre mount FAILED : bglio388 : point /p/gb1
- 1127147540 2005.09.19 R77-M0-NC-I:J18-U11 2005-09-19-09.32.20.314194 R77-M0-NC-I:J18-U11 RAS APP FATAL ciod: LOGIN chdir(/home/spelce1/UMT2K/umt2k/ckpt_umt2k_src/TEST/NEW_TEST) failed: No such file or directory
- 1127243216 2005.09.20 NULL 2005-09-20-12.06.56.253999 NULL RAS MMCS ERROR idoproxydb hit ASSERT condition: ASSERT expression=0 Source file=idotransportmgr.cpp Source line=1043 Function=int IdoTransportMgr::SendPacket(IdoUdpMgr*, BglCtlPavTrace*)
- 1127243360 2005.09.20 NULL 2005-09-20-12.09.20.750312 NULL RAS MMCS ERROR idoproxydb hit ASSERT condition: ASSERT expression=0 Source file=idotransportmgr.cpp Source line=1043 Function=int IdoTransportMgr::SendPacket(IdoUdpMgr*, BglCtlPavTrace*)
- 1127243509 2005.09.20 NULL 2005-09-20-12.11.49.638167 NULL RAS MMCS ERROR idoproxydb hit ASSERT condition: ASSERT expression=0 Source file=idotransportmgr.cpp Source line=1043 Function=int IdoTransportMgr::SendPacket(IdoUdpMgr*, BglCtlPavTrace*)
- 1127244289 2005.09.20 R05-M0-N6 2005-09-20-12.24.49.324668 R05-M0-N6 NULL DISCOVERY INFO Node card VPD check: U11 node in processor card slot J17 do not match. VPD ecid 04D97DB7937BFFFF05071B7054DA, found 04D081A3892FFFFF0D0B1C505AF3
- 1127264397 2005.09.20 R34-M1-N8-I:J18-U01 2005-09-20-17.59.57.105133 R34-M1-N8-I:J18-U01 RAS APP FATAL ciod: Error loading /home/yates//torus-latency.rts: invalid or missing program image, No such file or directory
- 1127265666 2005.09.20 R54-M1-N4-I:J18-U11 2005-09-20-18.21.06.263282 R54-M1-N4-I:J18-U11 RAS APP FATAL ciod: LOGIN chdir(/bgl/apps/SWL/performance/MINIBEN///2005.09.20-18.06.01) failed: No such file or directory
- 1127464998 2005.09.23 R10-M0-N0-C:J06-U01 2005-09-23-01.43.18.801088 R10-M0-N0-C:J06-U01 RAS KERNEL INFO total of 4 ddr error(s) detected and corrected
- 1127871900 2005.09.27 R01-M0-N8-C:J02-U11 2005-09-27-18.45.00.453947 R01-M0-N8-C:J02-U11 RAS KERNEL INFO CE sym 2, at 0x0fa3d060, mask 0x08
- 1128170317 2005.10.01 R73-M0-N4-I:J18-U11 2005-10-01-05.38.37.246285 R73-M0-N4-I:J18-U11 RAS APP FATAL ciod: Error loading /home/spelce1/HPCC_IBM/Urgent/Gunnels/VNM64/vnm.rts: invalid or missing program image, Permission denied
- 1128719294 2005.10.07 R60-M1-N5-C:J09-U11 2005-10-07-14.08.14.709280 R60-M1-N5-C:J09-U11 RAS KERNEL INFO total of 2 ddr error(s) detected and corrected
- 1129166647 2005.10.12 R34-M1-N8-I:J18-U01 2005-10-12-18.24.07.100662 R34-M1-N8-I:J18-U01 RAS APP FATAL ciod: Error loading /home/spelce1/HPCC_IBM/Urgent/COP/64K/vnm.rts: invalid or missing program image, Permission denied
- 1129271439 2005.10.13 R06-M1-NA-C:J08-U11 2005-10-13-23.30.39.273604 R06-M1-NA-C:J08-U11 RAS KERNEL INFO suppressing further interrupts of same type
APPSEV 1129501476 2005.10.16 R71-M1-N0-I:J18-U01 2005-10-16-15.24.36.889002 R71-M1-N0-I:J18-U01 RAS APP FATAL ciod: Error reading message prefix after LOAD_MESSAGE on CioStream socket to 172.16.96.116:47696: Link has been severed
- 1129724002 2005.10.19 R21-M1-N4-C:J10-U01 2005-10-19-05.13.22.183386 R21-M1-N4-C:J10-U01 RAS KERNEL INFO CE sym 12, at 0x18e33e80, mask 0x04
- 1130123101 2005.10.23 R21-M1-N0-C:J10-U11 2005-10-23-20.05.01.813190 R21-M1-N0-C:J10-U11 RAS KERNEL INFO 1 ddr errors(s) detected and corrected on rank 0, symbol 17, bit 7
- 1130675804 2005.10.30 R65-M1-NA-C:J14-U01 2005-10-30-04.36.44.005858 R65-M1-NA-C:J14-U01 RAS KERNEL INFO CE sym 27, at 0x1b70b860, mask 0x80
- 1131036240 2005.11.03 R06-M0-NC-I:J18-U11 2005-11-03-08.44.00.733074 R06-M0-NC-I:J18-U11 RAS APP FATAL ciod: Error loading /home.old/glosli/src/ddcMD/ddcMD1.1.17/bin/ddcMDGbglV: invalid or missing program image, No such file or directory
- 1131057913 2005.11.03 R65-M1-NB-C:J14-U01 2005-11-03-14.45.13.427392 R65-M1-NB-C:J14-U01 RAS KERNEL INFO iar 00106228 dear 0244c1ec
- 1131058168 2005.11.03 R64-M1-N5-C:J10-U11 2005-11-03-14.49.28.162764 R64-M1-N5-C:J10-U11 RAS KERNEL INFO iar 001061dc dear 0244c22c
- 1131058388 2005.11.03 R66-M0-N5-C:J04-U11 2005-11-03-14.53.08.510509 R66-M0-N5-C:J04-U11 RAS KERNEL INFO iar 001061dc dear 0244c22c
- 1131059209 2005.11.03 R66-M0-N5-C:J12-U11 2005-11-03-15.06.49.830610 R66-M0-N5-C:J12-U11 RAS KERNEL INFO 640404 floating point alignment exceptions
- 1131059530 2005.11.03 R66-M1-N0-C:J17-U01 2005-11-03-15.12.10.253142 R66-M1-N0-C:J17-U01 RAS KERNEL INFO iar 00106228 dear 0244c21c
- 1131059744 2005.11.03 R67-M1-N8-C:J10-U11 2005-11-03-15.15.44.150398 R67-M1-N8-C:J10-U11 RAS KERNEL INFO iar 00106228 dear 0244c27c
- 1131060202 2005.11.03 R67-M0-N6-C:J04-U01 2005-11-03-15.23.22.213145 R67-M0-N6-C:J04-U01 RAS KERNEL INFO iar 00106568 dear 02494bbc
- 1131060537 2005.11.03 R67-M0-N4-C:J10-U01 2005-11-03-15.28.57.931792 R67-M0-N4-C:J10-U01 RAS KERNEL INFO iar 00106534 dear 02494c3c
- 1131061513 2005.11.03 R60-M0-NA-C:J13-U01 2005-11-03-15.45.13.710540 R60-M0-NA-C:J13-U01 RAS KERNEL INFO iar 00106568 dear 045e140c
- 1131063447 2005.11.03 R51-M1-NA-C:J17-U11 2005-11-03-16.17.27.446763 R51-M1-NA-C:J17-U11 RAS KERNEL INFO 2354412 floating point alignment exceptions
- 1131063954 2005.11.03 R51-M1-NA-C:J05-U01 2005-11-03-16.25.54.660204 R51-M1-NA-C:J05-U01 RAS KERNEL INFO 2354412 floating point alignment exceptions
- 1131066692 2005.11.03 R36-M1-NB-C:J09-U01 2005-11-03-17.11.32.221132 R36-M1-NB-C:J09-U01 RAS KERNEL INFO 62500 floating point alignment exceptions
- 1131125519 2005.11.04 R62-M0-N0-C:J14-U01 2005-11-04-09.31.59.900525 R62-M0-N0-C:J14-U01 RAS KERNEL INFO iar 00106bd8 dear 0245ce0c
- 1131126148 2005.11.04 R62-M0-N1-C:J02-U01 2005-11-04-09.42.28.862256 R62-M0-N1-C:J02-U01 RAS KERNEL INFO iar 00106bd8 dear 0245ceec
- 1131126736 2005.11.04 R62-M0-N6-C:J15-U11 2005-11-04-09.52.16.767608 R62-M0-N6-C:J15-U11 RAS KERNEL INFO iar 00106bd8 dear 0245cf3c
- 1131127267 2005.11.04 R62-M0-N8-C:J14-U01 2005-11-04-10.01.07.918137 R62-M0-N8-C:J14-U01 RAS KERNEL INFO iar 00106704 dear 0245d57c
- 1131127565 2005.11.04 R62-M0-N0-C:J13-U11 2005-11-04-10.06.05.176180 R62-M0-N0-C:J13-U11 RAS KERNEL INFO iar 00106704 dear 0245b6bc
- 1131128074 2005.11.04 R62-M0-N9-C:J08-U11 2005-11-04-10.14.34.823505 R62-M0-N9-C:J08-U11 RAS KERNEL INFO iar 00105fd4 dear 0245a09c
- 1131130552 2005.11.04 R62-M0-NC-C:J05-U01 2005-11-04-10.55.52.550384 R62-M0-NC-C:J05-U01 RAS KERNEL INFO iar 00106988 dear 02f7bd6c
- 1131141205 2005.11.04 R63-M0-N3-C:J16-U11 2005-11-04-13.53.25.955263 R63-M0-N3-C:J16-U11 RAS KERNEL INFO iar 00106678 dear 0252523c
- 1131142811 2005.11.04 R62-M0-NC-C:J06-U11 2005-11-04-14.20.11.135552 R62-M0-NC-C:J06-U11 RAS KERNEL INFO iar 001066ac dear 025252bc
- 1131148435 2005.11.04 R63-M0-N7-C:J09-U01 2005-11-04-15.53.55.739224 R63-M0-N7-C:J09-U01 RAS KERNEL INFO 428412 floating point alignment exceptions
- 1131206251 2005.11.05 R17-M0-N8-C:J05-U01 2005-11-05-07.57.31.806929 R17-M0-N8-C:J05-U01 RAS KERNEL INFO CE sym 34, at 0x11e7ed80, mask 0x80
- 1131458788 2005.11.08 R74-M0-N1-C:J05-U01 2005-11-08-06.06.28.982001 R74-M0-N1-C:J05-U01 RAS KERNEL INFO CE sym 30, at 0x042358a0, mask 0x20
- 1131473802 2005.11.08 R62-M0-NC-C:J14-U01 2005-11-08-10.16.42.854605 R62-M0-NC-C:J14-U01 RAS KERNEL INFO iar 00106200 dear 0247019c
- 1131477539 2005.11.08 R62-M0-N2-C:J05-U11 2005-11-08-11.18.59.141452 R62-M0-N2-C:J05-U11 RAS KERNEL INFO iar 001061b4 dear 0247017c
KERNREC 1131499523 2005.11.08 R62-M0-N2-C:J09-U11 2005-11-08-17.25.23.131318 R62-M0-N2-C:J09-U11 RAS KERNEL FATAL Error receiving packet on tree network, expecting type 57 instead of type 3 (softheader=00589370 90990003 00000002 00000000) PSR0=00001f01 PSR1=00000000 PRXF=00000002 PIXF=00000007
- 1131582345 2005.11.09 R63-M0-N5-C:J05-U11 2005-11-09-16.25.45.329267 R63-M0-N5-C:J05-U11 RAS KERNEL INFO iar 00106448 dear 0246db5c
- 1131601567 2005.11.09 R51-M1-N4-C:J07-U01 2005-11-09-21.46.07.597381 R51-M1-N4-C:J07-U01 RAS KERNEL INFO 5 torus receiver z+ input pipe error(s) (dcr 0x02f0) detected and corrected
KERNTERM 1131680322 2005.11.10 R63-M0-N6-C:J12-U11 2005-11-10-19.38.42.369022 R63-M0-N6-C:J12-U11 RAS KERNEL FATAL rts: kernel terminated for reason 1004
- 1131764302 2005.11.11 R23-M1-N0-C:J08-U11 2005-11-11-18.58.22.474164 R23-M1-N0-C:J08-U11 RAS KERNEL INFO CE sym 25, at 0x12127ee0, mask 0x10
- 1132070039 2005.11.15 R15-M0-NC-I:J18-U11 2005-11-15-07.53.59.004294 R15-M0-NC-I:J18-U11 RAS KERNEL INFO ciod: generated 64 core files for program /bgl/apps/followup/hellow/a.out.1111
- 1132236972 2005.11.17 R72-M1-N6-C:J04-U01 2005-11-17-06.16.12.504899 R72-M1-N6-C:J04-U01 RAS KERNEL INFO 26741629 torus sender z- retransmission error(s) (dcr 0x02f9) detected and corrected over 268 seconds
KERNMNTF 1132575798 2005.11.21 R04-M1-N8-I:J18-U01 2005-11-21-04.23.18.419757 R04-M1-N8-I:J18-U01 RAS KERNEL FATAL Lustre mount FAILED : bglio78 : block_id : location
- 1132586440 2005.11.21 R26-M0-N0-I:J18-U11 2005-11-21-07.20.40.564558 R26-M0-N0-I:J18-U11 RAS KERNEL INFO MACHINE CHECK DCR read timeout (mc=e08x iar 0x00000000 lr 0xc00045a4)
- 1132609314 2005.11.21 R36-M1-N4-I:J18-U11 2005-11-21-13.41.54.797197 R36-M1-N4-I:J18-U11 RAS KERNEL INFO ciod: Received signal 15, code=0, errno=0, address=0x0000044d
- 1132870645 2005.11.24 R77-M0-N4-I:J18-U01 2005-11-24-14.17.25.200932 R77-M0-N4-I:J18-U01 RAS KERNEL INFO ciod: Received signal 15, code=0, errno=0, address=0x00001a12
- 1133051996 2005.11.26 R03-M1-NF-C:J07-U01 2005-11-26-16.39.56.330868 R03-M1-NF-C:J07-U01 RAS KERNEL FATAL r24=0x0ffea4c8 r25=0x00000003 r26=0x0000000f r27=0xffffd000
- 1133317778 2005.11.29 R01-M1-NC-I:J18-U01 2005-11-29-18.29.38.531250 R01-M1-NC-I:J18-U01 RAS KERNEL INFO ciod: Received signal 15, code=0, errno=0, address=0x000001f5
- 1133447728 2005.12.01 R06-M0-N3-C:J13-U11 2005-12-01-06.35.28.126758 R06-M0-N3-C:J13-U11 RAS KERNEL INFO 10722 total interrupts. 0 critical input interrupts. 0 microseconds total spent on critical input interrupts, 0 microseconds max time in a critical input interrupt.
- 1133447940 2005.12.01 R36-M0-NB-C:J12-U01 2005-12-01-06.39.00.882940 R36-M0-NB-C:J12-U01 RAS KERNEL INFO 10655 total interrupts. 0 critical input interrupts. 0 microseconds total spent on critical input interrupts, 0 microseconds max time in a critical input interrupt.
- 1133448074 2005.12.01 R56-M0-NA-C:J12-U11 2005-12-01-06.41.14.286536 R56-M0-NA-C:J12-U11 RAS KERNEL INFO 0 microseconds spent in the rbs signal handler during 0 calls. 0 microseconds was the maximum time for a single instance of a correctable ddr.
- 1133448168 2005.12.01 R57-M1-N0-C:J02-U01 2005-12-01-06.42.48.326640 R57-M1-N0-C:J02-U01 RAS KERNEL INFO 0 microseconds spent in the rbs signal handler during 0 calls. 0 microseconds was the maximum time for a single instance of a correctable ddr.
- 1133448306 2005.12.01 R53-M0-N1-C:J11-U11 2005-12-01-06.45.06.711202 R53-M0-N1-C:J11-U11 RAS KERNEL INFO 10722 total interrupts. 0 critical input interrupts. 0 microseconds total spent on critical input interrupts, 0 microseconds max time in a critical input interrupt.
- 1133448466 2005.12.01 R44-M0-N3-C:J06-U01 2005-12-01-06.47.46.598443 R44-M0-N3-C:J06-U01 RAS KERNEL INFO 0 microseconds spent in the rbs signal handler during 0 calls. 0 microseconds was the maximum time for a single instance of a correctable ddr.
- 1133448588 2005.12.01 R46-M1-N5-C:J16-U01 2005-12-01-06.49.48.883198 R46-M1-N5-C:J16-U01 RAS KERNEL INFO 10765 total interrupts. 0 critical input interrupts. 0 microseconds total spent on critical input interrupts, 0 microseconds max time in a critical input interrupt.
- 1133448690 2005.12.01 R26-M1-N8-C:J08-U01 2005-12-01-06.51.30.715510 R26-M1-N8-C:J08-U01 RAS KERNEL INFO 10652 total interrupts. 0 critical input interrupts. 0 microseconds total spent on critical input interrupts, 0 microseconds max time in a critical input interrupt.
- 1133454584 2005.12.01 R17-M0-N6-C:J06-U01 2005-12-01-08.29.44.223227 R17-M0-N6-C:J06-U01 RAS KERNEL INFO 0 microseconds spent in the rbs signal handler during 0 calls. 0 microseconds was the maximum time for a single instance of a correctable ddr.
- 1133454630 2005.12.01 R00-M0-N0-C:J10-U01 2005-12-01-08.30.30.752844 R00-M0-N0-C:J10-U01 RAS KERNEL INFO 0 microseconds spent in the rbs signal handler during 0 calls. 0 microseconds was the maximum time for a single instance of a correctable ddr.
- 1133454739 2005.12.01 R05-M1-N2-C:J08-U01 2005-12-01-08.32.19.913638 R05-M1-N2-C:J08-U01 RAS KERNEL INFO 0 microseconds spent in the rbs signal handler during 0 calls. 0 microseconds was the maximum time for a single instance of a correctable ddr.
- 1133454956 2005.12.01 R56-M1-NE-C:J11-U01 2005-12-01-08.35.56.512508 R56-M1-NE-C:J11-U01 RAS KERNEL INFO 0 microseconds spent in the rbs signal handler during 0 calls. 0 microseconds was the maximum time for a single instance of a correctable ddr.
- 1133455087 2005.12.01 R73-M1-N5-C:J07-U01 2005-12-01-08.38.07.010836 R73-M1-N5-C:J07-U01 RAS KERNEL INFO 0 microseconds spent in the rbs signal handler during 0 calls. 0 microseconds was the maximum time for a single instance of a correctable ddr.
- 1133455159 2005.12.01 R60-M0-N4-C:J05-U11 2005-12-01-08.39.19.744712 R60-M0-N4-C:J05-U11 RAS KERNEL INFO 10668 total interrupts. 0 critical input interrupts. 0 microseconds total spent on critical input interrupts, 0 microseconds max time in a critical input interrupt.
- 1133455319 2005.12.01 R40-M0-N8-C:J06-U11 2005-12-01-08.41.59.328614 R40-M0-N8-C:J06-U11 RAS KERNEL INFO 0 microseconds spent in the rbs signal handler during 0 calls. 0 microseconds was the maximum time for a single instance of a correctable ddr.
- 1133455498 2005.12.01 R45-M1-NC-C:J07-U01 2005-12-01-08.44.58.904349 R45-M1-NC-C:J07-U01 RAS KERNEL INFO 10712 total interrupts. 0 critical input interrupts. 0 microseconds total spent on critical input interrupts, 0 microseconds max time in a critical input interrupt.
- 1133455642 2005.12.01 R23-M0-ND-C:J08-U11 2005-12-01-08.47.22.963148 R23-M0-ND-C:J08-U11 RAS KERNEL INFO 0 microseconds spent in the rbs signal handler during 0 calls. 0 microseconds was the maximum time for a single instance of a correctable ddr.
- 1133458363 2005.12.01 R00-M0-N8-C:J17-U01 2005-12-01-09.32.43.947020 R00-M0-N8-C:J17-U01 RAS KERNEL INFO 720 total interrupts. 0 critical input interrupts. 0 microseconds total spent on critical input interrupts, 0 microseconds max time in a critical input interrupt.
- 1133646587 2005.12.03 R55-M0-N9-C:J06-U11 2005-12-03-13.49.47.382429 R55-M0-N9-C:J06-U11 RAS KERNEL INFO 1 tree receiver 1 in re-synch state event(s) (dcr 0x0185) detected over 244 seconds
- 1133715641 2005.12.04 R23-M0-NC-C:J05-U01 2005-12-04-09.00.41.190112 R23-M0-NC-C:J05-U01 RAS KERNEL INFO 159 ddr error(s) detected and corrected on rank 0, symbol 29 over 2486 seconds
- 1133913870 2005.12.06 R01-M0-N0-C:J04-U01 2005-12-06-16.04.30.188673 R01-M0-N0-C:J04-U01 RAS KERNEL INFO critical input interrupt (unit=0x0b bit=0x17): warning for tree C1 wire, suppressing further interrupts of same type
- 1133928323 2005.12.06 R31-M0-NF-C:J07-U11 2005-12-06-20.05.23.094186 R31-M0-NF-C:J07-U11 RAS KERNEL INFO Kernel detected 4898338 integer alignment exceptions (4898331) iar 0x00544ea8, dear 0x049e75e0 (4898332) iar 0x00544eb8, dear 0x049e7600 (4898333) iar 0x00544ea8, dear 0x049e7620 (4898334) iar 0x00544eb8, dear 0x049e7640 (4898335) iar 0x00544ee0, dear 0x049e7660 (4898336) iar 0x00544ef0, dear 0x049e7680 (4898337) iar 0x00544ee0, dear 0x049e76a0 (4898338) iar 0x00544ef0, dear 0x049e76c0
- 1134159256 2005.12.09 R20-M1-N4-I:J18-U01 2005-12-09-12.14.16.349690 R20-M1-N4-I:J18-U01 RAS APP FATAL ciod: Error loading /p/gb1/stella/SPPM/1322/sppm_DD: invalid or missing program image, Permission denied
- 1134161388 2005.12.09 R07-M0-N8-I:J18-U11 2005-12-09-12.49.48.361835 R07-M0-N8-I:J18-U11 RAS APP FATAL ciod: Error loading /bgl/apps/SWL/stability/HPL/WORK/1501./hpl_DD: invalid or missing program image, No such file or directory
- 1134601394 2005.12.14 R42-M1-N2-C:J03-U11 2005-12-14-15.03.14.212440 R42-M1-N2-C:J03-U11 RAS KERNEL INFO critical input interrupt (unit=0x0b bit=0x0a): warning for torus z+ wire, suppressing further interrupts of same type
- 1134929456 2005.12.18 R30-M1-N3-C:J13-U01 2005-12-18-10.10.56.366499 R30-M1-N3-C:J13-U01 RAS KERNEL INFO 2 L3 EDRAM error(s) (dcr 0x0157) detected and corrected over 282 seconds
- 1135643288 2005.12.26 R37-M1-NC-C:J02-U11 2005-12-26-16.28.08.716176 R37-M1-NC-C:J02-U11 RAS KERNEL INFO instruction cache parity error corrected
- 1135675498 2005.12.27 R37-M1-NC-C:J02-U11 2005-12-27-01.24.58.711345 R37-M1-NC-C:J02-U11 RAS KERNEL INFO instruction cache parity error corrected
