- 1117838976 2005.06.03 R02-M1-N0-C:J12-U11 2005-06-03-15.49.36.156884 R02-M1-N0-C:J12-U11 RAS KERNEL INFO instruction cache parity error corrected
APPREAD 1117869876 2005.06.04 R27-M1-N4-I:J18-U01 2005-06-04-00.24.36.222560 R27-M1-N4-I:J18-U01 RAS APP FATAL ciod: failed to read message prefix on control stream (CioStream socket to 172.16.96.116:33370
- 1117959513 2005.06.05 R21-M1-N2-C:J11-U01 2005-06-05-01.18.33.830595 R21-M1-N2-C:J11-U01 RAS KERNEL INFO generating core.1717
- 1117975251 2005.06.05 R26-M1-N8-C:J17-U11 2005-06-05-05.40.51.726735 R26-M1-N8-C:J17-U11 RAS KERNEL INFO generating core.412
- 1117984216 2005.06.05 R32-M1-N4-C:J16-U01 2005-06-05-08.10.16.270131 R32-M1-N4-C:J16-U01 RAS KERNEL INFO generating core.6884
- 1117987420 2005.06.05 R37-M0-N7-C:J08-U11 2005-06-05-09.03.40.673488 R37-M0-N7-C:J08-U11 RAS KERNEL INFO generating core.2218
- 1117989530 2005.06.05 R33-M0-N6-C:J08-U11 2005-06-05-09.38.50.430385 R33-M0-N6-C:J08-U11 RAS KERNEL INFO generating core.2286
- 1117990980 2005.06.05 R34-M0-ND-C:J03-U01 2005-06-05-10.03.00.195528 R34-M0-ND-C:J03-U01 RAS KERNEL INFO generating core.851
- 1118079221 2005.06.06 R02-M1-N0-C:J12-U11 2005-06-06-10.33.41.093251 R02-M1-N0-C:J12-U11 RAS KERNEL INFO instruction cache parity error corrected
- 1118081467 2005.06.06 R02-M1-N0-C:J12-U11 2005-06-06-11.11.07.787886 R02-M1-N0-C:J12-U11 RAS KERNEL INFO instruction cache parity error corrected
- 1118149569 2005.06.07 R21-M0-NB-C:J06-U01 2005-06-07-06.06.09.288228 R21-M0-NB-C:J06-U01 RAS KERNEL INFO generating core.2690
- 1118172125 2005.06.07 R36-M1-N8-C:J17-U11 2005-06-07-12.22.05.196450 R36-M1-N8-C:J17-U11 RAS KERNEL INFO generating core.7836
- 1118207897 2005.06.07 R16-M1-NC-C:J06-U11 2005-06-07-22.18.17.203831 R16-M1-NC-C:J06-U11 RAS KERNEL INFO generating core.1822
- 1118301090 2005.06.09 R21-M1-NA-C:J07-U11 2005-06-09-00.11.30.925676 R21-M1-NA-C:J07-U11 RAS KERNEL INFO generating core.1694
- 1118363168 2005.06.09 R16-M1-N2-C:J17-U01 2005-06-09-17.26.08.386218 R16-M1-N2-C:J17-U01 RAS KERNEL INFO CE sym 2, at 0x1b85fe80, mask 0x02
KERNDTLB 1118537622 2005.06.11 R30-M0-N9-C:J16-U01 2005-06-11-17.53.42.323869 R30-M0-N9-C:J16-U01 RAS KERNEL FATAL data TLB error interrupt
KERNDTLB 1118539682 2005.06.11 R30-M0-N9-C:J16-U01 2005-06-11-18.28.02.964604 R30-M0-N9-C:J16-U01 RAS KERNEL FATAL data TLB error interrupt
KERNDTLB 1118542376 2005.06.11 R30-M0-N9-C:J16-U01 2005-06-11-19.12.56.115636 R30-M0-N9-C:J16-U01 RAS KERNEL FATAL data TLB error interrupt
KERNDTLB 1118543955 2005.06.11 R30-M0-N9-C:J16-U01 2005-06-11-19.39.15.873091 R30-M0-N9-C:J16-U01 RAS KERNEL FATAL data TLB error interrupt
KERNDTLB 1118545700 2005.06.11 R30-M0-N9-C:J16-U01 2005-06-11-20.08.20.603096 R30-M0-N9-C:J16-U01 RAS KERNEL FATAL data TLB error interrupt
KERNDTLB 1118550514 2005.06.11 R30-M0-N9-C:J16-U01 2005-06-11-21.28.34.864892 R30-M0-N9-C:J16-U01 RAS KERNEL FATAL data TLB error interrupt
KERNDTLB 1118552691 2005.06.11 R30-M0-N9-C:J16-U01 2005-06-11-22.04.51.794882 R30-M0-N9-C:J16-U01 RAS KERNEL FATAL data TLB error interrupt
KERNDTLB 1118554838 2005.06.11 R30-M0-N9-C:J16-U01 2005-06-11-22.40.38.175497 R30-M0-N9-C:J16-U01 RAS KERNEL FATAL data TLB error interrupt
- 1118686962 2005.06.13 R26-M0-NB-C:J07-U01 2005-06-13-11.22.42.601119 R26-M0-NB-C:J07-U01 RAS KERNEL INFO CE sym 10, at 0x08d10580, mask 0x08
KERNSTOR 1118709681 2005.06.13 R01-M1-NA-C:J09-U01 2005-06-13-17.41.21.662328 R01-M1-NA-C:J09-U01 RAS KERNEL FATAL data storage interrupt
- 1118710289 2005.06.13 R16-M0-N8-C:J02-U11 2005-06-13-17.51.29.224900 R16-M0-N8-C:J02-U11 RAS KERNEL FATAL instruction address: 0x00004ed8
- 1118758308 2005.06.14 R32-M0-N3-C:J11-U01 2005-06-14-07.11.48.689764 R32-M0-N3-C:J11-U01 RAS KERNEL INFO generating core.1521
KERNSTOR 1118765631 2005.06.14 R12-M1-NC-C:J13-U11 2005-06-14-09.13.51.017266 R12-M1-NC-C:J13-U11 RAS KERNEL FATAL data storage interrupt
- 1118766090 2005.06.14 R00-M0-N0-C:J13-U11 2005-06-14-09.21.30.885300 R00-M0-N0-C:J13-U11 RAS KERNEL FATAL instruction address: 0x00004ed8
- 1118767049 2005.06.14 R25-M1-N3-C:J16-U01 2005-06-14-09.37.29.304192 R25-M1-N3-C:J16-U01 RAS KERNEL FATAL data address: 0x00000002
KERNSTOR 1118767965 2005.06.14 R24-M1-N6-C:J13-U01 2005-06-14-09.52.45.933587 R24-M1-N6-C:J13-U01 RAS KERNEL FATAL data storage interrupt
KERNSTOR 1118768121 2005.06.14 R03-M1-N8-C:J13-U11 2005-06-14-09.55.21.391576 R03-M1-N8-C:J13-U11 RAS KERNEL FATAL data storage interrupt
KERNSTOR 1118769408 2005.06.14 R25-M1-NF-C:J16-U01 2005-06-14-10.16.48.088109 R25-M1-NF-C:J16-U01 RAS KERNEL FATAL data storage interrupt
- 1118769562 2005.06.14 R26-M0-N0-C:J04-U11 2005-06-14-10.19.22.998644 R26-M0-N0-C:J04-U11 RAS KERNEL FATAL exception syndrome register: 0x00800000
- 1118769991 2005.06.14 R26-M0-NA-C:J04-U11 2005-06-14-10.26.31.242578 R26-M0-NA-C:J04-U11 RAS KERNEL FATAL data store interrupt caused by dcbf.........0
- 1118770309 2005.06.14 R20-M1-NB-C:J03-U11 2005-06-14-10.31.49.464584 R20-M1-NB-C:J03-U11 RAS KERNEL FATAL program interrupt: trap instruction.........0
- 1118770989 2005.06.14 R21-M1-N4-C:J17-U11 2005-06-14-10.43.09.420211 R21-M1-N4-C:J17-U11 RAS KERNEL FATAL data store interrupt caused by icbi.........0
- 1118771098 2005.06.14 R26-M1-N4-C:J13-U11 2005-06-14-10.44.58.632865 R26-M1-N4-C:J13-U11 RAS KERNEL FATAL machine check enable..............0
- 1118771469 2005.06.14 R27-M1-N9-C:J03-U01 2005-06-14-10.51.09.848118 R27-M1-N9-C:J03-U01 RAS KERNEL FATAL data address space................0
- 1118771847 2005.06.14 R26-M0-N8-C:J03-U01 2005-06-14-10.57.27.640707 R26-M0-N8-C:J03-U01 RAS KERNEL FATAL guaranteed instruction cache block touch.0
- 1118772022 2005.06.14 R26-M0-N6-C:J14-U11 2005-06-14-11.00.22.056566 R26-M0-N6-C:J14-U11 RAS KERNEL FATAL icache prefetch depth....................0
- 1118772337 2005.06.14 R24-M0-N7-C:J06-U01 2005-06-14-11.05.37.845720 R24-M0-N7-C:J06-U01 RAS KERNEL FATAL critical input interrupt enable...0
- 1118773031 2005.06.14 R21-M0-N2-C:J17-U11 2005-06-14-11.17.11.514583 R21-M0-N2-C:J17-U11 RAS KERNEL FATAL floating pt ex mode 0 enable......0
- 1118773772 2005.06.14 R24-M1-N0-C:J04-U11 2005-06-14-11.29.32.480633 R24-M1-N0-C:J04-U11 RAS KERNEL FATAL data address space................0
- 1118773941 2005.06.14 R20-M1-NA-C:J04-U01 2005-06-14-11.32.21.174785 R20-M1-NA-C:J04-U01 RAS KERNEL FATAL disable store gathering..................0
- 1118810502 2005.06.14 R02-M1-N0-C:J12-U11 2005-06-14-21.41.42.351016 R02-M1-N0-C:J12-U11 RAS KERNEL INFO instruction cache parity error corrected
- 1118846432 2005.06.15 R22-M0-NE-C:J04-U11 2005-06-15-07.40.32.710710 R22-M0-NE-C:J04-U11 RAS KERNEL INFO generating core.15
- 1118852913 2005.06.15 R02-M1-N0-C:J12-U11 2005-06-15-09.28.33.631142 R02-M1-N0-C:J12-U11 RAS KERNEL INFO instruction cache parity error corrected
- 1118915888 2005.06.16 R20-M1-N7-C:J08-U11 2005-06-16-02.58.08.116468 R20-M1-N7-C:J08-U11 RAS KERNEL INFO generating core.42
APPREAD 1118958902 2005.06.16 R32-M1-N8-I:J18-U01 2005-06-16-14.55.02.074340 R32-M1-N8-I:J18-U01 RAS APP FATAL ciod: failed to read message prefix on control stream (CioStream socket to 172.16.96.116:51706
- 1119166494 2005.06.19 R01-M1-N4-C:J07-U01 2005-06-19-00.34.54.479358 R01-M1-N4-C:J07-U01 RAS KERNEL INFO generating core.2486
- 1119291291 2005.06.20 R13-M1-N8-C:J05-U11 2005-06-20-11.14.51.439913 R13-M1-N8-C:J05-U11 RAS KERNEL INFO generating core.7615
- 1119377709 2005.06.21 R24-M1-NB-C:J11-U01 2005-06-21-11.15.09.415157 R24-M1-NB-C:J11-U01 RAS KERNEL INFO generating core.721
- 1119475796 2005.06.22 R22-M0-NA-C:J02-U11 2005-06-22-14.29.56.824423 R22-M0-NA-C:J02-U11 RAS KERNEL INFO 199680 double-hummer alignment exceptions
- 1119571364 2005.06.23 R23-M1-N7-C:J14-U01 2005-06-23-17.02.44.950044 R23-M1-N7-C:J14-U01 RAS KERNEL INFO 3091200 double-hummer alignment exceptions
- 1119695647 2005.06.25 R31-M1-ND-C:J05-U01 2005-06-25-03.34.07.686513 R31-M1-ND-C:J05-U01 RAS KERNEL INFO 259966605 double-hummer alignment exceptions
- 1119715242 2005.06.25 R21-M0-ND-C:J03-U11 2005-06-25-09.00.42.287070 R21-M0-ND-C:J03-U11 RAS KERNEL INFO generating core.19579
- 1119715567 2005.06.25 R23-M1-N6-C:J14-U01 2005-06-25-09.06.07.234215 R23-M1-N6-C:J14-U01 RAS KERNEL INFO generating core.10140
- 1119715845 2005.06.25 R17-M1-N9-C:J16-U01 2005-06-25-09.10.45.117528 R17-M1-N9-C:J16-U01 RAS KERNEL INFO generating core.14856
- 1119725148 2005.06.25 R31-M1-N2-C:J07-U01 2005-06-25-11.45.48.948077 R31-M1-N2-C:J07-U01 RAS KERNEL INFO generating core.54486
- 1119725476 2005.06.25 R33-M0-N1-C:J11-U11 2005-06-25-11.51.16.800981 R33-M0-N1-C:J11-U11 RAS KERNEL INFO generating core.49137
- 1119799504 2005.06.26 R01-M1-ND-C:J15-U11 2005-06-26-08.25.04.032782 R01-M1-ND-C:J15-U11 RAS KERNEL INFO CE sym 5, at 0x11042a80, mask 0x04
- 1119803207 2005.06.26 R05-M1-N9-C:J14-U11 2005-06-26-09.26.47.879500 R05-M1-N9-C:J14-U11 RAS KERNEL INFO program interrupt: privileged instruction...0
- 1119803693 2005.06.26 R00-M1-N3-C:J11-U01 2005-06-26-09.34.53.251232 R00-M1-N3-C:J11-U01 RAS KERNEL INFO program interrupt: unimplemented operation..0
- 1119807051 2005.06.26 R05-M0-N6-C:J06-U11 2005-06-26-10.30.51.645473 R05-M0-N6-C:J06-U11 RAS KERNEL INFO exception syndrome register: 0x08000000
- 1119977619 2005.06.28 R02-M1-NE 2005-06-28-09.53.39.479164 R02-M1-NE NULL DISCOVERY WARNING Node card is not fully functional
- 1120092016 2005.06.29 R05-M1-ND-C:J06-U11 2005-06-29-17.40.16.155721 R05-M1-ND-C:J06-U11 RAS KERNEL INFO generating core.1177
- 1120145091 2005.06.30 R26-M0-NA-C:J17-U11 2005-06-30-08.24.51.228685 R26-M0-NA-C:J17-U11 RAS KERNEL INFO generating core.29308
- 1120145688 2005.06.30 R11-M0-N9-C:J03-U11 2005-06-30-08.34.48.113948 R11-M0-N9-C:J03-U11 RAS KERNEL INFO generating core.23659
- 1120146112 2005.06.30 R15-M1-N4-C:J09-U11 2005-06-30-08.41.52.056302 R15-M1-N4-C:J09-U11 RAS KERNEL INFO generating core.10734
- 1120149021 2005.06.30 R23-M1-ND-C:J16-U01 2005-06-30-09.30.21.891142 R23-M1-ND-C:J16-U01 RAS KERNEL INFO generating core.5512
- 1120209808 2005.07.01 R07-M1-NC-C:J12-U11 2005-07-01-02.23.28.948917 R07-M1-NC-C:J12-U11 RAS KERNEL INFO generating core.1165
- 1120216246 2005.07.01 R31-M1-N5-C:J11-U01 2005-07-01-04.10.46.426573 R31-M1-N5-C:J11-U01 RAS KERNEL INFO generating core.9825
- 1120217012 2005.07.01 R16-M1-N6-C:J15-U01 2005-07-01-04.23.32.012882 R16-M1-N6-C:J15-U01 RAS KERNEL INFO generating core.8628
- 1120217184 2005.07.01 R11-M1-N2-C:J11-U11 2005-07-01-04.26.24.856056 R11-M1-N2-C:J11-U11 RAS KERNEL INFO generating core.3389
- 1120259941 2005.07.01 R25-M1-N2-C:J08-U01 2005-07-01-16.19.01.600033 R25-M1-N2-C:J08-U01 RAS KERNEL INFO 1146800 double-hummer alignment exceptions
- 1120262185 2005.07.01 R35-M1-N7-C:J04-U01 2005-07-01-16.56.25.711911 R35-M1-N7-C:J04-U01 RAS KERNEL INFO 1146800 double-hummer alignment exceptions
- 1120263168 2005.07.01 R24-M0-N3-C:J09-U01 2005-07-01-17.12.48.485919 R24-M0-N3-C:J09-U01 RAS KERNEL INFO 1146800 double-hummer alignment exceptions
- 1120265591 2005.07.01 R30-M1-NB-C:J17-U11 2005-07-01-17.53.11.746402 R30-M1-NB-C:J17-U11 RAS KERNEL INFO 458720 double-hummer alignment exceptions
- 1120266925 2005.07.01 R25-M1-N2-C:J10-U01 2005-07-01-18.15.25.287847 R25-M1-N2-C:J10-U01 RAS KERNEL INFO 1146800 double-hummer alignment exceptions
- 1120351719 2005.07.02 R05-M0-NC-C:J04-U01 2005-07-02-17.48.39.742843 R05-M0-NC-C:J04-U01 RAS KERNEL INFO generating core.1351
- 1120447377 2005.07.03 R23-M1-N5-C:J03-U11 2005-07-03-20.22.57.506170 R23-M1-N5-C:J03-U11 RAS KERNEL INFO generating core.6139
- 1120449800 2005.07.03 R21-M1-ND-C:J14-U01 2005-07-03-21.03.20.655726 R21-M1-ND-C:J14-U01 RAS KERNEL INFO generating core.22024
- 1120469698 2005.07.04 R31-M0-N9-C:J04-U11 2005-07-04-02.34.58.039555 R31-M0-N9-C:J04-U11 RAS KERNEL INFO generating core.7187
- 1120487397 2005.07.04 R26-M1-NA-C:J17-U01 2005-07-04-07.29.57.172516 R26-M1-NA-C:J17-U01 RAS KERNEL INFO generating core.2348
- 1120658382 2005.07.06 R27-M1-N1-C:J02-U11 2005-07-06-06.59.42.777345 R27-M1-N1-C:J02-U11 RAS KERNEL INFO 1 torus receiver z+ input pipe error(s) (dcr 0x02f0) detected and corrected
- 1120772538 2005.07.07 R01-M1-N8-C:J06-U01 2005-07-07-14.42.18.270771 R01-M1-N8-C:J06-U01 RAS KERNEL INFO generating core.2950
- 1120776206 2005.07.07 R20-M0-N5-C:J16-U01 2005-07-07-15.43.26.852210 R20-M0-N5-C:J16-U01 RAS KERNEL INFO 633283776 double-hummer alignment exceptions
- 1120788544 2005.07.07 R10-M0-NB-C:J02-U11 2005-07-07-19.09.04.167736 R10-M0-NB-C:J02-U11 RAS KERNEL INFO generating core.62507
- 1120923499 2005.07.09 R33-M0-N9-C:J04-U11 2005-07-09-08.38.19.481016 R33-M0-N9-C:J04-U11 RAS KERNEL INFO generating core.7571
- 1120928332 2005.07.09 R25-M0-N4-C:J10-U11 2005-07-09-09.58.52.758252 R25-M0-N4-C:J10-U11 RAS KERNEL INFO generating core.9949
- 1120931244 2005.07.09 R37-M1-N7-C:J11-U01 2005-07-09-10.47.24.204096 R37-M1-N7-C:J11-U01 RAS KERNEL INFO generating core.18129
- 1120932365 2005.07.09 R31-M1-N9-C:J15-U11 2005-07-09-11.06.05.052923 R31-M1-N9-C:J15-U11 RAS KERNEL INFO generating core.23664
- 1120932709 2005.07.09 R20-M1-N2-C:J10-U11 2005-07-09-11.11.49.090815 R20-M1-N2-C:J10-U11 RAS KERNEL INFO generating core.38077
- 1120934069 2005.07.09 R21-M1-NF-C:J17-U11 2005-07-09-11.34.29.833311 R21-M1-NF-C:J17-U11 RAS KERNEL INFO generating core.41080
- 1120934940 2005.07.09 R01-M1-NF-C:J15-U01 2005-07-09-11.49.00.675162 R01-M1-NF-C:J15-U01 RAS KERNEL INFO generating core.50240
- 1120935238 2005.07.09 R22-M1-N0-C:J05-U11 2005-07-09-11.53.58.430277 R22-M1-N0-C:J05-U11 RAS KERNEL INFO generating core.7167
- 1120935660 2005.07.09 R01-M0-NC-C:J04-U01 2005-07-09-12.01.00.789241 R01-M0-NC-C:J04-U01 RAS KERNEL INFO generating core.10247
- 1120938043 2005.07.09 R23-M0-N6-C:J06-U11 2005-07-09-12.40.43.695648 R23-M0-N6-C:J06-U11 RAS KERNEL INFO generating core.51134
- 1120938420 2005.07.09 R00-M0-N6-C:J12-U01 2005-07-09-12.47.00.644304 R00-M0-N6-C:J12-U01 RAS KERNEL INFO generating core.133
- 1120938682 2005.07.09 R01-M0-N9-C:J03-U11 2005-07-09-12.51.22.917676 R01-M0-N9-C:J03-U11 RAS KERNEL INFO generating core.15459
- 1120939783 2005.07.09 R20-M1-N6-C:J03-U01 2005-07-09-13.09.43.917357 R20-M1-N6-C:J03-U01 RAS KERNEL INFO generating core.34015
- 1120940220 2005.07.09 R27-M0-N1-C:J05-U01 2005-07-09-13.17.00.152550 R27-M0-N1-C:J05-U01 RAS KERNEL INFO generating core.23259
- 1120940402 2005.07.09 R10-M0-NE-C:J04-U11 2005-07-09-13.20.02.961250 R10-M0-NE-C:J04-U11 RAS KERNEL INFO generating core.57391
- 1120953127 2005.07.09 R27-M0-N6-C:J05-U11 2005-07-09-16.52.07.005910 R27-M0-N6-C:J05-U11 RAS KERNEL INFO generating core.8575
- 1120956526 2005.07.09 R37-M1-N7-C:J17-U01 2005-07-09-17.48.46.717674 R37-M1-N7-C:J17-U01 RAS KERNEL INFO generating core.8544
- 1120957404 2005.07.09 R05-M1-N2-C:J06-U01 2005-07-09-18.03.24.488333 R05-M1-N2-C:J06-U01 RAS KERNEL INFO generating core.2790
- 1120967799 2005.07.09 R17-M0-NF-C:J13-U11 2005-07-09-20.56.39.594043 R17-M0-NF-C:J13-U11 RAS KERNEL INFO 1365301360 double-hummer alignment exceptions
- 1120968120 2005.07.09 R30-M0-N3-C:J08-U11 2005-07-09-21.02.00.766575 R30-M0-N3-C:J08-U11 RAS KERNEL INFO generating core.18514
- 1120968585 2005.07.09 R20-M1-N8-C:J03-U01 2005-07-09-21.09.45.813839 R20-M1-N8-C:J03-U01 RAS KERNEL INFO generating core.20015
- 1120969022 2005.07.09 R30-M1-N1-C:J12-U01 2005-07-09-21.17.02.803088 R30-M1-N1-C:J12-U01 RAS KERNEL INFO generating core.15425
- 1120969179 2005.07.09 R31-M1-N7-C:J03-U01 2005-07-09-21.19.39.649600 R31-M1-N7-C:J03-U01 RAS KERNEL INFO generating core.8803
- 1120969432 2005.07.09 R27-M0-N3-C:J04-U01 2005-07-09-21.23.52.155670 R27-M0-N3-C:J04-U01 RAS KERNEL INFO generating core.26955
- 1120969704 2005.07.09 R27-M1-N8-C:J08-U11 2005-07-09-21.28.24.603741 R27-M1-N8-C:J08-U11 RAS KERNEL INFO generating core.23838
- 1120972565 2005.07.09 R01-M1-N7-C:J11-U11 2005-07-09-22.16.05.307549 R01-M1-N7-C:J11-U11 RAS KERNEL INFO generating core.2233
- 1121006557 2005.07.10 R24-M0-N3-C:J02-U01 2005-07-10-07.42.37.036562 R24-M0-N3-C:J02-U01 RAS KERNEL INFO generating core.31435
- 1121006825 2005.07.10 R37-M0-N2-C:J05-U11 2005-07-10-07.47.05.910036 R37-M0-N2-C:J05-U11 RAS KERNEL INFO generating core.6519
- 1121111691 2005.07.11 R22-M0-N0-I:J18-U11 2005-07-11-12.54.51.738880 R22-M0-N0-I:J18-U11 RAS APP FATAL ciod: Error loading /home/greeno/raptor.new.dev.3d.BGL.CXX_XL.MPI.ex: invalid or missing program image, No such file or directory
- 1121172266 2005.07.12 R34-M0-N2-C:J04-U11 2005-07-12-05.44.26.319459 R34-M0-N2-C:J04-U11 RAS KERNEL INFO generating core.2263
- 1121172957 2005.07.12 R11-M1-N6-C:J16-U11 2005-07-12-05.55.57.631026 R11-M1-N6-C:J16-U11 RAS KERNEL INFO generating core.2092
- 1121252377 2005.07.13 R30-M1-N2-C:J11-U11 2005-07-13-03.59.37.615097 R30-M1-N2-C:J11-U11 RAS KERNEL INFO 112762744 double-hummer alignment exceptions
- 1121252594 2005.07.13 R36-M0-N4-C:J04-U01 2005-07-13-04.03.14.251132 R36-M0-N4-C:J04-U01 RAS KERNEL INFO 113982272 double-hummer alignment exceptions
- 1121252955 2005.07.13 R11-M1-N3-C:J10-U11 2005-07-13-04.09.15.514952 R11-M1-N3-C:J10-U11 RAS KERNEL INFO 116332728 double-hummer alignment exceptions
- 1121256538 2005.07.13 R31-M0-N1-C:J09-U01 2005-07-13-05.08.58.429347 R31-M0-N1-C:J09-U01 RAS KERNEL INFO generating core.47314
- 1121268169 2005.07.13 R32-M1-N8-C:J05-U01 2005-07-13-08.22.49.590817 R32-M1-N8-C:J05-U01 RAS KERNEL INFO CE sym 16, at 0x0456cd40, mask 0x04
- 1121308295 2005.07.13 R31-M1-N5-C:J17-U11 2005-07-13-19.31.35.927185 R31-M1-N5-C:J17-U11 RAS KERNEL INFO generating core.25712
- 1121308757 2005.07.13 R20-M0-N0-C:J06-U11 2005-07-13-19.39.17.229626 R20-M0-N0-C:J06-U11 RAS KERNEL INFO generating core.15966
- 1121310909 2005.07.13 R33-M1-ND-C:J05-U11 2005-07-13-20.15.09.106661 R33-M1-ND-C:J05-U11 RAS KERNEL INFO generating core.9651
- 1121311141 2005.07.13 R25-M1-N6-C:J07-U11 2005-07-13-20.19.01.767232 R25-M1-N6-C:J07-U11 RAS KERNEL INFO generating core.4862
- 1121311518 2005.07.13 R32-M0-NC-C:J14-U11 2005-07-13-20.25.18.627085 R32-M0-NC-C:J14-U11 RAS KERNEL INFO generating core.18324
- 1121312054 2005.07.13 R33-M1-NA-C:J12-U11 2005-07-13-20.34.14.390511 R33-M1-NA-C:J12-U11 RAS KERNEL INFO generating core.10645
- 1121312306 2005.07.13 R35-M1-N0-C:J13-U01 2005-07-13-20.38.26.141724 R35-M1-N0-C:J13-U01 RAS KERNEL INFO generating core.11493
- 1121313534 2005.07.13 R20-M1-N9-C:J12-U11 2005-07-13-20.58.54.994815 R20-M1-N9-C:J12-U11 RAS KERNEL INFO generating core.19481
- 1121313856 2005.07.13 R33-M0-N2-C:J15-U11 2005-07-13-21.04.16.708949 R33-M0-N2-C:J15-U11 RAS KERNEL INFO generating core.7156
- 1121313974 2005.07.13 R21-M0-N9-C:J17-U11 2005-07-13-21.06.14.855951 R21-M0-N9-C:J17-U11 RAS KERNEL INFO generating core.27704
- 1121442061 2005.07.15 R00-M0-NA-C:J04-U01 2005-07-15-08.41.01.843236 R00-M0-NA-C:J04-U01 RAS KERNEL INFO generating core.4615
- 1121493806 2005.07.15 R36-M1-ND-C:J04-U11 2005-07-15-23.03.26.814988 R36-M1-ND-C:J04-U11 RAS KERNEL INFO generating core.59955
- 1121494252 2005.07.15 R33-M0-NF-C:J11-U01 2005-07-15-23.10.52.087816 R33-M0-NF-C:J11-U01 RAS KERNEL INFO generating core.42833
- 1121495496 2005.07.15 R20-M0-N5-C:J03-U01 2005-07-15-23.31.36.540561 R20-M0-N5-C:J03-U01 RAS KERNEL INFO generating core.27867
- 1121495976 2005.07.15 R12-M1-N7-C:J08-U11 2005-07-15-23.39.36.355775 R12-M1-N7-C:J08-U11 RAS KERNEL INFO generating core.33706
- 1121496382 2005.07.15 R11-M1-NA-C:J11-U01 2005-07-15-23.46.22.277125 R11-M1-NA-C:J11-U01 RAS KERNEL INFO generating core.46157
- 1121597882 2005.07.17 R22-M0-N7-C:J17-U01 2005-07-17-03.58.02.994632 R22-M0-N7-C:J17-U01 RAS KERNEL INFO generating core.58328
- 1121598150 2005.07.17 R23-M0-NA-C:J09-U11 2005-07-17-04.02.30.872103 R23-M0-NA-C:J09-U11 RAS KERNEL INFO generating core.21374
- 1121598678 2005.07.17 R10-M1-N6-C:J13-U11 2005-07-17-04.11.18.510363 R10-M1-N6-C:J13-U11 RAS KERNEL INFO generating core.237
- 1121599219 2005.07.17 R01-M0-ND-C:J16-U01 2005-07-17-04.20.19.372170 R01-M0-ND-C:J16-U01 RAS KERNEL INFO generating core.43008
- 1121599612 2005.07.17 R00-M1-N0-C:J08-U11 2005-07-17-04.26.52.789085 R00-M1-N0-C:J08-U11 RAS KERNEL INFO generating core.30886
- 1121707362 2005.07.18 R36-M1-N8-C:J06-U01 2005-07-18-10.22.42.290042 R36-M1-N8-C:J06-U01 RAS KERNEL INFO generating core.16134
- 1121736053 2005.07.18 R02-M1-N5-C:J17-U01 2005-07-18-18.20.53.293303 R02-M1-N5-C:J17-U01 RAS KERNEL INFO generating core.176
- 1121901038 2005.07.20 R16-M0-N3-C:J11-U01 2005-07-20-16.10.38.843234 R16-M0-N3-C:J11-U01 RAS KERNEL INFO 8 floating point alignment exceptions
- 1121901372 2005.07.20 R35-M1-N4-C:J17-U01 2005-07-20-16.16.12.601313 R35-M1-N4-C:J17-U01 RAS KERNEL INFO 8 floating point alignment exceptions
- 1121902797 2005.07.20 R27-M1-NC-C:J15-U01 2005-07-20-16.39.57.764472 R27-M1-NC-C:J15-U01 RAS KERNEL INFO 8 floating point alignment exceptions
- 1121903679 2005.07.20 R32-M0-N3-C:J08-U11 2005-07-20-16.54.39.433528 R32-M0-N3-C:J08-U11 RAS KERNEL INFO 8 floating point alignment exceptions
- 1121904574 2005.07.20 R10-M1-ND-C:J17-U11 2005-07-20-17.09.34.845947 R10-M1-ND-C:J17-U11 RAS KERNEL INFO 8 floating point alignment exceptions
- 1122132758 2005.07.23 R17-M0-N7-C:J11-U01 2005-07-23-08.32.38.872396 R17-M0-N7-C:J11-U01 RAS KERNEL INFO generating core.12721
- 1122139627 2005.07.23 R01-M0-NE-C:J17-U01 2005-07-23-10.27.07.224287 R01-M0-NE-C:J17-U01 RAS KERNEL INFO 15 floating point alignment exceptions
- 1122143119 2005.07.23 R15-M1-N6-C:J02-U11 2005-07-23-11.25.19.391258 R15-M1-N6-C:J02-U11 RAS KERNEL INFO generating core.10607
- 1122144004 2005.07.23 R21-M0-NF-C:J09-U11 2005-07-23-11.40.04.831495 R21-M0-NF-C:J09-U11 RAS KERNEL INFO generating core.24634
- 1122160898 2005.07.23 R04-M0-N1-C:J10-U01 2005-07-23-16.21.38.272915 R04-M0-N1-C:J10-U01 RAS KERNEL INFO total of 23 ddr error(s) detected and corrected
- 1122164957 2005.07.23 R15-M0-N6-C:J12-U01 2005-07-23-17.29.17.315417 R15-M0-N6-C:J12-U01 RAS KERNEL INFO 15 floating point alignment exceptions
- 1122165293 2005.07.23 R12-M0-NC-C:J05-U01 2005-07-23-17.34.53.711297 R12-M0-NC-C:J05-U01 RAS KERNEL INFO generating core.15063
- 1122165588 2005.07.23 R17-M0-N4-C:J06-U11 2005-07-23-17.39.48.305148 R17-M0-N4-C:J06-U11 RAS KERNEL INFO 5 floating point alignment exceptions
- 1122165888 2005.07.23 R15-M0-NE-C:J07-U01 2005-07-23-17.44.48.654569 R15-M0-NE-C:J07-U01 RAS KERNEL INFO generating core.12630
- 1122166574 2005.07.23 R14-M1-ND-C:J17-U01 2005-07-23-17.56.14.409667 R14-M1-ND-C:J17-U01 RAS KERNEL INFO 5 floating point alignment exceptions
- 1122167432 2005.07.23 R11-M1-N9-C:J07-U11 2005-07-23-18.10.32.223048 R11-M1-N9-C:J07-U11 RAS KERNEL INFO 685 floating point alignment exceptions
- 1122244714 2005.07.24 R36-M1-N9-C:J06-U01 2005-07-24-15.38.34.839211 R36-M1-N9-C:J06-U01 RAS KERNEL INFO CE sym 25, at 0x155e28e0, mask 0x08
- 1122256630 2005.07.24 R10-M0-N2-C:J10-U11 2005-07-24-18.57.10.497267 R10-M0-N2-C:J10-U11 RAS KERNEL INFO generating core.62637
- 1122334283 2005.07.25 R05-M1-N0-C:J12-U01 2005-07-25-16.31.23.780557 R05-M1-N0-C:J12-U01 RAS KERNEL INFO generating core.2917
- 1122430512 2005.07.26 R23-M1-N7-C:J10-U01 2005-07-26-19.15.12.085226 R23-M1-N7-C:J10-U01 RAS KERNEL INFO generating core.42905
- 1122430783 2005.07.26 R20-M0-NB-C:J02-U11 2005-07-26-19.19.43.766607 R20-M0-NB-C:J02-U11 RAS KERNEL INFO generating core.29755
- 1122431319 2005.07.26 R16-M0-ND-C:J17-U01 2005-07-26-19.28.39.681757 R16-M0-ND-C:J17-U01 RAS KERNEL INFO generating core.59976
- 1122431669 2005.07.26 R07-M1-N6-C:J14-U11 2005-07-26-19.34.29.061235 R07-M1-N6-C:J14-U11 RAS KERNEL INFO generating core.18084
- 1123021638 2005.08.02 UNKNOWN_LOCATION 2005-08-02-15.27.18.161989 UNKNOWN_LOCATION NULL DISCOVERY INFO New ido chip inserted into the database: FF:F2:9F:15:1F:72:00:0D:60:EA:E0:8D ip=10.7.0.13 v=9 t=2
- 1123060215 2005.08.03 UNKNOWN_LOCATION 2005-08-03-02.10.15.206558 UNKNOWN_LOCATION NULL DISCOVERY SEVERE Can not get assembly information for node card
- 1123110844 2005.08.03 NULL 2005-08-03-16.14.04.704650 NULL RAS MMCS ERROR idoproxydb hit ASSERT condition: ASSERT expression=0 Source file=idotransportmgr.cpp Source line=1043 Function=int IdoTransportMgr::SendPacket(IdoUdpMgr*, BglCtlPavTrace*)
- 1123195083 2005.08.04 UNKNOWN_LOCATION 2005-08-04-15.38.03.475517 UNKNOWN_LOCATION NULL DISCOVERY INFO Ido chip status changed: FF:F2:9F:16:EB:27:00:0D:60:E9:14:D8 ip=10.0.2.192 v=13 t=4 status=M Thu Aug 04 15:29:45 PDT 2005
- 1123609246 2005.08.09 R51-M1-ND 2005-08-09-10.40.46.749252 R51-M1-ND NULL DISCOVERY WARNING Node card is not fully functional
- 1123685937 2005.08.10 R14-M1-N0-C:J07-U11 2005-08-10-07.58.57.502279 R14-M1-N0-C:J07-U11 RAS KERNEL INFO total of 1 ddr error(s) detected and corrected
- 1123914551 2005.08.12 R57-M1-N0-I:J18-U01 2005-08-12-23.29.11.430269 R57-M1-N0-I:J18-U01 RAS APP FATAL ciod: Error loading /bgl/apps/scaletest/performance/MINIBEN/mb_243_0810/allreduce.rts: invalid or missing program image, Exec format error
- 1123914895 2005.08.12 R16-M1-N0-I:J18-U11 2005-08-12-23.34.55.201666 R16-M1-N0-I:J18-U11 RAS APP FATAL ciod: Error loading /bgl/apps/scaletest/performance/MINIBEN/mb_243_0810/allreduce.rts: invalid or missing program image, Exec format error
- 1123976348 2005.08.13 R60-M1-NC-I:J18-U01 2005-08-13-16.39.08.734879 R60-M1-NC-I:J18-U01 RAS APP FATAL ciod: Error loading /bgl/apps/scaletest/stability/MDCASK/WORK/65576/inferno: invalid or missing program image, No such file or directory
- 1124306491 2005.08.17 R12-M0-N4-I:J18-U01 2005-08-17-12.21.31.579167 R12-M0-N4-I:J18-U01 RAS APP FATAL ciod: LOGIN chdir(/p/bg1/da) failed: No such file or directory
- 1124611136 2005.08.21 R11-M1-N2-C:J12-U01 2005-08-21-00.58.56.344729 R11-M1-N2-C:J12-U01 RAS KERNEL INFO CE sym 3, at 0x0b19b8a0, mask 0x08
- 1124741126 2005.08.22 R65-M0-NC-I:J18-U11 2005-08-22-13.05.26.526291 R65-M0-NC-I:J18-U11 RAS KERNEL INFO ciod: generated 128 core files for program /home/germann2/BGL-demo/SPaSM_mpi
- 1125082080 2005.08.26 R63-M1-NF-C:J03-U11 2005-08-26-11.48.00.152812 R63-M1-NF-C:J03-U11 RAS KERNEL INFO iar 003a90dc dear 00b35148
- 1125083240 2005.08.26 R61-M0-N8-C:J05-U01 2005-08-26-12.07.20.308532 R61-M0-N8-C:J05-U01 RAS KERNEL INFO 1547520 double-hummer alignment exceptions
- 1125083604 2005.08.26 R65-M1-N4-C:J06-U01 2005-08-26-12.13.24.227502 R65-M1-N4-C:J06-U01 RAS KERNEL INFO iar 003a92a0 dear 00efd518
- 1125084072 2005.08.26 R66-M1-N4-C:J06-U01 2005-08-26-12.21.12.175889 R66-M1-N4-C:J06-U01 RAS KERNEL INFO iar 003a9260 dear 01290878
- 1125084296 2005.08.26 R67-M0-ND-C:J02-U01 2005-08-26-12.24.56.862775 R67-M0-ND-C:J02-U01 RAS KERNEL INFO iar 003a9254 dear 01299f08
- 1125084437 2005.08.26 R67-M0-NB-C:J12-U11 2005-08-26-12.27.17.234946 R67-M0-NB-C:J12-U11 RAS KERNEL INFO iar 003a9260 dear 0129a9a8
- 1125084695 2005.08.26 R64-M0-N1-C:J02-U01 2005-08-26-12.31.35.708190 R64-M0-N1-C:J02-U01 RAS KERNEL INFO iar 003a926c dear 00f2b078
- 1125219610 2005.08.28 R72-M1-NA-C:J04-U11 2005-08-28-02.00.10.847914 R72-M1-NA-C:J04-U11 RAS KERNEL INFO 147337410 double-hummer alignment exceptions
- 1125221429 2005.08.28 R55-M0-N2-C:J08-U01 2005-08-28-02.30.29.169747 R55-M0-N2-C:J08-U01 RAS KERNEL INFO 23768676 double-hummer alignment exceptions
- 1125222100 2005.08.28 R47-M0-N5-C:J15-U01 2005-08-28-02.41.40.753192 R47-M0-N5-C:J15-U01 RAS KERNEL INFO 36833864 double-hummer alignment exceptions
- 1125223026 2005.08.28 R54-M0-NC-C:J09-U11 2005-08-28-02.57.06.184496 R54-M0-NC-C:J09-U11 RAS KERNEL INFO 32888202 double-hummer alignment exceptions
- 1125223894 2005.08.28 R56-M1-N9-C:J14-U01 2005-08-28-03.11.34.105667 R56-M1-N9-C:J14-U01 RAS KERNEL INFO iar 0014a150 dear 00a53af8
- 1125224445 2005.08.28 R45-M0-N6-C:J14-U01 2005-08-28-03.20.45.069861 R45-M0-N6-C:J14-U01 RAS KERNEL INFO iar 00149f88 dear 00996f88
- 1125379628 2005.08.29 R26-M0-NC-I:J18-U01 2005-08-29-22.27.08.904529 R26-M0-NC-I:J18-U01 RAS KERNEL INFO ciod: generated 64 core files for program IMB-MPI1.2MB_perf
KERNMNTF 1125692642 2005.09.02 R10-M1-N4-I:J18-U01 2005-09-02-13.24.02.308650 R10-M1-N4-I:J18-U01 RAS KERNEL FATAL Lustre mount FAILED : bglio136 : point /p/gb1
- 1125817576 2005.09.04 R70-M1-NC-C:J09-U11 2005-09-04-00.06.16.089830 R70-M1-NC-C:J09-U11 RAS KERNEL INFO CE sym 26, at 0x146ad540, mask 0x10
- 1126272208 2005.09.09 R50-M0-NF-C:J10-U01 2005-09-09-06.23.28.274924 R50-M0-NF-C:J10-U01 RAS KERNEL INFO 1 ddr errors(s) detected and corrected on rank 0, symbol 3, bit 6
- 1126587645 2005.09.12 R63-M1-NC-C:J06-U01 2005-09-12-22.00.45.953966 R63-M1-NC-C:J06-U01 RAS KERNEL INFO total of 1 ddr error(s) detected and corrected
- 1127147534 2005.09.19 R01-M0-NC-I:J18-U01 2005-09-19-09.32.14.136187 R01-M0-NC-I:J18-U01 RAS APP FATAL ciod: LOGIN chdir(/home/spelce1/UMT2K/umt2k/ckpt_umt2k_src/TEST/NEW_TEST) failed: No such file or directory
- 1127243214 2005.09.20 NULL 2005-09-20-12.06.54.769367 NULL RAS MMCS ERROR idoproxydb hit ASSERT condition: ASSERT expression=0 Source file=idotransportmgr.cpp Source line=1043 Function=int IdoTransportMgr::SendPacket(IdoUdpMgr*, BglCtlPavTrace*)
- 1127243352 2005.09.20 NULL 2005-09-20-12.09.12.363370 NULL RAS MMCS ERROR idoproxydb hit ASSERT condition: ASSERT expression=0 Source file=idotransportmgr.cpp Source line=1043 Function=int IdoTransportMgr::SendPacket(IdoUdpMgr*, BglCtlPavTrace*)
- 1127243412 2005.09.20 NULL 2005-09-20-12.10.12.752571 NULL RAS MMCS ERROR idoproxydb hit ASSERT condition: ASSERT expression=0 Source file=idotransportmgr.cpp Source line=1043 Function=int IdoTransportMgr::SendPacket(IdoUdpMgr*, BglCtlPavTrace*)
- 1127243560 2005.09.20 NULL 2005-09-20-12.12.40.943077 NULL RAS MMCS ERROR idoproxydb hit ASSERT condition: ASSERT expression=0 Source file=idotransportmgr.cpp Source line=1043 Function=int IdoTransportMgr::SendPacket(IdoUdpMgr*, BglCtlPavTrace*)
- 1127264347 2005.09.20 R72-M0-N8-I:J18-U01 2005-09-20-17.59.07.131519 R72-M0-N8-I:J18-U01 RAS APP FATAL ciod: Error loading /home/yates//torus-latency.rts: invalid or missing program image, No such file or directory
- 1127265535 2005.09.20 R23-M1-N8-I:J18-U11 2005-09-20-18.18.55.570301 R23-M1-N8-I:J18-U11 RAS APP FATAL ciod: LOGIN chdir(/bgl/apps/SWL/performance/MINIBEN///2005.09.20-18.06.05) failed: No such file or directory
- 1127464994 2005.09.23 R35-M1-NE-C:J09-U01 2005-09-23-01.43.14.910997 R35-M1-NE-C:J09-U01 RAS KERNEL INFO CE sym 26, at 0x022c3fc0, mask 0x40
- 1127781971 2005.09.26 R34-M0-N8-I:J18-U11 2005-09-26-17.46.11.092617 R34-M0-N8-I:J18-U11 RAS KERNEL INFO ciod: generated 128 core files for program /bgl/apps/SWL/stability/DDCMD//ddcMDbglV
- 1128114748 2005.09.30 R11-M1-NE-C:J17-U01 2005-09-30-14.12.28.114880 R11-M1-NE-C:J17-U01 RAS KERNEL INFO CE sym 9, at 0x11b9cc60, mask 0x04
APPSEV 1128597888 2005.10.06 R56-M0-N0-I:J18-U01 2005-10-06-04.24.48.021229 R56-M0-N0-I:J18-U01 RAS APP FATAL ciod: Error reading message prefix after LOAD_MESSAGE on CioStream socket to 172.16.96.116:53591: Link has been severed
- 1129158022 2005.10.12 R23-M0-N8-C:J15-U11 2005-10-12-16.00.22.364012 R23-M0-N8-C:J15-U11 RAS KERNEL INFO CE sym 5, at 0x13253280, mask 0x04
- 1129270727 2005.10.13 R30-M0-N5-C:J05-U01 2005-10-13-23.18.47.295678 R30-M0-N5-C:J05-U01 RAS KERNEL INFO CE sym 14, at 0x17086be0, mask 0x02
- 1129456912 2005.10.16 R24-M0-N4-I:J18-U01 2005-10-16-03.01.52.266920 R24-M0-N4-I:J18-U01 RAS KERNEL INFO ciod: generated 58 core files for program /home/spelce1/HPCC_IBM/Urgent/COP/64K/opt_co_dc.rts
- 1129552512 2005.10.17 R02-M0-N4-C:J04-U11 2005-10-17-05.35.12.825443 R02-M0-N4-C:J04-U11 RAS KERNEL INFO data cache search parity error detected. attempting to correct
- 1129897177 2005.10.21 R07-M1-N0-C:J17-U01 2005-10-21-05.19.37.093437 R07-M1-N0-C:J17-U01 RAS KERNEL INFO total of 1 ddr error(s) detected and corrected
- 1130645609 2005.10.29 R06-M0-N9-C:J02-U01 2005-10-29-21.13.29.183062 R06-M0-N9-C:J02-U01 RAS KERNEL INFO CE sym 29, at 0x1b719940, mask 0x02
- 1131030168 2005.11.03 R54-M1-N8-I:J18-U01 2005-11-03-07.02.48.152436 R54-M1-N8-I:J18-U01 RAS APP FATAL ciod: Error loading /g/g0/spelce1/HPCC_IBM/Urgent/COP/64K/RandomAccess.64R.rts: invalid or missing program image, Permission denied
- 1131057899 2005.11.03 R61-M0-NC-C:J03-U11 2005-11-03-14.44.59.509719 R61-M0-NC-C:J03-U11 RAS KERNEL INFO iar 00106210 dear 0244c20c
- 1131058125 2005.11.03 R61-M0-N1-C:J05-U11 2005-11-03-14.48.45.760239 R61-M0-N1-C:J05-U11 RAS KERNEL INFO iar 00106228 dear 0244c21c
- 1131058319 2005.11.03 R67-M0-ND-C:J03-U01 2005-11-03-14.51.59.126492 R67-M0-ND-C:J03-U01 RAS KERNEL INFO iar 00106228 dear 0244c1ec
- 1131059158 2005.11.03 R67-M0-N8-C:J02-U01 2005-11-03-15.05.58.736742 R67-M0-N8-C:J02-U01 RAS KERNEL INFO 640404 floating point alignment exceptions
- 1131059444 2005.11.03 R66-M1-N9-C:J03-U11 2005-11-03-15.10.44.315723 R66-M1-N9-C:J03-U11 RAS KERNEL INFO iar 001061dc dear 0244c22c
- 1131059703 2005.11.03 R67-M0-N2-C:J07-U11 2005-11-03-15.15.03.617956 R67-M0-N2-C:J07-U11 RAS KERNEL INFO iar 00106228 dear 0244c24c
- 1131060196 2005.11.03 R67-M1-NA-C:J03-U11 2005-11-03-15.23.16.963770 R67-M1-NA-C:J03-U11 RAS KERNEL INFO iar 00106580 dear 02494bcc
- 1131060431 2005.11.03 R66-M1-ND-C:J12-U11 2005-11-03-15.27.11.996914 R66-M1-ND-C:J12-U11 RAS KERNEL INFO iar 00106568 dear 02494bec
- 1131061480 2005.11.03 R61-M0-N8-C:J03-U01 2005-11-03-15.44.40.306019 R61-M0-N8-C:J03-U01 RAS KERNEL INFO 2354412 floating point alignment exceptions
- 1131061838 2005.11.03 R62-M0-N9-C:J12-U01 2005-11-03-15.50.38.592985 R62-M0-N9-C:J12-U01 RAS KERNEL INFO iar 00106580 dear 045e148c
- 1131063785 2005.11.03 R54-M1-N2-C:J06-U01 2005-11-03-16.23.05.085001 R54-M1-N2-C:J06-U01 RAS KERNEL INFO 2354412 floating point alignment exceptions
- 1131065341 2005.11.03 R25-M1-N5-C:J16-U01 2005-11-03-16.49.01.163874 R25-M1-N5-C:J16-U01 RAS KERNEL INFO 2354412 floating point alignment exceptions
- 1131125457 2005.11.04 R62-M0-NE-C:J08-U01 2005-11-04-09.30.57.389794 R62-M0-NE-C:J08-U01 RAS KERNEL INFO iar 0010662c dear 0245ccfc
- 1131126144 2005.11.04 R62-M0-NB-C:J16-U11 2005-11-04-09.42.24.810298 R62-M0-NB-C:J16-U11 RAS KERNEL INFO iar 00106bd8 dear 0245cd9c
- 1131126706 2005.11.04 R62-M0-N6-C:J16-U01 2005-11-04-09.51.46.538961 R62-M0-N6-C:J16-U01 RAS KERNEL INFO iar 00106834 dear 0245cd0c
- 1131127257 2005.11.04 R62-M0-N9-C:J10-U11 2005-11-04-10.00.57.413635 R62-M0-N9-C:J10-U11 RAS KERNEL INFO iar 00106704 dear 0245b83c
- 1131127560 2005.11.04 R62-M0-N7-C:J05-U11 2005-11-04-10.06.00.288313 R62-M0-N7-C:J05-U11 RAS KERNEL INFO iar 00106390 dear 02f67cfc
- 1131128061 2005.11.04 R62-M0-N7-C:J16-U01 2005-11-04-10.14.21.410156 R62-M0-N7-C:J16-U01 RAS KERNEL INFO iar 001061cc dear 02f6667c
- 1131129716 2005.11.04 R62-M0-NC-C:J15-U11 2005-11-04-10.41.56.879911 R62-M0-NC-C:J15-U11 RAS KERNEL INFO iar 0010650c dear 0246a95c
- 1131141199 2005.11.04 R63-M0-NB-C:J05-U11 2005-11-04-13.53.19.475674 R63-M0-NB-C:J05-U11 RAS KERNEL INFO iar 001066c4 dear 025251fc
- 1131142767 2005.11.04 R62-M0-N0-C:J04-U11 2005-11-04-14.19.27.963289 R62-M0-N0-C:J04-U11 RAS KERNEL INFO iar 001066c4 dear 0252523c
- 1131148249 2005.11.04 R63-M0-N0-C:J03-U01 2005-11-04-15.50.49.414886 R63-M0-N0-C:J03-U01 RAS KERNEL INFO 407736 floating point alignment exceptions
- 1131163283 2005.11.04 R63-M0-N3-C:J02-U11 2005-11-04-20.01.23.415003 R63-M0-N3-C:J02-U11 RAS KERNEL INFO instruction cache parity error corrected
- 1131408830 2005.11.07 R63-M0-N9-C:J10-U01 2005-11-07-16.13.50.630658 R63-M0-N9-C:J10-U01 RAS KERNEL INFO iar 00105e84 dear 0244f29c
- 1131473771 2005.11.08 R62-M0-N4-C:J11-U11 2005-11-08-10.16.11.798242 R62-M0-N4-C:J11-U11 RAS KERNEL INFO iar 001061e8 dear 0247015c
- 1131477528 2005.11.08 R62-M0-N8-C:J06-U11 2005-11-08-11.18.48.319519 R62-M0-N8-C:J06-U11 RAS KERNEL INFO iar 001061e8 dear 0247012c
- 1131484346 2005.11.08 R63-M0-N6-C:J13-U01 2005-11-08-13.12.26.089394 R63-M0-N6-C:J13-U01 RAS KERNEL INFO 19220208 floating point alignment exceptions
- 1131582323 2005.11.09 R63-M0-N8-C:J14-U11 2005-11-09-16.25.23.800081 R63-M0-N8-C:J14-U11 RAS KERNEL INFO iar 00106448 dear 0246dbbc
- 1131590881 2005.11.09 R63-M0-N4-C:J05-U11 2005-11-09-18.48.01.657230 R63-M0-N4-C:J05-U11 RAS KERNEL INFO iar 00113898 dear 0fee9c4c
- 1131653512 2005.11.10 R21-M1-N3-C:J03-U11 2005-11-10-12.11.52.704752 R21-M1-N3-C:J03-U11 RAS KERNEL INFO CE sym 15, at 0x1bb2fe80, mask 0x02
- 1131720323 2005.11.11 R02-M1-N4-C:J06-U01 2005-11-11-06.45.23.635450 R02-M1-N4-C:J06-U01 RAS KERNEL INFO 1 ddr errors(s) detected and corrected on rank 0, symbol 8, bit 7
- 1132069983 2005.11.15 R34-M1-N4-I:J18-U01 2005-11-15-07.53.03.697929 R34-M1-N4-I:J18-U01 RAS KERNEL INFO ciod: generated 64 core files for program /bgl/apps/followup/hellow/a.out.1111
- 1132234526 2005.11.17 R72-M1-NE-C:J04-U01 2005-11-17-05.35.26.782649 R72-M1-NE-C:J04-U01 RAS KERNEL INFO 18507114 torus sender z- retransmission error(s) (dcr 0x02f9) detected and corrected over 198 seconds
- 1132549487 2005.11.20 R06-M1-N8-I:J18-U01 2005-11-20-21.04.47.799840 R06-M1-N8-I:J18-U01 RAS KERNEL INFO ciod: generated 128 core files for program /g/g90/glosli/src/ddcMD/ddcMD1.1.18a/bin/ddcMDbglV
- 1132585230 2005.11.21 R26-M0-N0-I:J18-U11 2005-11-21-07.00.30.773283 R26-M0-N0-I:J18-U11 RAS KERNEL INFO MACHINE CHECK DCR read timeout (mc=e08x iar 0x00000000 lr 0xc00045a4)
APPRES 1132609304 2005.11.21 R22-M0-N0-I:J18-U01 2005-11-21-13.41.44.752517 R22-M0-N0-I:J18-U01 RAS APP FATAL ciod: Error reading message prefix on CioStream socket to 172.16.96.116:52930, Connection reset by peer
APPSEV 1132853885 2005.11.24 R14-M0-N8-I:J18-U01 2005-11-24-09.38.05.459006 R14-M0-N8-I:J18-U01 RAS APP FATAL ciod: Error reading message prefix on CioStream socket to 172.16.96.116:41534, Link has been severed
APPSEV 1133044906 2005.11.26 R33-M1-N4-I:J18-U11 2005-11-26-14.41.46.876542 R33-M1-N4-I:J18-U11 RAS APP FATAL ciod: Error reading message prefix on CioStream socket to 172.16.96.116:47189, Link has been severed
- 1133310116 2005.11.29 R67-M1-N7 2005-11-29-16.21.56.855025 R67-M1-N7 NULL DISCOVERY INFO Node card VPD check: U01 node in processor card slot J05 do not match. VPD ecid 04D37DF2DE7BFFFF0D081AF0DAD2, found 04DD80740E2FFFFF0A0C19D0CEBD
- 1133447722 2005.12.01 R11-M1-NF-C:J07-U01 2005-12-01-06.35.22.172118 R11-M1-NF-C:J07-U01 RAS KERNEL INFO 0 microseconds spent in the rbs signal handler during 0 calls. 0 microseconds was the maximum time for a single instance of a correctable ddr.
- 1133447789 2005.12.01 R07-M1-N0-C:J07-U01 2005-12-01-06.36.29.326116 R07-M1-N0-C:J07-U01 RAS KERNEL INFO 0 microseconds spent in the rbs signal handler during 0 calls. 0 microseconds was the maximum time for a single instance of a correctable ddr.
- 1133448053 2005.12.01 R37-M0-N3-C:J11-U11 2005-12-01-06.40.53.513066 R37-M0-N3-C:J11-U11 RAS KERNEL INFO 10722 total interrupts. 0 critical input interrupts. 0 microseconds total spent on critical input interrupts, 0 microseconds max time in a critical input interrupt.
- 1133448166 2005.12.01 R32-M0-N4-C:J17-U11 2005-12-01-06.42.46.338885 R32-M0-N4-C:J17-U11 RAS KERNEL INFO 10732 total interrupts. 0 critical input interrupts. 0 microseconds total spent on critical input interrupts, 0 microseconds max time in a critical input interrupt.
- 1133448302 2005.12.01 R75-M0-N4-C:J12-U01 2005-12-01-06.45.02.528716 R75-M0-N4-C:J12-U01 RAS KERNEL INFO 10718 total interrupts. 0 critical input interrupts. 0 microseconds total spent on critical input interrupts, 0 microseconds max time in a critical input interrupt.
- 1133448448 2005.12.01 R73-M0-NE-C:J14-U01 2005-12-01-06.47.28.616018 R73-M0-NE-C:J14-U01 RAS KERNEL INFO 10646 total interrupts. 0 critical input interrupts. 0 microseconds total spent on critical input interrupts, 0 microseconds max time in a critical input interrupt.
- 1133448498 2005.12.01 R64-M0-N8-C:J05-U11 2005-12-01-06.48.18.151322 R64-M0-N8-C:J05-U11 RAS KERNEL INFO 0 microseconds spent in the rbs signal handler during 0 calls. 0 microseconds was the maximum time for a single instance of a correctable ddr.
- 1133448686 2005.12.01 R45-M1-N8-C:J14-U11 2005-12-01-06.51.26.654520 R45-M1-N8-C:J14-U11 RAS KERNEL INFO 10684 total interrupts. 0 critical input interrupts. 0 microseconds total spent on critical input interrupts, 0 microseconds max time in a critical input interrupt.
- 1133454582 2005.12.01 R14-M1-NA-C:J11-U11 2005-12-01-08.29.42.047463 R14-M1-NA-C:J11-U11 RAS KERNEL INFO 10738 total interrupts. 0 critical input interrupts. 0 microseconds total spent on critical input interrupts, 0 microseconds max time in a critical input interrupt.
- 1133454624 2005.12.01 R00-M0-N4-C:J09-U11 2005-12-01-08.30.24.223851 R00-M0-N4-C:J09-U11 RAS KERNEL INFO 0 microseconds spent in the rbs signal handler during 0 calls. 0 microseconds was the maximum time for a single instance of a correctable ddr.
- 1133454737 2005.12.01 R50-M1-NA-C:J11-U11 2005-12-01-08.32.17.451081 R50-M1-NA-C:J11-U11 RAS KERNEL INFO 10738 total interrupts. 0 critical input interrupts. 0 microseconds total spent on critical input interrupts, 0 microseconds max time in a critical input interrupt.
- 1133454908 2005.12.01 R32-M1-N7-C:J02-U01 2005-12-01-08.35.08.088826 R32-M1-N7-C:J02-U01 RAS KERNEL INFO 0 microseconds spent in the rbs signal handler during 0 calls. 0 microseconds was the maximum time for a single instance of a correctable ddr.
- 1133455066 2005.12.01 R77-M1-N7-C:J08-U11 2005-12-01-08.37.46.082541 R77-M1-N7-C:J08-U11 RAS KERNEL INFO 10740 total interrupts. 0 critical input interrupts. 0 microseconds total spent on critical input interrupts, 0 microseconds max time in a critical input interrupt.
- 1133455156 2005.12.01 R76-M1-N4-C:J06-U11 2005-12-01-08.39.16.294851 R76-M1-N4-C:J06-U11 RAS KERNEL INFO 10754 total interrupts. 0 critical input interrupts. 0 microseconds total spent on critical input interrupts, 0 microseconds max time in a critical input interrupt.
- 1133455305 2005.12.01 R66-M0-N5-C:J13-U11 2005-12-01-08.41.45.677601 R66-M0-N5-C:J13-U11 RAS KERNEL INFO 10722 total interrupts. 0 critical input interrupts. 0 microseconds total spent on critical input interrupts, 0 microseconds max time in a critical input interrupt.
- 1133455494 2005.12.01 R44-M1-NC-C:J03-U01 2005-12-01-08.44.54.498009 R44-M1-NC-C:J03-U01 RAS KERNEL INFO 10714 total interrupts. 0 critical input interrupts. 0 microseconds total spent on critical input interrupts, 0 microseconds max time in a critical input interrupt.
- 1133455641 2005.12.01 R23-M0-ND-C:J11-U11 2005-12-01-08.47.21.966726 R23-M0-ND-C:J11-U11 RAS KERNEL INFO 10722 total interrupts. 0 critical input interrupts. 0 microseconds total spent on critical input interrupts, 0 microseconds max time in a critical input interrupt.
- 1133458296 2005.12.01 R00-M0-NA-C:J14-U11 2005-12-01-09.31.36.346830 R00-M0-NA-C:J14-U11 RAS KERNEL INFO 720 total interrupts. 0 critical input interrupts. 0 microseconds total spent on critical input interrupts, 0 microseconds max time in a critical input interrupt.
- 1133638373 2005.12.03 R56-M0-NA-C:J15-U11 2005-12-03-11.32.53.165837 R56-M0-NA-C:J15-U11 RAS KERNEL INFO Kernel detected 35591540 integer alignment exceptions (35591533) iar 0x0023f108, dear 0x1feaa260 (35591534) iar 0x00265564, dear 0x1feaa1c0 (35591535) iar 0x00265574, dear 0x1feaa1e0 (35591536) iar 0x00265578, dear 0x1feaa200 (35591537) iar 0x00265588, dear 0x1feaa220 (35591538) iar 0x0026558c, dear 0x1feaa240 (35591539) iar 0x00265594, dear 0x1feaa260 (35591540) iar 0x00265598, dear 0x1feaa280
- 1133709964 2005.12.04 R35-M1-N9-C:J14-U01 2005-12-04-07.26.04.629795 R35-M1-N9-C:J14-U01 RAS KERNEL INFO CE sym 19, at 0x057c7e00, mask 0x20
- 1133892304 2005.12.06 R12-M0-NC 2005-12-06-10.05.04.300635 R12-M0-NC NULL DISCOVERY WARNING Node card is not fully functional
- 1133928278 2005.12.06 R26-M0-N9-C:J11-U01 2005-12-06-20.04.38.539848 R26-M0-N9-C:J11-U01 RAS KERNEL INFO Kernel detected 4909176 integer alignment exceptions (4909169) iar 0x00544ea8, dear 0x01fc8a40 (4909170) iar 0x00544eb8, dear 0x01fc8a60 (4909171) iar 0x00544ea8, dear 0x01fc8a80 (4909172) iar 0x00544eb8, dear 0x01fc8aa0 (4909173) iar 0x00544ee0, dear 0x01fc8ac0 (4909174) iar 0x00544ef0, dear 0x01fc8ae0 (4909175) iar 0x00544ee0, dear 0x01fc8b00 (4909176) iar 0x00544ef0, dear 0x01fc8b20
- 1134130421 2005.12.09 R34-M1-NB-C:J17-U11 2005-12-09-04.13.41.810977 R34-M1-NB-C:J17-U11 RAS KERNEL INFO total of 5 ddr error(s) detected and corrected over 9108 seconds
- 1134161333 2005.12.09 R61-M0-N0-I:J18-U11 2005-12-09-12.48.53.105166 R61-M0-N0-I:J18-U11 RAS APP FATAL ciod: Error loading /bgl/apps/SWL/stability/HPL/WORK/1498./hpl_DD: invalid or missing program image, No such file or directory
- 1134599601 2005.12.14 R76-M1-N0-I:J18-U01 2005-12-14-14.33.21.188706 R76-M1-N0-I:J18-U01 RAS APP FATAL ciod: Error loading /g/g0/spelce1/Tuned/SPaSM-base/rundir/SPaSM.baseline: invalid or missing program image, Permission denied
- 1134784680 2005.12.16 R66-M0-N8-I:J18-U01 2005-12-16-17.58.00.577715 R66-M0-N8-I:J18-U01 RAS KERNEL INFO ciod: pollControlDescriptors: Detected the debugger died.
- 1135602839 2005.12.26 R61-M0-N3-C:J11-U11 2005-12-26-05.13.59.265193 R61-M0-N3-C:J11-U11 RAS KERNEL FATAL Machine State Register: 0x0002f900
- 1135669517 2005.12.26 R37-M1-NC-C:J02-U11 2005-12-26-23.45.17.825965 R37-M1-NC-C:J02-U11 RAS KERNEL INFO instruction cache parity error corrected
