- 1117842974 2005.06.03 R24-M0-N1-C:J13-U11 2005-06-03-16.56.14.254137 R24-M0-N1-C:J13-U11 RAS KERNEL INFO 162 double-hummer alignment exceptions
- 1117955392 2005.06.05 R24-M1-N8-C:J09-U11 2005-06-05-00.09.52.516674 R24-M1-N8-C:J09-U11 RAS KERNEL INFO generating core.862
- 1117973786 2005.06.05 R36-M0-NA-C:J06-U01 2005-06-05-05.16.26.686603 R36-M0-NA-C:J06-U01 RAS KERNEL INFO generating core.1414
- 1117979227 2005.06.05 R01-M1-N7-C:J04-U11 2005-06-05-06.47.07.157021 R01-M1-N7-C:J04-U11 RAS KERNEL INFO generating core.8275
- 1117985413 2005.06.05 R31-M1-N7-C:J05-U11 2005-06-05-08.30.13.824307 R31-M1-N7-C:J05-U11 RAS KERNEL INFO generating core.4155
- 1117988416 2005.06.05 R30-M1-N3-C:J10-U01 2005-06-05-09.20.16.681318 R30-M1-N3-C:J10-U01 RAS KERNEL INFO generating core.7457
- 1117989601 2005.06.05 R32-M0-N2-C:J15-U01 2005-06-05-09.40.01.191177 R32-M0-N2-C:J15-U01 RAS KERNEL INFO generating core.1524
- 1117992519 2005.06.05 R37-M1-N3-C:J05-U11 2005-06-05-10.28.39.717587 R37-M1-N3-C:J05-U11 RAS KERNEL INFO generating core.5307
- 1118080480 2005.06.06 R02-M1-N0-C:J12-U11 2005-06-06-10.54.40.382678 R02-M1-N0-C:J12-U11 RAS KERNEL INFO instruction cache parity error corrected
- 1118112700 2005.06.06 R23-M0-N0-I:J18-U01 2005-06-06-19.51.40.376079 R23-M0-N0-I:J18-U01 RAS KERNEL INFO ciod: cpu 0 at treeaddr 438 sent unrecognized message 0xffffffff
- 1118149821 2005.06.07 R20-M1-N4-C:J09-U01 2005-06-07-06.10.21.214757 R20-M1-N4-C:J09-U01 RAS KERNEL INFO generating core.310
- 1118183497 2005.06.07 R34-M0-N7-C:J09-U11 2005-06-07-15.31.37.435791 R34-M0-N7-C:J09-U11 RAS KERNEL INFO generating core.122
- 1118285722 2005.06.08 R15-M1-N6-C:J04-U11 2005-06-08-19.55.22.798062 R15-M1-N6-C:J04-U11 RAS KERNEL INFO CE sym 14, at 0x06047860, mask 0x20
- 1118343958 2005.06.09 R23-M1-NA-C:J17-U11 2005-06-09-12.05.58.258567 R23-M1-NA-C:J17-U11 RAS KERNEL INFO generating core.1820
KERNDTLB 1118536327 2005.06.11 R30-M0-N9-C:J16-U01 2005-06-11-17.32.07.581048 R30-M0-N9-C:J16-U01 RAS KERNEL FATAL data TLB error interrupt
KERNDTLB 1118538182 2005.06.11 R30-M0-N9-C:J16-U01 2005-06-11-18.03.02.884252 R30-M0-N9-C:J16-U01 RAS KERNEL FATAL data TLB error interrupt
KERNDTLB 1118541065 2005.06.11 R30-M0-N9-C:J16-U01 2005-06-11-18.51.05.246165 R30-M0-N9-C:J16-U01 RAS KERNEL FATAL data TLB error interrupt
KERNDTLB 1118543420 2005.06.11 R30-M0-N9-C:J16-U01 2005-06-11-19.30.20.585330 R30-M0-N9-C:J16-U01 RAS KERNEL FATAL data TLB error interrupt
KERNDTLB 1118544625 2005.06.11 R30-M0-N9-C:J16-U01 2005-06-11-19.50.25.307011 R30-M0-N9-C:J16-U01 RAS KERNEL FATAL data TLB error interrupt
KERNDTLB 1118549132 2005.06.11 R30-M0-N9-C:J16-U01 2005-06-11-21.05.32.007991 R30-M0-N9-C:J16-U01 RAS KERNEL FATAL data TLB error interrupt
KERNDTLB 1118550833 2005.06.11 R30-M0-N9-C:J16-U01 2005-06-11-21.33.53.535990 R30-M0-N9-C:J16-U01 RAS KERNEL FATAL data TLB error interrupt
KERNDTLB 1118553263 2005.06.11 R30-M0-N9-C:J16-U01 2005-06-11-22.14.23.973994 R30-M0-N9-C:J16-U01 RAS KERNEL FATAL data TLB error interrupt
KERNDTLB 1118555531 2005.06.11 R30-M0-N9-C:J16-U01 2005-06-11-22.52.11.070355 R30-M0-N9-C:J16-U01 RAS KERNEL FATAL data TLB error interrupt
KERNSTOR 1118709482 2005.06.13 R16-M0-NB-C:J07-U11 2005-06-13-17.38.02.756042 R16-M0-NB-C:J07-U11 RAS KERNEL FATAL data storage interrupt
- 1118709955 2005.06.13 R10-M0-N1-C:J17-U11 2005-06-13-17.45.55.674418 R10-M0-N1-C:J17-U11 RAS KERNEL FATAL instruction address: 0x00004ed8
- 1118732642 2005.06.14 R33-M0-NF-C:J07-U11 2005-06-14-00.04.02.552133 R33-M0-NF-C:J07-U11 RAS KERNEL INFO generating core.2522
KERNSTOR 1118765328 2005.06.14 R14-M0-N2-C:J02-U01 2005-06-14-09.08.48.339582 R14-M0-N2-C:J02-U01 RAS KERNEL FATAL data storage interrupt
- 1118765746 2005.06.14 R17-M1-N1-C:J12-U11 2005-06-14-09.15.46.266882 R17-M1-N1-C:J12-U11 RAS KERNEL FATAL instruction address: 0x00004ed8
KERNSTOR 1118766804 2005.06.14 R24-M1-N0-C:J16-U01 2005-06-14-09.33.24.217741 R24-M1-N0-C:J16-U01 RAS KERNEL FATAL data storage interrupt
- 1118767381 2005.06.14 R20-M0-N2-C:J13-U11 2005-06-14-09.43.01.478244 R20-M0-N2-C:J13-U11 RAS KERNEL FATAL program interrupt: illegal instruction......0
KERNSTOR 1118768044 2005.06.14 R05-M1-NB-C:J07-U11 2005-06-14-09.54.04.393973 R05-M1-NB-C:J07-U11 RAS KERNEL FATAL data storage interrupt
KERNSTOR 1118768178 2005.06.14 R06-M1-NC-C:J11-U01 2005-06-14-09.56.18.293090 R06-M1-NC-C:J11-U01 RAS KERNEL FATAL data storage interrupt
- 1118769450 2005.06.14 R26-M0-N9-C:J12-U01 2005-06-14-10.17.30.392758 R26-M0-N9-C:J12-U01 RAS KERNEL FATAL data address: 0x00000002
- 1118769697 2005.06.14 R26-M0-N0-C:J02-U01 2005-06-14-10.21.37.752462 R26-M0-N0-C:J02-U01 RAS KERNEL FATAL program interrupt: illegal instruction......0
- 1118770028 2005.06.14 R20-M0-ND-C:J05-U01 2005-06-14-10.27.08.151309 R20-M0-ND-C:J05-U01 RAS KERNEL FATAL program interrupt: illegal instruction......0
- 1118770625 2005.06.14 R20-M0-NF-C:J07-U01 2005-06-14-10.37.05.332040 R20-M0-NF-C:J07-U01 RAS KERNEL FATAL store operation.............................1
- 1118771007 2005.06.14 R27-M0-N2-C:J12-U11 2005-06-14-10.43.27.316459 R27-M0-N2-C:J12-U11 RAS KERNEL FATAL floating point instr. enabled.....1
- 1118771302 2005.06.14 R27-M1-N8-C:J09-U11 2005-06-14-10.48.22.614188 R27-M1-N8-C:J09-U11 RAS KERNEL FATAL debug interrupt enable............0
- 1118771528 2005.06.14 R26-M0-NF-C:J15-U01 2005-06-14-10.52.08.434393 R26-M0-NF-C:J15-U01 RAS KERNEL FATAL core configuration register: 0x00002000
- 1118771917 2005.06.14 R24-M0-N2-C:J04-U01 2005-06-14-10.58.37.145331 R24-M0-N2-C:J04-U01 RAS KERNEL FATAL program interrupt: fp cr field .............0
- 1118772122 2005.06.14 R27-M0-N1-C:J15-U01 2005-06-14-11.02.02.534437 R27-M0-N1-C:J15-U01 RAS KERNEL FATAL icache prefetch threshold................0
- 1118772772 2005.06.14 R21-M0-NF-C:J09-U01 2005-06-14-11.12.52.380819 R21-M0-NF-C:J09-U01 RAS KERNEL FATAL floating point instr. enabled.....1
- 1118773424 2005.06.14 R25-M0-N2-C:J04-U11 2005-06-14-11.23.44.638394 R25-M0-N2-C:J04-U11 RAS KERNEL FATAL floating pt ex mode 1 enable......0
- 1118773837 2005.06.14 R24-M0-NF-C:J08-U01 2005-06-14-11.30.37.732517 R24-M0-NF-C:J08-U01 RAS KERNEL FATAL core configuration register: 0x00002000
- 1118783531 2005.06.14 R22-M0-N7-C:J08-U11 2005-06-14-14.12.11.357904 R22-M0-N7-C:J08-U11 RAS KERNEL INFO generating core.42
- 1118812716 2005.06.14 R02-M1-N0-C:J12-U11 2005-06-14-22.18.36.751583 R02-M1-N0-C:J12-U11 RAS KERNEL INFO instruction cache parity error corrected
- 1118852625 2005.06.15 R02-M1-N0-C:J12-U11 2005-06-15-09.23.45.703981 R02-M1-N0-C:J12-U11 RAS KERNEL INFO instruction cache parity error corrected
- 1118908990 2005.06.16 R02-M1-N1-C:J12-U01 2005-06-16-01.03.10.008103 R02-M1-N1-C:J12-U01 RAS KERNEL INFO instruction cache parity error corrected
- 1118916053 2005.06.16 R27-M0-N8-C:J11-U01 2005-06-16-03.00.53.351857 R27-M0-N8-C:J11-U01 RAS KERNEL INFO generating core.6037
- 1119103692 2005.06.18 R16-M1-N2-C:J17-U01 2005-06-18-07.08.12.026766 R16-M1-N2-C:J17-U01 RAS KERNEL INFO CE sym 2, at 0x0b85f680, mask 0x0e
- 1119291039 2005.06.20 R00-M1-N3-C:J08-U11 2005-06-20-11.10.39.035194 R00-M1-N3-C:J08-U11 RAS KERNEL INFO generating core.14418
APPCHILD 1119319455 2005.06.20 R12-M1-NC-I:J18-U11 2005-06-20-19.04.15.002425 R12-M1-NC-I:J18-U11 RAS APP FATAL ciod: Error creating node map from file /p/gb2/cabot/miranda/newmaps/8k_128x64x1_8x4x4.map: No child processes
- 1119381883 2005.06.21 R05-M1-N8-C:J13-U01 2005-06-21-12.24.43.265881 R05-M1-N8-C:J13-U01 RAS KERNEL INFO 1 ddr errors(s) detected and corrected on rank 0, symbol 17, bit 1
- 1119479317 2005.06.22 R21-M1-N1-C:J08-U11 2005-06-22-15.28.37.811949 R21-M1-N1-C:J08-U11 RAS KERNEL INFO 2576000 double-hummer alignment exceptions
- 1119625799 2005.06.24 R03-M0-NB-C:J10-U11 2005-06-24-08.09.59.585592 R03-M0-NB-C:J10-U11 RAS KERNEL INFO CE sym 12, at 0x1b786f60, mask 0x04
- 1119714915 2005.06.25 R30-M1-N7-C:J12-U01 2005-06-25-08.55.15.625203 R30-M1-N7-C:J12-U01 RAS KERNEL INFO generating core.24721
- 1119715346 2005.06.25 R30-M1-NA-C:J14-U11 2005-06-25-09.02.26.738118 R30-M1-NA-C:J14-U11 RAS KERNEL INFO generating core.62516
- 1119715612 2005.06.25 R23-M0-N9-C:J05-U01 2005-06-25-09.06.52.855570 R23-M0-N9-C:J05-U01 RAS KERNEL INFO generating core.56155
- 1119715980 2005.06.25 R00-M0-N1-C:J09-U11 2005-06-25-09.13.00.933541 R00-M0-N1-C:J09-U11 RAS KERNEL INFO generating core.39138
- 1119725280 2005.06.25 R20-M0-N7-C:J15-U11 2005-06-25-11.48.00.361268 R20-M0-N7-C:J15-U11 RAS KERNEL INFO generating core.58616
- 1119726375 2005.06.25 R14-M1-N6-C:J06-U01 2005-06-25-12.06.15.851937 R14-M1-N6-C:J06-U01 RAS KERNEL INFO generating core.718
- 1119802781 2005.06.26 R07-M1-N0-C:J15-U11 2005-06-26-09.19.41.368208 R07-M1-N0-C:J15-U11 RAS KERNEL INFO program interrupt
- 1119803550 2005.06.26 R35-M0-NB-C:J16-U01 2005-06-26-09.32.30.029388 R35-M0-NB-C:J16-U01 RAS KERNEL INFO data store interrupt caused by icbi.........0
- 1119806904 2005.06.26 R05-M0-N3-C:J11-U11 2005-06-26-10.28.24.350248 R05-M0-N3-C:J11-U11 RAS KERNEL INFO generating core.14700
- 1119807482 2005.06.26 R05-M0-N5-C:J09-U11 2005-06-26-10.38.02.680379 R05-M0-N5-C:J09-U11 RAS KERNEL INFO data store interrupt caused by dcbf.........0
- 1120091562 2005.06.29 R37-M0-NA-C:J15-U01 2005-06-29-17.32.42.585032 R37-M0-NA-C:J15-U01 RAS KERNEL INFO generating core.26918
- 1120092215 2005.06.29 R16-M0-N0-C:J13-U01 2005-06-29-17.43.35.753036 R16-M0-N0-C:J13-U01 RAS KERNEL INFO generating core.7023
- 1120145530 2005.06.30 R17-M0-NF-C:J16-U01 2005-06-30-08.32.10.323350 R17-M0-NF-C:J16-U01 RAS KERNEL INFO generating core.16904
- 1120145915 2005.06.30 R04-M0-NF-C:J12-U01 2005-06-30-08.38.35.958902 R04-M0-NF-C:J12-U01 RAS KERNEL INFO generating core.257
- 1120148578 2005.06.30 R17-M0-NE-C:J09-U01 2005-06-30-09.22.58.210658 R17-M0-NE-C:J09-U01 RAS KERNEL INFO generating core.4246
- 1120155328 2005.06.30 R16-M1-N2-C:J17-U01 2005-06-30-11.15.28.804669 R16-M1-N2-C:J17-U01 RAS KERNEL INFO CE sym 0, at 0x1b858ca0, mask 0x40
- 1120216148 2005.07.01 R20-M1-N5-C:J06-U11 2005-07-01-04.09.08.743891 R20-M1-N5-C:J06-U11 RAS KERNEL INFO generating core.1626
- 1120216591 2005.07.01 R33-M1-N8-C:J17-U11 2005-07-01-04.16.31.056361 R33-M1-N8-C:J17-U11 RAS KERNEL INFO generating core.28084
- 1120217064 2005.07.01 R15-M1-NF-C:J16-U11 2005-07-01-04.24.24.044042 R15-M1-NF-C:J16-U11 RAS KERNEL INFO generating core.10312
- 1120259710 2005.07.01 R33-M1-N2-C:J17-U11 2005-07-01-16.15.10.056728 R33-M1-N2-C:J17-U11 RAS KERNEL INFO 1146800 double-hummer alignment exceptions
- 1120260870 2005.07.01 R20-M0-N5-C:J15-U01 2005-07-01-16.34.30.861885 R20-M0-N5-C:J15-U01 RAS KERNEL INFO 1146800 double-hummer alignment exceptions
- 1120262332 2005.07.01 R36-M0-N4-C:J15-U01 2005-07-01-16.58.52.572817 R36-M0-N4-C:J15-U01 RAS KERNEL INFO 1146800 double-hummer alignment exceptions
- 1120265503 2005.07.01 R24-M1-NB-C:J06-U01 2005-07-01-17.51.43.600692 R24-M1-NB-C:J06-U01 RAS KERNEL INFO 458720 double-hummer alignment exceptions
- 1120266813 2005.07.01 R21-M0-ND-C:J07-U11 2005-07-01-18.13.33.739748 R21-M0-ND-C:J07-U11 RAS KERNEL INFO 1146800 double-hummer alignment exceptions
- 1120351622 2005.07.02 R05-M0-NF-C:J09-U11 2005-07-02-17.47.02.835483 R05-M0-NF-C:J09-U11 RAS KERNEL INFO generating core.1114
- 1120447005 2005.07.03 R26-M0-NA-C:J08-U11 2005-07-03-20.16.45.820915 R26-M0-NA-C:J08-U11 RAS KERNEL INFO generating core.31006
- 1120447561 2005.07.03 R24-M1-N8-C:J16-U01 2005-07-03-20.26.01.608125 R24-M1-N8-C:J16-U01 RAS KERNEL INFO generating core.19596
- 1120450102 2005.07.03 R22-M1-NC-C:J13-U11 2005-07-03-21.08.22.110006 R22-M1-NC-C:J13-U11 RAS KERNEL INFO generating core.17853
- 1120486467 2005.07.04 R10-M1-N1-C:J09-U01 2005-07-04-07.14.27.442953 R10-M1-N1-C:J09-U01 RAS KERNEL INFO generating core.9778
- 1120487503 2005.07.04 R25-M0-NE-C:J11-U01 2005-07-04-07.31.43.800074 R25-M0-NE-C:J11-U01 RAS KERNEL INFO generating core.8877
- 1120748233 2005.07.07 R07-M1-N7-C:J10-U11 2005-07-07-07.57.13.121223 R07-M1-N7-C:J10-U11 RAS KERNEL INFO generating core.1129
- 1120772805 2005.07.07 R05-M0-N8-C:J06-U11 2005-07-07-14.46.45.171689 R05-M0-N8-C:J06-U11 RAS KERNEL INFO generating core.1998
- 1120786954 2005.07.07 R04-M1-N7-C:J08-U11 2005-07-07-18.42.34.152599 R04-M1-N7-C:J08-U11 RAS KERNEL INFO generating core.57762
- 1120908821 2005.07.09 R20-M0-N8-I:J18-U01 2005-07-09-04.33.41.091472 R20-M0-N8-I:J18-U01 RAS KERNEL INFO ciod: duplicate canonical-rank 31 to logical-rank 0 mapping at line 3 of node map file /p/gb2/pakin1/sweep3d-5x5x400-10mk-3mmi-1024pes-sweep/sweep.map
- 1120924519 2005.07.09 R20-M0-NA-C:J12-U01 2005-07-09-08.55.19.014398 R20-M0-NA-C:J12-U01 RAS KERNEL INFO generating core.14349
- 1120929257 2005.07.09 R14-M0-N9-C:J16-U11 2005-07-09-10.14.17.214294 R14-M0-N9-C:J16-U11 RAS KERNEL INFO generating core.7752
- 1120931379 2005.07.09 R26-M1-N9-C:J08-U01 2005-07-09-10.49.39.479084 R26-M1-N9-C:J08-U01 RAS KERNEL INFO generating core.6682
- 1120932594 2005.07.09 R01-M1-N9-C:J14-U01 2005-07-09-11.09.54.062141 R01-M1-N9-C:J14-U01 RAS KERNEL INFO generating core.56320
- 1120933688 2005.07.09 R27-M0-N4-C:J16-U11 2005-07-09-11.28.08.835803 R27-M0-N4-C:J16-U11 RAS KERNEL INFO generating core.51900
- 1120934665 2005.07.09 R14-M1-ND-C:J04-U01 2005-07-09-11.44.25.948722 R14-M1-ND-C:J04-U01 RAS KERNEL INFO generating core.2315
- 1120935040 2005.07.09 R07-M1-ND-C:J17-U11 2005-07-09-11.50.40.338378 R07-M1-ND-C:J17-U11 RAS KERNEL INFO generating core.51808
- 1120935398 2005.07.09 R25-M1-N8-C:J16-U11 2005-07-09-11.56.38.939515 R25-M1-N8-C:J16-U11 RAS KERNEL INFO generating core.14652
- 1120937817 2005.07.09 R22-M0-N5-C:J07-U11 2005-07-09-12.36.57.597431 R22-M0-N5-C:J07-U11 RAS KERNEL INFO generating core.28666
- 1120938234 2005.07.09 R35-M0-N9-C:J10-U11 2005-07-09-12.43.54.033821 R35-M0-N9-C:J10-U11 RAS KERNEL INFO generating core.48433
- 1120938585 2005.07.09 R03-M0-N6-C:J09-U01 2005-07-09-12.49.45.827456 R03-M0-N6-C:J09-U01 RAS KERNEL INFO generating core.9158
- 1120939553 2005.07.09 R25-M1-N2-C:J03-U01 2005-07-09-13.05.53.029625 R25-M1-N2-C:J03-U01 RAS KERNEL INFO generating core.46559
- 1120940044 2005.07.09 R24-M1-N1-C:J14-U01 2005-07-09-13.14.04.443048 R24-M1-N1-C:J14-U01 RAS KERNEL INFO generating core.40344
- 1120940300 2005.07.09 R23-M0-N1-C:J07-U01 2005-07-09-13.18.20.009738 R23-M0-N1-C:J07-U01 RAS KERNEL INFO generating core.24538
- 1120940618 2005.07.09 R14-M1-N7-C:J04-U01 2005-07-09-13.23.38.492029 R14-M1-N7-C:J04-U01 RAS KERNEL INFO generating core.33163
- 1120953260 2005.07.09 R31-M1-N0-C:J03-U01 2005-07-09-16.54.20.026465 R31-M1-N0-C:J03-U01 RAS KERNEL INFO generating core.11879
- 1120956704 2005.07.09 R24-M0-N0-C:J02-U11 2005-07-09-17.51.44.447891 R24-M0-N0-C:J02-U11 RAS KERNEL INFO generating core.16095
- 1120958362 2005.07.09 R26-M0-ND-C:J16-U11 2005-07-09-18.19.22.664176 R26-M0-ND-C:J16-U11 RAS KERNEL INFO generating core.13592
- 1120967952 2005.07.09 R32-M1-N9-C:J10-U11 2005-07-09-20.59.12.577698 R32-M1-N9-C:J10-U11 RAS KERNEL INFO generating core.32657
- 1120968273 2005.07.09 R33-M0-N2-C:J07-U11 2005-07-09-21.04.33.975556 R33-M0-N2-C:J07-U11 RAS KERNEL INFO generating core.23542
- 1120968838 2005.07.09 R11-M0-N2-C:J04-U11 2005-07-09-21.13.58.391696 R11-M0-N2-C:J04-U11 RAS KERNEL INFO generating core.5167
- 1120969138 2005.07.09 R22-M0-ND-C:J17-U11 2005-07-09-21.18.58.127449 R22-M0-ND-C:J17-U11 RAS KERNEL INFO generating core.13752
- 1120969332 2005.07.09 R20-M0-N6-C:J03-U11 2005-07-09-21.22.12.020466 R20-M0-N6-C:J03-U11 RAS KERNEL INFO generating core.12927
- 1120969497 2005.07.09 R27-M1-ND-C:J02-U01 2005-07-09-21.24.57.796889 R27-M1-ND-C:J02-U01 RAS KERNEL INFO generating core.22283
- 1120969840 2005.07.09 R01-M0-N0-C:J10-U01 2005-07-09-21.30.40.884135 R01-M0-N0-C:J10-U01 RAS KERNEL INFO generating core.1957
- 1120973021 2005.07.09 R04-M1-NB-C:J15-U01 2005-07-09-22.23.41.495412 R04-M1-NB-C:J15-U01 RAS KERNEL INFO generating core.3792
- 1121006676 2005.07.10 R30-M1-N9-C:J10-U01 2005-07-10-07.44.36.306387 R30-M1-N9-C:J10-U01 RAS KERNEL INFO generating core.32257
- 1121006926 2005.07.10 R25-M0-NA-C:J13-U11 2005-07-10-07.48.46.695024 R25-M0-NA-C:J13-U11 RAS KERNEL INFO generating core.10429
- 1121172088 2005.07.12 R37-M1-N6-C:J03-U11 2005-07-12-05.41.28.215496 R37-M1-N6-C:J03-U11 RAS KERNEL INFO generating core.9079
- 1121172512 2005.07.12 R34-M1-N4-C:J07-U11 2005-07-12-05.48.32.532637 R34-M1-N4-C:J07-U11 RAS KERNEL INFO generating core.14070
- 1121252281 2005.07.13 R33-M1-NE-C:J07-U01 2005-07-13-03.58.01.460537 R33-M1-NE-C:J07-U01 RAS KERNEL INFO 118661512 double-hummer alignment exceptions
- 1121252452 2005.07.13 R00-M1-N9-C:J16-U01 2005-07-13-04.00.52.200218 R00-M1-N9-C:J16-U01 RAS KERNEL INFO 113622512 double-hummer alignment exceptions
- 1121252729 2005.07.13 R26-M0-N3-C:J08-U01 2005-07-13-04.05.29.216867 R26-M0-N3-C:J08-U01 RAS KERNEL INFO 111990296 double-hummer alignment exceptions
- 1121256361 2005.07.13 R37-M0-NB-C:J05-U01 2005-07-13-05.06.01.792263 R37-M0-NB-C:J05-U01 RAS KERNEL INFO generating core.12883
- 1121256768 2005.07.13 R30-M0-ND-C:J09-U01 2005-07-13-05.12.48.222029 R30-M0-ND-C:J09-U01 RAS KERNEL INFO generating core.34898
- 1121308207 2005.07.13 R22-M0-N4-C:J02-U01 2005-07-13-19.30.07.825519 R22-M0-N4-C:J02-U01 RAS KERNEL INFO generating core.30671
- 1121308565 2005.07.13 R01-M0-NC-C:J12-U01 2005-07-13-19.36.05.649243 R01-M0-NC-C:J12-U01 RAS KERNEL INFO generating core.5381
- 1121309141 2005.07.13 R05-M0-NE-C:J04-U11 2005-07-13-19.45.41.015068 R05-M0-NE-C:J04-U11 RAS KERNEL INFO generating core.1103
- 1121311022 2005.07.13 R24-M0-NF-C:J15-U11 2005-07-13-20.17.02.167067 R24-M0-NF-C:J15-U11 RAS KERNEL INFO generating core.12984
- 1121311390 2005.07.13 R37-M0-NC-C:J17-U11 2005-07-13-20.23.10.257361 R37-M0-NC-C:J17-U11 RAS KERNEL INFO generating core.5428
- 1121311900 2005.07.13 R22-M0-ND-C:J15-U01 2005-07-13-20.31.40.606506 R22-M0-ND-C:J15-U01 RAS KERNEL INFO generating core.30632
- 1121312220 2005.07.13 R23-M1-NF-C:J12-U11 2005-07-13-20.37.00.827496 R23-M1-NF-C:J12-U11 RAS KERNEL INFO generating core.4505
- 1121312380 2005.07.13 R20-M0-N0-C:J02-U11 2005-07-13-20.39.40.465411 R20-M0-N0-C:J02-U11 RAS KERNEL INFO generating core.15967
- 1121313655 2005.07.13 R26-M0-N1-C:J13-U11 2005-07-13-21.00.55.502877 R26-M0-N1-C:J13-U11 RAS KERNEL INFO generating core.15737
- 1121313946 2005.07.13 R35-M1-N1-C:J12-U11 2005-07-13-21.05.46.397052 R35-M1-N1-C:J12-U11 RAS KERNEL INFO generating core.11473
- 1121314138 2005.07.13 R37-M0-NC-C:J11-U11 2005-07-13-21.08.58.817169 R37-M0-NC-C:J11-U11 RAS KERNEL INFO generating core.22325
- 1121442115 2005.07.15 R04-M0-NB-C:J04-U01 2005-07-15-08.41.55.151875 R04-M0-NB-C:J04-U01 RAS KERNEL INFO generating core.4675
- 1121494125 2005.07.15 R36-M1-N2-C:J05-U11 2005-07-15-23.08.45.113982 R36-M1-N2-C:J05-U11 RAS KERNEL INFO generating core.29431
- 1121494314 2005.07.15 R23-M0-NE-C:J16-U11 2005-07-15-23.11.54.188138 R23-M0-NE-C:J16-U11 RAS KERNEL INFO generating core.17212
- 1121495754 2005.07.15 R21-M0-N9-C:J16-U11 2005-07-15-23.35.54.639346 R21-M0-N9-C:J16-U11 RAS KERNEL INFO generating core.55352
- 1121496062 2005.07.15 R10-M0-N3-C:J03-U01 2005-07-15-23.41.02.923439 R10-M0-N3-C:J03-U01 RAS KERNEL INFO generating core.29899
- 1121496570 2005.07.15 R07-M1-NA-C:J03-U11 2005-07-15-23.49.30.116304 R07-M1-NA-C:J03-U11 RAS KERNEL INFO generating core.22119
- 1121597997 2005.07.17 R37-M1-NA-C:J12-U11 2005-07-17-03.59.57.544786 R37-M1-NA-C:J12-U11 RAS KERNEL INFO generating core.21045
- 1121598278 2005.07.17 R33-M0-NA-C:J05-U11 2005-07-17-04.04.38.873517 R33-M0-NA-C:J05-U11 RAS KERNEL INFO generating core.45943
- 1121598991 2005.07.17 R11-M1-NA-C:J05-U11 2005-07-17-04.16.31.772786 R11-M1-NA-C:J05-U11 RAS KERNEL INFO generating core.45167
- 1121599333 2005.07.17 R31-M0-N0-C:J04-U11 2005-07-17-04.22.13.319842 R31-M0-N0-C:J04-U11 RAS KERNEL INFO generating core.14519
- 1121707096 2005.07.18 R21-M1-N2-C:J07-U01 2005-07-18-10.18.16.381095 R21-M1-N2-C:J07-U01 RAS KERNEL INFO generating core.23150
- 1121707427 2005.07.18 R34-M1-N8-C:J07-U01 2005-07-18-10.23.47.339006 R34-M1-N8-C:J07-U01 RAS KERNEL INFO generating core.16038
- 1121900682 2005.07.20 R30-M1-N9-C:J14-U11 2005-07-20-16.04.42.418104 R30-M1-N9-C:J14-U11 RAS KERNEL INFO 8 floating point alignment exceptions
- 1121901115 2005.07.20 R11-M1-NB-C:J15-U11 2005-07-20-16.11.55.030054 R11-M1-NB-C:J15-U11 RAS KERNEL INFO 8 floating point alignment exceptions
- 1121901541 2005.07.20 R11-M1-N0-C:J08-U01 2005-07-20-16.19.01.457880 R11-M1-N0-C:J08-U01 RAS KERNEL INFO 8 floating point alignment exceptions
- 1121902860 2005.07.20 R10-M1-N0-C:J16-U11 2005-07-20-16.41.00.180072 R10-M1-N0-C:J16-U11 RAS KERNEL INFO 8 floating point alignment exceptions
- 1121903856 2005.07.20 R02-M0-N8-C:J12-U01 2005-07-20-16.57.36.030657 R02-M0-N8-C:J12-U01 RAS KERNEL INFO 8 floating point alignment exceptions
- 1122126854 2005.07.23 R27-M0-N5-C:J11-U11 2005-07-23-06.54.14.284728 R27-M0-N5-C:J11-U11 RAS KERNEL INFO total of 1 ddr error(s) detected and corrected
- 1122133251 2005.07.23 R27-M0-NE-C:J11-U11 2005-07-23-08.40.51.684790 R27-M0-NE-C:J11-U11 RAS KERNEL INFO generating core.9021
- 1122139731 2005.07.23 R01-M1-N8-C:J13-U11 2005-07-23-10.28.51.576312 R01-M1-N8-C:J13-U11 RAS KERNEL INFO 15 floating point alignment exceptions
- 1122143827 2005.07.23 R33-M1-N5-C:J13-U11 2005-07-23-11.37.07.526139 R33-M1-N5-C:J13-U11 RAS KERNEL INFO generating core.9713
- 1122144042 2005.07.23 R36-M1-NE-C:J11-U11 2005-07-23-11.40.42.753000 R36-M1-NE-C:J11-U11 RAS KERNEL INFO generating core.29493
- 1122162364 2005.07.23 R27-M0-N9-C:J07-U11 2005-07-23-16.46.04.171597 R27-M0-N9-C:J07-U11 RAS KERNEL INFO 5 floating point alignment exceptions
- 1122165037 2005.07.23 R12-M0-N0-C:J12-U11 2005-07-23-17.30.37.160243 R12-M0-N0-C:J12-U11 RAS KERNEL INFO 15 floating point alignment exceptions
- 1122165429 2005.07.23 R16-M0-NE-C:J06-U01 2005-07-23-17.37.09.528299 R16-M0-NE-C:J06-U01 RAS KERNEL INFO 5 floating point alignment exceptions
- 1122165682 2005.07.23 R10-M1-N4-C:J06-U01 2005-07-23-17.41.22.125837 R10-M1-N4-C:J06-U01 RAS KERNEL INFO 5 floating point alignment exceptions
- 1122166026 2005.07.23 R11-M1-NF-C:J07-U01 2005-07-23-17.47.06.550385 R11-M1-NF-C:J07-U01 RAS KERNEL INFO generating core.10514
- 1122166655 2005.07.23 R13-M0-NB-C:J03-U11 2005-07-23-17.57.35.683632 R13-M0-NB-C:J03-U11 RAS KERNEL INFO 5 floating point alignment exceptions
- 1122168606 2005.07.23 R16-M1-NA-C:J09-U11 2005-07-23-18.30.06.965137 R16-M1-NA-C:J09-U11 RAS KERNEL INFO 1005 floating point alignment exceptions
- 1122256043 2005.07.24 R24-M1-NF-C:J05-U01 2005-07-24-18.47.23.101939 R24-M1-NF-C:J05-U01 RAS KERNEL INFO generating core.33115
- 1122256902 2005.07.24 R00-M0-N2-C:J06-U01 2005-07-24-19.01.42.801712 R00-M0-N2-C:J06-U01 RAS KERNEL INFO generating core.38022
- 1122405365 2005.07.26 R04-M0-N6-C:J09-U01 2005-07-26-12.16.05.063905 R04-M0-N6-C:J09-U01 RAS KERNEL INFO generating core.118
- 1122430659 2005.07.26 R22-M1-N3-C:J02-U11 2005-07-26-19.17.39.082056 R22-M1-N3-C:J02-U11 RAS KERNEL INFO generating core.38843
- 1122431133 2005.07.26 R16-M0-N9-C:J17-U01 2005-07-26-19.25.33.847429 R16-M0-N9-C:J17-U01 RAS KERNEL INFO generating core.64072
- 1122431408 2005.07.26 R11-M0-N5-C:J14-U01 2005-07-26-19.30.08.728161 R11-M0-N5-C:J14-U01 RAS KERNEL INFO generating core.19592
- 1122492307 2005.07.27 R36-M0-N3-C:J09-U01 2005-07-27-12.25.07.297896 R36-M0-N3-C:J09-U01 RAS KERNEL INFO generating core.306
- 1123030687 2005.08.02 R00-M0-N2 2005-08-02-17.58.07.084868 R00-M0-N2 NULL DISCOVERY ERROR Node card status: ALERT 0, ALERT 1, ALERT 2, ALERT 3 is (are) active. Clock Mode is Low. Clock Select is Midplane. Phy JTAG Reset is asserted. ASIC JTAG Reset is not asserted. Temperature Mask is not active. No temperature error. Temperature Limit Error Latch is clear. PGOOD is asserted. PGOOD error latch is clear. MPGOOD is OK. MPGOOD error latch is clear. The 2.5 volt rail is OK. The 1.5 volt rail is OK.
- 1123110754 2005.08.03 NULL 2005-08-03-16.12.34.240816 NULL RAS MMCS ERROR idoproxydb hit ASSERT condition: ASSERT expression=0 Source file=idotransportmgr.cpp Source line=1043 Function=int IdoTransportMgr::SendPacket(IdoUdpMgr*, BglCtlPavTrace*)
- 1123176466 2005.08.04 R71-M0-NC 2005-08-04-10.27.46.284345 R71-M0-NC NULL DISCOVERY ERROR Node card status: no ALERTs are active. Clock Mode is Low. Clock Select is Midplane. Phy JTAG Reset is asserted. ASIC JTAG Reset is asserted. Temperature Mask is not active. No temperature error. Temperature Limit Error Latch is clear. PGOOD IS NOT ASSERTED. PGOOD ERROR LATCH IS ACTIVE. MPGOOD IS NOT OK. MPGOOD ERROR LATCH IS ACTIVE. The 2.5 volt rail is OK. The 1.5 volt rail is OK.
- 1123262593 2005.08.05 R25-M1-N2 2005-08-05-10.23.13.029850 R25-M1-N2 NULL HARDWARE WARNING PrepareForService shutting down NodeCard(mLctn(R25-M1-N2), mCardSernum(203231503833343000000000594c31304b34333431303158), mLp(FF:F2:9F:16:CF:0F:00:0D:60:E9:30:F0), mIp(10.2.2.80), mType(4)) as part of Service Action 310
- 1123610468 2005.08.09 R26-M0-N7 2005-08-09-11.01.08.922516 R26-M0-N7 NULL DISCOVERY ERROR Node card status: no ALERTs are active. Clock Mode is Low. Clock Select is Midplane. Phy JTAG Reset is asserted. ASIC JTAG Reset is asserted. Temperature Mask is not active. No temperature error. Temperature Limit Error Latch is clear. PGOOD IS NOT ASSERTED. PGOOD ERROR LATCH IS ACTIVE. MPGOOD IS NOT OK. MPGOOD ERROR LATCH IS ACTIVE. The 2.5 volt rail is OK. The 1.5 volt rail is OK.
- 1123850737 2005.08.12 R61-M0-NB-C:J05-U01 2005-08-12-05.45.37.457186 R61-M0-NB-C:J05-U01 RAS KERNEL INFO CE sym 25, at 0x10e1b8a0, mask 0x10
- 1123914727 2005.08.12 R55-M1-N0-I:J18-U11 2005-08-12-23.32.07.413454 R55-M1-N0-I:J18-U11 RAS APP FATAL ciod: Error loading /bgl/apps/scaletest/performance/MINIBEN/mb_243_0810/allreduce.rts: invalid or missing program image, Exec format error
- 1123915807 2005.08.12 R74-M1-N8-I:J18-U01 2005-08-12-23.50.07.561913 R74-M1-N8-I:J18-U01 RAS APP FATAL ciod: Error loading /bgl/apps/scaletest/performance/MINIBEN/mb_243_0810/allreduce.rts: invalid or missing program image, Exec format error
KERNTERM 1124167519 2005.08.15 R71-M0-NA-C:J12-U11 2005-08-15-21.45.19.228173 R71-M0-NA-C:J12-U11 RAS KERNEL FATAL rts: kernel terminated for reason 1003
- 1124394255 2005.08.18 R02-M0-N4-I:J18-U11 2005-08-18-12.44.15.155220 R02-M0-N4-I:J18-U11 RAS KERNEL INFO ciod: generated 64 core files for program /bgl/apps/swl-prep/ibm-swl/functional/sppm_chkpt/run/sppm
- 1124736611 2005.08.22 R34-M1-N8-I:J18-U01 2005-08-22-11.50.11.486431 R34-M1-N8-I:J18-U01 RAS KERNEL INFO ciod: generated 128 core files for program /home/germann2/BGL-demo/SPaSM_mpi
- 1124818171 2005.08.23 R14-M0-N0-I:J18-U11 2005-08-23-10.29.31.137434 R14-M0-N0-I:J18-U11 RAS KERNEL INFO ciod: generated 128 core files for program /home/germann2/BGL-demo/SPaSM_mpi
- 1125082746 2005.08.26 R63-M1-N6-C:J17-U01 2005-08-26-11.59.06.032773 R63-M1-N6-C:J17-U01 RAS KERNEL INFO 2201500 double-hummer alignment exceptions
- 1125083411 2005.08.26 R64-M1-N3-C:J07-U11 2005-08-26-12.10.11.586133 R64-M1-N3-C:J07-U11 RAS KERNEL INFO iar 003a929c dear 00efc768
- 1125083978 2005.08.26 R66-M1-NC-C:J14-U11 2005-08-26-12.19.38.583415 R66-M1-NC-C:J14-U11 RAS KERNEL INFO 3095040 double-hummer alignment exceptions
- 1125084143 2005.08.26 R67-M1-N8-C:J02-U11 2005-08-26-12.22.23.952539 R67-M1-N8-C:J02-U11 RAS KERNEL INFO iar 003a929c dear 01291708
- 1125084396 2005.08.26 R64-M0-NB-C:J15-U01 2005-08-26-12.26.36.200859 R64-M0-NB-C:J15-U01 RAS KERNEL INFO 1524480 double-hummer alignment exceptions
- 1125084517 2005.08.26 R77-M0-N8-C:J09-U01 2005-08-26-12.28.37.922676 R77-M0-N8-C:J09-U01 RAS KERNEL INFO iar 003a9260 dear 00e24bd8
- 1125149105 2005.08.27 R36-M0-N5-C:J03-U01 2005-08-27-06.25.05.684576 R36-M0-N5-C:J03-U01 RAS KERNEL INFO CE sym 23, at 0x03f89c00, mask 0x10
- 1125220412 2005.08.28 R74-M0-NB-C:J17-U01 2005-08-28-02.13.32.663293 R74-M0-NB-C:J17-U01 RAS KERNEL INFO iar 00149fc0 dear 00739d98
- 1125221765 2005.08.28 R40-M0-N1-C:J10-U01 2005-08-28-02.36.05.474124 R40-M0-N1-C:J10-U01 RAS KERNEL INFO 35418742 double-hummer alignment exceptions
- 1125222491 2005.08.28 R42-M1-NE-C:J15-U11 2005-08-28-02.48.11.570833 R42-M1-NE-C:J15-U11 RAS KERNEL INFO 39309752 double-hummer alignment exceptions
- 1125223360 2005.08.28 R51-M1-N9-C:J10-U01 2005-08-28-03.02.40.130543 R51-M1-N9-C:J10-U01 RAS KERNEL INFO iar 0014a150 dear 00998588
- 1125224175 2005.08.28 R52-M1-N6-C:J13-U01 2005-08-28-03.16.15.509778 R52-M1-N6-C:J13-U01 RAS KERNEL INFO iar 0014a150 dear 0098cdc8
- 1125225358 2005.08.28 R54-M0-NC-I:J18-U01 2005-08-28-03.35.58.673640 R54-M0-NC-I:J18-U01 RAS KERNEL INFO NFS Mount failed on bglio716, slept 15 seconds, retrying (1)
KERNMNTF 1125552643 2005.08.31 R25-M1-N4-I:J18-U01 2005-08-31-22.30.43.752965 R25-M1-N4-I:J18-U01 RAS KERNEL FATAL Lustre mount FAILED : bglio344 : point /p/gb1
- 1125730913 2005.09.03 R06-M1-N6-C:J15-U01 2005-09-03-00.01.53.125988 R06-M1-N6-C:J15-U01 RAS KERNEL INFO 1 torus receiver x+ input pipe error(s) (dcr 0x02ec) detected and corrected
KERNMNTF 1126202752 2005.09.08 R01-M1-N4-I:J18-U11 2005-09-08-11.05.52.800796 R01-M1-N4-I:J18-U11 RAS KERNEL FATAL Lustre mount FAILED : bglio23 : point /p/gb1
APPSEV 1126434160 2005.09.11 R43-M0-N8-I:J18-U11 2005-09-11-03.22.40.852080 R43-M0-N8-I:J18-U11 RAS APP FATAL ciod: Error reading message prefix after LOAD_MESSAGE on CioStream socket to 172.16.96.116:45713: Link has been severed
- 1126894078 2005.09.16 R37-M0-NF-C:J07-U01 2005-09-16-11.07.58.039535 R37-M0-NF-C:J07-U01 RAS KERNEL INFO CE sym 25, at 0x1a544020, mask 0x40
- 1127163833 2005.09.19 R32-M1-N0-I:J18-U01 2005-09-19-14.03.53.806037 R32-M1-N0-I:J18-U01 RAS APP FATAL ciod: LOGIN chdir(/home/yates/SWL_tests/BGL64k_SWL_tests_develop/MPI-VAL/MPITs_v050902/rundir) failed: No such file or directory
- 1127243219 2005.09.20 NULL 2005-09-20-12.06.59.601269 NULL RAS MMCS ERROR idoproxydb hit ASSERT condition: ASSERT expression=0 Source file=idotransportmgr.cpp Source line=1043 Function=int IdoTransportMgr::SendPacket(IdoUdpMgr*, BglCtlPavTrace*)
- 1127243367 2005.09.20 NULL 2005-09-20-12.09.27.065172 NULL RAS MMCS ERROR idoproxydb hit ASSERT condition: ASSERT expression=0 Source file=idotransportmgr.cpp Source line=1043 Function=int IdoTransportMgr::SendPacket(IdoUdpMgr*, BglCtlPavTrace*)
- 1127243514 2005.09.20 NULL 2005-09-20-12.11.54.288690 NULL RAS MMCS ERROR idoproxydb hit ASSERT condition: ASSERT expression=0 Source file=idotransportmgr.cpp Source line=1043 Function=int IdoTransportMgr::SendPacket(IdoUdpMgr*, BglCtlPavTrace*)
- 1127248868 2005.09.20 NULL 2005-09-20-13.41.08.107703 NULL RAS MMCS ERROR idoproxydb hit ASSERT condition: ASSERT expression=0 Source file=idotransportmgr.cpp Source line=1043 Function=int IdoTransportMgr::SendPacket(IdoUdpMgr*, BglCtlPavTrace*)
- 1127264516 2005.09.20 R05-M0-N1-C:J06-U11 2005-09-20-18.01.56.398119 R05-M0-N1-C:J06-U11 RAS KERNEL FATAL rts: bad message header: expecting type 57 instead of type 3 (softheader=00131db8 81aa0003 00000002 00000000) PSR0=00001f01 PSR1=00000000 PRXF=00000002 PIXF=00000007
- 1127265777 2005.09.20 R62-M1-N8-I:J18-U01 2005-09-20-18.22.57.490109 R62-M1-N8-I:J18-U01 RAS APP FATAL ciod: LOGIN chdir(/bgl/apps/SWL/performance/MINIBEN///2005.09.20-18.06.01) failed: No such file or directory
- 1127592240 2005.09.24 R06-M1-N4-C:J08-U01 2005-09-24-13.04.00.023717 R06-M1-N4-C:J08-U01 RAS KERNEL INFO CE sym 21, at 0x13d38aa0, mask 0x40
- 1128027755 2005.09.29 R03-M1-ND-C:J14-U01 2005-09-29-14.02.35.872055 R03-M1-ND-C:J14-U01 RAS KERNEL INFO critical input interrupt (unit=0x0b bit=0x06): warning for torus y+ wire
- 1128382008 2005.10.03 R63-M0-N4-I:J18-U01 2005-10-03-16.26.48.791418 R63-M0-N4-I:J18-U01 RAS KERNEL INFO ciod: generated 108 core files for program /home/spelce1/HPCC_IBM/Urgent/VNM/32K/vnm.rts
- 1128832724 2005.10.08 R03-M1-N9-C:J09-U11 2005-10-08-21.38.44.248283 R03-M1-N9-C:J09-U11 RAS KERNEL INFO CE sym 25, at 0x06c27c60, mask 0x40
- 1129166708 2005.10.12 R17-M1-N0-I:J18-U11 2005-10-12-18.25.08.543706 R17-M1-N0-I:J18-U11 RAS APP FATAL ciod: Error loading /home/spelce1/HPCC_IBM/Urgent/COP/64K/vnm.rts: invalid or missing program image, Permission denied
- 1129273482 2005.10.14 R53-M1-N0-C:J04-U11 2005-10-14-00.04.42.389631 R53-M1-N0-C:J04-U11 RAS KERNEL INFO 4 tree receiver 2 in re-synch state event(s) (dcr 0x019a) detected
- 1129550629 2005.10.17 R02-M0-N4-C:J04-U11 2005-10-17-05.03.49.800918 R02-M0-N4-C:J04-U11 RAS KERNEL INFO data cache search parity error detected. attempting to correct
- 1129734520 2005.10.19 R17-M0-N0-I:J18-U01 2005-10-19-08.08.40.058960 R17-M0-N0-I:J18-U01 RAS KERNEL INFO shutdown complete
- 1130255740 2005.10.25 R11-M1-N2-C:J09-U11 2005-10-25-08.55.40.146416 R11-M1-N2-C:J09-U11 RAS KERNEL INFO critical input interrupt (unit=0x0b bit=0x0b): warning for torus z- wire
- 1130766712 2005.10.31 R10-M0-N3-C:J07-U01 2005-10-31-05.51.52.778656 R10-M0-N3-C:J07-U01 RAS KERNEL INFO CE sym 16, at 0x18fa5d40, mask 0x80
- 1131057830 2005.11.03 R60-M0-NE-C:J08-U11 2005-11-03-14.43.50.771087 R60-M0-NE-C:J08-U11 RAS KERNEL INFO iar 00106210 dear 0244c1dc
- 1131057996 2005.11.03 R61-M1-N5-C:J13-U11 2005-11-03-14.46.36.274147 R61-M1-N5-C:J13-U11 RAS KERNEL INFO iar 00106210 dear 0244c20c
- 1131058219 2005.11.03 R60-M0-N1-C:J14-U01 2005-11-03-14.50.19.824448 R60-M0-N1-C:J14-U01 RAS KERNEL INFO iar 001061dc dear 0244c25c
- 1131058409 2005.11.03 R60-M1-NF-C:J12-U11 2005-11-03-14.53.29.339977 R60-M1-NF-C:J12-U11 RAS KERNEL INFO iar 00105e94 dear 02f5883c
- 1131059251 2005.11.03 R66-M0-NC-C:J13-U01 2005-11-03-15.07.31.811477 R66-M0-NC-C:J13-U01 RAS KERNEL INFO iar 00106210 dear 0244c1dc
- 1131059607 2005.11.03 R67-M0-N5-C:J04-U11 2005-11-03-15.13.27.784212 R67-M0-N5-C:J04-U11 RAS KERNEL INFO iar 001061dc dear 0244c28c
- 1131059774 2005.11.03 R67-M0-N1-C:J03-U11 2005-11-03-15.16.14.637454 R67-M0-N1-C:J03-U11 RAS KERNEL INFO iar 00106228 dear 0244c27c
- 1131060284 2005.11.03 R66-M0-NA-C:J03-U11 2005-11-03-15.24.44.675679 R66-M0-NA-C:J03-U11 RAS KERNEL INFO iar 00106534 dear 02494c0c
- 1131060633 2005.11.03 R67-M1-N8-C:J09-U11 2005-11-03-15.30.33.871473 R67-M1-N8-C:J09-U11 RAS KERNEL INFO iar 00106534 dear 02494c3c
- 1131061693 2005.11.03 R60-M0-N1-C:J04-U01 2005-11-03-15.48.13.958179 R60-M0-N1-C:J04-U01 RAS KERNEL INFO iar 00106580 dear 045e141c
- 1131063627 2005.11.03 R42-M0-N0-C:J14-U01 2005-11-03-16.20.27.921728 R42-M0-N0-C:J14-U01 RAS KERNEL INFO 2354412 floating point alignment exceptions
- 1131064168 2005.11.03 R12-M0-NB-C:J13-U01 2005-11-03-16.29.28.796896 R12-M0-NB-C:J13-U01 RAS KERNEL INFO 2354412 floating point alignment exceptions
- 1131067982 2005.11.03 R35-M1-NF-C:J13-U01 2005-11-03-17.33.02.056235 R35-M1-NF-C:J13-U01 RAS KERNEL INFO 62500 floating point alignment exceptions
- 1131125932 2005.11.04 R62-M0-NE-C:J15-U01 2005-11-04-09.38.52.887110 R62-M0-NE-C:J15-U01 RAS KERNEL INFO iar 00106bd8 dear 0245cd8c
- 1131126200 2005.11.04 R62-M0-NA-C:J15-U11 2005-11-04-09.43.20.670728 R62-M0-NA-C:J15-U11 RAS KERNEL INFO iar 00106b8c dear 0245cf5c
- 1131126747 2005.11.04 R62-M0-NC-C:J04-U01 2005-11-04-09.52.27.280593 R62-M0-NC-C:J04-U01 RAS KERNEL INFO iar 0010686c dear 02f6951c
- 1131127313 2005.11.04 R62-M0-ND-C:J12-U11 2005-11-04-10.01.53.184425 R62-M0-ND-C:J12-U11 RAS KERNEL INFO iar 001064fc dear 0245b64c
- 1131127609 2005.11.04 R62-M0-N4-C:J04-U01 2005-11-04-10.06.49.824350 R62-M0-N4-C:J04-U01 RAS KERNEL INFO iar 0010635c dear 0245b62c
- 1131128104 2005.11.04 R62-M0-N0-C:J17-U01 2005-11-04-10.15.04.044405 R62-M0-N0-C:J17-U01 RAS KERNEL INFO iar 001061e4 dear 0245a09c
- 1131131501 2005.11.04 R63-M0-N8-C:J03-U11 2005-11-04-11.11.41.412257 R63-M0-N8-C:J03-U11 RAS KERNEL INFO 54004554 floating point alignment exceptions
- 1131141926 2005.11.04 R62-M0-NB-C:J02-U01 2005-11-04-14.05.26.394289 R62-M0-NB-C:J02-U01 RAS KERNEL INFO iar 001007a8 dear 065b4cac
- 1131147217 2005.11.04 R63-M0-NF-C:J05-U01 2005-11-04-15.33.37.855786 R63-M0-NF-C:J05-U01 RAS KERNEL INFO 2667384 floating point alignment exceptions
- 1131148482 2005.11.04 R63-M0-N0-C:J17-U01 2005-11-04-15.54.42.089011 R63-M0-N0-C:J17-U01 RAS KERNEL INFO iar 001061d4 dear 024696cc
- 1131347286 2005.11.06 R63-M0-N3-C:J02-U11 2005-11-06-23.08.06.640071 R63-M0-N3-C:J02-U11 RAS KERNEL INFO instruction cache parity error corrected
- 1131473353 2005.11.08 R62-M0-N2-C:J13-U11 2005-11-08-10.09.13.667082 R62-M0-N2-C:J13-U11 RAS KERNEL INFO iar 001061e8 dear 0247012c
- 1131473825 2005.11.08 R62-M0-N1-C:J10-U01 2005-11-08-10.17.05.439216 R62-M0-N1-C:J10-U01 RAS KERNEL INFO iar 00106200 dear 0247019c
- 1131477544 2005.11.08 R62-M0-N4-C:J14-U11 2005-11-08-11.19.04.849931 R62-M0-N4-C:J14-U11 RAS KERNEL INFO iar 001061b4 dear 0247017c
- 1131579563 2005.11.09 R62-M0-N1-C:J04-U11 2005-11-09-15.39.23.829694 R62-M0-N1-C:J04-U11 RAS KERNEL INFO iar 00106ba0 dear 0246de3c
- 1131582509 2005.11.09 R61-M0-NB-C:J05-U01 2005-11-09-16.28.29.127581 R61-M0-NB-C:J05-U01 RAS KERNEL INFO CE sym 25, at 0x10e1bce0, mask 0x40
- 1131624435 2005.11.10 R22-M1-N1-C:J17-U11 2005-11-10-04.07.15.804295 R22-M1-N1-C:J17-U11 RAS KERNEL INFO 3 L3 EDRAM error(s) (dcr 0x0157) detected and corrected
- 1131692641 2005.11.10 R63-M0-N4-C:J04-U11 2005-11-10-23.04.01.480413 R63-M0-N4-C:J04-U11 RAS KERNEL INFO iar 00106448 dear 0246dacc
KERNREC 1132021541 2005.11.14 R46-M1-NF-C:J11-U01 2005-11-14-18.25.41.161796 R46-M1-NF-C:J11-U01 RAS KERNEL FATAL Error receiving packet on tree network, expecting type 57 instead of type 3 (softheader=00ce22e8 e6200003 00000002 00000000) PSR0=00001f01 PSR1=00000000 PRXF=00000002 PIXF=00000007
- 1132076952 2005.11.15 R67-M1-NA 2005-11-15-09.49.12.022636 R67-M1-NA NULL DISCOVERY INFO Node card VPD check: U11 node in processor card slot J10 do not match. VPD ecid 07570DD8002FFFFF09031B7090E2, found 04D480D8482FFFFF0A071BA052DE
- 1132326853 2005.11.18 R63-M1-N4-I:J18-U01 2005-11-18-07.14.13.952254 R63-M1-N4-I:J18-U01 RAS KERNEL INFO ciod: Received signal 15, code=0, errno=0, address=0x000001b0
- 1132584089 2005.11.21 R26-M0-N0-I:J18-U11 2005-11-21-06.41.29.787206 R26-M0-N0-I:J18-U11 RAS KERNEL INFO MACHINE CHECK DCR read timeout (mc=e08x iar 0x00000000 lr 0xc00045a4)
- 1132596009 2005.11.21 R16-M0-NC-I:J18-U01 2005-11-21-10.00.09.399765 R16-M0-NC-I:J18-U01 RAS KERNEL INFO ciod: Received signal 15, code=0, errno=0, address=0x000001b2
APPTO 1132613223 2005.11.21 R16-M1-NC-I:J18-U11 2005-11-21-14.47.03.703578 R16-M1-NC-I:J18-U11 RAS APP FATAL ciod: Error reading message prefix on CioStream socket to 172.16.96.116:41060, Connection timed out
- 1132969138 2005.11.25 R76-M0-NC-I:J18-U11 2005-11-25-17.38.58.840897 R76-M0-NC-I:J18-U11 RAS KERNEL INFO ciod: Received signal 15, code=0, errno=0, address=0x000001f8
- 1133150722 2005.11.27 R15-M0-N0-I:J18-U11 2005-11-27-20.05.22.588765 R15-M0-N0-I:J18-U11 RAS KERNEL INFO ciod: Received signal 15, code=0, errno=0, address=0x000001f5
- 1133409475 2005.11.30 R15-M1-NC-I:J18-U01 2005-11-30-19.57.55.220367 R15-M1-NC-I:J18-U01 RAS APP FATAL ciod: LOGIN chdir(/g/g0/spelce1/Linpack_SWL) failed: No such file or directory
- 1133447761 2005.12.01 R17-M0-N8-C:J09-U11 2005-12-01-06.36.01.057694 R17-M0-N8-C:J09-U11 RAS KERNEL INFO 10744 total interrupts. 0 critical input interrupts. 0 microseconds total spent on critical input interrupts, 0 microseconds max time in a critical input interrupt.
- 1133447958 2005.12.01 R13-M1-N9-C:J02-U11 2005-12-01-06.39.18.093254 R13-M1-N9-C:J02-U11 RAS KERNEL INFO 0 microseconds spent in the rbs signal handler during 0 calls. 0 microseconds was the maximum time for a single instance of a correctable ddr.
- 1133448086 2005.12.01 R37-M1-NE-C:J04-U11 2005-12-01-06.41.26.523789 R37-M1-NE-C:J04-U11 RAS KERNEL INFO 10686 total interrupts. 0 critical input interrupts. 0 microseconds total spent on critical input interrupts, 0 microseconds max time in a critical input interrupt.
- 1133448263 2005.12.01 R52-M0-N5-C:J10-U01 2005-12-01-06.44.23.178101 R52-M0-N5-C:J10-U01 RAS KERNEL INFO 10752 total interrupts. 0 critical input interrupts. 0 microseconds total spent on critical input interrupts, 0 microseconds max time in a critical input interrupt.
- 1133448393 2005.12.01 R66-M0-N2-C:J17-U11 2005-12-01-06.46.33.760675 R66-M0-N2-C:J17-U11 RAS KERNEL INFO 0 microseconds spent in the rbs signal handler during 0 calls. 0 microseconds was the maximum time for a single instance of a correctable ddr.
- 1133448469 2005.12.01 R61-M0-N9-C:J16-U01 2005-12-01-06.47.49.100165 R61-M0-N9-C:J16-U01 RAS KERNEL INFO 0 microseconds spent in the rbs signal handler during 0 calls. 0 microseconds was the maximum time for a single instance of a correctable ddr.
- 1133448653 2005.12.01 R27-M1-N9-C:J09-U01 2005-12-01-06.50.53.822651 R27-M1-N9-C:J09-U01 RAS KERNEL INFO 10698 total interrupts. 0 critical input interrupts. 0 microseconds total spent on critical input interrupts, 0 microseconds max time in a critical input interrupt.
- 1133448791 2005.12.01 R22-M0-ND-C:J17-U01 2005-12-01-06.53.11.512681 R22-M0-ND-C:J17-U01 RAS KERNEL INFO 0 microseconds spent in the rbs signal handler during 0 calls. 0 microseconds was the maximum time for a single instance of a correctable ddr.
- 1133454591 2005.12.01 R15-M0-N3-C:J09-U11 2005-12-01-08.29.51.750461 R15-M0-N3-C:J09-U11 RAS KERNEL INFO 0 microseconds spent in the rbs signal handler during 0 calls. 0 microseconds was the maximum time for a single instance of a correctable ddr.
- 1133454715 2005.12.01 R11-M1-N3-C:J10-U01 2005-12-01-08.31.55.274517 R11-M1-N3-C:J10-U01 RAS KERNEL INFO 10752 total interrupts. 0 critical input interrupts. 0 microseconds total spent on critical input interrupts, 0 microseconds max time in a critical input interrupt.
- 1133454756 2005.12.01 R07-M0-NF-C:J13-U11 2005-12-01-08.32.36.360568 R07-M0-NF-C:J13-U11 RAS KERNEL INFO 0 microseconds spent in the rbs signal handler during 0 calls. 0 microseconds was the maximum time for a single instance of a correctable ddr.
- 1133454977 2005.12.01 R35-M0-NC-C:J15-U11 2005-12-01-08.36.17.734289 R35-M0-NC-C:J15-U11 RAS KERNEL INFO 0 microseconds spent in the rbs signal handler during 0 calls. 0 microseconds was the maximum time for a single instance of a correctable ddr.
- 1133455122 2005.12.01 R53-M1-N8-C:J08-U11 2005-12-01-08.38.42.253020 R53-M1-N8-C:J08-U11 RAS KERNEL INFO 10684 total interrupts. 0 critical input interrupts. 0 microseconds total spent on critical input interrupts, 0 microseconds max time in a critical input interrupt.
- 1133455272 2005.12.01 R65-M0-NE-C:J10-U11 2005-12-01-08.41.12.059696 R65-M0-NE-C:J10-U11 RAS KERNEL INFO 10676 total interrupts. 0 critical input interrupts. 0 microseconds total spent on critical input interrupts, 0 microseconds max time in a critical input interrupt.
- 1133455455 2005.12.01 R44-M0-N3-C:J05-U01 2005-12-01-08.44.15.799524 R44-M0-N3-C:J05-U01 RAS KERNEL INFO 0 microseconds spent in the rbs signal handler during 0 calls. 0 microseconds was the maximum time for a single instance of a correctable ddr.
- 1133455517 2005.12.01 R43-M1-ND-C:J08-U01 2005-12-01-08.45.17.404927 R43-M1-ND-C:J08-U01 RAS KERNEL INFO 10636 total interrupts. 0 critical input interrupts. 0 microseconds total spent on critical input interrupts, 0 microseconds max time in a critical input interrupt.
- 1133455648 2005.12.01 R23-M0-N2-C:J09-U11 2005-12-01-08.47.28.894064 R23-M0-N2-C:J09-U11 RAS KERNEL INFO 10736 total interrupts. 0 critical input interrupts. 0 microseconds total spent on critical input interrupts, 0 microseconds max time in a critical input interrupt.
- 1133475318 2005.12.01 R20-M1-NB-C:J09-U01 2005-12-01-14.15.18.446368 R20-M1-NB-C:J09-U01 RAS KERNEL INFO CE sym 9, at 0x0021d9c0, mask 0x20
- 1133700378 2005.12.04 R60-M0-N2-C:J12-U11 2005-12-04-04.46.18.276872 R60-M0-N2-C:J12-U11 RAS KERNEL INFO CE sym 33, at 0x1ff2fc60, mask 0x04
- 1133715868 2005.12.04 R06-M1-N6-C:J08-U01 2005-12-04-09.04.28.582086 R06-M1-N6-C:J08-U01 RAS KERNEL INFO total of 1 ddr error(s) detected and corrected over 2487 seconds
- 1133925845 2005.12.06 R36-M0-N2-C:J05-U01 2005-12-06-19.24.05.504553 R36-M0-N2-C:J05-U01 RAS KERNEL INFO Kernel detected 3830884 integer alignment exceptions (3830877) iar 0x00544ea8, dear 0x01fc1ba0 (3830878) iar 0x00544eb8, dear 0x01fc1bc0 (3830879) iar 0x00544ea8, dear 0x01fc1be0 (3830880) iar 0x00544eb8, dear 0x01fc1c00 (3830881) iar 0x00544ee0, dear 0x01fc1c20 (3830882) iar 0x00544ef0, dear 0x01fc1c40 (3830883) iar 0x00544ee0, dear 0x01fc1c60 (3830884) iar 0x00544ef0, dear 0x01fc1c80
- 1133928743 2005.12.06 R36-M0-NE-C:J13-U01 2005-12-06-20.12.23.534341 R36-M0-NE-C:J13-U01 RAS KERNEL INFO Kernel detected 3486044 integer alignment exceptions (3486037) iar 0x00544ea8, dear 0x01ef7c60 (3486038) iar 0x00544eb8, dear 0x01ef7c80 (3486039) iar 0x00544ea8, dear 0x01ef7ca0 (3486040) iar 0x00544eb8, dear 0x01ef7cc0 (3486041) iar 0x00544ee0, dear 0x01ef7ce0 (3486042) iar 0x00544ef0, dear 0x01ef7d00 (3486043) iar 0x00544ee0, dear 0x01ef7d20 (3486044) iar 0x00544ef0, dear 0x01ef7d40
- 1134159559 2005.12.09 R03-M0-N0-I:J18-U11 2005-12-09-12.19.19.226546 R03-M0-N0-I:J18-U11 RAS APP FATAL ciod: Error loading /p/gb1/stella/UMT2K/1372/umt2k_DD: invalid or missing program image, Permission denied
APPOUT 1134357549 2005.12.11 R63-M1-N0-I:J18-U11 2005-12-11-19.19.09.737509 R63-M1-N0-I:J18-U11 RAS APP FATAL ciod: LOGIN chdir(/p/gb1/stella/RAPTOR/2183) failed: Input/output error
- 1134626183 2005.12.14 R74-M1-N0-C:J12-U01 2005-12-14-21.56.23.782819 R74-M1-N0-C:J12-U01 RAS KERNEL INFO 5 ddr error(s) detected and corrected on rank 0, symbol 28 over 2946 seconds
- 1135050698 2005.12.19 R77-M1-NC-I:J18-U01 2005-12-19-19.51.38.151363 R77-M1-NC-I:J18-U01 RAS KERNEL INFO ciod: pollControlDescriptors: Detected the debugger died.
- 1135653442 2005.12.26 R37-M1-NC-C:J02-U11 2005-12-26-19.17.22.803508 R37-M1-NC-C:J02-U11 RAS KERNEL INFO instruction cache parity error corrected
