[Sun Dec 04 04:51:08 2005] [notice] jk2_init() Found child 6725 in scoreboard slot 10
[Sun Dec 04 04:51:18 2005] [error] mod_jk child workerEnv in error state 6
[Sun Dec 04 04:51:55 2005] [error] mod_jk child workerEnv in error state 6
[Sun Dec 04 04:52:12 2005] [notice] workerEnv.init() ok /etc/httpd/conf/workers2.properties
[Sun Dec 04 04:52:49 2005] [notice] workerEnv.init() ok /etc/httpd/conf/workers2.properties
[Sun Dec 04 04:53:15 2005] [notice] workerEnv.init() ok /etc/httpd/conf/workers2.properties
[Sun Dec 04 04:53:51 2005] [notice] workerEnv.init() ok /etc/httpd/conf/workers2.properties
[Sun Dec 04 04:54:18 2005] [notice] workerEnv.init() ok /etc/httpd/conf/workers2.properties
[Sun Dec 04 04:54:20 2005] [notice] jk2_init() Found child 6768 in scoreboard slot 9
[Sun Dec 04 04:56:59 2005] [error] mod_jk child workerEnv in error state 6
[Sun Dec 04 04:57:24 2005] [error] mod_jk child workerEnv in error state 6
[Sun Dec 04 04:59:28 2005] [notice] jk2_init() Found child 8554 in scoreboard slot 6
[Sun Dec 04 05:00:09 2005] [notice] workerEnv.init() ok /etc/httpd/conf/workers2.properties
[Sun Dec 04 05:00:15 2005] [error] mod_jk child workerEnv in error state 6
[Sun Dec 04 05:04:03 2005] [notice] jk2_init() Found child 8763 in scoreboard slot 9
[Sun Dec 04 05:04:04 2005] [notice] workerEnv.init() ok /etc/httpd/conf/workers2.properties
[Sun Dec 04 05:04:04 2005] [error] mod_jk child workerEnv in error state 7
[Sun Dec 04 05:12:10 2005] [error] mod_jk child workerEnv in error state 6
[Sun Dec 04 05:12:30 2005] [notice] jk2_init() Found child 25805 in scoreboard slot 9
[Sun Dec 04 06:01:00 2005] [notice] jk2_init() Found child 32347 in scoreboard slot 6
[Sun Dec 04 06:01:42 2005] [notice] jk2_init() Found child 32354 in scoreboard slot 6
[Sun Dec 04 06:02:07 2005] [notice] workerEnv.init() ok /etc/httpd/conf/workers2.properties
[Sun Dec 04 06:02:07 2005] [error] mod_jk child workerEnv in error state 6
[Sun Dec 04 06:06:12 2005] [error] mod_jk child workerEnv in error state 6
[Sun Dec 04 06:06:26 2005] [notice] workerEnv.init() ok /etc/httpd/conf/workers2.properties
[Sun Dec 04 06:11:11 2005] [notice] jk2_init() Found child 32411 in scoreboard slot 9
[Sun Dec 04 06:12:37 2005] [notice] workerEnv.init() ok /etc/httpd/conf/workers2.properties
[Sun Dec 04 06:12:40 2005] [error] mod_jk child workerEnv in error state 6
[Sun Dec 04 06:16:10 2005] [notice] jk2_init() Found child 32434 in scoreboard slot 9
[Sun Dec 04 06:16:21 2005] [notice] workerEnv.init() ok /etc/httpd/conf/workers2.properties
[Sun Dec 04 06:17:02 2005] [notice] workerEnv.init() ok /etc/httpd/conf/workers2.properties
[Sun Dec 04 06:17:23 2005] [notice] jk2_init() Found child 32441 in scoreboard slot 6
[Sun Dec 04 06:17:55 2005] [notice] jk2_init() Found child 32444 in scoreboard slot 9
[Sun Dec 04 06:18:31 2005] [error] mod_jk child workerEnv in error state 6
[Sun Dec 04 06:18:55 2005] [error] mod_jk child workerEnv in error state 7
[Sun Dec 04 06:19:31 2005] [notice] workerEnv.init() ok /etc/httpd/conf/workers2.properties
[Sun Dec 04 06:20:30 2005] [notice] jk2_init() Found child 32467 in scoreboard slot 9
[Sun Dec 04 06:20:44 2005] [notice] workerEnv.init() ok /etc/httpd/conf/workers2.properties
[Sun Dec 04 06:22:48 2005] [notice] jk2_init() Found child 32479 in scoreboard slot 6
[Sun Dec 04 06:22:53 2005] [notice] workerEnv.init() ok /etc/httpd/conf/workers2.properties
[Sun Dec 04 06:23:15 2005] [notice] workerEnv.init() ok /etc/httpd/conf/workers2.properties
[Sun Dec 04 06:36:10 2005] [notice] workerEnv.init() ok /etc/httpd/conf/workers2.properties
[Sun Dec 04 06:41:04 2005] [notice] workerEnv.init() ok /etc/httpd/conf/workers2.properties
[Sun Dec 04 06:41:29 2005] [notice] jk2_init() Found child 32550 in scoreboard slot 6
[Sun Dec 04 06:42:25 2005] [notice] workerEnv.init() ok /etc/httpd/conf/workers2.properties
[Sun Dec 04 06:42:53 2005] [notice] workerEnv.init() ok /etc/httpd/conf/workers2.properties
[Sun Dec 04 06:43:34 2005] [notice] workerEnv.init() ok /etc/httpd/conf/workers2.properties
[Sun Dec 04 06:44:39 2005] [notice] jk2_init() Found child 32563 in scoreboard slot 9
[Sun Dec 04 06:45:32 2005] [notice] jk2_init() Found child 32577 in scoreboard slot 11
[Sun Dec 04 06:46:13 2005] [notice] jk2_init() Found child 32579 in scoreboard slot 9
[Sun Dec 04 06:46:32 2005] [notice] jk2_init() Found child 32583 in scoreboard slot 8
[Sun Dec 04 06:47:19 2005] [notice] jk2_init() Found child 32585 in scoreboard slot 6
[Sun Dec 04 06:47:43 2005] [error] mod_jk child workerEnv in error state 6
[Sun Dec 04 06:49:06 2005] [notice] jk2_init() Found child 32601 in scoreboard slot 7
[Sun Dec 04 06:51:13 2005] [notice] jk2_init() Found child 32624 in scoreboard slot 8
[Sun Dec 04 06:51:23 2005] [error] mod_jk child workerEnv in error state 8
[Sun Dec 04 06:52:08 2005] [notice] jk2_init() Found child 32628 in scoreboard slot 7
[Sun Dec 04 06:52:39 2005] [notice] workerEnv.init() ok /etc/httpd/conf/workers2.properties
[Sun Dec 04 06:53:23 2005] [notice] workerEnv.init() ok /etc/httpd/conf/workers2.properties
[Sun Dec 04 06:54:04 2005] [notice] jk2_init() Found child 32642 in scoreboard slot 7
[Sun Dec 04 06:55:19 2005] [notice] workerEnv.init() ok /etc/httpd/conf/workers2.properties
[Sun Dec 04 06:55:54 2005] [notice] jk2_init() Found child 32658 in scoreboard slot 10
[Sun Dec 04 06:57:19 2005] [notice] jk2_init() Found child 32670 in scoreboard slot 6
[Sun Dec 04 06:57:23 2005] [error] mod_jk child workerEnv in error state 6
[Sun Dec 04 06:57:24 2005] [error] mod_jk child workerEnv in error state 9
[Sun Dec 04 06:58:29 2005] [error] mod_jk child workerEnv in error state 6
[Sun Dec 04 06:59:28 2005] [notice] jk2_init() Found child 32679 in scoreboard slot 8
[Sun Dec 04 06:59:45 2005] [notice] workerEnv.init() ok /etc/httpd/conf/workers2.properties
[Sun Dec 04 07:00:32 2005] [notice] jk2_init() Found child 32696 in scoreboard slot 6
[Sun Dec 04 07:01:57 2005] [notice] jk2_init() Found child 32712 in scoreboard slot 6
[Sun Dec 04 07:02:03 2005] [error] mod_jk child workerEnv in error state 8
[Sun Dec 04 07:04:27 2005] [notice] jk2_init() Found child 32726 in scoreboard slot 8
[Sun Dec 04 07:07:23 2005] [notice] jk2_init() Found child 32758 in scoreboard slot 7
[Sun Dec 04 07:07:30 2005] [error] mod_jk child workerEnv in error state 10
[Sun Dec 04 07:08:04 2005] [notice] workerEnv.init() ok /etc/httpd/conf/workers2.properties
[Sun Dec 04 07:11:05 2005] [notice] workerEnv.init() ok /etc/httpd/conf/workers2.properties
[Sun Dec 04 07:12:05 2005] [notice] workerEnv.init() ok /etc/httpd/conf/workers2.properties
[Sun Dec 04 07:12:44 2005] [error] mod_jk child workerEnv in error state 6
[Sun Dec 04 07:13:41 2005] [error] mod_jk child workerEnv in error state 6
[Sun Dec 04 07:14:47 2005] [notice] jk2_init() Found child 321 in scoreboard slot 9
[Sun Dec 04 07:17:56 2005] [notice] jk2_init() Found child 348 in scoreboard slot 7
[Sun Dec 04 07:18:00 2005] [notice] workerEnv.init() ok /etc/httpd/conf/workers2.properties
[Sun Dec 04 07:18:00 2005] [error] mod_jk child workerEnv in error state 6
[Sun Dec 04 11:11:07 2005] [error] [client 24.147.151.74] Directory index forbidden by rule: /var/www/html/
[Sun Dec 04 15:59:01 2005] [error] [client 24.83.37.136] Directory index forbidden by rule: /var/www/html/
[Sun Dec 04 16:32:56 2005] [notice] workerEnv.init() ok /etc/httpd/conf/workers2.properties
[Sun Dec 04 16:32:58 2005] [notice] workerEnv.init() ok /etc/httpd/conf/workers2.properties
[Sun Dec 04 16:41:15 2005] [notice] jk2_init() Found child 1275 in scoreboard slot 6
[Sun Dec 04 16:41:22 2005] [notice] workerEnv.init() ok /etc/httpd/conf/workers2.properties
[Sun Dec 04 16:46:09 2005] [notice] workerEnv.init() ok /etc/httpd/conf/workers2.properties
[Sun Dec 04 16:47:59 2005] [notice] jk2_init() Found child 1297 in scoreboard slot 7
[Sun Dec 04 16:48:01 2005] [error] mod_jk child workerEnv in error state 6
[Sun Dec 04 16:51:26 2005] [notice] jk2_init() Found child 1313 in scoreboard slot 6
[Sun Dec 04 16:52:46 2005] [notice] jk2_init() Found child 1325 in scoreboard slot 8
[Sun Dec 04 16:52:49 2005] [error] mod_jk child workerEnv in error state 7
[Sun Dec 04 16:56:25 2005] [notice] jk2_init() Found child 1336 in scoreboard slot 10
[Sun Dec 04 16:56:27 2005] [notice] workerEnv.init() ok /etc/httpd/conf/workers2.properties
[Sun Dec 04 17:01:43 2005] [notice] jk2_init() Found child 1356 in scoreboard slot 6
[Sun Dec 04 17:01:47 2005] [error] mod_jk child workerEnv in error state 6
[Sun Dec 04 17:05:45 2005] [notice] jk2_init() Found child 1375 in scoreboard slot 9
[Sun Dec 04 17:05:48 2005] [error] mod_jk child workerEnv in error state 6
[Sun Dec 04 17:12:50 2005] [notice] jk2_init() Found child 1395 in scoreboard slot 10
[Sun Dec 04 17:12:55 2005] [error] mod_jk child workerEnv in error state 6
[Sun Dec 04 17:17:07 2005] [notice] jk2_init() Found child 1414 in scoreboard slot 7
[Sun Dec 04 17:20:39 2005] [notice] jk2_init() Found child 1449 in scoreboard slot 10
[Sun Dec 04 17:20:46 2005] [error] mod_jk child workerEnv in error state 7
[Sun Dec 04 17:21:04 2005] [error] mod_jk child workerEnv in error state 8
[Sun Dec 04 17:31:00 2005] [notice] jk2_init() Found child 1501 in scoreboard slot 7
[Sun Dec 04 17:31:11 2005] [notice] workerEnv.init() ok /etc/httpd/conf/workers2.properties
[Sun Dec 04 17:31:45 2005] [notice] workerEnv.init() ok /etc/httpd/conf/workers2.properties
[Sun Dec 04 17:34:57 2005] [error] [client 61.138.216.82] Directory index forbidden by rule: /var/www/html/
[Sun Dec 04 17:39:00 2005] [notice] jk2_init() Found child 1529 in scoreboard slot 9
[Sun Dec 04 17:43:08 2005] [notice] jk2_init() Found child 1563 in scoreboard slot 8
[Sun Dec 04 17:43:12 2005] [error] mod_jk child workerEnv in error state 8
[Sun Dec 04 17:43:12 2005] [notice] workerEnv.init() ok /etc/httpd/conf/workers2.properties
[Sun Dec 04 19:25:53 2005] [notice] workerEnv.init() ok /etc/httpd/conf/workers2.properties
[Sun Dec 04 19:32:34 2005] [notice] jk2_init() Found child 1790 in scoreboard slot 8
[Sun Dec 04 19:32:34 2005] [error] mod_jk child workerEnv in error state 6
[Sun Dec 04 19:36:07 2005] [notice] workerEnv.init() ok /etc/httpd/conf/workers2.properties
[Sun Dec 04 19:36:07 2005] [error] mod_jk child workerEnv in error state 6
[Sun Dec 04 19:41:21 2005] [notice] workerEnv.init() ok /etc/httpd/conf/workers2.properties
[Sun Dec 04 19:41:21 2005] [error] mod_jk child workerEnv in error state 6
[Sun Dec 04 19:46:16 2005] [notice] jk2_init() Found child 1823 in scoreboard slot 8
[Sun Dec 04 19:50:39 2005] [notice] jk2_init() Found child 1832 in scoreboard slot 6
[Sun Dec 04 19:51:18 2005] [error] mod_jk child workerEnv in error state 6
[Sun Dec 04 19:51:54 2005] [error] mod_jk child workerEnv in error state 6
[Sun Dec 04 19:56:53 2005] [notice] workerEnv.init() ok /etc/httpd/conf/workers2.properties
[Sun Dec 04 19:56:53 2005] [error] mod_jk child workerEnv in error state 6
[Sun Dec 04 20:01:37 2005] [notice] workerEnv.init() ok /etc/httpd/conf/workers2.properties
[Sun Dec 04 20:01:37 2005] [error] mod_jk child workerEnv in error state 7
[Sun Dec 04 20:05:59 2005] [notice] workerEnv.init() ok /etc/httpd/conf/workers2.properties
[Sun Dec 04 20:11:09 2005] [notice] jk2_init() Found child 1900 in scoreboard slot 8
[Sun Dec 04 20:11:14 2005] [notice] workerEnv.init() ok /etc/httpd/conf/workers2.properties
[Sun Dec 04 20:16:10 2005] [notice] jk2_init() Found child 1914 in scoreboard slot 8
[Sun Dec 04 20:16:15 2005] [error] mod_jk child workerEnv in error state 6
[Sun Dec 04 20:21:31 2005] [notice] workerEnv.init() ok /etc/httpd/conf/workers2.properties
[Sun Dec 04 20:22:52 2005] [error] mod_jk child workerEnv in error state 7
[Sun Dec 04 20:24:49 2005] [notice] workerEnv.init() ok /etc/httpd/conf/workers2.properties
[Sun Dec 04 20:24:49 2005] [error] mod_jk child workerEnv in error state 7
[Sun Dec 04 20:28:00 2005] [notice] jk2_init() Found child 1962 in scoreboard slot 6
[Sun Dec 04 20:30:59 2005] [notice] jk2_init() Found child 1984 in scoreboard slot 10
[Sun Dec 04 20:32:50 2005] [notice] workerEnv.init() ok /etc/httpd/conf/workers2.properties
[Sun Dec 04 20:33:47 2005] [notice] jk2_init() Found child 2004 in scoreboard slot 6
[Sun Dec 04 20:34:25 2005] [error] mod_jk child workerEnv in error state 7
[Sun Dec 04 20:37:29 2005] [notice] jk2_init() Found child 2029 in scoreboard slot 8
[Sun Dec 04 20:38:11 2005] [notice] jk2_init() Found child 2032 in scoreboard slot 9
[Sun Dec 04 20:41:12 2005] [notice] jk2_init() Found child 2042 in scoreboard slot 8
[Sun Dec 04 20:47:16 2005] [error] jk2_init() Can't find child 2082 in scoreboard
[Sun Dec 04 20:47:16 2005] [error] mod_jk child workerEnv in error state 9
[Sun Dec 04 20:47:17 2005] [error] jk2_init() Can't find child 2087 in scoreboard
[Mon Dec 05 01:30:32 2005] [error] [client 211.62.201.48] Directory index forbidden by rule: /var/www/html/
[Mon Dec 05 03:23:24 2005] [error] [client 218.207.61.7] Directory index forbidden by rule: /var/www/html/
[Mon Dec 05 03:36:51 2005] [notice] jk2_init() Found child 2811 in scoreboard slot 9
[Mon Dec 05 03:36:57 2005] [error] mod_jk child workerEnv in error state 6
[Mon Dec 05 03:44:50 2005] [notice] workerEnv.init() ok /etc/httpd/conf/workers2.properties
[Mon Dec 05 03:47:19 2005] [notice] jk2_init() Found child 2840 in scoreboard slot 8
[Mon Dec 05 03:47:54 2005] [notice] workerEnv.init() ok /etc/httpd/conf/workers2.properties
[Mon Dec 05 03:47:54 2005] [error] mod_jk child workerEnv in error state 6
[Mon Dec 05 03:50:59 2005] [notice] workerEnv.init() ok /etc/httpd/conf/workers2.properties
[Mon Dec 05 03:56:12 2005] [notice] jk2_init() Found child 2867 in scoreboard slot 8
[Mon Dec 05 03:56:15 2005] [notice] workerEnv.init() ok /etc/httpd/conf/workers2.properties
[Mon Dec 05 04:01:18 2005] [notice] jk2_init() Found child 2880 in scoreboard slot 8
[Mon Dec 05 04:01:23 2005] [error] mod_jk child workerEnv in error state 6
[Mon Dec 05 04:06:43 2005] [notice] workerEnv.init() ok /etc/httpd/conf/workers2.properties
[Mon Dec 05 04:08:37 2005] [notice] jk2_init() Found child 3678 in scoreboard slot 8
[Mon Dec 05 04:10:47 2005] [notice] jk2_init() Found child 3690 in scoreboard slot 6
[Mon Dec 05 04:13:54 2005] [notice] jk2_init() Found child 3752 in scoreboard slot 9
[Mon Dec 05 04:14:00 2005] [notice] workerEnv.init() ok /etc/httpd/conf/workers2.properties
[Mon Dec 05 04:14:00 2005] [error] mod_jk child workerEnv in error state 10
[Mon Dec 05 05:06:47 2005] [notice] workerEnv.init() ok /etc/httpd/conf/workers2.properties
[Mon Dec 05 05:11:54 2005] [notice] jk2_init() Found child 4613 in scoreboard slot 7
[Mon Dec 05 05:15:29 2005] [notice] jk2_init() Found child 4637 in scoreboard slot 7
[Mon Dec 05 05:15:33 2005] [notice] workerEnv.init() ok /etc/httpd/conf/workers2.properties
[Mon Dec 05 06:36:58 2005] [notice] jk2_init() Found child 4821 in scoreboard slot 10
[Mon Dec 05 07:16:03 2005] [error] mod_jk child workerEnv in error state 6
[Mon Dec 05 07:21:09 2005] [notice] workerEnv.init() ok /etc/httpd/conf/workers2.properties
[Mon Dec 05 07:25:55 2005] [notice] jk2_init() Found child 4915 in scoreboard slot 7
[Mon Dec 05 07:31:22 2005] [notice] jk2_init() Found child 4932 in scoreboard slot 6
[Mon Dec 05 07:32:06 2005] [notice] workerEnv.init() ok /etc/httpd/conf/workers2.properties
[Mon Dec 05 07:37:47 2005] [notice] jk2_init() Found child 4961 in scoreboard slot 6
[Mon Dec 05 07:37:58 2005] [notice] workerEnv.init() ok /etc/httpd/conf/workers2.properties
[Mon Dec 05 07:41:50 2005] [notice] jk2_init() Found child 4977 in scoreboard slot 8
[Mon Dec 05 07:43:15 2005] [notice] workerEnv.init() ok /etc/httpd/conf/workers2.properties
[Mon Dec 05 07:46:01 2005] [notice] jk2_init() Found child 4991 in scoreboard slot 6
[Mon Dec 05 07:47:21 2005] [notice] workerEnv.init() ok /etc/httpd/conf/workers2.properties
[Mon Dec 05 07:47:40 2005] [error] mod_jk child workerEnv in error state 7
[Mon Dec 05 07:48:55 2005] [notice] workerEnv.init() ok /etc/httpd/conf/workers2.properties
[Mon Dec 05 07:48:56 2005] [notice] workerEnv.init() ok /etc/httpd/conf/workers2.properties
[Mon Dec 05 07:51:39 2005] [notice] jk2_init() Found child 5020 in scoreboard slot 9
[Mon Dec 05 07:52:29 2005] [notice] jk2_init() Found child 5022 in scoreboard slot 6
[Mon Dec 05 07:54:02 2005] [notice] jk2_init() Found child 5030 in scoreboard slot 6
[Mon Dec 05 07:55:07 2005] [notice] workerEnv.init() ok /etc/httpd/conf/workers2.properties
[Mon Dec 05 07:57:01 2005] [notice] jk2_init() Found child 5048 in scoreboard slot 6
[Mon Dec 05 07:57:02 2005] [notice] workerEnv.init() ok /etc/httpd/conf/workers2.properties
[Mon Dec 05 07:57:02 2005] [error] mod_jk child workerEnv in error state 6
[Mon Dec 05 09:36:13 2005] [notice] jk2_init() Found child 5270 in scoreboard slot 6
[Mon Dec 05 09:55:21 2005] [error] mod_jk child workerEnv in error state 6
[Mon Dec 05 10:17:45 2005] [notice] jk2_init() Found child 5350 in scoreboard slot 9
[Mon Dec 05 10:17:51 2005] [notice] workerEnv.init() ok /etc/httpd/conf/workers2.properties
[Mon Dec 05 10:21:05 2005] [notice] jk2_init() Found child 5367 in scoreboard slot 6
[Mon Dec 05 10:21:13 2005] [error] mod_jk child workerEnv in error state 6
[Mon Dec 05 10:26:31 2005] [notice] workerEnv.init() ok /etc/httpd/conf/workers2.properties
[Mon Dec 05 10:26:31 2005] [error] mod_jk child workerEnv in error state 6
[Mon Dec 05 10:31:40 2005] [notice] jk2_init() Found child 5405 in scoreboard slot 9
[Mon Dec 05 10:33:44 2005] [notice] workerEnv.init() ok /etc/httpd/conf/workers2.properties
[Mon Dec 05 10:36:10 2005] [notice] jk2_init() Found child 5425 in scoreboard slot 9
[Mon Dec 05 10:38:00 2005] [notice] jk2_init() Found child 5432 in scoreboard slot 8
[Mon Dec 05 10:38:04 2005] [notice] workerEnv.init() ok /etc/httpd/conf/workers2.properties
[Mon Dec 05 10:43:19 2005] [notice] jk2_init() Found child 5480 in scoreboard slot 7
[Mon Dec 05 10:43:41 2005] [error] mod_jk child workerEnv in error state 7
[Mon Dec 05 10:46:55 2005] [notice] jk2_init() Found child 5497 in scoreboard slot 7
[Mon Dec 05 10:47:17 2005] [error] mod_jk child workerEnv in error state 6
[Mon Dec 05 10:47:47 2005] [notice] jk2_init() Found child 5500 in scoreboard slot 6
[Mon Dec 05 10:51:12 2005] [notice] jk2_init() Found child 5515 in scoreboard slot 7
[Mon Dec 05 10:52:00 2005] [notice] jk2_init() Found child 5518 in scoreboard slot 9
[Mon Dec 05 10:59:25 2005] [notice] jk2_init() Found child 5565 in scoreboard slot 9
[Mon Dec 05 10:59:29 2005] [notice] workerEnv.init() ok /etc/httpd/conf/workers2.properties
[Mon Dec 05 10:59:29 2005] [error] mod_jk child workerEnv in error state 6
[Mon Dec 05 11:02:05 2005] [notice] jk2_init() Found child 5579 in scoreboard slot 6
[Mon Dec 05 11:06:51 2005] [error] mod_jk child workerEnv in error state 6
[Mon Dec 05 11:06:52 2005] [error] mod_jk child init 1 -2
[Mon Dec 05 11:06:52 2005] [error] jk2_init() Can't find child 5622 in scoreboard
[Mon Dec 05 12:36:36 2005] [notice] jk2_init() Found child 5789 in scoreboard slot 6
[Mon Dec 05 12:36:39 2005] [error] mod_jk child workerEnv in error state 7
[Mon Dec 05 12:50:42 2005] [notice] jk2_init() Found child 5810 in scoreboard slot 9
[Mon Dec 05 12:55:49 2005] [notice] workerEnv.init() ok /etc/httpd/conf/workers2.properties
[Mon Dec 05 13:00:34 2005] [error] mod_jk child workerEnv in error state 6
[Mon Dec 05 13:10:59 2005] [notice] workerEnv.init() ok /etc/httpd/conf/workers2.properties
[Mon Dec 05 13:16:29 2005] [error] mod_jk child workerEnv in error state 6
[Mon Dec 05 13:21:35 2005] [notice] jk2_init() Found child 5893 in scoreboard slot 9
[Mon Dec 05 13:22:48 2005] [error] mod_jk child workerEnv in error state 7
[Mon Dec 05 13:26:03 2005] [notice] jk2_init() Found child 5912 in scoreboard slot 7
[Mon Dec 05 13:28:14 2005] [notice] jk2_init() Found child 5925 in scoreboard slot 8
[Mon Dec 05 13:28:17 2005] [error] mod_jk child workerEnv in error state 8
[Mon Dec 05 13:31:53 2005] [notice] jk2_init() Found child 5938 in scoreboard slot 8
[Mon Dec 05 13:32:04 2005] [error] mod_jk child workerEnv in error state 6
[Mon Dec 05 13:32:30 2005] [notice] workerEnv.init() ok /etc/httpd/conf/workers2.properties
[Mon Dec 05 13:36:58 2005] [notice] jk2_init() Found child 5957 in scoreboard slot 6
[Mon Dec 05 13:38:53 2005] [notice] jk2_init() Found child 5969 in scoreboard slot 10
[Mon Dec 05 13:39:36 2005] [notice] jk2_init() Found child 5971 in scoreboard slot 7
[Mon Dec 05 13:39:41 2005] [error] mod_jk child workerEnv in error state 8
[Mon Dec 05 13:43:27 2005] [notice] jk2_init() Found child 5990 in scoreboard slot 6
[Mon Dec 05 13:43:46 2005] [error] mod_jk child workerEnv in error state 7
[Mon Dec 05 13:44:53 2005] [notice] jk2_init() Found child 5997 in scoreboard slot 9
[Mon Dec 05 13:45:08 2005] [error] mod_jk child workerEnv in error state 8
[Mon Dec 05 13:47:06 2005] [notice] jk2_init() Found child 6009 in scoreboard slot 9
[Mon Dec 05 13:47:11 2005] [error] mod_jk child workerEnv in error state 7
[Mon Dec 05 13:52:19 2005] [notice] jk2_init() Found child 6035 in scoreboard slot 8
[Mon Dec 05 13:53:00 2005] [notice] jk2_init() Found child 6037 in scoreboard slot 6
[Mon Dec 05 13:53:35 2005] [notice] workerEnv.init() ok /etc/httpd/conf/workers2.properties
[Mon Dec 05 13:56:21 2005] [notice] jk2_init() Found child 6052 in scoreboard slot 6
[Mon Dec 05 13:59:43 2005] [notice] jk2_init() Found child 6070 in scoreboard slot 9
[Mon Dec 05 14:01:48 2005] [notice] workerEnv.init() ok /etc/httpd/conf/workers2.properties
[Mon Dec 05 14:11:45 2005] [error] mod_jk child workerEnv in error state 7
[Mon Dec 05 15:31:10 2005] [error] mod_jk child workerEnv in error state 6
[Mon Dec 05 15:41:32 2005] [notice] jk2_init() Found child 6279 in scoreboard slot 6
[Mon Dec 05 15:45:42 2005] [notice] jk2_init() Found child 6285 in scoreboard slot 8
[Mon Dec 05 15:51:18 2005] [notice] jk2_init() Found child 6296 in scoreboard slot 6
[Mon Dec 05 15:55:31 2005] [notice] jk2_init() Found child 6302 in scoreboard slot 8
[Mon Dec 05 16:02:02 2005] [notice] workerEnv.init() ok /etc/httpd/conf/workers2.properties
[Mon Dec 05 16:06:21 2005] [notice] jk2_init() Found child 6335 in scoreboard slot 7
[Mon Dec 05 16:07:09 2005] [error] mod_jk child workerEnv in error state 6
[Mon Dec 05 16:10:44 2005] [notice] workerEnv.init() ok /etc/httpd/conf/workers2.properties
[Mon Dec 05 16:16:36 2005] [notice] workerEnv.init() ok /etc/httpd/conf/workers2.properties
[Mon Dec 05 16:21:29 2005] [notice] workerEnv.init() ok /etc/httpd/conf/workers2.properties
[Mon Dec 05 16:26:00 2005] [notice] jk2_init() Found child 6399 in scoreboard slot 6
[Mon Dec 05 16:26:05 2005] [error] mod_jk child workerEnv in error state 6
[Mon Dec 05 16:31:52 2005] [error] mod_jk child workerEnv in error state 6
[Mon Dec 05 16:38:17 2005] [notice] jk2_init() Found child 6443 in scoreboard slot 7
[Mon Dec 05 16:40:06 2005] [notice] workerEnv.init() ok /etc/httpd/conf/workers2.properties
[Mon Dec 05 17:31:41 2005] [notice] workerEnv.init() ok /etc/httpd/conf/workers2.properties
[Mon Dec 05 17:35:58 2005] [error] mod_jk child workerEnv in error state 6
[Mon Dec 05 17:46:02 2005] [notice] jk2_init() Found child 6585 in scoreboard slot 7
[Mon Dec 05 17:50:40 2005] [notice] jk2_init() Found child 6594 in scoreboard slot 7
[Mon Dec 05 17:55:35 2005] [notice] workerEnv.init() ok /etc/httpd/conf/workers2.properties
[Mon Dec 05 18:10:56 2005] [notice] jk2_init() Found child 6639 in scoreboard slot 7
[Mon Dec 05 18:15:45 2005] [notice] jk2_init() Found child 6651 in scoreboard slot 8
[Mon Dec 05 18:20:53 2005] [notice] workerEnv.init() ok /etc/httpd/conf/workers2.properties
[Mon Dec 05 18:27:33 2005] [error] mod_jk child workerEnv in error state 6
[Mon Dec 05 18:35:53 2005] [error] mod_jk child workerEnv in error state 6
[Mon Dec 05 18:40:54 2005] [notice] workerEnv.init() ok /etc/httpd/conf/workers2.properties
[Mon Dec 05 18:45:53 2005] [error] mod_jk child workerEnv in error state 6
[Mon Dec 05 18:56:04 2005] [error] mod_jk child workerEnv in error state 6
[Mon Dec 05 19:00:44 2005] [error] mod_jk child workerEnv in error state 6
[Mon Dec 05 19:11:04 2005] [notice] workerEnv.init() ok /etc/httpd/conf/workers2.properties
[Mon Dec 05 19:15:55 2005] [notice] jk2_init() Found child 6790 in scoreboard slot 7
