[Sun Dec 04 04:51:14 2005] [notice] workerEnv.init() ok /etc/httpd/conf/workers2.properties
[Sun Dec 04 04:51:38 2005] [notice] jk2_init() Found child 6733 in scoreboard slot 7
[Sun Dec 04 04:52:05 2005] [notice] jk2_init() Found child 6740 in scoreboard slot 7
[Sun Dec 04 04:52:15 2005] [error] mod_jk child workerEnv in error state 7
[Sun Dec 04 04:52:52 2005] [error] mod_jk child workerEnv in error state 6
[Sun Dec 04 04:53:16 2005] [error] mod_jk child workerEnv in error state 6
[Sun Dec 04 04:54:15 2005] [notice] jk2_init() Found child 6766 in scoreboard slot 6
[Sun Dec 04 04:54:18 2005] [error] mod_jk child workerEnv in error state 6
[Sun Dec 04 04:56:52 2005] [notice] jk2_init() Found child 8527 in scoreboard slot 10
[Sun Dec 04 04:57:20 2005] [notice] jk2_init() Found child 8539 in scoreboard slot 7
[Sun Dec 04 04:58:18 2005] [error] mod_jk child workerEnv in error state 6
[Sun Dec 04 04:59:35 2005] [notice] workerEnv.init() ok /etc/httpd/conf/workers2.properties
[Sun Dec 04 05:00:13 2005] [notice] jk2_init() Found child 8573 in scoreboard slot 10
[Sun Dec 04 05:02:14 2005] [notice] jk2_init() Found child 8603 in scoreboard slot 10
[Sun Dec 04 05:04:03 2005] [notice] jk2_init() Found child 8738 in scoreboard slot 6
[Sun Dec 04 05:04:04 2005] [error] mod_jk child workerEnv in error state 7
[Sun Dec 04 05:04:04 2005] [notice] workerEnv.init() ok /etc/httpd/conf/workers2.properties
[Sun Dec 04 05:12:28 2005] [notice] workerEnv.init() ok /etc/httpd/conf/workers2.properties
[Sun Dec 04 05:15:09 2005] [error] [client 222.166.160.184] Directory index forbidden by rule: /var/www/html/
[Sun Dec 04 06:01:21 2005] [notice] workerEnv.init() ok /etc/httpd/conf/workers2.properties
[Sun Dec 04 06:02:05 2005] [notice] jk2_init() Found child 32359 in scoreboard slot 9
[Sun Dec 04 06:02:07 2005] [error] mod_jk child workerEnv in error state 6
[Sun Dec 04 06:06:00 2005] [notice] jk2_init() Found child 32386 in scoreboard slot 6
[Sun Dec 04 06:06:24 2005] [notice] jk2_init() Found child 32390 in scoreboard slot 8
[Sun Dec 04 06:06:26 2005] [error] mod_jk child workerEnv in error state 6
[Sun Dec 04 06:12:31 2005] [notice] jk2_init() Found child 32419 in scoreboard slot 6
[Sun Dec 04 06:12:37 2005] [notice] workerEnv.init() ok /etc/httpd/conf/workers2.properties
[Sun Dec 04 06:12:59 2005] [notice] jk2_init() Found child 32425 in scoreboard slot 6
[Sun Dec 04 06:16:21 2005] [notice] workerEnv.init() ok /etc/httpd/conf/workers2.properties
[Sun Dec 04 06:16:39 2005] [error] mod_jk child workerEnv in error state 6
[Sun Dec 04 06:17:18 2005] [notice] workerEnv.init() ok /etc/httpd/conf/workers2.properties
[Sun Dec 04 06:17:35 2005] [error] mod_jk child workerEnv in error state 6
[Sun Dec 04 06:18:11 2005] [error] mod_jk child workerEnv in error state 7
[Sun Dec 04 06:18:40 2005] [notice] jk2_init() Found child 32448 in scoreboard slot 8
[Sun Dec 04 06:19:19 2005] [notice] jk2_init() Found child 32450 in scoreboard slot 10
[Sun Dec 04 06:19:34 2005] [error] mod_jk child workerEnv in error state 7
[Sun Dec 04 06:20:30 2005] [notice] jk2_init() Found child 32466 in scoreboard slot 11
[Sun Dec 04 06:20:46 2005] [error] mod_jk child workerEnv in error state 8
[Sun Dec 04 06:22:53 2005] [notice] workerEnv.init() ok /etc/httpd/conf/workers2.properties
[Sun Dec 04 06:22:55 2005] [error] mod_jk child workerEnv in error state 6
[Sun Dec 04 06:30:43 2005] [notice] workerEnv.init() ok /etc/httpd/conf/workers2.properties
[Sun Dec 04 06:36:10 2005] [error] mod_jk child workerEnv in error state 6
[Sun Dec 04 06:41:07 2005] [error] mod_jk child workerEnv in error state 6
[Sun Dec 04 06:41:46 2005] [error] mod_jk child workerEnv in error state 6
[Sun Dec 04 06:42:23 2005] [notice] jk2_init() Found child 32553 in scoreboard slot 9
[Sun Dec 04 06:43:20 2005] [notice] jk2_init() Found child 32556 in scoreboard slot 8
[Sun Dec 04 06:43:40 2005] [error] mod_jk child workerEnv in error state 6
[Sun Dec 04 06:45:32 2005] [notice] jk2_init() Found child 32575 in scoreboard slot 6
[Sun Dec 04 06:45:57 2005] [error] mod_jk child workerEnv in error state 7
[Sun Dec 04 06:46:31 2005] [error] mod_jk child workerEnv in error state 8
[Sun Dec 04 06:46:34 2005] [notice] workerEnv.init() ok /etc/httpd/conf/workers2.properties
[Sun Dec 04 06:47:34 2005] [notice] jk2_init() Found child 32588 in scoreboard slot 8
[Sun Dec 04 06:48:22 2005] [notice] jk2_init() Found child 32594 in scoreboard slot 6
[Sun Dec 04 06:49:40 2005] [notice] jk2_init() Found child 32605 in scoreboard slot 9
[Sun Dec 04 06:51:23 2005] [error] mod_jk child workerEnv in error state 7
[Sun Dec 04 06:51:25 2005] [notice] jk2_init() Found child 32626 in scoreboard slot 6
[Sun Dec 04 06:52:15 2005] [error] mod_jk child workerEnv in error state 6
[Sun Dec 04 06:52:41 2005] [error] mod_jk child workerEnv in error state 6
[Sun Dec 04 06:53:37 2005] [notice] jk2_init() Found child 32637 in scoreboard slot 7
[Sun Dec 04 06:55:00 2005] [notice] jk2_init() Found child 32652 in scoreboard slot 7
[Sun Dec 04 06:55:23 2005] [error] mod_jk child workerEnv in error state 6
[Sun Dec 04 06:56:10 2005] [notice] workerEnv.init() ok /etc/httpd/conf/workers2.properties
[Sun Dec 04 06:57:19 2005] [notice] jk2_init() Found child 32669 in scoreboard slot 8
[Sun Dec 04 06:57:23 2005] [error] mod_jk child workerEnv in error state 9
[Sun Dec 04 06:58:13 2005] [notice] jk2_init() Found child 32673 in scoreboard slot 10
[Sun Dec 04 06:58:53 2005] [error] mod_jk child workerEnv in error state 6
[Sun Dec 04 06:59:34 2005] [notice] jk2_init() Found child 32682 in scoreboard slot 7
[Sun Dec 04 06:59:59 2005] [notice] jk2_init() Found child 32683 in scoreboard slot 10
[Sun Dec 04 07:01:55 2005] [notice] jk2_init() Found child 32711 in scoreboard slot 10
[Sun Dec 04 07:02:01 2005] [notice] workerEnv.init() ok /etc/httpd/conf/workers2.properties
[Sun Dec 04 07:02:03 2005] [error] mod_jk child workerEnv in error state 6
[Sun Dec 04 07:04:55 2005] [notice] jk2_init() Found child 32731 in scoreboard slot 8
[Sun Dec 04 07:07:30 2005] [notice] workerEnv.init() ok /etc/httpd/conf/workers2.properties
[Sun Dec 04 07:08:02 2005] [notice] jk2_init() Found child 32762 in scoreboard slot 9
[Sun Dec 04 07:08:04 2005] [error] mod_jk child workerEnv in error state 7
[Sun Dec 04 07:11:13 2005] [notice] workerEnv.init() ok /etc/httpd/conf/workers2.properties
[Sun Dec 04 07:12:22 2005] [notice] jk2_init() Found child 313 in scoreboard slot 8
[Sun Dec 04 07:13:10 2005] [notice] jk2_init() Found child 316 in scoreboard slot 9
[Sun Dec 04 07:14:07 2005] [notice] jk2_init() Found child 317 in scoreboard slot 10
[Sun Dec 04 07:17:56 2005] [notice] jk2_init() Found child 350 in scoreboard slot 9
[Sun Dec 04 07:18:00 2005] [notice] workerEnv.init() ok /etc/httpd/conf/workers2.properties
[Sun Dec 04 07:18:00 2005] [error] mod_jk child workerEnv in error state 8
[Sun Dec 04 07:45:45 2005] [error] [client 63.13.186.196] Directory index forbidden by rule: /var/www/html/
[Sun Dec 04 12:33:13 2005] [error] [client 208.51.151.210] Directory index forbidden by rule: /var/www/html/
[Sun Dec 04 16:24:06 2005] [notice] workerEnv.init() ok /etc/httpd/conf/workers2.properties
[Sun Dec 04 16:32:58 2005] [notice] jk2_init() Found child 1256 in scoreboard slot 6
[Sun Dec 04 16:32:58 2005] [error] mod_jk child workerEnv in error state 6
[Sun Dec 04 16:41:22 2005] [notice] jk2_init() Found child 1278 in scoreboard slot 8
[Sun Dec 04 16:41:22 2005] [error] mod_jk child workerEnv in error state 6
[Sun Dec 04 16:47:11 2005] [notice] jk2_init() Found child 1291 in scoreboard slot 6
[Sun Dec 04 16:48:01 2005] [error] mod_jk child workerEnv in error state 8
[Sun Dec 04 16:48:01 2005] [notice] workerEnv.init() ok /etc/httpd/conf/workers2.properties
[Sun Dec 04 16:52:45 2005] [notice] jk2_init() Found child 1321 in scoreboard slot 9
[Sun Dec 04 16:52:49 2005] [notice] workerEnv.init() ok /etc/httpd/conf/workers2.properties
[Sun Dec 04 16:52:49 2005] [error] mod_jk child workerEnv in error state 6
[Sun Dec 04 16:56:27 2005] [notice] workerEnv.init() ok /etc/httpd/conf/workers2.properties
[Sun Dec 04 16:56:27 2005] [error] mod_jk child workerEnv in error state 6
[Sun Dec 04 17:01:43 2005] [notice] jk2_init() Found child 1355 in scoreboard slot 10
[Sun Dec 04 17:01:47 2005] [notice] workerEnv.init() ok /etc/httpd/conf/workers2.properties
[Sun Dec 04 17:05:48 2005] [notice] workerEnv.init() ok /etc/httpd/conf/workers2.properties
[Sun Dec 04 17:11:37 2005] [notice] jk2_init() Found child 1390 in scoreboard slot 10
[Sun Dec 04 17:12:54 2005] [notice] workerEnv.init() ok /etc/httpd/conf/workers2.properties
[Sun Dec 04 17:12:55 2005] [error] mod_jk child workerEnv in error state 7
[Sun Dec 04 17:20:38 2005] [notice] jk2_init() Found child 1448 in scoreboard slot 6
[Sun Dec 04 17:20:44 2005] [notice] workerEnv.init() ok /etc/httpd/conf/workers2.properties
[Sun Dec 04 17:20:46 2005] [error] mod_jk child workerEnv in error state 7
[Sun Dec 04 17:27:13 2005] [notice] jk2_init() Found child 1466 in scoreboard slot 8
[Sun Dec 04 17:31:00 2005] [notice] jk2_init() Found child 1499 in scoreboard slot 11
[Sun Dec 04 17:31:12 2005] [error] mod_jk child workerEnv in error state 8
[Sun Dec 04 17:31:45 2005] [error] mod_jk child workerEnv in error state 6
[Sun Dec 04 17:37:08 2005] [notice] jk2_init() Found child 1517 in scoreboard slot 7
[Sun Dec 04 17:39:00 2005] [notice] jk2_init() Found child 1527 in scoreboard slot 6
[Sun Dec 04 17:43:08 2005] [notice] jk2_init() Found child 1568 in scoreboard slot 13
[Sun Dec 04 17:43:12 2005] [notice] workerEnv.init() ok /etc/httpd/conf/workers2.properties
[Sun Dec 04 17:43:12 2005] [error] mod_jk child workerEnv in error state 6
[Sun Dec 04 19:32:20 2005] [notice] jk2_init() Found child 1787 in scoreboard slot 9
[Sun Dec 04 19:32:34 2005] [error] mod_jk child workerEnv in error state 6
[Sun Dec 04 19:35:58 2005] [notice] jk2_init() Found child 1799 in scoreboard slot 7
[Sun Dec 04 19:36:07 2005] [error] mod_jk child workerEnv in error state 6
[Sun Dec 04 19:41:20 2005] [notice] jk2_init() Found child 1816 in scoreboard slot 9
[Sun Dec 04 19:41:21 2005] [error] mod_jk child workerEnv in error state 6
[Sun Dec 04 19:46:13 2005] [notice] workerEnv.init() ok /etc/httpd/conf/workers2.properties
[Sun Dec 04 19:46:20 2005] [error] mod_jk child workerEnv in error state 6
[Sun Dec 04 19:50:55 2005] [error] mod_jk child workerEnv in error state 6
[Sun Dec 04 19:51:52 2005] [notice] jk2_init() Found child 1837 in scoreboard slot 7
[Sun Dec 04 19:56:51 2005] [notice] jk2_init() Found child 1851 in scoreboard slot 6
[Sun Dec 04 19:56:53 2005] [error] mod_jk child workerEnv in error state 6
[Sun Dec 04 20:01:30 2005] [notice] jk2_init() Found child 1867 in scoreboard slot 8
[Sun Dec 04 20:01:37 2005] [notice] workerEnv.init() ok /etc/httpd/conf/workers2.properties
[Sun Dec 04 20:05:55 2005] [notice] jk2_init() Found child 1888 in scoreboard slot 6
[Sun Dec 04 20:05:59 2005] [error] mod_jk child workerEnv in error state 6
[Sun Dec 04 20:11:14 2005] [notice] workerEnv.init() ok /etc/httpd/conf/workers2.properties
[Sun Dec 04 20:11:14 2005] [error] mod_jk child workerEnv in error state 6
[Sun Dec 04 20:16:15 2005] [notice] workerEnv.init() ok /etc/httpd/conf/workers2.properties
[Sun Dec 04 20:21:09 2005] [notice] jk2_init() Found child 1932 in scoreboard slot 8
[Sun Dec 04 20:22:09 2005] [notice] workerEnv.init() ok /etc/httpd/conf/workers2.properties
[Sun Dec 04 20:24:45 2005] [notice] jk2_init() Found child 1950 in scoreboard slot 9
[Sun Dec 04 20:24:49 2005] [error] mod_jk child workerEnv in error state 8
[Sun Dec 04 20:26:54 2005] [error] mod_jk child workerEnv in error state 6
[Sun Dec 04 20:28:39 2005] [notice] jk2_init() Found child 1966 in scoreboard slot 6
[Sun Dec 04 20:32:37 2005] [notice] jk2_init() Found child 2000 in scoreboard slot 7
[Sun Dec 04 20:32:55 2005] [error] mod_jk child workerEnv in error state 10
[Sun Dec 04 20:34:20 2005] [notice] jk2_init() Found child 2007 in scoreboard slot 8
[Sun Dec 04 20:34:25 2005] [notice] workerEnv.init() ok /etc/httpd/conf/workers2.properties
[Sun Dec 04 20:37:49 2005] [error] mod_jk child workerEnv in error state 6
[Sun Dec 04 20:38:14 2005] [notice] workerEnv.init() ok /etc/httpd/conf/workers2.properties
[Sun Dec 04 20:44:29 2005] [notice] jk2_init() Found child 2059 in scoreboard slot 7
[Sun Dec 04 20:47:16 2005] [error] mod_jk child workerEnv in error state 6
[Sun Dec 04 20:47:17 2005] [error] mod_jk child init 1 -2
[Sun Dec 04 20:47:17 2005] [error] mod_jk child workerEnv in error state 7
[Mon Dec 05 03:21:02 2005] [error] mod_jk child workerEnv in error state 6
[Mon Dec 05 03:25:46 2005] [error] mod_jk child workerEnv in error state 6
[Mon Dec 05 03:36:57 2005] [notice] workerEnv.init() ok /etc/httpd/conf/workers2.properties
[Mon Dec 05 03:40:55 2005] [notice] workerEnv.init() ok /etc/httpd/conf/workers2.properties
[Mon Dec 05 03:46:38 2005] [notice] jk2_init() Found child 2836 in scoreboard slot 9
[Mon Dec 05 03:47:53 2005] [notice] jk2_init() Found child 2846 in scoreboard slot 9
[Mon Dec 05 03:47:54 2005] [error] mod_jk child workerEnv in error state 8
[Mon Dec 05 03:50:49 2005] [notice] jk2_init() Found child 2855 in scoreboard slot 8
[Mon Dec 05 03:50:59 2005] [error] mod_jk child workerEnv in error state 6
[Mon Dec 05 03:56:15 2005] [notice] workerEnv.init() ok /etc/httpd/conf/workers2.properties
[Mon Dec 05 03:56:15 2005] [error] mod_jk child workerEnv in error state 6
[Mon Dec 05 04:01:23 2005] [error] mod_jk child workerEnv in error state 6
[Mon Dec 05 04:06:19 2005] [notice] jk2_init() Found child 3667 in scoreboard slot 7
[Mon Dec 05 04:07:23 2005] [notice] jk2_init() Found child 3672 in scoreboard slot 7
[Mon Dec 05 04:08:37 2005] [notice] jk2_init() Found child 3680 in scoreboard slot 7
[Mon Dec 05 04:13:54 2005] [notice] jk2_init() Found child 3747 in scoreboard slot 8
[Mon Dec 05 04:14:00 2005] [notice] workerEnv.init() ok /etc/httpd/conf/workers2.properties
[Mon Dec 05 04:14:00 2005] [error] mod_jk child workerEnv in error state 9
[Mon Dec 05 05:06:42 2005] [notice] jk2_init() Found child 4595 in scoreboard slot 7
[Mon Dec 05 05:06:47 2005] [error] mod_jk child workerEnv in error state 6
[Mon Dec 05 05:12:56 2005] [notice] jk2_init() Found child 4616 in scoreboard slot 6
[Mon Dec 05 05:15:33 2005] [notice] workerEnv.init() ok /etc/httpd/conf/workers2.properties
[Mon Dec 05 05:15:33 2005] [error] mod_jk child workerEnv in error state 8
[Mon Dec 05 06:36:59 2005] [error] [client 221.232.178.24] Directory index forbidden by rule: /var/www/html/
[Mon Dec 05 07:21:03 2005] [notice] jk2_init() Found child 4907 in scoreboard slot 6
[Mon Dec 05 07:21:09 2005] [notice] workerEnv.init() ok /etc/httpd/conf/workers2.properties
[Mon Dec 05 07:25:59 2005] [notice] workerEnv.init() ok /etc/httpd/conf/workers2.properties
[Mon Dec 05 07:32:03 2005] [notice] jk2_init() Found child 4936 in scoreboard slot 6
[Mon Dec 05 07:32:06 2005] [error] mod_jk child workerEnv in error state 6
[Mon Dec 05 07:37:48 2005] [notice] jk2_init() Found child 4959 in scoreboard slot 8
[Mon Dec 05 07:37:58 2005] [error] mod_jk child workerEnv in error state 6
[Mon Dec 05 07:43:08 2005] [notice] jk2_init() Found child 4985 in scoreboard slot 10
[Mon Dec 05 07:43:16 2005] [error] mod_jk child workerEnv in error state 6
[Mon Dec 05 07:46:46 2005] [notice] jk2_init() Found child 4995 in scoreboard slot 6
[Mon Dec 05 07:47:21 2005] [notice] jk2_init() Found child 5001 in scoreboard slot 9
[Mon Dec 05 07:48:04 2005] [notice] jk2_init() Found child 5003 in scoreboard slot 6
[Mon Dec 05 07:48:56 2005] [notice] jk2_init() Found child 5007 in scoreboard slot 6
[Mon Dec 05 07:50:54 2005] [notice] jk2_init() Found child 5016 in scoreboard slot 9
[Mon Dec 05 07:51:56 2005] [notice] workerEnv.init() ok /etc/httpd/conf/workers2.properties
[Mon Dec 05 07:52:55 2005] [notice] workerEnv.init() ok /etc/httpd/conf/workers2.properties
[Mon Dec 05 07:55:00 2005] [notice] jk2_init() Found child 5035 in scoreboard slot 7
[Mon Dec 05 07:55:08 2005] [error] mod_jk child workerEnv in error state 7
[Mon Dec 05 07:57:02 2005] [error] jk2_init() Can't find child 5054 in scoreboard
[Mon Dec 05 07:57:02 2005] [error] mod_jk child workerEnv in error state 6
[Mon Dec 05 07:57:02 2005] [notice] workerEnv.init() ok /etc/httpd/conf/workers2.properties
[Mon Dec 05 09:36:14 2005] [notice] workerEnv.init() ok /etc/httpd/conf/workers2.properties
[Mon Dec 05 10:10:33 2005] [error] mod_jk child workerEnv in error state 6
[Mon Dec 05 10:17:50 2005] [notice] jk2_init() Found child 5351 in scoreboard slot 6
[Mon Dec 05 10:17:51 2005] [error] mod_jk child workerEnv in error state 7
[Mon Dec 05 10:21:13 2005] [notice] workerEnv.init() ok /etc/httpd/conf/workers2.properties
[Mon Dec 05 10:26:26 2005] [notice] jk2_init() Found child 5384 in scoreboard slot 7
[Mon Dec 05 10:26:31 2005] [error] mod_jk child workerEnv in error state 6
[Mon Dec 05 10:26:36 2005] [error] mod_jk child workerEnv in error state 6
[Mon Dec 05 10:33:41 2005] [notice] jk2_init() Found child 5417 in scoreboard slot 9
[Mon Dec 05 10:33:44 2005] [error] mod_jk child workerEnv in error state 7
[Mon Dec 05 10:37:27 2005] [notice] jk2_init() Found child 5430 in scoreboard slot 6
[Mon Dec 05 10:38:04 2005] [notice] workerEnv.init() ok /etc/httpd/conf/workers2.properties
[Mon Dec 05 10:41:14 2005] [notice] jk2_init() Found child 5469 in scoreboard slot 8
[Mon Dec 05 10:43:34 2005] [notice] workerEnv.init() ok /etc/httpd/conf/workers2.properties
[Mon Dec 05 10:43:51 2005] [notice] workerEnv.init() ok /etc/httpd/conf/workers2.properties
[Mon Dec 05 10:46:55 2005] [notice] jk2_init() Found child 5496 in scoreboard slot 6
[Mon Dec 05 10:47:44 2005] [notice] workerEnv.init() ok /etc/httpd/conf/workers2.properties
[Mon Dec 05 10:48:43 2005] [notice] jk2_init() Found child 5503 in scoreboard slot 10
[Mon Dec 05 10:51:33 2005] [notice] workerEnv.init() ok /etc/httpd/conf/workers2.properties
[Mon Dec 05 10:52:21 2005] [error] mod_jk child workerEnv in error state 6
[Mon Dec 05 10:59:25 2005] [notice] jk2_init() Found child 5564 in scoreboard slot 8
[Mon Dec 05 10:59:29 2005] [notice] workerEnv.init() ok /etc/httpd/conf/workers2.properties
[Mon Dec 05 10:59:29 2005] [error] mod_jk child workerEnv in error state 6
[Mon Dec 05 11:06:50 2005] [notice] jk2_init() Found child 5616 in scoreboard slot 6
[Mon Dec 05 11:06:51 2005] [notice] workerEnv.init() ok /etc/httpd/conf/workers2.properties
[Mon Dec 05 11:06:52 2005] [error] mod_jk child init 1 -2
[Mon Dec 05 12:35:57 2005] [notice] jk2_init() Found child 5785 in scoreboard slot 6
[Mon Dec 05 12:36:39 2005] [error] mod_jk child workerEnv in error state 7
[Mon Dec 05 12:40:37 2005] [notice] jk2_init() Found child 5798 in scoreboard slot 8
[Mon Dec 05 12:50:43 2005] [error] mod_jk child workerEnv in error state 6
[Mon Dec 05 12:55:49 2005] [error] mod_jk child workerEnv in error state 6
[Mon Dec 05 13:05:24 2005] [notice] jk2_init() Found child 5845 in scoreboard slot 7
[Mon Dec 05 13:16:27 2005] [notice] jk2_init() Found child 5876 in scoreboard slot 8
[Mon Dec 05 13:16:29 2005] [notice] workerEnv.init() ok /etc/httpd/conf/workers2.properties
[Mon Dec 05 13:22:45 2005] [notice] jk2_init() Found child 5899 in scoreboard slot 7
[Mon Dec 05 13:22:48 2005] [notice] workerEnv.init() ok /etc/httpd/conf/workers2.properties
[Mon Dec 05 13:27:15 2005] [notice] jk2_init() Found child 5917 in scoreboard slot 8
[Mon Dec 05 13:28:14 2005] [notice] jk2_init() Found child 5922 in scoreboard slot 9
[Mon Dec 05 13:28:17 2005] [notice] workerEnv.init() ok /etc/httpd/conf/workers2.properties
[Mon Dec 05 13:32:01 2005] [notice] jk2_init() Found child 5939 in scoreboard slot 9
[Mon Dec 05 13:32:10 2005] [error] mod_jk child workerEnv in error state 7
[Mon Dec 05 13:32:30 2005] [error] mod_jk child workerEnv in error state 6
[Mon Dec 05 13:37:47 2005] [notice] jk2_init() Found child 5960 in scoreboard slot 9
[Mon Dec 05 13:39:09 2005] [notice] workerEnv.init() ok /etc/httpd/conf/workers2.properties
[Mon Dec 05 13:39:41 2005] [notice] workerEnv.init() ok /etc/httpd/conf/workers2.properties
[Mon Dec 05 13:41:58 2005] [notice] jk2_init() Found child 5984 in scoreboard slot 8
[Mon Dec 05 13:43:44 2005] [notice] workerEnv.init() ok /etc/httpd/conf/workers2.properties
[Mon Dec 05 13:44:32 2005] [notice] workerEnv.init() ok /etc/httpd/conf/workers2.properties
[Mon Dec 05 13:45:08 2005] [notice] workerEnv.init() ok /etc/httpd/conf/workers2.properties
[Mon Dec 05 13:46:20 2005] [notice] jk2_init() Found child 6006 in scoreboard slot 6
[Mon Dec 05 13:47:11 2005] [notice] workerEnv.init() ok /etc/httpd/conf/workers2.properties
[Mon Dec 05 13:47:11 2005] [error] mod_jk child workerEnv in error state 7
[Mon Dec 05 13:52:33 2005] [notice] workerEnv.init() ok /etc/httpd/conf/workers2.properties
[Mon Dec 05 13:53:31 2005] [notice] jk2_init() Found child 6042 in scoreboard slot 7
[Mon Dec 05 13:53:35 2005] [error] mod_jk child workerEnv in error state 6
[Mon Dec 05 13:57:07 2005] [notice] jk2_init() Found child 6055 in scoreboard slot 8
[Mon Dec 05 14:01:47 2005] [notice] jk2_init() Found child 6101 in scoreboard slot 8
[Mon Dec 05 14:01:48 2005] [error] mod_jk child workerEnv in error state 8
[Mon Dec 05 15:31:09 2005] [notice] jk2_init() Found child 6261 in scoreboard slot 8
[Mon Dec 05 15:40:59 2005] [notice] jk2_init() Found child 6277 in scoreboard slot 7
[Mon Dec 05 15:41:32 2005] [notice] workerEnv.init() ok /etc/httpd/conf/workers2.properties
[Mon Dec 05 15:50:53 2005] [notice] jk2_init() Found child 6293 in scoreboard slot 6
[Mon Dec 05 15:51:20 2005] [notice] workerEnv.init() ok /etc/httpd/conf/workers2.properties
[Mon Dec 05 16:01:17 2005] [notice] jk2_init() Found child 6310 in scoreboard slot 6
[Mon Dec 05 16:02:02 2005] [error] mod_jk child workerEnv in error state 6
[Mon Dec 05 16:07:08 2005] [notice] jk2_init() Found child 6338 in scoreboard slot 7
[Mon Dec 05 16:10:43 2005] [notice] jk2_init() Found child 6351 in scoreboard slot 8
[Mon Dec 05 16:16:34 2005] [notice] jk2_init() Found child 6367 in scoreboard slot 7
[Mon Dec 05 16:16:36 2005] [error] mod_jk child workerEnv in error state 6
[Mon Dec 05 16:21:29 2005] [error] mod_jk child workerEnv in error state 6
[Mon Dec 05 16:26:05 2005] [error] mod_jk child workerEnv in error state 6
[Mon Dec 05 16:31:49 2005] [notice] jk2_init() Found child 6422 in scoreboard slot 8
[Mon Dec 05 16:36:06 2005] [notice] jk2_init() Found child 6434 in scoreboard slot 7
[Mon Dec 05 16:39:59 2005] [notice] jk2_init() Found child 6451 in scoreboard slot 7
[Mon Dec 05 16:40:06 2005] [error] mod_jk child workerEnv in error state 6
[Mon Dec 05 17:35:57 2005] [notice] jk2_init() Found child 6568 in scoreboard slot 7
[Mon Dec 05 17:40:39 2005] [notice] workerEnv.init() ok /etc/httpd/conf/workers2.properties
[Mon Dec 05 17:46:06 2005] [notice] workerEnv.init() ok /etc/httpd/conf/workers2.properties
[Mon Dec 05 17:50:41 2005] [notice] workerEnv.init() ok /etc/httpd/conf/workers2.properties
[Mon Dec 05 17:55:35 2005] [error] mod_jk child workerEnv in error state 6
[Mon Dec 05 18:10:58 2005] [error] mod_jk child workerEnv in error state 6
[Mon Dec 05 18:15:47 2005] [error] mod_jk child workerEnv in error state 6
[Mon Dec 05 18:20:53 2005] [error] mod_jk child workerEnv in error state 6
[Mon Dec 05 18:27:37 2005] [error] mod_jk child workerEnv in error state 7
[Mon Dec 05 18:40:54 2005] [notice] jk2_init() Found child 6719 in scoreboard slot 7
[Mon Dec 05 18:45:51 2005] [notice] jk2_init() Found child 6724 in scoreboard slot 8
[Mon Dec 05 18:50:31 2005] [error] mod_jk child workerEnv in error state 6
[Mon Dec 05 19:00:43 2005] [notice] jk2_init() Found child 6750 in scoreboard slot 8
[Mon Dec 05 19:00:54 2005] [notice] workerEnv.init() ok /etc/httpd/conf/workers2.properties
[Mon Dec 05 19:14:09 2005] [error] [client 61.220.139.68] Directory index forbidden by rule: /var/www/html/
