[Sun Dec 04 04:51:09 2005] [notice] jk2_init() Found child 6726 in scoreboard slot 8
[Sun Dec 04 04:51:18 2005] [error] mod_jk child workerEnv in error state 6
[Sun Dec 04 04:52:04 2005] [notice] jk2_init() Found child 6738 in scoreboard slot 6
[Sun Dec 04 04:52:15 2005] [error] mod_jk child workerEnv in error state 6
[Sun Dec 04 04:52:49 2005] [notice] workerEnv.init() ok /etc/httpd/conf/workers2.properties
[Sun Dec 04 04:53:15 2005] [notice] workerEnv.init() ok /etc/httpd/conf/workers2.properties
[Sun Dec 04 04:53:54 2005] [error] mod_jk child workerEnv in error state 7
[Sun Dec 04 04:54:18 2005] [notice] workerEnv.init() ok /etc/httpd/conf/workers2.properties
[Sun Dec 04 04:54:20 2005] [notice] workerEnv.init() ok /etc/httpd/conf/workers2.properties
[Sun Dec 04 04:57:00 2005] [error] mod_jk child workerEnv in error state 6
[Sun Dec 04 04:57:49 2005] [notice] jk2_init() Found child 8541 in scoreboard slot 9
[Sun Dec 04 04:59:27 2005] [notice] jk2_init() Found child 8553 in scoreboard slot 8
[Sun Dec 04 05:00:09 2005] [error] mod_jk child workerEnv in error state 6
[Sun Dec 04 05:01:20 2005] [notice] jk2_init() Found child 8584 in scoreboard slot 7
[Sun Dec 04 05:04:03 2005] [notice] jk2_init() Found child 8744 in scoreboard slot 8
[Sun Dec 04 05:04:04 2005] [error] mod_jk child workerEnv in error state 6
[Sun Dec 04 05:04:04 2005] [notice] workerEnv.init() ok /etc/httpd/conf/workers2.properties
[Sun Dec 04 05:12:26 2005] [notice] jk2_init() Found child 25798 in scoreboard slot 7
[Sun Dec 04 05:12:30 2005] [notice] workerEnv.init() ok /etc/httpd/conf/workers2.properties
[Sun Dec 04 06:01:00 2005] [notice] jk2_init() Found child 32348 in scoreboard slot 7
[Sun Dec 04 06:02:01 2005] [notice] workerEnv.init() ok /etc/httpd/conf/workers2.properties
[Sun Dec 04 06:02:07 2005] [error] mod_jk child workerEnv in error state 7
[Sun Dec 04 06:06:00 2005] [notice] jk2_init() Found child 32388 in scoreboard slot 8
[Sun Dec 04 06:06:20 2005] [notice] jk2_init() Found child 32389 in scoreboard slot 9
[Sun Dec 04 06:06:26 2005] [error] mod_jk child workerEnv in error state 6
[Sun Dec 04 06:12:31 2005] [notice] jk2_init() Found child 32423 in scoreboard slot 9
[Sun Dec 04 06:12:37 2005] [notice] workerEnv.init() ok /etc/httpd/conf/workers2.properties
[Sun Dec 04 06:12:40 2005] [error] mod_jk child workerEnv in error state 7
[Sun Dec 04 06:16:10 2005] [notice] jk2_init() Found child 32433 in scoreboard slot 8
[Sun Dec 04 06:16:23 2005] [error] mod_jk child workerEnv in error state 6
[Sun Dec 04 06:17:05 2005] [error] mod_jk child workerEnv in error state 6
[Sun Dec 04 06:17:33 2005] [notice] workerEnv.init() ok /etc/httpd/conf/workers2.properties
[Sun Dec 04 06:18:08 2005] [notice] workerEnv.init() ok /etc/httpd/conf/workers2.properties
[Sun Dec 04 06:18:41 2005] [notice] jk2_init() Found child 32447 in scoreboard slot 7
[Sun Dec 04 06:19:05 2005] [notice] jk2_init() Found child 32449 in scoreboard slot 9
[Sun Dec 04 06:19:31 2005] [notice] workerEnv.init() ok /etc/httpd/conf/workers2.properties
[Sun Dec 04 06:20:30 2005] [notice] jk2_init() Found child 32464 in scoreboard slot 8
[Sun Dec 04 06:20:46 2005] [error] mod_jk child workerEnv in error state 6
[Sun Dec 04 06:22:48 2005] [notice] jk2_init() Found child 32480 in scoreboard slot 8
[Sun Dec 04 06:22:55 2005] [error] mod_jk child workerEnv in error state 6
[Sun Dec 04 06:23:15 2005] [error] mod_jk child workerEnv in error state 6
[Sun Dec 04 06:36:10 2005] [error] mod_jk child workerEnv in error state 6
[Sun Dec 04 06:41:04 2005] [notice] workerEnv.init() ok /etc/httpd/conf/workers2.properties
[Sun Dec 04 06:41:45 2005] [notice] workerEnv.init() ok /etc/httpd/conf/workers2.properties
[Sun Dec 04 06:42:23 2005] [notice] jk2_init() Found child 32554 in scoreboard slot 10
[Sun Dec 04 06:42:58 2005] [error] mod_jk child workerEnv in error state 6
[Sun Dec 04 06:43:34 2005] [notice] workerEnv.init() ok /etc/httpd/conf/workers2.properties
[Sun Dec 04 06:44:39 2005] [notice] jk2_init() Found child 32564 in scoreboard slot 10
[Sun Dec 04 06:45:50 2005] [notice] workerEnv.init() ok /etc/httpd/conf/workers2.properties
[Sun Dec 04 06:46:30 2005] [notice] workerEnv.init() ok /etc/httpd/conf/workers2.properties
[Sun Dec 04 06:46:33 2005] [notice] workerEnv.init() ok /etc/httpd/conf/workers2.properties
[Sun Dec 04 06:47:30 2005] [notice] jk2_init() Found child 32587 in scoreboard slot 10
[Sun Dec 04 06:48:09 2005] [notice] jk2_init() Found child 32592 in scoreboard slot 10
[Sun Dec 04 06:49:23 2005] [notice] workerEnv.init() ok /etc/httpd/conf/workers2.properties
[Sun Dec 04 06:51:13 2005] [notice] jk2_init() Found child 32621 in scoreboard slot 9
[Sun Dec 04 06:51:23 2005] [notice] workerEnv.init() ok /etc/httpd/conf/workers2.properties
[Sun Dec 04 06:52:13 2005] [notice] workerEnv.init() ok /etc/httpd/conf/workers2.properties
[Sun Dec 04 06:52:39 2005] [notice] workerEnv.init() ok /etc/httpd/conf/workers2.properties
[Sun Dec 04 06:53:26 2005] [error] mod_jk child workerEnv in error state 6
[Sun Dec 04 06:54:35 2005] [notice] jk2_init() Found child 32646 in scoreboard slot 6
[Sun Dec 04 06:55:19 2005] [notice] workerEnv.init() ok /etc/httpd/conf/workers2.properties
[Sun Dec 04 06:55:54 2005] [notice] jk2_init() Found child 32659 in scoreboard slot 8
[Sun Dec 04 06:57:19 2005] [notice] jk2_init() Found child 32667 in scoreboard slot 9
[Sun Dec 04 06:57:23 2005] [error] mod_jk child workerEnv in error state 6
[Sun Dec 04 06:58:12 2005] [notice] jk2_init() Found child 32674 in scoreboard slot 8
[Sun Dec 04 06:58:29 2005] [error] mod_jk child workerEnv in error state 6
[Sun Dec 04 06:59:28 2005] [notice] jk2_init() Found child 32680 in scoreboard slot 6
[Sun Dec 04 06:59:47 2005] [error] mod_jk child workerEnv in error state 8
[Sun Dec 04 07:01:25 2005] [notice] jk2_init() Found child 32701 in scoreboard slot 10
[Sun Dec 04 07:02:01 2005] [notice] workerEnv.init() ok /etc/httpd/conf/workers2.properties
[Sun Dec 04 07:02:03 2005] [error] mod_jk child workerEnv in error state 8
[Sun Dec 04 07:04:55 2005] [notice] jk2_init() Found child 32730 in scoreboard slot 7
[Sun Dec 04 07:07:23 2005] [notice] jk2_init() Found child 32755 in scoreboard slot 8
[Sun Dec 04 07:07:30 2005] [error] mod_jk child workerEnv in error state 8
[Sun Dec 04 07:08:04 2005] [error] mod_jk child workerEnv in error state 6
[Sun Dec 04 07:11:05 2005] [error] mod_jk child workerEnv in error state 6
[Sun Dec 04 07:12:08 2005] [error] mod_jk child workerEnv in error state 6
[Sun Dec 04 07:13:09 2005] [notice] jk2_init() Found child 314 in scoreboard slot 7
[Sun Dec 04 07:13:41 2005] [error] mod_jk child workerEnv in error state 6
[Sun Dec 04 07:15:09 2005] [notice] jk2_init() Found child 324 in scoreboard slot 11
[Sun Dec 04 07:17:56 2005] [notice] jk2_init() Found child 347 in scoreboard slot 6
[Sun Dec 04 07:18:00 2005] [error] mod_jk child workerEnv in error state 7
[Sun Dec 04 07:18:00 2005] [notice] workerEnv.init() ok /etc/httpd/conf/workers2.properties
[Sun Dec 04 11:33:18 2005] [error] [client 211.141.93.88] Directory index forbidden by rule: /var/www/html/
[Sun Dec 04 16:24:03 2005] [notice] jk2_init() Found child 1219 in scoreboard slot 6
[Sun Dec 04 16:32:56 2005] [error] mod_jk child workerEnv in error state 6
[Sun Dec 04 16:32:58 2005] [error] mod_jk child workerEnv in error state 6
[Sun Dec 04 16:41:16 2005] [notice] jk2_init() Found child 1276 in scoreboard slot 9
[Sun Dec 04 16:41:22 2005] [error] mod_jk child workerEnv in error state 6
[Sun Dec 04 16:46:13 2005] [error] mod_jk child workerEnv in error state 6
[Sun Dec 04 16:47:59 2005] [notice] jk2_init() Found child 1299 in scoreboard slot 9
[Sun Dec 04 16:48:01 2005] [notice] workerEnv.init() ok /etc/httpd/conf/workers2.properties
[Sun Dec 04 16:51:26 2005] [notice] jk2_init() Found child 1312 in scoreboard slot 10
[Sun Dec 04 16:52:49 2005] [notice] workerEnv.init() ok /etc/httpd/conf/workers2.properties
[Sun Dec 04 16:52:49 2005] [error] mod_jk child workerEnv in error state 7
[Sun Dec 04 16:56:25 2005] [notice] jk2_init() Found child 1337 in scoreboard slot 6
[Sun Dec 04 16:56:27 2005] [error] mod_jk child workerEnv in error state 6
[Sun Dec 04 17:01:43 2005] [notice] jk2_init() Found child 1354 in scoreboard slot 9
[Sun Dec 04 17:01:47 2005] [notice] workerEnv.init() ok /etc/httpd/conf/workers2.properties
[Sun Dec 04 17:05:45 2005] [notice] jk2_init() Found child 1376 in scoreboard slot 10
[Sun Dec 04 17:05:48 2005] [error] mod_jk child workerEnv in error state 6
[Sun Dec 04 17:12:50 2005] [notice] jk2_init() Found child 1396 in scoreboard slot 6
[Sun Dec 04 17:12:55 2005] [error] mod_jk child workerEnv in error state 7
[Sun Dec 04 17:17:07 2005] [notice] jk2_init() Found child 1412 in scoreboard slot 10
[Sun Dec 04 17:20:39 2005] [notice] jk2_init() Found child 1440 in scoreboard slot 8
[Sun Dec 04 17:20:46 2005] [error] mod_jk child workerEnv in error state 6
[Sun Dec 04 17:26:04 2005] [notice] jk2_init() Found child 1461 in scoreboard slot 8
[Sun Dec 04 17:31:00 2005] [notice] jk2_init() Found child 1502 in scoreboard slot 6
[Sun Dec 04 17:31:12 2005] [error] mod_jk child workerEnv in error state 6
[Sun Dec 04 17:31:45 2005] [notice] workerEnv.init() ok /etc/httpd/conf/workers2.properties
[Sun Dec 04 17:36:14 2005] [notice] jk2_init() Found child 1512 in scoreboard slot 7
[Sun Dec 04 17:39:01 2005] [notice] jk2_init() Found child 1530 in scoreboard slot 8
[Sun Dec 04 17:43:08 2005] [notice] jk2_init() Found child 1562 in scoreboard slot 7
[Sun Dec 04 17:43:12 2005] [notice] workerEnv.init() ok /etc/httpd/conf/workers2.properties
[Sun Dec 04 17:43:12 2005] [error] mod_jk child init 1 -2
[Sun Dec 04 19:25:53 2005] [error] mod_jk child workerEnv in error state 6
[Sun Dec 04 19:32:34 2005] [notice] jk2_init() Found child 1789 in scoreboard slot 7
[Sun Dec 04 19:35:58 2005] [notice] jk2_init() Found child 1797 in scoreboard slot 9
[Sun Dec 04 19:36:07 2005] [error] mod_jk child workerEnv in error state 6
[Sun Dec 04 19:36:07 2005] [notice] workerEnv.init() ok /etc/httpd/conf/workers2.properties
[Sun Dec 04 19:41:21 2005] [error] mod_jk child workerEnv in error state 6
[Sun Dec 04 19:46:04 2005] [notice] jk2_init() Found child 1821 in scoreboard slot 6
[Sun Dec 04 19:46:19 2005] [notice] jk2_init() Found child 1824 in scoreboard slot 9
[Sun Dec 04 19:50:51 2005] [notice] workerEnv.init() ok /etc/httpd/conf/workers2.properties
[Sun Dec 04 19:51:43 2005] [notice] jk2_init() Found child 1835 in scoreboard slot 9
[Sun Dec 04 19:51:54 2005] [notice] workerEnv.init() ok /etc/httpd/conf/workers2.properties
[Sun Dec 04 19:56:53 2005] [error] mod_jk child workerEnv in error state 6
[Sun Dec 04 20:01:00 2005] [notice] jk2_init() Found child 1861 in scoreboard slot 8
[Sun Dec 04 20:01:37 2005] [notice] workerEnv.init() ok /etc/httpd/conf/workers2.properties
[Sun Dec 04 20:05:55 2005] [notice] jk2_init() Found child 1887 in scoreboard slot 8
[Sun Dec 04 20:05:59 2005] [error] mod_jk child workerEnv in error state 6
[Sun Dec 04 20:11:09 2005] [notice] jk2_init() Found child 1901 in scoreboard slot 6
[Sun Dec 04 20:11:14 2005] [error] mod_jk child workerEnv in error state 6
[Sun Dec 04 20:16:15 2005] [notice] workerEnv.init() ok /etc/httpd/conf/workers2.properties
[Sun Dec 04 20:16:15 2005] [error] mod_jk child workerEnv in error state 6
[Sun Dec 04 20:21:37 2005] [notice] jk2_init() Found child 1934 in scoreboard slot 9
[Sun Dec 04 20:22:57 2005] [notice] jk2_init() Found child 1937 in scoreboard slot 6
[Sun Dec 04 20:24:49 2005] [error] mod_jk child workerEnv in error state 8
[Sun Dec 04 20:26:10 2005] [notice] jk2_init() Found child 1957 in scoreboard slot 8
[Sun Dec 04 20:28:00 2005] [notice] jk2_init() Found child 1963 in scoreboard slot 9
[Sun Dec 04 20:31:35 2005] [notice] jk2_init() Found child 1990 in scoreboard slot 9
[Sun Dec 04 20:32:55 2005] [error] mod_jk child workerEnv in error state 10
[Sun Dec 04 20:34:13 2005] [notice] workerEnv.init() ok /etc/httpd/conf/workers2.properties
[Sun Dec 04 20:34:25 2005] [notice] workerEnv.init() ok /etc/httpd/conf/workers2.properties
[Sun Dec 04 20:37:46 2005] [notice] workerEnv.init() ok /etc/httpd/conf/workers2.properties
[Sun Dec 04 20:38:14 2005] [notice] workerEnv.init() ok /etc/httpd/conf/workers2.properties
[Sun Dec 04 20:41:47 2005] [notice] jk2_init() Found child 2045 in scoreboard slot 9
[Sun Dec 04 20:47:16 2005] [notice] jk2_init() Found child 2083 in scoreboard slot 8
[Sun Dec 04 20:47:17 2005] [error] jk2_init() Can't find child 2085 in scoreboard
[Sun Dec 04 20:47:17 2005] [notice] jk2_init() Found child 2084 in scoreboard slot 9
[Mon Dec 05 03:21:00 2005] [notice] jk2_init() Found child 2760 in scoreboard slot 6
[Mon Dec 05 03:25:44 2005] [notice] jk2_init() Found child 2773 in scoreboard slot 6
[Mon Dec 05 03:36:57 2005] [notice] workerEnv.init() ok /etc/httpd/conf/workers2.properties
[Mon Dec 05 03:36:57 2005] [error] mod_jk child workerEnv in error state 6
[Mon Dec 05 03:44:50 2005] [error] mod_jk child workerEnv in error state 6
[Mon Dec 05 03:47:19 2005] [notice] jk2_init() Found child 2841 in scoreboard slot 6
[Mon Dec 05 03:47:54 2005] [error] mod_jk child workerEnv in error state 8
[Mon Dec 05 03:50:49 2005] [notice] jk2_init() Found child 2857 in scoreboard slot 9
[Mon Dec 05 03:50:59 2005] [notice] workerEnv.init() ok /etc/httpd/conf/workers2.properties
[Mon Dec 05 03:56:12 2005] [notice] jk2_init() Found child 2865 in scoreboard slot 9
[Mon Dec 05 03:56:15 2005] [error] mod_jk child workerEnv in error state 6
[Mon Dec 05 04:01:18 2005] [notice] jk2_init() Found child 2879 in scoreboard slot 6
[Mon Dec 05 04:01:23 2005] [notice] workerEnv.init() ok /etc/httpd/conf/workers2.properties
[Mon Dec 05 04:06:45 2005] [error] mod_jk child workerEnv in error state 6
[Mon Dec 05 04:08:37 2005] [notice] jk2_init() Found child 3681 in scoreboard slot 6
[Mon Dec 05 04:10:47 2005] [notice] jk2_init() Found child 3691 in scoreboard slot 8
[Mon Dec 05 04:13:54 2005] [notice] jk2_init() Found child 3746 in scoreboard slot 7
[Mon Dec 05 04:14:00 2005] [error] mod_jk child workerEnv in error state 6
[Mon Dec 05 04:14:00 2005] [error] mod_jk child workerEnv in error state 9
[Mon Dec 05 05:06:47 2005] [error] mod_jk child workerEnv in error state 6
[Mon Dec 05 05:11:54 2005] [notice] jk2_init() Found child 4612 in scoreboard slot 6
[Mon Dec 05 05:15:29 2005] [notice] jk2_init() Found child 4631 in scoreboard slot 9
[Mon Dec 05 05:15:33 2005] [error] mod_jk child workerEnv in error state 7
[Mon Dec 05 06:36:58 2005] [notice] workerEnv.init() ok /etc/httpd/conf/workers2.properties
[Mon Dec 05 07:16:03 2005] [notice] workerEnv.init() ok /etc/httpd/conf/workers2.properties
[Mon Dec 05 07:21:09 2005] [error] mod_jk child workerEnv in error state 6
[Mon Dec 05 07:25:59 2005] [notice] workerEnv.init() ok /etc/httpd/conf/workers2.properties
[Mon Dec 05 07:32:03 2005] [notice] jk2_init() Found child 4938 in scoreboard slot 8
[Mon Dec 05 07:32:06 2005] [error] mod_jk child workerEnv in error state 6
[Mon Dec 05 07:37:48 2005] [notice] jk2_init() Found child 4962 in scoreboard slot 7
[Mon Dec 05 07:37:58 2005] [error] mod_jk child workerEnv in error state 6
[Mon Dec 05 07:41:50 2005] [notice] jk2_init() Found child 4976 in scoreboard slot 7
[Mon Dec 05 07:43:16 2005] [error] mod_jk child workerEnv in error state 7
[Mon Dec 05 07:46:01 2005] [notice] jk2_init() Found child 4992 in scoreboard slot 7
[Mon Dec 05 07:47:21 2005] [notice] jk2_init() Found child 5000 in scoreboard slot 7
[Mon Dec 05 07:47:40 2005] [error] mod_jk child workerEnv in error state 8
[Mon Dec 05 07:48:55 2005] [error] mod_jk child workerEnv in error state 6
[Mon Dec 05 07:48:56 2005] [error] mod_jk child workerEnv in error state 7
[Mon Dec 05 07:51:39 2005] [notice] jk2_init() Found child 5019 in scoreboard slot 7
[Mon Dec 05 07:52:56 2005] [notice] jk2_init() Found child 5024 in scoreboard slot 9
[Mon Dec 05 07:54:48 2005] [notice] jk2_init() Found child 5033 in scoreboard slot 8
[Mon Dec 05 07:55:08 2005] [error] mod_jk child workerEnv in error state 7
[Mon Dec 05 07:57:02 2005] [notice] jk2_init() Found child 5051 in scoreboard slot 9
[Mon Dec 05 07:57:02 2005] [error] mod_jk child workerEnv in error state 6
[Mon Dec 05 07:57:02 2005] [notice] workerEnv.init() ok /etc/httpd/conf/workers2.properties
[Mon Dec 05 09:36:14 2005] [notice] workerEnv.init() ok /etc/httpd/conf/workers2.properties
[Mon Dec 05 10:10:32 2005] [notice] jk2_init() Found child 5330 in scoreboard slot 9
[Mon Dec 05 10:17:45 2005] [notice] jk2_init() Found child 5349 in scoreboard slot 8
[Mon Dec 05 10:17:51 2005] [error] mod_jk child workerEnv in error state 6
[Mon Dec 05 10:21:07 2005] [notice] jk2_init() Found child 5368 in scoreboard slot 7
[Mon Dec 05 10:21:13 2005] [error] mod_jk child workerEnv in error state 6
[Mon Dec 05 10:26:31 2005] [error] mod_jk child workerEnv in error state 6
[Mon Dec 05 10:26:36 2005] [notice] jk2_init() Found child 5388 in scoreboard slot 10
[Mon Dec 05 10:33:41 2005] [notice] jk2_init() Found child 5418 in scoreboard slot 6
[Mon Dec 05 10:33:44 2005] [error] mod_jk child workerEnv in error state 6
[Mon Dec 05 10:36:58 2005] [notice] jk2_init() Found child 5428 in scoreboard slot 8
[Mon Dec 05 10:38:04 2005] [notice] workerEnv.init() ok /etc/httpd/conf/workers2.properties
[Mon Dec 05 10:38:04 2005] [error] mod_jk child workerEnv in error state 7
[Mon Dec 05 10:43:19 2005] [notice] jk2_init() Found child 5479 in scoreboard slot 6
[Mon Dec 05 10:43:48 2005] [notice] jk2_init() Found child 5484 in scoreboard slot 7
[Mon Dec 05 10:46:55 2005] [notice] jk2_init() Found child 5495 in scoreboard slot 9
[Mon Dec 05 10:47:32 2005] [notice] jk2_init() Found child 5499 in scoreboard slot 9
[Mon Dec 05 10:47:47 2005] [notice] workerEnv.init() ok /etc/httpd/conf/workers2.properties
[Mon Dec 05 10:51:12 2005] [notice] jk2_init() Found child 5516 in scoreboard slot 8
[Mon Dec 05 10:52:15 2005] [notice] workerEnv.init() ok /etc/httpd/conf/workers2.properties
[Mon Dec 05 10:59:25 2005] [notice] jk2_init() Found child 5563 in scoreboard slot 7
[Mon Dec 05 10:59:29 2005] [notice] workerEnv.init() ok /etc/httpd/conf/workers2.properties
[Mon Dec 05 10:59:29 2005] [error] mod_jk child workerEnv in error state 7
[Mon Dec 05 11:04:16 2005] [notice] jk2_init() Found child 5592 in scoreboard slot 8
[Mon Dec 05 11:06:51 2005] [notice] workerEnv.init() ok /etc/httpd/conf/workers2.properties
[Mon Dec 05 11:06:52 2005] [error] jk2_init() Can't find child 5620 in scoreboard
[Mon Dec 05 11:06:52 2005] [notice] workerEnv.init() ok /etc/httpd/conf/workers2.properties
[Mon Dec 05 12:36:36 2005] [notice] jk2_init() Found child 5787 in scoreboard slot 8
[Mon Dec 05 12:36:39 2005] [notice] workerEnv.init() ok /etc/httpd/conf/workers2.properties
[Mon Dec 05 12:50:43 2005] [notice] workerEnv.init() ok /etc/httpd/conf/workers2.properties
[Mon Dec 05 12:55:49 2005] [error] mod_jk child workerEnv in error state 6
[Mon Dec 05 13:00:34 2005] [notice] workerEnv.init() ok /etc/httpd/conf/workers2.properties
[Mon Dec 05 13:10:59 2005] [error] mod_jk child workerEnv in error state 6
[Mon Dec 05 13:16:29 2005] [notice] workerEnv.init() ok /etc/httpd/conf/workers2.properties
[Mon Dec 05 13:21:34 2005] [notice] jk2_init() Found child 5892 in scoreboard slot 8
[Mon Dec 05 13:22:48 2005] [notice] workerEnv.init() ok /etc/httpd/conf/workers2.properties
[Mon Dec 05 13:26:37 2005] [notice] jk2_init() Found child 5914 in scoreboard slot 9
[Mon Dec 05 13:28:14 2005] [notice] jk2_init() Found child 5923 in scoreboard slot 6
[Mon Dec 05 13:28:17 2005] [notice] workerEnv.init() ok /etc/httpd/conf/workers2.properties
[Mon Dec 05 13:31:53 2005] [notice] jk2_init() Found child 5937 in scoreboard slot 7
[Mon Dec 05 13:32:09 2005] [notice] workerEnv.init() ok /etc/httpd/conf/workers2.properties
[Mon Dec 05 13:32:30 2005] [notice] workerEnv.init() ok /etc/httpd/conf/workers2.properties
[Mon Dec 05 13:36:58 2005] [notice] jk2_init() Found child 5955 in scoreboard slot 8
[Mon Dec 05 13:38:52 2005] [notice] jk2_init() Found child 5966 in scoreboard slot 7
[Mon Dec 05 13:39:41 2005] [notice] jk2_init() Found child 5972 in scoreboard slot 8
[Mon Dec 05 13:41:11 2005] [notice] jk2_init() Found child 5981 in scoreboard slot 9
[Mon Dec 05 13:43:27 2005] [notice] jk2_init() Found child 5991 in scoreboard slot 7
[Mon Dec 05 13:44:18 2005] [notice] jk2_init() Found child 5995 in scoreboard slot 7
[Mon Dec 05 13:45:01 2005] [notice] jk2_init() Found child 5998 in scoreboard slot 6
[Mon Dec 05 13:45:08 2005] [error] mod_jk child workerEnv in error state 6
[Mon Dec 05 13:47:09 2005] [notice] jk2_init() Found child 6011 in scoreboard slot 7
[Mon Dec 05 13:47:11 2005] [error] mod_jk child workerEnv in error state 6
[Mon Dec 05 13:52:19 2005] [notice] jk2_init() Found child 6034 in scoreboard slot 7
[Mon Dec 05 13:53:00 2005] [notice] jk2_init() Found child 6039 in scoreboard slot 10
[Mon Dec 05 13:53:35 2005] [notice] workerEnv.init() ok /etc/httpd/conf/workers2.properties
[Mon Dec 05 13:56:38 2005] [notice] jk2_init() Found child 6053 in scoreboard slot 7
[Mon Dec 05 13:59:43 2005] [notice] jk2_init() Found child 6071 in scoreboard slot 8
[Mon Dec 05 14:01:48 2005] [error] mod_jk child workerEnv in error state 9
[Mon Dec 05 15:31:06 2005] [notice] jk2_init() Found child 6259 in scoreboard slot 6
[Mon Dec 05 15:31:10 2005] [notice] workerEnv.init() ok /etc/httpd/conf/workers2.properties
[Mon Dec 05 15:41:32 2005] [notice] workerEnv.init() ok /etc/httpd/conf/workers2.properties
[Mon Dec 05 15:45:44 2005] [notice] workerEnv.init() ok /etc/httpd/conf/workers2.properties
[Mon Dec 05 15:51:20 2005] [notice] workerEnv.init() ok /etc/httpd/conf/workers2.properties
[Mon Dec 05 15:55:32 2005] [notice] workerEnv.init() ok /etc/httpd/conf/workers2.properties
[Mon Dec 05 16:02:02 2005] [notice] workerEnv.init() ok /etc/httpd/conf/workers2.properties
[Mon Dec 05 16:07:08 2005] [notice] jk2_init() Found child 6339 in scoreboard slot 8
[Mon Dec 05 16:07:09 2005] [notice] workerEnv.init() ok /etc/httpd/conf/workers2.properties
[Mon Dec 05 16:10:44 2005] [error] mod_jk child workerEnv in error state 6
[Mon Dec 05 16:16:36 2005] [error] mod_jk child workerEnv in error state 6
[Mon Dec 05 16:21:29 2005] [error] mod_jk child workerEnv in error state 6
[Mon Dec 05 16:26:00 2005] [notice] jk2_init() Found child 6398 in scoreboard slot 8
[Mon Dec 05 16:31:48 2005] [notice] jk2_init() Found child 6420 in scoreboard slot 6
[Mon Dec 05 16:31:52 2005] [error] mod_jk child workerEnv in error state 6
[Mon Dec 05 16:38:17 2005] [notice] jk2_init() Found child 6442 in scoreboard slot 6
[Mon Dec 05 16:40:06 2005] [error] mod_jk child workerEnv in error state 9
[Mon Dec 05 17:31:41 2005] [error] mod_jk child workerEnv in error state 6
[Mon Dec 05 17:40:38 2005] [notice] jk2_init() Found child 6577 in scoreboard slot 7
[Mon Dec 05 17:46:02 2005] [notice] jk2_init() Found child 6586 in scoreboard slot 8
[Mon Dec 05 17:50:41 2005] [notice] workerEnv.init() ok /etc/httpd/conf/workers2.properties
[Mon Dec 05 17:55:35 2005] [notice] workerEnv.init() ok /etc/httpd/conf/workers2.properties
[Mon Dec 05 18:10:56 2005] [notice] jk2_init() Found child 6638 in scoreboard slot 8
[Mon Dec 05 18:15:47 2005] [notice] workerEnv.init() ok /etc/httpd/conf/workers2.properties
[Mon Dec 05 18:20:53 2005] [error] mod_jk child workerEnv in error state 6
[Mon Dec 05 18:27:37 2005] [notice] jk2_init() Found child 6689 in scoreboard slot 7
[Mon Dec 05 18:35:53 2005] [notice] workerEnv.init() ok /etc/httpd/conf/workers2.properties
[Mon Dec 05 18:40:54 2005] [error] mod_jk child workerEnv in error state 6
[Mon Dec 05 18:50:30 2005] [notice] jk2_init() Found child 6733 in scoreboard slot 8
[Mon Dec 05 18:56:04 2005] [notice] workerEnv.init() ok /etc/httpd/conf/workers2.properties
[Mon Dec 05 19:00:44 2005] [error] mod_jk child workerEnv in error state 6
[Mon Dec 05 19:11:04 2005] [error] mod_jk child workerEnv in error state 6
[Mon Dec 05 19:15:57 2005] [notice] workerEnv.init() ok /etc/httpd/conf/workers2.properties
