[Sun Dec 04 04:47:44 2005] [error] mod_jk child workerEnv in error state 6
[Sun Dec 04 04:51:18 2005] [error] mod_jk child workerEnv in error state 6
[Sun Dec 04 04:51:52 2005] [notice] workerEnv.init() ok /etc/httpd/conf/workers2.properties
[Sun Dec 04 04:52:12 2005] [notice] workerEnv.init() ok /etc/httpd/conf/workers2.properties
[Sun Dec 04 04:52:36 2005] [notice] jk2_init() Found child 6745 in scoreboard slot 8
[Sun Dec 04 04:53:05 2005] [notice] jk2_init() Found child 6752 in scoreboard slot 10
[Sun Dec 04 04:53:40 2005] [notice] jk2_init() Found child 6756 in scoreboard slot 7
[Sun Dec 04 04:54:18 2005] [notice] workerEnv.init() ok /etc/httpd/conf/workers2.properties
[Sun Dec 04 04:54:18 2005] [error] mod_jk child workerEnv in error state 7
[Sun Dec 04 04:56:57 2005] [notice] workerEnv.init() ok /etc/httpd/conf/workers2.properties
[Sun Dec 04 04:57:24 2005] [error] mod_jk child workerEnv in error state 6
[Sun Dec 04 04:58:58 2005] [error] mod_jk child workerEnv in error state 6
[Sun Dec 04 05:00:03 2005] [notice] jk2_init() Found child 8560 in scoreboard slot 7
[Sun Dec 04 05:00:15 2005] [notice] workerEnv.init() ok /etc/httpd/conf/workers2.properties
[Sun Dec 04 05:04:03 2005] [notice] jk2_init() Found child 8765 in scoreboard slot 11
[Sun Dec 04 05:04:04 2005] [error] mod_jk child workerEnv in error state 7
[Sun Dec 04 05:04:04 2005] [notice] workerEnv.init() ok /etc/httpd/conf/workers2.properties
[Sun Dec 04 05:12:07 2005] [notice] workerEnv.init() ok /etc/httpd/conf/workers2.properties
[Sun Dec 04 05:12:28 2005] [error] mod_jk child workerEnv in error state 6
[Sun Dec 04 05:15:16 2005] [error] mod_jk child workerEnv in error state 6
[Sun Dec 04 06:01:42 2005] [notice] jk2_init() Found child 32353 in scoreboard slot 10
[Sun Dec 04 06:02:05 2005] [notice] jk2_init() Found child 32355 in scoreboard slot 7
[Sun Dec 04 06:02:07 2005] [notice] workerEnv.init() ok /etc/httpd/conf/workers2.properties
[Sun Dec 04 06:06:12 2005] [error] mod_jk child workerEnv in error state 6
[Sun Dec 04 06:06:26 2005] [error] mod_jk child workerEnv in error state 7
[Sun Dec 04 06:11:11 2005] [notice] jk2_init() Found child 32410 in scoreboard slot 7
[Sun Dec 04 06:12:31 2005] [notice] jk2_init() Found child 32424 in scoreboard slot 10
[Sun Dec 04 06:12:40 2005] [error] mod_jk child workerEnv in error state 6
[Sun Dec 04 06:16:10 2005] [notice] jk2_init() Found child 32432 in scoreboard slot 7
[Sun Dec 04 06:16:21 2005] [notice] jk2_init() Found child 32435 in scoreboard slot 10
[Sun Dec 04 06:17:02 2005] [notice] workerEnv.init() ok /etc/httpd/conf/workers2.properties
[Sun Dec 04 06:17:23 2005] [notice] jk2_init() Found child 32439 in scoreboard slot 9
[Sun Dec 04 06:17:55 2005] [notice] jk2_init() Found child 32443 in scoreboard slot 8
[Sun Dec 04 06:18:23 2005] [notice] workerEnv.init() ok /etc/httpd/conf/workers2.properties
[Sun Dec 04 06:18:55 2005] [error] mod_jk child workerEnv in error state 6
[Sun Dec 04 06:19:19 2005] [notice] jk2_init() Found child 32451 in scoreboard slot 6
[Sun Dec 04 06:19:56 2005] [notice] jk2_init() Found child 32455 in scoreboard slot 9
[Sun Dec 04 06:20:44 2005] [notice] workerEnv.init() ok /etc/httpd/conf/workers2.properties
[Sun Dec 04 06:22:48 2005] [notice] jk2_init() Found child 32477 in scoreboard slot 10
[Sun Dec 04 06:22:53 2005] [notice] workerEnv.init() ok /etc/httpd/conf/workers2.properties
[Sun Dec 04 06:23:12 2005] [notice] jk2_init() Found child 32483 in scoreboard slot 7
[Sun Dec 04 06:36:07 2005] [notice] jk2_init() Found child 32528 in scoreboard slot 10
[Sun Dec 04 06:40:55 2005] [notice] jk2_init() Found child 32547 in scoreboard slot 7
[Sun Dec 04 06:41:29 2005] [notice] jk2_init() Found child 32549 in scoreboard slot 10
[Sun Dec 04 06:42:11 2005] [notice] jk2_init() Found child 32552 in scoreboard slot 7
[Sun Dec 04 06:42:53 2005] [notice] workerEnv.init() ok /etc/httpd/conf/workers2.properties
[Sun Dec 04 06:43:34 2005] [notice] workerEnv.init() ok /etc/httpd/conf/workers2.properties
[Sun Dec 04 06:44:18 2005] [notice] jk2_init() Found child 32561 in scoreboard slot 8
[Sun Dec 04 06:45:32 2005] [notice] jk2_init() Found child 32572 in scoreboard slot 10
[Sun Dec 04 06:46:12 2005] [notice] jk2_init() Found child 32581 in scoreboard slot 7
[Sun Dec 04 06:46:32 2005] [notice] jk2_init() Found child 32584 in scoreboard slot 9
[Sun Dec 04 06:46:34 2005] [error] mod_jk child workerEnv in error state 8
[Sun Dec 04 06:47:39 2005] [notice] workerEnv.init() ok /etc/httpd/conf/workers2.properties
[Sun Dec 04 06:49:06 2005] [notice] jk2_init() Found child 32600 in scoreboard slot 9
[Sun Dec 04 06:51:14 2005] [notice] jk2_init() Found child 32623 in scoreboard slot 11
[Sun Dec 04 06:51:23 2005] [notice] workerEnv.init() ok /etc/httpd/conf/workers2.properties
[Sun Dec 04 06:52:07 2005] [notice] jk2_init() Found child 32627 in scoreboard slot 9
[Sun Dec 04 06:52:27 2005] [notice] jk2_init() Found child 32629 in scoreboard slot 10
[Sun Dec 04 06:53:04 2005] [notice] jk2_init() Found child 32632 in scoreboard slot 7
[Sun Dec 04 06:54:04 2005] [notice] jk2_init() Found child 32641 in scoreboard slot 6
[Sun Dec 04 06:55:00 2005] [notice] jk2_init() Found child 32650 in scoreboard slot 8
[Sun Dec 04 06:55:55 2005] [notice] jk2_init() Found child 32660 in scoreboard slot 6
[Sun Dec 04 06:56:37 2005] [notice] jk2_init() Found child 32664 in scoreboard slot 8
[Sun Dec 04 06:57:23 2005] [notice] workerEnv.init() ok /etc/httpd/conf/workers2.properties
[Sun Dec 04 06:57:24 2005] [notice] workerEnv.init() ok /etc/httpd/conf/workers2.properties
[Sun Dec 04 06:58:28 2005] [notice] workerEnv.init() ok /etc/httpd/conf/workers2.properties
[Sun Dec 04 06:58:54 2005] [notice] jk2_init() Found child 32678 in scoreboard slot 10
[Sun Dec 04 06:59:45 2005] [notice] workerEnv.init() ok /etc/httpd/conf/workers2.properties
[Sun Dec 04 07:00:32 2005] [notice] jk2_init() Found child 32695 in scoreboard slot 8
[Sun Dec 04 07:01:55 2005] [notice] jk2_init() Found child 32709 in scoreboard slot 8
[Sun Dec 04 07:02:03 2005] [error] mod_jk child workerEnv in error state 9
[Sun Dec 04 07:03:48 2005] [notice] jk2_init() Found child 32720 in scoreboard slot 8
[Sun Dec 04 07:06:11 2005] [notice] jk2_init() Found child 32742 in scoreboard slot 10
[Sun Dec 04 07:07:30 2005] [error] mod_jk child workerEnv in error state 9
[Sun Dec 04 07:08:04 2005] [error] mod_jk child workerEnv in error state 7
[Sun Dec 04 07:11:04 2005] [notice] jk2_init() Found child 309 in scoreboard slot 7
[Sun Dec 04 07:11:49 2005] [notice] jk2_init() Found child 311 in scoreboard slot 9
[Sun Dec 04 07:12:44 2005] [error] mod_jk child workerEnv in error state 6
[Sun Dec 04 07:13:36 2005] [notice] workerEnv.init() ok /etc/httpd/conf/workers2.properties
[Sun Dec 04 07:14:29 2005] [error] mod_jk child workerEnv in error state 7
[Sun Dec 04 07:17:56 2005] [notice] jk2_init() Found child 349 in scoreboard slot 8
[Sun Dec 04 07:18:00 2005] [error] mod_jk child workerEnv in error state 6
[Sun Dec 04 07:18:00 2005] [notice] workerEnv.init() ok /etc/httpd/conf/workers2.properties
[Sun Dec 04 10:53:30 2005] [error] [client 218.76.139.20] Directory index forbidden by rule: /var/www/html/
[Sun Dec 04 15:18:36 2005] [error] [client 67.154.58.130] Directory index forbidden by rule: /var/www/html/
[Sun Dec 04 16:32:37 2005] [notice] jk2_init() Found child 1253 in scoreboard slot 9
[Sun Dec 04 16:32:58 2005] [error] mod_jk child workerEnv in error state 7
[Sun Dec 04 16:35:52 2005] [error] mod_jk child workerEnv in error state 6
[Sun Dec 04 16:41:22 2005] [notice] workerEnv.init() ok /etc/httpd/conf/workers2.properties
[Sun Dec 04 16:45:52 2005] [notice] jk2_init() Found child 1284 in scoreboard slot 9
[Sun Dec 04 16:47:59 2005] [notice] jk2_init() Found child 1298 in scoreboard slot 8
[Sun Dec 04 16:48:01 2005] [notice] workerEnv.init() ok /etc/httpd/conf/workers2.properties
[Sun Dec 04 16:50:53 2005] [notice] jk2_init() Found child 1309 in scoreboard slot 7
[Sun Dec 04 16:52:46 2005] [notice] jk2_init() Found child 1324 in scoreboard slot 7
[Sun Dec 04 16:52:49 2005] [error] mod_jk child workerEnv in error state 6
[Sun Dec 04 16:56:25 2005] [notice] jk2_init() Found child 1334 in scoreboard slot 8
[Sun Dec 04 16:56:27 2005] [error] mod_jk child workerEnv in error state 7
[Sun Dec 04 17:01:43 2005] [notice] jk2_init() Found child 1358 in scoreboard slot 8
[Sun Dec 04 17:01:47 2005] [notice] workerEnv.init() ok /etc/httpd/conf/workers2.properties
[Sun Dec 04 17:01:47 2005] [error] mod_jk child workerEnv in error state 6
[Sun Dec 04 17:05:48 2005] [error] mod_jk child workerEnv in error state 6
[Sun Dec 04 17:12:42 2005] [notice] jk2_init() Found child 1393 in scoreboard slot 8
[Sun Dec 04 17:12:54 2005] [notice] workerEnv.init() ok /etc/httpd/conf/workers2.properties
[Sun Dec 04 17:12:57 2005] [error] mod_jk child workerEnv in error state 7
[Sun Dec 04 17:20:38 2005] [notice] jk2_init() Found child 1450 in scoreboard slot 11
[Sun Dec 04 17:20:44 2005] [notice] workerEnv.init() ok /etc/httpd/conf/workers2.properties
[Sun Dec 04 17:21:04 2005] [notice] workerEnv.init() ok /etc/httpd/conf/workers2.properties
[Sun Dec 04 17:28:41 2005] [notice] jk2_init() Found child 1476 in scoreboard slot 8
[Sun Dec 04 17:31:10 2005] [notice] workerEnv.init() ok /etc/httpd/conf/workers2.properties
[Sun Dec 04 17:31:43 2005] [notice] jk2_init() Found child 1504 in scoreboard slot 8
[Sun Dec 04 17:34:57 2005] [error] mod_jk child workerEnv in error state 6
[Sun Dec 04 17:37:47 2005] [notice] jk2_init() Found child 1521 in scoreboard slot 10
[Sun Dec 04 17:43:08 2005] [notice] jk2_init() Found child 1561 in scoreboard slot 6
[Sun Dec 04 17:43:12 2005] [notice] workerEnv.init() ok /etc/httpd/conf/workers2.properties
[Sun Dec 04 17:43:12 2005] [error] mod_jk child workerEnv in error state 9
[Sun Dec 04 19:25:51 2005] [notice] jk2_init() Found child 1763 in scoreboard slot 6
[Sun Dec 04 19:32:34 2005] [notice] jk2_init() Found child 1788 in scoreboard slot 6
[Sun Dec 04 19:32:34 2005] [notice] workerEnv.init() ok /etc/httpd/conf/workers2.properties
[Sun Dec 04 19:36:05 2005] [error] [client 61.37.222.240] Directory index forbidden by rule: /var/www/html/
[Sun Dec 04 19:36:07 2005] [notice] workerEnv.init() ok /etc/httpd/conf/workers2.properties
[Sun Dec 04 19:41:20 2005] [notice] jk2_init() Found child 1815 in scoreboard slot 8
[Sun Dec 04 19:41:21 2005] [notice] workerEnv.init() ok /etc/httpd/conf/workers2.properties
[Sun Dec 04 19:46:13 2005] [error] mod_jk child workerEnv in error state 6
[Sun Dec 04 19:50:39 2005] [notice] jk2_init() Found child 1833 in scoreboard slot 7
[Sun Dec 04 19:51:16 2005] [notice] workerEnv.init() ok /etc/httpd/conf/workers2.properties
[Sun Dec 04 19:51:54 2005] [notice] workerEnv.init() ok /etc/httpd/conf/workers2.properties
[Sun Dec 04 19:56:51 2005] [notice] jk2_init() Found child 1850 in scoreboard slot 8
[Sun Dec 04 19:56:53 2005] [notice] workerEnv.init() ok /etc/httpd/conf/workers2.properties
[Sun Dec 04 20:01:30 2005] [notice] jk2_init() Found child 1863 in scoreboard slot 9
[Sun Dec 04 20:01:37 2005] [error] mod_jk child workerEnv in error state 6
[Sun Dec 04 20:05:59 2005] [error] mod_jk child workerEnv in error state 6
[Sun Dec 04 20:11:09 2005] [notice] jk2_init() Found child 1899 in scoreboard slot 7
[Sun Dec 04 20:11:14 2005] [error] mod_jk child workerEnv in error state 6
[Sun Dec 04 20:16:10 2005] [notice] jk2_init() Found child 1913 in scoreboard slot 7
[Sun Dec 04 20:16:15 2005] [error] mod_jk child workerEnv in error state 6
[Sun Dec 04 20:21:31 2005] [notice] workerEnv.init() ok /etc/httpd/conf/workers2.properties
[Sun Dec 04 20:22:49 2005] [notice] workerEnv.init() ok /etc/httpd/conf/workers2.properties
[Sun Dec 04 20:24:45 2005] [notice] jk2_init() Found child 1948 in scoreboard slot 8
[Sun Dec 04 20:24:49 2005] [notice] workerEnv.init() ok /etc/httpd/conf/workers2.properties
[Sun Dec 04 20:27:43 2005] [notice] jk2_init() Found child 1961 in scoreboard slot 8
[Sun Dec 04 20:29:34 2005] [notice] jk2_init() Found child 1970 in scoreboard slot 6
[Sun Dec 04 20:32:50 2005] [notice] workerEnv.init() ok /etc/httpd/conf/workers2.properties
[Sun Dec 04 20:33:47 2005] [notice] jk2_init() Found child 2005 in scoreboard slot 7
[Sun Dec 04 20:34:25 2005] [notice] workerEnv.init() ok /etc/httpd/conf/workers2.properties
[Sun Dec 04 20:37:29 2005] [notice] jk2_init() Found child 2027 in scoreboard slot 7
[Sun Dec 04 20:38:10 2005] [notice] jk2_init() Found child 2031 in scoreboard slot 7
[Sun Dec 04 20:38:14 2005] [error] mod_jk child workerEnv in error state 7
[Sun Dec 04 20:47:16 2005] [notice] jk2_init() Found child 2081 in scoreboard slot 6
[Sun Dec 04 20:47:16 2005] [notice] workerEnv.init() ok /etc/httpd/conf/workers2.properties
[Sun Dec 04 20:47:17 2005] [error] mod_jk child init 1 -2
[Mon Dec 05 01:04:31 2005] [error] [client 218.62.18.218] Directory index forbidden by rule: /var/www/html/
[Mon Dec 05 03:23:24 2005] [error] mod_jk child workerEnv in error state 6
[Mon Dec 05 03:36:51 2005] [notice] jk2_init() Found child 2812 in scoreboard slot 6
[Mon Dec 05 03:36:57 2005] [error] mod_jk child workerEnv in error state 6
[Mon Dec 05 03:44:50 2005] [error] [client 168.20.198.21] Directory index forbidden by rule: /var/www/html/
[Mon Dec 05 03:47:02 2005] [notice] workerEnv.init() ok /etc/httpd/conf/workers2.properties
[Mon Dec 05 03:47:53 2005] [notice] jk2_init() Found child 2845 in scoreboard slot 6
[Mon Dec 05 03:47:54 2005] [notice] workerEnv.init() ok /etc/httpd/conf/workers2.properties
[Mon Dec 05 03:50:59 2005] [notice] workerEnv.init() ok /etc/httpd/conf/workers2.properties
[Mon Dec 05 03:56:12 2005] [notice] jk2_init() Found child 2866 in scoreboard slot 7
[Mon Dec 05 03:56:15 2005] [error] mod_jk child workerEnv in error state 6
[Mon Dec 05 04:01:18 2005] [notice] jk2_init() Found child 2878 in scoreboard slot 7
[Mon Dec 05 04:01:23 2005] [notice] workerEnv.init() ok /etc/httpd/conf/workers2.properties
[Mon Dec 05 04:06:43 2005] [notice] workerEnv.init() ok /etc/httpd/conf/workers2.properties
[Mon Dec 05 04:07:48 2005] [notice] jk2_init() Found child 3674 in scoreboard slot 8
[Mon Dec 05 04:10:47 2005] [notice] jk2_init() Found child 3698 in scoreboard slot 9
[Mon Dec 05 04:13:54 2005] [notice] jk2_init() Found child 3753 in scoreboard slot 10
[Mon Dec 05 04:14:00 2005] [error] mod_jk child workerEnv in error state 8
[Mon Dec 05 04:14:00 2005] [notice] workerEnv.init() ok /etc/httpd/conf/workers2.properties
[Mon Dec 05 05:06:47 2005] [notice] workerEnv.init() ok /etc/httpd/conf/workers2.properties
[Mon Dec 05 05:11:34 2005] [notice] jk2_init() Found child 4611 in scoreboard slot 9
[Mon Dec 05 05:15:29 2005] [notice] jk2_init() Found child 4634 in scoreboard slot 6
[Mon Dec 05 05:15:33 2005] [error] mod_jk child workerEnv in error state 9
[Mon Dec 05 06:35:27 2005] [error] mod_jk child workerEnv in error state 6
[Mon Dec 05 07:16:03 2005] [notice] workerEnv.init() ok /etc/httpd/conf/workers2.properties
[Mon Dec 05 07:21:09 2005] [notice] workerEnv.init() ok /etc/httpd/conf/workers2.properties
[Mon Dec 05 07:25:55 2005] [notice] jk2_init() Found child 4917 in scoreboard slot 9
[Mon Dec 05 07:26:00 2005] [error] mod_jk child workerEnv in error state 6
[Mon Dec 05 07:32:06 2005] [error] mod_jk child workerEnv in error state 6
[Mon Dec 05 07:36:19 2005] [notice] jk2_init() Found child 4950 in scoreboard slot 7
[Mon Dec 05 07:37:58 2005] [notice] workerEnv.init() ok /etc/httpd/conf/workers2.properties
[Mon Dec 05 07:41:35 2005] [notice] jk2_init() Found child 4975 in scoreboard slot 6
[Mon Dec 05 07:43:16 2005] [error] mod_jk child workerEnv in error state 7
[Mon Dec 05 07:43:19 2005] [error] mod_jk child workerEnv in error state 7
[Mon Dec 05 07:47:21 2005] [notice] workerEnv.init() ok /etc/httpd/conf/workers2.properties
[Mon Dec 05 07:47:36 2005] [notice] workerEnv.init() ok /etc/httpd/conf/workers2.properties
[Mon Dec 05 07:48:55 2005] [notice] workerEnv.init() ok /etc/httpd/conf/workers2.properties
[Mon Dec 05 07:48:56 2005] [error] mod_jk child workerEnv in error state 6
[Mon Dec 05 07:51:23 2005] [error] mod_jk child workerEnv in error state 6
[Mon Dec 05 07:52:29 2005] [notice] jk2_init() Found child 5021 in scoreboard slot 8
[Mon Dec 05 07:54:01 2005] [notice] jk2_init() Found child 5029 in scoreboard slot 8
[Mon Dec 05 07:55:08 2005] [error] mod_jk child workerEnv in error state 8
[Mon Dec 05 07:57:01 2005] [notice] jk2_init() Found child 5049 in scoreboard slot 7
[Mon Dec 05 07:57:02 2005] [error] mod_jk child workerEnv in error state 6
[Mon Dec 05 07:57:02 2005] [notice] workerEnv.init() ok /etc/httpd/conf/workers2.properties
[Mon Dec 05 09:36:13 2005] [notice] jk2_init() Found child 5271 in scoreboard slot 7
[Mon Dec 05 09:55:21 2005] [notice] workerEnv.init() ok /etc/httpd/conf/workers2.properties
[Mon Dec 05 10:16:53 2005] [notice] jk2_init() Found child 5348 in scoreboard slot 7
[Mon Dec 05 10:17:51 2005] [notice] workerEnv.init() ok /etc/httpd/conf/workers2.properties
[Mon Dec 05 10:21:05 2005] [notice] jk2_init() Found child 5365 in scoreboard slot 8
[Mon Dec 05 10:21:13 2005] [error] mod_jk child workerEnv in error state 6
[Mon Dec 05 10:26:25 2005] [notice] jk2_init() Found child 5387 in scoreboard slot 6
[Mon Dec 05 10:26:31 2005] [notice] workerEnv.init() ok /etc/httpd/conf/workers2.properties
[Mon Dec 05 10:31:40 2005] [notice] jk2_init() Found child 5404 in scoreboard slot 8
[Mon Dec 05 10:33:44 2005] [error] mod_jk child workerEnv in error state 6
[Mon Dec 05 10:36:10 2005] [notice] jk2_init() Found child 5426 in scoreboard slot 6
[Mon Dec 05 10:38:00 2005] [notice] jk2_init() Found child 5435 in scoreboard slot 7
[Mon Dec 05 10:38:04 2005] [error] mod_jk child workerEnv in error state 6
[Mon Dec 05 10:43:19 2005] [notice] jk2_init() Found child 5482 in scoreboard slot 9
[Mon Dec 05 10:43:41 2005] [notice] workerEnv.init() ok /etc/httpd/conf/workers2.properties
[Mon Dec 05 10:43:51 2005] [error] mod_jk child workerEnv in error state 8
[Mon Dec 05 10:47:17 2005] [error] mod_jk child workerEnv in error state 6
[Mon Dec 05 10:47:45 2005] [error] mod_jk child workerEnv in error state 7
[Mon Dec 05 10:48:48 2005] [error] [client 67.166.248.235] Directory index forbidden by rule: /var/www/html/
[Mon Dec 05 10:51:59 2005] [notice] jk2_init() Found child 5517 in scoreboard slot 6
[Mon Dec 05 10:55:47 2005] [notice] jk2_init() Found child 5538 in scoreboard slot 9
[Mon Dec 05 10:59:25 2005] [notice] jk2_init() Found child 5566 in scoreboard slot 10
[Mon Dec 05 10:59:29 2005] [notice] workerEnv.init() ok /etc/httpd/conf/workers2.properties
[Mon Dec 05 10:59:29 2005] [error] mod_jk child workerEnv in error state 7
[Mon Dec 05 11:06:51 2005] [notice] workerEnv.init() ok /etc/httpd/conf/workers2.properties
[Mon Dec 05 11:06:52 2005] [notice] workerEnv.init() ok /etc/httpd/conf/workers2.properties
[Mon Dec 05 11:06:52 2005] [error] mod_jk child init 1 -2
[Mon Dec 05 12:36:36 2005] [notice] jk2_init() Found child 5788 in scoreboard slot 9
[Mon Dec 05 12:36:39 2005] [notice] workerEnv.init() ok /etc/httpd/conf/workers2.properties
[Mon Dec 05 12:50:42 2005] [notice] jk2_init() Found child 5811 in scoreboard slot 6
[Mon Dec 05 12:55:48 2005] [notice] jk2_init() Found child 5816 in scoreboard slot 7
[Mon Dec 05 13:00:34 2005] [notice] workerEnv.init() ok /etc/httpd/conf/workers2.properties
[Mon Dec 05 13:10:55 2005] [notice] jk2_init() Found child 5856 in scoreboard slot 8
[Mon Dec 05 13:16:29 2005] [notice] workerEnv.init() ok /etc/httpd/conf/workers2.properties
[Mon Dec 05 13:16:29 2005] [error] mod_jk child workerEnv in error state 6
[Mon Dec 05 13:22:48 2005] [notice] workerEnv.init() ok /etc/httpd/conf/workers2.properties
[Mon Dec 05 13:22:48 2005] [error] mod_jk child workerEnv in error state 6
[Mon Dec 05 13:27:15 2005] [notice] jk2_init() Found child 5918 in scoreboard slot 9
[Mon Dec 05 13:28:17 2005] [notice] workerEnv.init() ok /etc/httpd/conf/workers2.properties
[Mon Dec 05 13:31:19 2005] [notice] jk2_init() Found child 5936 in scoreboard slot 6
[Mon Dec 05 13:32:04 2005] [error] mod_jk child workerEnv in error state 6
[Mon Dec 05 13:32:28 2005] [notice] jk2_init() Found child 5941 in scoreboard slot 7
[Mon Dec 05 13:36:58 2005] [notice] jk2_init() Found child 5956 in scoreboard slot 9
[Mon Dec 05 13:38:52 2005] [notice] jk2_init() Found child 5967 in scoreboard slot 8
[Mon Dec 05 13:39:36 2005] [notice] jk2_init() Found child 5970 in scoreboard slot 6
[Mon Dec 05 13:39:41 2005] [error] mod_jk child workerEnv in error state 9
[Mon Dec 05 13:43:27 2005] [notice] jk2_init() Found child 5993 in scoreboard slot 9
[Mon Dec 05 13:43:46 2005] [error] mod_jk child workerEnv in error state 8
[Mon Dec 05 13:44:38 2005] [error] mod_jk child workerEnv in error state 6
[Mon Dec 05 13:45:08 2005] [error] mod_jk child workerEnv in error state 6
[Mon Dec 05 13:47:06 2005] [notice] jk2_init() Found child 6008 in scoreboard slot 8
[Mon Dec 05 13:47:11 2005] [notice] workerEnv.init() ok /etc/httpd/conf/workers2.properties
[Mon Dec 05 13:52:19 2005] [notice] jk2_init() Found child 6033 in scoreboard slot 6
[Mon Dec 05 13:53:00 2005] [notice] jk2_init() Found child 6038 in scoreboard slot 7
[Mon Dec 05 13:53:35 2005] [notice] workerEnv.init() ok /etc/httpd/conf/workers2.properties
[Mon Dec 05 13:53:35 2005] [error] mod_jk child workerEnv in error state 8
[Mon Dec 05 13:59:43 2005] [notice] jk2_init() Found child 6069 in scoreboard slot 7
[Mon Dec 05 14:01:48 2005] [error] mod_jk child workerEnv in error state 7
[Mon Dec 05 14:11:45 2005] [notice] workerEnv.init() ok /etc/httpd/conf/workers2.properties
[Mon Dec 05 15:31:10 2005] [notice] workerEnv.init() ok /etc/httpd/conf/workers2.properties
[Mon Dec 05 15:41:32 2005] [notice] jk2_init() Found child 6278 in scoreboard slot 8
[Mon Dec 05 15:41:32 2005] [error] mod_jk child workerEnv in error state 7
[Mon Dec 05 15:51:18 2005] [notice] jk2_init() Found child 6295 in scoreboard slot 8
[Mon Dec 05 15:51:20 2005] [error] mod_jk child workerEnv in error state 6
[Mon Dec 05 16:02:00 2005] [notice] jk2_init() Found child 6314 in scoreboard slot 8
[Mon Dec 05 16:06:07 2005] [notice] jk2_init() Found child 6333 in scoreboard slot 8
[Mon Dec 05 16:07:09 2005] [notice] workerEnv.init() ok /etc/httpd/conf/workers2.properties
[Mon Dec 05 16:10:44 2005] [error] mod_jk child workerEnv in error state 6
[Mon Dec 05 16:16:36 2005] [error] mod_jk child workerEnv in error state 6
[Mon Dec 05 16:21:25 2005] [notice] jk2_init() Found child 6385 in scoreboard slot 8
[Mon Dec 05 16:26:00 2005] [notice] jk2_init() Found child 6400 in scoreboard slot 7
[Mon Dec 05 16:26:05 2005] [notice] workerEnv.init() ok /etc/httpd/conf/workers2.properties
[Mon Dec 05 16:31:52 2005] [notice] workerEnv.init() ok /etc/httpd/conf/workers2.properties
[Mon Dec 05 16:37:03 2005] [notice] jk2_init() Found child 6437 in scoreboard slot 7
[Mon Dec 05 16:40:06 2005] [notice] workerEnv.init() ok /etc/httpd/conf/workers2.properties
[Mon Dec 05 17:31:39 2005] [error] [client 218.75.106.250] Directory index forbidden by rule: /var/www/html/
[Mon Dec 05 17:35:58 2005] [notice] workerEnv.init() ok /etc/httpd/conf/workers2.properties
[Mon Dec 05 17:40:39 2005] [error] mod_jk child workerEnv in error state 6
[Mon Dec 05 17:50:40 2005] [notice] jk2_init() Found child 6595 in scoreboard slot 8
[Mon Dec 05 17:55:35 2005] [notice] jk2_init() Found child 6600 in scoreboard slot 7
[Mon Dec 05 18:00:26 2005] [error] mod_jk child workerEnv in error state 6
[Mon Dec 05 18:15:45 2005] [notice] jk2_init() Found child 6652 in scoreboard slot 7
[Mon Dec 05 18:20:51 2005] [notice] jk2_init() Found child 6669 in scoreboard slot 8
[Mon Dec 05 18:27:33 2005] [notice] workerEnv.init() ok /etc/httpd/conf/workers2.properties
[Mon Dec 05 18:35:53 2005] [notice] workerEnv.init() ok /etc/httpd/conf/workers2.properties
[Mon Dec 05 18:40:54 2005] [error] mod_jk child workerEnv in error state 6
[Mon Dec 05 18:45:53 2005] [notice] workerEnv.init() ok /etc/httpd/conf/workers2.properties
[Mon Dec 05 18:56:04 2005] [notice] workerEnv.init() ok /etc/httpd/conf/workers2.properties
[Mon Dec 05 19:00:44 2005] [notice] workerEnv.init() ok /etc/httpd/conf/workers2.properties
[Mon Dec 05 19:11:00 2005] [notice] jk2_init() Found child 6780 in scoreboard slot 7
[Mon Dec 05 19:15:55 2005] [notice] jk2_init() Found child 6791 in scoreboard slot 8
