[Sun Dec 04 04:51:09 2005] [notice] jk2_init() Found child 6728 in scoreboard slot 6
[Sun Dec 04 04:51:37 2005] [notice] jk2_init() Found child 6736 in scoreboard slot 10
[Sun Dec 04 04:52:04 2005] [notice] jk2_init() Found child 6741 in scoreboard slot 9
[Sun Dec 04 04:52:15 2005] [error] mod_jk child workerEnv in error state 7
[Sun Dec 04 04:52:52 2005] [error] mod_jk child workerEnv in error state 7
[Sun Dec 04 04:53:16 2005] [error] mod_jk child workerEnv in error state 7
[Sun Dec 04 04:54:15 2005] [notice] jk2_init() Found child 6763 in scoreboard slot 10
[Sun Dec 04 04:54:18 2005] [notice] workerEnv.init() ok /etc/httpd/conf/workers2.properties
[Sun Dec 04 04:54:20 2005] [error] mod_jk child workerEnv in error state 6
[Sun Dec 04 04:57:20 2005] [notice] jk2_init() Found child 8536 in scoreboard slot 6
[Sun Dec 04 04:58:11 2005] [notice] workerEnv.init() ok /etc/httpd/conf/workers2.properties
[Sun Dec 04 04:59:35 2005] [notice] workerEnv.init() ok /etc/httpd/conf/workers2.properties
[Sun Dec 04 05:00:13 2005] [notice] jk2_init() Found child 8565 in scoreboard slot 9
[Sun Dec 04 05:01:20 2005] [notice] jk2_init() Found child 8587 in scoreboard slot 9
[Sun Dec 04 05:04:03 2005] [notice] jk2_init() Found child 8743 in scoreboard slot 7
[Sun Dec 04 05:04:04 2005] [notice] workerEnv.init() ok /etc/httpd/conf/workers2.properties
[Sun Dec 04 05:04:04 2005] [error] mod_jk child workerEnv in error state 6
[Sun Dec 04 05:12:26 2005] [notice] jk2_init() Found child 25803 in scoreboard slot 8
[Sun Dec 04 05:12:30 2005] [error] mod_jk child workerEnv in error state 6
[Sun Dec 04 06:01:21 2005] [notice] workerEnv.init() ok /etc/httpd/conf/workers2.properties
[Sun Dec 04 06:02:02 2005] [error] mod_jk child workerEnv in error state 7
[Sun Dec 04 06:02:07 2005] [notice] workerEnv.init() ok /etc/httpd/conf/workers2.properties
[Sun Dec 04 06:06:00 2005] [notice] jk2_init() Found child 32387 in scoreboard slot 7
[Sun Dec 04 06:06:24 2005] [notice] jk2_init() Found child 32391 in scoreboard slot 10
[Sun Dec 04 06:06:26 2005] [notice] workerEnv.init() ok /etc/httpd/conf/workers2.properties
[Sun Dec 04 06:12:31 2005] [notice] jk2_init() Found child 32422 in scoreboard slot 8
[Sun Dec 04 06:12:37 2005] [notice] workerEnv.init() ok /etc/httpd/conf/workers2.properties
[Sun Dec 04 06:12:40 2005] [error] mod_jk child workerEnv in error state 7
[Sun Dec 04 06:16:21 2005] [notice] workerEnv.init() ok /etc/httpd/conf/workers2.properties
[Sun Dec 04 06:16:37 2005] [notice] workerEnv.init() ok /etc/httpd/conf/workers2.properties
[Sun Dec 04 06:17:06 2005] [notice] jk2_init() Found child 32438 in scoreboard slot 8
[Sun Dec 04 06:17:33 2005] [notice] workerEnv.init() ok /etc/httpd/conf/workers2.properties
[Sun Dec 04 06:18:08 2005] [notice] workerEnv.init() ok /etc/httpd/conf/workers2.properties
[Sun Dec 04 06:18:39 2005] [notice] jk2_init() Found child 32446 in scoreboard slot 6
[Sun Dec 04 06:19:15 2005] [notice] workerEnv.init() ok /etc/httpd/conf/workers2.properties
[Sun Dec 04 06:19:34 2005] [error] mod_jk child workerEnv in error state 6
[Sun Dec 04 06:20:30 2005] [notice] jk2_init() Found child 32465 in scoreboard slot 7
[Sun Dec 04 06:20:46 2005] [error] mod_jk child workerEnv in error state 7
[Sun Dec 04 06:22:48 2005] [notice] jk2_init() Found child 32476 in scoreboard slot 7
[Sun Dec 04 06:22:55 2005] [error] mod_jk child workerEnv in error state 6
[Sun Dec 04 06:30:41 2005] [notice] jk2_init() Found child 32507 in scoreboard slot 9
[Sun Dec 04 06:36:10 2005] [notice] workerEnv.init() ok /etc/httpd/conf/workers2.properties
[Sun Dec 04 06:41:04 2005] [notice] workerEnv.init() ok /etc/httpd/conf/workers2.properties
[Sun Dec 04 06:41:45 2005] [notice] workerEnv.init() ok /etc/httpd/conf/workers2.properties
[Sun Dec 04 06:42:25 2005] [notice] workerEnv.init() ok /etc/httpd/conf/workers2.properties
[Sun Dec 04 06:42:58 2005] [error] mod_jk child workerEnv in error state 6
[Sun Dec 04 06:43:40 2005] [error] mod_jk child workerEnv in error state 6
[Sun Dec 04 06:44:39 2005] [notice] jk2_init() Found child 32565 in scoreboard slot 11
[Sun Dec 04 06:45:50 2005] [notice] workerEnv.init() ok /etc/httpd/conf/workers2.properties
[Sun Dec 04 06:46:30 2005] [notice] workerEnv.init() ok /etc/httpd/conf/workers2.properties
[Sun Dec 04 06:46:33 2005] [error] mod_jk child workerEnv in error state 8
[Sun Dec 04 06:47:30 2005] [notice] jk2_init() Found child 32586 in scoreboard slot 7
[Sun Dec 04 06:48:09 2005] [notice] jk2_init() Found child 32591 in scoreboard slot 7
[Sun Dec 04 06:49:24 2005] [error] mod_jk child workerEnv in error state 8
[Sun Dec 04 06:51:23 2005] [notice] workerEnv.init() ok /etc/httpd/conf/workers2.properties
[Sun Dec 04 06:51:23 2005] [error] mod_jk child workerEnv in error state 6
[Sun Dec 04 06:52:14 2005] [notice] workerEnv.init() ok /etc/httpd/conf/workers2.properties
[Sun Dec 04 06:52:41 2005] [error] mod_jk child workerEnv in error state 9
[Sun Dec 04 06:53:38 2005] [notice] jk2_init() Found child 32636 in scoreboard slot 6
[Sun Dec 04 06:55:00 2005] [notice] jk2_init() Found child 32648 in scoreboard slot 9
[Sun Dec 04 06:55:19 2005] [notice] workerEnv.init() ok /etc/httpd/conf/workers2.properties
[Sun Dec 04 06:55:54 2005] [notice] jk2_init() Found child 32657 in scoreboard slot 9
[Sun Dec 04 06:57:19 2005] [notice] jk2_init() Found child 32668 in scoreboard slot 10
[Sun Dec 04 06:57:23 2005] [notice] workerEnv.init() ok /etc/httpd/conf/workers2.properties
[Sun Dec 04 06:58:13 2005] [notice] jk2_init() Found child 32672 in scoreboard slot 9
[Sun Dec 04 06:58:51 2005] [notice] workerEnv.init() ok /etc/httpd/conf/workers2.properties
[Sun Dec 04 06:59:34 2005] [notice] jk2_init() Found child 32681 in scoreboard slot 9
[Sun Dec 04 06:59:47 2005] [error] mod_jk child workerEnv in error state 7
[Sun Dec 04 07:01:26 2005] [notice] jk2_init() Found child 32702 in scoreboard slot 11
[Sun Dec 04 07:02:01 2005] [notice] workerEnv.init() ok /etc/httpd/conf/workers2.properties
[Sun Dec 04 07:02:03 2005] [error] mod_jk child workerEnv in error state 6
[Sun Dec 04 07:04:55 2005] [notice] jk2_init() Found child 32729 in scoreboard slot 6
[Sun Dec 04 07:07:23 2005] [notice] jk2_init() Found child 32754 in scoreboard slot 11
[Sun Dec 04 07:08:02 2005] [notice] jk2_init() Found child 32761 in scoreboard slot 6
[Sun Dec 04 07:08:04 2005] [notice] workerEnv.init() ok /etc/httpd/conf/workers2.properties
[Sun Dec 04 07:11:13 2005] [notice] workerEnv.init() ok /etc/httpd/conf/workers2.properties
[Sun Dec 04 07:12:22 2005] [notice] jk2_init() Found child 312 in scoreboard slot 10
[Sun Dec 04 07:13:09 2005] [notice] jk2_init() Found child 315 in scoreboard slot 6
[Sun Dec 04 07:14:07 2005] [notice] jk2_init() Found child 319 in scoreboard slot 7
[Sun Dec 04 07:15:09 2005] [notice] jk2_init() Found child 323 in scoreboard slot 8
[Sun Dec 04 07:17:56 2005] [notice] jk2_init() Found child 351 in scoreboard slot 10
[Sun Dec 04 07:18:00 2005] [notice] workerEnv.init() ok /etc/httpd/conf/workers2.properties
[Sun Dec 04 07:18:00 2005] [error] mod_jk child workerEnv in error state 7
[Sun Dec 04 11:42:43 2005] [error] [client 216.127.124.16] Directory index forbidden by rule: /var/www/html/
[Sun Dec 04 16:24:05 2005] [error] [client 58.225.62.140] Directory index forbidden by rule: /var/www/html/
[Sun Dec 04 16:32:58 2005] [notice] jk2_init() Found child 1254 in scoreboard slot 7
[Sun Dec 04 16:32:58 2005] [notice] workerEnv.init() ok /etc/httpd/conf/workers2.properties
[Sun Dec 04 16:41:22 2005] [notice] jk2_init() Found child 1277 in scoreboard slot 7
[Sun Dec 04 16:41:22 2005] [error] mod_jk child workerEnv in error state 6
[Sun Dec 04 16:46:45 2005] [notice] jk2_init() Found child 1288 in scoreboard slot 9
[Sun Dec 04 16:48:01 2005] [notice] workerEnv.init() ok /etc/httpd/conf/workers2.properties
[Sun Dec 04 16:48:01 2005] [error] mod_jk child workerEnv in error state 6
[Sun Dec 04 16:52:34 2005] [notice] jk2_init() Found child 1320 in scoreboard slot 8
[Sun Dec 04 16:52:49 2005] [notice] workerEnv.init() ok /etc/httpd/conf/workers2.properties
[Sun Dec 04 16:52:49 2005] [error] mod_jk child workerEnv in error state 8
[Sun Dec 04 16:56:25 2005] [notice] jk2_init() Found child 1335 in scoreboard slot 9
[Sun Dec 04 16:56:27 2005] [notice] workerEnv.init() ok /etc/httpd/conf/workers2.properties
[Sun Dec 04 17:01:43 2005] [notice] jk2_init() Found child 1357 in scoreboard slot 7
[Sun Dec 04 17:01:47 2005] [error] mod_jk child workerEnv in error state 6
[Sun Dec 04 17:05:45 2005] [notice] jk2_init() Found child 1377 in scoreboard slot 6
[Sun Dec 04 17:11:23 2005] [notice] jk2_init() Found child 1387 in scoreboard slot 7
[Sun Dec 04 17:12:50 2005] [notice] jk2_init() Found child 1394 in scoreboard slot 9
[Sun Dec 04 17:12:55 2005] [error] mod_jk child workerEnv in error state 7
[Sun Dec 04 17:17:07 2005] [notice] jk2_init() Found child 1413 in scoreboard slot 6
[Sun Dec 04 17:20:44 2005] [notice] workerEnv.init() ok /etc/httpd/conf/workers2.properties
[Sun Dec 04 17:20:46 2005] [error] mod_jk child workerEnv in error state 6
[Sun Dec 04 17:26:39 2005] [notice] jk2_init() Found child 1462 in scoreboard slot 6
[Sun Dec 04 17:31:00 2005] [notice] jk2_init() Found child 1498 in scoreboard slot 8
[Sun Dec 04 17:31:12 2005] [error] mod_jk child workerEnv in error state 6
[Sun Dec 04 17:31:45 2005] [error] mod_jk child workerEnv in error state 6
[Sun Dec 04 17:36:14 2005] [notice] jk2_init() Found child 1513 in scoreboard slot 6
[Sun Dec 04 17:39:00 2005] [notice] jk2_init() Found child 1528 in scoreboard slot 7
[Sun Dec 04 17:43:08 2005] [error] jk2_init() Can't find child 1567 in scoreboard
[Sun Dec 04 17:43:12 2005] [error] mod_jk child init 1 -2
[Sun Dec 04 17:43:12 2005] [notice] workerEnv.init() ok /etc/httpd/conf/workers2.properties
[Sun Dec 04 19:32:20 2005] [notice] jk2_init() Found child 1786 in scoreboard slot 8
[Sun Dec 04 19:32:34 2005] [notice] workerEnv.init() ok /etc/httpd/conf/workers2.properties
[Sun Dec 04 19:35:58 2005] [notice] jk2_init() Found child 1798 in scoreboard slot 6
[Sun Dec 04 19:36:07 2005] [notice] workerEnv.init() ok /etc/httpd/conf/workers2.properties
[Sun Dec 04 19:36:07 2005] [error] mod_jk child workerEnv in error state 6
[Sun Dec 04 19:41:21 2005] [notice] workerEnv.init() ok /etc/httpd/conf/workers2.properties
[Sun Dec 04 19:46:04 2005] [notice] jk2_init() Found child 1822 in scoreboard slot 7
[Sun Dec 04 19:46:20 2005] [notice] workerEnv.init() ok /etc/httpd/conf/workers2.properties
[Sun Dec 04 19:50:51 2005] [notice] workerEnv.init() ok /etc/httpd/conf/workers2.properties
[Sun Dec 04 19:51:52 2005] [notice] jk2_init() Found child 1836 in scoreboard slot 6
[Sun Dec 04 19:51:54 2005] [error] mod_jk child workerEnv in error state 6
[Sun Dec 04 19:56:53 2005] [notice] workerEnv.init() ok /etc/httpd/conf/workers2.properties
[Sun Dec 04 20:01:00 2005] [notice] jk2_init() Found child 1862 in scoreboard slot 6
[Sun Dec 04 20:01:37 2005] [notice] workerEnv.init() ok /etc/httpd/conf/workers2.properties
[Sun Dec 04 20:05:55 2005] [notice] jk2_init() Found child 1885 in scoreboard slot 9
[Sun Dec 04 20:05:59 2005] [notice] workerEnv.init() ok /etc/httpd/conf/workers2.properties
[Sun Dec 04 20:11:09 2005] [notice] jk2_init() Found child 1898 in scoreboard slot 9
[Sun Dec 04 20:11:14 2005] [notice] workerEnv.init() ok /etc/httpd/conf/workers2.properties
[Sun Dec 04 20:16:15 2005] [notice] workerEnv.init() ok /etc/httpd/conf/workers2.properties
[Sun Dec 04 20:20:57 2005] [notice] jk2_init() Found child 1931 in scoreboard slot 7
[Sun Dec 04 20:21:36 2005] [error] mod_jk child workerEnv in error state 6
[Sun Dec 04 20:23:12 2005] [notice] jk2_init() Found child 1938 in scoreboard slot 9
[Sun Dec 04 20:24:49 2005] [notice] workerEnv.init() ok /etc/httpd/conf/workers2.properties
[Sun Dec 04 20:26:53 2005] [notice] workerEnv.init() ok /etc/httpd/conf/workers2.properties
[Sun Dec 04 20:28:26 2005] [notice] jk2_init() Found child 1964 in scoreboard slot 7
[Sun Dec 04 20:32:37 2005] [notice] jk2_init() Found child 1999 in scoreboard slot 6
[Sun Dec 04 20:32:55 2005] [error] mod_jk child workerEnv in error state 6
[Sun Dec 04 20:34:14 2005] [error] mod_jk child workerEnv in error state 6
[Sun Dec 04 20:34:25 2005] [error] mod_jk child workerEnv in error state 9
[Sun Dec 04 20:37:46 2005] [notice] workerEnv.init() ok /etc/httpd/conf/workers2.properties
[Sun Dec 04 20:38:14 2005] [notice] workerEnv.init() ok /etc/httpd/conf/workers2.properties
[Sun Dec 04 20:42:42 2005] [notice] jk2_init() Found child 2051 in scoreboard slot 8
[Sun Dec 04 20:47:16 2005] [notice] workerEnv.init() ok /etc/httpd/conf/workers2.properties
[Sun Dec 04 20:47:17 2005] [notice] workerEnv.init() ok /etc/httpd/conf/workers2.properties
[Sun Dec 04 20:47:17 2005] [notice] workerEnv.init() ok /etc/httpd/conf/workers2.properties
[Mon Dec 05 03:21:02 2005] [notice] workerEnv.init() ok /etc/httpd/conf/workers2.properties
[Mon Dec 05 03:25:46 2005] [notice] workerEnv.init() ok /etc/httpd/conf/workers2.properties
[Mon Dec 05 03:36:57 2005] [notice] workerEnv.init() ok /etc/httpd/conf/workers2.properties
[Mon Dec 05 03:40:46 2005] [notice] jk2_init() Found child 2823 in scoreboard slot 9
[Mon Dec 05 03:46:38 2005] [notice] jk2_init() Found child 2838 in scoreboard slot 10
[Mon Dec 05 03:47:19 2005] [notice] jk2_init() Found child 2842 in scoreboard slot 9
[Mon Dec 05 03:47:54 2005] [notice] workerEnv.init() ok /etc/httpd/conf/workers2.properties
[Mon Dec 05 03:50:50 2005] [notice] jk2_init() Found child 2854 in scoreboard slot 7
[Mon Dec 05 03:50:59 2005] [error] mod_jk child workerEnv in error state 6
[Mon Dec 05 03:56:12 2005] [notice] jk2_init() Found child 2864 in scoreboard slot 6
[Mon Dec 05 03:56:15 2005] [notice] workerEnv.init() ok /etc/httpd/conf/workers2.properties
[Mon Dec 05 04:01:23 2005] [notice] workerEnv.init() ok /etc/httpd/conf/workers2.properties
[Mon Dec 05 04:01:23 2005] [error] mod_jk child workerEnv in error state 6
[Mon Dec 05 04:06:45 2005] [error] mod_jk child workerEnv in error state 6
[Mon Dec 05 04:08:37 2005] [notice] jk2_init() Found child 3679 in scoreboard slot 9
[Mon Dec 05 04:13:54 2005] [notice] jk2_init() Found child 3744 in scoreboard slot 6
[Mon Dec 05 04:14:00 2005] [notice] workerEnv.init() ok /etc/httpd/conf/workers2.properties
[Mon Dec 05 04:14:00 2005] [notice] workerEnv.init() ok /etc/httpd/conf/workers2.properties
[Mon Dec 05 05:06:42 2005] [notice] jk2_init() Found child 4596 in scoreboard slot 8
[Mon Dec 05 05:06:47 2005] [error] mod_jk child workerEnv in error state 6
[Mon Dec 05 05:12:32 2005] [notice] jk2_init() Found child 4615 in scoreboard slot 9
[Mon Dec 05 05:15:29 2005] [notice] jk2_init() Found child 4630 in scoreboard slot 8
[Mon Dec 05 05:15:33 2005] [notice] workerEnv.init() ok /etc/httpd/conf/workers2.properties
[Mon Dec 05 06:36:58 2005] [error] mod_jk child workerEnv in error state 6
[Mon Dec 05 07:16:03 2005] [error] mod_jk child workerEnv in error state 6
[Mon Dec 05 07:21:09 2005] [error] mod_jk child workerEnv in error state 6
[Mon Dec 05 07:25:59 2005] [notice] workerEnv.init() ok /etc/httpd/conf/workers2.properties
[Mon Dec 05 07:32:03 2005] [notice] jk2_init() Found child 4935 in scoreboard slot 9
[Mon Dec 05 07:32:06 2005] [notice] workerEnv.init() ok /etc/httpd/conf/workers2.properties
[Mon Dec 05 07:37:48 2005] [notice] jk2_init() Found child 4960 in scoreboard slot 9
[Mon Dec 05 07:37:58 2005] [error] mod_jk child workerEnv in error state 6
[Mon Dec 05 07:43:07 2005] [notice] jk2_init() Found child 4984 in scoreboard slot 7
[Mon Dec 05 07:43:15 2005] [notice] workerEnv.init() ok /etc/httpd/conf/workers2.properties
[Mon Dec 05 07:46:46 2005] [notice] jk2_init() Found child 4996 in scoreboard slot 7
[Mon Dec 05 07:47:22 2005] [error] mod_jk child workerEnv in error state 8
[Mon Dec 05 07:48:04 2005] [notice] jk2_init() Found child 5002 in scoreboard slot 8
[Mon Dec 05 07:48:55 2005] [error] mod_jk child workerEnv in error state 7
[Mon Dec 05 07:50:54 2005] [notice] jk2_init() Found child 5017 in scoreboard slot 8
[Mon Dec 05 07:51:56 2005] [notice] workerEnv.init() ok /etc/httpd/conf/workers2.properties
[Mon Dec 05 07:52:56 2005] [notice] jk2_init() Found child 5023 in scoreboard slot 7
[Mon Dec 05 07:54:48 2005] [notice] jk2_init() Found child 5032 in scoreboard slot 9
[Mon Dec 05 07:55:07 2005] [notice] workerEnv.init() ok /etc/httpd/conf/workers2.properties
[Mon Dec 05 07:57:02 2005] [error] jk2_init() Can't find child 5053 in scoreboard
[Mon Dec 05 07:57:02 2005] [notice] workerEnv.init() ok /etc/httpd/conf/workers2.properties
[Mon Dec 05 07:57:02 2005] [error] mod_jk child init 1 -2
[Mon Dec 05 09:36:14 2005] [error] mod_jk child workerEnv in error state 6
[Mon Dec 05 10:10:33 2005] [notice] workerEnv.init() ok /etc/httpd/conf/workers2.properties
[Mon Dec 05 10:17:49 2005] [notice] jk2_init() Found child 5352 in scoreboard slot 7
[Mon Dec 05 10:17:51 2005] [error] mod_jk child workerEnv in error state 6
[Mon Dec 05 10:21:13 2005] [notice] workerEnv.init() ok /etc/httpd/conf/workers2.properties
[Mon Dec 05 10:21:13 2005] [error] mod_jk child workerEnv in error state 6
[Mon Dec 05 10:26:31 2005] [notice] workerEnv.init() ok /etc/httpd/conf/workers2.properties
[Mon Dec 05 10:26:36 2005] [notice] workerEnv.init() ok /etc/httpd/conf/workers2.properties
[Mon Dec 05 10:33:41 2005] [notice] jk2_init() Found child 5419 in scoreboard slot 7
[Mon Dec 05 10:33:44 2005] [notice] workerEnv.init() ok /etc/httpd/conf/workers2.properties
[Mon Dec 05 10:37:27 2005] [notice] jk2_init() Found child 5429 in scoreboard slot 9
[Mon Dec 05 10:38:04 2005] [error] mod_jk child workerEnv in error state 8
[Mon Dec 05 10:41:14 2005] [notice] jk2_init() Found child 5470 in scoreboard slot 9
[Mon Dec 05 10:43:19 2005] [notice] jk2_init() Found child 5481 in scoreboard slot 8
[Mon Dec 05 10:43:48 2005] [notice] jk2_init() Found child 5483 in scoreboard slot 6
[Mon Dec 05 10:46:55 2005] [notice] jk2_init() Found child 5494 in scoreboard slot 8
[Mon Dec 05 10:47:33 2005] [notice] jk2_init() Found child 5498 in scoreboard slot 8
[Mon Dec 05 10:47:47 2005] [error] mod_jk child workerEnv in error state 6
[Mon Dec 05 10:51:33 2005] [notice] workerEnv.init() ok /etc/httpd/conf/workers2.properties
[Mon Dec 05 10:52:15 2005] [notice] workerEnv.init() ok /etc/httpd/conf/workers2.properties
[Mon Dec 05 10:59:25 2005] [notice] jk2_init() Found child 5562 in scoreboard slot 6
[Mon Dec 05 10:59:29 2005] [notice] workerEnv.init() ok /etc/httpd/conf/workers2.properties
[Mon Dec 05 10:59:29 2005] [error] mod_jk child workerEnv in error state 8
[Mon Dec 05 11:04:16 2005] [notice] jk2_init() Found child 5593 in scoreboard slot 9
[Mon Dec 05 11:06:51 2005] [error] mod_jk child workerEnv in error state 7
[Mon Dec 05 11:06:52 2005] [notice] workerEnv.init() ok /etc/httpd/conf/workers2.properties
[Mon Dec 05 11:06:52 2005] [error] mod_jk child init 1 -2
[Mon Dec 05 12:36:39 2005] [notice] workerEnv.init() ok /etc/httpd/conf/workers2.properties
[Mon Dec 05 12:36:39 2005] [error] mod_jk child workerEnv in error state 6
[Mon Dec 05 12:50:43 2005] [notice] workerEnv.init() ok /etc/httpd/conf/workers2.properties
[Mon Dec 05 12:55:49 2005] [notice] workerEnv.init() ok /etc/httpd/conf/workers2.properties
[Mon Dec 05 13:00:34 2005] [error] mod_jk child workerEnv in error state 6
[Mon Dec 05 13:16:27 2005] [notice] jk2_init() Found child 5877 in scoreboard slot 9
[Mon Dec 05 13:16:29 2005] [error] mod_jk child workerEnv in error state 6
[Mon Dec 05 13:22:45 2005] [notice] jk2_init() Found child 5901 in scoreboard slot 9
[Mon Dec 05 13:22:48 2005] [error] mod_jk child workerEnv in error state 7
[Mon Dec 05 13:26:37 2005] [notice] jk2_init() Found child 5915 in scoreboard slot 6
[Mon Dec 05 13:28:14 2005] [notice] jk2_init() Found child 5924 in scoreboard slot 7
[Mon Dec 05 13:28:17 2005] [error] mod_jk child workerEnv in error state 8
[Mon Dec 05 13:32:01 2005] [notice] jk2_init() Found child 5940 in scoreboard slot 6
[Mon Dec 05 13:32:09 2005] [notice] workerEnv.init() ok /etc/httpd/conf/workers2.properties
[Mon Dec 05 13:32:30 2005] [error] mod_jk child workerEnv in error state 6
[Mon Dec 05 13:37:47 2005] [notice] jk2_init() Found child 5961 in scoreboard slot 6
[Mon Dec 05 13:39:09 2005] [notice] workerEnv.init() ok /etc/httpd/conf/workers2.properties
[Mon Dec 05 13:39:41 2005] [notice] workerEnv.init() ok /etc/httpd/conf/workers2.properties
[Mon Dec 05 13:41:12 2005] [notice] jk2_init() Found child 5982 in scoreboard slot 6
[Mon Dec 05 13:43:43 2005] [notice] workerEnv.init() ok /etc/httpd/conf/workers2.properties
[Mon Dec 05 13:44:18 2005] [notice] jk2_init() Found child 5996 in scoreboard slot 8
[Mon Dec 05 13:45:01 2005] [notice] jk2_init() Found child 5999 in scoreboard slot 7
[Mon Dec 05 13:46:20 2005] [notice] jk2_init() Found child 6007 in scoreboard slot 7
[Mon Dec 05 13:47:09 2005] [notice] jk2_init() Found child 6010 in scoreboard slot 6
[Mon Dec 05 13:47:11 2005] [error] mod_jk child workerEnv in error state 7
[Mon Dec 05 13:52:33 2005] [notice] workerEnv.init() ok /etc/httpd/conf/workers2.properties
[Mon Dec 05 13:53:31 2005] [notice] jk2_init() Found child 6043 in scoreboard slot 9
[Mon Dec 05 13:53:35 2005] [notice] workerEnv.init() ok /etc/httpd/conf/workers2.properties
[Mon Dec 05 13:57:07 2005] [notice] jk2_init() Found child 6054 in scoreboard slot 9
[Mon Dec 05 14:01:47 2005] [notice] jk2_init() Found child 6100 in scoreboard slot 7
[Mon Dec 05 14:01:48 2005] [notice] workerEnv.init() ok /etc/httpd/conf/workers2.properties
[Mon Dec 05 15:31:06 2005] [notice] jk2_init() Found child 6260 in scoreboard slot 7
[Mon Dec 05 15:31:10 2005] [error] mod_jk child workerEnv in error state 6
[Mon Dec 05 15:41:32 2005] [error] mod_jk child workerEnv in error state 7
[Mon Dec 05 15:45:44 2005] [error] mod_jk child workerEnv in error state 6
[Mon Dec 05 15:51:20 2005] [error] mod_jk child workerEnv in error state 7
[Mon Dec 05 15:55:32 2005] [error] mod_jk child workerEnv in error state 6
[Mon Dec 05 16:02:02 2005] [notice] workerEnv.init() ok /etc/httpd/conf/workers2.properties
[Mon Dec 05 16:07:08 2005] [notice] jk2_init() Found child 6340 in scoreboard slot 6
[Mon Dec 05 16:07:09 2005] [error] mod_jk child workerEnv in error state 7
[Mon Dec 05 16:16:34 2005] [notice] jk2_init() Found child 6368 in scoreboard slot 8
[Mon Dec 05 16:16:36 2005] [notice] workerEnv.init() ok /etc/httpd/conf/workers2.properties
[Mon Dec 05 16:21:29 2005] [notice] workerEnv.init() ok /etc/httpd/conf/workers2.properties
[Mon Dec 05 16:26:05 2005] [notice] workerEnv.init() ok /etc/httpd/conf/workers2.properties
[Mon Dec 05 16:31:49 2005] [notice] jk2_init() Found child 6421 in scoreboard slot 7
[Mon Dec 05 16:31:52 2005] [error] mod_jk child workerEnv in error state 6
[Mon Dec 05 16:39:59 2005] [notice] jk2_init() Found child 6453 in scoreboard slot 10
[Mon Dec 05 16:40:06 2005] [error] mod_jk child workerEnv in error state 6
[Mon Dec 05 17:35:57 2005] [notice] jk2_init() Found child 6569 in scoreboard slot 8
[Mon Dec 05 17:40:38 2005] [notice] jk2_init() Found child 6578 in scoreboard slot 8
[Mon Dec 05 17:46:06 2005] [notice] workerEnv.init() ok /etc/httpd/conf/workers2.properties
[Mon Dec 05 17:50:41 2005] [error] mod_jk child workerEnv in error state 6
[Mon Dec 05 17:55:35 2005] [error] mod_jk child workerEnv in error state 6
[Mon Dec 05 18:10:58 2005] [notice] workerEnv.init() ok /etc/httpd/conf/workers2.properties
[Mon Dec 05 18:15:47 2005] [notice] workerEnv.init() ok /etc/httpd/conf/workers2.properties
[Mon Dec 05 18:20:53 2005] [notice] workerEnv.init() ok /etc/httpd/conf/workers2.properties
[Mon Dec 05 18:27:37 2005] [notice] workerEnv.init() ok /etc/httpd/conf/workers2.properties
[Mon Dec 05 18:35:53 2005] [error] mod_jk child workerEnv in error state 6
[Mon Dec 05 18:45:51 2005] [notice] jk2_init() Found child 6725 in scoreboard slot 7
[Mon Dec 05 18:50:31 2005] [notice] workerEnv.init() ok /etc/httpd/conf/workers2.properties
[Mon Dec 05 18:56:04 2005] [error] mod_jk child workerEnv in error state 6
[Mon Dec 05 19:00:54 2005] [notice] jk2_init() Found child 6751 in scoreboard slot 10
[Mon Dec 05 19:14:08 2005] [notice] jk2_init() Found child 6784 in scoreboard slot 8
[Mon Dec 05 19:15:57 2005] [error] mod_jk child workerEnv in error state 6