[Sun Dec 04 04:51:14 2005] [notice] workerEnv.init() ok /etc/httpd/conf/workers2.properties
[Sun Dec 04 04:51:38 2005] [notice] jk2_init() Found child 6734 in scoreboard slot 9
[Sun Dec 04 04:52:05 2005] [notice] jk2_init() Found child 6737 in scoreboard slot 8
[Sun Dec 04 04:52:36 2005] [notice] jk2_init() Found child 6748 in scoreboard slot 6
[Sun Dec 04 04:53:05 2005] [notice] jk2_init() Found child 6750 in scoreboard slot 7
[Sun Dec 04 04:53:29 2005] [notice] jk2_init() Found child 6754 in scoreboard slot 8
[Sun Dec 04 04:54:15 2005] [notice] jk2_init() Found child 6767 in scoreboard slot 7
[Sun Dec 04 04:54:18 2005] [error] mod_jk child workerEnv in error state 6
[Sun Dec 04 04:56:52 2005] [notice] jk2_init() Found child 8533 in scoreboard slot 8
[Sun Dec 04 04:57:24 2005] [notice] workerEnv.init() ok /etc/httpd/conf/workers2.properties
[Sun Dec 04 04:58:45 2005] [notice] jk2_init() Found child 8547 in scoreboard slot 10
[Sun Dec 04 04:59:38 2005] [error] mod_jk child workerEnv in error state 6
[Sun Dec 04 05:00:15 2005] [notice] workerEnv.init() ok /etc/httpd/conf/workers2.properties
[Sun Dec 04 05:02:14 2005] [notice] jk2_init() Found child 8605 in scoreboard slot 8
[Sun Dec 04 05:04:03 2005] [notice] jk2_init() Found child 8766 in scoreboard slot 12
[Sun Dec 04 05:04:04 2005] [notice] workerEnv.init() ok /etc/httpd/conf/workers2.properties
[Sun Dec 04 05:04:04 2005] [error] mod_jk child workerEnv in error state 6
[Sun Dec 04 05:12:28 2005] [error] mod_jk child workerEnv in error state 6
[Sun Dec 04 05:15:13 2005] [notice] jk2_init() Found child 1000 in scoreboard slot 10
[Sun Dec 04 06:01:30 2005] [error] mod_jk child workerEnv in error state 6
[Sun Dec 04 06:02:05 2005] [notice] jk2_init() Found child 32360 in scoreboard slot 11
[Sun Dec 04 06:02:07 2005] [notice] workerEnv.init() ok /etc/httpd/conf/workers2.properties
[Sun Dec 04 06:06:10 2005] [notice] workerEnv.init() ok /etc/httpd/conf/workers2.properties
[Sun Dec 04 06:06:24 2005] [notice] jk2_init() Found child 32392 in scoreboard slot 6
[Sun Dec 04 06:06:26 2005] [notice] workerEnv.init() ok /etc/httpd/conf/workers2.properties
[Sun Dec 04 06:12:31 2005] [notice] jk2_init() Found child 32421 in scoreboard slot 11
[Sun Dec 04 06:12:37 2005] [notice] workerEnv.init() ok /etc/httpd/conf/workers2.properties
[Sun Dec 04 06:13:01 2005] [notice] workerEnv.init() ok /etc/httpd/conf/workers2.properties
[Sun Dec 04 06:16:23 2005] [error] mod_jk child workerEnv in error state 6
[Sun Dec 04 06:16:51 2005] [notice] jk2_init() Found child 32436 in scoreboard slot 6
[Sun Dec 04 06:17:24 2005] [error] mod_jk child workerEnv in error state 6
[Sun Dec 04 06:17:35 2005] [error] mod_jk child workerEnv in error state 7
[Sun Dec 04 06:18:11 2005] [error] mod_jk child workerEnv in error state 6
[Sun Dec 04 06:18:53 2005] [notice] workerEnv.init() ok /etc/httpd/conf/workers2.properties
[Sun Dec 04 06:19:18 2005] [error] mod_jk child workerEnv in error state 6
[Sun Dec 04 06:19:56 2005] [notice] jk2_init() Found child 32454 in scoreboard slot 7
[Sun Dec 04 06:20:30 2005] [notice] jk2_init() Found child 32457 in scoreboard slot 6
[Sun Dec 04 06:22:18 2005] [notice] jk2_init() Found child 32475 in scoreboard slot 8
[Sun Dec 04 06:22:53 2005] [notice] workerEnv.init() ok /etc/httpd/conf/workers2.properties
[Sun Dec 04 06:22:55 2005] [error] mod_jk child workerEnv in error state 7
[Sun Dec 04 06:30:43 2005] [error] mod_jk child workerEnv in error state 6
[Sun Dec 04 06:40:54 2005] [notice] jk2_init() Found child 32548 in scoreboard slot 9
[Sun Dec 04 06:41:08 2005] [error] mod_jk child workerEnv in error state 6
[Sun Dec 04 06:41:46 2005] [error] mod_jk child workerEnv in error state 6
[Sun Dec 04 06:42:30 2005] [error] mod_jk child workerEnv in error state 6
[Sun Dec 04 06:43:20 2005] [notice] jk2_init() Found child 32555 in scoreboard slot 6
[Sun Dec 04 06:43:56 2005] [notice] jk2_init() Found child 32558 in scoreboard slot 9
[Sun Dec 04 06:45:32 2005] [notice] jk2_init() Found child 32576 in scoreboard slot 7
[Sun Dec 04 06:46:13 2005] [notice] jk2_init() Found child 32578 in scoreboard slot 8
[Sun Dec 04 06:46:31 2005] [error] mod_jk child workerEnv in error state 7
[Sun Dec 04 06:46:34 2005] [error] mod_jk child workerEnv in error state 10
[Sun Dec 04 06:47:38 2005] [notice] workerEnv.init() ok /etc/httpd/conf/workers2.properties
[Sun Dec 04 06:48:22 2005] [notice] jk2_init() Found child 32593 in scoreboard slot 8
[Sun Dec 04 06:49:40 2005] [notice] jk2_init() Found child 32604 in scoreboard slot 6
[Sun Dec 04 06:51:23 2005] [notice] workerEnv.init() ok /etc/httpd/conf/workers2.properties
[Sun Dec 04 06:51:26 2005] [notice] workerEnv.init() ok /etc/httpd/conf/workers2.properties
[Sun Dec 04 06:52:15 2005] [error] mod_jk child workerEnv in error state 6
[Sun Dec 04 06:53:04 2005] [notice] jk2_init() Found child 32633 in scoreboard slot 9
[Sun Dec 04 06:53:37 2005] [notice] jk2_init() Found child 32638 in scoreboard slot 9
[Sun Dec 04 06:55:00 2005] [notice] jk2_init() Found child 32649 in scoreboard slot 10
[Sun Dec 04 06:55:23 2005] [error] mod_jk child workerEnv in error state 8
[Sun Dec 04 06:56:17 2005] [error] mod_jk child workerEnv in error state 6
[Sun Dec 04 06:57:19 2005] [notice] jk2_init() Found child 32671 in scoreboard slot 7
[Sun Dec 04 06:57:23 2005] [notice] workerEnv.init() ok /etc/httpd/conf/workers2.properties
[Sun Dec 04 06:58:27 2005] [notice] jk2_init() Found child 32675 in scoreboard slot 6
[Sun Dec 04 06:58:54 2005] [notice] jk2_init() Found child 32677 in scoreboard slot 7
[Sun Dec 04 06:59:38 2005] [notice] workerEnv.init() ok /etc/httpd/conf/workers2.properties
[Sun Dec 04 07:00:06 2005] [notice] jk2_init() Found child 32685 in scoreboard slot 6
[Sun Dec 04 07:01:55 2005] [notice] jk2_init() Found child 32708 in scoreboard slot 7
[Sun Dec 04 07:02:01 2005] [notice] workerEnv.init() ok /etc/httpd/conf/workers2.properties
[Sun Dec 04 07:02:52 2005] [notice] jk2_init() Found child 32713 in scoreboard slot 7
[Sun Dec 04 07:05:44 2005] [notice] jk2_init() Found child 32739 in scoreboard slot 7
[Sun Dec 04 07:07:30 2005] [notice] workerEnv.init() ok /etc/httpd/conf/workers2.properties
[Sun Dec 04 07:08:02 2005] [notice] jk2_init() Found child 32763 in scoreboard slot 10
[Sun Dec 04 07:10:54 2005] [notice] jk2_init() Found child 308 in scoreboard slot 8
[Sun Dec 04 07:11:22 2005] [error] mod_jk child workerEnv in error state 6
[Sun Dec 04 07:12:40 2005] [notice] workerEnv.init() ok /etc/httpd/conf/workers2.properties
[Sun Dec 04 07:13:36 2005] [notice] workerEnv.init() ok /etc/httpd/conf/workers2.properties
[Sun Dec 04 07:14:08 2005] [notice] jk2_init() Found child 318 in scoreboard slot 8
[Sun Dec 04 07:17:56 2005] [notice] jk2_init() Found child 353 in scoreboard slot 12
[Sun Dec 04 07:18:00 2005] [error] mod_jk child workerEnv in error state 7
[Sun Dec 04 07:18:00 2005] [notice] workerEnv.init() ok /etc/httpd/conf/workers2.properties
[Sun Dec 04 08:54:17 2005] [error] [client 147.31.138.75] Directory index forbidden by rule: /var/www/html/
[Sun Dec 04 13:32:32 2005] [error] [client 65.68.235.27] Directory index forbidden by rule: /var/www/html/
[Sun Dec 04 16:24:06 2005] [error] mod_jk child workerEnv in error state 6
[Sun Dec 04 16:32:58 2005] [notice] jk2_init() Found child 1255 in scoreboard slot 8
[Sun Dec 04 16:35:49 2005] [notice] jk2_init() Found child 1262 in scoreboard slot 9
[Sun Dec 04 16:41:22 2005] [notice] workerEnv.init() ok /etc/httpd/conf/workers2.properties
[Sun Dec 04 16:41:22 2005] [error] mod_jk child workerEnv in error state 6
[Sun Dec 04 16:47:59 2005] [notice] jk2_init() Found child 1296 in scoreboard slot 6
[Sun Dec 04 16:48:01 2005] [notice] workerEnv.init() ok /etc/httpd/conf/workers2.properties
[Sun Dec 04 16:48:01 2005] [error] mod_jk child workerEnv in error state 6
[Sun Dec 04 16:52:45 2005] [notice] jk2_init() Found child 1322 in scoreboard slot 10
[Sun Dec 04 16:52:49 2005] [notice] workerEnv.init() ok /etc/httpd/conf/workers2.properties
[Sun Dec 04 16:55:54 2005] [notice] jk2_init() Found child 1331 in scoreboard slot 10
[Sun Dec 04 16:56:27 2005] [error] mod_jk child workerEnv in error state 6
[Sun Dec 04 16:56:27 2005] [notice] workerEnv.init() ok /etc/httpd/conf/workers2.properties
[Sun Dec 04 17:01:47 2005] [notice] workerEnv.init() ok /etc/httpd/conf/workers2.properties
[Sun Dec 04 17:01:47 2005] [error] mod_jk child workerEnv in error state 6
[Sun Dec 04 17:05:48 2005] [notice] workerEnv.init() ok /etc/httpd/conf/workers2.properties
[Sun Dec 04 17:11:37 2005] [notice] jk2_init() Found child 1388 in scoreboard slot 8
[Sun Dec 04 17:12:54 2005] [notice] workerEnv.init() ok /etc/httpd/conf/workers2.properties
[Sun Dec 04 17:12:56 2005] [notice] jk2_init() Found child 1397 in scoreboard slot 7
[Sun Dec 04 17:20:38 2005] [notice] jk2_init() Found child 1439 in scoreboard slot 7
[Sun Dec 04 17:20:44 2005] [notice] workerEnv.init() ok /etc/httpd/conf/workers2.properties
[Sun Dec 04 17:20:46 2005] [error] mod_jk child workerEnv in error state 6
[Sun Dec 04 17:28:00 2005] [notice] jk2_init() Found child 1470 in scoreboard slot 7
[Sun Dec 04 17:31:10 2005] [notice] workerEnv.init() ok /etc/httpd/conf/workers2.properties
[Sun Dec 04 17:31:12 2005] [error] mod_jk child workerEnv in error state 9
[Sun Dec 04 17:34:52 2005] [notice] jk2_init() Found child 1507 in scoreboard slot 10
[Sun Dec 04 17:37:08 2005] [notice] jk2_init() Found child 1518 in scoreboard slot 6
[Sun Dec 04 17:43:08 2005] [notice] jk2_init() Found child 1565 in scoreboard slot 9
[Sun Dec 04 17:43:12 2005] [notice] workerEnv.init() ok /etc/httpd/conf/workers2.properties
[Sun Dec 04 17:43:12 2005] [error] mod_jk child workerEnv in error state 7
[Sun Dec 04 17:53:43 2005] [error] [client 218.39.132.175] Directory index forbidden by rule: /var/www/html/
[Sun Dec 04 19:32:32 2005] [notice] workerEnv.init() ok /etc/httpd/conf/workers2.properties
[Sun Dec 04 19:32:34 2005] [notice] workerEnv.init() ok /etc/httpd/conf/workers2.properties
[Sun Dec 04 19:35:58 2005] [notice] jk2_init() Found child 1800 in scoreboard slot 10
[Sun Dec 04 19:36:07 2005] [notice] workerEnv.init() ok /etc/httpd/conf/workers2.properties
[Sun Dec 04 19:41:20 2005] [notice] jk2_init() Found child 1814 in scoreboard slot 7
[Sun Dec 04 19:41:21 2005] [notice] workerEnv.init() ok /etc/httpd/conf/workers2.properties
[Sun Dec 04 19:46:13 2005] [notice] workerEnv.init() ok /etc/httpd/conf/workers2.properties
[Sun Dec 04 19:46:20 2005] [notice] workerEnv.init() ok /etc/httpd/conf/workers2.properties
[Sun Dec 04 19:50:57 2005] [notice] jk2_init() Found child 1834 in scoreboard slot 8
[Sun Dec 04 19:51:54 2005] [notice] workerEnv.init() ok /etc/httpd/conf/workers2.properties
[Sun Dec 04 19:56:51 2005] [notice] jk2_init() Found child 1852 in scoreboard slot 9
[Sun Dec 04 19:56:53 2005] [notice] workerEnv.init() ok /etc/httpd/conf/workers2.properties
[Sun Dec 04 20:01:30 2005] [notice] jk2_init() Found child 1864 in scoreboard slot 7
[Sun Dec 04 20:01:37 2005] [error] mod_jk child workerEnv in error state 6
[Sun Dec 04 20:05:55 2005] [notice] jk2_init() Found child 1886 in scoreboard slot 7
[Sun Dec 04 20:05:59 2005] [notice] workerEnv.init() ok /etc/httpd/conf/workers2.properties
[Sun Dec 04 20:11:14 2005] [error] mod_jk child workerEnv in error state 6
[Sun Dec 04 20:16:10 2005] [notice] jk2_init() Found child 1912 in scoreboard slot 9
[Sun Dec 04 20:16:15 2005] [notice] workerEnv.init() ok /etc/httpd/conf/workers2.properties
[Sun Dec 04 20:21:08 2005] [notice] jk2_init() Found child 1933 in scoreboard slot 6
[Sun Dec 04 20:22:12 2005] [notice] jk2_init() Found child 1936 in scoreboard slot 8
[Sun Dec 04 20:24:45 2005] [notice] jk2_init() Found child 1951 in scoreboard slot 7
[Sun Dec 04 20:24:49 2005] [notice] workerEnv.init() ok /etc/httpd/conf/workers2.properties
[Sun Dec 04 20:26:58 2005] [notice] jk2_init() Found child 1959 in scoreboard slot 9
[Sun Dec 04 20:28:39 2005] [notice] jk2_init() Found child 1967 in scoreboard slot 9
[Sun Dec 04 20:32:37 2005] [notice] jk2_init() Found child 1998 in scoreboard slot 9
[Sun Dec 04 20:33:35 2005] [notice] jk2_init() Found child 2002 in scoreboard slot 8
[Sun Dec 04 20:34:20 2005] [notice] jk2_init() Found child 2006 in scoreboard slot 9
[Sun Dec 04 20:34:25 2005] [error] mod_jk child workerEnv in error state 7
[Sun Dec 04 20:37:49 2005] [error] mod_jk child workerEnv in error state 6
[Sun Dec 04 20:38:14 2005] [error] mod_jk child workerEnv in error state 6
[Sun Dec 04 20:44:29 2005] [notice] jk2_init() Found child 2060 in scoreboard slot 9
[Sun Dec 04 20:47:16 2005] [notice] workerEnv.init() ok /etc/httpd/conf/workers2.properties
[Sun Dec 04 20:47:17 2005] [error] jk2_init() Can't find child 2086 in scoreboard
[Sun Dec 04 20:47:17 2005] [notice] workerEnv.init() ok /etc/httpd/conf/workers2.properties
[Mon Dec 05 03:23:21 2005] [notice] jk2_init() Found child 2763 in scoreboard slot 7
[Mon Dec 05 03:36:51 2005] [notice] jk2_init() Found child 2813 in scoreboard slot 7
[Mon Dec 05 03:36:57 2005] [notice] workerEnv.init() ok /etc/httpd/conf/workers2.properties
[Mon Dec 05 03:40:55 2005] [error] mod_jk child workerEnv in error state 6
[Mon Dec 05 03:46:38 2005] [notice] jk2_init() Found child 2837 in scoreboard slot 6
[Mon Dec 05 03:47:53 2005] [notice] jk2_init() Found child 2843 in scoreboard slot 7
[Mon Dec 05 03:47:54 2005] [notice] workerEnv.init() ok /etc/httpd/conf/workers2.properties
[Mon Dec 05 03:50:49 2005] [notice] jk2_init() Found child 2856 in scoreboard slot 6
[Mon Dec 05 03:50:59 2005] [error] mod_jk child workerEnv in error state 6
[Mon Dec 05 03:56:15 2005] [error] mod_jk child workerEnv in error state 6
[Mon Dec 05 04:00:55 2005] [notice] jk2_init() Found child 2877 in scoreboard slot 10
[Mon Dec 05 04:01:23 2005] [notice] workerEnv.init() ok /etc/httpd/conf/workers2.properties
[Mon Dec 05 04:06:19 2005] [notice] jk2_init() Found child 3669 in scoreboard slot 6
[Mon Dec 05 04:07:37 2005] [notice] jk2_init() Found child 3673 in scoreboard slot 6
[Mon Dec 05 04:08:57 2005] [notice] workerEnv.init() ok /etc/httpd/conf/workers2.properties
[Mon Dec 05 04:13:54 2005] [notice] jk2_init() Found child 3754 in scoreboard slot 12
[Mon Dec 05 04:14:00 2005] [error] mod_jk child workerEnv in error state 9
[Mon Dec 05 04:14:00 2005] [notice] workerEnv.init() ok /etc/httpd/conf/workers2.properties
[Mon Dec 05 05:06:42 2005] [notice] jk2_init() Found child 4594 in scoreboard slot 6
[Mon Dec 05 05:11:04 2005] [notice] jk2_init() Found child 4609 in scoreboard slot 7
[Mon Dec 05 05:12:56 2005] [notice] jk2_init() Found child 4617 in scoreboard slot 7
[Mon Dec 05 05:15:33 2005] [error] mod_jk child workerEnv in error state 9
[Mon Dec 05 06:35:27 2005] [notice] jk2_init() Found child 4820 in scoreboard slot 8
[Mon Dec 05 07:16:00 2005] [notice] jk2_init() Found child 4893 in scoreboard slot 7
[Mon Dec 05 07:21:02 2005] [notice] jk2_init() Found child 4906 in scoreboard slot 9
[Mon Dec 05 07:21:09 2005] [error] mod_jk child workerEnv in error state 6
[Mon Dec 05 07:26:00 2005] [error] mod_jk child workerEnv in error state 6
[Mon Dec 05 07:32:03 2005] [notice] jk2_init() Found child 4937 in scoreboard slot 7
[Mon Dec 05 07:32:06 2005] [notice] workerEnv.init() ok /etc/httpd/conf/workers2.properties
[Mon Dec 05 07:37:58 2005] [notice] workerEnv.init() ok /etc/httpd/conf/workers2.properties
[Mon Dec 05 07:37:58 2005] [error] mod_jk child workerEnv in error state 6
[Mon Dec 05 07:43:07 2005] [notice] jk2_init() Found child 4983 in scoreboard slot 6
[Mon Dec 05 07:43:19 2005] [notice] jk2_init() Found child 4986 in scoreboard slot 8
[Mon Dec 05 07:47:13 2005] [notice] jk2_init() Found child 4998 in scoreboard slot 8
[Mon Dec 05 07:47:23 2005] [error] mod_jk child workerEnv in error state 6
[Mon Dec 05 07:48:46 2005] [notice] jk2_init() Found child 5005 in scoreboard slot 9
[Mon Dec 05 07:48:56 2005] [notice] jk2_init() Found child 5008 in scoreboard slot 7
[Mon Dec 05 07:51:22 2005] [notice] jk2_init() Found child 5018 in scoreboard slot 6
[Mon Dec 05 07:52:02 2005] [error] mod_jk child workerEnv in error state 6
[Mon Dec 05 07:53:01 2005] [error] mod_jk child workerEnv in error state 7
[Mon Dec 05 07:55:00 2005] [notice] jk2_init() Found child 5034 in scoreboard slot 6
[Mon Dec 05 07:55:13 2005] [notice] jk2_init() Found child 5036 in scoreboard slot 9
[Mon Dec 05 07:57:02 2005] [notice] jk2_init() Found child 5052 in scoreboard slot 10
[Mon Dec 05 07:57:02 2005] [notice] workerEnv.init() ok /etc/httpd/conf/workers2.properties
[Mon Dec 05 07:57:02 2005] [error] mod_jk child init 1 -2
[Mon Dec 05 09:36:14 2005] [error] mod_jk child workerEnv in error state 6
[Mon Dec 05 10:16:20 2005] [notice] jk2_init() Found child 5344 in scoreboard slot 7
[Mon Dec 05 10:17:51 2005] [notice] workerEnv.init() ok /etc/httpd/conf/workers2.properties
[Mon Dec 05 10:17:51 2005] [error] mod_jk child workerEnv in error state 7
[Mon Dec 05 10:21:13 2005] [notice] workerEnv.init() ok /etc/httpd/conf/workers2.properties
[Mon Dec 05 10:26:26 2005] [notice] jk2_init() Found child 5385 in scoreboard slot 8
[Mon Dec 05 10:26:31 2005] [notice] workerEnv.init() ok /etc/httpd/conf/workers2.properties
[Mon Dec 05 10:26:39 2005] [error] [client 141.153.150.164] Directory index forbidden by rule: /var/www/html/
[Mon Dec 05 10:33:41 2005] [notice] jk2_init() Found child 5416 in scoreboard slot 8
[Mon Dec 05 10:33:44 2005] [notice] workerEnv.init() ok /etc/httpd/conf/workers2.properties
[Mon Dec 05 10:38:00 2005] [notice] jk2_init() Found child 5434 in scoreboard slot 6
[Mon Dec 05 10:38:04 2005] [error] mod_jk child workerEnv in error state 7
[Mon Dec 05 10:42:23 2005] [notice] jk2_init() Found child 5474 in scoreboard slot 9
[Mon Dec 05 10:43:34 2005] [notice] workerEnv.init() ok /etc/httpd/conf/workers2.properties
[Mon Dec 05 10:43:51 2005] [error] mod_jk child workerEnv in error state 7
[Mon Dec 05 10:47:12 2005] [notice] workerEnv.init() ok /etc/httpd/conf/workers2.properties
[Mon Dec 05 10:47:44 2005] [notice] workerEnv.init() ok /etc/httpd/conf/workers2.properties
[Mon Dec 05 10:48:46 2005] [notice] workerEnv.init() ok /etc/httpd/conf/workers2.properties
[Mon Dec 05 10:51:35 2005] [error] mod_jk child workerEnv in error state 6
[Mon Dec 05 10:53:42 2005] [notice] jk2_init() Found child 5527 in scoreboard slot 7
[Mon Dec 05 10:59:25 2005] [notice] jk2_init() Found child 5567 in scoreboard slot 12
[Mon Dec 05 10:59:29 2005] [notice] workerEnv.init() ok /etc/httpd/conf/workers2.properties
[Mon Dec 05 10:59:29 2005] [error] mod_jk child workerEnv in error state 6
[Mon Dec 05 11:06:51 2005] [notice] jk2_init() Found child 5617 in scoreboard slot 7
[Mon Dec 05 11:06:51 2005] [error] mod_jk child workerEnv in error state 6
[Mon Dec 05 11:06:52 2005] [error] jk2_init() Can't find child 5621 in scoreboard
[Mon Dec 05 12:35:57 2005] [notice] jk2_init() Found child 5786 in scoreboard slot 7
[Mon Dec 05 12:36:39 2005] [notice] workerEnv.init() ok /etc/httpd/conf/workers2.properties
[Mon Dec 05 12:40:38 2005] [notice] workerEnv.init() ok /etc/httpd/conf/workers2.properties
[Mon Dec 05 12:50:43 2005] [error] mod_jk child workerEnv in error state 6
[Mon Dec 05 13:00:33 2005] [notice] jk2_init() Found child 5825 in scoreboard slot 9
[Mon Dec 05 13:05:24 2005] [notice] workerEnv.init() ok /etc/httpd/conf/workers2.properties
[Mon Dec 05 13:16:27 2005] [notice] jk2_init() Found child 5878 in scoreboard slot 6
[Mon Dec 05 13:16:29 2005] [error] mod_jk child workerEnv in error state 6
[Mon Dec 05 13:22:45 2005] [notice] jk2_init() Found child 5900 in scoreboard slot 8
[Mon Dec 05 13:22:48 2005] [error] mod_jk child workerEnv in error state 6
[Mon Dec 05 13:27:14 2005] [notice] jk2_init() Found child 5916 in scoreboard slot 7
[Mon Dec 05 13:28:17 2005] [notice] workerEnv.init() ok /etc/httpd/conf/workers2.properties
[Mon Dec 05 13:28:17 2005] [error] mod_jk child workerEnv in error state 8
[Mon Dec 05 13:32:04 2005] [notice] workerEnv.init() ok /etc/httpd/conf/workers2.properties
[Mon Dec 05 13:32:10 2005] [error] mod_jk child workerEnv in error state 7
[Mon Dec 05 13:36:27 2005] [notice] jk2_init() Found child 5954 in scoreboard slot 7
[Mon Dec 05 13:38:52 2005] [notice] jk2_init() Found child 5968 in scoreboard slot 9
[Mon Dec 05 13:39:14 2005] [error] mod_jk child workerEnv in error state 6
[Mon Dec 05 13:39:41 2005] [notice] workerEnv.init() ok /etc/httpd/conf/workers2.properties
[Mon Dec 05 13:41:58 2005] [notice] jk2_init() Found child 5985 in scoreboard slot 9
[Mon Dec 05 13:43:43 2005] [notice] workerEnv.init() ok /etc/httpd/conf/workers2.properties
[Mon Dec 05 13:44:35 2005] [notice] workerEnv.init() ok /etc/httpd/conf/workers2.properties
[Mon Dec 05 13:45:08 2005] [notice] workerEnv.init() ok /etc/httpd/conf/workers2.properties
[Mon Dec 05 13:46:20 2005] [notice] jk2_init() Found child 6005 in scoreboard slot 9
[Mon Dec 05 13:47:11 2005] [notice] workerEnv.init() ok /etc/httpd/conf/workers2.properties
[Mon Dec 05 13:51:17 2005] [notice] jk2_init() Found child 6028 in scoreboard slot 9
[Mon Dec 05 13:52:36 2005] [error] mod_jk child workerEnv in error state 6
[Mon Dec 05 13:53:31 2005] [notice] jk2_init() Found child 6041 in scoreboard slot 6
[Mon Dec 05 13:53:35 2005] [error] mod_jk child workerEnv in error state 8
[Mon Dec 05 13:58:31 2005] [notice] jk2_init() Found child 6063 in scoreboard slot 8
[Mon Dec 05 14:01:47 2005] [notice] jk2_init() Found child 6099 in scoreboard slot 6
[Mon Dec 05 14:11:40 2005] [notice] jk2_init() Found child 6115 in scoreboard slot 10
[Mon Dec 05 15:31:10 2005] [notice] workerEnv.init() ok /etc/httpd/conf/workers2.properties
[Mon Dec 05 15:40:59 2005] [notice] jk2_init() Found child 6276 in scoreboard slot 6
[Mon Dec 05 15:41:32 2005] [error] mod_jk child workerEnv in error state 6
[Mon Dec 05 15:50:53 2005] [notice] jk2_init() Found child 6294 in scoreboard slot 7
[Mon Dec 05 15:51:20 2005] [error] mod_jk child workerEnv in error state 7
[Mon Dec 05 16:02:00 2005] [notice] jk2_init() Found child 6315 in scoreboard slot 6
[Mon Dec 05 16:02:02 2005] [error] mod_jk child workerEnv in error state 7
[Mon Dec 05 16:07:09 2005] [notice] workerEnv.init() ok /etc/httpd/conf/workers2.properties
[Mon Dec 05 16:10:43 2005] [notice] jk2_init() Found child 6350 in scoreboard slot 7
[Mon Dec 05 16:16:34 2005] [notice] jk2_init() Found child 6366 in scoreboard slot 6
[Mon Dec 05 16:21:25 2005] [notice] jk2_init() Found child 6387 in scoreboard slot 7
[Mon Dec 05 16:21:29 2005] [notice] workerEnv.init() ok /etc/httpd/conf/workers2.properties
[Mon Dec 05 16:26:05 2005] [notice] workerEnv.init() ok /etc/httpd/conf/workers2.properties
[Mon Dec 05 16:31:52 2005] [notice] workerEnv.init() ok /etc/httpd/conf/workers2.properties
[Mon Dec 05 16:36:06 2005] [notice] jk2_init() Found child 6433 in scoreboard slot 6
[Mon Dec 05 16:39:59 2005] [notice] jk2_init() Found child 6452 in scoreboard slot 8
[Mon Dec 05 16:45:04 2005] [error] [client 216.216.185.130] Directory index forbidden by rule: /var/www/html/
[Mon Dec 05 17:35:58 2005] [notice] workerEnv.init() ok /etc/httpd/conf/workers2.properties
[Mon Dec 05 17:40:39 2005] [error] mod_jk child workerEnv in error state 6
[Mon Dec 05 17:46:06 2005] [error] mod_jk child workerEnv in error state 6
[Mon Dec 05 17:50:41 2005] [error] mod_jk child workerEnv in error state 6
[Mon Dec 05 18:00:24 2005] [notice] jk2_init() Found child 6609 in scoreboard slot 7
[Mon Dec 05 18:10:58 2005] [notice] workerEnv.init() ok /etc/httpd/conf/workers2.properties
[Mon Dec 05 18:15:47 2005] [error] mod_jk child workerEnv in error state 6
[Mon Dec 05 18:26:06 2005] [notice] jk2_init() Found child 6684 in scoreboard slot 7
[Mon Dec 05 18:35:51 2005] [notice] jk2_init() Found child 6707 in scoreboard slot 8
[Mon Dec 05 18:40:54 2005] [notice] jk2_init() Found child 6718 in scoreboard slot 8
[Mon Dec 05 18:45:53 2005] [notice] workerEnv.init() ok /etc/httpd/conf/workers2.properties
[Mon Dec 05 18:56:03 2005] [notice] jk2_init() Found child 6740 in scoreboard slot 7
[Mon Dec 05 19:00:43 2005] [notice] jk2_init() Found child 6749 in scoreboard slot 7
[Mon Dec 05 19:00:54 2005] [error] mod_jk child workerEnv in error state 6
[Mon Dec 05 19:14:11 2005] [notice] workerEnv.init() ok /etc/httpd/conf/workers2.properties
