366463 node-122 unix.hw state_change.unavailable 1085084674 1 Component State Change: Component \042alt0\042 is in the unavailable state (HWID=2480)
2568643 node-70 action start 1074119817 1 clusterAddMember  (command 1902)
2600743 node-57 action start 1074298084 1 boot  (command 1967)
3515 node-216 action start 1075629790 1 wait  (command 2057)
75035 node-116 action start 1077172847 1 wait  (command 2217)
95046 node-118 action start 1077647123 1 wait  (command 2270)
146443 node-123 action start 1077817656 1 wait  (command 2347)
177730 node-200 action start 1077894469 1 wait  (command 2449)
217007 node-179 action start 1078468187 1 wait  (command 2513)
256223 node-82 action start 1079070000 1 boot  (command 2616)
235599 node-2 action start 1079014796 1 boot  (command 2548)
300380 node-109 action start 1081880821 1 boot  (command 2790)
362348 node-220 action start 1085071596 1 boot  (command 2960)
429535 node-124 action start 1095347018 1 wait  (command 3141)
20797 node-188 action start 1100785975 1 boot  (command 3317)
136495 node-150 action start 1111865182 1 wait  (command 3523)
165357 node-246 action start 1114095982 1 boot  (command 3580)
252407 node-46 action start 1118929077 1 wait  (command 3690)
172312 node-27 action start 1131216880 1 boot  (command 3928)
288620 node-150 action start 1134671414 1 wait  (command 4061)
397088 node-148 action start 1142527921 1 boot  (command 4176)
461572 node-116 action start 1145552379 1 wait  (command 4219)
427258 3142 boot_cmd success 1095346421 1 Command has completed successfully
162883 2414 boot_cmd new 1077877853 1 Targeting domains:node-D4 and nodes:node-[128-135] child of command 2401
191898 node-238 node psu 1131240275 1 psu failure\ ambient=28
2609055 node-D7 clusterfilesystem clusterfilesystem.no_server 1074464654 1 ClusterFileSystem: There is no server for ServerFileSystem domain storage1412
57709 node-D0 clusterfilesystem clusterfilesystem.no_server 1076864348 1 ClusterFileSystem: There is no server for ServerFileSystem domain storage444
229271 node-D0 clusterfilesystem clusterfilesystem.no_server 1078963582 1 ClusterFileSystem: There is no server for ServerFileSystem domain storage242
442349 node-D7 clusterfilesystem clusterfilesystem.no_server 1098365526 1 ClusterFileSystem: There is no server for ServerFileSystem domain storage1432
286137 node-D0 clusterfilesystem clusterfilesystem.no_server 1134669644 1 ClusterFileSystem: There is no server for ServerFileSystem domain storage832
268265 Interconnect-0N00 switch_module fan 1119290224 1 Fan speeds ( 3552 3534 3375 **** 3515 3479 )
37524 Interconnect-0N00 switch_module fan 1125819002 1 Fan speeds ( 3552 3534 3375 **** 3515 3479 )
33940 Interconnect-0N00 switch_module fan 1125651957 1 Fan speeds ( 3552 3534 3375 **** 3515 3479 )
44885 Interconnect-0N00 switch_module fan 1125968635 1 Fan speeds ( 3552 3534 3375 **** 3515 3479 )
43219 Interconnect-0N00 switch_module fan 1125938127 1 Fan speeds ( 3552 3534 3375 **** 3515 3479 )
41066 Interconnect-0N00 switch_module fan 1125920701 1 Fan speeds ( 3552 3534 3375 **** 3515 3479 )
104883 Interconnect-0N00 switch_module fan 1128271267 1 Fan speeds ( 3552 3534 3375 **** 3515 3479 )
119202 Interconnect-0N00 switch_module fan 1129156854 1 Fan speeds ( 3552 3534 3375 **** 3515 3479 )
116705 Interconnect-0N00 switch_module fan 1128888604 1 Fan speeds ( 3552 3534 3375 4192 3515 3479 )
259536 Interconnect-0N00 switch_module fan 1133178458 1 Fan speeds ( 3552 3534 3391 **** 3515 3479 )
258185 Interconnect-0N00 switch_module fan 1133168036 1 Fan speeds ( 3552 3534 3391 4299 3515 3479 )
379923 Interconnect-0N00 switch_module fan 1141832424 1 Fan speeds ( 3534 3534 3375 **** 3497 3479 )
442187 Interconnect-0N00 switch_module fan 1143988205 1 Fan speeds ( 3534 3534 3375 **** 3497 3479 )
30700 Interconnect-1T00 switch_module bcast-error 1076189965 1 Link error
288385 Interconnect-0T00 switch_module bcast-error 1080668603 1 Link error
408176 Interconnect-1T00 switch_module bcast-error 1142743438 1 Link error on broadcast tree Interconnect-1T00:00:2:0
389984 node-D3 clusterfilesystem fdmn.full 1087531181 1 ServerFileSystem: ServerFileSystem domain root7_local is full
2558879 node-D3 clusterfilesystem clusterfilesystem.not_served 1073126274 1 ClusterFileSystem: ServerFileSystem domain cluster_root_backup is no longer served by node node-96
2572991 node-D1 clusterfilesystem clusterfilesystem.not_served 1074129956 1 ClusterFileSystem: ServerFileSystem domain root26_domain is no longer served by node node-57
156587 node-D0 clusterfilesystem clusterfilesystem.not_served 1077865593 1 ClusterFileSystem: ServerFileSystem domain storage343 is no longer served by node node-11
254062 node-D1 clusterfilesystem clusterfilesystem.not_served 1079069211 1 ClusterFileSystem: ServerFileSystem domain root14_tmp is no longer served by node node-45
203956 node-D7 clusterfilesystem clusterfilesystem.not_served 1116530480 1 ClusterFileSystem: ServerFileSystem domain root18_tmp is no longer served by node node-241
226890 node-D6 clusterfilesystem clusterfilesystem.not_served 1132171167 1 ClusterFileSystem: ServerFileSystem domain root28_domain is no longer served by node node-219
2272849 full partition status 1060239078 -1 running
2567534 node-97 node status 1074098640 1 configured out
2595860 node-46 node status 1074288846 1 not responding
2590751 node-216 node status 1074262967 1 running
2601896 node-122 node status 1074298784 0 running
45685 node-109 node status 1076544000 1 active
76769 node-61 node status 1077207138 1 running
100048 node-215 node status 1077649605 1 running
182635 node-44 node status 1077901440 1 configured out
219135 node-99 node status 1078470966 1 running
200920 node-165 node status 1078122733 1 running
263641 full partition status 1079248586 1 running
261817 node-89 node status 1079218683 1 not responding
260225 node-254 node status 1079127019 1 running
250426 node-250 node status 1079054309 1 running
234328 node-61 node status 1079013840 1 configured out
277642 node-165 node status 1079618688 1 running
284195 full partition status 1080133799 1 running
277545 node-124 node status 1079618410 0 running
329774 node-235 node status 1083207608 0 running
340207 node-245 node status 1083317700 0 running
343802 node-52 node status 1084264230 1 configured out
369300 node-79 node status 1085569402 1 running
379859 node-90 node status 1086028826 1 running
392804 node-41 node status 1088023736 0 running
399519 node-85 node status 1089893761 1 configured out
413605 node-154 node status 1092321126 1 running
413275 node-222 node status 1092320499 0 configured out
425522 node-37 node status 1095342574 1 not responding
432843 node-158 node status 1095349520 1 running
451647 node-9 node status 1098825692 1 configured out
18624 node-205 node status 1100784210 1 configured out
27536 node-0 node status 1101792840 1 configured out
73690 node-165 node status 1108653007 1 running
117632 node-120 node status 1111074926 0 running
117751 node-239 node status 1111074926 1 running
139541 node-231 node status 1112055605 1 configured out
202181 node-34 node status 1116448621 1 not responding
251065 node-92 node status 1118925810 0 configured out
14730 node-172 node status 1124378018 1 running
56256 node-105 node status 1126814969 0 running
56329 node-177 node status 1126814970 0 running
168084 full partition status 1131032850 1 blocked
220122 node-D3 domain status 1132158690 1 not responding
290042 node-183 node status 1134672259 1 running
378260 node-92 node status 1141679919 1 running
401202 node-104 node status 1142533309 0 running
459133 node-108 node status 1145541960 1 configured out
2556843 gige5 gige temperature 1072878243 1 warning
2562656 gige7 gige temperature 1073561505 1 normal
2614737 node-166 node temperature 1074776943 1 ambient=31
35006 node-238 node temperature 1076506869 1 ambient=30
80683 node-198 node temperature 1077307801 1 ambient=33
69378 gige7 gige temperature 1076961352 1 warning
88671 node-148 node temperature 1077556261 1 ambient=31
224581 gige7 gige temperature 1078508057 1 warning
199616 gige5 gige temperature 1078110095 1 warning
226272 gige7 gige temperature 1078672165 1 warning
287022 gige7 gige temperature 1080493066 1 warning
309472 node-30 node temperature 1082039149 1 ambient=34
329889 node-217 node temperature 1083208215 1 ambient=31
341924 node-237 node temperature 1083831510 1 ambient=33
350295 node-239 node temperature 1084629363 1 ambient=31
346052 node-137 node temperature 1084418581 1 ambient=26
371437 gige7 gige temperature 1085855902 1 warning
381139 node-16 node temperature 1086194820 1 ambient=33
372299 gige6 gige temperature 1085939607 1 warning
383318 node-108 node temperature 1086543570 1 ambient=32
392859 gige7 gige temperature 1088038353 1 normal
396477 gige7 gige temperature 1089388091 1 normal
409063 gige6 gige temperature 1091154558 1 normal
416032 gige7 gige temperature 1092958814 1 warning
417446 gige7 gige temperature 1093560329 1 normal
420523 gige7 gige temperature 1094479239 1 normal
433841 gige7 gige temperature 1095539107 1 warning
434077 gige7 gige temperature 1095656714 1 warning
439731 gige7 gige temperature 1097861497 1 warning
452826 node-206 node temperature 1098903930 1 ambient=29
455088 node-111 node temperature 1099356810 1 ambient=32
456744 node-133 node temperature 1100077083 1 ambient=33
26462 node-255 node temperature 1101295260 1 ambient=33
27294 gige5 gige temperature 1101737723 1 normal
31458 gige7 gige temperature 1102388245 1 warning
37165 node-86 node temperature 1103662741 1 ambient=25
37322 gige4 gige temperature 1103700221 1 normal
39589 gige6 gige temperature 1104627481 1 normal
38659 gige6 gige temperature 1104182576 1 warning
40769 node-39 node temperature 1104858241 1 ambient=27
39888 gige7 gige temperature 1104751375 1 normal
44937 gige7 gige temperature 1105776193 1 warning
44021 gige6 gige temperature 1105496889 1 warning
52488 gige7 gige temperature 1106877516 1 warning
55519 gige6 gige temperature 1107611276 1 normal
90019 gige6 gige temperature 1109484216 1 warning
96865 gige7 gige temperature 1110104935 1 warning
90242 gige7 gige temperature 1109546914 1 normal
97800 node-236 node temperature 1110230580 1 ambient=26
118270 gige2 gige temperature 1111182908 1 normal
125920 gige7 gige temperature 1111792040 1 critical
141025 node-113 node temperature 1112395021 1 ambient=27
147517 node-70 node temperature 1112734890 1 ambient=32
155652 gige7 gige temperature 1113559395 1 normal
154200 gige2 gige temperature 1113298318 1 warning
183966 gige6 gige temperature 1114918724 1 normal
189804 node-240 node temperature 1115511240 1 ambient=25
205135 node-67 node temperature 1116531298 1 ambient=28
210653 node-223 node temperature 1116602075 1 ambient=27
217921 gige7 gige temperature 1116963312 1 warning
241019 gige6 gige temperature 1118436040 1 normal
257180 gige6 gige temperature 1119070315 1 warning
281126 gige3 gige temperature 1120304472 1 warning
276921 gige6 gige temperature 1119953528 1 warning
284566 node-116 node temperature 1120659780 1 ambient=28
288975 gige6 gige temperature 1121048549 1 warning
313753 gige7 gige temperature 1122502623 1 normal
323469 gige7 gige temperature 1123268232 1 warning
98 node-206 node temperature 1123705544 1 ambient=26
15077 gige7 gige temperature 1124455610 1 normal
24723 gige6 gige temperature 1124654213 1 warning
32407 node-80 node temperature 1125423420 1 ambient=33
47306 gige6 gige temperature 1126315336 1 warning
74681 gige4 gige temperature 1127529154 1 warning
80742 node-212 node temperature 1127580150 1 ambient=24
90446 node-227 node temperature 1128058591 1 ambient=25
87994 node-14 node temperature 1127746890 1 ambient=29
108135 node-234 node temperature 1128750244 1 ambient=25
106107 node-110 node temperature 1128485251 1 ambient=29
105166 gige7 gige temperature 1128298902 1 normal
120755 node-233 node temperature 1129305602 1 ambient=28
118358 gige3 gige temperature 1129078855 1 warning
163206 gige3 gige temperature 1130632279 1 warning
155335 gige7 gige temperature 1130287327 1 warning
176845 node-16 node temperature 1131226925 1 ambient=33
167256 node-237 node temperature 1130853781 1 ambient=30
166161 gige4 gige temperature 1130758999 1 warning
228160 node-187 node temperature 1132287030 1 ambient=31
285651 node-33 node temperature 1134668085 1 ambient=33
312445 gige3 gige temperature 1136462966 1 normal
315644 node-249 node temperature 1138132001 1 ambient=35
334882 node-231 node temperature 1140199680 1 ambient=28
333848 node-168 node temperature 1140138750 1 ambient=29
355102 node-238 node temperature 1140888121 1 ambient=25
366358 gige6 gige temperature 1141480585 1 normal
380813 node-98 node temperature 1141951865 1 ambient=30
372864 node-34 node temperature 1141676137 1 ambient=26
408247 gige3 gige temperature 1142754835 1 normal
431421 node-110 node temperature 1143811410 1 ambient=31
425740 node-138 node temperature 1143482449 1 ambient=28
448165 gige3 gige temperature 1144567339 1 normal
451250 gige7 gige temperature 1144890808 1 critical
458832 node-115 node temperature 1145540522 1 ambient=28
2560209 Interconnect-1N01 switch_module error 1073192214 1 Link ok
2550228 Interconnect-1N01 switch_module error 1072442018 1 Link ok
2559445 Interconnect-1N01 switch_module error 1073128433 1 Link ok
2565131 Interconnect-1N01 switch_module error 1073923347 1 Link in reset
2572181 Interconnect-0N01 switch_module error 1074125925 1 Linkerror event interval expired
2574049 Interconnect-1N02 switch_module error 1074132111 1 Linkerror event interval expired
2575308 Interconnect-1N02 switch_module error 1074175999 1 Linkerror event interval expired
2580613 Interconnect-0N01 switch_module error 1074217167 1 Linkerror event interval expired
2584628 Interconnect-0N01 switch_module error 1074232068 1 Linkerror event interval expired
2586061 Interconnect-1N03 switch_module error 1074236099 1 Linkerror event interval expired
2588743 Interconnect-0N03 switch_module error 1074243064 1 Linkerror event interval expired
2597642 Interconnect-0N02 switch_module error 1074290511 1 Linkerror event interval expired
2615204 Interconnect-1N01 switch_module error 1074801720 1 Linkerror event interval expired
2597578 Interconnect-1N02 switch_module error 1074290494 1 Linkerror event interval expired
2598151 Interconnect-0N03 switch_module error 1074290671 1 Linkerror event interval expired
3098 Interconnect-1N01 switch_module error 1075572430 1 Linkerror event interval expired
29376 Interconnect-1N00 switch_module error 1076183342 1 Linkerror event interval expired
33331 Interconnect-1N03 switch_module error 1076434499 1 Linkerror event interval expired
54223 Interconnect-1N01 switch_module error 1076776381 1 Linkerror event interval expired
77224 Interconnect-0N00 switch_module error 1077215336 1 Linkerror event interval expired
71554 Interconnect-0N00 switch_module error 1077066063 1 Linkerror event interval expired
59022 Interconnect-0N03 switch_module error 1076865397 1 Linkerror event interval expired
105870 Interconnect-1N02 switch_module error 1077739756 1 Linkerror event interval expired
100619 Interconnect-0N03 switch_module error 1077716299 1 Linkerror event interval expired
93592 Interconnect-0N00 switch_module error 1077646545 1 Linkerror event interval expired
91802 Interconnect-1N01 switch_module error 1077631166 1 Linkerror event interval expired
136333 Interconnect-0N02 switch_module error 1077808562 1 Linkerror event interval expired
141792 Interconnect-0N00 switch_module error 1077815549 1 Linkerror event interval expired
145825 Interconnect-1N02 switch_module error 1077817398 1 Linkerror event interval expired
161699 Interconnect-1N00 switch_module error 1077877379 1 Linkerror event interval expired
173860 Interconnect-0N00 switch_module error 1077892961 1 Linkerror event interval expired
183763 Interconnect-0N01 switch_module error 1077902463 1 Linkerror event interval expired
224686 Interconnect-1T03 switch_module error 1078513350 1 Linkerror event interval expired
214078 Interconnect-1N02 switch_module error 1078466489 1 Linkerror event interval expired
203971 Interconnect-1N01 switch_module error 1078262512 1 Linkerror event interval expired
200080 Interconnect-1N02 switch_module error 1078120174 1 Linkerror event interval expired
260815 Interconnect-1N01 switch_module error 1079172043 1 Linkerror event interval expired
247218 Interconnect-0N03 switch_module error 1079048791 1 Linkerror event interval expired
243508 Interconnect-0N00 switch_module error 1079046747 1 Linkerror event interval expired
231122 Interconnect-1N01 switch_module error 1079007841 1 Linkerror event interval expired
227465 Interconnect-1N01 switch_module error 1078828243 1 Linkerror event interval expired
274509 Interconnect-0N03 switch_module error 1079616584 1 Linkerror event interval expired
283145 Interconnect-1N01 switch_module error 1080051195 1 Linkerror event interval expired
290318 Interconnect-1N01 switch_module error 1080908787 1 Linkerror event interval expired
288353 Interconnect-1T01 switch_module error 1080665531 1 Linkerror event interval expired
286945 Interconnect-1N01 switch_module error 1080480275 1 Linkerror event interval expired
295144 Interconnect-1N01 switch_module error 1081395907 1 Linkerror event interval expired
291723 Interconnect-1T01 switch_module error 1081100411 1 Linkerror event interval expired
305441 Interconnect-1N00 switch_module error 1082037026 1 Linkerror event interval expired
303074 Interconnect-1T01 switch_module error 1082030618 1 Linkerror event interval expired
299480 Interconnect-1N02 switch_module error 1081818106 1 Linkerror event interval expired
316037 Interconnect-1N01 switch_module error 1082717020 1 Linkerror event interval expired
322834 Interconnect-0N03 switch_module error 1083197500 1 Linkerror event interval expired
362580 Interconnect-1N03 switch_module error 1085071662 1 Linkerror event interval expired
385551 Interconnect-0N03 switch_module error 1087072863 1 Linkerror event interval expired
403369 Interconnect-0N00 switch_module error 1089897372 1 Linkerror event interval expired
412053 Interconnect-1N03 switch_module error 1092010383 1 Linkerror event interval expired
422093 Interconnect-1T01 switch_module error 1094689661 1 Linkerror event interval expired
434433 Interconnect-0N00 switch_module error 1095798699 1 Linkerror event interval expired
134429 Interconnect-0N03 switch_module error 1111862374 1 Linkerror event interval expired
207120 Interconnect-0N02 switch_module error 1116534650 1 link errors remain current
88545 Interconnect-1T01 switch_module error 1127812228 1 link errors remain current
155348 Interconnect-1T01 switch_module error 1130288994 1 link errors remain current
197294 Interconnect-0N01 switch_module error 1131268024 1 link errors remain current
236414 Interconnect-1T01 switch_module error 1132422989 1 link errors remain current
292522 Interconnect-1T01 switch_module error 1134758547 1 link errors remain current
335192 Interconnect-1N03 switch_module error 1140228727 1 link errors remain current
415687 Interconnect-0T00 switch_module error 1143027001 1 link errors remain current
2573188 node-129 unix.hw net.niff.up 1074131255 1 NIFF: node node-129 has detected an available network connection on network 10.128.0.0 via interface ee0
2601700 node-120 unix.hw net.niff.up 1074298522 1 NIFF: node node-120 has detected an available network connection on network 5.5.226.0 via interface alt0
41331 node-186 unix.hw net.niff.up 1076538895 1 NIFF: node node-186 has detected an available network connection on network 5.5.226.0 via interface alt0
138478 node-208 unix.hw net.niff.up 1077810112 1 NIFF: node node-208 has detected an available network connection on network 10.128.0.0 via interface ee0
163923 node-254 unix.hw net.niff.up 1077879014 1 NIFF: node node-254 has detected an available network connection on network 10.128.0.0 via interface ee0
276361 node-151 unix.hw net.niff.up 1079617105 1 NIFF: node node-151 has detected an available network connection on network 5.5.224.0 via interface alt0
326478 node-113 unix.hw net.niff.up 1083202436 1 NIFF: node node-113 has detected an available network connection on network 5.5.224.0 via interface alt0
427679 node-45 unix.hw net.niff.up 1095346545 1 NIFF: node node-45 has detected an available network connection on network 10.128.0.0 via interface ee0
71997 node-19 unix.hw net.niff.up 1108647796 1 NIFF: node node-19 has detected an available network connection on network 10.128.0.0 via interface ee0
136580 node-150 unix.hw net.niff.up 1111865217 1 NIFF: node node-150 has detected an available network connection on network 5.5.224.0 via interface alt0
211427 node-144 unix.hw net.niff.up 1116610182 1 NIFF: node node-144 has detected an available network connection on network 10.96.0.0 via interface scip0
253628 node-212 unix.hw net.niff.up 1118929438 1 NIFF: node node-212 has detected an available network connection on network 10.128.0.0 via interface ee0
171259 node-176 unix.hw net.niff.up 1131216398 1 NIFF: node node-176 has detected an available network connection on network 10.128.0.0 via interface ee0
