438190 node-228 unix.hw state_change.unavailable 1097194780 1 Component State Change: Component \042alt0\042 is in the unavailable state (HWID=3713)
2570772 node-124 action start 1074123150 1 clusterAddMember  (command 1900)
2601401 node-184 action start 1074298390 1 wait  (command 1975)
41108 node-93 action start 1076538873 1 boot  (command 2152)
75026 node-119 action start 1077172842 1 wait  (command 2217)
93084 node-239 action start 1077645240 1 wait  (command 2257)
157583 node-196 action start 1077873102 1 boot  (command 2368)
185712 node-60 action start 1077902963 1 boot  (command 2464)
214978 node-161 action start 1078467481 1 boot  (command 2514)
256162 node-80 action start 1079069993 1 boot  (command 2616)
233507 node-227 action start 1079012648 1 boot  (command 2538)
307531 node-9 action start 1082038490 1 wait  (command 2817)
360562 node-229 action start 1085071024 1 wait  (command 2963)
426656 node-33 action start 1095346191 1 boot  (command 3138)
21457 node-216 action start 1100786301 1 wait  (command 3319)
136459 node-208 action start 1111865169 1 wait  (command 3525)
208690 node-65 action start 1116601343 1 wait  (command 3612)
252602 node-145 action start 1118929116 1 boot  (command 3696)
170334 node-161 action start 1131215738 1 boot  (command 3939)
329026 node-111 action start 1140100216 1 wait  (command 4110)
397742 node-56 action start 1142528184 1 boot  (command 4170)
2566692 1897 boot_cmd success 1073991950 1 Command has completed successfully
91679 3440 boot_cmd success 1109728975 1 Command has completed successfully
210240 2490 boot_cmd new 1078453922 1 Targeting domains:node-D0 and nodes:node-[8-31] child of command 2489
236618 node-104 node psu 1132434391 1 psu failure\ ambient=28
2608601 node-D7 clusterfilesystem clusterfilesystem.no_server 1074462833 1 ClusterFileSystem: There is no server for ServerFileSystem domain storage1024
171644 node-D0 clusterfilesystem clusterfilesystem.no_server 1077889836 1 ClusterFileSystem: There is no server for ServerFileSystem domain storage141
311726 node-D7 clusterfilesystem clusterfilesystem.no_server 1082041350 1 ClusterFileSystem: There is no server for ServerFileSystem domain storage1031
51652 node-D0 clusterfilesystem clusterfilesystem.no_server 1106588485 1 ClusterFileSystem: There is no server for ServerFileSystem domain storage142
286151 node-D0 clusterfilesystem clusterfilesystem.no_server 1134669644 1 ClusterFileSystem: There is no server for ServerFileSystem domain storage531
292663 Interconnect-0N00 switch_module fan 1121581239 1 Fan speeds ( 3552 3534 3375 **** 3515 3479 )
36180 Interconnect-0N00 switch_module fan 1125718237 1 Fan speeds ( 3552 3534 3375 4245 3515 3479 )
33385 Interconnect-0N00 switch_module fan 1125557358 1 Fan speeds ( 3552 3534 3375 **** 3515 3479 )
44792 Interconnect-0N00 switch_module fan 1125967289 1 Fan speeds ( 3552 3534 3375 **** 3515 3479 )
42827 Interconnect-0N00 switch_module fan 1125936247 1 Fan speeds ( 3552 3534 3375 **** 3515 3479 )
40628 Interconnect-0N00 switch_module fan 1125915215 1 Fan speeds ( 3552 3534 3375 **** 3515 3479 )
121157 Interconnect-0N00 switch_module fan 1129314010 1 Fan speeds ( 3552 3534 3375 **** 3515 3479 )
119142 Interconnect-0N00 switch_module fan 1129155779 1 Fan speeds ( 3552 3534 3375 **** 3515 3479 )
116664 Interconnect-0N00 switch_module fan 1128887986 1 Fan speeds ( 3552 3534 3375 **** 3515 3479 )
259457 Interconnect-0N00 switch_module fan 1133177775 1 Fan speeds ( 3552 3534 3391 **** 3515 3479 )
257965 Interconnect-0N00 switch_module fan 1133166706 1 Fan speeds ( 3552 3534 3391 **** 3515 3479 )
379647 Interconnect-0N00 switch_module fan 1141828356 1 Fan speeds ( 3534 3534 3375 4272 3497 3479 )
441407 Interconnect-0N00 switch_module fan 1143980889 1 Fan speeds ( 3534 3534 3375 4115 3497 3479 )
115576 Interconnect-1T00 switch_module bcast-error 1077793578 1 Link error
295965 Interconnect-1T00 switch_module bcast-error 1081534663 1 Link error
408221 Interconnect-1T00 switch_module bcast-error 1142752287 1 Link error on broadcast tree Interconnect-1T00:00:2:0
178949 node-D2 clusterfilesystem fdmn.full 1114672353 1 ServerFileSystem: ServerFileSystem domain root1_local is full
2567825 node-D5 clusterfilesystem clusterfilesystem.not_served 1074100162 1 ClusterFileSystem: ServerFileSystem domain root_domain is no longer served by node node-160
2589848 node-D0 clusterfilesystem clusterfilesystem.not_served 1074257445 1 ClusterFileSystem: ServerFileSystem domain root29_local is no longer served by node node-28
159914 node-D3 clusterfilesystem clusterfilesystem.not_served 1077875435 1 ClusterFileSystem: ServerFileSystem domain root19_domain is no longer served by node node-114
252335 node-D0 clusterfilesystem clusterfilesystem.not_served 1079068559 1 ClusterFileSystem: ServerFileSystem domain storage211 is no longer served by node node-4
204008 node-D7 clusterfilesystem clusterfilesystem.not_served 1116530487 1 ClusterFileSystem: ServerFileSystem domain root17_domain is no longer served by node node-240
2286759 full partition status 1061219795 -1 running
2561542 full partition status 1073427660 1 blocked
2579921 node-140 node status 1074216940 1 running
2596116 node-185 node status 1074289057 1 not responding
2595682 node-12 node status 1074288817 1 not responding
2601953 node-144 node status 1074299123 1 running
47692 node-161 node status 1076615678 1 configured out
76110 node-37 node status 1077204510 1 configured out
90661 node-61 node status 1077630630 1 configured out
182754 node-109 node status 1077901531 1 configured out
219117 node-81 node status 1078470966 1 running
199728 node-186 node status 1078118432 1 configured out
263520 node-170 node status 1079248515 1 configured out
261699 node-230 node status 1079218682 1 not responding
260158 node-155 node status 1079127017 1 running
250337 node-161 node status 1079054308 1 running
234321 node-54 node status 1079013840 1 configured out
277686 node-209 node status 1079618688 1 running
273098 node-217 node status 1079615432 0 configured out
272769 node-163 node status 1079615371 1 configured out
329596 node-57 node status 1083207607 1 running
329646 node-107 node status 1083207607 0 running
366141 node-95 node status 1085078720 1 running
369186 node-168 node status 1085568282 0 running
372036 node-219 node status 1085921340 1 configured out
392696 node-126 node status 1088023734 0 running
399366 node-39 node status 1089893731 1 configured out
413350 node-41 node status 1092320602 1 running
421363 full partition status 1094571984 1 running
425174 node-109 node status 1095341304 1 running
371910 node-96 node status 1085921340 -1 configured out
450090 node-14 node status 1098716306 1 not responding
18387 node-184 node status 1100784181 1 configured out
33966 node-16 node status 1102693232 1 configured out
77384 node-233 node status 1108744158 1 running
117588 node-76 node status 1111074926 1 running
117724 node-212 node status 1111074926 1 running
139404 node-242 node status 1112054374 1 configured out
202342 node-165 node status 1116448650 1 configured out
284996 node-191 node status 1120682568 1 running
26628 full partition status 1124999460 1 blocked
56261 node-110 node status 1126814969 0 running
56404 node-254 node status 1126814970 0 running
197110 node-253 node status 1131247704 1 running
260401 full partition status 1133290901 1 running
289977 node-127 node status 1134672205 0 running
378195 node-27 node status 1141679919 1 running
415345 node-D0 domain status 1142942280 1 inconsistent nodesets node-31 0x1fffffffe <ok> node-0 0xfffffffe <ok> node-1 0xfffffffe <ok> node-2 0xfffffffe <ok> node-30 0xfffffffe <ok>
463655 node-135 node status 1145554526 0 running
2555058 gige7 gige temperature 1072734978 1 normal
2561340 gige7 gige temperature 1073394404 1 normal
2614640 gige7 gige temperature 1074755051 1 normal
34905 gige7 gige temperature 1076493252 1 warning
80531 node-174 node temperature 1077300930 1 ambient=28
61851 node-60 node temperature 1076866153 1 ambient=31
87831 gige2 gige temperature 1077480553 1 warning
217618 node-20 node temperature 1078468448 1 ambient=26
199198 gige7 gige temperature 1078057114 1 warning
285818 gige7 gige temperature 1080291435 1 normal
295921 gige7 gige temperature 1081524579 1 warning
314590 gige7 gige temperature 1082202403 1 warning
316991 gige7 gige temperature 1083025647 1 normal
341629 gige7 gige temperature 1083744155 1 warning
350242 node-108 node temperature 1084626810 1 ambient=31
346034 gige7 gige temperature 1084413482 1 normal
369384 gige4 gige temperature 1085598845 1 critical
380887 node-247 node temperature 1086178590 1 ambient=33
385237 gige3 gige temperature 1086927360 1 normal
386596 node-20 node temperature 1087478914 1 ambient=28
392847 gige7 gige temperature 1088034153 1 normal
395945 gige5 gige temperature 1089210393 1 warning
408905 gige7 gige temperature 1091074742 1 warning
415725 gige7 gige temperature 1092870612 1 normal
417398 gige7 gige temperature 1093553730 1 warning
431406 node-108 node temperature 1095349170 1 ambient=30
435317 gige7 gige temperature 1096178141 1 normal
434057 gige7 gige temperature 1095644114 1 normal
439698 gige4 gige temperature 1097832089 1 normal
452434 node-203 node temperature 1098866010 1 ambient=30
455065 node-113 node temperature 1099355101 1 ambient=30
24290 node-213 node temperature 1100796480 1 ambient=31
26313 gige3 gige temperature 1101216972 1 normal
34281 node-115 node temperature 1102771261 1 ambient=29
31380 node-230 node temperature 1102354830 1 ambient=28
37077 node-35 node temperature 1103654431 1 ambient=29
37628 gige4 gige temperature 1103811222 1 warning
39407 gige7 gige temperature 1104551270 1 warning
38486 gige6 gige temperature 1104108775 1 normal
40766 gige7 gige temperature 1104857875 1 warning
42364 gige7 gige temperature 1105072680 1 normal
44619 gige3 gige temperature 1105687639 1 warning
49162 node-8 node temperature 1106245773 1 ambient=27
52025 gige7 gige temperature 1106737711 1 warning
53863 node-239 node temperature 1107191073 1 ambient=26
89824 gige4 gige temperature 1109420069 1 critical
96465 gige3 gige temperature 1110065877 1 normal
90216 node-241 node temperature 1109539320 1 ambient=28
97470 gige3 gige temperature 1110205381 1 normal
118228 gige2 gige temperature 1111173008 1 warning
125729 gige5 gige temperature 1111693818 1 warning
140533 gige5 gige temperature 1112280080 1 normal
147327 gige5 gige temperature 1112704897 1 warning
155643 gige7 gige temperature 1113554594 1 critical
153760 node-236 node temperature 1113250590 1 ambient=27
179416 node-244 node temperature 1114763670 1 ambient=29
185349 node-86 node temperature 1115269410 1 ambient=24
207216 node-80 node temperature 1116538204 1 ambient=30
213496 node-75 node temperature 1116612015 1 ambient=29
217384 gige6 gige temperature 1116789307 1 normal
240873 gige7 gige temperature 1118360437 1 normal
262646 gige4 gige temperature 1119093476 1 normal
277688 gige7 gige temperature 1120225336 1 critical
276353 gige3 gige temperature 1119836470 1 warning
284160 gige7 gige temperature 1120556837 1 warning
288882 gige6 gige temperature 1121010147 1 warning
313234 node-133 node temperature 1122335162 1 ambient=34
322167 gige7 gige temperature 1123098731 1 warning
160 node-222 node temperature 1123706820 1 ambient=26
15135 gige4 gige temperature 1124477566 1 warning
37279 gige3 gige temperature 1125743188 1 normal
32328 node-166 node temperature 1125421620 1 ambient=31
47324 node-46 node temperature 1126319850 1 ambient=27
74599 gige4 gige temperature 1127513254 1 warning
91359 node-117 node temperature 1128146611 1 ambient=30
90309 node-227 node temperature 1128043770 1 ambient=25
87957 gige4 gige temperature 1127740956 1 warning
108039 node-245 node temperature 1128731340 1 ambient=30
105925 gige4 gige temperature 1128444765 1 normal
105013 gige7 gige temperature 1128273402 1 warning
120039 gige6 gige temperature 1129263419 1 normal
117682 gige6 gige temperature 1128949016 1 normal
162000 node-115 node temperature 1130582460 1 ambient=26
155242 gige6 gige temperature 1130271428 1 warning
163677 node-237 node temperature 1130673420 1 ambient=30
167189 node-115 node temperature 1130845650 1 ambient=29
207192 gige5 gige temperature 1131716359 1 normal
228175 node-33 node temperature 1132287150 1 ambient=34
288181 node-173 node temperature 1134671246 1 ambient=25
312232 gige3 gige temperature 1136305464 1 normal
315096 node-152 node temperature 1138047991 1 ambient=27
334573 node-241 node temperature 1140184290 1 ambient=27
333509 node-168 node temperature 1140135990 1 ambient=35
355008 node-238 node temperature 1140877380 1 ambient=25
361170 node-245 node temperature 1141238460 1 ambient=27
379973 node-48 node temperature 1141835730 1 ambient=36
371466 gige3 gige temperature 1141598132 1 warning
416519 node-159 node temperature 1143214291 1 ambient=36
428615 node-229 node temperature 1143728610 1 ambient=25
425701 node-36 node temperature 1143482413 1 ambient=31
445454 gige6 gige temperature 1144440503 1 normal
451247 gige7 gige temperature 1144889909 1 warning
460291 node-103 node temperature 1145551988 1 ambient=26
2558342 Interconnect-1N01 switch_module error 1073114649 1 Link ok
2553872 Interconnect-0N03 switch_module error 1072642871 1 Link ok
2558415 Interconnect-1T02 switch_module error 1073119551 1 Link error
2565070 Interconnect-1N01 switch_module error 1073911806 1 Link in reset
2572865 Interconnect-1N00 switch_module error 1074129389 1 Linkerror event interval expired
2574588 Interconnect-1N03 switch_module error 1074137477 1 Linkerror event interval expired
2576243 Interconnect-0N02 switch_module error 1074178679 1 Linkerror event interval expired
2580989 Interconnect-1N01 switch_module error 1074217255 1 Linkerror event interval expired
2584639 Interconnect-0N01 switch_module error 1074232126 1 Linkerror event interval expired
2586170 Interconnect-1N03 switch_module error 1074236447 1 Linkerror event interval expired
2590123 Interconnect-1N00 switch_module error 1074261819 1 Linkerror event interval expired
2597772 Interconnect-1N02 switch_module error 1074290544 1 Linkerror event interval expired
2614572 Interconnect-1N01 switch_module error 1074747779 1 Linkerror event interval expired
2597608 Interconnect-0N01 switch_module error 1074290502 1 Linkerror event interval expired
2598235 Interconnect-1N01 switch_module error 1074294936 1 Linkerror event interval expired
3496 Interconnect-1N03 switch_module error 1075629657 1 Linkerror event interval expired
30791 Interconnect-1N01 switch_module error 1076205835 1 Linkerror event interval expired
32793 Interconnect-1N01 switch_module error 1076424334 1 Linkerror event interval expired
54268 Interconnect-1N01 switch_module error 1076785690 1 Linkerror event interval expired
77005 Interconnect-0N00 switch_module error 1077215215 1 Linkerror event interval expired
70353 Interconnect-1N03 switch_module error 1077061443 1 Linkerror event interval expired
56743 Interconnect-0N03 switch_module error 1076858266 1 Linkerror event interval expired
105792 Interconnect-0N01 switch_module error 1077739731 1 Linkerror event interval expired
100546 Interconnect-0N03 switch_module error 1077711917 1 Linkerror event interval expired
92943 Interconnect-1N03 switch_module error 1077644946 1 Linkerror event interval expired
91770 Interconnect-1N03 switch_module error 1077631159 1 Linkerror event interval expired
138084 Interconnect-1N01 switch_module error 1077809945 1 Linkerror event interval expired
141816 Interconnect-1N00 switch_module error 1077815561 1 Linkerror event interval expired
156575 Interconnect-1N03 switch_module error 1077865581 1 Linkerror event interval expired
162068 Interconnect-1N00 switch_module error 1077877486 1 Linkerror event interval expired
174001 Interconnect-0N00 switch_module error 1077893002 1 Linkerror event interval expired
183905 Interconnect-1N01 switch_module error 1077902508 1 Linkerror event interval expired
223805 Interconnect-0N00 switch_module error 1078499737 1 Linkerror event interval expired
213970 Interconnect-0N00 switch_module error 1078466456 1 Linkerror event interval expired
203905 Interconnect-1N01 switch_module error 1078253002 1 Linkerror event interval expired
199652 Interconnect-1N01 switch_module error 1078113076 1 Linkerror event interval expired
260718 Interconnect-1N01 switch_module error 1079152857 1 Linkerror event interval expired
246277 Interconnect-0N02 switch_module error 1079048528 1 Linkerror event interval expired
240969 Interconnect-0N03 switch_module error 1079031627 1 Linkerror event interval expired
228981 Interconnect-1T01 switch_module error 1078947615 1 Linkerror event interval expired
227192 Interconnect-1N00 switch_module error 1078790431 1 Linkerror event interval expired
275533 Interconnect-0N00 switch_module error 1079616864 1 Linkerror event interval expired
283041 Interconnect-1N01 switch_module error 1080030329 1 Linkerror event interval expired
290101 Interconnect-1N01 switch_module error 1080880454 1 Linkerror event interval expired
288291 Interconnect-1T01 switch_module error 1080661262 1 Linkerror event interval expired
297281 Interconnect-1N01 switch_module error 1081677869 1 Linkerror event interval expired
293808 Interconnect-1T01 switch_module error 1081373483 1 Linkerror event interval expired
306222 Interconnect-1N03 switch_module error 1082037261 1 Linkerror event interval expired
303847 Interconnect-1T01 switch_module error 1082033407 1 Linkerror event interval expired
302921 Interconnect-1T01 switch_module error 1082024309 1 Linkerror event interval expired
297882 Interconnect-1T01 switch_module error 1081750251 1 Linkerror event interval expired
326762 Interconnect-1N00 switch_module error 1083202557 1 Linkerror event interval expired
322682 Interconnect-0N02 switch_module error 1083197432 1 Linkerror event interval expired
362382 Interconnect-0N02 switch_module error 1085071601 1 Linkerror event interval expired
384539 Interconnect-0N01 switch_module error 1086776851 1 Linkerror event interval expired
399843 Interconnect-1N03 switch_module error 1089893840 1 Linkerror event interval expired
416294 Interconnect-0N01 switch_module error 1093123113 1 Linkerror event interval expired
421655 Interconnect-0N00 switch_module error 1094591249 1 Linkerror event interval expired
72725 3398 boot_cmd error 1108648264 1 Failed subcommands 3406
128445 Interconnect-0N01 switch_module error 1111848291 1 Linkerror event interval expired
285082 Interconnect-0N02 switch_module error 1120712655 1 link errors remain current
112591 Interconnect-1T01 switch_module error 1128795669 1 link errors remain current
154298 Interconnect-1T01 switch_module error 1130114502 1 link errors remain current
212267 Interconnect-1T01 switch_module error 1131857400 1 link errors remain current
236835 Interconnect-1T01 switch_module error 1132474878 1 link errors remain current
298653 Interconnect-1T01 switch_module error 1134866941 1 link errors remain current
335191 Interconnect-0N03 switch_module error 1140228727 1 link errors remain current
414825 Interconnect-1N00 switch_module error 1142865108 1 link errors remain current
2573624 node-148 unix.hw net.niff.up 1074131743 1 NIFF: node node-148 has detected an available network connection on network 5.5.226.0 via interface alt0
2602507 node-142 unix.hw net.niff.up 1074300633 1 NIFF: node node-142 has detected an available network connection on network 0.0.0.0 via interface alt0
40578 node-205 unix.hw net.niff.up 1076538681 1 NIFF: node node-205 has detected an available network connection on network 10.128.0.0 via interface ee0
139925 node-157 unix.hw net.niff.up 1077810564 1 NIFF: node node-157 has detected an available network connection on network 5.5.226.0 via interface alt0
185300 node-234 unix.hw net.niff.up 1077902844 1 NIFF: node node-234 has detected an available network connection on network 10.128.0.0 via interface ee0
277244 node-255 unix.hw net.niff.up 1079617522 1 NIFF: node node-255 has detected an available network connection on network 10.128.0.0 via interface ee0
363203 node-152 unix.hw net.niff.up 1085071937 1 NIFF: node node-152 has detected an available network connection on network 10.128.0.0 via interface ee0
434678 node-106 unix.hw net.niff.up 1095875337 1 NIFF: node node-106 has detected an available network connection on network 0.0.0.0 via interface alt0
72634 node-253 unix.hw net.niff.up 1108648087 1 NIFF: node node-253 has detected an available network connection on network 10.128.0.0 via interface ee0
130081 node-42 unix.hw net.niff.up 1111856616 1 NIFF: node node-42 has detected an available network connection on network 10.128.0.0 via interface ee0
225253 node-17 unix.hw net.niff.up 1117296958 1 NIFF: node node-17 has detected an available network connection on network 0.0.0.0 via interface alt0
254151 node-187 unix.hw net.niff.up 1118929744 1 NIFF: node node-187 has detected an available network connection on network 5.5.224.0 via interface alt0
193084 node-77 unix.hw net.niff.up 1131241578 1 NIFF: node node-77 has detected an available network connection on network 5.5.224.0 via interface alt0
