134681 node-246 unix.hw state_change.unavailable 1077804742 1 Component State Change: Component \042SCSI-WWID:01000010:6005-08b4-0001-00c6-0006-3000-003d-0000\042 is in the unavailable state (HWID=1973)
225111 node-10 unix.hw state_change.unavailable 1117296789 1 Component State Change: Component \042alt0\042 is in the unavailable state (HWID=3891)
2571927 node-28 action start 1074125371 1 risBoot  (command 1903)
2612635 node-88 action start 1074535847 1 boot  (command 1999)
39962 node-134 action start 1076538533 1 wait  (command 2154)
66410 node-226 action start 1076874863 1 wait  (command 2201)
93083 node-242 action start 1077645240 1 boot  (command 2257)
160960 node-3 action start 1077875823 1 boot  (command 2392)
186693 node-125 action start 1077903223 1 wait  (command 2468)
201811 node-76 action start 1078162366 1 wait  (command 2484)
254534 node-129 action start 1079069377 1 boot  (command 2602)
274455 node-100 action start 1079616550 1 wait  (command 2683)
307999 node-112 action start 1082038630 1 wait  (command 2823)
374171 node-26 action start 1086022370 1 boot  (command 2999)
437355 node-19 action start 1096995511 1 boot  (command 3169)
32761 node-17 action start 1102475613 1 wait  (command 3334)
134514 node-254 action start 1111862672 1 wait  (command 3519)
208761 node-147 action start 1116601359 1 boot  (command 3615)
252613 node-174 action start 1118929118 1 wait  (command 3698)
191604 node-13 action start 1131239917 1 boot  (command 3964)
328665 node-234 action start 1140100074 1 boot  (command 4118)
397899 node-150 action start 1142528212 1 wait  (command 4176)
2614626 2001 boot_cmd success 1074752045 1 Command has completed successfully
130127 3501 boot_cmd success 1111856688 1 Command has completed successfully
451683 3223 boot_cmd new 1098825780 1 Targeting domains:node-D0 and nodes:node-0
341834 node-118 node psu 1140312091 1 psu failure\ ambient=28
2608475 node-D7 clusterfilesystem clusterfilesystem.no_server 1074462062 1 ClusterFileSystem: There is no server for ServerFileSystem domain storage1534
172740 node-D7 clusterfilesystem clusterfilesystem.no_server 1077891659 1 ClusterFileSystem: There is no server for ServerFileSystem domain storage1622
400170 node-D7 clusterfilesystem clusterfilesystem.no_server 1089893907 1 ClusterFileSystem: There is no server for ServerFileSystem domain storage1331
68757 node-D0 clusterfilesystem clusterfilesystem.no_server 1108645899 1 ClusterFileSystem: There is no server for ServerFileSystem domain storage742
327002 node-D0 clusterfilesystem clusterfilesystem.no_server 1140098601 1 ClusterFileSystem: There is no server for ServerFileSystem domain storage321
291810 Interconnect-0N00 switch_module fan 1121525534 1 Fan speeds ( 3552 3534 3375 **** 3515 3479 )
35581 Interconnect-0N00 switch_module fan 1125706262 1 Fan speeds ( 3552 3534 3375 **** 3515 3479 )
33086 Interconnect-0N00 switch_module fan 1125545019 1 Fan speeds ( 3552 3534 3375 **** 3515 3479 )
44437 Interconnect-0N00 switch_module fan 1125958618 1 Fan speeds ( 3552 3534 3375 **** 3515 3479 )
42774 Interconnect-0N00 switch_module fan 1125935993 1 Fan speeds ( 3552 3534 3375 **** 3515 3479 )
40627 Interconnect-0N00 switch_module fan 1125915213 1 Fan speeds ( 3552 3534 3375 4166 3515 3479 )
120901 Interconnect-0N00 switch_module fan 1129307838 1 Fan speeds ( 3552 3534 3375 **** 3515 3479 )
119082 Interconnect-0N00 switch_module fan 1129155045 1 Fan speeds ( 3552 3534 3375 4530 3515 3479 )
236285 Interconnect-0N00 switch_module fan 1132421073 1 Fan speeds ( 3552 3534 3391 **** 3515 3479 )
259180 Interconnect-0N00 switch_module fan 1133174442 1 Fan speeds ( 3552 3534 3391 **** 3515 3479 )
257953 Interconnect-0N00 switch_module fan 1133166616 1 Fan speeds ( 3552 3534 3391 **** 3515 3479 )
379641 Interconnect-0N00 switch_module fan 1141828195 1 Fan speeds ( 3534 3534 3375 4470 3497 3479 )
441258 Interconnect-0N00 switch_module fan 1143979891 1 Fan speeds ( 3534 3534 3375 **** 3497 3479 )
115153 Interconnect-0T00 switch_module bcast-error 1077757190 1 Link error
293098 Interconnect-1T00 switch_module bcast-error 1081296321 1 Link error
191911 node-D4 clusterfilesystem fdmn.full 1077949575 1 ServerFileSystem: ServerFileSystem domain root14_local is full
178450 node-D4 clusterfilesystem fdmn.full 1114553373 1 ServerFileSystem: ServerFileSystem domain root22_local is full
2568742 node-D4 clusterfilesystem clusterfilesystem.not_served 1074120046 1 ClusterFileSystem: ServerFileSystem domain root3_domain is no longer served by node node-128
2589995 node-D0 clusterfilesystem clusterfilesystem.not_served 1074257629 1 ClusterFileSystem: ServerFileSystem domain root12_domain is no longer served by node node-11
160172 node-D2 clusterfilesystem clusterfilesystem.not_served 1077875490 1 ClusterFileSystem: ServerFileSystem domain root14_local is no longer served by node node-77
305331 node-D5 clusterfilesystem clusterfilesystem.not_served 1082036035 1 ClusterFileSystem: ServerFileSystem domain root8_domain is no longer served by node node-167
218198 node-D0 clusterfilesystem clusterfilesystem.not_served 1117056658 1 ClusterFileSystem: ServerFileSystem domain sc_cluster_backup is no longer served by node node-0
2274013 full partition status 1060340885 -1 running
2561161 full partition status 1073359530 1 blocked
2579951 node-170 node status 1074216940 1 running
2596202 node-216 node status 1074289110 1 configured out
2596033 node-131 node status 1074288991 1 not responding
2602004 node-195 node status 1074299123 1 running
47913 node-163 node status 1076619203 1 running
57489 node-27 node status 1076864329 1 not responding
135341 node-225 node status 1077805320 1 not responding
182817 node-143 node status 1077901590 1 configured out
212764 node-120 node status 1078465560 1 configured out
199720 node-178 node status 1078118432 1 configured out
263068 node-173 node status 1079245564 1 running
261582 node-161 node status 1079216417 1 running
260078 node-11 node status 1079127017 1 not responding
244332 node-34 node status 1079047060 1 not responding
232876 node-144 node status 1079011232 1 configured out
273131 node-253 node status 1079615432 0 configured out
277540 node-119 node status 1079618410 0 running
296384 node-77 node status 1081571037 1 not responding
323276 node-189 node status 1083197700 1 not responding
339296 node-125 node status 1083307405 0 configured out
366113 node-67 node status 1085078720 1 running
368987 node-95 node status 1085567825 1 configured out
371847 node-49 node status 1085921312 1 configured out
392653 node-51 node status 1088023733 1 running
399176 node-54 node status 1089893717 1 not responding
416005 full partition status 1092949734 1 running
421349 node-18 node status 1094571950 1 running
425071 node-174 node status 1095341277 1 active
442459 node-42 node status 1098366960 1 not responding
360067 node-96 node status 1085056650 -1 configured out
24011 node-77 node status 1100788549 1 running
32980 node-26 node status 1102476182 1 running
84322 full partition status 1109007900 1 blocked
117564 node-52 node status 1111074926 1 running
126627 node-160 node status 1111828200 1 not responding
139086 node-228 node status 1112051942 1 configured out
216915 node-113 node status 1116619994 1 running
284693 node-184 node status 1120680817 1 configured out
46680 node-126 node status 1126168979 1 running
56327 node-175 node status 1126814970 0 running
116947 node-202 node status 1128899526 1 running
205176 node-15 node status 1131532770 1 not responding
46105 full partition status 1126164412 -1 running
309872 full partition status 1135802130 1 blocked
372004 node-90 node status 1141671840 0 configured out
414885 node-225 node status 1142872170 1 configured out
463680 node-160 node status 1145554526 0 running
2554674 gige7 gige temperature 1072671675 1 normal
2561239 gige4 gige temperature 1073375350 1 critical
2613815 gige5 gige temperature 1074625028 1 normal
31923 gige4 gige temperature 1076386562 1 critical
77270 node-166 node temperature 1077215565 1 ambient=31
86744 gige7 gige temperature 1077371471 1 warning
87693 gige4 gige temperature 1077462433 1 warning
217370 node-54 node temperature 1078468284 1 ambient=31
261378 gige7 gige temperature 1079210977 1 warning
284101 gige7 gige temperature 1080110219 1 warning
295528 gige7 gige temperature 1081463375 1 normal
316541 gige7 gige temperature 1082824335 1 warning
340621 gige7 gige temperature 1083424951 1 warning
341358 gige7 gige temperature 1083688955 1 warning
350134 node-109 node temperature 1084621410 1 ambient=30
345974 gige6 gige temperature 1084380782 1 warning
383080 node-239 node temperature 1086491940 1 ambient=34
380233 gige7 gige temperature 1086096701 1 normal
385089 gige3 gige temperature 1086882060 1 normal
386775 gige7 gige temperature 1087499233 1 warning
391811 gige7 gige temperature 1087867648 1 normal
395216 gige5 gige temperature 1088965285 1 warning
408669 gige6 gige temperature 1090924449 1 warning
415585 gige7 gige temperature 1092794408 1 normal
417284 gige7 gige temperature 1093529428 1 warning
429727 node-153 node temperature 1095347103 1 ambient=30
435259 gige7 gige temperature 1096137336 1 normal
436643 gige6 gige temperature 1096581363 1 normal
439070 gige7 gige temperature 1097642792 1 warning
451528 gige7 gige temperature 1098821990 1 warning
455027 node-93 node temperature 1099354051 1 ambient=33
24877 node-255 node temperature 1100880930 1 ambient=33
26135 node-43 node temperature 1101154260 1 ambient=33
33709 node-255 node temperature 1102628970 1 ambient=33
31352 node-235 node temperature 1102353540 1 ambient=26
36752 gige6 gige temperature 1103575367 1 warning
37715 node-187 node temperature 1103815680 1 ambient=34
39391 gige7 gige temperature 1104545871 1 warning
41132 gige7 gige temperature 1104916076 1 warning
40705 node-169 node temperature 1104854462 1 ambient=30
42511 gige7 gige temperature 1105117680 1 warning
44539 gige6 gige temperature 1105655293 1 warning
50839 gige6 gige temperature 1106288603 1 normal
51902 gige7 gige temperature 1106700511 1 warning
53651 gige6 gige temperature 1107180771 1 normal
85087 gige7 gige temperature 1109195000 1 warning
92111 node-241 node temperature 1109806620 1 ambient=28
102726 gige4 gige temperature 1110708631 1 warning
97286 gige1 gige temperature 1110144671 1 normal
111952 node-97 node temperature 1111072025 1 ambient=35
125532 gige5 gige temperature 1111613118 1 warning
139872 node-93 node temperature 1112115481 1 ambient=33
147280 node-238 node temperature 1112688811 1 ambient=30
155613 gige4 gige temperature 1113543556 1 warning
153488 gige6 gige temperature 1113144874 1 normal
179410 gige4 gige temperature 1114762773 1 normal
185020 gige4 gige temperature 1115247878 1 warning
207240 node-189 node temperature 1116538205 1 ambient=33
217083 gige7 gige temperature 1116640501 1 warning
217344 gige6 gige temperature 1116771007 1 normal
240782 gige6 gige temperature 1118295037 1 normal
272910 gige3 gige temperature 1119744967 1 warning
277575 gige7 gige temperature 1120164132 1 warning
285669 node-120 node temperature 1120882920 1 ambient=28
290254 gige7 gige temperature 1121400147 1 critical
307487 gige4 gige temperature 1122195175 1 warning
313169 node-176 node temperature 1122334380 1 ambient=35
322105 gige4 gige temperature 1123054982 1 normal
557 node-158 node temperature 1123708507 1 ambient=30
26607 gige7 gige temperature 1124991417 1 warning
35410 gige7 gige temperature 1125678723 1 normal
47196 gige7 gige temperature 1126281735 1 normal
47351 gige3 gige temperature 1126332995 1 normal
74503 node-165 node temperature 1127509530 1 ambient=30
91307 gige3 gige temperature 1128140438 1 warning
90256 node-227 node temperature 1128036930 1 ambient=25
87888 gige3 gige temperature 1127731836 1 warning
107885 node-139 node temperature 1128717151 1 ambient=30
105589 node-231 node temperature 1128355020 1 ambient=29
124392 node-227 node temperature 1129414680 1 ambient=25
119973 node-105 node temperature 1129243651 1 ambient=30
117530 node-104 node temperature 1128922170 1 ambient=30
160223 node-113 node temperature 1130569170 1 ambient=27
154670 node-243 node temperature 1130177820 1 ambient=29
173985 node-130 node temperature 1131220932 1 ambient=29
167091 node-227 node temperature 1130833170 1 ambient=28
204253 gige5 gige temperature 1131439295 1 normal
243555 gige3 gige temperature 1132547419 1 warning
303686 gige3 gige temperature 1135185449 1 normal
312131 node-97 node temperature 1136206230 1 ambient=33
315071 node-175 node temperature 1138046940 1 ambient=29
334522 node-239 node temperature 1140174390 1 ambient=26
333067 gige7 gige temperature 1140124268 1 critical
349339 node-235 node temperature 1140676800 1 ambient=27
360990 gige6 gige temperature 1141136483 1 normal
379970 node-63 node temperature 1141834980 1 ambient=33
387363 gige7 gige temperature 1142103247 1 critical
415931 node-84 node temperature 1143096421 1 ambient=33
428555 node-220 node temperature 1143724650 1 ambient=28
425504 gige7 gige temperature 1143447307 1 critical
445396 gige6 gige temperature 1144416803 1 normal
451175 gige7 gige temperature 1144867107 1 warning
462282 node-94 node temperature 1145552738 1 ambient=34
2558132 Interconnect-1N01 switch_module error 1073080543 1 Link ok
2553727 Interconnect-1N03 switch_module error 1072642564 1 Link in reset
2561694 Interconnect-1N01 switch_module error 1073459190 1 Link in reset
2569061 Interconnect-0N03 switch_module error 1074120426 1 Linkerror event interval expired
2572925 Interconnect-1N02 switch_module error 1074129669 1 Linkerror event interval expired
2575083 Interconnect-1N01 switch_module error 1074161541 1 Linkerror event interval expired
2577675 Interconnect-1N02 switch_module error 1074187413 1 Linkerror event interval expired
2581234 Interconnect-1N03 switch_module error 1074217317 1 Linkerror event interval expired
2585028 Interconnect-1N02 switch_module error 1074233208 1 Linkerror event interval expired
2586186 Interconnect-1N03 switch_module error 1074236525 1 Linkerror event interval expired
2594227 Interconnect-1N01 switch_module error 1074272896 1 Linkerror event interval expired
2599314 Interconnect-1N01 switch_module error 1074297487 1 Linkerror event interval expired
2614352 Interconnect-1N01 switch_module error 1074709464 1 Linkerror event interval expired
2597811 Interconnect-1N02 switch_module error 1074290555 1 Linkerror event interval expired
2598907 Interconnect-0N00 switch_module error 1074296653 1 Linkerror event interval expired
28360 Interconnect-1N00 switch_module error 1076182055 1 Linkerror event interval expired
40208 Interconnect-1N03 switch_module error 1076538599 1 Linkerror event interval expired
32304 Interconnect-0N03 switch_module error 1076399082 1 Linkerror event interval expired
54489 Interconnect-1N01 switch_module error 1076819370 1 Linkerror event interval expired
74930 Interconnect-0N01 switch_module error 1077172601 1 Linkerror event interval expired
70211 Interconnect-0N03 switch_module error 1077061058 1 Linkerror event interval expired
86690 Interconnect-1T02 switch_module error 1077364380 1 Linkerror event interval expired
102642 Interconnect-0N02 switch_module error 1077735930 1 Linkerror event interval expired
100398 Interconnect-1N02 switch_module error 1077691525 1 Linkerror event interval expired
92934 Interconnect-1N03 switch_module error 1077644940 1 Linkerror event interval expired
89037 Interconnect-1N01 switch_module error 1077578416 1 Linkerror event interval expired
138177 Interconnect-0N00 switch_module error 1077809967 1 Linkerror event interval expired
141819 Interconnect-0N00 switch_module error 1077815564 1 Linkerror event interval expired
157160 Interconnect-1N03 switch_module error 1077867221 1 Linkerror event interval expired
162291 Interconnect-1N02 switch_module error 1077877544 1 Linkerror event interval expired
174925 Interconnect-0N03 switch_module error 1077893261 1 Linkerror event interval expired
185325 Interconnect-1N03 switch_module error 1077902873 1 Linkerror event interval expired
222409 Interconnect-1N03 switch_module error 1078490573 1 Linkerror event interval expired
213969 Interconnect-1N00 switch_module error 1078466455 1 Linkerror event interval expired
203519 Interconnect-1N01 switch_module error 1078221896 1 Linkerror event interval expired
199360 Interconnect-1N01 switch_module error 1078080253 1 Linkerror event interval expired
256643 Interconnect-0N03 switch_module error 1079070099 1 Linkerror event interval expired
243953 Interconnect-1N03 switch_module error 1079046909 1 Linkerror event interval expired
236991 Interconnect-0N02 switch_module error 1079015266 1 Linkerror event interval expired
228733 Interconnect-1T02 switch_module error 1078905214 1 Linkerror event interval expired
227111 Interconnect-1T01 switch_module error 1078780795 1 Linkerror event interval expired
275552 Interconnect-1N00 switch_module error 1079616871 1 Linkerror event interval expired
282174 Interconnect-1N01 switch_module error 1079945592 1 Linkerror event interval expired
289347 Interconnect-1N01 switch_module error 1080807214 1 Linkerror event interval expired
288224 Interconnect-1N01 switch_module error 1080649743 1 Linkerror event interval expired
297179 Interconnect-1N01 switch_module error 1081658335 1 Linkerror event interval expired
293029 Interconnect-1N01 switch_module error 1081284631 1 Linkerror event interval expired
306105 Interconnect-1N03 switch_module error 1082037229 1 Linkerror event interval expired
303819 Interconnect-1T03 switch_module error 1082033397 1 Linkerror event interval expired
301917 Interconnect-0N00 switch_module error 1081998320 1 Linkerror event interval expired
297409 Interconnect-1N01 switch_module error 1081692713 1 Linkerror event interval expired
326728 Interconnect-1N00 switch_module error 1083202526 1 Linkerror event interval expired
322273 Interconnect-1N00 switch_module error 1083197259 1 Linkerror event interval expired
362262 Interconnect-1N02 switch_module error 1085071576 1 Linkerror event interval expired
384532 Interconnect-1N01 switch_module error 1086776710 1 Linkerror event interval expired
399137 Interconnect-0N00 switch_module error 1089893708 1 Linkerror event interval expired
416218 Interconnect-1T01 switch_module error 1093072443 1 Linkerror event interval expired
421555 Interconnect-1N00 switch_module error 1094587409 1 Linkerror event interval expired
114402 Interconnect-1N00 switch_module error 1111072635 1 Linkerror event interval expired
126458 Interconnect-0N03 switch_module error 1111805418 1 Linkerror event interval expired
66621 Interconnect-1T01 switch_module error 1127018764 1 link errors remain current
106636 Interconnect-1N01 switch_module error 1128546820 1 link errors remain current
163678 Interconnect-1T01 switch_module error 1130673545 1 link errors remain current
203897 Interconnect-0N01 switch_module error 1131386680 1 link errors remain current
244496 Interconnect-1T01 switch_module error 1133000231 1 link errors remain current
307604 Interconnect-1T01 switch_module error 1135453027 1 link errors remain current
327915 Interconnect-0N02 switch_module error 1140099136 1 link errors remain current
414569 Interconnect-1N02 switch_module error 1142843014 1 link errors remain current
2576312 node-24 unix.hw net.niff.up 1074178812 1 NIFF: node node-24 has detected an available network connection on network 10.128.0.0 via interface ee0
2612551 node-73 unix.hw net.niff.up 1074535576 1 NIFF: node node-73 has detected an available network connection on network 5.5.226.0 via interface alt0
61810 node-155 unix.hw net.niff.up 1076866090 1 NIFF: node node-155 has detected an available network connection on network 10.128.0.0 via interface ee0
144893 node-139 unix.hw net.niff.up 1077817112 1 NIFF: node node-139 has detected an available network connection on network 10.128.0.0 via interface ee0
186232 node-244 unix.hw net.niff.up 1077903095 1 NIFF: node node-244 has detected an available network connection on network 10.128.0.0 via interface ee0
299686 node-188 unix.hw net.niff.up 1081818666 1 NIFF: node node-188 has detected an available network connection on network 10.128.0.0 via interface ee0
363108 node-104 unix.hw net.niff.up 1085071904 1 NIFF: node node-104 has detected an available network connection on network 5.5.224.0 via interface alt0
437276 node-7 unix.hw net.niff.up 1096995297 1 NIFF: node node-7 has detected an available network connection on network 5.5.224.0 via interface alt0
72710 node-29 unix.hw net.niff.up 1108648186 1 NIFF: node node-29 has detected an available network connection on network 10.128.0.0 via interface ee0
167108 node-91 unix.hw net.niff.up 1114096578 1 NIFF: node node-91 has detected an available network connection on network 5.5.224.0 via interface alt0
225060 node-69 unix.hw net.niff.up 1117295720 1 NIFF: node node-69 has detected an available network connection on network 10.128.0.0 via interface ee0
254193 node-221 unix.hw net.niff.up 1118929750 1 NIFF: node node-221 has detected an available network connection on network 5.5.224.0 via interface alt0
193772 node-176 unix.hw net.niff.up 1131242001 1 NIFF: node node-176 has detected an available network connection on network 10.128.0.0 via interface ee0
