[10.30 16:49:07] chrome.exe - proxy.cse.cuhk.edu.hk:5070 open through proxy proxy.cse.cuhk.edu.hk:5070 HTTPS
[10.30 16:49:08] chrome.exe - proxy.cse.cuhk.edu.hk:5070 close, 1190 bytes (1.16 KB) sent, 1671 bytes (1.63 KB) received, lifetime 00:02
[10.30 16:49:09] chrome.exe - proxy.cse.cuhk.edu.hk:5070 close, 1165 bytes (1.13 KB) sent, 783 bytes received, lifetime <1 sec
[10.30 16:49:09] chrome.exe - proxy.cse.cuhk.edu.hk:5070 close, 19904 bytes (19.4 KB) sent, 27629 bytes (26.9 KB) received, lifetime 02:19
[10.30 16:49:10] chrome.exe - proxy.cse.cuhk.edu.hk:5070 close, 428 bytes sent, 5365 bytes (5.23 KB) received, lifetime <1 sec
[10.30 16:49:11] chrome.exe - proxy.cse.cuhk.edu.hk:5070 open through proxy proxy.cse.cuhk.edu.hk:5070 HTTPS
[10.30 16:49:11] chrome.exe - proxy.cse.cuhk.edu.hk:5070 open through proxy proxy.cse.cuhk.edu.hk:5070 HTTPS
[10.30 16:49:12] chrome.exe - proxy.cse.cuhk.edu.hk:5070 open through proxy proxy.cse.cuhk.edu.hk:5070 HTTPS
[10.30 16:49:28] chrome.exe - proxy.cse.cuhk.edu.hk:5070 open through proxy proxy.cse.cuhk.edu.hk:5070 HTTPS
[10.30 16:49:28] chrome.exe - proxy.cse.cuhk.edu.hk:5070 close, 483 bytes sent, 342 bytes received, lifetime <1 sec
[10.30 16:49:28] chrome.exe - proxy.cse.cuhk.edu.hk:5070 close, 3425 bytes (3.34 KB) sent, 212164 bytes (207 KB) received, lifetime 00:18
[10.30 16:49:28] chrome.exe - proxy.cse.cuhk.edu.hk:5070 close, 934 bytes sent, 5869 bytes (5.73 KB) received, lifetime <1 sec
[10.30 16:49:29] chrome.exe - proxy.cse.cuhk.edu.hk:5070 open through proxy proxy.cse.cuhk.edu.hk:5070 HTTPS
[10.30 16:49:29] chrome.exe - proxy.cse.cuhk.edu.hk:5070 close, 0 bytes sent, 0 bytes received, lifetime <1 sec
[10.30 16:49:30] chrome.exe - proxy.cse.cuhk.edu.hk:5070 close, 4512 bytes (4.40 KB) sent, 82166 bytes (80.2 KB) received, lifetime 00:01
[10.30 16:49:31] chrome.exe - proxy.cse.cuhk.edu.hk:5070 close, 0 bytes sent, 0 bytes received, lifetime 00:02
[10.30 16:49:35] chrome.exe - proxy.cse.cuhk.edu.hk:5070 close, 0 bytes sent, 0 bytes received, lifetime 00:04
[10.30 16:49:53] chrome.exe - proxy.cse.cuhk.edu.hk:5070 open through proxy proxy.cse.cuhk.edu.hk:5070 HTTPS
[10.30 16:49:53] chrome.exe - proxy.cse.cuhk.edu.hk:5070 close, 1133 bytes (1.10 KB) sent, 3274 bytes (3.19 KB) received, lifetime 00:01
[10.30 16:49:55] chrome.exe - proxy.cse.cuhk.edu.hk:5070 open through proxy proxy.cse.cuhk.edu.hk:5070 HTTPS
[10.30 16:49:56] chrome.exe - proxy.cse.cuhk.edu.hk:5070 open through proxy proxy.cse.cuhk.edu.hk:5070 HTTPS
[10.30 16:51:56] svchost.exe *64 - proxy.cse.cuhk.edu.hk:5070 close, 303 bytes sent, 275 bytes received, lifetime <1 sec
[10.30 16:53:23] chrome.exe - proxy.cse.cuhk.edu.hk:5070 close, 1180 bytes (1.15 KB) sent, 337 bytes received, lifetime <1 sec
[10.30 16:53:24] chrome.exe - proxy.cse.cuhk.edu.hk:5070 open through proxy proxy.cse.cuhk.edu.hk:5070 HTTPS
[10.30 16:53:24] chrome.exe - proxy.cse.cuhk.edu.hk:5070 open through proxy proxy.cse.cuhk.edu.hk:5070 HTTPS
[10.30 16:53:27] chrome.exe - proxy.cse.cuhk.edu.hk:5070 open through proxy proxy.cse.cuhk.edu.hk:5070 HTTPS
[10.30 16:54:07] chrome.exe - proxy.cse.cuhk.edu.hk:5070 open through proxy proxy.cse.cuhk.edu.hk:5070 HTTPS
[10.30 16:54:07] chrome.exe - proxy.cse.cuhk.edu.hk:5070 open through proxy proxy.cse.cuhk.edu.hk:5070 HTTPS
[10.30 16:54:07] chrome.exe - proxy.cse.cuhk.edu.hk:5070 close, 1292 bytes (1.26 KB) sent, 1490 bytes (1.45 KB) received, lifetime <1 sec
[10.30 16:54:08] chrome.exe - proxy.cse.cuhk.edu.hk:5070 open through proxy proxy.cse.cuhk.edu.hk:5070 HTTPS
[10.30 16:54:17] chrome.exe - proxy.cse.cuhk.edu.hk:5070 open through proxy proxy.cse.cuhk.edu.hk:5070 HTTPS
[10.30 17:02:09] WeChat.exe - proxy.cse.cuhk.edu.hk:5070 close, 451 bytes sent, 353 bytes received, lifetime <1 sec
[10.30 17:07:58] chrome.exe - proxy.cse.cuhk.edu.hk:5070 open through proxy proxy.cse.cuhk.edu.hk:5070 HTTPS
[10.30 17:09:40] chrome.exe - proxy.cse.cuhk.edu.hk:5070 open through proxy proxy.cse.cuhk.edu.hk:5070 HTTPS
[10.30 17:10:50] chrome.exe - proxy.cse.cuhk.edu.hk:5070 close, 2933 bytes (2.86 KB) sent, 11721005 bytes (11.1 MB) received, lifetime 02:48
[10.30 17:15:10] QQ.exe - tcpconn.tencent.com:80 close, 133 bytes sent, 0 bytes received, lifetime <1 sec
[10.30 17:17:17] SogouCloud.exe - get.sogou.com:80 close, 651 bytes sent, 346 bytes received, lifetime <1 sec
[10.30 17:19:30] Wiz.exe - proxy.cse.cuhk.edu.hk:5070 close, 2636 bytes (2.57 KB) sent, 2279 bytes (2.22 KB) received, lifetime 01:05
[10.30 17:20:28] chrome.exe - proxy.cse.cuhk.edu.hk:5070 close, 1396 bytes (1.36 KB) sent, 5669 bytes (5.53 KB) received, lifetime 00:05
[10.30 17:25:09] YodaoDict.exe - proxy.cse.cuhk.edu.hk:5070 open through proxy proxy.cse.cuhk.edu.hk:5070 HTTPS
[10.30 17:35:13] chrome.exe - proxy.cse.cuhk.edu.hk:5070 close, 519 bytes sent, 313 bytes received, lifetime 00:01
[10.30 17:35:59] chrome.exe - proxy.cse.cuhk.edu.hk:5070 open through proxy proxy.cse.cuhk.edu.hk:5070 HTTPS
[10.30 17:36:01] chrome.exe - proxy.cse.cuhk.edu.hk:5070 open through proxy proxy.cse.cuhk.edu.hk:5070 HTTPS
[10.30 17:36:13] chrome.exe - proxy.cse.cuhk.edu.hk:5070 close, 1060 bytes (1.03 KB) sent, 358 bytes received, lifetime 00:11
[10.30 17:37:21] chrome.exe - proxy.cse.cuhk.edu.hk:5070 close, 1457 bytes (1.42 KB) sent, 5146 bytes (5.02 KB) received, lifetime 00:10
[10.30 17:37:50] chrome.exe - proxy.cse.cuhk.edu.hk:5070 open through proxy proxy.cse.cuhk.edu.hk:5070 HTTPS
[10.30 17:37:55] chrome.exe - proxy.cse.cuhk.edu.hk:5070 close, 0 bytes sent, 0 bytes received, lifetime <1 sec
[10.30 17:38:13] chrome.exe - proxy.cse.cuhk.edu.hk:5070 close, 793 bytes sent, 180 bytes received, lifetime 00:20
[10.30 17:39:15] chrome.exe - proxy.cse.cuhk.edu.hk:5070 open through proxy proxy.cse.cuhk.edu.hk:5070 HTTPS
[10.30 17:40:03] chrome.exe - proxy.cse.cuhk.edu.hk:5070 close, 5065 bytes (4.94 KB) sent, 2368 bytes (2.31 KB) received, lifetime 00:48
[10.30 17:40:05] chrome.exe - proxy.cse.cuhk.edu.hk:5070 open through proxy proxy.cse.cuhk.edu.hk:5070 HTTPS
[10.30 17:40:07] chrome.exe - proxy.cse.cuhk.edu.hk:5070 open through proxy proxy.cse.cuhk.edu.hk:5070 HTTPS
[10.30 17:40:21] chrome.exe - proxy.cse.cuhk.edu.hk:5070 open through proxy proxy.cse.cuhk.edu.hk:5070 HTTPS
[10.30 17:42:54] chrome.exe - proxy.cse.cuhk.edu.hk:5070 open through proxy proxy.cse.cuhk.edu.hk:5070 HTTPS
[10.30 17:46:23] QQ.exe - tcpconn.tencent.com:80 open through proxy proxy.cse.cuhk.edu.hk:5070 HTTPS
[10.30 17:46:44] QQ.exe - tcpconn6.tencent.com:443 open through proxy proxy.cse.cuhk.edu.hk:5070 HTTPS
[10.30 17:48:03] chrome.exe - proxy.cse.cuhk.edu.hk:5070 open through proxy proxy.cse.cuhk.edu.hk:5070 HTTPS
[10.30 17:52:06] YodaoDict.exe - proxy.cse.cuhk.edu.hk:5070 open through proxy proxy.cse.cuhk.edu.hk:5070 HTTPS
[10.30 17:52:25] YodaoDict.exe - proxy.cse.cuhk.edu.hk:5070 open through proxy proxy.cse.cuhk.edu.hk:5070 HTTPS
[10.30 17:54:00] Wiz.exe - proxy.cse.cuhk.edu.hk:5070 open through proxy proxy.cse.cuhk.edu.hk:5070 HTTPS
[10.30 17:56:23] WeChat.exe - proxy.cse.cuhk.edu.hk:5070 close, 451 bytes sent, 353 bytes received, lifetime <1 sec
[10.30 17:59:13] firefox.exe - proxy.cse.cuhk.edu.hk:5070 open through proxy proxy.cse.cuhk.edu.hk:5070 HTTPS
[10.30 18:00:10] firefox.exe - proxy.cse.cuhk.edu.hk:5070 close, 950 bytes sent, 3559 bytes (3.47 KB) received, lifetime 01:01
[10.30 18:00:24] GitHub.exe - proxy.cse.cuhk.edu.hk:5070 open through proxy proxy.cse.cuhk.edu.hk:5070 HTTPS
[10.30 18:01:34] Skype.exe - proxy.cse.cuhk.edu.hk:5070 open through proxy proxy.cse.cuhk.edu.hk:5070 HTTPS
[10.30 18:02:25] YodaoDict.exe - oimagec7.ydstatic.com:80 open through proxy proxy.cse.cuhk.edu.hk:5070 HTTPS
[10.30 18:03:17] Skype.exe - proxy.cse.cuhk.edu.hk:5070 open through proxy proxy.cse.cuhk.edu.hk:5070 HTTPS
[10.30 18:03:43] Skype.exe - 91.190.216.212:443 close, 5 bytes sent, 5 bytes received, lifetime 00:04
[10.30 18:05:44] firefox.exe - proxy.cse.cuhk.edu.hk:5070 close, 983 bytes sent, 308385 bytes (301 KB) received, lifetime 01:57
[10.30 18:07:36] chrome.exe - proxy.cse.cuhk.edu.hk:5070 open through proxy proxy.cse.cuhk.edu.hk:5070 HTTPS
[10.30 18:08:15] chrome.exe - proxy.cse.cuhk.edu.hk:5070 close, 1312 bytes (1.28 KB) sent, 2783 bytes (2.71 KB) received, lifetime 00:01
[10.30 18:10:30] chrome.exe - proxy.cse.cuhk.edu.hk:5070 open through proxy proxy.cse.cuhk.edu.hk:5070 HTTPS
[10.30 20:39:41] chrome.exe - proxy.cse.cuhk.edu.hk:5070 open through proxy proxy.cse.cuhk.edu.hk:5070 HTTPS
[10.30 20:39:43] chrome.exe - proxy.cse.cuhk.edu.hk:5070 open through proxy proxy.cse.cuhk.edu.hk:5070 HTTPS
[10.30 20:39:45] chrome.exe - proxy.cse.cuhk.edu.hk:5070 close, 576 bytes sent, 649 bytes received, lifetime 00:01
[10.30 20:40:03] chrome.exe - proxy.cse.cuhk.edu.hk:5070 open through proxy proxy.cse.cuhk.edu.hk:5070 HTTPS
[10.30 20:40:05] chrome.exe - proxy.cse.cuhk.edu.hk:5070 close, 780 bytes sent, 1401 bytes (1.36 KB) received, lifetime <1 sec
[10.30 20:40:08] chrome.exe - proxy.cse.cuhk.edu.hk:5070 close, 675 bytes sent, 7178 bytes (7.00 KB) received, lifetime <1 sec
[10.30 20:40:14] chrome.exe - proxy.cse.cuhk.edu.hk:5070 close, 534 bytes sent, 388 bytes received, lifetime 00:05
[10.30 20:40:31] chrome.exe - proxy.cse.cuhk.edu.hk:5070 close, 0 bytes sent, 0 bytes received, lifetime 00:14
[10.30 20:42:33] YodaoDict.exe - oimagea5.ydstatic.com:80 error : A connection request was canceled before the completion. 
[10.30 20:42:41] chrome.exe - proxy.cse.cuhk.edu.hk:5070 open through proxy proxy.cse.cuhk.edu.hk:5070 HTTPS
[10.30 20:42:42] chrome.exe - proxy.cse.cuhk.edu.hk:5070 open through proxy proxy.cse.cuhk.edu.hk:5070 HTTPS
[10.30 20:42:47] chrome.exe - proxy.cse.cuhk.edu.hk:5070 close, 555 bytes sent, 400 bytes received, lifetime 00:04
[10.30 20:42:50] chrome.exe - proxy.cse.cuhk.edu.hk:5070 open through proxy proxy.cse.cuhk.edu.hk:5070 HTTPS
[10.30 20:43:45] chrome.exe - proxy.cse.cuhk.edu.hk:5070 close, 3254 bytes (3.17 KB) sent, 5295 bytes (5.17 KB) received, lifetime 00:04
[10.30 20:43:46] chrome.exe - proxy.cse.cuhk.edu.hk:5070 open through proxy proxy.cse.cuhk.edu.hk:5070 HTTPS
[10.30 20:43:46] chrome.exe - proxy.cse.cuhk.edu.hk:5070 close, 0 bytes sent, 0 bytes received, lifetime <1 sec
[10.30 20:43:49] chrome.exe - proxy.cse.cuhk.edu.hk:5070 close, 0 bytes sent, 0 bytes received, lifetime 00:02
[10.30 20:44:42] chrome.exe - proxy.cse.cuhk.edu.hk:5070 close, 0 bytes sent, 0 bytes received, lifetime <1 sec
[10.30 20:44:49] chrome.exe - proxy.cse.cuhk.edu.hk:5070 open through proxy proxy.cse.cuhk.edu.hk:5070 HTTPS
[10.30 20:44:52] chrome.exe - proxy.cse.cuhk.edu.hk:5070 open through proxy proxy.cse.cuhk.edu.hk:5070 HTTPS
[10.30 20:44:54] chrome.exe - proxy.cse.cuhk.edu.hk:5070 open through proxy proxy.cse.cuhk.edu.hk:5070 HTTPS
[10.30 20:44:55] chrome.exe - proxy.cse.cuhk.edu.hk:5070 close, 0 bytes sent, 0 bytes received, lifetime 00:01
[10.30 20:44:56] chrome.exe - proxy.cse.cuhk.edu.hk:5070 open through proxy proxy.cse.cuhk.edu.hk:5070 HTTPS
[10.30 20:45:02] chrome.exe - proxy.cse.cuhk.edu.hk:5070 close, 4272 bytes (4.17 KB) sent, 20283 bytes (19.8 KB) received, lifetime 00:20
[10.30 20:45:07] chrome.exe - proxy.cse.cuhk.edu.hk:5070 close, 0 bytes sent, 0 bytes received, lifetime <1 sec
[10.30 20:45:10] chrome.exe - proxy.cse.cuhk.edu.hk:5070 close, 939 bytes sent, 398 bytes received, lifetime <1 sec
[10.30 20:45:18] chrome.exe - proxy.cse.cuhk.edu.hk:5070 open through proxy proxy.cse.cuhk.edu.hk:5070 HTTPS
[10.30 20:45:21] chrome.exe - proxy.cse.cuhk.edu.hk:5070 close, 0 bytes sent, 0 bytes received, lifetime <1 sec
[10.30 20:45:24] chrome.exe - proxy.cse.cuhk.edu.hk:5070 close, 0 bytes sent, 0 bytes received, lifetime 00:03
[10.30 20:45:36] chrome.exe - proxy.cse.cuhk.edu.hk:5070 close, 1448 bytes (1.41 KB) sent, 1794 bytes (1.75 KB) received, lifetime <1 sec
[10.30 20:45:37] chrome.exe - proxy.cse.cuhk.edu.hk:5070 open through proxy proxy.cse.cuhk.edu.hk:5070 HTTPS
[10.30 20:45:57] chrome.exe - proxy.cse.cuhk.edu.hk:5070 open through proxy proxy.cse.cuhk.edu.hk:5070 HTTPS
[10.30 20:46:03] chrome.exe - proxy.cse.cuhk.edu.hk:5070 close, 2842 bytes (2.77 KB) sent, 282 bytes received, lifetime 00:01
[10.30 20:46:17] chrome.exe - proxy.cse.cuhk.edu.hk:5070 open through proxy proxy.cse.cuhk.edu.hk:5070 HTTPS
[10.30 20:46:21] chrome.exe - proxy.cse.cuhk.edu.hk:5070 close, 1359 bytes (1.32 KB) sent, 378 bytes received, lifetime <1 sec
[10.30 20:46:37] chrome.exe - proxy.cse.cuhk.edu.hk:5070 close, 0 bytes sent, 0 bytes received, lifetime 00:17
[10.30 20:46:50] chrome.exe - proxy.cse.cuhk.edu.hk:5070 open through proxy proxy.cse.cuhk.edu.hk:5070 HTTPS
[10.30 20:47:01] chrome.exe - proxy.cse.cuhk.edu.hk:5070 close, 4126 bytes (4.02 KB) sent, 43096 bytes (42.0 KB) received, lifetime 00:11
[10.30 20:47:27] chrome.exe - proxy.cse.cuhk.edu.hk:5070 open through proxy proxy.cse.cuhk.edu.hk:5070 HTTPS
[10.30 20:47:40] chrome.exe - proxy.cse.cuhk.edu.hk:5070 close, 3029 bytes (2.95 KB) sent, 65994 bytes (64.4 KB) received, lifetime 00:27
[10.30 20:47:45] chrome.exe - proxy.cse.cuhk.edu.hk:5070 close, 1376 bytes (1.34 KB) sent, 13653 bytes (13.3 KB) received, lifetime 00:05
[10.30 20:48:26] chrome.exe - proxy.cse.cuhk.edu.hk:5070 close, 1107 bytes (1.08 KB) sent, 406 bytes received, lifetime 00:01
[10.30 20:48:28] chrome.exe - proxy.cse.cuhk.edu.hk:5070 open through proxy proxy.cse.cuhk.edu.hk:5070 HTTPS
[10.30 20:48:33] chrome.exe - proxy.cse.cuhk.edu.hk:5070 close, 2844 bytes (2.77 KB) sent, 279 bytes received, lifetime <1 sec
[10.30 20:48:44] chrome.exe - proxy.cse.cuhk.edu.hk:5070 close, 0 bytes sent, 0 bytes received, lifetime 00:15
[10.30 20:48:47] chrome.exe - proxy.cse.cuhk.edu.hk:5070 close, 0 bytes sent, 0 bytes received, lifetime 00:01
[10.30 20:49:03] chrome.exe - proxy.cse.cuhk.edu.hk:5070 close, 4496 bytes (4.39 KB) sent, 648 bytes received, lifetime 00:18
[10.30 20:49:15] chrome.exe - proxy.cse.cuhk.edu.hk:5070 open through proxy proxy.cse.cuhk.edu.hk:5070 HTTPS
[10.30 20:51:34] chrome.exe - proxy.cse.cuhk.edu.hk:5070 close, 1576 bytes (1.53 KB) sent, 702 bytes received, lifetime 02:19
[10.30 20:53:18] chrome.exe - proxy.cse.cuhk.edu.hk:5070 open through proxy proxy.cse.cuhk.edu.hk:5070 HTTPS
[10.30 20:57:44] WeChat.exe - proxy.cse.cuhk.edu.hk:5070 open through proxy proxy.cse.cuhk.edu.hk:5070 HTTPS
[10.30 21:05:31] chrome.exe - proxy.cse.cuhk.edu.hk:5070 open through proxy proxy.cse.cuhk.edu.hk:5070 HTTPS
[10.30 21:05:39] chrome.exe - proxy.cse.cuhk.edu.hk:5070 close, 1065 bytes (1.04 KB) sent, 11966 bytes (11.6 KB) received, lifetime <1 sec
[10.30 21:05:40] chrome.exe - proxy.cse.cuhk.edu.hk:5070 close, 1054 bytes (1.02 KB) sent, 366 bytes received, lifetime <1 sec
[10.30 21:05:46] chrome.exe - proxy.cse.cuhk.edu.hk:5070 close, 1081 bytes (1.05 KB) sent, 401 bytes received, lifetime 00:01
[10.30 21:06:35] chrome.exe - proxy.cse.cuhk.edu.hk:5070 open through proxy proxy.cse.cuhk.edu.hk:5070 HTTPS
[10.30 21:07:18] chrome.exe - proxy.cse.cuhk.edu.hk:5070 open through proxy proxy.cse.cuhk.edu.hk:5070 HTTPS
[10.30 21:11:51] YodaoDict.exe - oimageb3.ydstatic.com:80 error : A connection request was canceled before the completion. 
[10.30 21:12:56] YodaoDict.exe - oimageb5.ydstatic.com:80 error : A connection request was canceled before the completion. 
[10.30 21:14:05] YodaoDict.exe - oimagec7.ydstatic.com:80 error : A connection request was canceled before the completion. 
[10.30 21:16:30] chrome.exe - proxy.cse.cuhk.edu.hk:5070 close, 7685 bytes (7.50 KB) sent, 51839 bytes (50.6 KB) received, lifetime 09:54
[10.30 21:17:57] YodaoDict.exe - proxy.cse.cuhk.edu.hk:5070 open through proxy proxy.cse.cuhk.edu.hk:5070 HTTPS
[10.30 21:19:19] chrome.exe - proxy.cse.cuhk.edu.hk:5070 open through proxy proxy.cse.cuhk.edu.hk:5070 HTTPS
[10.30 21:19:22] chrome.exe - proxy.cse.cuhk.edu.hk:5070 open through proxy proxy.cse.cuhk.edu.hk:5070 HTTPS
[10.30 21:20:31] chrome.exe - proxy.cse.cuhk.edu.hk:5070 close, 1978 bytes (1.93 KB) sent, 29237 bytes (28.5 KB) received, lifetime 00:01
[10.30 21:21:33] chrome.exe - proxy.cse.cuhk.edu.hk:5070 open through proxy proxy.cse.cuhk.edu.hk:5070 HTTPS
[10.30 21:21:48] chrome.exe - proxy.cse.cuhk.edu.hk:5070 open through proxy proxy.cse.cuhk.edu.hk:5070 HTTPS
[07.26 13:30:45] chrome.exe *64 - ss.bdimg.com:80 close, 0 bytes sent, 0 bytes received, lifetime 00:11
[07.26 13:30:49] chrome.exe *64 - ubmcmm.baidustatic.com:80 open through proxy proxy.cse.cuhk.edu.hk:5070 HTTPS
[07.26 13:31:09] chrome.exe *64 - i9.baidu.com:80 close, 0 bytes sent, 0 bytes received, lifetime 00:27
[07.26 13:31:12] chrome.exe *64 - api.share.baidu.com:80 open through proxy proxy.cse.cuhk.edu.hk:5070 HTTPS
[07.26 13:36:11] chrome.exe *64 - d.agkn.com:443 open through proxy proxy.cse.cuhk.edu.hk:5070 HTTPS
[07.26 13:41:04] chrome.exe *64 - d.agkn.com:443 open through proxy proxy.cse.cuhk.edu.hk:5070 HTTPS
[07.26 13:44:29] chrome.exe *64 - static.doubleclick.net:443 open through proxy proxy.cse.cuhk.edu.hk:5070 HTTPS
[07.26 13:46:41] chrome.exe *64 - sclick.baidu.com:80 open through proxy proxy.cse.cuhk.edu.hk:5070 HTTPS
[07.26 13:46:52] chrome.exe *64 - ubmcmm.baidustatic.com:80 open through proxy proxy.cse.cuhk.edu.hk:5070 HTTPS
[07.26 13:47:12] chrome.exe *64 - f10.baidu.com:80 close, 6956 bytes (6.79 KB) sent, 101059 bytes (98.6 KB) received, lifetime 00:20
[07.26 13:47:37] chrome.exe *64 - video.5054399.com:80 open through proxy proxy.cse.cuhk.edu.hk:5070 HTTPS
[07.26 13:47:59] chrome.exe *64 - www.4399.com:80 close, 0 bytes sent, 0 bytes received, lifetime 00:21
[07.26 13:48:59] chrome.exe *64 - q7.cnzz.com:80 close, 0 bytes sent, 0 bytes received, lifetime 01:00
[07.26 14:03:57] chrome.exe *64 - notifications.google.com:443 close, 470 bytes sent, 4856 bytes (4.74 KB) received, lifetime 04:00
[07.26 14:05:28] SogouCloud.exe - get.sogou.com:80 open through proxy proxy.cse.cuhk.edu.hk:5070 HTTPS
[07.26 14:11:50] WeChat.exe - 203.205.129.102:8080 error : Could not connect through proxy proxy.cse.cuhk.edu.hk:5070 - Proxy server cannot establish a connection with the target, status code 403
[07.26 14:15:07] WeChat.exe - qbwup.imtt.qq.com:80 close, 494 bytes sent, 208 bytes received, lifetime 00:32
[07.26 14:23:31] Dropbox.exe - block-edge.dropbox.com:443 close, 861480 bytes (841 KB) sent, 5464 bytes (5.33 KB) received, lifetime 01:45
[07.26 14:25:58] chrome.exe *64 - ssl.gstatic.com:443 open through proxy proxy.cse.cuhk.edu.hk:5070 HTTPS
[07.26 14:30:32] chrome.exe *64 - t12.baidu.com:80 open through proxy proxy.cse.cuhk.edu.hk:5070 HTTPS
[07.26 14:30:43] chrome.exe *64 - s1.bdstatic.com:80 close, 0 bytes sent, 0 bytes received, lifetime 00:11
[07.26 14:31:10] chrome.exe *64 - comment.5054399.com:80 open through proxy proxy.cse.cuhk.edu.hk:5070 HTTPS
[07.26 14:31:31] chrome.exe *64 - ubmcmm.baidustatic.com:80 close, 0 bytes sent, 0 bytes received, lifetime 00:19
[07.26 14:43:52] chrome.exe *64 - mtalk.google.com:5228 error : Could not connect through proxy proxy.cse.cuhk.edu.hk:5070 - Proxy server cannot establish a connection with the target, status code 403
[07.26 14:45:38] chrome.exe *64 - t12.baidu.com:80 open through proxy proxy.cse.cuhk.edu.hk:5070 HTTPS
[07.26 14:45:41] chrome.exe *64 - www.baidu.com:80 close, 9987 bytes (9.75 KB) sent, 148343 bytes (144 KB) received, lifetime 00:03
[07.26 14:45:52] chrome.exe *64 - eclick.baidu.com:443 open through proxy proxy.cse.cuhk.edu.hk:5070 HTTPS
[07.26 14:51:22] chrome.exe *64 - s1.bdstatic.com:80 open through proxy proxy.cse.cuhk.edu.hk:5070 HTTPS
[07.26 14:51:31] chrome.exe *64 - sestat.baidu.com:80 open through proxy proxy.cse.cuhk.edu.hk:5070 HTTPS
[07.26 14:51:38] chrome.exe *64 - assets.changyan.sohu.com:80 open through proxy proxy.cse.cuhk.edu.hk:5070 HTTPS
[07.26 14:51:51] chrome.exe *64 - i7.baidu.com:80 close, 2813 bytes (2.74 KB) sent, 23975 bytes (23.4 KB) received, lifetime 00:26
[07.26 14:54:41] chrome.exe *64 - res.wx.qq.com:443 close, 1582 bytes (1.54 KB) sent, 40194 bytes (39.2 KB) received, lifetime 03:01
[07.26 15:04:20] chrome.exe *64 - long.open.weixin.qq.com:443 close, 1910 bytes (1.86 KB) sent, 276 bytes received, lifetime 00:27
[07.26 15:07:30] chrome.exe *64 - long.open.weixin.qq.com:443 close, 1985 bytes (1.93 KB) sent, 4832 bytes (4.71 KB) received, lifetime 00:02
[07.26 15:09:29] chrome.exe *64 - avatars3.githubusercontent.com:443 open through proxy proxy.cse.cuhk.edu.hk:5070 HTTPS
[07.26 15:11:31] chrome.exe *64 - api.github.com:443 close, 0 bytes sent, 0 bytes received, lifetime 02:02
[07.26 15:13:33] chrome.exe *64 - api.github.com:443 open through proxy proxy.cse.cuhk.edu.hk:5070 HTTPS
[07.26 15:17:34] chrome.exe *64 - www.google.com.hk:443 close, 24256 bytes (23.6 KB) sent, 434160 bytes (423 KB) received, lifetime 08:56
[07.26 15:21:06] chrome.exe *64 - lh6.googleusercontent.com:443 close, 471 bytes sent, 4693 bytes (4.58 KB) received, lifetime 00:13
[07.26 15:23:40] chrome.exe *64 - 3.client-channel.google.com:443 open through proxy proxy.cse.cuhk.edu.hk:5070 HTTPS
[07.26 15:24:55] chrome.exe *64 - apis.google.com:443 close, 2498 bytes (2.43 KB) sent, 5835 bytes (5.69 KB) received, lifetime 04:02
[07.26 15:25:29] chrome.exe *64 - pubads.g.doubleclick.net:443 close, 476 bytes sent, 4417 bytes (4.31 KB) received, lifetime 00:14
[07.26 15:26:14] chrome.exe *64 - api.github.com:443 open through proxy proxy.cse.cuhk.edu.hk:5070 HTTPS
[07.26 15:29:31] chrome.exe *64 - 12.client-channel.google.com:443 close, 474 bytes sent, 4042 bytes (3.94 KB) received, lifetime <1 sec
[07.26 15:30:02] chrome.exe *64 - tvax1.sinaimg.cn:80 open through proxy proxy.cse.cuhk.edu.hk:5070 HTTPS
[07.26 15:30:08] chrome.exe *64 - mu1.sinaimg.cn:80 open through proxy proxy.cse.cuhk.edu.hk:5070 HTTPS
[07.26 15:30:14] chrome.exe *64 - strip.alicdn.com:443 open through proxy proxy.cse.cuhk.edu.hk:5070 HTTPS
[07.26 15:30:40] chrome.exe *64 - m.simba.taobao.com:443 close, 0 bytes sent, 0 bytes received, lifetime 00:26
[07.26 15:32:55] chrome.exe *64 - www.weibo.com:80 open through proxy proxy.cse.cuhk.edu.hk:5070 HTTPS
[07.26 15:34:54] chrome.exe *64 - www.google.com:443 open through proxy proxy.cse.cuhk.edu.hk:5070 HTTPS
[07.26 15:35:43] chrome.exe *64 - github.com:443 close, 9626 bytes (9.40 KB) sent, 287127 bytes (280 KB) received, lifetime 00:34
[07.26 15:41:36] chrome.exe *64 - assets-cdn.github.com:443 close, 1227 bytes (1.19 KB) sent, 4890 bytes (4.77 KB) received, lifetime 06:19
[07.26 15:55:21] GitHub.exe - api.github.com:443 close, 797 bytes sent, 4814 bytes (4.70 KB) received, lifetime 00:11
[07.26 16:04:59] SogouCloud.exe - security.ie.sogou.com:80 close, 691 bytes sent, 184 bytes received, lifetime <1 sec
[07.26 16:11:46] YodaoDict.exe - dict.youdao.com:80 close, 447 bytes sent, 2122 bytes (2.07 KB) received, lifetime 10:01
[07.26 16:16:15] GitHub.exe - api.github.com:443 close, 781 bytes sent, 6147 bytes (6.00 KB) received, lifetime 00:11
[07.26 16:21:31] GitHub.exe - api.github.com:443 open through proxy proxy.cse.cuhk.edu.hk:5070 HTTPS
[07.26 16:27:18] chrome.exe *64 - www.google.com:443 open through proxy proxy.cse.cuhk.edu.hk:5070 HTTPS
[07.26 16:28:27] chrome.exe *64 - pixel.facebook.com:443 close, 1491 bytes (1.45 KB) sent, 5027 bytes (4.90 KB) received, lifetime 01:05
[07.26 16:34:31] chrome.exe *64 - github.com:443 close, 2774 bytes (2.70 KB) sent, 27608 bytes (26.9 KB) received, lifetime 00:12
[07.26 16:38:14] chrome.exe *64 - collector.githubapp.com:443 open through proxy proxy.cse.cuhk.edu.hk:5070 HTTPS
[07.26 16:43:23] chrome.exe *64 - collector.githubapp.com:443 open through proxy proxy.cse.cuhk.edu.hk:5070 HTTPS
[07.26 16:44:25] chrome.exe *64 - user-images.githubusercontent.com:443 close, 335 bytes sent, 4369 bytes (4.26 KB) received, lifetime 00:40
[07.26 16:54:40] WeChat.exe - qbwup.imtt.qq.com:80 open through proxy proxy.cse.cuhk.edu.hk:5070 HTTPS
[07.26 17:04:53] SogouCloud.exe - security.ie.sogou.com:80 close, 735 bytes sent, 184 bytes received, lifetime <1 sec
[07.26 17:05:22] GitHub.exe - avatars.githubusercontent.com:443 open through proxy proxy.cse.cuhk.edu.hk:5070 HTTPS
[07.26 17:09:41] WeChat.exe - qbwup.imtt.qq.com:80 open through proxy proxy.cse.cuhk.edu.hk:5070 HTTPS
[07.26 17:15:58] SGTool.exe - p3p.sogou.com:80 open through proxy proxy.cse.cuhk.edu.hk:5070 HTTPS
[07.26 17:18:10] chrome.exe *64 - ssl.gstatic.com:443 open through proxy proxy.cse.cuhk.edu.hk:5070 HTTPS
[07.26 17:22:05] chrome.exe *64 - clients6.google.com:443 close, 16089 bytes (15.7 KB) sent, 12420 bytes (12.1 KB) received, lifetime 20:10
[07.26 17:23:04] chrome.exe *64 - c.baidu.com:80 open through proxy proxy.cse.cuhk.edu.hk:5070 HTTPS
[07.26 17:23:51] WeChat.exe - 223.167.104.147:80 error : Could not connect to proxy proxy.cse.cuhk.edu.hk:5070 - Could not resolve proxy.cse.cuhk.edu.hk error 11001
[07.26 17:23:59] chrome.exe *64 - s1.bdstatic.com:80 error : Could not connect to proxy proxy.cse.cuhk.edu.hk:5070 - Could not resolve proxy.cse.cuhk.edu.hk error 11001
[07.26 17:24:02] chrome.exe *64 - wpad:80 error : Could not connect to proxy proxy.cse.cuhk.edu.hk:5070 - Could not resolve proxy.cse.cuhk.edu.hk error 11001
[07.26 17:28:12] chrome.exe *64 - www.google.com:443 close, 1747 bytes (1.70 KB) sent, 1218 bytes (1.18 KB) received, lifetime 04:00
[07.26 17:28:57] chrome.exe *64 - sclick.baidu.com:80 open through proxy proxy.cse.cuhk.edu.hk:5070 HTTPS
[07.26 17:29:21] HiSuiteDownLoader.exe - update.hicloud.com:8180 error : Could not connect through proxy proxy.cse.cuhk.edu.hk:5070 - Proxy server cannot establish a connection with the target, status code 403
[07.26 17:30:02] chrome.exe *64 - csdnimg.cn:80 error : A connection request was canceled before the completion. 
[07.26 17:30:21] chrome.exe *64 - dc.csdn.net:80 open through proxy proxy.cse.cuhk.edu.hk:5070 HTTPS
[07.26 17:30:35] chrome.exe *64 - beacon.tingyun.com:80 open through proxy proxy.cse.cuhk.edu.hk:5070 HTTPS
[07.26 17:32:20] chrome.exe *64 - c.csdnimg.cn:80 close, 1314 bytes (1.28 KB) sent, 27289 bytes (26.6 KB) received, lifetime 03:09
[07.26 17:40:22] chrome.exe *64 - www.gstatic.com:443 close, 461 bytes sent, 4784 bytes (4.67 KB) received, lifetime 00:12
[07.26 17:45:58] chrome.exe *64 - www.evernote.com:443 close, 7238 bytes (7.06 KB) sent, 12813 bytes (12.5 KB) received, lifetime 05:46
[07.26 17:50:46] chrome.exe *64 - ogs.google.com:443 close, 2476 bytes (2.41 KB) sent, 2643 bytes (2.58 KB) received, lifetime 04:28
[07.26 18:04:49] chrome.exe *64 - secure.quantserve.com:443 open through proxy proxy.cse.cuhk.edu.hk:5070 HTTPS
[07.26 18:05:22] chrome.exe *64 - f-log-extension.grammarly.io:443 close, 1363 bytes (1.33 KB) sent, 3549 bytes (3.46 KB) received, lifetime 00:33
[07.26 18:55:22] WeChat.exe - 101.226.211.46:8080 error : Could not connect to proxy proxy.cse.cuhk.edu.hk:5070 - Could not resolve proxy.cse.cuhk.edu.hk error 11001
[07.26 18:55:48] chrome.exe *64 - www.gstatic.com:443 close, 461 bytes sent, 4785 bytes (4.67 KB) received, lifetime 00:12
[07.26 18:57:03] chrome.exe *64 - odr.mookie1.com:443 open through proxy proxy.cse.cuhk.edu.hk:5070 HTTPS
[07.26 18:59:43] chrome.exe *64 - hangouts.google.com:443 close, 13281 bytes (12.9 KB) sent, 19539 bytes (19.0 KB) received, lifetime 04:17
[07.26 19:00:52] tencentdl.exe - puui.qpic.cn:80 open through proxy proxy.cse.cuhk.edu.hk:5070 HTTPS
[07.26 19:00:52] tencentdl.exe - fs-conn-doctor.qq.com:443 open through proxy proxy.cse.cuhk.edu.hk:5070 HTTPS
[07.26 19:00:53] tencentdl.exe - fs-conn-doctor.qq.com:443 close, 184 bytes sent, 134 bytes received, lifetime 00:01
[07.26 19:02:12] SogouCloud.exe - get.sogou.com:80 open through proxy proxy.cse.cuhk.edu.hk:5070 HTTPS
[07.26 19:14:16] chrome.exe *64 - safebrowsing.googleapis.com:443 close, 1571 bytes (1.53 KB) sent, 7822 bytes (7.63 KB) received, lifetime 04:00
[07.26 19:22:32] chrome.exe *64 - f-log-extension.grammarly.io:443 close, 0 bytes sent, 0 bytes received, lifetime 00:11
[07.26 19:46:22] Dropbox.exe - client-cf.dropbox.com:443 close, 1573 bytes (1.53 KB) sent, 16743 bytes (16.3 KB) received, lifetime 01:01
[07.26 20:05:18] WeChat.exe - short.weixin.qq.com:80 open through proxy proxy.cse.cuhk.edu.hk:5070 HTTPS
[07.26 20:25:16] WeChat.exe - 203.205.151.164:443 open through proxy proxy.cse.cuhk.edu.hk:5070 HTTPS
[07.26 21:20:56] chrome.exe *64 - www.googleapis.com:443 close, 1106 bytes (1.08 KB) sent, 1167 bytes (1.13 KB) received, lifetime 04:00
[07.26 21:29:51] chrome.exe *64 - ogs.google.com:443 close, 461 bytes sent, 4217 bytes (4.11 KB) received, lifetime 00:29
[07.26 21:32:33] chrome.exe *64 - r17---sn-p5qlsn67.googlevideo.com:443 open through proxy proxy.cse.cuhk.edu.hk:5070 HTTPS
[07.26 21:36:05] chrome.exe *64 - static.doubleclick.net:443 close, 2553 bytes (2.49 KB) sent, 641 bytes received, lifetime 06:39
[07.26 21:41:27] chrome.exe *64 - plus.google.com:443 close, 2130 bytes (2.08 KB) sent, 1035 bytes (1.01 KB) received, lifetime 05:41
[07.26 21:46:09] chrome.exe *64 - www.zhihu.com:443 close, 327 bytes sent, 3699 bytes (3.61 KB) received, lifetime 00:18
[07.26 21:47:25] chrome.exe *64 - collector.githubapp.com:443 open through proxy proxy.cse.cuhk.edu.hk:5070 HTTPS
[07.26 21:52:45] chrome.exe *64 - avatars0.githubusercontent.com:443 open through proxy proxy.cse.cuhk.edu.hk:5070 HTTPS
[07.26 22:01:31] msfeedssync.exe *64 - go.microsoft.com:80 open through proxy proxy.cse.cuhk.edu.hk:5070 HTTPS
[07.26 22:02:56] chrome.exe *64 - clients4.google.com:443 open through proxy proxy.cse.cuhk.edu.hk:5070 HTTPS
[07.26 22:06:02] SGTool.exe - info.pinyin.sogou.com:80 close, 1041 bytes (1.01 KB) sent, 607 bytes received, lifetime 00:04
[07.27 03:00:21] chrome.exe *64 - clients5.google.com:443 open through proxy proxy.cse.cuhk.edu.hk:5070 HTTPS
[07.27 03:00:27] Dropbox.exe - bolt.dropbox.com:443 close, 0 bytes sent, 0 bytes received, lifetime <1 sec
[07.27 03:05:27] YodaoDict.exe - dict.youdao.com:80 close, 941 bytes sent, 163 bytes received, lifetime 05:00
[07.27 03:47:56] Dropbox.exe - client-cf.dropbox.com:443 close, 5129 bytes (5.00 KB) sent, 17049 bytes (16.6 KB) received, lifetime 01:01
[07.27 04:12:38] chrome.exe *64 - clients6.google.com:443 open through proxy proxy.cse.cuhk.edu.hk:5070 HTTPS
[07.27 04:44:20] chrome.exe *64 - clients4.google.com:443 close, 1738 bytes (1.69 KB) sent, 487 bytes received, lifetime 04:00
[07.27 05:00:52] SGTool.exe - tc.dl.pinyin.sogoucdn.com:80 open through proxy proxy.cse.cuhk.edu.hk:5070 HTTPS
[07.27 05:04:38] chrome.exe *64 - 13.client-channel.google.com:443 close, 14267 bytes (13.9 KB) sent, 36698 bytes (35.8 KB) received, lifetime 48:06
[07.27 05:05:54] chrome.exe *64 - qa.sockets.stackexchange.com:443 error : Could not connect to proxy proxy.cse.cuhk.edu.hk:5070 - connection attempt failed with error 10061
[07.27 05:06:15] chrome.exe *64 - www.google.com:443 error : Could not connect to proxy proxy.cse.cuhk.edu.hk:5070 - connection attempt failed with error 10061
[07.27 05:08:29] Dropbox.exe - bolt.dropbox.com:443 error : Could not connect to proxy proxy.cse.cuhk.edu.hk:5070 - connection attempt failed with error 10061
[07.27 05:18:06] chrome.exe *64 - clients4.google.com:443 open through proxy proxy.cse.cuhk.edu.hk:5070 HTTPS
[07.27 05:30:41] chrome.exe *64 - clients6.google.com:443 close, 6895 bytes (6.73 KB) sent, 3475 bytes (3.39 KB) received, lifetime 01:39
[07.27 06:01:12] SGTool.exe - info.pinyin.sogou.com:80 close, 1035 bytes (1.01 KB) sent, 40820 bytes (39.8 KB) received, lifetime 00:30
[07.27 07:00:16] chrome.exe *64 - clients6.google.com:443 open through proxy proxy.cse.cuhk.edu.hk:5070 HTTPS
[07.27 07:01:28] 360AP.exe - p2.qhimg.com:80 close, 230 bytes sent, 1125 bytes (1.09 KB) received, lifetime 00:09
[07.27 07:05:36] SGTool.exe - info.pinyin.sogou.com:80 open through proxy proxy.cse.cuhk.edu.hk:5070 HTTPS
[07.27 07:45:31] Dropbox.exe - client-lb.dropbox.com:443 open through proxy proxy.cse.cuhk.edu.hk:5070 HTTPS
[07.27 08:15:33] Dropbox.exe - block.dropbox.com:443 open through proxy proxy.cse.cuhk.edu.hk:5070 HTTPS
[07.27 08:34:34] chrome.exe *64 - clients6.google.com:443 close, 7738 bytes (7.55 KB) sent, 8620 bytes (8.41 KB) received, lifetime 07:17
[07.27 09:00:11] YodaoDict.exe - cidian.youdao.com:80 open through proxy proxy.cse.cuhk.edu.hk:5070 HTTPS
[07.27 09:15:33] chrome.exe *64 - www.evernote.com:443 close, 0 bytes sent, 0 bytes received, lifetime 00:10
[07.27 09:45:38] Dropbox.exe - block.dropbox.com:443 close, 0 bytes sent, 0 bytes received, lifetime <1 sec
[07.27 09:48:53] SohuNews.exe - bx.optimix.asia:443 open through proxy proxy.cse.cuhk.edu.hk:5070 HTTPS
[07.27 09:49:08] SohuNews.exe - p.inte.sogou.com:80 close, 5061 bytes (4.94 KB) sent, 1248 bytes (1.21 KB) received, lifetime 00:15
[07.27 09:49:49] SohuNews.exe - v.admaster.com.cn:80 close, 4121 bytes (4.02 KB) sent, 4104 bytes (4.00 KB) received, lifetime 00:02
[07.27 09:50:35] chrome.exe *64 - r6---sn-i3b7knl6.googlevideo.com:443 open through proxy proxy.cse.cuhk.edu.hk:5070 HTTPS
[07.27 09:53:24] chrome.exe *64 - r5---sn-i3b7kn7r.googlevideo.com:443 open through proxy proxy.cse.cuhk.edu.hk:5070 HTTPS
[07.27 09:57:32] chrome.exe *64 - www.googleapis.com:443 close, 1046 bytes (1.02 KB) sent, 5463 bytes (5.33 KB) received, lifetime 04:00
[07.27 10:05:06] QQProtectUpd.exe - qd-update.qq.com:8080 error : Could not connect through proxy proxy.cse.cuhk.edu.hk:5070 - Proxy server cannot establish a connection with the target, status code 403
[07.27 10:20:53] chrome.exe *64 - www.gstatic.com:443 open through proxy proxy.cse.cuhk.edu.hk:5070 HTTPS
[07.27 10:22:18] chrome.exe *64 - d3cv4a9a9wh0bt.cloudfront.net:443 open through proxy proxy.cse.cuhk.edu.hk:5070 HTTPS
[07.27 10:22:36] chrome.exe *64 - zhstatic.zhihu.com:443 close, 332 bytes sent, 3763 bytes (3.67 KB) received, lifetime 00:18
[07.27 10:22:55] chrome.exe *64 - b1.bdstatic.com:80 close, 0 bytes sent, 0 bytes received, lifetime 00:14
[07.27 10:23:07] chrome.exe *64 - tpc.googlesyndication.com:443 open through proxy proxy.cse.cuhk.edu.hk:5070 HTTPS
[07.27 10:23:30] chrome.exe *64 - wn.pos.baidu.com:443 close, 330 bytes sent, 4169 bytes (4.07 KB) received, lifetime 00:22
