[10.30 16:49:06] chrome.exe - proxy.cse.cuhk.edu.hk:5070 open through proxy proxy.cse.cuhk.edu.hk:5070 HTTPS
[10.30 16:49:07] chrome.exe - proxy.cse.cuhk.edu.hk:5070 close, 403 bytes sent, 426 bytes received, lifetime <1 sec
[10.30 16:49:08] chrome.exe - proxy.cse.cuhk.edu.hk:5070 open through proxy proxy.cse.cuhk.edu.hk:5070 HTTPS
[10.30 16:49:09] chrome.exe - proxy.cse.cuhk.edu.hk:5070 close, 850 bytes sent, 10547 bytes (10.2 KB) received, lifetime 00:02
[10.30 16:49:09] chrome.exe - proxy.cse.cuhk.edu.hk:5070 open through proxy proxy.cse.cuhk.edu.hk:5070 HTTPS
[10.30 16:49:10] chrome.exe - proxy.cse.cuhk.edu.hk:5070 open through proxy proxy.cse.cuhk.edu.hk:5070 HTTPS
[10.30 16:49:11] chrome.exe - proxy.cse.cuhk.edu.hk:5070 open through proxy proxy.cse.cuhk.edu.hk:5070 HTTPS
[10.30 16:49:11] chrome.exe - proxy.cse.cuhk.edu.hk:5070 open through proxy proxy.cse.cuhk.edu.hk:5070 HTTPS
[10.30 16:49:12] chrome.exe - proxy.cse.cuhk.edu.hk:5070 close, 1327 bytes (1.29 KB) sent, 3250 bytes (3.17 KB) received, lifetime <1 sec
[10.30 16:49:28] chrome.exe - proxy.cse.cuhk.edu.hk:5070 open through proxy proxy.cse.cuhk.edu.hk:5070 HTTPS
[10.30 16:49:28] chrome.exe - proxy.cse.cuhk.edu.hk:5070 close, 1210 bytes (1.18 KB) sent, 366 bytes received, lifetime <1 sec
[10.30 16:49:28] chrome.exe - proxy.cse.cuhk.edu.hk:5070 close, 0 bytes sent, 0 bytes received, lifetime <1 sec
[10.30 16:49:29] chrome.exe - proxy.cse.cuhk.edu.hk:5070 open through proxy proxy.cse.cuhk.edu.hk:5070 HTTPS
[10.30 16:49:29] chrome.exe - proxy.cse.cuhk.edu.hk:5070 close, 508 bytes sent, 29786 bytes (29.0 KB) received, lifetime <1 sec
[10.30 16:49:29] chrome.exe - proxy.cse.cuhk.edu.hk:5070 open through proxy proxy.cse.cuhk.edu.hk:5070 HTTPS
[10.30 16:49:30] chrome.exe - proxy.cse.cuhk.edu.hk:5070 open through proxy proxy.cse.cuhk.edu.hk:5070 HTTPS
[10.30 16:49:31] chrome.exe - proxy.cse.cuhk.edu.hk:5070 open through proxy proxy.cse.cuhk.edu.hk:5070 HTTPS
[10.30 16:49:48] chrome.exe - proxy.cse.cuhk.edu.hk:5070 close, 0 bytes sent, 0 bytes received, lifetime 00:17
[10.30 16:49:53] chrome.exe - proxy.cse.cuhk.edu.hk:5070 open through proxy proxy.cse.cuhk.edu.hk:5070 HTTPS
[10.30 16:49:53] chrome.exe - proxy.cse.cuhk.edu.hk:5070 open through proxy proxy.cse.cuhk.edu.hk:5070 HTTPS
[10.30 16:49:55] chrome.exe - proxy.cse.cuhk.edu.hk:5070 open through proxy proxy.cse.cuhk.edu.hk:5070 HTTPS
[10.30 16:49:57] chrome.exe - proxy.cse.cuhk.edu.hk:5070 open through proxy proxy.cse.cuhk.edu.hk:5070 HTTPS
[10.30 16:51:58] chrome.exe - proxy.cse.cuhk.edu.hk:5070 close, 1180 bytes (1.15 KB) sent, 421 bytes received, lifetime 02:01
[10.30 16:53:23] chrome.exe - proxy.cse.cuhk.edu.hk:5070 close, 2035 bytes (1.98 KB) sent, 469 bytes received, lifetime <1 sec
[10.30 16:53:24] chrome.exe - proxy.cse.cuhk.edu.hk:5070 open through proxy proxy.cse.cuhk.edu.hk:5070 HTTPS
[10.30 16:53:24] chrome.exe - proxy.cse.cuhk.edu.hk:5070 open through proxy proxy.cse.cuhk.edu.hk:5070 HTTPS
[10.30 16:53:27] chrome.exe - proxy.cse.cuhk.edu.hk:5070 open through proxy proxy.cse.cuhk.edu.hk:5070 HTTPS
[10.30 16:54:07] chrome.exe - proxy.cse.cuhk.edu.hk:5070 open through proxy proxy.cse.cuhk.edu.hk:5070 HTTPS
[10.30 16:54:07] chrome.exe - proxy.cse.cuhk.edu.hk:5070 open through proxy proxy.cse.cuhk.edu.hk:5070 HTTPS
[10.30 16:54:07] chrome.exe - proxy.cse.cuhk.edu.hk:5070 open through proxy proxy.cse.cuhk.edu.hk:5070 HTTPS
[10.30 16:54:09] chrome.exe - proxy.cse.cuhk.edu.hk:5070 open through proxy proxy.cse.cuhk.edu.hk:5070 HTTPS
[10.30 16:54:22] chrome.exe - proxy.cse.cuhk.edu.hk:5070 open through proxy proxy.cse.cuhk.edu.hk:5070 HTTPS
[10.30 17:02:17] putty.exe - 183.62.156.108:22 open through proxy socks.cse.cuhk.edu.hk:5070 SOCKS5
[10.30 17:07:59] chrome.exe - proxy.cse.cuhk.edu.hk:5070 open through proxy proxy.cse.cuhk.edu.hk:5070 HTTPS
[10.30 17:10:11] chrome.exe - proxy.cse.cuhk.edu.hk:5070 close, 1578 bytes (1.54 KB) sent, 392726 bytes (383 KB) received, lifetime 00:31
[10.30 17:11:08] chrome.exe - proxy.cse.cuhk.edu.hk:5070 close, 1432 bytes (1.39 KB) sent, 44376 bytes (43.3 KB) received, lifetime 00:31
[10.30 17:15:42] QQ.exe - tcpconn6.tencent.com:443 error : A connection request was canceled before the completion.
[10.30 17:17:18] SogouCloud.exe - proxy.cse.cuhk.edu.hk:5070 close, 1237 bytes (1.20 KB) sent, 676064 bytes (660 KB) received, lifetime 00:07
[10.30 17:20:20] chrome.exe - proxy.cse.cuhk.edu.hk:5070 open through proxy proxy.cse.cuhk.edu.hk:5070 HTTPS
[10.30 17:20:43] chrome.exe - proxy.cse.cuhk.edu.hk:5070 close, 2087 bytes (2.03 KB) sent, 4643 bytes (4.53 KB) received, lifetime 00:20
[10.30 17:26:13] chrome.exe - proxy.cse.cuhk.edu.hk:5070 close, 2717 bytes (2.65 KB) sent, 1911 bytes (1.86 KB) received, lifetime 04:50
[10.30 17:35:57] chrome.exe - proxy.cse.cuhk.edu.hk:5070 open through proxy proxy.cse.cuhk.edu.hk:5070 HTTPS
[10.30 17:35:59] chrome.exe - proxy.cse.cuhk.edu.hk:5070 close, 1006 bytes sent, 6198 bytes (6.05 KB) received, lifetime 00:01
[10.30 17:36:01] chrome.exe - proxy.cse.cuhk.edu.hk:5070 close, 860 bytes sent, 3314 bytes (3.23 KB) received, lifetime 00:01
[10.30 17:36:15] chrome.exe - proxy.cse.cuhk.edu.hk:5070 open through proxy proxy.cse.cuhk.edu.hk:5070 HTTPS
[10.30 17:37:22] chrome.exe - proxy.cse.cuhk.edu.hk:5070 close, 494 bytes sent, 2218 bytes (2.16 KB) received, lifetime 00:01
[10.30 17:37:51] chrome.exe - proxy.cse.cuhk.edu.hk:5070 close, 492 bytes sent, 2898 bytes (2.83 KB) received, lifetime 00:01
[10.30 17:37:56] chrome.exe - proxy.cse.cuhk.edu.hk:5070 close, 0 bytes sent, 0 bytes received, lifetime 00:03
[10.30 17:38:22] chrome.exe - proxy.cse.cuhk.edu.hk:5070 open through proxy proxy.cse.cuhk.edu.hk:5070 HTTPS
[10.30 17:39:18] chrome.exe - proxy.cse.cuhk.edu.hk:5070 close, 1990 bytes (1.94 KB) sent, 23862 bytes (23.3 KB) received, lifetime 00:03
[10.30 17:40:03] chrome.exe - proxy.cse.cuhk.edu.hk:5070 close, 877 bytes sent, 507 bytes received, lifetime 00:48
[10.30 17:40:06] chrome.exe - proxy.cse.cuhk.edu.hk:5070 open through proxy proxy.cse.cuhk.edu.hk:5070 HTTPS
[10.30 17:40:07] chrome.exe - proxy.cse.cuhk.edu.hk:5070 open through proxy proxy.cse.cuhk.edu.hk:5070 HTTPS
[10.30 17:40:21] chrome.exe - proxy.cse.cuhk.edu.hk:5070 open through proxy proxy.cse.cuhk.edu.hk:5070 HTTPS
[10.30 17:42:58] chrome.exe - proxy.cse.cuhk.edu.hk:5070 open through proxy proxy.cse.cuhk.edu.hk:5070 HTTPS
[10.30 17:46:23] QQ.exe - tcpconn3.tencent.com:80 close, 0 bytes sent, 0 bytes received, lifetime <1 sec
[10.30 17:46:44] QQ.exe - tcpconn3.tencent.com:443 close, 149 bytes sent, 121 bytes received, lifetime <1 sec
[10.30 17:48:45] QQ.exe - qqmail.tencent.com:80 close, 336 bytes sent, 2854 bytes (2.78 KB) received, lifetime 00:01
[10.30 17:52:06] YodaoDict.exe - proxy.cse.cuhk.edu.hk:5070 open through proxy proxy.cse.cuhk.edu.hk:5070 HTTPS
[10.30 17:52:38] Wiz.exe - proxy.cse.cuhk.edu.hk:5070 close, 1417 bytes (1.38 KB) sent, 4631 bytes (4.52 KB) received, lifetime 01:05
[10.30 17:54:27] WeChat.exe - proxy.cse.cuhk.edu.hk:5070 open through proxy proxy.cse.cuhk.edu.hk:5070 HTTPS
[10.30 17:57:12] YodaoDict.exe - oimagec7.ydstatic.com:80 error : A connection request was canceled before the completion. 
[10.30 17:59:13] firefox.exe - proxy.cse.cuhk.edu.hk:5070 open through proxy proxy.cse.cuhk.edu.hk:5070 HTTPS
[10.30 18:00:12] FlashPlayerPlugin_18_0_0_209.exe - formi.baidu.com:843 error : Could not connect through proxy proxy.cse.cuhk.edu.hk:5070 - Proxy server cannot establish a connection with the target, status code 403
[10.30 18:00:35] git-remote-https.exe - proxy.cse.cuhk.edu.hk:5070 close, 877 bytes sent, 3806 bytes (3.71 KB) received, lifetime 00:01
[10.30 18:01:41] Skype.exe - proxy.cse.cuhk.edu.hk:5070 open through proxy proxy.cse.cuhk.edu.hk:5070 HTTPS
[10.30 18:02:58] Skype.exe - 91.190.218.40:443 close, 497 bytes sent, 302 bytes received, lifetime 00:12
[10.30 18:03:19] Skype.exe - proxy.cse.cuhk.edu.hk:5070 close, 429 bytes sent, 318 bytes received, lifetime <1 sec
[10.30 18:03:47] firefox.exe - proxy.cse.cuhk.edu.hk:5070 open through proxy proxy.cse.cuhk.edu.hk:5070 HTTPS
[10.30 18:05:44] firefox.exe - proxy.cse.cuhk.edu.hk:5070 close, 983 bytes sent, 268665 bytes (262 KB) received, lifetime 01:57
[10.30 18:07:40] chrome.exe - proxy.cse.cuhk.edu.hk:5070 close, 715 bytes sent, 4417 bytes (4.31 KB) received, lifetime 00:10
[10.30 18:09:06] WeChat.exe - proxy.cse.cuhk.edu.hk:5070 open through proxy proxy.cse.cuhk.edu.hk:5070 HTTPS
[10.30 18:10:47] Dropbox.exe - proxy.cse.cuhk.edu.hk:5070 close, 2501 bytes (2.44 KB) sent, 4848 bytes (4.73 KB) received, lifetime 01:01
[10.30 20:39:42] chrome.exe - proxy.cse.cuhk.edu.hk:5070 close, 0 bytes sent, 0 bytes received, lifetime 00:01
[10.30 20:39:44] chrome.exe - proxy.cse.cuhk.edu.hk:5070 close, 0 bytes sent, 0 bytes received, lifetime 00:13
[10.30 20:39:46] chrome.exe - proxy.cse.cuhk.edu.hk:5070 open through proxy proxy.cse.cuhk.edu.hk:5070 HTTPS
[10.30 20:40:04] chrome.exe - proxy.cse.cuhk.edu.hk:5070 open through proxy proxy.cse.cuhk.edu.hk:5070 HTTPS
[10.30 20:40:05] chrome.exe - proxy.cse.cuhk.edu.hk:5070 open through proxy proxy.cse.cuhk.edu.hk:5070 HTTPS
[10.30 20:40:08] chrome.exe - proxy.cse.cuhk.edu.hk:5070 close, 628 bytes sent, 466 bytes received, lifetime 00:01
[10.30 20:40:14] chrome.exe - proxy.cse.cuhk.edu.hk:5070 close, 1069 bytes (1.04 KB) sent, 776 bytes received, lifetime 00:05
[10.30 20:41:49] chrome.exe - proxy.cse.cuhk.edu.hk:5070 close, 1477 bytes (1.44 KB) sent, 1431 bytes (1.39 KB) received, lifetime 02:01
[10.30 20:42:33] chrome.exe - proxy.cse.cuhk.edu.hk:5070 open through proxy proxy.cse.cuhk.edu.hk:5070 HTTPS
[10.30 20:42:41] chrome.exe - proxy.cse.cuhk.edu.hk:5070 close, 1481 bytes (1.44 KB) sent, 1804 bytes (1.76 KB) received, lifetime 00:32
[10.30 20:42:42] chrome.exe - proxy.cse.cuhk.edu.hk:5070 open through proxy proxy.cse.cuhk.edu.hk:5070 HTTPS
[10.30 20:42:49] chrome.exe - proxy.cse.cuhk.edu.hk:5070 open through proxy proxy.cse.cuhk.edu.hk:5070 HTTPS
[10.30 20:43:41] chrome.exe - proxy.cse.cuhk.edu.hk:5070 open through proxy proxy.cse.cuhk.edu.hk:5070 HTTPS
[10.30 20:43:45] chrome.exe - proxy.cse.cuhk.edu.hk:5070 close, 553 bytes sent, 1424 bytes (1.39 KB) received, lifetime <1 sec
[10.30 20:43:46] chrome.exe - proxy.cse.cuhk.edu.hk:5070 close, 553 bytes sent, 28794 bytes (28.1 KB) received, lifetime <1 sec
[10.30 20:43:46] chrome.exe - proxy.cse.cuhk.edu.hk:5070 open through proxy proxy.cse.cuhk.edu.hk:5070 HTTPS
[10.30 20:43:50] chrome.exe - proxy.cse.cuhk.edu.hk:5070 open through proxy proxy.cse.cuhk.edu.hk:5070 HTTPS
[10.30 20:44:48] chrome.exe - proxy.cse.cuhk.edu.hk:5070 close, 1236 bytes (1.20 KB) sent, 408 bytes received, lifetime 00:06
[10.30 20:44:50] chrome.exe - proxy.cse.cuhk.edu.hk:5070 close, 2737 bytes (2.67 KB) sent, 1375 bytes (1.34 KB) received, lifetime 00:01
[10.30 20:44:52] chrome.exe - proxy.cse.cuhk.edu.hk:5070 close, 2018 bytes (1.97 KB) sent, 1298 bytes (1.26 KB) received, lifetime 00:04
[10.30 20:44:54] chrome.exe - proxy.cse.cuhk.edu.hk:5070 open through proxy proxy.cse.cuhk.edu.hk:5070 HTTPS
[10.30 20:44:55] chrome.exe - proxy.cse.cuhk.edu.hk:5070 close, 848 bytes sent, 310 bytes received, lifetime 00:01
[10.30 20:44:57] chrome.exe - proxy.cse.cuhk.edu.hk:5070 close, 1501 bytes (1.46 KB) sent, 601 bytes received, lifetime 00:01
[10.30 20:45:03] chrome.exe - proxy.cse.cuhk.edu.hk:5070 open through proxy proxy.cse.cuhk.edu.hk:5070 HTTPS
[10.30 20:45:07] chrome.exe - proxy.cse.cuhk.edu.hk:5070 open through proxy proxy.cse.cuhk.edu.hk:5070 HTTPS
[10.30 20:45:10] chrome.exe - proxy.cse.cuhk.edu.hk:5070 close, 0 bytes sent, 0 bytes received, lifetime <1 sec
[10.30 20:45:18] chrome.exe - proxy.cse.cuhk.edu.hk:5070 close, 0 bytes sent, 0 bytes received, lifetime 00:08
[10.30 20:45:21] chrome.exe - proxy.cse.cuhk.edu.hk:5070 open through proxy proxy.cse.cuhk.edu.hk:5070 HTTPS
[10.30 20:45:24] chrome.exe - proxy.cse.cuhk.edu.hk:5070 open through proxy proxy.cse.cuhk.edu.hk:5070 HTTPS
[10.30 20:45:37] chrome.exe - proxy.cse.cuhk.edu.hk:5070 close, 722 bytes sent, 310 bytes received, lifetime 00:01
[10.30 20:45:51] YodaoDict.exe - oimagea5.ydstatic.com:80 error : A connection request was canceled before the completion. 
[10.30 20:45:57] chrome.exe - proxy.cse.cuhk.edu.hk:5070 open through proxy proxy.cse.cuhk.edu.hk:5070 HTTPS
[10.30 20:46:04] chrome.exe - proxy.cse.cuhk.edu.hk:5070 open through proxy proxy.cse.cuhk.edu.hk:5070 HTTPS
[10.30 20:46:18] chrome.exe - proxy.cse.cuhk.edu.hk:5070 open through proxy proxy.cse.cuhk.edu.hk:5070 HTTPS
[10.30 20:46:21] chrome.exe - proxy.cse.cuhk.edu.hk:5070 close, 0 bytes sent, 0 bytes received, lifetime <1 sec
[10.30 20:46:37] chrome.exe - proxy.cse.cuhk.edu.hk:5070 close, 0 bytes sent, 0 bytes received, lifetime 00:17
[10.30 20:46:51] chrome.exe - proxy.cse.cuhk.edu.hk:5070 close, 2842 bytes (2.77 KB) sent, 279 bytes received, lifetime 00:01
[10.30 20:47:01] chrome.exe - proxy.cse.cuhk.edu.hk:5070 open through proxy proxy.cse.cuhk.edu.hk:5070 HTTPS
[10.30 20:47:27] chrome.exe - proxy.cse.cuhk.edu.hk:5070 open through proxy proxy.cse.cuhk.edu.hk:5070 HTTPS
[10.30 20:47:40] chrome.exe - proxy.cse.cuhk.edu.hk:5070 close, 5510 bytes (5.38 KB) sent, 2436 bytes (2.37 KB) received, lifetime 02:03
[10.30 20:47:45] chrome.exe - proxy.cse.cuhk.edu.hk:5070 close, 2756 bytes (2.69 KB) sent, 39055 bytes (38.1 KB) received, lifetime 00:05
[10.30 20:48:26] chrome.exe - proxy.cse.cuhk.edu.hk:5070 close, 2532 bytes (2.47 KB) sent, 750 bytes received, lifetime 00:41
[10.30 20:48:29] chrome.exe - proxy.cse.cuhk.edu.hk:5070 open through proxy proxy.cse.cuhk.edu.hk:5070 HTTPS
[10.30 20:48:41] chrome.exe - proxy.cse.cuhk.edu.hk:5070 open through proxy proxy.cse.cuhk.edu.hk:5070 HTTPS
[10.30 20:48:44] chrome.exe - proxy.cse.cuhk.edu.hk:5070 close, 0 bytes sent, 0 bytes received, lifetime <1 sec
[10.30 20:49:01] chrome.exe - proxy.cse.cuhk.edu.hk:5070 open through proxy proxy.cse.cuhk.edu.hk:5070 HTTPS
[10.30 20:49:04] chrome.exe - proxy.cse.cuhk.edu.hk:5070 close, 0 bytes sent, 0 bytes received, lifetime 00:01
[10.30 20:49:21] chrome.exe - proxy.cse.cuhk.edu.hk:5070 open through proxy proxy.cse.cuhk.edu.hk:5070 HTTPS
[10.30 20:51:34] chrome.exe - proxy.cse.cuhk.edu.hk:5070 close, 1578 bytes (1.54 KB) sent, 702 bytes received, lifetime 02:19
[10.30 20:53:18] chrome.exe - proxy.cse.cuhk.edu.hk:5070 open through proxy proxy.cse.cuhk.edu.hk:5070 HTTPS
[10.30 20:59:47] YodaoDict.exe - oimagea5.ydstatic.com:80 error : A connection request was canceled before the completion. 
[10.30 21:05:32] chrome.exe - proxy.cse.cuhk.edu.hk:5070 close, 0 bytes sent, 0 bytes received, lifetime 00:01
[10.30 21:05:39] chrome.exe - proxy.cse.cuhk.edu.hk:5070 close, 1905 bytes (1.86 KB) sent, 11087 bytes (10.8 KB) received, lifetime 00:08
[10.30 21:05:41] chrome.exe - proxy.cse.cuhk.edu.hk:5070 open through proxy proxy.cse.cuhk.edu.hk:5070 HTTPS
[10.30 21:06:04] chrome.exe - proxy.cse.cuhk.edu.hk:5070 open through proxy proxy.cse.cuhk.edu.hk:5070 HTTPS
[10.30 21:06:38] chrome.exe - proxy.cse.cuhk.edu.hk:5070 close, 2813 bytes (2.74 KB) sent, 1241 bytes (1.21 KB) received, lifetime 00:05
[10.30 21:07:20] chrome.exe - proxy.cse.cuhk.edu.hk:5070 open through proxy proxy.cse.cuhk.edu.hk:5070 HTTPS
[10.30 21:11:55] YodaoDict.exe - oimagea5.ydstatic.com:80 error : A connection request was canceled before the completion. 
[10.30 21:13:09] AcroRd32.exe - proxy.cse.cuhk.edu.hk:5070 open through proxy proxy.cse.cuhk.edu.hk:5070 HTTPS
[10.30 21:14:05] YodaoDict.exe - oimagec4.ydstatic.com:80 error : A connection request was canceled before the completion. 
[10.30 21:16:40] chrome.exe - proxy.cse.cuhk.edu.hk:5070 open through proxy proxy.cse.cuhk.edu.hk:5070 HTTPS
[10.30 21:18:27] chrome.exe - proxy.cse.cuhk.edu.hk:5070 open through proxy proxy.cse.cuhk.edu.hk:5070 HTTPS
[10.30 21:19:19] chrome.exe - proxy.cse.cuhk.edu.hk:5070 open through proxy proxy.cse.cuhk.edu.hk:5070 HTTPS
[10.30 21:19:29] chrome.exe - proxy.cse.cuhk.edu.hk:5070 open through proxy proxy.cse.cuhk.edu.hk:5070 HTTPS
[10.30 21:21:33] chrome.exe - proxy.cse.cuhk.edu.hk:5070 open through proxy proxy.cse.cuhk.edu.hk:5070 HTTPS
[10.30 21:21:34] chrome.exe - proxy.cse.cuhk.edu.hk:5070 open through proxy proxy.cse.cuhk.edu.hk:5070 HTTPS
[07.26 13:30:34] chrome.exe *64 - www.baidu.com:80 open through proxy proxy.cse.cuhk.edu.hk:5070 HTTPS
[07.26 13:30:45] chrome.exe *64 - t11.baidu.com:80 close, 0 bytes sent, 0 bytes received, lifetime 00:11
[07.26 13:30:49] chrome.exe *64 - dup.baidustatic.com:443 open through proxy proxy.cse.cuhk.edu.hk:5070 HTTPS
[07.26 13:31:09] chrome.exe *64 - xin.4399.cn:80 close, 0 bytes sent, 0 bytes received, lifetime 00:21
[07.26 13:31:13] chrome.exe *64 - timg.baidu.com:80 close, 1299 bytes (1.26 KB) sent, 4993 bytes (4.87 KB) received, lifetime 00:30
[07.26 13:36:22] chrome.exe *64 - odr.mookie1.com:443 close, 361 bytes sent, 4839 bytes (4.72 KB) received, lifetime 00:11
[07.26 13:42:05] chrome.exe *64 - r6---sn-i3b7kn7d.googlevideo.com:443 close, 12789 bytes (12.4 KB) sent, 13833013 bytes (13.1 MB) received, lifetime 01:01
[07.26 13:45:00] chrome.exe *64 - r6---sn-i3b7knez.googlevideo.com:443 close, 13118 bytes (12.8 KB) sent, 3242984 bytes (3.09 MB) received, lifetime 00:31
[07.26 13:46:43] chrome.exe *64 - ecmb.bdimg.com:80 open through proxy proxy.cse.cuhk.edu.hk:5070 HTTPS
[07.26 13:46:52] chrome.exe *64 - dup.baidustatic.com:80 open through proxy proxy.cse.cuhk.edu.hk:5070 HTTPS
[07.26 13:47:16] chrome.exe *64 - suggestion.baidu.com:80 close, 1829 bytes (1.78 KB) sent, 1039 bytes (1.01 KB) received, lifetime 00:35
[07.26 13:47:37] chrome.exe *64 - video.5054399.com:80 open through proxy proxy.cse.cuhk.edu.hk:5070 HTTPS
[07.26 13:47:59] chrome.exe *64 - cnzz.mmstat.com:80 close, 686 bytes sent, 579 bytes received, lifetime <1 sec
[07.26 13:49:38] chrome.exe *64 - w.cnzz.com:80 close, 570 bytes sent, 11519 bytes (11.2 KB) received, lifetime 02:00
[07.26 14:04:50] chrome.exe *64 - apis.google.com:443 open through proxy proxy.cse.cuhk.edu.hk:5070 HTTPS
[07.26 14:07:33] YodaoDict.exe - cidian.youdao.com:80 open through proxy proxy.cse.cuhk.edu.hk:5070 HTTPS
[07.26 14:11:52] WeChat.exe - 203.205.146.15:80 open through proxy proxy.cse.cuhk.edu.hk:5070 HTTPS
[07.26 14:16:11] Dropbox.exe - d.dropbox.com:443 open through proxy proxy.cse.cuhk.edu.hk:5070 HTTPS
[07.26 14:24:32] YodaoDict.exe - cidian.youdao.com:80 open through proxy proxy.cse.cuhk.edu.hk:5070 HTTPS
[07.26 14:27:34] YodaoDict.exe - cidian.youdao.com:80 close, 2369 bytes (2.31 KB) sent, 1583 bytes (1.54 KB) received, lifetime 02:59
[07.26 14:30:32] chrome.exe *64 - www.baidu.com:80 open through proxy proxy.cse.cuhk.edu.hk:5070 HTTPS
[07.26 14:30:43] chrome.exe *64 - www.baidu.com:80 close, 0 bytes sent, 0 bytes received, lifetime 00:11
[07.26 14:31:11] chrome.exe *64 - xin.4399.cn:80 open through proxy proxy.cse.cuhk.edu.hk:5070 HTTPS
[07.26 14:32:04] chrome.exe *64 - c.cnzz.com:80 close, 0 bytes sent, 0 bytes received, lifetime 00:30
[07.26 14:44:17] chrome.exe *64 - clients2.google.com:443 open through proxy proxy.cse.cuhk.edu.hk:5070 HTTPS
[07.26 14:45:38] chrome.exe *64 - t12.baidu.com:80 open through proxy proxy.cse.cuhk.edu.hk:5070 HTTPS
[07.26 14:45:43] chrome.exe *64 - dj1.baidu.com:80 open through proxy proxy.cse.cuhk.edu.hk:5070 HTTPS
[07.26 14:46:05] chrome.exe *64 - dup.baidustatic.com:443 close, 333 bytes sent, 3697 bytes (3.61 KB) received, lifetime 00:14
[07.26 14:51:22] chrome.exe *64 - t12.baidu.com:80 open through proxy proxy.cse.cuhk.edu.hk:5070 HTTPS
[07.26 14:51:31] chrome.exe *64 - sclick.baidu.com:80 close, 1971 bytes (1.92 KB) sent, 401 bytes received, lifetime 00:08
[07.26 14:51:39] chrome.exe *64 - bdimg.share.baidu.com:80 open through proxy proxy.cse.cuhk.edu.hk:5070 HTTPS
[07.26 14:51:55] chrome.exe *64 - js.passport.qihucdn.com:80 close, 496 bytes sent, 426 bytes received, lifetime 00:16
[07.26 14:55:22] chrome.exe *64 - www.google.com:443 close, 2020 bytes (1.97 KB) sent, 17986 bytes (17.5 KB) received, lifetime 04:01
[07.26 15:04:37] WeChat.exe - qbwup.imtt.qq.com:80 open through proxy proxy.cse.cuhk.edu.hk:5070 HTTPS
[07.26 15:08:38] chrome.exe *64 - www.google.com.hk:443 close, 734 bytes sent, 160 bytes received, lifetime <1 sec
[07.26 15:09:29] chrome.exe *64 - api.github.com:443 open through proxy proxy.cse.cuhk.edu.hk:5070 HTTPS
[07.26 15:12:46] chrome.exe *64 - clients6.google.com:443 close, 4318 bytes (4.21 KB) sent, 1951 bytes (1.90 KB) received, lifetime 09:43
[07.26 15:13:35] chrome.exe *64 - notifications.google.com:443 close, 470 bytes sent, 4794 bytes (4.68 KB) received, lifetime 00:10
[07.26 15:17:36] YodaoDict.exe - dict.youdao.com:80 open through proxy proxy.cse.cuhk.edu.hk:5070 HTTPS
[07.26 15:21:06] chrome.exe *64 - www.gmail.com:443 close, 459 bytes sent, 4187 bytes (4.08 KB) received, lifetime 00:17
[07.26 15:23:47] GitHub.exe - avatars.githubusercontent.com:443 open through proxy proxy.cse.cuhk.edu.hk:5070 HTTPS
[07.26 15:25:08] chrome.exe *64 - www.zhihu.com:80 open through proxy proxy.cse.cuhk.edu.hk:5070 HTTPS
[07.26 15:25:32] WeChat.exe - short.weixin.qq.com:80 close, 425 bytes sent, 161 bytes received, lifetime <1 sec
[07.26 15:26:27] chrome.exe *64 - api.github.com:443 close, 328 bytes sent, 3642 bytes (3.55 KB) received, lifetime 00:16
[07.26 15:29:43] chrome.exe *64 - csi.gstatic.com:443 close, 733 bytes sent, 229 bytes received, lifetime 00:13
[07.26 15:30:07] chrome.exe *64 - js.t.sinajs.cn:80 open through proxy proxy.cse.cuhk.edu.hk:5070 HTTPS
[07.26 15:30:10] chrome.exe *64 - s.weibo.com:80 open through proxy proxy.cse.cuhk.edu.hk:5070 HTTPS
[07.26 15:30:15] chrome.exe *64 - strip.alicdn.com:80 open through proxy proxy.cse.cuhk.edu.hk:5070 HTTPS
[07.26 15:30:41] chrome.exe *64 - rm.api.weibo.com:80 open through proxy proxy.cse.cuhk.edu.hk:5070 HTTPS
[07.26 15:33:02] chrome.exe *64 - www.weibo.com:80 close, 11058 bytes (10.7 KB) sent, 451 bytes received, lifetime 00:07
[07.26 15:34:55] chrome.exe *64 - www.google.com:443 open through proxy proxy.cse.cuhk.edu.hk:5070 HTTPS
[07.26 15:36:25] chrome.exe *64 - github.com:443 close, 0 bytes sent, 0 bytes received, lifetime 00:30
[07.26 15:42:02] chrome.exe *64 - lh3.googleusercontent.com:443 close, 2694 bytes (2.63 KB) sent, 8050 bytes (7.86 KB) received, lifetime 07:03
[07.26 15:55:32] chrome.exe *64 - www.evernote.com:443 close, 2487 bytes (2.42 KB) sent, 2361 bytes (2.30 KB) received, lifetime 04:00
[07.26 16:05:13] Dropbox.exe - block.dropbox.com:443 open through proxy proxy.cse.cuhk.edu.hk:5070 HTTPS
[07.26 16:12:17] SGTool.exe - p3p.sogou.com:80 close, 441 bytes sent, 139 bytes received, lifetime 01:05
[07.26 16:16:27] chrome.exe *64 - www.google-analytics.com:443 close, 1430 bytes (1.39 KB) sent, 4938 bytes (4.82 KB) received, lifetime 04:00
[07.26 16:23:13] chrome.exe *64 - live.github.com:443 close, 2931 bytes (2.86 KB) sent, 2089 bytes (2.04 KB) received, lifetime 47:52
[07.26 16:27:18] chrome.exe *64 - www.google.com.hk:443 open through proxy proxy.cse.cuhk.edu.hk:5070 HTTPS
[07.26 16:29:56] SogouCloud.exe - get.sogou.com:80 open through proxy proxy.cse.cuhk.edu.hk:5070 HTTPS
[07.26 16:34:32] chrome.exe *64 - auth.grammarly.com:443 open through proxy proxy.cse.cuhk.edu.hk:5070 HTTPS
[07.26 16:40:18] WeChat.exe - qbwup.imtt.qq.com:80 close, 494 bytes sent, 208 bytes received, lifetime 00:38
[07.26 16:43:27] chrome.exe *64 - ssl.gstatic.com:443 close, 461 bytes sent, 4784 bytes (4.67 KB) received, lifetime 00:10
[07.26 16:44:37] chrome.exe *64 - www.ieeeconfpublishing.org:80 open through proxy proxy.cse.cuhk.edu.hk:5070 HTTPS
[07.26 16:56:52] chrome.exe *64 - clients4.google.com:443 close, 3547 bytes (3.46 KB) sent, 918 bytes received, lifetime 06:12
[07.26 17:05:00] SogouCloud.exe - security.ie.sogou.com:80 open through proxy proxy.cse.cuhk.edu.hk:5070 HTTPS
[07.26 17:05:22] GitHub.exe - api.github.com:443 open through proxy proxy.cse.cuhk.edu.hk:5070 HTTPS
[07.26 17:10:23] GitHub.exe - api.github.com:443 open through proxy proxy.cse.cuhk.edu.hk:5070 HTTPS
[07.26 17:17:40] YodaoDict.exe - dict.youdao.com:80 open through proxy proxy.cse.cuhk.edu.hk:5070 HTTPS
[07.26 17:18:19] chrome.exe *64 - secure.quantserve.com:443 close, 643 bytes sent, 3323 bytes (3.24 KB) received, lifetime 00:11
[07.26 17:23:03] chrome.exe *64 - t12.baidu.com:80 open through proxy proxy.cse.cuhk.edu.hk:5070 HTTPS
[07.26 17:23:04] chrome.exe *64 - suggestion.baidu.com:80 open through proxy proxy.cse.cuhk.edu.hk:5070 HTTPS
[07.26 17:23:53] chrome.exe *64 - mtalk.google.com:443 close, 696 bytes sent, 5005 bytes (4.88 KB) received, lifetime 00:07
[07.26 17:23:59] chrome.exe *64 - s1.bdstatic.com:80 error : Could not connect to proxy proxy.cse.cuhk.edu.hk:5070 - Could not resolve proxy.cse.cuhk.edu.hk error 11001
[07.26 17:24:08] WeChat.exe - www.qq.com:80 error : Could not connect to proxy proxy.cse.cuhk.edu.hk:5070 - Could not resolve proxy.cse.cuhk.edu.hk error 11001
[07.26 17:28:21] chrome.exe *64 - b1.bdstatic.com:80 close, 0 bytes sent, 0 bytes received, lifetime 00:23
[07.26 17:29:08] chrome.exe *64 - t12.baidu.com:80 close, 0 bytes sent, 0 bytes received, lifetime 00:11
[07.26 17:29:26] chrome.exe *64 - suggestion.baidu.com:80 close, 3808 bytes (3.71 KB) sent, 2035 bytes (1.98 KB) received, lifetime 00:35
[07.26 17:30:02] chrome.exe *64 - hm.baidu.com:443 error : A connection request was canceled before the completion. 
[07.26 17:30:31] chrome.exe *64 - csdnimg.cn:80 close, 0 bytes sent, 0 bytes received, lifetime 00:11
[07.26 17:30:49] chrome.exe *64 - blog.csdn.net:80 close, 670 bytes sent, 421 bytes received, lifetime 00:29
[07.26 17:32:21] chrome.exe *64 - csdnimg.cn:80 close, 1278 bytes (1.24 KB) sent, 6854 bytes (6.69 KB) received, lifetime 02:02
[07.26 17:40:22] chrome.exe *64 - www.gstatic.com:443 close, 461 bytes sent, 4784 bytes (4.67 KB) received, lifetime 00:12
[07.26 17:46:17] chrome.exe *64 - www.google.com:443 open through proxy proxy.cse.cuhk.edu.hk:5070 HTTPS
[07.26 17:51:56] chrome.exe *64 - sb.scorecardresearch.com:443 close, 3818 bytes (3.72 KB) sent, 6276 bytes (6.12 KB) received, lifetime 11:02
[07.26 18:04:50] chrome.exe *64 - trello.com:443 open through proxy proxy.cse.cuhk.edu.hk:5070 HTTPS
[07.26 18:05:22] chrome.exe *64 - clients4.google.com:443 close, 7063 bytes (6.89 KB) sent, 15399 bytes (15.0 KB) received, lifetime 00:21
[07.26 18:55:23] WeChat.exe - short.weixin.qq.com:80 close, 484 bytes sent, 30152 bytes (29.4 KB) received, lifetime <1 sec
[07.26 18:55:54] SGTool.exe - ping.pinyin.sogou.com:80 close, 561 bytes sent, 166 bytes received, lifetime 00:30
[07.26 18:57:15] chrome.exe *64 - d.agkn.com:443 close, 324 bytes sent, 2764 bytes (2.69 KB) received, lifetime 00:12
[07.26 19:00:18] WeChat.exe - qbwup.imtt.qq.com:80 open through proxy proxy.cse.cuhk.edu.hk:5070 HTTPS
[07.26 19:00:52] tencentdl.exe - fs-conn-doctor.qq.com:443 open through proxy proxy.cse.cuhk.edu.hk:5070 HTTPS
[07.26 19:00:52] tencentdl.exe - puui.qpic.cn:80 open through proxy proxy.cse.cuhk.edu.hk:5070 HTTPS
[07.26 19:01:00] QQPlayer.exe - btrace.qq.com:80 open through proxy proxy.cse.cuhk.edu.hk:5070 HTTPS
[07.26 19:03:02] chrome.exe *64 - cm.g.doubleclick.net:443 open through proxy proxy.cse.cuhk.edu.hk:5070 HTTPS
[07.26 19:20:40] SGTool.exe - input.shouji.sogou.com:80 open through proxy proxy.cse.cuhk.edu.hk:5070 HTTPS
[07.26 19:22:54] chrome.exe *64 - r16---sn-i3b7knez.googlevideo.com:443 close, 6014 bytes (5.87 KB) sent, 904350 bytes (883 KB) received, lifetime 00:30
[07.26 19:52:45] Dropbox.exe - client-cf.dropbox.com:443 close, 5129 bytes (5.00 KB) sent, 17057 bytes (16.6 KB) received, lifetime 01:01
[07.26 20:06:15] SGTool.exe - p3p.sogou.com:80 close, 441 bytes sent, 139 bytes received, lifetime <1 sec
[07.26 20:25:21] WeChat.exe - qbwup.imtt.qq.com:80 open through proxy proxy.cse.cuhk.edu.hk:5070 HTTPS
[07.26 21:20:57] WeChat.exe - qbwup.imtt.qq.com:80 close, 494 bytes sent, 208 bytes received, lifetime 00:34
[07.26 21:29:51] chrome.exe *64 - lh3.googleusercontent.com:443 close, 471 bytes sent, 4694 bytes (4.58 KB) received, lifetime 00:29
[07.26 21:32:34] chrome.exe *64 - r17---sn-p5qlsn67.googlevideo.com:443 close, 1173 bytes (1.14 KB) sent, 11041 bytes (10.7 KB) received, lifetime 00:01
[07.26 21:36:28] chrome.exe *64 - yt3.ggpht.com:443 close, 7886 bytes (7.70 KB) sent, 69275 bytes (67.6 KB) received, lifetime 07:05
[07.26 21:42:16] chrome.exe *64 - r3---sn-i3b7kn7s.googlevideo.com:443 open through proxy proxy.cse.cuhk.edu.hk:5070 HTTPS
[07.26 21:46:09] chrome.exe *64 - zhihu-web-analytics.zhihu.com:443 close, 343 bytes sent, 3122 bytes (3.04 KB) received, lifetime 00:17
[07.26 21:47:29] chrome.exe *64 - pagead2.googlesyndication.com:443 close, 16398 bytes (16.0 KB) sent, 93642 bytes (91.4 KB) received, lifetime 07:56
[07.26 21:52:46] chrome.exe *64 - collector.githubapp.com:443 open through proxy proxy.cse.cuhk.edu.hk:5070 HTTPS
[07.26 22:01:31] msfeedssync.exe *64 - rssgov.windows.microsoft.com:80 open through proxy proxy.cse.cuhk.edu.hk:5070 HTTPS
[07.26 22:03:11] chrome.exe *64 - 15.client-channel.google.com:443 close, 474 bytes sent, 4464 bytes (4.35 KB) received, lifetime 00:11
[07.26 22:06:02] SGTool.exe - config.pinyin.sogou.com:80 error : Could not connect through proxy proxy.cse.cuhk.edu.hk:5070 - Proxy closed the connection unexpectedly.
[07.27 03:00:21] chrome.exe *64 - clients5.google.com:443 open through proxy proxy.cse.cuhk.edu.hk:5070 HTTPS
[07.27 03:00:29] chrome.exe *64 - ssl.gstatic.com:443 open through proxy proxy.cse.cuhk.edu.hk:5070 HTTPS
[07.27 03:05:29] chrome.exe *64 - clients2.google.com:443 close, 733 bytes sent, 292 bytes received, lifetime 04:00
[07.27 04:00:12] SogouCloud.exe - security.ie.sogou.com:80 close, 735 bytes sent, 184 bytes received, lifetime 00:01
[07.27 04:17:03] chrome.exe *64 - mtalk.google.com:5228 error : Could not connect through proxy proxy.cse.cuhk.edu.hk:5070 - Proxy server cannot establish a connection with the target, status code 403
[07.27 04:51:30] chrome.exe *64 - play.google.com:443 open through proxy proxy.cse.cuhk.edu.hk:5070 HTTPS
[07.27 05:00:53] SGTool.exe - tc.dl.pinyin.sogoucdn.com:80 open through proxy proxy.cse.cuhk.edu.hk:5070 HTTPS
[07.27 05:05:50] chrome.exe *64 - qa.sockets.stackexchange.com:443 error : Could not connect to proxy proxy.cse.cuhk.edu.hk:5070 - connection attempt failed with error 10061
[07.27 05:05:54] chrome.exe *64 - 16.client-channel.google.com:443 error : Could not connect to proxy proxy.cse.cuhk.edu.hk:5070 - connection attempt failed with error 10061
[07.27 05:06:22] chrome.exe *64 - mtalk.google.com:5228 error : Could not connect to proxy proxy.cse.cuhk.edu.hk:5070 - connection attempt failed with error 10061
[07.27 05:09:52] Dropbox.exe - bolt.dropbox.com:443 error : Could not connect to proxy proxy.cse.cuhk.edu.hk:5070 - connection attempt failed with error 10061
[07.27 05:20:57] chrome.exe *64 - clients6.google.com:443 close, 3215 bytes (3.13 KB) sent, 1174 bytes (1.14 KB) received, lifetime 06:07
[07.27 05:32:52] chrome.exe *64 - clients4.google.com:443 close, 2302 bytes (2.24 KB) sent, 5187 bytes (5.06 KB) received, lifetime 02:02
[07.27 06:01:20] Dropbox.exe - client-cf.dropbox.com:443 close, 913 bytes sent, 3881 bytes (3.79 KB) received, lifetime 01:00
[07.27 07:01:13] SogouCloud.exe - get.sogou.com:80 close, 651 bytes sent, 328 bytes received, lifetime 00:01
[07.27 07:01:54] SogouCloud.exe - get.sogou.com:80 open through proxy proxy.cse.cuhk.edu.hk:5070 HTTPS
[07.27 07:06:06] SGTool.exe - info.pinyin.sogou.com:80 close, 561 bytes sent, 166 bytes received, lifetime 00:30
[07.27 07:45:55] chrome.exe *64 - clients6.google.com:443 close, 5015 bytes (4.89 KB) sent, 2599 bytes (2.53 KB) received, lifetime 06:47
[07.27 08:22:45] chrome.exe *64 - clients4.google.com:443 open through proxy proxy.cse.cuhk.edu.hk:5070 HTTPS
[07.27 08:38:54] svchost.exe *64 - pki.google.com:80 open through proxy proxy.cse.cuhk.edu.hk:5070 HTTPS
[07.27 09:00:14] chrome.exe *64 - clientservices.googleapis.com:443 open through proxy proxy.cse.cuhk.edu.hk:5070 HTTPS
[07.27 09:21:05] chrome.exe *64 - clients6.google.com:443 close, 2867 bytes (2.79 KB) sent, 1014 bytes received, lifetime 05:39
[07.27 09:48:46] SohuNews.exe - css.sohu.com:80 open through proxy proxy.cse.cuhk.edu.hk:5070 HTTPS
[07.27 09:48:53] SohuNews.exe - txt.go.sohu.com:80 close, 606 bytes sent, 857 bytes received, lifetime 00:07
[07.27 09:49:19] SohuNews.exe - i2.itc.cn:80 close, 1330 bytes (1.29 KB) sent, 62141 bytes (60.6 KB) received, lifetime 00:33
[07.27 09:49:55] SohuNews.exe - at.mct01.com:80 open through proxy proxy.cse.cuhk.edu.hk:5070 HTTPS
[07.27 09:50:44] chrome.exe *64 - s2.googleusercontent.com:443 close, 470 bytes sent, 4691 bytes (4.58 KB) received, lifetime 00:14
[07.27 09:53:32] chrome.exe *64 - r2---sn-i3b7kn7r.googlevideo.com:443 open through proxy proxy.cse.cuhk.edu.hk:5070 HTTPS
[07.27 10:00:11] YodaoDict.exe - cidian.youdao.com:80 close, 923 bytes sent, 456 bytes received, lifetime 09:53
[07.27 10:06:38] chrome.exe *64 - www.gstatic.com:443 close, 1239 bytes (1.20 KB) sent, 20185 bytes (19.7 KB) received, lifetime 04:00
[07.27 10:21:07] chrome.exe *64 - r6---sn-i3b7knl6.googlevideo.com:443 close, 733 bytes sent, 151 bytes received, lifetime 00:15
[07.27 10:22:19] chrome.exe *64 - drive-thirdparty.googleusercontent.com:443 open through proxy proxy.cse.cuhk.edu.hk:5070 HTTPS
[07.27 10:22:39] chrome.exe *64 - www.baidu.com:80 open through proxy proxy.cse.cuhk.edu.hk:5070 HTTPS
[07.27 10:22:55] chrome.exe *64 - xueshu.baidu.com:80 open through proxy proxy.cse.cuhk.edu.hk:5070 HTTPS
[07.27 10:23:08] chrome.exe *64 - eclick.baidu.com:443 open through proxy proxy.cse.cuhk.edu.hk:5070 HTTPS
[07.27 10:23:30] chrome.exe *64 - cpro.baidustatic.com:443 close, 334 bytes sent, 3713 bytes (3.62 KB) received, lifetime 00:22
