[10.30 16:49:07] chrome.exe - proxy.cse.cuhk.edu.hk:5070 open through proxy proxy.cse.cuhk.edu.hk:5070 HTTPS
[10.30 16:49:08] chrome.exe - proxy.cse.cuhk.edu.hk:5070 close, 445 bytes sent, 5174 bytes (5.05 KB) received, lifetime <1 sec
[10.30 16:49:09] chrome.exe - proxy.cse.cuhk.edu.hk:5070 close, 1165 bytes (1.13 KB) sent, 815 bytes received, lifetime <1 sec
[10.30 16:49:09] chrome.exe - proxy.cse.cuhk.edu.hk:5070 open through proxy proxy.cse.cuhk.edu.hk:5070 HTTPS
[10.30 16:49:10] chrome.exe - proxy.cse.cuhk.edu.hk:5070 close, 1143 bytes (1.11 KB) sent, 365 bytes received, lifetime 00:01
[10.30 16:49:10] chrome.exe - proxy.cse.cuhk.edu.hk:5070 close, 845 bytes sent, 12076 bytes (11.7 KB) received, lifetime <1 sec
[10.30 16:49:11] chrome.exe - proxy.cse.cuhk.edu.hk:5070 close, 431 bytes sent, 7896 bytes (7.71 KB) received, lifetime <1 sec
[10.30 16:49:12] chrome.exe - proxy.cse.cuhk.edu.hk:5070 close, 416 bytes sent, 10670 bytes (10.4 KB) received, lifetime 00:01
[10.30 16:49:15] chrome.exe - proxy.cse.cuhk.edu.hk:5070 open through proxy proxy.cse.cuhk.edu.hk:5070 HTTPS
[10.30 16:49:28] chrome.exe - proxy.cse.cuhk.edu.hk:5070 close, 1133 bytes (1.10 KB) sent, 11393 bytes (11.1 KB) received, lifetime <1 sec
[10.30 16:49:28] chrome.exe - proxy.cse.cuhk.edu.hk:5070 close, 704 bytes sent, 2476 bytes (2.41 KB) received, lifetime <1 sec
[10.30 16:49:28] chrome.exe - proxy.cse.cuhk.edu.hk:5070 open through proxy proxy.cse.cuhk.edu.hk:5070 HTTPS
[10.30 16:49:29] chrome.exe - proxy.cse.cuhk.edu.hk:5070 open through proxy proxy.cse.cuhk.edu.hk:5070 HTTPS
[10.30 16:49:29] chrome.exe - proxy.cse.cuhk.edu.hk:5070 open through proxy proxy.cse.cuhk.edu.hk:5070 HTTPS
[10.30 16:49:30] chrome.exe - proxy.cse.cuhk.edu.hk:5070 open through proxy proxy.cse.cuhk.edu.hk:5070 HTTPS
[10.30 16:49:31] chrome.exe - proxy.cse.cuhk.edu.hk:5070 close, 1257 bytes (1.22 KB) sent, 421 bytes received, lifetime <1 sec
[10.30 16:49:32] chrome.exe - proxy.cse.cuhk.edu.hk:5070 close, 0 bytes sent, 0 bytes received, lifetime 00:01
[10.30 16:49:52] chrome.exe - proxy.cse.cuhk.edu.hk:5070 open through proxy proxy.cse.cuhk.edu.hk:5070 HTTPS
[10.30 16:49:53] chrome.exe - proxy.cse.cuhk.edu.hk:5070 open through proxy proxy.cse.cuhk.edu.hk:5070 HTTPS
[10.30 16:49:54] chrome.exe - proxy.cse.cuhk.edu.hk:5070 close, 489 bytes sent, 566 bytes received, lifetime <1 sec
[10.30 16:49:56] chrome.exe - proxy.cse.cuhk.edu.hk:5070 open through proxy proxy.cse.cuhk.edu.hk:5070 HTTPS
[10.30 16:50:10] chrome.exe - proxy.cse.cuhk.edu.hk:5070 close, 1198 bytes (1.16 KB) sent, 344 bytes received, lifetime <1 sec
[10.30 16:52:30] Dropbox.exe - proxy.cse.cuhk.edu.hk:5070 close, 1853 bytes (1.80 KB) sent, 4179 bytes (4.08 KB) received, lifetime 02:00
[10.30 16:53:24] chrome.exe - proxy.cse.cuhk.edu.hk:5070 open through proxy proxy.cse.cuhk.edu.hk:5070 HTTPS
[10.30 16:53:24] chrome.exe - proxy.cse.cuhk.edu.hk:5070 close, 1325 bytes (1.29 KB) sent, 511 bytes received, lifetime <1 sec
[10.30 16:53:24] chrome.exe - proxy.cse.cuhk.edu.hk:5070 open through proxy proxy.cse.cuhk.edu.hk:5070 HTTPS
[10.30 16:54:07] chrome.exe - proxy.cse.cuhk.edu.hk:5070 open through proxy proxy.cse.cuhk.edu.hk:5070 HTTPS
[10.30 16:54:07] chrome.exe - proxy.cse.cuhk.edu.hk:5070 open through proxy proxy.cse.cuhk.edu.hk:5070 HTTPS
[10.30 16:54:07] chrome.exe - proxy.cse.cuhk.edu.hk:5070 open through proxy proxy.cse.cuhk.edu.hk:5070 HTTPS
[10.30 16:54:08] chrome.exe - proxy.cse.cuhk.edu.hk:5070 close, 3637 bytes (3.55 KB) sent, 1432 bytes (1.39 KB) received, lifetime 00:01
[10.30 16:54:12] chrome.exe - proxy.cse.cuhk.edu.hk:5070 open through proxy proxy.cse.cuhk.edu.hk:5070 HTTPS
[10.30 16:58:25] Wiz.exe - proxy.cse.cuhk.edu.hk:5070 close, 2636 bytes (2.57 KB) sent, 2279 bytes (2.22 KB) received, lifetime 01:05
[10.30 17:07:51] chrome.exe - proxy.cse.cuhk.edu.hk:5070 close, 946 bytes sent, 783 bytes received, lifetime <1 sec
[10.30 17:08:02] chrome.exe - proxy.cse.cuhk.edu.hk:5070 close, 1769 bytes (1.72 KB) sent, 61234 bytes (59.7 KB) received, lifetime 00:02
[10.30 17:10:38] chrome.exe - proxy.cse.cuhk.edu.hk:5070 open through proxy proxy.cse.cuhk.edu.hk:5070 HTTPS
[10.30 17:12:14] chrome.exe - proxy.cse.cuhk.edu.hk:5070 close, 35850 bytes (35.0 KB) sent, 13903 bytes (13.5 KB) received, lifetime 04:12
[10.30 17:17:17] chrome.exe - proxy.cse.cuhk.edu.hk:5070 open through proxy proxy.cse.cuhk.edu.hk:5070 HTTPS
[10.30 17:18:51] chrome.exe - proxy.cse.cuhk.edu.hk:5070 close, 3553 bytes (3.46 KB) sent, 71424 bytes (69.7 KB) received, lifetime 01:34
[10.30 17:20:23] chrome.exe - proxy.cse.cuhk.edu.hk:5070 close, 18242 bytes (17.8 KB) sent, 10525 bytes (10.2 KB) received, lifetime 02:58
[10.30 17:22:29] chrome.exe - proxy.cse.cuhk.edu.hk:5070 close, 18965 bytes (18.5 KB) sent, 9771 bytes (9.54 KB) received, lifetime 02:05
[10.30 17:34:48] chrome.exe - proxy.cse.cuhk.edu.hk:5070 open through proxy proxy.cse.cuhk.edu.hk:5070 HTTPS
[10.30 17:35:58] chrome.exe - proxy.cse.cuhk.edu.hk:5070 open through proxy proxy.cse.cuhk.edu.hk:5070 HTTPS
[10.30 17:36:00] chrome.exe - proxy.cse.cuhk.edu.hk:5070 close, 811 bytes sent, 186 bytes received, lifetime 00:02
[10.30 17:36:02] chrome.exe - proxy.cse.cuhk.edu.hk:5070 open through proxy proxy.cse.cuhk.edu.hk:5070 HTTPS
[10.30 17:37:05] chrome.exe - proxy.cse.cuhk.edu.hk:5070 close, 2800 bytes (2.73 KB) sent, 17757 bytes (17.3 KB) received, lifetime 01:07
[10.30 17:37:50] chrome.exe - proxy.cse.cuhk.edu.hk:5070 close, 4567 bytes (4.45 KB) sent, 1432 bytes (1.39 KB) received, lifetime 00:29
[10.30 17:37:54] chrome.exe - proxy.cse.cuhk.edu.hk:5070 open through proxy proxy.cse.cuhk.edu.hk:5070 HTTPS
[10.30 17:38:06] chrome.exe - proxy.cse.cuhk.edu.hk:5070 open through proxy proxy.cse.cuhk.edu.hk:5070 HTTPS
[10.30 17:39:01] chrome.exe - proxy.cse.cuhk.edu.hk:5070 close, 0 bytes sent, 0 bytes received, lifetime 00:01
[10.30 17:40:01] chrome.exe - proxy.cse.cuhk.edu.hk:5070 open through proxy proxy.cse.cuhk.edu.hk:5070 HTTPS
[10.30 17:40:03] chrome.exe - proxy.cse.cuhk.edu.hk:5070 open through proxy proxy.cse.cuhk.edu.hk:5070 HTTPS
[10.30 17:40:07] chrome.exe - proxy.cse.cuhk.edu.hk:5070 open through proxy proxy.cse.cuhk.edu.hk:5070 HTTPS
[10.30 17:40:21] chrome.exe - proxy.cse.cuhk.edu.hk:5070 open through proxy proxy.cse.cuhk.edu.hk:5070 HTTPS
[10.30 17:40:22] chrome.exe - proxy.cse.cuhk.edu.hk:5070 open through proxy proxy.cse.cuhk.edu.hk:5070 HTTPS
[10.30 17:43:01] chrome.exe - proxy.cse.cuhk.edu.hk:5070 close, 1731 bytes (1.69 KB) sent, 864 bytes received, lifetime 02:53
[10.30 17:46:44] QQ.exe - tcpconn6.tencent.com:80 close, 0 bytes sent, 0 bytes received, lifetime <1 sec
[10.30 17:47:23] QQ.exe - cgi.qqweb.qq.com:80 open through proxy proxy.cse.cuhk.edu.hk:5070 HTTPS
[10.30 17:51:13] QQ.exe - showxml.qq.com:80 close, 600 bytes sent, 1716 bytes (1.67 KB) received, lifetime <1 sec
[10.30 17:52:19] YodaoDict.exe - proxy.cse.cuhk.edu.hk:5070 open through proxy proxy.cse.cuhk.edu.hk:5070 HTTPS
[10.30 17:53:51] Wiz.exe - proxy.cse.cuhk.edu.hk:5070 open through proxy proxy.cse.cuhk.edu.hk:5070 HTTPS
[10.30 17:56:05] WeChat.exe - proxy.cse.cuhk.edu.hk:5070 close, 451 bytes sent, 353 bytes received, lifetime <1 sec
[10.30 17:59:13] firefox.exe - proxy.cse.cuhk.edu.hk:5070 open through proxy proxy.cse.cuhk.edu.hk:5070 HTTPS
[10.30 17:59:58] firefox.exe - proxy.cse.cuhk.edu.hk:5070 close, 1555 bytes (1.51 KB) sent, 457464 bytes (446 KB) received, lifetime 00:46
[10.30 18:00:15] firefox.exe - proxy.cse.cuhk.edu.hk:5070 open through proxy proxy.cse.cuhk.edu.hk:5070 HTTPS
[10.30 18:01:08] firefox.exe - proxy.cse.cuhk.edu.hk:5070 close, 2928 bytes (2.85 KB) sent, 567520 bytes (554 KB) received, lifetime 01:55
[10.30 18:02:12] firefox.exe - proxy.cse.cuhk.edu.hk:5070 close, 2531 bytes (2.47 KB) sent, 59451 bytes (58.0 KB) received, lifetime 02:00
[10.30 18:03:16] Skype.exe - proxy.cse.cuhk.edu.hk:5070 open through proxy proxy.cse.cuhk.edu.hk:5070 HTTPS
[10.30 18:03:37] Skype.exe - proxy.cse.cuhk.edu.hk:5070 open through proxy proxy.cse.cuhk.edu.hk:5070 HTTPS
[10.30 18:03:47] firefox.exe - proxy.cse.cuhk.edu.hk:5070 open through proxy proxy.cse.cuhk.edu.hk:5070 HTTPS
[10.30 18:07:09] chrome.exe - proxy.cse.cuhk.edu.hk:5070 open through proxy proxy.cse.cuhk.edu.hk:5070 HTTPS
[10.30 18:08:08] chrome.exe - proxy.cse.cuhk.edu.hk:5070 open through proxy proxy.cse.cuhk.edu.hk:5070 HTTPS
[10.30 18:10:30] chrome.exe - proxy.cse.cuhk.edu.hk:5070 close, 1398 bytes (1.36 KB) sent, 11654 bytes (11.3 KB) received, lifetime 00:01
[10.30 18:13:30] chrome.exe - proxy.cse.cuhk.edu.hk:5070 close, 952 bytes sent, 13595 bytes (13.2 KB) received, lifetime 03:00
[10.30 20:39:42] chrome.exe - proxy.cse.cuhk.edu.hk:5070 open through proxy proxy.cse.cuhk.edu.hk:5070 HTTPS
[10.30 20:39:44] chrome.exe - proxy.cse.cuhk.edu.hk:5070 open through proxy proxy.cse.cuhk.edu.hk:5070 HTTPS
[10.30 20:39:47] YodaoDict.exe - proxy.cse.cuhk.edu.hk:5070 close, 31257 bytes (30.5 KB) sent, 1846301 bytes (1.76 MB) received, lifetime 01:33
[10.30 20:40:04] chrome.exe - proxy.cse.cuhk.edu.hk:5070 open through proxy proxy.cse.cuhk.edu.hk:5070 HTTPS
[10.30 20:40:08] chrome.exe - proxy.cse.cuhk.edu.hk:5070 close, 1119 bytes (1.09 KB) sent, 417 bytes received, lifetime <1 sec
[10.30 20:40:11] chrome.exe - proxy.cse.cuhk.edu.hk:5070 open through proxy proxy.cse.cuhk.edu.hk:5070 HTTPS
[10.30 20:40:16] chrome.exe - proxy.cse.cuhk.edu.hk:5070 close, 1010 bytes sent, 5219 bytes (5.09 KB) received, lifetime 04:00
[10.30 20:42:17] chrome.exe - proxy.cse.cuhk.edu.hk:5070 close, 2464 bytes (2.40 KB) sent, 1010 bytes received, lifetime 02:01
[10.30 20:42:41] chrome.exe - proxy.cse.cuhk.edu.hk:5070 close, 1354 bytes (1.32 KB) sent, 902 bytes received, lifetime 00:15
[10.30 20:42:42] chrome.exe - proxy.cse.cuhk.edu.hk:5070 close, 1318 bytes (1.28 KB) sent, 427 bytes received, lifetime 00:01
[10.30 20:42:46] chrome.exe - proxy.cse.cuhk.edu.hk:5070 close, 0 bytes sent, 0 bytes received, lifetime 00:03
[10.30 20:42:49] chrome.exe - proxy.cse.cuhk.edu.hk:5070 open through proxy proxy.cse.cuhk.edu.hk:5070 HTTPS
[10.30 20:43:43] chrome.exe - proxy.cse.cuhk.edu.hk:5070 open through proxy proxy.cse.cuhk.edu.hk:5070 HTTPS
[10.30 20:43:46] chrome.exe - proxy.cse.cuhk.edu.hk:5070 open through proxy proxy.cse.cuhk.edu.hk:5070 HTTPS
[10.30 20:43:46] chrome.exe - proxy.cse.cuhk.edu.hk:5070 open through proxy proxy.cse.cuhk.edu.hk:5070 HTTPS
[10.30 20:43:47] chrome.exe - proxy.cse.cuhk.edu.hk:5070 open through proxy proxy.cse.cuhk.edu.hk:5070 HTTPS
[10.30 20:44:42] chrome.exe - proxy.cse.cuhk.edu.hk:5070 close, 5992 bytes (5.85 KB) sent, 74512 bytes (72.7 KB) received, lifetime 00:51
[10.30 20:44:49] chrome.exe - proxy.cse.cuhk.edu.hk:5070 close, 1680 bytes (1.64 KB) sent, 935 bytes received, lifetime <1 sec
[10.30 20:44:52] chrome.exe - proxy.cse.cuhk.edu.hk:5070 close, 0 bytes sent, 0 bytes received, lifetime 00:10
[10.30 20:44:54] chrome.exe - proxy.cse.cuhk.edu.hk:5070 open through proxy proxy.cse.cuhk.edu.hk:5070 HTTPS
[10.30 20:44:55] chrome.exe - proxy.cse.cuhk.edu.hk:5070 close, 0 bytes sent, 0 bytes received, lifetime 00:01
[10.30 20:44:56] chrome.exe - proxy.cse.cuhk.edu.hk:5070 close, 0 bytes sent, 0 bytes received, lifetime 00:02
[10.30 20:44:59] chrome.exe - proxy.cse.cuhk.edu.hk:5070 open through proxy proxy.cse.cuhk.edu.hk:5070 HTTPS
[10.30 20:45:07] chrome.exe - proxy.cse.cuhk.edu.hk:5070 open through proxy proxy.cse.cuhk.edu.hk:5070 HTTPS
[10.30 20:45:09] chrome.exe - proxy.cse.cuhk.edu.hk:5070 close, 0 bytes sent, 0 bytes received, lifetime <1 sec
[10.30 20:45:18] chrome.exe - proxy.cse.cuhk.edu.hk:5070 close, 2126 bytes (2.07 KB) sent, 816 bytes received, lifetime 00:08
[10.30 20:45:21] chrome.exe - proxy.cse.cuhk.edu.hk:5070 open through proxy proxy.cse.cuhk.edu.hk:5070 HTTPS
[10.30 20:45:24] chrome.exe - proxy.cse.cuhk.edu.hk:5070 close, 2224 bytes (2.17 KB) sent, 659 bytes received, lifetime 00:03
[10.30 20:45:25] chrome.exe - proxy.cse.cuhk.edu.hk:5070 close, 0 bytes sent, 0 bytes received, lifetime 00:01
[10.30 20:45:37] chrome.exe - proxy.cse.cuhk.edu.hk:5070 close, 0 bytes sent, 0 bytes received, lifetime 00:13
[10.30 20:45:57] chrome.exe - proxy.cse.cuhk.edu.hk:5070 close, 0 bytes sent, 0 bytes received, lifetime 00:16
[10.30 20:45:58] chrome.exe - proxy.cse.cuhk.edu.hk:5070 close, 941 bytes sent, 401 bytes received, lifetime 00:01
[10.30 20:46:17] chrome.exe - proxy.cse.cuhk.edu.hk:5070 close, 0 bytes sent, 0 bytes received, lifetime 00:20
[10.30 20:46:20] chrome.exe - proxy.cse.cuhk.edu.hk:5070 close, 1155 bytes (1.12 KB) sent, 378 bytes received, lifetime 00:01
[10.30 20:46:25] chrome.exe - proxy.cse.cuhk.edu.hk:5070 open through proxy proxy.cse.cuhk.edu.hk:5070 HTTPS
[10.30 20:46:50] chrome.exe - proxy.cse.cuhk.edu.hk:5070 close, 2132 bytes (2.08 KB) sent, 822 bytes received, lifetime 00:29
[10.30 20:46:57] chrome.exe - proxy.cse.cuhk.edu.hk:5070 close, 2842 bytes (2.77 KB) sent, 279 bytes received, lifetime 00:05
[10.30 20:47:15] chrome.exe - proxy.cse.cuhk.edu.hk:5070 close, 696 bytes sent, 889 bytes received, lifetime <1 sec
[10.30 20:47:39] chrome.exe - proxy.cse.cuhk.edu.hk:5070 close, 0 bytes sent, 0 bytes received, lifetime 00:05
[10.30 20:47:40] chrome.exe - proxy.cse.cuhk.edu.hk:5070 open through proxy proxy.cse.cuhk.edu.hk:5070 HTTPS
[10.30 20:47:55] YodaoDict.exe - oimagea5.ydstatic.com:80 error : A connection request was canceled before the completion. 
[10.30 20:48:27] chrome.exe - proxy.cse.cuhk.edu.hk:5070 close, 0 bytes sent, 0 bytes received, lifetime 00:01
[10.30 20:48:33] chrome.exe - proxy.cse.cuhk.edu.hk:5070 open through proxy proxy.cse.cuhk.edu.hk:5070 HTTPS
[10.30 20:48:44] chrome.exe - proxy.cse.cuhk.edu.hk:5070 close, 2535 bytes (2.47 KB) sent, 750 bytes received, lifetime 00:15
[10.30 20:48:46] chrome.exe - proxy.cse.cuhk.edu.hk:5070 open through proxy proxy.cse.cuhk.edu.hk:5070 HTTPS
[10.30 20:49:03] chrome.exe - proxy.cse.cuhk.edu.hk:5070 open through proxy proxy.cse.cuhk.edu.hk:5070 HTTPS
[10.30 20:49:13] chrome.exe - proxy.cse.cuhk.edu.hk:5070 open through proxy proxy.cse.cuhk.edu.hk:5070 HTTPS
[10.30 20:49:49] chrome.exe - proxy.cse.cuhk.edu.hk:5070 open through proxy proxy.cse.cuhk.edu.hk:5070 HTTPS
[10.30 20:52:14] chrome.exe - proxy.cse.cuhk.edu.hk:5070 open through proxy proxy.cse.cuhk.edu.hk:5070 HTTPS
[10.30 20:57:25] WeChat.exe - proxy.cse.cuhk.edu.hk:5070 open through proxy proxy.cse.cuhk.edu.hk:5070 HTTPS
[10.30 21:03:57] chrome.exe - proxy.cse.cuhk.edu.hk:5070 close, 3090 bytes (3.01 KB) sent, 1093 bytes (1.06 KB) received, lifetime 04:00
[10.30 21:05:38] chrome.exe - proxy.cse.cuhk.edu.hk:5070 open through proxy proxy.cse.cuhk.edu.hk:5070 HTTPS
[10.30 21:05:40] chrome.exe - proxy.cse.cuhk.edu.hk:5070 open through proxy proxy.cse.cuhk.edu.hk:5070 HTTPS
[10.30 21:05:45] chrome.exe - proxy.cse.cuhk.edu.hk:5070 close, 0 bytes sent, 0 bytes received, lifetime 00:04
[10.30 21:06:31] chrome.exe - proxy.cse.cuhk.edu.hk:5070 open through proxy proxy.cse.cuhk.edu.hk:5070 HTTPS
[10.30 21:07:09] chrome.exe - proxy.cse.cuhk.edu.hk:5070 open through proxy proxy.cse.cuhk.edu.hk:5070 HTTPS
[10.30 21:10:12] chrome.exe - proxy.cse.cuhk.edu.hk:5070 close, 1237 bytes (1.20 KB) sent, 1164 bytes (1.13 KB) received, lifetime 04:00
[10.30 21:12:56] YodaoDict.exe - oimagea3.ydstatic.com:80 error : A connection request was canceled before the completion. 
[10.30 21:14:05] YodaoDict.exe - oimageb2.ydstatic.com:80 error : A connection request was canceled before the completion. 
[10.30 21:14:59] YodaoDict.exe - oimagea7.ydstatic.com:80 close, 414 bytes sent, 41182 bytes (40.2 KB) received, lifetime 00:30
[10.30 21:16:41] YodaoDict.exe - oimagec1.ydstatic.com:80 error : A connection request was canceled before the completion. 
[10.30 21:19:19] chrome.exe - proxy.cse.cuhk.edu.hk:5070 open through proxy proxy.cse.cuhk.edu.hk:5070 HTTPS
[10.30 21:19:21] chrome.exe - proxy.cse.cuhk.edu.hk:5070 close, 5349 bytes (5.22 KB) sent, 1767 bytes (1.72 KB) received, lifetime <1 sec
[10.30 21:19:34] chrome.exe - proxy.cse.cuhk.edu.hk:5070 open through proxy proxy.cse.cuhk.edu.hk:5070 HTTPS
[10.30 21:21:33] chrome.exe - proxy.cse.cuhk.edu.hk:5070 open through proxy proxy.cse.cuhk.edu.hk:5070 HTTPS
[10.30 21:21:36] chrome.exe - proxy.cse.cuhk.edu.hk:5070 close, 564 bytes sent, 28902 bytes (28.2 KB) received, lifetime <1 sec
[07.26 13:30:43] chrome.exe *64 - timg.baidu.com:80 open through proxy proxy.cse.cuhk.edu.hk:5070 HTTPS
[07.26 13:30:48] chrome.exe *64 - www.4399.cn:80 open through proxy proxy.cse.cuhk.edu.hk:5070 HTTPS
[07.26 13:30:57] chrome.exe *64 - b1.bdstatic.com:80 close, 389 bytes sent, 409 bytes received, lifetime 00:21
[07.26 13:31:09] chrome.exe *64 - m.news.4399.com:80 close, 0 bytes sent, 0 bytes received, lifetime 00:19
[07.26 13:31:49] chrome.exe *64 - dup.baidustatic.com:443 close, 814 bytes sent, 4145 bytes (4.04 KB) received, lifetime 01:00
[07.26 13:40:11] chrome.exe *64 - clients6.google.com:443 close, 3216 bytes (3.14 KB) sent, 2391 bytes (2.33 KB) received, lifetime 05:04
[07.26 13:44:26] Dropbox.exe - d.dropbox.com:443 open through proxy proxy.cse.cuhk.edu.hk:5070 HTTPS
[07.26 13:46:41] chrome.exe *64 - timg.baidu.com:80 open through proxy proxy.cse.cuhk.edu.hk:5070 HTTPS
[07.26 13:46:51] chrome.exe *64 - timg.baidu.com:80 close, 0 bytes sent, 0 bytes received, lifetime 00:10
[07.26 13:47:11] chrome.exe *64 - z13.cnzz.com:80 close, 0 bytes sent, 0 bytes received, lifetime 00:19
[07.26 13:47:37] chrome.exe *64 - app.4399.cn:80 open through proxy proxy.cse.cuhk.edu.hk:5070 HTTPS
[07.26 13:47:38] chrome.exe *64 - www.4399.com:80 open through proxy proxy.cse.cuhk.edu.hk:5070 HTTPS
[07.26 13:48:30] chrome.exe *64 - www.youtube.com:443 close, 30789 bytes (30.0 KB) sent, 164940 bytes (161 KB) received, lifetime 07:44
[07.26 13:55:07] WeChat.exe - qbwup.imtt.qq.com:80 close, 494 bytes sent, 208 bytes received, lifetime 00:33
[07.26 14:05:23] SogouCloud.exe - get.sogou.com:80 close, 759 bytes sent, 51462 bytes (50.2 KB) received, lifetime 00:05
[07.26 14:11:09] SGTool.exe - info.pinyin.sogou.com:80 close, 1020 bytes sent, 607 bytes received, lifetime 00:30
[07.26 14:13:10] chrome.exe *64 - f-log-extension.grammarly.io:443 open through proxy proxy.cse.cuhk.edu.hk:5070 HTTPS
[07.26 14:21:41] chrome.exe *64 - ssl.gstatic.com:443 open through proxy proxy.cse.cuhk.edu.hk:5070 HTTPS
[07.26 14:25:47] chrome.exe *64 - ogs.google.com:443 open through proxy proxy.cse.cuhk.edu.hk:5070 HTTPS
[07.26 14:30:32] chrome.exe *64 - t12.baidu.com:80 open through proxy proxy.cse.cuhk.edu.hk:5070 HTTPS
[07.26 14:30:32] chrome.exe *64 - d3cv4a9a9wh0bt.cloudfront.net:443 open through proxy proxy.cse.cuhk.edu.hk:5070 HTTPS
[07.26 14:31:08] chrome.exe *64 - i9.baidu.com:80 close, 0 bytes sent, 0 bytes received, lifetime 00:27
[07.26 14:31:31] chrome.exe *64 - ubmcmm.baidustatic.com:80 close, 0 bytes sent, 0 bytes received, lifetime 00:19
[07.26 14:39:29] chrome.exe *64 - clients4.google.com:443 close, 11736 bytes (11.4 KB) sent, 8496 bytes (8.29 KB) received, lifetime 08:46
[07.26 14:45:38] chrome.exe *64 - sestat.baidu.com:80 open through proxy proxy.cse.cuhk.edu.hk:5070 HTTPS
[07.26 14:45:39] chrome.exe *64 - sclick.baidu.com:80 open through proxy proxy.cse.cuhk.edu.hk:5070 HTTPS
[07.26 14:45:50] chrome.exe *64 - hpd.baidu.com:443 open through proxy proxy.cse.cuhk.edu.hk:5070 HTTPS
[07.26 14:51:20] chrome.exe *64 - clients5.google.com:443 open through proxy proxy.cse.cuhk.edu.hk:5070 HTTPS
[07.26 14:51:26] chrome.exe *64 - www.evernote.com:443 open through proxy proxy.cse.cuhk.edu.hk:5070 HTTPS
[07.26 14:51:37] chrome.exe *64 - www.3367.com:80 open through proxy proxy.cse.cuhk.edu.hk:5070 HTTPS
[07.26 14:51:46] chrome.exe *64 - changyan.sohu.com:80 close, 6361 bytes (6.21 KB) sent, 6197 bytes (6.05 KB) received, lifetime 00:08
[07.26 14:52:40] chrome.exe *64 - upload.3367.com:80 close, 2331 bytes (2.27 KB) sent, 440133 bytes (429 KB) received, lifetime 01:01
[07.26 14:59:22] chrome.exe *64 - mtalk.google.com:443 close, 985 bytes sent, 447 bytes received, lifetime 14:59
[07.26 15:07:00] chrome.exe *64 - long.open.weixin.qq.com:443 open through proxy proxy.cse.cuhk.edu.hk:5070 HTTPS
[07.26 15:08:57] chrome.exe *64 - csi.gstatic.com:443 open through proxy proxy.cse.cuhk.edu.hk:5070 HTTPS
[07.26 15:11:08] SGTool.exe - info.pinyin.sogou.com:80 close, 1020 bytes sent, 607 bytes received, lifetime 00:30
[07.26 15:13:31] chrome.exe *64 - www.google-analytics.com:443 close, 1770 bytes (1.72 KB) sent, 5146 bytes (5.02 KB) received, lifetime 04:02
[07.26 15:14:29] chrome.exe *64 - github.com:443 open through proxy proxy.cse.cuhk.edu.hk:5070 HTTPS
[07.26 15:20:54] chrome.exe *64 - people-pa.clients6.google.com:443 open through proxy proxy.cse.cuhk.edu.hk:5070 HTTPS
[07.26 15:21:30] Dropbox.exe - client-cf.dropbox.com:443 open through proxy proxy.cse.cuhk.edu.hk:5070 HTTPS
[07.26 15:23:51] GitHub.exe - github-windows.s3.amazonaws.com:443 open through proxy proxy.cse.cuhk.edu.hk:5070 HTTPS
[07.26 15:25:19] chrome.exe *64 - zhihu-web-analytics.zhihu.com:443 close, 343 bytes sent, 3122 bytes (3.04 KB) received, lifetime 00:11
[07.26 15:25:56] chrome.exe *64 - www.google-analytics.com:443 open through proxy proxy.cse.cuhk.edu.hk:5070 HTTPS
[07.26 15:29:30] chrome.exe *64 - lh6.googleusercontent.com:443 open through proxy proxy.cse.cuhk.edu.hk:5070 HTTPS
[07.26 15:29:57] chrome.exe *64 - fonts.gstatic.com:443 close, 463 bytes sent, 4786 bytes (4.67 KB) received, lifetime 00:23
[07.26 15:30:08] chrome.exe *64 - wx2.sinaimg.cn:80 open through proxy proxy.cse.cuhk.edu.hk:5070 HTTPS
[07.26 15:30:11] chrome.exe *64 - d0.sina.com.cn:443 close, 328 bytes sent, 3654 bytes (3.56 KB) received, lifetime <1 sec
[07.26 15:30:26] chrome.exe *64 - gtms03.alicdn.com:80 open through proxy proxy.cse.cuhk.edu.hk:5070 HTTPS
[07.26 15:32:23] chrome.exe *64 - gtms03.alicdn.com:80 close, 399 bytes sent, 498 bytes received, lifetime 02:06
[07.26 15:33:41] chrome.exe *64 - rm.api.weibo.com:80 open through proxy proxy.cse.cuhk.edu.hk:5070 HTTPS
[07.26 15:35:28] chrome.exe *64 - live.github.com:443 open through proxy proxy.cse.cuhk.edu.hk:5070 HTTPS
[07.26 15:39:37] git-remote-https.exe - proxy.cse.cuhk.edu.hk:5070 open through proxy proxy.cse.cuhk.edu.hk:5070 HTTPS
[07.26 15:52:01] WeChat.exe - short.weixin.qq.com:80 open through proxy proxy.cse.cuhk.edu.hk:5070 HTTPS
[07.26 16:01:10] GoogleUpdate.exe - tools.google.com:443 open through proxy proxy.cse.cuhk.edu.hk:5070 HTTPS
[07.26 16:10:36] GitHub.exe - api.github.com:443 open through proxy proxy.cse.cuhk.edu.hk:5070 HTTPS
[07.26 16:14:56] chrome.exe *64 - assets-cdn.github.com:443 close, 335 bytes sent, 4369 bytes (4.26 KB) received, lifetime 02:24
[07.26 16:21:06] chrome.exe *64 - gm1.ggpht.com:443 open through proxy proxy.cse.cuhk.edu.hk:5070 HTTPS
[07.26 16:25:20] chrome.exe *64 - csi.gstatic.com:443 close, 1397 bytes (1.36 KB) sent, 5154 bytes (5.03 KB) received, lifetime 04:01
[07.26 16:27:22] chrome.exe *64 - pixel.facebook.com:443 open through proxy proxy.cse.cuhk.edu.hk:5070 HTTPS
[07.26 16:31:50] git-remote-https.exe - proxy.cse.cuhk.edu.hk:5070 close, 999 bytes sent, 4582 bytes (4.47 KB) received, lifetime 00:02
[07.26 16:37:15] GitHub.exe - api.github.com:443 close, 781 bytes sent, 6147 bytes (6.00 KB) received, lifetime 00:11
[07.26 16:43:17] chrome.exe *64 - avatars1.githubusercontent.com:443 close, 1145 bytes (1.11 KB) sent, 666 bytes received, lifetime 05:03
[07.26 16:44:14] chrome.exe *64 - clients6.google.com:443 close, 3504 bytes (3.42 KB) sent, 7037 bytes (6.87 KB) received, lifetime 06:52
[07.26 16:48:51] chrome.exe *64 - avatars3.githubusercontent.com:443 close, 2194 bytes (2.14 KB) sent, 11695 bytes (11.4 KB) received, lifetime 05:29
[07.26 17:03:31] chrome.exe *64 - clients4.google.com:443 open through proxy proxy.cse.cuhk.edu.hk:5070 HTTPS
[07.26 17:05:21] GitHub.exe - api.github.com:443 open through proxy proxy.cse.cuhk.edu.hk:5070 HTTPS
[07.26 17:07:02] GitHub.exe - avatars.githubusercontent.com:443 close, 620 bytes sent, 33814 bytes (33.0 KB) received, lifetime 01:40
[07.26 17:15:34] SGTool.exe - config.pinyin.sogou.com:80 open through proxy proxy.cse.cuhk.edu.hk:5070 HTTPS
[07.26 17:18:09] chrome.exe *64 - www.googletagmanager.com:443 open through proxy proxy.cse.cuhk.edu.hk:5070 HTTPS
[07.26 17:18:20] TeamViewer_Service.exe - server26401.teamviewer.com:443 open through proxy proxy.cse.cuhk.edu.hk:5070 HTTPS
[07.26 17:23:04] chrome.exe *64 - s1.bdstatic.com:80 open through proxy proxy.cse.cuhk.edu.hk:5070 HTTPS
[07.26 17:23:51] chrome.exe *64 - play.google.com:443 close, 35212 bytes (34.3 KB) sent, 22125 bytes (21.6 KB) received, lifetime 32:07
[07.26 17:23:59] chrome.exe *64 - www.baidu.com:80 error : Could not connect to proxy proxy.cse.cuhk.edu.hk:5070 - Could not resolve proxy.cse.cuhk.edu.hk error 11001
[07.26 17:24:02] chrome.exe *64 - clients4.google.com:443 error : Could not connect to proxy proxy.cse.cuhk.edu.hk:5070 - Could not resolve proxy.cse.cuhk.edu.hk error 11001
[07.26 17:27:58] chrome.exe *64 - t11.baidu.com:80 open through proxy proxy.cse.cuhk.edu.hk:5070 HTTPS
[07.26 17:28:56] chrome.exe *64 - t12.baidu.com:80 open through proxy proxy.cse.cuhk.edu.hk:5070 HTTPS
[07.26 17:29:12] chrome.exe *64 - bdimg.share.baidu.com:80 open through proxy proxy.cse.cuhk.edu.hk:5070 HTTPS
[07.26 17:29:42] chrome.exe *64 - c.csdnimg.cn:80 close, 0 bytes sent, 0 bytes received, lifetime 00:30
[07.26 17:30:21] chrome.exe *64 - dc.csdn.net:80 open through proxy proxy.cse.cuhk.edu.hk:5070 HTTPS
[07.26 17:30:33] chrome.exe *64 - ubmcmm.baidustatic.com:443 open through proxy proxy.cse.cuhk.edu.hk:5070 HTTPS
[07.26 17:31:23] chrome.exe *64 - wn.pos.baidu.com:443 close, 0 bytes sent, 0 bytes received, lifetime 00:48
[07.26 17:39:34] chrome.exe *64 - mtalk.google.com:443 open through proxy proxy.cse.cuhk.edu.hk:5070 HTTPS
[07.26 17:44:25] chrome.exe *64 - clients6.google.com:443 close, 6703 bytes (6.54 KB) sent, 5167 bytes (5.04 KB) received, lifetime 10:52
[07.26 17:47:56] chrome.exe *64 - engine.adzerk.net:443 close, 2419 bytes (2.36 KB) sent, 4742 bytes (4.63 KB) received, lifetime 01:07
[07.26 18:02:20] WeChat.exe - short.weixin.qq.com:80 close, 409 bytes sent, 161 bytes received, lifetime <1 sec
[07.26 18:05:01] SogouCloud.exe - security.ie.sogou.com:80 open through proxy proxy.cse.cuhk.edu.hk:5070 HTTPS
[07.26 18:55:22] SogouCloud.exe - get.sogou.com:80 error : Could not connect to proxy proxy.cse.cuhk.edu.hk:5070 - Could not resolve proxy.cse.cuhk.edu.hk error 11001
[07.26 18:55:37] chrome.exe *64 - lh6.googleusercontent.com:443 close, 471 bytes sent, 4693 bytes (4.58 KB) received, lifetime 00:10
[07.26 18:56:29] chrome.exe *64 - fonts.gstatic.com:443 open through proxy proxy.cse.cuhk.edu.hk:5070 HTTPS
[07.26 18:59:41] WeChat.exe - 203.205.151.204:80 open through proxy proxy.cse.cuhk.edu.hk:5070 HTTPS
[07.26 19:00:52] tencentdl.exe - puui.qpic.cn:80 open through proxy proxy.cse.cuhk.edu.hk:5070 HTTPS
[07.26 19:00:52] tencentdl.exe - puui.qpic.cn:80 open through proxy proxy.cse.cuhk.edu.hk:5070 HTTPS
[07.26 19:00:53] tencentdl.exe - puui.qpic.cn:80 close, 379 bytes sent, 6983 bytes (6.81 KB) received, lifetime 00:01
[07.26 19:01:46] tencentdl.exe - local-p2p.qq.com:443 error : Could not connect through proxy proxy.cse.cuhk.edu.hk:5070 - Proxy server cannot establish a connection with the target, status code 503
[07.26 19:08:09] chrome.exe *64 - eclick.baidu.com:80 close, 1065 bytes (1.04 KB) sent, 311 bytes received, lifetime 00:05
[07.26 19:22:23] chrome.exe *64 - fonts.gstatic.com:443 open through proxy proxy.cse.cuhk.edu.hk:5070 HTTPS
[07.26 19:40:21] Dropbox.exe - block.dropbox.com:443 close, 0 bytes sent, 0 bytes received, lifetime <1 sec
[07.26 19:56:54] SGTool.exe - tc.dl.pinyin.sogoucdn.com:80 close, 1537 bytes (1.50 KB) sent, 7856 bytes (7.67 KB) received, lifetime 01:00
[07.26 20:15:24] BSvcProcessor.exe - g.msn.com:80 close, 170 bytes sent, 370 bytes received, lifetime 00:01
[07.26 21:20:40] chrome.exe *64 - www.google.com:443 close, 3218 bytes (3.14 KB) sent, 24541 bytes (23.9 KB) received, lifetime 10:42
[07.26 21:29:27] chrome.exe *64 - mtalk.google.com:5228 error : Could not connect through proxy proxy.cse.cuhk.edu.hk:5070 - Proxy server cannot establish a connection with the target, status code 403
[07.26 21:32:02] chrome.exe *64 - clients1.google.com:443 open through proxy proxy.cse.cuhk.edu.hk:5070 HTTPS
[07.26 21:35:52] Dropbox.exe - d.dropbox.com:443 close, 1021 bytes sent, 4906 bytes (4.79 KB) received, lifetime 01:01
[07.26 21:39:37] chrome.exe *64 - tpc.googlesyndication.com:443 open through proxy proxy.cse.cuhk.edu.hk:5070 HTTPS
[07.26 21:45:53] chrome.exe *64 - 0-edge-chat.facebook.com:443 open through proxy proxy.cse.cuhk.edu.hk:5070 HTTPS
[07.26 21:47:23] chrome.exe *64 - github.com:443 open through proxy proxy.cse.cuhk.edu.hk:5070 HTTPS
[07.26 21:50:07] Dropbox.exe - client-cf.dropbox.com:443 close, 22083 bytes (21.5 KB) sent, 71944 bytes (70.2 KB) received, lifetime 01:28
[07.26 21:55:16] WeChat.exe - 203.205.151.204:80 close, 357 bytes sent, 484 bytes received, lifetime <1 sec
[07.26 22:02:53] chrome.exe *64 - clients5.google.com:443 open through proxy proxy.cse.cuhk.edu.hk:5070 HTTPS
[07.26 22:05:59] chrome.exe *64 - people-pa.clients6.google.com:443 close, 1836 bytes (1.79 KB) sent, 4868 bytes (4.75 KB) received, lifetime 03:00
[07.27 03:00:20] SogouCloud.exe - get.sogou.com:80 open through proxy proxy.cse.cuhk.edu.hk:5070 HTTPS
[07.27 03:00:21] chrome.exe *64 - clients5.google.com:443 open through proxy proxy.cse.cuhk.edu.hk:5070 HTTPS
[07.27 03:01:10] SogouCloud.exe - get.sogou.com:80 close, 671 bytes sent, 328 bytes received, lifetime <1 sec
[07.27 03:35:18] chrome.exe *64 - play.google.com:443 open through proxy proxy.cse.cuhk.edu.hk:5070 HTTPS
[07.27 04:05:01] QQProtectUpd.exe - qdun-data.qq.com:443 open through proxy proxy.cse.cuhk.edu.hk:5070 HTTPS
[07.27 04:19:50] chrome.exe *64 - www.googleadservices.com:443 close, 1188 bytes (1.16 KB) sent, 5007 bytes (4.88 KB) received, lifetime 04:00
[07.27 05:00:49] SGTool.exe - info.pinyin.sogou.com:80 open through proxy proxy.cse.cuhk.edu.hk:5070 HTTPS
[07.27 05:02:32] chrome.exe *64 - qa.sockets.stackexchange.com:443 close, 4755 bytes (4.64 KB) sent, 4917 bytes (4.80 KB) received, lifetime 02:02:11
[07.27 05:05:53] chrome.exe *64 - www.google.com:443 error : Could not connect to proxy proxy.cse.cuhk.edu.hk:5070 - connection attempt failed with error 10061
[07.27 05:06:09] Dropbox.exe - bolt.dropbox.com:443 error : Could not connect to proxy proxy.cse.cuhk.edu.hk:5070 - connection attempt failed with error 10061
[07.27 05:07:06] chrome.exe *64 - 16.client-channel.google.com:443 error : Could not connect to proxy proxy.cse.cuhk.edu.hk:5070 - connection attempt failed with error 10061
[07.27 05:12:56] Dropbox.exe - bolt.dropbox.com:443 error : Could not connect to proxy proxy.cse.cuhk.edu.hk:5070 - connection attempt failed with error 10061
[07.27 05:30:23] Dropbox.exe - client-cf.dropbox.com:443 open through proxy proxy.cse.cuhk.edu.hk:5070 HTTPS
[07.27 06:00:14] SogouCloud.exe - security.ie.sogou.com:80 close, 691 bytes sent, 184 bytes received, lifetime <1 sec
[07.27 06:45:28] Dropbox.exe - client-lb.dropbox.com:443 open through proxy proxy.cse.cuhk.edu.hk:5070 HTTPS
[07.27 07:01:19] SogouCloud.exe - get.sogou.com:80 close, 651 bytes sent, 328 bytes received, lifetime <1 sec
[07.27 07:04:29] chrome.exe *64 - play.google.com:443 open through proxy proxy.cse.cuhk.edu.hk:5070 HTTPS
[07.27 07:27:08] chrome.exe *64 - clients6.google.com:443 open through proxy proxy.cse.cuhk.edu.hk:5070 HTTPS
[07.27 08:04:21] chrome.exe *64 - www.evernote.com:443 close, 2486 bytes (2.42 KB) sent, 2337 bytes (2.28 KB) received, lifetime 04:00
[07.27 08:30:34] Dropbox.exe - block.dropbox.com:443 close, 0 bytes sent, 0 bytes received, lifetime <1 sec
[07.27 08:53:22] chrome.exe *64 - mtalk.google.com:443 close, 985 bytes sent, 463 bytes received, lifetime 15:00
[07.27 09:15:23] chrome.exe *64 - www.evernote.com:443 open through proxy proxy.cse.cuhk.edu.hk:5070 HTTPS
[07.27 09:30:54] Dropbox.exe - log.getdropbox.com:80 open through proxy proxy.cse.cuhk.edu.hk:5070 HTTPS
[07.27 09:48:50] SohuNews.exe - mini.cpc.sogou.com:80 open through proxy proxy.cse.cuhk.edu.hk:5070 HTTPS
[07.27 09:48:56] SohuNews.exe - pv.mini.sohu.com:80 close, 1510 bytes (1.47 KB) sent, 1293 bytes (1.26 KB) received, lifetime 00:06
[07.27 09:49:47] SohuNews.exe - v.admaster.com.cn:80 open through proxy proxy.cse.cuhk.edu.hk:5070 HTTPS
[07.27 09:50:30] chrome.exe *64 - s2.googleusercontent.com:443 open through proxy proxy.cse.cuhk.edu.hk:5070 HTTPS
[07.27 09:52:32] chrome.exe *64 - d3cv4a9a9wh0bt.cloudfront.net:443 close, 820 bytes sent, 5619 bytes (5.48 KB) received, lifetime 02:00
[07.27 09:56:35] Dropbox.exe - bolt.dropbox.com:443 close, 0 bytes sent, 0 bytes received, lifetime <1 sec
[07.27 10:05:03] QQProtectUpd.exe - qdun-data.qq.com:443 close, 261 bytes sent, 70 bytes received, lifetime <1 sec
[07.27 10:20:38] chrome.exe *64 - yt3.ggpht.com:443 open through proxy proxy.cse.cuhk.edu.hk:5070 HTTPS
[07.27 10:22:17] chrome.exe *64 - f-log-extension.grammarly.io:443 open through proxy proxy.cse.cuhk.edu.hk:5070 HTTPS
[07.27 10:22:36] chrome.exe *64 - clients4.google.com:443 close, 733 bytes sent, 229 bytes received, lifetime 00:13
[07.27 10:22:45] chrome.exe *64 - www.baidu.com:80 close, 0 bytes sent, 0 bytes received, lifetime 00:06
[07.27 10:23:07] chrome.exe *64 - pic01.ishuhui.com:80 open through proxy proxy.cse.cuhk.edu.hk:5070 HTTPS
[07.27 10:23:29] chrome.exe *64 - mhfm5.us.cdndm5.com:80 open through proxy proxy.cse.cuhk.edu.hk:5070 HTTPS
[07.27 10:23:42] chrome.exe *64 - t12.baidu.com:80 close, 0 bytes sent, 0 bytes received, lifetime 00:17