[10.30 16:49:06] chrome.exe - proxy.cse.cuhk.edu.hk:5070 open through proxy proxy.cse.cuhk.edu.hk:5070 HTTPS
[10.30 16:49:07] chrome.exe - proxy.cse.cuhk.edu.hk:5070 open through proxy proxy.cse.cuhk.edu.hk:5070 HTTPS
[10.30 16:49:08] chrome.exe - proxy.cse.cuhk.edu.hk:5070 close, 0 bytes sent, 0 bytes received, lifetime <1 sec
[10.30 16:49:09] chrome.exe - proxy.cse.cuhk.edu.hk:5070 close, 408 bytes sent, 421 bytes received, lifetime 00:03
[10.30 16:49:10] chrome.exe - proxy.cse.cuhk.edu.hk:5070 close, 1118 bytes (1.09 KB) sent, 340 bytes received, lifetime <1 sec
[10.30 16:49:10] chrome.exe - proxy.cse.cuhk.edu.hk:5070 open through proxy proxy.cse.cuhk.edu.hk:5070 HTTPS
[10.30 16:49:11] chrome.exe - proxy.cse.cuhk.edu.hk:5070 open through proxy proxy.cse.cuhk.edu.hk:5070 HTTPS
[10.30 16:49:11] chrome.exe - proxy.cse.cuhk.edu.hk:5070 open through proxy proxy.cse.cuhk.edu.hk:5070 HTTPS
[10.30 16:49:12] chrome.exe - proxy.cse.cuhk.edu.hk:5070 open through proxy proxy.cse.cuhk.edu.hk:5070 HTTPS
[10.30 16:49:28] chrome.exe - proxy.cse.cuhk.edu.hk:5070 open through proxy proxy.cse.cuhk.edu.hk:5070 HTTPS
[10.30 16:49:28] chrome.exe - proxy.cse.cuhk.edu.hk:5070 open through proxy proxy.cse.cuhk.edu.hk:5070 HTTPS
[10.30 16:49:28] chrome.exe - proxy.cse.cuhk.edu.hk:5070 open through proxy proxy.cse.cuhk.edu.hk:5070 HTTPS
[10.30 16:49:29] chrome.exe - proxy.cse.cuhk.edu.hk:5070 close, 1325 bytes (1.29 KB) sent, 514 bytes received, lifetime <1 sec
[10.30 16:49:29] chrome.exe - proxy.cse.cuhk.edu.hk:5070 close, 508 bytes sent, 47293 bytes (46.1 KB) received, lifetime <1 sec
[10.30 16:49:29] chrome.exe - proxy.cse.cuhk.edu.hk:5070 close, 1293 bytes (1.26 KB) sent, 2247 bytes (2.19 KB) received, lifetime <1 sec
[10.30 16:49:30] chrome.exe - proxy.cse.cuhk.edu.hk:5070 close, 1119 bytes (1.09 KB) sent, 3210 bytes (3.13 KB) received, lifetime <1 sec
[10.30 16:49:31] chrome.exe - proxy.cse.cuhk.edu.hk:5070 open through proxy proxy.cse.cuhk.edu.hk:5070 HTTPS
[10.30 16:49:52] chrome.exe - proxy.cse.cuhk.edu.hk:5070 open through proxy proxy.cse.cuhk.edu.hk:5070 HTTPS
[10.30 16:49:53] chrome.exe - proxy.cse.cuhk.edu.hk:5070 close, 2473 bytes (2.41 KB) sent, 1926 bytes (1.88 KB) received, lifetime 00:20
[10.30 16:49:53] chrome.exe - proxy.cse.cuhk.edu.hk:5070 open through proxy proxy.cse.cuhk.edu.hk:5070 HTTPS
[10.30 16:49:56] chrome.exe - proxy.cse.cuhk.edu.hk:5070 open through proxy proxy.cse.cuhk.edu.hk:5070 HTTPS
[10.30 16:49:57] chrome.exe - proxy.cse.cuhk.edu.hk:5070 close, 0 bytes sent, 0 bytes received, lifetime <1 sec
[10.30 16:52:01] chrome.exe - proxy.cse.cuhk.edu.hk:5070 close, 2437 bytes (2.37 KB) sent, 842 bytes received, lifetime 02:04
[10.30 16:53:23] chrome.exe - proxy.cse.cuhk.edu.hk:5070 close, 3690 bytes (3.60 KB) sent, 1306 bytes (1.27 KB) received, lifetime 02:03
[10.30 16:53:24] chrome.exe - proxy.cse.cuhk.edu.hk:5070 open through proxy proxy.cse.cuhk.edu.hk:5070 HTTPS
[10.30 16:53:24] chrome.exe - proxy.cse.cuhk.edu.hk:5070 close, 896 bytes sent, 375 bytes received, lifetime <1 sec
[10.30 16:53:28] chrome.exe - proxy.cse.cuhk.edu.hk:5070 close, 1248 bytes (1.21 KB) sent, 331 bytes received, lifetime 00:02
[10.30 16:54:07] chrome.exe - proxy.cse.cuhk.edu.hk:5070 open through proxy proxy.cse.cuhk.edu.hk:5070 HTTPS
[10.30 16:54:07] chrome.exe - proxy.cse.cuhk.edu.hk:5070 close, 1292 bytes (1.26 KB) sent, 2457 bytes (2.39 KB) received, lifetime <1 sec
[10.30 16:54:08] chrome.exe - proxy.cse.cuhk.edu.hk:5070 close, 1292 bytes (1.26 KB) sent, 429 bytes received, lifetime 00:01
[10.30 16:54:09] chrome.exe - proxy.cse.cuhk.edu.hk:5070 open through proxy proxy.cse.cuhk.edu.hk:5070 HTTPS
[10.30 16:54:27] chrome.exe - proxy.cse.cuhk.edu.hk:5070 open through proxy proxy.cse.cuhk.edu.hk:5070 HTTPS
[10.30 17:05:31] chrome.exe - proxy.cse.cuhk.edu.hk:5070 open through proxy proxy.cse.cuhk.edu.hk:5070 HTTPS
[10.30 17:07:59] chrome.exe - proxy.cse.cuhk.edu.hk:5070 open through proxy proxy.cse.cuhk.edu.hk:5070 HTTPS
[10.30 17:10:37] chrome.exe - proxy.cse.cuhk.edu.hk:5070 open through proxy proxy.cse.cuhk.edu.hk:5070 HTTPS
[10.30 17:11:12] WeChat.exe - proxy.cse.cuhk.edu.hk:5070 open through proxy proxy.cse.cuhk.edu.hk:5070 HTTPS
[10.30 17:16:10] QQ.exe - tcpconn4.tencent.com:80 error : Could not connect through proxy proxy.cse.cuhk.edu.hk:5070 - Proxy closed the connection unexpectedly. 
[10.30 17:17:42] chrome.exe - proxy.cse.cuhk.edu.hk:5070 open through proxy proxy.cse.cuhk.edu.hk:5070 HTTPS
[10.30 17:20:22] chrome.exe - proxy.cse.cuhk.edu.hk:5070 close, 745 bytes sent, 4661 bytes (4.55 KB) received, lifetime <1 sec
[10.30 17:21:16] chrome.exe - proxy.cse.cuhk.edu.hk:5070 close, 2123 bytes (2.07 KB) sent, 11355 bytes (11.0 KB) received, lifetime 04:00
[10.30 17:26:51] WeChat.exe - proxy.cse.cuhk.edu.hk:5070 close, 451 bytes sent, 353 bytes received, lifetime <1 sec
[10.30 17:35:57] chrome.exe - proxy.cse.cuhk.edu.hk:5070 open through proxy proxy.cse.cuhk.edu.hk:5070 HTTPS
[10.30 17:35:59] chrome.exe - proxy.cse.cuhk.edu.hk:5070 close, 811 bytes sent, 186 bytes received, lifetime 00:01
[10.30 17:36:01] chrome.exe - proxy.cse.cuhk.edu.hk:5070 open through proxy proxy.cse.cuhk.edu.hk:5070 HTTPS
[10.30 17:36:18] chrome.exe - proxy.cse.cuhk.edu.hk:5070 close, 592 bytes sent, 4760 bytes (4.64 KB) received, lifetime 00:16
[10.30 17:37:26] chrome.exe - proxy.cse.cuhk.edu.hk:5070 open through proxy proxy.cse.cuhk.edu.hk:5070 HTTPS
[10.30 17:37:52] chrome.exe - proxy.cse.cuhk.edu.hk:5070 close, 0 bytes sent, 0 bytes received, lifetime 00:01
[10.30 17:37:56] chrome.exe - proxy.cse.cuhk.edu.hk:5070 close, 0 bytes sent, 0 bytes received, lifetime 00:03
[10.30 17:38:49] chrome.exe - proxy.cse.cuhk.edu.hk:5070 open through proxy proxy.cse.cuhk.edu.hk:5070 HTTPS
[10.30 17:39:19] chrome.exe - proxy.cse.cuhk.edu.hk:5070 open through proxy proxy.cse.cuhk.edu.hk:5070 HTTPS
[10.30 17:40:03] chrome.exe - proxy.cse.cuhk.edu.hk:5070 close, 1714 bytes (1.67 KB) sent, 865 bytes received, lifetime 02:07
[10.30 17:40:06] chrome.exe - proxy.cse.cuhk.edu.hk:5070 open through proxy proxy.cse.cuhk.edu.hk:5070 HTTPS
[10.30 17:40:07] chrome.exe - proxy.cse.cuhk.edu.hk:5070 open through proxy proxy.cse.cuhk.edu.hk:5070 HTTPS
[10.30 17:40:21] chrome.exe - proxy.cse.cuhk.edu.hk:5070 open through proxy proxy.cse.cuhk.edu.hk:5070 HTTPS
[10.30 17:42:58] chrome.exe - proxy.cse.cuhk.edu.hk:5070 open through proxy proxy.cse.cuhk.edu.hk:5070 HTTPS
[10.30 17:46:23] QQ.exe - 183.60.49.182:443 open through proxy proxy.cse.cuhk.edu.hk:5070 HTTPS
[10.30 17:47:01] SGPicFaceTool.exe - proxy.cse.cuhk.edu.hk:5070 open through proxy proxy.cse.cuhk.edu.hk:5070 HTTPS
[10.30 17:48:52] SogouCloud.exe - get.sogou.com:80 open through proxy proxy.cse.cuhk.edu.hk:5070 HTTPS
[10.30 17:52:09] YodaoDict.exe - proxy.cse.cuhk.edu.hk:5070 close, 493 bytes sent, 523 bytes received, lifetime 00:01
[10.30 17:52:44] YodaoDict.exe - cidian.youdao.com:80 open through proxy proxy.cse.cuhk.edu.hk:5070 HTTPS
[10.30 17:54:29] QQExternal.exe - proxy.cse.cuhk.edu.hk:5070 close, 1644 bytes (1.60 KB) sent, 388 bytes received, lifetime 01:06
[10.30 17:59:03] svchost.exe *64 - proxy.cse.cuhk.edu.hk:5070 close, 293 bytes sent, 514 bytes received, lifetime <1 sec
[10.30 17:59:13] firefox.exe - proxy.cse.cuhk.edu.hk:5070 open through proxy proxy.cse.cuhk.edu.hk:5070 HTTPS
[10.30 18:00:13] firefox.exe - proxy.cse.cuhk.edu.hk:5070 close, 1212 bytes (1.18 KB) sent, 11440 bytes (11.1 KB) received, lifetime 00:59
[10.30 18:00:41] WeChat.exe - proxy.cse.cuhk.edu.hk:5070 close, 451 bytes sent, 353 bytes received, lifetime <1 sec
[10.30 18:01:42] Skype.exe - proxy.cse.cuhk.edu.hk:5070 open through proxy proxy.cse.cuhk.edu.hk:5070 HTTPS
[10.30 18:03:13] Skype.exe - proxy.cse.cuhk.edu.hk:5070 close, 1318 bytes (1.28 KB) sent, 5380 bytes (5.25 KB) received, lifetime 00:02
[10.30 18:03:21] Skype.exe - proxy.cse.cuhk.edu.hk:5070 close, 1028 bytes (1.00 KB) sent, 4559 bytes (4.45 KB) received, lifetime 00:08
[10.30 18:03:47] firefox.exe - proxy.cse.cuhk.edu.hk:5070 open through proxy proxy.cse.cuhk.edu.hk:5070 HTTPS
[10.30 18:06:21] chrome.exe - proxy.cse.cuhk.edu.hk:5070 close, 1535 bytes (1.49 KB) sent, 972 bytes received, lifetime 00:07
[10.30 18:08:06] chrome.exe - proxy.cse.cuhk.edu.hk:5070 close, 1368 bytes (1.33 KB) sent, 20811 bytes (20.3 KB) received, lifetime 01:00
[10.30 18:10:27] chrome.exe - proxy.cse.cuhk.edu.hk:5070 open through proxy proxy.cse.cuhk.edu.hk:5070 HTTPS
[10.30 18:11:01] chrome.exe - proxy.cse.cuhk.edu.hk:5070 open through proxy proxy.cse.cuhk.edu.hk:5070 HTTPS
[10.30 20:39:42] chrome.exe - proxy.cse.cuhk.edu.hk:5070 close, 0 bytes sent, 0 bytes received, lifetime 00:01
[10.30 20:39:44] chrome.exe - proxy.cse.cuhk.edu.hk:5070 close, 0 bytes sent, 0 bytes received, lifetime 00:03
[10.30 20:39:46] chrome.exe - proxy.cse.cuhk.edu.hk:5070 close, 2279 bytes (2.22 KB) sent, 279 bytes received, lifetime 00:02
[10.30 20:40:04] chrome.exe - proxy.cse.cuhk.edu.hk:5070 close, 0 bytes sent, 0 bytes received, lifetime <1 sec
[10.30 20:40:06] chrome.exe - proxy.cse.cuhk.edu.hk:5070 open through proxy proxy.cse.cuhk.edu.hk:5070 HTTPS
[10.30 20:40:09] chrome.exe - proxy.cse.cuhk.edu.hk:5070 close, 513 bytes sent, 22162 bytes (21.6 KB) received, lifetime 00:01
[10.30 20:40:14] chrome.exe - proxy.cse.cuhk.edu.hk:5070 close, 542 bytes sent, 388 bytes received, lifetime 00:05
[10.30 20:42:04] chrome.exe - proxy.cse.cuhk.edu.hk:5070 close, 2413 bytes (2.35 KB) sent, 324 bytes received, lifetime 02:01
[10.30 20:42:34] chrome.exe - proxy.cse.cuhk.edu.hk:5070 close, 1299 bytes (1.26 KB) sent, 1029 bytes (1.00 KB) received, lifetime <1 sec
[10.30 20:42:41] chrome.exe - proxy.cse.cuhk.edu.hk:5070 close, 453 bytes sent, 352 bytes received, lifetime 00:02
[10.30 20:42:43] chrome.exe - proxy.cse.cuhk.edu.hk:5070 close, 0 bytes sent, 0 bytes received, lifetime 00:02
[10.30 20:42:49] chrome.exe - proxy.cse.cuhk.edu.hk:5070 close, 935 bytes sent, 6675 bytes (6.51 KB) received, lifetime <1 sec
[10.30 20:43:42] chrome.exe - proxy.cse.cuhk.edu.hk:5070 close, 634 bytes sent, 538 bytes received, lifetime 00:01
[10.30 20:43:45] chrome.exe - proxy.cse.cuhk.edu.hk:5070 close, 3205 bytes (3.12 KB) sent, 15704 bytes (15.3 KB) received, lifetime <1 sec
[10.30 20:43:46] chrome.exe - proxy.cse.cuhk.edu.hk:5070 open through proxy proxy.cse.cuhk.edu.hk:5070 HTTPS
[10.30 20:43:46] chrome.exe - proxy.cse.cuhk.edu.hk:5070 open through proxy proxy.cse.cuhk.edu.hk:5070 HTTPS
[10.30 20:44:42] chrome.exe - proxy.cse.cuhk.edu.hk:5070 close, 2735 bytes (2.67 KB) sent, 79708 bytes (77.8 KB) received, lifetime 00:55
[10.30 20:44:48] chrome.exe - proxy.cse.cuhk.edu.hk:5070 open through proxy proxy.cse.cuhk.edu.hk:5070 HTTPS
[10.30 20:44:51] chrome.exe - proxy.cse.cuhk.edu.hk:5070 open through proxy proxy.cse.cuhk.edu.hk:5070 HTTPS
[10.30 20:44:53] chrome.exe - proxy.cse.cuhk.edu.hk:5070 close, 806 bytes sent, 1407 bytes (1.37 KB) received, lifetime 00:01
[10.30 20:44:55] chrome.exe - proxy.cse.cuhk.edu.hk:5070 close, 0 bytes sent, 0 bytes received, lifetime 00:01
[10.30 20:44:55] chrome.exe - proxy.cse.cuhk.edu.hk:5070 open through proxy proxy.cse.cuhk.edu.hk:5070 HTTPS
[10.30 20:44:57] chrome.exe - proxy.cse.cuhk.edu.hk:5070 open through proxy proxy.cse.cuhk.edu.hk:5070 HTTPS
[10.30 20:45:06] chrome.exe - proxy.cse.cuhk.edu.hk:5070 close, 1624 bytes (1.58 KB) sent, 375 bytes received, lifetime 00:03
[10.30 20:45:07] chrome.exe - proxy.cse.cuhk.edu.hk:5070 close, 0 bytes sent, 0 bytes received, lifetime <1 sec
[10.30 20:45:17] chrome.exe - proxy.cse.cuhk.edu.hk:5070 open through proxy proxy.cse.cuhk.edu.hk:5070 HTTPS
[10.30 20:45:21] chrome.exe - proxy.cse.cuhk.edu.hk:5070 open through proxy proxy.cse.cuhk.edu.hk:5070 HTTPS
[10.30 20:45:22] chrome.exe - proxy.cse.cuhk.edu.hk:5070 close, 968 bytes sent, 272 bytes received, lifetime <1 sec
[10.30 20:45:24] chrome.exe - proxy.cse.cuhk.edu.hk:5070 open through proxy proxy.cse.cuhk.edu.hk:5070 HTTPS
[10.30 20:45:37] chrome.exe - proxy.cse.cuhk.edu.hk:5070 close, 1173 bytes (1.14 KB) sent, 375 bytes received, lifetime 00:01
[10.30 20:45:55] chrome.exe - proxy.cse.cuhk.edu.hk:5070 close, 694 bytes sent, 892 bytes received, lifetime <1 sec
[10.30 20:45:57] chrome.exe - proxy.cse.cuhk.edu.hk:5070 open through proxy proxy.cse.cuhk.edu.hk:5070 HTTPS
[10.30 20:46:17] chrome.exe - proxy.cse.cuhk.edu.hk:5070 close, 0 bytes sent, 0 bytes received, lifetime 00:20
[10.30 20:46:19] chrome.exe - proxy.cse.cuhk.edu.hk:5070 close, 1572 bytes (1.53 KB) sent, 696 bytes received, lifetime 00:42
[10.30 20:46:22] chrome.exe - proxy.cse.cuhk.edu.hk:5070 close, 2842 bytes (2.77 KB) sent, 282 bytes received, lifetime 00:02
[10.30 20:46:37] chrome.exe - proxy.cse.cuhk.edu.hk:5070 close, 0 bytes sent, 0 bytes received, lifetime 00:18
[10.30 20:46:52] chrome.exe - proxy.cse.cuhk.edu.hk:5070 close, 588 bytes sent, 215882 bytes (210 KB) received, lifetime 00:03
[10.30 20:47:01] chrome.exe - proxy.cse.cuhk.edu.hk:5070 open through proxy proxy.cse.cuhk.edu.hk:5070 HTTPS
[10.30 20:47:28] chrome.exe - proxy.cse.cuhk.edu.hk:5070 open through proxy proxy.cse.cuhk.edu.hk:5070 HTTPS
[10.30 20:47:40] chrome.exe - proxy.cse.cuhk.edu.hk:5070 close, 0 bytes sent, 0 bytes received, lifetime 00:08
[10.30 20:47:45] chrome.exe - proxy.cse.cuhk.edu.hk:5070 close, 0 bytes sent, 0 bytes received, lifetime 00:05
[10.30 20:48:26] chrome.exe - proxy.cse.cuhk.edu.hk:5070 close, 618 bytes sent, 3235 bytes (3.15 KB) received, lifetime 00:41
[10.30 20:48:29] chrome.exe - proxy.cse.cuhk.edu.hk:5070 close, 0 bytes sent, 0 bytes received, lifetime 00:03
[10.30 20:48:43] chrome.exe - proxy.cse.cuhk.edu.hk:5070 close, 1010 bytes sent, 21976 bytes (21.4 KB) received, lifetime 00:02
[10.30 20:48:44] chrome.exe - proxy.cse.cuhk.edu.hk:5070 open through proxy proxy.cse.cuhk.edu.hk:5070 HTTPS
[10.30 20:49:01] chrome.exe - proxy.cse.cuhk.edu.hk:5070 close, 697 bytes sent, 889 bytes received, lifetime <1 sec
[10.30 20:49:04] chrome.exe - proxy.cse.cuhk.edu.hk:5070 close, 0 bytes sent, 0 bytes received, lifetime 00:01
[10.30 20:49:34] chrome.exe - proxy.cse.cuhk.edu.hk:5070 close, 0 bytes sent, 0 bytes received, lifetime 00:19
[10.30 20:51:35] chrome.exe - proxy.cse.cuhk.edu.hk:5070 close, 4498 bytes (4.39 KB) sent, 654 bytes received, lifetime 02:17
[10.30 20:54:01] WeChat.exe - proxy.cse.cuhk.edu.hk:5070 open through proxy proxy.cse.cuhk.edu.hk:5070 HTTPS
[10.30 20:59:47] YodaoDict.exe - oimagea5.ydstatic.com:80 error : A connection request was canceled before the completion. 
[10.30 21:05:33] chrome.exe - proxy.cse.cuhk.edu.hk:5070 close, 1408 bytes (1.37 KB) sent, 0 bytes received, lifetime <1 sec
[10.30 21:05:39] chrome.exe - proxy.cse.cuhk.edu.hk:5070 open through proxy proxy.cse.cuhk.edu.hk:5070 HTTPS
[10.30 21:05:41] chrome.exe - proxy.cse.cuhk.edu.hk:5070 open through proxy proxy.cse.cuhk.edu.hk:5070 HTTPS
[10.30 21:06:22] chrome.exe - proxy.cse.cuhk.edu.hk:5070 open through proxy proxy.cse.cuhk.edu.hk:5070 HTTPS
[10.30 21:06:38] chrome.exe - proxy.cse.cuhk.edu.hk:5070 close, 2301 bytes (2.24 KB) sent, 9442 bytes (9.22 KB) received, lifetime 00:07
[10.30 21:08:03] spoolsv.exe *64 - 127.0.0.1:135 error : Could not connect through proxy proxy.cse.cuhk.edu.hk:5070 - Proxy server cannot establish a connection with the target, status code 403
[10.30 21:11:55] YodaoDict.exe - oimageb1.ydstatic.com:80 error : A connection request was canceled before the completion. 
[10.30 21:13:23] spoolsv.exe *64 - 127.0.0.1:135 error : Could not connect through proxy proxy.cse.cuhk.edu.hk:5070 - Proxy server cannot establish a connection with the target, status code 403
[10.30 21:14:05] YodaoDict.exe - oimageb8.ydstatic.com:80 error : A connection request was canceled before the completion. 
[10.30 21:16:41] YodaoDict.exe - oimagea5.ydstatic.com:80 error : A connection request was canceled before the completion. 
[10.30 21:19:15] chrome.exe - proxy.cse.cuhk.edu.hk:5070 open through proxy proxy.cse.cuhk.edu.hk:5070 HTTPS
[10.30 21:19:20] chrome.exe - proxy.cse.cuhk.edu.hk:5070 close, 964 bytes sent, 848 bytes received, lifetime <1 sec
[10.30 21:19:29] chrome.exe - proxy.cse.cuhk.edu.hk:5070 close, 1066 bytes (1.04 KB) sent, 3042 bytes (2.97 KB) received, lifetime 00:10
[10.30 21:21:33] chrome.exe - proxy.cse.cuhk.edu.hk:5070 close, 1217 bytes (1.18 KB) sent, 592 bytes received, lifetime 01:02
[10.30 21:21:34] chrome.exe - proxy.cse.cuhk.edu.hk:5070 open through proxy proxy.cse.cuhk.edu.hk:5070 HTTPS
[07.26 13:30:34] chrome.exe *64 - c.baidu.com:80 open through proxy proxy.cse.cuhk.edu.hk:5070 HTTPS
[07.26 13:30:45] chrome.exe *64 - sestat.baidu.com:80 close, 0 bytes sent, 0 bytes received, lifetime 00:11
[07.26 13:30:49] chrome.exe *64 - eclick.baidu.com:443 open through proxy proxy.cse.cuhk.edu.hk:5070 HTTPS
[07.26 13:31:09] chrome.exe *64 - newsimg.5054399.com:80 close, 0 bytes sent, 0 bytes received, lifetime 00:19
[07.26 13:31:21] chrome.exe *64 - www.googletagservices.com:443 close, 1257 bytes (1.22 KB) sent, 540 bytes received, lifetime 04:00
[07.26 13:37:15] chrome.exe *64 - safebrowsing.googleapis.com:443 close, 1344 bytes (1.31 KB) sent, 1170 bytes (1.14 KB) received, lifetime 04:00
[07.26 13:42:10] chrome.exe *64 - odr.mookie1.com:443 close, 1045 bytes (1.02 KB) sent, 5662 bytes (5.52 KB) received, lifetime 01:06
[07.26 13:46:41] chrome.exe *64 - t12.baidu.com:80 open through proxy proxy.cse.cuhk.edu.hk:5070 HTTPS
[07.26 13:46:48] chrome.exe *64 - c.baidu.com:80 close, 1052 bytes (1.02 KB) sent, 113 bytes received, lifetime <1 sec
[07.26 13:46:52] chrome.exe *64 - ss.bdimg.com:80 close, 0 bytes sent, 0 bytes received, lifetime 00:10
[07.26 13:47:16] chrome.exe *64 - eclick.baidu.com:80 close, 1037 bytes (1.01 KB) sent, 311 bytes received, lifetime 00:05
[07.26 13:47:38] chrome.exe *64 - comment.5054399.com:80 open through proxy proxy.cse.cuhk.edu.hk:5070 HTTPS
[07.26 13:48:21] chrome.exe *64 - hm.baidu.com:80 error : A connection request was canceled before the completion. 
[07.26 13:50:06] Dropbox.exe - client-lb.dropbox.com:443 open through proxy proxy.cse.cuhk.edu.hk:5070 HTTPS
[07.26 14:05:04] chrome.exe *64 - csi.gstatic.com:443 open through proxy proxy.cse.cuhk.edu.hk:5070 HTTPS
[07.26 14:08:54] chrome.exe *64 - clientservices.googleapis.com:443 close, 1051 bytes (1.02 KB) sent, 592 bytes received, lifetime 04:01
[07.26 14:12:28] Dropbox.exe - client-cf.dropbox.com:443 close, 3934 bytes (3.84 KB) sent, 5647 bytes (5.51 KB) received, lifetime 01:03
[07.26 14:17:01] chrome.exe *64 - www.google.com.hk:443 close, 2411 bytes (2.35 KB) sent, 2093 bytes (2.04 KB) received, lifetime 04:01
[07.26 14:24:43] YodaoDict.exe - dict.youdao.com:80 open through proxy proxy.cse.cuhk.edu.hk:5070 HTTPS
[07.26 14:28:55] chrome.exe *64 - 3.client-channel.google.com:443 close, 27694 bytes (27.0 KB) sent, 165991 bytes (162 KB) received, lifetime 01:07:37
[07.26 14:30:32] chrome.exe *64 - sestat.baidu.com:80 open through proxy proxy.cse.cuhk.edu.hk:5070 HTTPS
[07.26 14:30:44] chrome.exe *64 - ss.bdimg.com:80 close, 0 bytes sent, 0 bytes received, lifetime 00:11
[07.26 14:31:12] chrome.exe *64 - newsapp.5054399.com:80 open through proxy proxy.cse.cuhk.edu.hk:5070 HTTPS
[07.26 14:34:45] chrome.exe *64 - www.evernote.com:443 close, 4733 bytes (4.62 KB) sent, 8179 bytes (7.98 KB) received, lifetime 04:12
[07.26 14:44:23] chrome.exe *64 - mtalk.google.com:443 open through proxy proxy.cse.cuhk.edu.hk:5070 HTTPS
[07.26 14:45:38] chrome.exe *64 - t12.baidu.com:80 open through proxy proxy.cse.cuhk.edu.hk:5070 HTTPS
[07.26 14:45:49] chrome.exe *64 - t12.baidu.com:80 close, 0 bytes sent, 0 bytes received, lifetime 00:11
[07.26 14:46:13] chrome.exe *64 - dj1.baidu.com:80 close, 1369 bytes (1.33 KB) sent, 289 bytes received, lifetime 00:30
[07.26 14:51:24] chrome.exe *64 - ss.bdimg.com:80 open through proxy proxy.cse.cuhk.edu.hk:5070 HTTPS
[07.26 14:51:31] chrome.exe *64 - clients4.google.com:443 open through proxy proxy.cse.cuhk.edu.hk:5070 HTTPS
[07.26 14:51:40] chrome.exe *64 - clients1.google.com:443 open through proxy proxy.cse.cuhk.edu.hk:5070 HTTPS
[07.26 14:52:00] chrome.exe *64 - js.passport.qihucdn.com:80 close, 0 bytes sent, 0 bytes received, lifetime 00:21
[07.26 14:56:52] chrome.exe *64 - long.open.weixin.qq.com:443 close, 1910 bytes (1.86 KB) sent, 276 bytes received, lifetime 00:27
[07.26 15:04:54] chrome.exe *64 - update.googleapis.com:443 close, 298 bytes sent, 4250 bytes (4.15 KB) received, lifetime <1 sec
[07.26 15:08:40] chrome.exe *64 - www.google.com:443 open through proxy proxy.cse.cuhk.edu.hk:5070 HTTPS
[07.26 15:09:29] chrome.exe *64 - collector.githubapp.com:443 open through proxy proxy.cse.cuhk.edu.hk:5070 HTTPS
[07.26 15:13:17] chrome.exe *64 - www.google.com:443 close, 2564 bytes (2.50 KB) sent, 2035 bytes (1.98 KB) received, lifetime 04:37
[07.26 15:13:42] chrome.exe *64 - notifications.google.com:443 close, 733 bytes sent, 229 bytes received, lifetime 00:13
[07.26 15:18:05] chrome.exe *64 - play.google.com:443 close, 33864 bytes (33.0 KB) sent, 22082 bytes (21.5 KB) received, lifetime 19:00
[07.26 15:21:06] chrome.exe *64 - lh6.googleusercontent.com:443 close, 471 bytes sent, 4694 bytes (4.58 KB) received, lifetime 00:13
[07.26 15:23:48] GitHub.exe - avatars3.githubusercontent.com:443 open through proxy proxy.cse.cuhk.edu.hk:5070 HTTPS
[07.26 15:25:08] chrome.exe *64 - pic4.zhimg.com:443 open through proxy proxy.cse.cuhk.edu.hk:5070 HTTPS
[07.26 15:25:49] chrome.exe *64 - www.google.com:443 open through proxy proxy.cse.cuhk.edu.hk:5070 HTTPS
[07.26 15:29:09] chrome.exe *64 - clients1.google.com:443 close, 939 bytes sent, 5532 bytes (5.40 KB) received, lifetime 04:00
[07.26 15:29:43] chrome.exe *64 - lh6.googleusercontent.com:443 close, 471 bytes sent, 4693 bytes (4.58 KB) received, lifetime 00:12
[07.26 15:30:08] chrome.exe *64 - dslb.cdn.krcom.cn:80 open through proxy proxy.cse.cuhk.edu.hk:5070 HTTPS
[07.26 15:30:11] chrome.exe *64 - d0.sina.com.cn:443 open through proxy proxy.cse.cuhk.edu.hk:5070 HTTPS
[07.26 15:30:15] chrome.exe *64 - show.re.taobao.com:443 open through proxy proxy.cse.cuhk.edu.hk:5070 HTTPS
[07.26 15:30:44] chrome.exe *64 - strip.alicdn.com:443 close, 330 bytes sent, 3332 bytes (3.25 KB) received, lifetime 00:30
[07.26 15:33:20] chrome.exe *64 - www.weibo.com:80 close, 2741 bytes (2.67 KB) sent, 4016 bytes (3.92 KB) received, lifetime 00:08
[07.26 15:34:59] chrome.exe *64 - clients6.google.com:443 open through proxy proxy.cse.cuhk.edu.hk:5070 HTTPS
[07.26 15:36:28] chrome.exe *64 - ssl.gstatic.com:443 open through proxy proxy.cse.cuhk.edu.hk:5070 HTTPS
[07.26 15:43:25] YodaoDict.exe - icauh.youdao.com:80 close, 413 bytes sent, 534 bytes received, lifetime 00:05
[07.26 15:56:57] chrome.exe *64 - safebrowsing.googleapis.com:443 close, 1848 bytes (1.80 KB) sent, 3191 bytes (3.11 KB) received, lifetime 04:00
[07.26 16:06:32] chrome.exe *64 - www.evernote.com:443 open through proxy proxy.cse.cuhk.edu.hk:5070 HTTPS
[07.26 16:12:27] chrome.exe *64 - avatars3.githubusercontent.com:443 open through proxy proxy.cse.cuhk.edu.hk:5070 HTTPS
[07.26 16:19:26] WeChat.exe - short.weixin.qq.com:80 open through proxy proxy.cse.cuhk.edu.hk:5070 HTTPS
[07.26 16:24:03] chrome.exe *64 - assets-cdn.github.com:443 open through proxy proxy.cse.cuhk.edu.hk:5070 HTTPS
[07.26 16:27:19] chrome.exe *64 - f-log-extension.grammarly.io:443 open through proxy proxy.cse.cuhk.edu.hk:5070 HTTPS
[07.26 16:31:18] chrome.exe *64 - www.google.com:443 close, 1227 bytes (1.19 KB) sent, 2561 bytes (2.50 KB) received, lifetime 04:00
[07.26 16:34:56] chrome.exe *64 - live.github.com:443 open through proxy proxy.cse.cuhk.edu.hk:5070 HTTPS
[07.26 16:40:55] chrome.exe *64 - trello.com:443 open through proxy proxy.cse.cuhk.edu.hk:5070 HTTPS
[07.26 16:43:45] chrome.exe *64 - user-images.githubusercontent.com:443 open through proxy proxy.cse.cuhk.edu.hk:5070 HTTPS
[07.26 16:44:58] chrome.exe *64 - dblp.uni-trier.de:80 close, 0 bytes sent, 0 bytes received, lifetime 00:15
[07.26 16:57:25] chrome.exe *64 - safebrowsing.googleapis.com:443 close, 1848 bytes (1.80 KB) sent, 2419 bytes (2.36 KB) received, lifetime 04:00
[07.26 17:05:06] chrome.exe *64 - s.youtube.com:443 open through proxy proxy.cse.cuhk.edu.hk:5070 HTTPS
[07.26 17:05:27] GitHub.exe - api.github.com:443 close, 845 bytes sent, 4814 bytes (4.70 KB) received, lifetime 00:11
[07.26 17:10:34] GitHub.exe - api.github.com:443 close, 781 bytes sent, 6728 bytes (6.57 KB) received, lifetime 00:11
[07.26 17:18:07] chrome.exe *64 - trello.com:443 open through proxy proxy.cse.cuhk.edu.hk:5070 HTTPS
[07.26 17:18:20] chrome.exe *64 - c.trello.com:443 close, 568 bytes sent, 156 bytes received, lifetime 00:12
[07.26 17:23:03] chrome.exe *64 - t12.baidu.com:80 open through proxy proxy.cse.cuhk.edu.hk:5070 HTTPS
[07.26 17:23:04] chrome.exe *64 - ss.bdimg.com:80 open through proxy proxy.cse.cuhk.edu.hk:5070 HTTPS
[07.26 17:23:54] chrome.exe *64 - mtalk.google.com:5228 error : Could not connect to proxy proxy.cse.cuhk.edu.hk:5070 - Could not resolve proxy.cse.cuhk.edu.hk error 11001
[07.26 17:23:59] chrome.exe *64 - ss.bdimg.com:80 error : Could not connect to proxy proxy.cse.cuhk.edu.hk:5070 - Could not resolve proxy.cse.cuhk.edu.hk error 11001
[07.26 17:24:09] WeChat.exe - short.weixin.qq.com:80 close, 357 bytes sent, 468 bytes received, lifetime <1 sec
[07.26 17:28:22] chrome.exe *64 - clients6.google.com:443 open through proxy proxy.cse.cuhk.edu.hk:5070 HTTPS
[07.26 17:29:11] chrome.exe *64 - cpro.baidustatic.com:80 open through proxy proxy.cse.cuhk.edu.hk:5070 HTTPS
[07.26 17:29:32] chrome.exe *64 - f12.baidu.com:80 close, 1634 bytes (1.59 KB) sent, 15284 bytes (14.9 KB) received, lifetime 00:21
[07.26 17:30:11] chrome.exe *64 - cpro.baidustatic.com:80 close, 0 bytes sent, 0 bytes received, lifetime 01:00
[07.26 17:30:31] chrome.exe *64 - csdnimg.cn:80 close, 0 bytes sent, 0 bytes received, lifetime 00:11
[07.26 17:31:13] chrome.exe *64 - static.blog.csdn.net:80 close, 2188 bytes (2.13 KB) sent, 41402 bytes (40.4 KB) received, lifetime 02:03
[07.26 17:34:25] Dropbox.exe - block-edge.dropbox.com:443 open through proxy proxy.cse.cuhk.edu.hk:5070 HTTPS
[07.26 17:41:54] chrome.exe *64 - fonts.gstatic.com:443 close, 461 bytes sent, 4786 bytes (4.67 KB) received, lifetime 01:03
[07.26 17:46:30] chrome.exe *64 - googleads.g.doubleclick.net:443 close, 749 bytes sent, 229 bytes received, lifetime 00:11
[07.26 17:52:05] Dropbox.exe - client-cf.dropbox.com:443 close, 3460 bytes (3.37 KB) sent, 5211 bytes (5.08 KB) received, lifetime 01:04
[07.26 18:04:54] SogouCloud.exe - security.ie.sogou.com:80 close, 735 bytes sent, 184 bytes received, lifetime <1 sec
[07.26 18:05:24] chrome.exe *64 - trello.com:443 close, 2168 bytes (2.11 KB) sent, 605 bytes received, lifetime 00:34
[07.26 18:55:23] SGTool.exe - info.pinyin.sogou.com:80 open through proxy proxy.cse.cuhk.edu.hk:5070 HTTPS
[07.26 18:56:11] chrome.exe *64 - fonts.gstatic.com:443 close, 463 bytes sent, 4786 bytes (4.67 KB) received, lifetime 00:33
[07.26 18:57:23] Dropbox.exe - client-cf.dropbox.com:443 open through proxy proxy.cse.cuhk.edu.hk:5070 HTTPS
[07.26 19:00:32] WeChat.exe - 203.205.150.89:443 open through proxy proxy.cse.cuhk.edu.hk:5070 HTTPS
[07.26 19:00:52] tencentdl.exe - fs-conn-doctor.qq.com:443 close, 184 bytes sent, 134 bytes received, lifetime <1 sec
[07.26 19:00:52] tencentdl.exe - puui.qpic.cn:80 close, 384 bytes sent, 8537 bytes (8.33 KB) received, lifetime <1 sec
[07.26 19:01:00] QQPlayer.exe - btrace.qq.com:80 open through proxy proxy.cse.cuhk.edu.hk:5070 HTTPS
[07.26 19:04:11] chrome.exe *64 - suggestion.baidu.com:80 close, 1383 bytes (1.35 KB) sent, 392 bytes received, lifetime 00:31
[07.26 19:21:04] WeChat.exe - 203.205.150.89:443 open through proxy proxy.cse.cuhk.edu.hk:5070 HTTPS
[07.26 19:22:54] chrome.exe *64 - fonts.gstatic.com:443 close, 463 bytes sent, 4787 bytes (4.67 KB) received, lifetime 00:31
[07.26 19:53:44] chrome.exe *64 - s.youtube.com:443 close, 733 bytes sent, 292 bytes received, lifetime 04:00
[07.26 20:10:33] Dropbox.exe - client-lb.dropbox.com:443 close, 0 bytes sent, 0 bytes received, lifetime <1 sec
[07.26 20:25:37] WeChat.exe - short.weixin.qq.com:80 open through proxy proxy.cse.cuhk.edu.hk:5070 HTTPS
[07.26 21:25:37] Dropbox.exe - block.dropbox.com:443 close, 0 bytes sent, 0 bytes received, lifetime <1 sec
[07.26 21:29:51] chrome.exe *64 - r2---sn-i3b7kne6.googlevideo.com:443 open through proxy proxy.cse.cuhk.edu.hk:5070 HTTPS
[07.26 21:33:52] chrome.exe *64 - www.googletagservices.com:443 close, 983 bytes sent, 4752 bytes (4.64 KB) received, lifetime 04:00
[07.26 21:37:26] chrome.exe *64 - r3---sn-i3belnez.googlevideo.com:443 open through proxy proxy.cse.cuhk.edu.hk:5070 HTTPS
[07.26 21:42:16] chrome.exe *64 - r3---sn-i3b7kn7s.googlevideo.com:443 open through proxy proxy.cse.cuhk.edu.hk:5070 HTTPS
[07.26 21:46:57] chrome.exe *64 - www.evernote.com:443 open through proxy proxy.cse.cuhk.edu.hk:5070 HTTPS
[07.26 21:48:19] chrome.exe *64 - video-hkg3-2.xx.fbcdn.net:443 close, 58373 bytes (57.0 KB) sent, 8896991 bytes (8.48 MB) received, lifetime 02:25
[07.26 21:53:01] chrome.exe *64 - api.github.com:443 close, 328 bytes sent, 3642 bytes (3.55 KB) received, lifetime 00:15
[07.26 22:01:32] msfeedssync.exe *64 - go.microsoft.com:80 close, 717 bytes sent, 357 bytes received, lifetime 00:01
[07.26 22:05:04] QQProtectUpd.exe - qd-update.qq.com:8080 error : Could not connect through proxy proxy.cse.cuhk.edu.hk:5070 - Proxy server cannot establish a connection with the target, status code 403
[07.27 03:00:17] Dropbox.exe - client.dropbox.com:443 error : Could not connect to proxy proxy.cse.cuhk.edu.hk:5070 - Could not resolve proxy.cse.cuhk.edu.hk error 11001
[07.27 03:00:21] chrome.exe *64 - hangouts.google.com:443 open through proxy proxy.cse.cuhk.edu.hk:5070 HTTPS
[07.27 03:00:34] SogouCloud.exe - get.sogou.com:80 close, 651 bytes sent, 328 bytes received, lifetime <1 sec
[07.27 03:12:24] chrome.exe *64 - clients6.google.com:443 open through proxy proxy.cse.cuhk.edu.hk:5070 HTTPS
[07.27 04:00:18] Dropbox.exe - client-cf.dropbox.com:443 close, 0 bytes sent, 0 bytes received, lifetime <1 sec
[07.27 04:19:13] chrome.exe *64 - www.evernote.com:443 close, 2214 bytes (2.16 KB) sent, 5451 bytes (5.32 KB) received, lifetime 04:00
[07.27 04:53:56] chrome.exe *64 - clients6.google.com:443 close, 2867 bytes (2.79 KB) sent, 1014 bytes received, lifetime 05:12
[07.27 05:00:53] SGTool.exe - tc.dl.pinyin.sogoucdn.com:80 close, 158 bytes sent, 33899 bytes (33.1 KB) received, lifetime <1 sec
[07.27 05:05:51] chrome.exe *64 - 13.client-channel.google.com:443 error : Could not connect to proxy proxy.cse.cuhk.edu.hk:5070 - connection attempt failed with error 10061
[07.27 05:05:56] Dropbox.exe - bolt.dropbox.com:443 error : Could not connect to proxy proxy.cse.cuhk.edu.hk:5070 - connection attempt failed with error 10061
[07.27 05:06:32] chrome.exe *64 - www.google.com:443 error : Could not connect to proxy proxy.cse.cuhk.edu.hk:5070 - connection attempt failed with error 10061
[07.27 05:10:59] Dropbox.exe - bolt.dropbox.com:443 error : Could not connect to proxy proxy.cse.cuhk.edu.hk:5070 - connection attempt failed with error 10061
[07.27 05:21:11] SGTool.exe - p3p.sogou.com:80 open through proxy proxy.cse.cuhk.edu.hk:5070 HTTPS
[07.27 05:45:16] chrome.exe *64 - www.evernote.com:443 open through proxy proxy.cse.cuhk.edu.hk:5070 HTTPS
[07.27 06:15:26] Dropbox.exe - block.dropbox.com:443 close, 0 bytes sent, 0 bytes received, lifetime <1 sec
[07.27 07:01:13] SogouCloud.exe - get.sogou.com:80 close, 651 bytes sent, 328 bytes received, lifetime <1 sec
[07.27 07:01:55] SogouCloud.exe - get.sogou.com:80 close, 651 bytes sent, 328 bytes received, lifetime <1 sec
[07.27 07:12:37] Dropbox.exe - d.dropbox.com:443 close, 2560 bytes (2.50 KB) sent, 4976 bytes (4.85 KB) received, lifetime 01:01
[07.27 07:46:00] Dropbox.exe - client-cf.dropbox.com:443 open through proxy proxy.cse.cuhk.edu.hk:5070 HTTPS
[07.27 08:27:47] chrome.exe *64 - safebrowsing.googleapis.com:443 open through proxy proxy.cse.cuhk.edu.hk:5070 HTTPS
[07.27 08:40:55] Dropbox.exe - client-cf.dropbox.com:443 open through proxy proxy.cse.cuhk.edu.hk:5070 HTTPS
[07.27 09:00:35] Dropbox.exe - block.dropbox.com:443 close, 0 bytes sent, 0 bytes received, lifetime <1 sec
[07.27 09:25:17] chrome.exe *64 - clients4.google.com:443 open through proxy proxy.cse.cuhk.edu.hk:5070 HTTPS
[07.27 09:48:46] SohuNews.exe - xy.brand.sogou.com:80 open through proxy proxy.cse.cuhk.edu.hk:5070 HTTPS
[07.27 09:48:54] SohuNews.exe - pv.mini.sohu.com:80 close, 1941 bytes (1.89 KB) sent, 1363 bytes (1.33 KB) received, lifetime 00:05
[07.27 09:49:20] svchost.exe *64 - crl.microsoft.com:80 open through proxy proxy.cse.cuhk.edu.hk:5070 HTTPS
[07.27 09:50:03] SohuNews.exe - ping.pinyin.sogou.com:80 open through proxy proxy.cse.cuhk.edu.hk:5070 HTTPS
[07.27 09:50:44] chrome.exe *64 - r18---sn-vgqsenes.googlevideo.com:443 open through proxy proxy.cse.cuhk.edu.hk:5070 HTTPS
[07.27 09:53:38] chrome.exe *64 - r6---sn-p5qs7n7s.googlevideo.com:443 close, 1175 bytes (1.14 KB) sent, 11041 bytes (10.7 KB) received, lifetime 00:01
[07.27 10:00:39] Dropbox.exe - block.dropbox.com:443 open through proxy proxy.cse.cuhk.edu.hk:5070 HTTPS
[07.27 10:08:00] chrome.exe *64 - pubads.g.doubleclick.net:443 close, 22150 bytes (21.6 KB) sent, 60543 bytes (59.1 KB) received, lifetime 17:27
[07.27 10:21:13] chrome.exe *64 - clients1.google.com:443 open through proxy proxy.cse.cuhk.edu.hk:5070 HTTPS
[07.27 10:22:23] chrome.exe *64 - www.evernote.com:443 open through proxy proxy.cse.cuhk.edu.hk:5070 HTTPS
[07.27 10:22:39] chrome.exe *64 - s1.bdstatic.com:80 open through proxy proxy.cse.cuhk.edu.hk:5070 HTTPS
[07.27 10:22:56] chrome.exe *64 - imgsrc.baidu.com:80 close, 867 bytes sent, 23546 bytes (22.9 KB) received, lifetime 00:10
[07.27 10:23:19] chrome.exe *64 - googleads.g.doubleclick.net:80 close, 0 bytes sent, 0 bytes received, lifetime 00:12
[07.27 10:23:30] chrome.exe *64 - q1.cnzz.com:80 open through proxy proxy.cse.cuhk.edu.hk:5070 HTTPS
