Jul  1 09:03:11 calvisitor-10-105-160-95 mDNSResponder[91]: mDNS_DeregisterInterface: Frequent transitions for interface awdl0 (FE80:0000:0000:0000:D8A5:90FF:FEF5:7FFF)
Jul  1 09:18:16 calvisitor-10-105-160-95 kernel[0]: ARPT: 620896.311264: wl0: MDNS: 0 SRV Recs, 0 TXT Recs
Jul  1 09:22:25 calvisitor-10-105-160-95 kernel[0]: IO80211AWDLPeerManager::setAwdlAutoMode Resuming AWDL
Jul  1 09:26:41 calvisitor-10-105-160-95 kernel[0]: ARPT: 621146.080894: wl0: wl_update_tcpkeep_seq: Original Seq: 3014995849, Ack: 2590995288, Win size: 4096
Jul  1 09:28:50 calvisitor-10-105-160-95 com.apple.CDScheduler[258]: Thermal pressure state: 1 Memory pressure state: 0
Jul  1 09:32:03 calvisitor-10-105-160-95 com.apple.cts[258]: com.apple.Safari.SafeBrowsing.Update: scheduler_evaluate_activity told me to run this job; however, but the start time isn't for 1849 seconds.  Ignoring.
Jul  1 09:34:42 calvisitor-10-105-160-95 kernel[0]: AppleThunderboltGenericHAL::earlyWake - complete - took 0 milliseconds
Jul  1 09:39:57 authorMacBook-Pro kernel[0]: ARPT: 621492.770239: AirPort_Brcm43xx::platformWoWEnable: WWEN[disable]
Jul  1 09:41:54 calvisitor-10-105-160-95 com.apple.cts[258]: com.apple.icloud.fmfd.heartbeat: scheduler_evaluate_activity told me to run this job; however, but the start time isn't for 437673 seconds.  Ignoring.
Jul  1 09:44:32 calvisitor-10-105-160-95 com.apple.CDScheduler[43]: Thermal pressure state: 1 Memory pressure state: 0
Jul  1 10:08:20 authorMacBook-Pro kernel[0]: ARPT: 621799.252673: AQM agg results 0x8001 len hi/lo: 0x0 0x26 BAbitmap(0-3) 0 0 0 0
Jul  1 10:10:27 calvisitor-10-105-160-95 kernel[0]: Sandbox: com.apple.Addres(31328) deny(1) network-outbound /private/var/run/mDNSResponder
Jul  1 10:46:48 calvisitor-10-105-160-95 QQ[10018]: button report: 0x8002be0
Jul  1 11:39:47 calvisitor-10-105-160-95 kernel[0]: IOThunderboltSwitch<0>(0x0)::listenerCallback - Thunderbolt HPD packet for route = 0x0 port = 12 unplug = 0
Jul  1 11:41:55 calvisitor-10-105-160-95 kernel[0]: IO80211AWDLPeerManager::setAwdlSuspendedMode() Suspending AWDL, enterQuietMode(true)
Jul  1 11:46:16 authorMacBook-Pro kernel[0]: AppleCamIn::systemWakeCall - messageType = 0xE0000340
Jul  1 11:48:43 calvisitor-10-105-160-95 kernel[0]: PM response took 1938 ms (54, powerd)
Jul  1 11:49:30 authorMacBook-Pro Dropbox[24019]: [0701/114930:WARNING:dns_config_service_posix.cc(306)] Failed to read DnsConfig.
Jul  1 11:51:25 calvisitor-10-105-160-95 com.apple.AddressBook.InternetAccountsBridge[31496]: dnssd_clientstub ConnectToServer: connect()-> No of tries: 1
Jul  1 11:58:27 calvisitor-10-105-160-95 kernel[0]: ARPT: 626625.204595: wl0: wl_update_tcpkeep_seq: Updated seq/ack/win from UserClient Seq 3034132215, Ack 528237229, Win size 278
Jul  1 12:39:55 calvisitor-10-105-160-95 com.apple.cts[43]: com.apple.CacheDelete.daily: scheduler_evaluate_activity told me to run this job; however, but the start time isn't for 1428 seconds.  Ignoring.
Jul  1 13:20:12 calvisitor-10-105-160-95 com.apple.cts[258]: com.apple.icloud.fmfd.heartbeat: scheduler_evaluate_activity told me to run this job; however, but the start time isn't for 424575 seconds.  Ignoring.
Jul  1 13:42:41 calvisitor-10-105-160-95 kernel[0]: ARPT: 627141.702095: wl0: MDNS: IPV6 Addr: 2607:f140:6000:8:c6b3:1ff:fecd:467f
Jul  1 14:14:51 calvisitor-10-105-160-95 kernel[0]: AppleCamIn::systemWakeCall - messageType = 0xE0000340
Jul  1 14:52:03 calvisitor-10-105-160-95 blued[85]: [BluetoothHIDDeviceController] EventServiceDisconnectedCallback
Jul  1 19:43:32 calvisitor-10-105-163-202 symptomsd[215]: __73-[NetworkAnalyticsEngine observeValueForKeyPath:ofObject:change:context:]_block_invoke unexpected switch value 2
Jul  1 20:17:07 calvisitor-10-105-163-202 iconservicesagent[328]: -[ISGenerateImageOp generateImageWithCompletion:] Failed to composit image for descriptor <ISBindingImageDescriptor: 0x7f9951105bf0>.
Jul  1 21:18:10 calvisitor-10-105-163-202 iconservicesagent[328]: -[ISGenerateImageOp generateImageWithCompletion:] Failed to composit image for descriptor <ISBindingImageDescriptor: 0x7f9950712080>.
Jul  1 22:12:41 calvisitor-10-105-163-202 iconservicesagent[328]: -[ISGenerateImageOp generateImageWithCompletion:] Failed to composit image for descriptor <ISBindingImageDescriptor: 0x7f9950606790>.
Jul  1 22:25:38 calvisitor-10-105-163-202 locationd[82]: NETWORK: requery, 0, 0, 0, 0, 250, items, fQueryRetries, 0, fLastRetryTimestamp, 520665636.6
Jul  1 23:46:06 calvisitor-10-105-163-202 kernel[0]: IOThunderboltSwitch<0>(0x0)::listenerCallback - Thunderbolt HPD packet for route = 0x0 port = 12 unplug = 0
Jul  2 02:32:17 calvisitor-10-105-163-202 kernel[0]: [IOBluetoothFamily][staticBluetoothTransportShowsUp] -- Received Bluetooth Controller register service notification -- 0x7000
Jul  2 11:42:54 calvisitor-10-105-163-202 kernel[0]: Previous sleep cause: 5
Jul  2 12:15:30 authorMacBook-Pro UserEventAgent[43]: Captive: CNPluginHandler en0: Authenticated
Jul  2 13:02:03 calvisitor-10-105-163-202 com.apple.AddressBook.InternetAccountsBridge[32155]: dnssd_clientstub ConnectToServer: connect() failed path:/var/run/mDNSResponder Socket:4 Err:-1 Errno:1 Operation not permitted
Jul  2 13:10:47 calvisitor-10-105-163-202 kernel[0]: IO80211AWDLPeerManager::setAwdlAutoMode Resuming AWDL
Jul  2 13:44:55 calvisitor-10-105-163-202 kernel[0]: IO80211AWDLPeerManager::setAwdlAutoMode Resuming AWDL
Jul  2 14:52:57 calvisitor-10-105-163-202 locationd[82]: Location icon should now be in state 'Active'
Jul  2 16:38:07 calvisitor-10-105-163-202 locationd[82]: Location icon should now be in state 'Inactive'
Jul  2 17:19:15 calvisitor-10-105-163-202 com.apple.WebKit.WebContent[32514]: [17:19:15.148] itemasync_SetProperty signalled err=-12785 (kFigBaseObjectError_Invalidated) (invalidated) at /Library/Caches/com.apple.xbs/Sources/CoreMedia/CoreMedia-1731.15.207/Prototypes/Player/FigPlayer_Async.c line 2306
Jul  2 18:08:55 calvisitor-10-105-163-202 kernel[0]: ARPT: 661549.802297: wl0: leaveModulePoweredForOffloads: Wi-Fi will stay on.
Jul  2 18:35:13 authorMacBook-Pro symptomsd[215]: -[NetworkAnalyticsEngine _writeJournalRecord:fromCellFingerprint:key:atLOI:ofKind:lqm:isFaulty:] Hashing of the primary key failed. Dropping the journal record.
Jul  2 18:38:31 authorMacBook-Pro UserEventAgent[43]: Captive: CNPluginHandler en0: Inactive
Jul  2 18:40:40 calvisitor-10-105-163-202 com.apple.AddressBook.InternetAccountsBridge[32655]: dnssd_clientstub ConnectToServer: connect()-> No of tries: 3
Jul  2 19:21:05 calvisitor-10-105-163-202 com.apple.CDScheduler[258]: Thermal pressure state: 1 Memory pressure state: 0
Jul  2 19:48:30 calvisitor-10-105-163-202 com.apple.CDScheduler[258]: Thermal pressure state: 0 Memory pressure state: 0
Jul  2 20:22:06 calvisitor-10-105-163-202 Dock[307]: -[UABestAppSuggestionManager notifyBestAppChanged:type:options:bundleIdentifier:activityType:dynamicIdentifier:when:confidence:deviceName:deviceIdentifier:deviceType:] (null) UASuggestedActionType=0 (null)/(null) opts=(null) when=2017-07-03 03:22:06 +0000 confidence=1 from=(null)/(null) (UABestAppSuggestionManager.m #319)
Jul  2 21:46:49 calvisitor-10-105-163-202 syslogd[44]: ASL Sender Statistics
Jul  2 22:24:15 authorMacBook-Pro kernel[0]: Sandbox: QQ(10018) deny(1) mach-lookup com.apple.networking.captivenetworksupport
Jul  2 23:22:08 authorMacBook-Pro kernel[0]: ARPT: 671682.028482: wl0: MDNS: IPV6 Addr: fe80:0:0:0:c6b3:1ff:fecd:467f
Jul  2 23:48:54 authorMacBook-Pro secd[276]:  SOSAccountThisDeviceCanSyncWithCircle sync with device failure: Error Domain=com.apple.security.sos.error Code=1035 "Account identity not set" UserInfo={NSDescription=Account identity not set}
Jul  3 00:55:12 authorMacBook-Pro kernel[0]: ARPT: 671856.784669: IOPMPowerSource Information: onSleep,  SleepType: Normal Sleep,  'ExternalConnected': No, 'TimeRemaining': 18011,
Jul  3 01:31:00 authorMacBook-Pro kernel[0]: ARPT: 671958.142550: wl0: setup_keepalive: Local port: 49791, Remote port: 5223
Jul  3 02:08:34 authorMacBook-Pro kernel[0]: ARPT: 672113.005012: wl0: setup_keepalive: interval 258, retry_interval 30, retry_count 10
Jul  3 03:31:43 authorMacBook-Pro sharingd[30299]: 03:31:43.005 : BTLE scanning stopped
Jul  3 03:55:49 authorMacBook-Pro locationd[82]: Location icon should now be in state 'Inactive'
Jul  3 04:43:49 authorMacBook-Pro sandboxd[129] ([33056]): com.apple.Addres(33056) deny network-outbound /private/var/run/mDNSResponder
Jul  3 05:31:03 authorMacBook-Pro kernel[0]: AppleCamIn::handleWakeEvent_gated
Jul  3 06:22:02 authorMacBook-Pro kernel[0]: Sandbox: com.apple.Addres(33119) deny(1) network-outbound /private/var/run/mDNSResponder
Jul  3 06:46:03 authorMacBook-Pro com.apple.CDScheduler[258]: Thermal pressure state: 0 Memory pressure state: 0
Jul  3 07:21:45 authorMacBook-Pro kernel[0]: ARPT: 673078.174655: AirPort_Brcm43xx::platformWoWEnable: WWEN[disable]
Jul  3 07:45:55 authorMacBook-Pro com.apple.CDScheduler[43]: Thermal pressure state: 0 Memory pressure state: 0
Jul  3 08:45:12 authorMacBook-Pro kernel[0]: ARPT: 673324.060219: wl0: wl_update_tcpkeep_seq: Updated seq/ack/win from UserClient Seq 815278018, Ack 1982345407, Win size 278
Jul  3 09:21:24 authorMacBook-Pro kernel[0]: hibernate_alloc_pages act 173850, inact 24957, anon 891, throt 0, spec 73492, wire 527143, wireinit 39927
Jul  3 09:57:35 authorMacBook-Pro com.apple.AddressBook.InternetAccountsBridge[33216]: dnssd_clientstub ConnectToServer: connect()-> No of tries: 3
Jul  3 10:40:41 authorMacBook-Pro GoogleSoftwareUpdateAgent[33263]: 2017-07-03 10:40:41.730 GoogleSoftwareUpdateAgent[33263/0x700000323000] [lvl=2] -[KSAgentApp performSelfUpdateWithEngine:] Checking for self update with Engine: <KSUpdateEngine:0x10062de70 ticketStore=<KSPersistentTicketStore:0x1005206e0 store=<KSKeyedPersistentStore:0x1005282c0 path="/Users/xpc/Library/Google/GoogleSoftwareUpdate/TicketStore/Keystone.ticketstore" lockFile=<KSLockFile:0x100510480 path="/Users/xpc/Library/Google/GoogleSoftwareUpdate/TicketStore/Keystone.ticketstore.lock" locked=NO > >> processor=<KSActionProcessor:0x10062e060 delegate=<KSUpdateEngine:0x10062de70> isProcessing=NO actionsCompleted=0 progress=0.00 errors=0 currentActionErrors=0 events=0 currentActionEvents=0 actionQueue=( ) > delegate=(null) serverInfoStore=<KSServerPrivateInfoStore:0x10062d2d0 path="/Users/xpc/Library/Google/GoogleSoftwareUpdate/Servers"> errors=0 >
Jul  3 11:38:27 authorMacBook-Pro com.apple.WebKit.WebContent[32778]: [11:38:27.892] <<<< IQ-CA >>>> piqca_setUsePreQueue: (0x7fce1406d600) rejecting report of layer being serviced - IQ has not yet begun to update
Jul  3 11:56:05 authorMacBook-Pro com.apple.WebKit.WebContent[32778]: [11:56:05.232] <<<< Boss >>>> figPlaybackBossPrerollCompleted: unexpected preroll-complete notification
Jul  3 12:22:42 authorMacBook-Pro com.apple.WebKit.WebContent[32778]: [12:22:42.202] itemasync_SetProperty signalled err=-12785 (kFigBaseObjectError_Invalidated) (invalidated) at /Library/Caches/com.apple.xbs/Sources/CoreMedia/CoreMedia-1731.15.207/Prototypes/Player/FigPlayer_Async.c line 2306
Jul  3 12:36:38 calvisitor-10-105-160-237 corecaptured[33373]: CCFile::captureLog
Jul  3 13:31:35 calvisitor-10-105-160-237 CrashReporterSupportHelper[252]: Internal name did not resolve to internal address!
Jul  3 13:50:09 authorMacBook-Pro networkd[195]: __42-[NETClientConnection evaluateCrazyIvan46]_block_invoke CI46 - Hit by torpedo! QQ.10018 tc20795 14.17.42.14:14000
Jul  3 13:53:39 calvisitor-10-105-160-237 kernel[0]: IO80211AWDLPeerManager::setAwdlSuspendedMode() Suspending AWDL, enterQuietMode(true)
Jul  3 14:20:59 calvisitor-10-105-160-237 kernel[0]: Sandbox: com.apple.Addres(33493) deny(1) network-outbound /private/var/run/mDNSResponder
Jul  3 15:01:36 calvisitor-10-105-160-237 Dock[307]: -[UABestAppSuggestionManager notifyBestAppChanged:type:options:bundleIdentifier:activityType:dynamicIdentifier:when:confidence:deviceName:deviceIdentifier:deviceType:] (null) UASuggestedActionType=0 (null)/(null) opts=(null) when=2017-07-03 22:01:36 +0000 confidence=1 from=(null)/(null) (UABestAppSuggestionManager.m #319)
Jul  3 15:28:56 calvisitor-10-105-160-237 kernel[0]: AppleThunderboltNHIType2::waitForOk2Go2Sx - intel_rp = 1 dlla_reporting_supported = 0
Jul  3 15:46:31 calvisitor-10-105-160-237 configd[53]: network changed: v4(en0:10.105.160.237) v6(en0!:2607:f140:6000:8:f1dc:a608:863:19ad) DNS Proxy SMB
Jul  3 15:53:38 calvisitor-10-105-160-237 kernel[0]: Sandbox: com.apple.Addres(33540) deny(1) network-outbound /private/var/run/mDNSResponder
Jul  3 16:05:51 authorMacBook-Pro corecaptured[33544]: CCFile::captureLogRun Skipping current file Dir file [2017-07-03_16,05,51.177343]-io80211Family-003.pcapng, Current File [2017-07-03_16,05,51.177343]-io80211Family-003.pcapng
Jul  3 16:07:33 authorMacBook-Pro corecaptured[33544]: CCFile::copyFile fileName is [2017-07-03_16,06,19.861073]-CCIOReporter-008.xml, source path:/var/log/CoreCapture/com.apple.iokit.IO80211Family/OneStats//[2017-07-03_16,06,19.861073]-CCIOReporter-008.xml, dest path:/Library/Logs/CrashReporter/CoreCapture/com.apple.iokit.IO80211Family/[2017-07-03_16,07,33.914349]=AuthFail:sts:5_rsn:0/OneStats//[2017-07-03_16,06,19.861073]-CCIOReporter-008.xml
Jul  3 16:07:40 authorMacBook-Pro corecaptured[33544]: CCFile::captureLog
Jul  3 16:08:13 calvisitor-10-105-160-237 kernel[0]: IO80211AWDLPeerManager::setAwdlSuspendedMode() Suspending AWDL, enterQuietMode(true)
Jul  3 16:25:54 authorMacBook-Pro sandboxd[129] ([33562]): com.apple.Addres(33562) deny network-outbound /private/var/run/mDNSResponder
Jul  3 16:27:10 authorMacBook-Pro corecaptured[33544]: CCFile::copyFile fileName is [2017-07-03_16,27,09.910337]-AirPortBrcm4360_Logs-047.txt, source path:/var/log/CoreCapture/com.apple.driver.AirPort.Brcm4360.0/DriverLogs//[2017-07-03_16,27,09.910337]-AirPortBrcm4360_Logs-047.txt, dest path:/Library/Logs/CrashReporter/CoreCapture/com.apple.driver.AirPort.Brcm4360.0/[2017-07-03_16,27,10.162319]=AuthFail:sts:5_rsn:0/DriverLogs//[2017-07-03_16,27,09.910337]-AirPortBrcm4360_Logs-047.txt
Jul  3 16:28:35 authorMacBook-Pro corecaptured[33544]: Received Capture Event
Jul  3 16:29:09 calvisitor-10-105-160-184 corecaptured[33544]: CCFile::captureLogRun Skipping current file Dir file [2017-07-03_16,29,09.137954]-CCIOReporter-062.xml, Current File [2017-07-03_16,29,09.137954]-CCIOReporter-062.xml
Jul  3 16:36:49 calvisitor-10-105-160-184 corecaptured[33544]: CCFile::captureLog
Jul  3 17:10:11 calvisitor-10-105-160-184 kernel[0]: hibernate_machine_init pagesDone 455920 sum2 81cafc41, time: 185 ms, disk(0x20000) 847 Mb/s, comp bytes: 47288320 time: 32 ms 1369 Mb/s, crypt bytes: 158441472 time: 38 ms 3973 Mb/s
Jul  3 17:25:12 calvisitor-10-105-160-184 com.apple.CDScheduler[258]: Thermal pressure state: 0 Memory pressure state: 0
Jul  3 17:37:47 calvisitor-10-105-160-184 kernel[0]: **** [IOBluetoothFamily][ProcessBluetoothTransportShowsUpActionWL] -- calling IOBluetoothFamily's registerService() -- 0x5fd0 -- 0x9a00 -- 0x6800 ****
Jul  3 18:06:58 calvisitor-10-105-160-184 kernel[0]: BuildActDeviceEntry exit
Jul  3 18:56:23 calvisitor-10-105-162-32 kernel[0]: Wake reason: ARPT (Network)
Jul  3 18:57:12 calvisitor-10-105-162-32 kernel[0]: IO80211AWDLPeerManager::setAwdlAutoMode Resuming AWDL
Jul  3 18:58:18 authorMacBook-Pro networkd[195]: nw_nat64_post_new_ifstate successfully changed NAT64 ifstate from 0x8000000000000000 to 0x4
Jul  3 19:04:52 calvisitor-10-105-162-32 kernel[0]: ARPT: 683779.928118: framerdy 0x0 bmccmd 3 framecnt 1024
Jul  3 19:05:37 calvisitor-10-105-162-32 corecaptured[33660]: CCFile::copyFile fileName is [2017-07-03_19,04,57.722196]-io80211Family-018.pcapng, source path:/var/log/CoreCapture/com.apple.iokit.IO80211Family/IO80211AWDLPeerManager//[2017-07-03_19,04,57.722196]-io80211Family-018.pcapng, dest path:/Library/Logs/CrashReporter/CoreCapture/com.apple.iokit.IO80211Family/[2017-07-03_19,05,37.535347]=AuthFail:sts:2_rsn:0/IO80211AWDLPeerManager//[2017-07-03_19,04,57.722196]-io80211Family-018.pcapng
Jul  3 19:55:29 calvisitor-10-105-161-225 kernel[0]: IOThunderboltSwitch<0>(0x0)::listenerCallback - Thunderbolt HPD packet for route = 0x0 port = 12 unplug = 0
Jul  3 20:56:39 calvisitor-10-105-161-225 WeChat[24144]: jemmytest
Jul  3 21:27:07 calvisitor-10-105-161-225 com.apple.WebKit.WebContent[32778]: [21:27:07.761] FigAgglomeratorSetObjectForKey signalled err=-16020 (kFigStringConformerError_ParamErr) (NULL key) at /Library/Caches/com.apple.xbs/Sources/CoreMedia/CoreMedia-1731.15.207/Prototypes/LegibleOutput/FigAgglomerator.c line 92
Jul  3 21:30:50 authorMacBook-Pro kernel[0]: Sandbox: QQ(10018) deny(1) mach-lookup com.apple.networking.captivenetworksupport
Jul  3 23:07:12 airbears2-10-142-110-255 locationd[82]: NETWORK: requery, 0, 0, 0, 0, 320, items, fQueryRetries, 1, fLastRetryTimestamp, 520841203.7
Jul  3 23:44:36 airbears2-10-142-110-255 kernel[0]: ARPT: 697702.656868: AirPort_Brcm43xx::powerChange: System Sleep
Jul  4 00:36:07 airbears2-10-142-110-255 com.apple.cts[258]: com.apple.EscrowSecurityAlert.daily: scheduler_evaluate_activity told me to run this job; however, but the start time isn't for 44944 seconds.  Ignoring.
Jul  4 01:37:11 airbears2-10-142-110-255 com.apple.cts[258]: com.apple.icloud.fmfd.heartbeat: scheduler_evaluate_activity told me to run this job; however, but the start time isn't for 207556 seconds.  Ignoring.
Jul  4 02:01:14 airbears2-10-142-110-255 com.apple.cts[258]: com.apple.EscrowSecurityAlert.daily: scheduler_evaluate_activity told me to run this job; however, but the start time isn't for 39837 seconds.  Ignoring.
Jul  4 02:26:13 airbears2-10-142-110-255 kernel[0]: ARPT: 698348.781411: wl0: MDNS: IPV6 Addr: 2607:f140:400:a01b:1c57:7ef3:8f8e:5a10
Jul  4 03:01:56 airbears2-10-142-110-255 kernel[0]: RTC: PowerByCalendarDate setting ignored
Jul  4 03:50:54 airbears2-10-142-110-255 com.apple.CDScheduler[258]: Thermal pressure state: 1 Memory pressure state: 0
Jul  4 04:27:18 airbears2-10-142-110-255 kernel[0]: en0: channel changed to 6
Jul  4 04:52:01 airbears2-10-142-110-255 com.apple.cts[258]: com.apple.EscrowSecurityAlert.daily: scheduler_evaluate_activity told me to run this job; however, but the start time isn't for 29590 seconds.  Ignoring.
Jul  4 05:28:30 airbears2-10-142-110-255 com.apple.CDScheduler[43]: Thermal pressure state: 1 Memory pressure state: 0
Jul  4 06:12:52 calvisitor-10-105-162-105 kernel[0]: IO80211AWDLPeerManager::setAwdlSuspendedMode() Suspending AWDL, enterQuietMode(true)
Jul  4 06:39:19 calvisitor-10-105-162-105 kernel[0]: AppleCamIn::systemWakeCall - messageType = 0xE0000340
Jul  4 06:52:56 calvisitor-10-105-162-105 kernel[0]: IOThunderboltSwitch<0>(0x0)::listenerCallback - Thunderbolt HPD packet for route = 0x0 port = 12 unplug = 0
Jul  4 07:06:34 authorMacBook-Pro configd[53]: setting hostname to "authorMacBook-Pro.local"
Jul  4 07:10:06 authorMacBook-Pro kernel[0]: en0::IO80211Interface::postMessage bssid changed
Jul  4 07:23:47 calvisitor-10-105-162-105 kernel[0]: en0: Supported channels 1 2 3 4 5 6 7 8 9 10 11 12 13 36 40 44 48 52 56 60 64 100 104 108 112 116 120 124 128 132 136 140 144 149 153 157 161 165
Jul  4 07:40:17 calvisitor-10-105-162-105 com.apple.cts[258]: com.apple.icloud.fmfd.heartbeat: scheduler_evaluate_activity told me to run this job; however, but the start time isn't for 185770 seconds.  Ignoring.
Jul  4 08:21:00 calvisitor-10-105-162-105 com.apple.cts[258]: com.apple.icloud.fmfd.heartbeat: scheduler_evaluate_activity told me to run this job; however, but the start time isn't for 183327 seconds.  Ignoring.
Jul  4 08:48:12 authorMacBook-Pro UserEventAgent[43]: Captive: CNPluginHandler en0: Authenticated
Jul  4 09:01:43 authorMacBook-Pro symptomsd[215]: __73-[NetworkAnalyticsEngine observeValueForKeyPath:ofObject:change:context:]_block_invoke unexpected switch value 2
Jul  4 09:29:21 calvisitor-10-105-162-105 com.apple.AddressBook.InternetAccountsBridge[34589]: dnssd_clientstub ConnectToServer: connect()-> No of tries: 2
Jul  4 09:56:10 calvisitor-10-105-162-105 symptomsd[215]: -[NetworkAnalyticsEngine _writeJournalRecord:fromCellFingerprint:key:atLOI:ofKind:lqm:isFaulty:] Hashing of the primary key failed. Dropping the journal record.
Jul  4 09:57:30 authorMacBook-Pro symptomsd[215]: -[NetworkAnalyticsEngine _writeJournalRecord:fromCellFingerprint:key:atLOI:ofKind:lqm:isFaulty:] Hashing of the primary key failed. Dropping the journal record.
Jul  4 10:26:52 calvisitor-10-105-162-105 QQ[10018]: ############################## _getSysMsgList
Jul  4 10:43:42 calvisitor-10-105-162-105 com.apple.AddressBook.InternetAccountsBridge[34685]: dnssd_clientstub ConnectToServer: connect()-> No of tries: 2
Jul  4 10:56:57 calvisitor-10-105-162-105 com.apple.cts[258]: com.apple.Safari.SafeBrowsing.Update: scheduler_evaluate_activity told me to run this job; however, but the start time isn't for 1609 seconds.  Ignoring.
Jul  4 11:25:03 calvisitor-10-105-162-105 com.apple.cts[258]: com.apple.icloud.fmfd.heartbeat: scheduler_evaluate_activity told me to run this job; however, but the start time isn't for 172284 seconds.  Ignoring.
Jul  4 11:29:09 calvisitor-10-105-162-105 corecaptured[34722]: CCFile::captureLogRun Skipping current file Dir file [2017-07-04_11,29,09.994819]-CCIOReporter-005.xml, Current File [2017-07-04_11,29,09.994819]-CCIOReporter-005.xml
Jul  4 11:55:52 calvisitor-10-105-162-105 corecaptured[34743]: CCFile::captureLogRun() Exiting CCFile::captureLogRun
Jul  4 12:06:36 calvisitor-10-105-162-105 com.apple.AddressBook.InternetAccountsBridge[34830]: dnssd_clientstub ConnectToServer: connect()-> No of tries: 1
Jul  4 12:19:03 calvisitor-10-105-162-105 com.apple.WebKit.WebContent[32778]: [12:19:03.575] <<<< Boss >>>> figPlaybackBossPrerollCompleted: unexpected preroll-complete notification
Jul  4 12:35:05 calvisitor-10-105-162-105 com.apple.cts[258]: com.apple.icloud.fmfd.heartbeat: scheduler_evaluate_activity told me to run this job; however, but the start time isn't for 168082 seconds.  Ignoring.
Jul  4 13:02:14 calvisitor-10-105-162-105 com.apple.cts[258]: com.apple.EscrowSecurityAlert.daily: scheduler_evaluate_activity told me to run this job; however, but the start time isn't for 177 seconds.  Ignoring.
Jul  4 13:43:06 calvisitor-10-105-162-105 com.apple.WebKit.WebContent[32778]: [13:43:06.901] <<<< Boss >>>> figPlaybackBossPrerollCompleted: unexpected preroll-complete notification
Jul  4 14:34:52 calvisitor-10-105-162-105 com.apple.SecurityServer[80]: Session 101921 created
Jul  4 15:30:20 calvisitor-10-105-162-105 locationd[82]: Location icon should now be in state 'Inactive'
Jul  4 16:31:54 calvisitor-10-105-162-105 kernel[0]: Sandbox: com.apple.Addres(35110) deny(1) network-outbound /private/var/run/mDNSResponder
Jul  4 17:12:34 calvisitor-10-105-162-105 com.apple.cts[43]: com.apple.SoftwareUpdate.Activity: scheduler_evaluate_activity told me to run this job; however, but the start time isn't for 3226 seconds.  Ignoring.
Jul  4 17:54:33 calvisitor-10-105-162-105 kernel[0]: ARPT: 711979.641310: wl0: setup_keepalive: interval 900, retry_interval 30, retry_count 10
Jul  4 18:34:25 calvisitor-10-105-162-105 kernel[0]: en0: BSSID changed to 5c:50:15:4c:18:13
Jul  4 19:15:22 calvisitor-10-105-162-105 kernel[0]: AppleCamIn::systemWakeCall - messageType = 0xE0000340
Jul  4 19:42:58 calvisitor-10-105-162-105 secd[276]:  SOSAccountThisDeviceCanSyncWithCircle sync with device failure: Error Domain=com.apple.security.sos.error Code=1035 "Account identity not set" UserInfo={NSDescription=Account identity not set}
Jul  4 20:10:18 calvisitor-10-105-162-105 com.apple.cts[258]: com.apple.suggestions.harvest: scheduler_evaluate_activity told me to run this job; however, but the start time isn't for 36678 seconds.  Ignoring.
Jul  4 20:38:11 calvisitor-10-105-162-105 kernel[0]: AppleThunderboltNHIType2::prePCIWake - power up complete - took 2 us
Jul  4 20:51:50 calvisitor-10-105-162-105 Dock[307]: -[UABestAppSuggestionManager notifyBestAppChanged:type:options:bundleIdentifier:activityType:dynamicIdentifier:when:confidence:deviceName:deviceIdentifier:deviceType:] (null) UASuggestedActionType=0 (null)/(null) opts=(null) when=2017-07-05 03:51:50 +0000 confidence=1 from=(null)/(null) (UABestAppSuggestionManager.m #319)
Jul  4 20:54:04 authorMacBook-Pro networkd[195]: __42-[NETClientConnection evaluateCrazyIvan46]_block_invoke CI46 - Hit by torpedo! QQ.10018 tc22491 203.205.142.158:8080
Jul  4 21:35:54 calvisitor-10-105-162-105 kernel[0]: ARPT: 713439.104255: IOPMPowerSource Information: onSleep,  SleepType: Normal Sleep,  'ExternalConnected': Yes, 'TimeRemaining': 0,
Jul  4 22:43:02 calvisitor-10-105-162-105 kernel[0]: AppleThunderboltGenericHAL::earlyWake - complete - took 1 milliseconds
Jul  4 23:10:29 calvisitor-10-105-162-105 kernel[0]: PM response took 113 ms (24144, WeChat)
Jul  4 23:20:18 calvisitor-10-105-162-105 QQ[10018]: FA||Url||taskID[2019353517] dealloc
Jul  4 23:22:09 calvisitor-10-105-162-105 Microsoft Word[14463]: Cocoa scripting error for '0x009a0005': four character codes must be four characters long.
Jul  4 23:22:09 calvisitor-10-105-162-105 Microsoft Word[14463]: Cocoa scripting error for '0x006d0002': four character codes must be four characters long.
Jul  4 23:22:09 calvisitor-10-105-162-105 Microsoft Word[14463]: Cocoa scripting error for '0x00c40027': four character codes must be four characters long.
Jul  4 23:22:09 calvisitor-10-105-162-105 Microsoft Word[14463]: Cocoa scripting error for '0x007c0018': four character codes must be four characters long.
Jul  4 23:22:09 calvisitor-10-105-162-105 Microsoft Word[14463]: Cocoa scripting error for '0x01f60001': four character codes must be four characters long.
Jul  4 23:22:09 calvisitor-10-105-162-105 Microsoft Word[14463]: Cocoa scripting error for '0x023d0001': four character codes must be four characters long.
Jul  4 23:22:09 calvisitor-10-105-162-105 Microsoft Word[14463]: Cocoa scripting error for '0x0249002a': four character codes must be four characters long.
Jul  4 23:22:09 calvisitor-10-105-162-105 Microsoft Word[14463]: Cocoa scripting error for '0x02740004': four character codes must be four characters long.
Jul  4 23:22:09 calvisitor-10-105-162-105 Microsoft Word[14463]: Cocoa scripting error for '0x02801000': four character codes must be four characters long.
Jul  4 23:22:09 calvisitor-10-105-162-105 Microsoft Word[14463]: Cocoa scripting error for '0x02b70006': four character codes must be four characters long.
Jul  4 23:50:59 calvisitor-10-105-162-105 quicklookd[35391]: objc[35391]: Class TSUAtomicLRUCache is implemented in both /Library/QuickLook/iWork.qlgenerator/Contents/MacOS/iWork and /System/Library/PrivateFrameworks/OfficeImport.framework/Versions/A/OfficeImport. One of the two will be used. Which one is undefined.
Jul  5 00:03:06 calvisitor-10-105-162-105 sharingd[30299]: 00:03:06.178 : Started generating hashes
Jul  5 00:18:04 authorMacBook-Pro QQ[10018]: button report: 0x80039B7
Jul  5 00:29:04 authorMacBook-Pro com.apple.WebKit.WebContent[35671]: [00:29:04.085] <<<< CRABS >>>> crabsWaitForLoad: [0x7fbc7ac683a0] Wait time out - -1001 (msRequestTimeout -1)
Jul  5 00:58:26 calvisitor-10-105-163-10 wirelessproxd[75]: Failed to stop a scan - central is not powered on: 4
Jul  5 02:27:57 calvisitor-10-105-163-10 com.apple.AddressBook.InternetAccountsBridge[35749]: dnssd_clientstub ConnectToServer: connect()-> No of tries: 3
Jul  5 03:35:40 calvisitor-10-105-163-10 kernel[0]: RTC: PowerByCalendarDate setting ignored
Jul  5 04:12:21 calvisitor-10-105-163-10 syslogd[44]: ASL Sender Statistics
Jul  5 10:31:23 calvisitor-10-105-163-10 kernel[0]: AppleCamIn::handleWakeEvent_gated
Jul  5 10:45:00 calvisitor-10-105-160-179 com.apple.xpc.launchd[1] (com.apple.xpc.launchd.domain.pid.WebContent.35830): Path not allowed in target domain: type = pid, path = /System/Library/StagedFrameworks/Safari/SafariShared.framework/Versions/A/XPCServices/com.apple.Safari.History.xpc/Contents/MacOS/com.apple.Safari.History error = 147: The specified service did not ship in the requestor's bundle, origin = /System/Library/StagedFrameworks/Safari/WebKit.framework/Versions/A/XPCServices/com.apple.WebKit.WebContent.xpc
Jul  5 10:57:41 calvisitor-10-105-160-179 kernel[0]: IOThunderboltSwitch<0>(0x0)::listenerCallback - Thunderbolt HPD packet for route = 0x0 port = 12 unplug = 0
Jul  5 11:39:37 calvisitor-10-105-160-179 symptomsd[215]: -[NetworkAnalyticsEngine _writeJournalRecord:fromCellFingerprint:key:atLOI:ofKind:lqm:isFaulty:] Hashing of the primary key failed. Dropping the journal record.
Jul  5 11:47:49 calvisitor-10-105-160-226 quicklookd[35915]: Error returned from iconservicesagent: (null)
Jul  5 12:05:11 calvisitor-10-105-160-226 WindowServer[184]: send_datagram_available_ping: pid 445 failed to act on a ping it dequeued before timing out.
Jul  5 14:03:45 authorMacBook-Pro corecaptured[36034]: CCFile::captureLog Received Capture notice id: 1499288625.645942, reason = AuthFail:sts:5_rsn:0
Jul  5 14:04:25 authorMacBook-Pro corecaptured[36034]: CCFile::captureLogRun Skipping current file Dir file [2017-07-05_14,04,25.118445]-AirPortBrcm4360_Logs-040.txt, Current File [2017-07-05_14,04,25.118445]-AirPortBrcm4360_Logs-040.txt
Jul  5 14:04:33 authorMacBook-Pro corecaptured[36034]: Received Capture Event
Jul  5 14:56:14 authorMacBook-Pro symptomsd[215]: __73-[NetworkAnalyticsEngine observeValueForKeyPath:ofObject:change:context:]_block_invoke unexpected switch value 2
Jul  5 15:55:35 calvisitor-10-105-162-98 kernel[0]: AppleActuatorDevice::stop Entered
Jul  5 16:04:43 calvisitor-10-105-162-107 kernel[0]: IO80211AWDLPeerManager::setAwdlAutoMode Resuming AWDL
Jul  5 16:12:52 authorMacBook-Pro cdpd[11807]: Saw change in network reachability (isReachable=0)
Jul  5 16:24:29 authorMacBook-Pro kernel[0]: ARPT: 725996.598754: framerdy 0x0 bmccmd 3 framecnt 1024
Jul  5 16:47:16 airbears2-10-142-108-38 Safari[9852]: KeychainGetICDPStatus: keychain: -25300
Jul  5 17:02:52 airbears2-10-142-108-38 kernel[0]: AppleCamIn::systemWakeCall - messageType = 0xE0000340
Jul  5 17:23:22 calvisitor-10-105-163-9 com.apple.AddressBook.InternetAccountsBridge[36248]: dnssd_clientstub ConnectToServer: connect() failed path:/var/run/mDNSResponder Socket:4 Err:-1 Errno:1 Operation not permitted
Jul  5 17:27:08 authorMacBook-Pro configd[53]: network changed: DNS* Proxy
Jul  5 18:20:06 authorMacBook-Pro networkd[195]: -[NETClientConnection evaluateCrazyIvan46] CI46 - Perform CrazyIvan46! QQ.10018 tc23407 119.81.102.227:80
Jul  5 19:00:43 authorMacBook-Pro corecaptured[36291]: CCIOReporterFormatter::refreshSubscriptionsFromStreamRegistry clearing out any previous subscriptions
Jul  5 20:16:56 calvisitor-10-105-160-210 blued[85]: hostControllerOnline - Number of Paired devices = 1, List of Paired devices = ( "84-41-67-32-db-e1" )
Jul  5 21:48:33 authorMacBook-Pro networkd[195]: -[NETClientConnection effectiveBundleID] using process name apsd as bundle ID (this is expected for daemons without bundle ID
Jul  5 23:09:36 calvisitor-10-105-160-22 kernel[0]: bitmap_size 0x7f0fc, previewSize 0x4028, writing 485676 pages @ 0x97144
Jul  5 23:50:51 calvisitor-10-105-162-211 locationd[82]: NETWORK: requery, 0, 0, 0, 0, 299, items, fQueryRetries, 0, fLastRetryTimestamp, 521006902.2
Jul  6 01:11:06 authorMacBook-Pro Dropbox[24019]: [0706/011106:WARNING:dns_config_service_posix.cc(306)] Failed to read DnsConfig.
Jul  6 01:51:35 authorMacBook-Pro wirelessproxd[75]: Peripheral manager is not powered on
Jul  6 02:32:44 calvisitor-10-105-160-37 sandboxd[129] ([36491]): com.apple.Addres(36491) deny network-outbound /private/var/run/mDNSResponder
Jul  6 03:53:08 calvisitor-10-105-160-37 kernel[0]: hibernate_page_list_setall time: 603 ms
Jul  6 05:04:00 calvisitor-10-105-163-168 kernel[0]: pages 1418325, wire 548641, act 438090, inact 2, cleaned 0 spec 12, zf 30, throt 0, compr 254881, xpmapped 40000
Jul  6 08:32:39 authorMacBook-Pro networkd[195]: -[NETClientConnection effectiveBundleID] using process name CalendarAgent as bundle ID (this is expected for daemons without bundle ID
Jul  6 08:35:08 calvisitor-10-105-163-253 corecaptured[36565]: Got an XPC error: Connection invalid
Jul  6 09:31:18 calvisitor-10-105-163-253 WindowServer[184]: no sleep images for WillPowerOffWithImages
Jul  6 10:17:44 calvisitor-10-105-163-253 ChromeExistion[36801]: ChromeExistion main strSendMsg = {"websitekey":false,"commandkey":true,"browserkey":true}
Jul  6 11:14:33 authorMacBook-Pro networkd[195]: -[NETClientConnection effectiveBundleID] using process name apsd as bundle ID (this is expected for daemons without bundle ID
Jul  6 12:00:10 calvisitor-10-105-162-178 sandboxd[129] ([36919]): com.apple.Addres(36919) deny network-outbound /private/var/run/mDNSResponder
Jul  6 12:01:17 authorMacBook-Pro kernel[0]: IO80211AWDLPeerManager::setAwdlAutoMode Resuming AWDL
Jul  6 12:03:02 authorMacBook-Pro corecaptured[36918]: CCFile::captureLogRun Skipping current file Dir file [2017-07-06_12,03,02.449748]-AirPortBrcm4360_Logs-037.txt, Current File [2017-07-06_12,03,02.449748]-AirPortBrcm4360_Logs-037.txt
Jul  6 12:03:12 authorMacBook-Pro corecaptured[36918]: CCFile::captureLogRun Skipping current file Dir file [2017-07-06_12,03,12.289973]-CCIOReporter-041.xml, Current File [2017-07-06_12,03,12.289973]-CCIOReporter-041.xml
Jul  6 12:05:46 calvisitor-10-105-162-178 kernel[0]: ARPT: 739357.156234: wl0: setup_keepalive: Seq: 1852166454, Ack: 1229910694, Win size: 4096
Jul  6 13:11:53 calvisitor-10-105-162-178 kernel[0]: Previous sleep cause: 5
Jul  6 14:09:32 authorMacBook-Pro corecaptured[37027]: CCFile::captureLogRun() Exiting CCFile::captureLogRun
Jul  6 14:17:00 calvisitor-10-105-162-178 com.apple.xpc.launchd[1] (com.apple.xpc.launchd.domain.user.501): Service "com.apple.xpc.launchd.unmanaged.loginwindow.94" tried to hijack endpoint "com.apple.tsm.uiserver" from owner: com.apple.SystemUIServer.agent
Jul  6 14:56:48 calvisitor-10-105-162-178 kernel[0]: RTC: Maintenance 2017/7/6 21:56:47, sleep 2017/7/6 21:44:10
Jul  6 15:30:53 calvisitor-10-105-162-178 kernel[0]: AppleThunderboltNHIType2::prePCIWake - power up complete - took 1 us
Jul  6 16:12:15 calvisitor-10-105-162-178 kernel[0]: Previous sleep cause: 5
Jul  6 16:18:17 calvisitor-10-105-162-178 kernel[0]: ARPT: 740501.982555: wl0: MDNS: IPV6 Addr: fe80:0:0:0:c6b3:1ff:fecd:467f
Jul  6 16:29:48 authorMacBook-Pro networkd[195]: nw_nat64_post_new_ifstate successfully changed NAT64 ifstate from 0x8000000000000000 to 0x4
Jul  6 17:28:48 calvisitor-10-105-162-178 com.apple.xpc.launchd[1] (com.apple.xpc.launchd.domain.pid.WebContent.37146): Path not allowed in target domain: type = pid, path = /System/Library/StagedFrameworks/Safari/SafariShared.framework/Versions/A/XPCServices/com.apple.Safari.History.xpc/Contents/MacOS/com.apple.Safari.History error = 147: The specified service did not ship in the requestor's bundle, origin = /System/Library/StagedFrameworks/Safari/WebKit.framework/Versions/A/XPCServices/com.apple.WebKit.WebContent.xpc
Jul  6 18:09:43 calvisitor-10-105-162-178 QQ[10018]: FA||Url||taskID[2019353666] dealloc
Jul  6 18:37:20 calvisitor-10-105-162-178 kernel[0]: full wake request (reason 2) 30914 ms
Jul  6 18:51:42 calvisitor-10-105-162-178 kernel[0]: kern_open_file_for_direct_io(0)
Jul  6 19:18:27 calvisitor-10-105-162-178 com.apple.cts[258]: com.apple.suggestions.harvest: scheduler_evaluate_activity told me to run this job; however, but the start time isn't for 15002 seconds.  Ignoring.
Jul  6 19:31:41 calvisitor-10-105-162-178 com.apple.cts[43]: com.apple.CacheDelete.daily: scheduler_evaluate_activity told me to run this job; however, but the start time isn't for 63122 seconds.  Ignoring.
Jul  6 19:45:43 calvisitor-10-105-162-178 com.apple.cts[43]: com.apple.CacheDelete.daily: scheduler_evaluate_activity told me to run this job; however, but the start time isn't for 62280 seconds.  Ignoring.
Jul  6 20:05:04 calvisitor-10-105-162-178 WeChat[24144]: jemmytest
Jul  6 20:46:03 calvisitor-10-105-162-178 GoogleSoftwareUpdateAgent[37316]: 2017-07-06 20:46:03.869 GoogleSoftwareUpdateAgent[37316/0x7000002a0000] [lvl=2] -[KSOutOfProcessFetcher beginFetchWithDelegate:] KSOutOfProcessFetcher start fetch from URL: "https://tools.google.com/service/update2?cup2hreq=5e15fbe422c816bef7c133cfffdb516e16923579b9be2dfae4d7d8d211b25017&cup2key=7:780377214"
Jul  6 22:26:19 calvisitor-10-105-162-178 WindowServer[184]: send_datagram_available_ping: pid 445 failed to act on a ping it dequeued before timing out.
Jul  7 00:01:59 calvisitor-10-105-162-178 kernel[0]: Sandbox: SpotlightNetHelp(352) deny(1) ipc-posix-shm-read-data CFPBS:186A7:
Jul  7 00:26:41 calvisitor-10-105-162-178 Preview[11512]: Unable to simultaneously satisfy constraints: ( "<NSLayoutConstraint:0x7f8efb89e920 H:[NSImageView:0x7f8efb89d5d0(38)]>", "<NSLayoutConstraint:0x7f8efb89aac0 H:|-(14)-[NSImageView:0x7f8efb89d5d0]   (Names: PageItemCell:0x7f8efb898930, '|':PageItemCell:0x7f8efb898930 )>", "<NSLayoutConstraint:0x7f8f071a6c20 'NSView-Encapsulated-Layout-Width' H:[PageItemCell(73)]   (Names: PageItemCell:0x7f8efb898930 )>", "<NSLayoutConstraint:0x7f8efb89d8a0 H:[NSImageView:0x7f8efb89d5d0]-(10)-[NSTextField:0x7f8efb89d250]>", "<NSLayoutConstraint:0x7f8efb8980e0 H:[NSTextField:0x7f8efb89e7a0]-(14)-|   (Names: PageItemCell:0x7f8efb898930, '|':PageItemCell:0x7f8efb898930 )>", "<NSLayoutConstraint:0x7f8efb89ba20 H:[NSTextField:0x7f8efb89d250]-(>=NSSpace(8))-[NSTextField:0x7f8efb89e7a0]>" )  Will attempt to recover by breaking constraint <NSLayoutConstraint:0x7f8efb89e920 H:[NSImageView:0x7f8efb89d5d0(38)]>  Set the NSUserDefault NSConstraintBasedLayoutVisualizeMutuallyExclusiveConstraints to YES to have -[NSWindow visualizeConstraints:] automatically called when this happens.  And/or, break on objc_exception_throw to catch this in the debugger.
Jul  7 00:52:58 authorMacBook-Pro UserEventAgent[43]: Captive: [CNInfoNetworkActive:1748] en0: SSID 'CalVisitor' making interface primary (cache indicates network not captive)
Jul  7 01:34:46 calvisitor-10-105-162-178 kernel[0]: ARPT: 761864.513194: AirPort_Brcm43xx::powerChange: System Sleep
Jul  7 02:42:24 calvisitor-10-105-162-178 sandboxd[129] ([37682]): com.apple.Addres(37682) deny network-outbound /private/var/run/mDNSResponder
Jul  7 03:22:55 calvisitor-10-105-162-178 kernel[0]: RTC: PowerByCalendarDate setting ignored
Jul  7 03:50:29 calvisitor-10-105-162-178 com.apple.cts[258]: com.apple.EscrowSecurityAlert.daily: scheduler_evaluate_activity told me to run this job; however, but the start time isn't for 33282 seconds.  Ignoring.
Jul  7 04:17:52 calvisitor-10-105-162-178 sandboxd[129] ([37725]): com.apple.Addres(37725) deny network-outbound /private/var/run/mDNSResponder
Jul  7 04:58:16 calvisitor-10-105-162-178 kernel[0]: AirPort: Link Up on awdl0
Jul  7 05:26:27 calvisitor-10-105-162-178 kernel[0]: ARPT: 762962.511796: AirPort_Brcm43xx::powerChange: System Sleep
Jul  7 06:06:21 calvisitor-10-105-162-178 com.apple.cts[43]: com.apple.CacheDelete.daily: scheduler_evaluate_activity told me to run this job; however, but the start time isn't for 25042 seconds.  Ignoring.
Jul  7 07:16:48 calvisitor-10-105-162-178 corecaptured[37799]: CCDataTap::profileRemoved, Owner: com.apple.driver.AirPort.Brcm4360.0, Name: StateSnapshots
Jul  7 07:59:26 calvisitor-10-105-162-178 configd[53]: setting hostname to "authorMacBook-Pro.local"
Jul  7 09:09:36 calvisitor-10-105-162-178 Dock[307]: -[UABestAppSuggestionManager notifyBestAppChanged:type:options:bundleIdentifier:activityType:dynamicIdentifier:when:confidence:deviceName:deviceIdentifier:deviceType:] (null) UASuggestedActionType=0 (null)/(null) opts=(null) when=2017-07-07 16:09:36 +0000 confidence=1 from=(null)/(null) (UABestAppSuggestionManager.m #319)
Jul  7 10:04:25 calvisitor-10-105-162-178 com.apple.cts[258]: com.apple.icloud.fmfd.heartbeat: scheduler_evaluate_activity told me to run this job; however, but the start time isn't for 472301 seconds.  Ignoring.
Jul  7 10:31:22 calvisitor-10-105-162-178 kernel[0]: AppleThunderboltGenericHAL::earlyWake - complete - took 0 milliseconds
Jul  7 10:38:06 calvisitor-10-105-162-178 Mail[11203]: Unrecognized XSSimpleTypeDefinition: OneOff
Jul  7 11:22:27 calvisitor-10-105-162-178 locationd[82]: NETWORK: requery, 0, 0, 0, 0, 294, items, fQueryRetries, 0, fLastRetryTimestamp, 521144227.4
Jul  7 12:12:27 calvisitor-10-105-162-178 locationd[82]: Location icon should now be in state 'Active'
Jul  7 12:16:28 calvisitor-10-105-162-178 quicklookd[38023]: Error returned from iconservicesagent: (null)
Jul  7 12:23:11 calvisitor-10-105-162-178 kernel[0]: in6_unlink_ifa: IPv6 address 0x77c911453a6dbcdb has no prefix
Jul  7 12:24:31 authorMacBook-Pro corecaptured[38064]: CCFile::captureLogRun() Exiting CCFile::captureLogRun
Jul  7 12:30:29 calvisitor-10-105-162-178 kernel[0]: IO80211AWDLPeerManager::setAwdlAutoMode Resuming AWDL
Jul  7 13:38:29 authorMacBook-Pro networkd[195]: -[NETClientConnection evaluateCrazyIvan46] CI46 - Perform CrazyIvan46! NeteaseMusic.17988 tc12042 103.251.128.144:80
Jul  7 13:40:35 authorMacBook-Pro corecaptured[38124]: CCFile::captureLogRun Skipping current file Dir file [2017-07-07_13,40,35.857095]-AirPortBrcm4360_Logs-022.txt, Current File [2017-07-07_13,40,35.857095]-AirPortBrcm4360_Logs-022.txt
Jul  7 13:40:39 calvisitor-10-105-160-205 networkd[195]: nw_nat64_post_new_ifstate successfully changed NAT64 ifstate from 0x4 to 0x8000000000000000
Jul  7 13:42:17 authorMacBook-Pro configd[53]: network changed: v4(en0+:10.105.160.205) v6(en0:2607:f140:6000:8:c6b3:1ff:fecd:467f) DNS! Proxy SMB
Jul  7 13:42:48 authorMacBook-Pro corecaptured[38124]: CCFile::captureLog
Jul  7 14:03:25 calvisitor-10-105-160-205 kernel[0]: AppleThunderboltNHIType2::prePCIWake - power up complete - took 1 us
Jul  7 14:19:57 calvisitor-10-105-160-205 kernel[0]: in6_unlink_ifa: IPv6 address 0x77c911454f15210b has no prefix
Jul  7 15:01:07 calvisitor-10-105-160-205 sandboxd[129] ([38210]): com.apple.Addres(38210) deny network-outbound /private/var/run/mDNSResponder
Jul  7 16:04:15 calvisitor-10-105-160-205 kernel[0]: en0: channel changed to 1
Jul  7 16:05:37 authorMacBook-Pro UserEventAgent[43]: Captive: CNPluginHandler en0: Inactive
Jul  7 16:24:16 authorMacBook-Pro corecaptured[38241]: CCIOReporterFormatter::refreshSubscriptionsFromStreamRegistry clearing out any previous subscriptions
Jul  7 16:49:57 calvisitor-10-105-160-85 locationd[82]: Location icon should now be in state 'Inactive'
Jul  7 17:30:00 calvisitor-10-105-160-85 QuickLookSatellite[38418]: nw_path_evaluator_start_helper_connection net_helper_path_evaluation_start failed, dumping backtrace: [x86_64] libnetcore-583.50.1 0   libsystem_network.dylib             0x00007fff92fabde9 __nw_create_backtrace_string + 123 1   libsystem_network.dylib             0x00007fff92fc289f nw_path_evaluator_start_helper_connection + 196 2   libdispatch.dylib                   0x00007fff980fa93d _dispatch_call_block_and_release + 12 3   libdispatch.dylib                   0x00007fff980ef40b _dispatch_client_callout + 8 4   libdispatch.dylib                   0x00007fff980f403b _dispatch_queue_drain + 754 5   libdispatch.dylib                   0x00007fff980fa707 _dispatch_queue_invoke + 549 6   libdispatch.dylib                   0x00007fff980f2d53 _dispatch_root_queue_drain + 538 7   libdispatch.dylib                   0x00007fff980f2b00 _dispatch_worker_thread3 + 91 8   libsystem_pthread.dylib             0x00007fff8ebc44de _pthread_wqthread + 1129 9   libsystem_pthread.dylib             0x00007fff8ebc2341 start_wqthread + 13
Jul  7 18:09:40 calvisitor-10-105-160-85 kernel[0]: en0: channel changed to 1
Jul  7 18:11:11 calvisitor-10-105-160-85 kernel[0]: Previous sleep cause: 5
Jul  7 18:24:25 calvisitor-10-105-160-85 com.apple.cts[258]: com.apple.icloud.fmfd.heartbeat: scheduler_evaluate_activity told me to run this job; however, but the start time isn't for 442301 seconds.  Ignoring.
Jul  7 19:04:23 calvisitor-10-105-160-85 kernel[0]: AppleCamIn::systemWakeCall - messageType = 0xE0000340
Jul  7 20:32:00 calvisitor-10-105-160-85 iconservicesagent[328]: -[ISGenerateImageOp generateImageWithCompletion:] Failed to composit image for descriptor <ISBindingImageDescriptor: 0x7f9951217bb0>.
Jul  7 20:43:37 calvisitor-10-105-160-85 QuickLookSatellite[38624]: [QL] No sandbox token for request <QLThumbnailRequest vmware-usbarb-25037.log>, it will probably fail
Jul  7 21:08:26 calvisitor-10-105-160-85 WeChat[24144]: jemmytest
Jul  7 21:26:38 calvisitor-10-105-160-85 Safari[9852]: KeychainGetICDPStatus: keychain: -25300
Jul  7 21:57:08 calvisitor-10-105-160-85 kernel[0]: Bluetooth -- LE is supported - Disable LE meta event
Jul  7 22:24:31 calvisitor-10-105-160-85 sharingd[30299]: 22:24:31.135 : BTLE scanner Powered On
Jul  7 23:27:02 calvisitor-10-105-160-85 kernel[0]: ARPT: 784117.625615: wl0: leaveModulePoweredForOffloads: Wi-Fi will stay on.
Jul  8 00:45:21 calvisitor-10-105-160-47 kernel[0]: AppleThunderboltNHIType2::waitForOk2Go2Sx - intel_rp = 1 dlla_reporting_supported = 0
Jul  8 01:52:20 calvisitor-10-105-163-147 corecaptured[38984]: CCIOReporterFormatter::refreshSubscriptionsFromStreamRegistry clearing out any previous subscriptions
Jul  8 02:32:46 calvisitor-10-105-162-175 corecaptured[38992]: CCFile::captureLogRun Skipping current file Dir file [2017-07-08_02,32,46.787931]-AirPortBrcm4360_Logs-004.txt, Current File [2017-07-08_02,32,46.787931]-AirPortBrcm4360_Logs-004.txt
Jul  8 03:13:24 calvisitor-10-105-162-108 QQ[10018]: DB Error: 1 "no such table: tb_c2cMsg_2909288299"
Jul  8 04:13:32 calvisitor-10-105-162-228 blued[85]: Host controller terminated
Jul  8 04:16:14 authorMacBook-Pro networkd[195]: __42-[NETClientConnection evaluateCrazyIvan46]_block_invoke CI46 - Hit by torpedo! QQ.10018 tc25995 121.51.36.148:443
Jul  8 04:54:03 calvisitor-10-105-161-176 kernel[0]: **** [IOBluetoothHostControllerUSBTransport][start] -- completed -- result = TRUE -- 0x2800 ****
Jul  8 05:34:31 calvisitor-10-105-160-181 blued[85]: [BluetoothHIDDeviceController]ERROR: Could not find the disconnected object
Jul  8 05:52:07 calvisitor-10-105-162-124 kernel[0]: vm_compressor_fastwake_warmup completed - took 12461 msecs
Jul  8 06:11:46 calvisitor-10-105-162-124 WindowServer[184]: send_datagram_available_ping: pid 445 failed to act on a ping it dequeued before timing out.
Jul  8 07:01:03 calvisitor-10-105-162-124 CalendarAgent[279]: [com.apple.calendar.store.log.caldav.coredav] [Refusing to parse response to PROPPATCH because of content-type: [text/html; charset=UTF-8].]
Jul  8 07:30:15 calvisitor-10-105-162-124 secd[276]:  SOSAccountThisDeviceCanSyncWithCircle sync with device failure: Error Domain=com.apple.security.sos.error Code=1035 "Account identity not set" UserInfo={NSDescription=Account identity not set}
