Jul  1 09:01:06 calvisitor-10-105-160-95 QQ[10018]: FA||Url||taskID[2019352994] dealloc
Jul  1 09:04:37 authorMacBook-Pro symptomsd[215]: __73-[NetworkAnalyticsEngine observeValueForKeyPath:ofObject:change:context:]_block_invoke unexpected switch value 2
Jul  1 09:21:57 authorMacBook-Pro corecaptured[31174]: CCIOReporterFormatter::addRegistryChildToChannelDictionary streams 7
Jul  1 09:25:21 calvisitor-10-105-160-95 com.apple.cts[258]: com.apple.icloud.fmfd.heartbeat: scheduler_evaluate_activity told me to run this job; however, but the start time isn't for 438666 seconds.  Ignoring.
Jul  1 09:27:06 calvisitor-10-105-160-95 kernel[0]: IO80211AWDLPeerManager::setAwdlSuspendedMode() Suspending AWDL, enterQuietMode(true)
Jul  1 09:29:25 calvisitor-10-105-160-95 kernel[0]: ARPT: 621241.634070: wl0: MDNS: IPV6 Addr: 2607:f140:6000:8:c6b3:1ff:fecd:467f
Jul  1 09:33:13 calvisitor-10-105-160-95 kernel[0]: AirPort: Link Up on awdl0
Jul  1 09:39:57 calvisitor-10-105-160-95 kernel[0]: ARPT: 621490.858770: wl0: wl_update_tcpkeep_seq: Updated seq/ack/win from UserClient Seq 2119064372, Ack 3325040593, Win size 278
Jul  1 09:41:44 calvisitor-10-105-160-95 com.apple.cts[258]: com.apple.Safari.SafeBrowsing.Update: scheduler_evaluate_activity told me to run this job; however, but the start time isn't for 1268 seconds.  Ignoring.
Jul  1 09:43:22 calvisitor-10-105-160-95 mDNSResponder[91]: mDNS_RegisterInterface: Frequent transitions for interface en0 (FE80:0000:0000:0000:C6B3:01FF:FECD:467F)
Jul  1 09:59:26 calvisitor-10-105-160-95 kernel[0]: ARPT: 621738.114066: AirPort_Brcm43xx::platformWoWEnable: WWEN[enable]
Jul  1 10:08:55 calvisitor-10-105-160-95 AddressBookSourceSync[31318]: Unrecognized attribute value: t:AbchPersonItemType
Jul  1 10:38:53 calvisitor-10-105-160-95 sandboxd[129] ([31376]): com.apple.Addres(31376) deny network-outbound /private/var/run/mDNSResponder
Jul  1 11:29:32 calvisitor-10-105-160-95 locationd[82]: Location icon should now be in state 'Inactive'
Jul  1 11:39:48 calvisitor-10-105-160-95 kernel[0]: ARPT: 626132.740936: AirPort_Brcm43xx::platformWoWEnable: WWEN[disable]
Jul  1 11:44:25 authorMacBook-Pro kernel[0]: en0::IO80211Interface::postMessage bssid changed
Jul  1 11:46:48 calvisitor-10-105-160-95 com.apple.cts[258]: com.apple.Safari.SafeBrowsing.Update: scheduler_evaluate_activity told me to run this job; however, but the start time isn't for 1277 seconds.  Ignoring.
Jul  1 11:49:29 authorMacBook-Pro kernel[0]: USBMSC Identifier (non-unique): 000000000820 0x5ac 0x8406 0x820, 3
Jul  1 11:51:11 calvisitor-10-105-160-95 com.apple.cts[258]: com.apple.suggestions.harvest: scheduler_evaluate_activity told me to run this job; however, but the start time isn't for 15759 seconds.  Ignoring.
Jul  1 11:55:14 calvisitor-10-105-160-95 kernel[0]: AirPort: Link Down on en0. Reason 8 (Disassociated because station leaving).
Jul  1 12:26:01 calvisitor-10-105-160-95 com.apple.cts[258]: com.apple.icloud.fmfd.heartbeat: scheduler_evaluate_activity told me to run this job; however, but the start time isn't for 427826 seconds.  Ignoring.
Jul  1 12:53:53 calvisitor-10-105-160-95 kernel[0]: ARPT: 626908.045241: wl0: setup_keepalive: interval 900, retry_interval 30, retry_count 10
Jul  1 13:41:48 calvisitor-10-105-160-95 kernel[0]: RTC: PowerByCalendarDate setting ignored
Jul  1 13:47:53 calvisitor-10-105-160-95 kernel[0]: en0: channel changed to 6
Jul  1 14:38:45 calvisitor-10-105-160-95 com.apple.CDScheduler[258]: Thermal pressure state: 0 Memory pressure state: 0
Jul  1 19:43:22 calvisitor-10-105-160-95 kernel[0]: pages 1471315, wire 491253, act 449877, inact 3, cleaned 0 spec 5, zf 23, throt 0, compr 345876, xpmapped 40000
Jul  1 19:46:42 calvisitor-10-105-163-202 iconservicesagent[328]: -[ISGenerateImageOp generateImageWithCompletion:] Failed to composit image for descriptor <ISBindingImageDescriptor: 0x7f9951303310>.
Jul  1 21:10:19 calvisitor-10-105-163-202 Preview[11512]: WARNING: Type1 font data isn't in the correct format required by the Adobe Type 1 Font Format specification.
Jul  1 21:33:23 calvisitor-10-105-163-202 iconservicesagent[328]: -[ISGenerateImageOp generateImageWithCompletion:] Failed to composit image for descriptor <ISBindingImageDescriptor: 0x7f9950606790>.
Jul  1 22:20:57 calvisitor-10-105-163-202 iconservicesagent[328]: -[ISGenerateImageOp generateImageWithCompletion:] Failed to composit image for descriptor <ISBindingImageDescriptor: 0x7f9950712080>.
Jul  1 23:32:34 calvisitor-10-105-163-202 kernel[0]: AirPort: Link Up on awdl0
Jul  2 02:32:17 calvisitor-10-105-163-202 kernel[0]: hibernate_page_list_setall found pageCount 448015
Jul  2 10:40:07 calvisitor-10-105-163-202 GoogleSoftwareUpdateAgent[32012]: 2017-07-02 10:40:07.676 GoogleSoftwareUpdateAgent[32012/0x7000002a0000] [lvl=2] -[KSAgentApp updateProductWithProductID:usingEngine:] Checking for updates for "com.google.Keystone" using engine <KSUpdateEngine:0x100313e70 ticketStore=<KSPersistentTicketStore:0x100332a60 store=<KSKeyedPersistentStore:0x100315fa0 path="/Users/xpc/Library/Google/GoogleSoftwareUpdate/TicketStore/Keystone.ticketstore" lockFile=<KSLockFile:0x1003176d0 path="/Users/xpc/Library/Google/GoogleSoftwareUpdate/TicketStore/Keystone.ticketstore.lock" locked=NO > >> processor=<KSActionProcessor:0x1003143e0 delegate=<KSUpdateEngine:0x100313e70> isProcessing=NO actionsCompleted=0 progress=0.00 errors=0 currentActionErrors=0 events=0 currentActionEvents=0 actionQueue=( ) > delegate=(null) serverInfoStore=<KSServerPrivateInfoStore:0x100311a10 path="/Users/xpc/Library/Google/GoogleSoftwareUpdate/Servers"> errors=0 >
Jul  2 12:15:23 calvisitor-10-105-163-202 kernel[0]: Bluetooth -- LE is supported - Disable LE meta event
Jul  2 13:00:07 calvisitor-10-105-163-202 kernel[0]: AirPort: Link Down on awdl0. Reason 1 (Unspecified).
Jul  2 13:05:38 calvisitor-10-105-163-202 kernel[0]: TBT W (2): 0x0040 [x]
Jul  2 13:13:22 authorMacBook-Pro mDNSResponder[91]: mDNS_RegisterInterface: Frequent transitions for interface awdl0 (FE80:0000:0000:0000:D8A5:90FF:FEF5:7FFF)
Jul  2 14:33:03 calvisitor-10-105-163-202 locationd[82]: Location icon should now be in state 'Inactive'
Jul  2 15:46:40 calvisitor-10-105-163-202 GoogleSoftwareUpdateAgent[32432]: 2017-07-02 15:46:40.516 GoogleSoftwareUpdateAgent[32432/0x7000002a0000] [lvl=2] -[KSOutOfProcessFetcher(PrivateMethods) launchedHelperTaskForToolPath:error:] KSOutOfProcessFetcher launched '/Users/xpc/Library/Google/GoogleSoftwareUpdate/GoogleSoftwareUpdate.bundle/Contents/MacOS/ksfetch' with process id: 32433
Jul  2 17:07:56 calvisitor-10-105-163-202 locationd[82]: Location icon should now be in state 'Active'
Jul  2 17:44:05 calvisitor-10-105-163-202 Safari[9852]: KeychainGetICDPStatus: keychain: -25300
Jul  2 18:23:33 calvisitor-10-105-163-202 locationd[82]: Location icon should now be in state 'Active'
Jul  2 18:36:01 calvisitor-10-105-163-202 kernel[0]: AppleThunderboltNHIType2::waitForOk2Go2Sx - intel_rp = 1 dlla_reporting_supported = 0
Jul  2 18:40:01 authorMacBook-Pro kernel[0]: in6_unlink_ifa: IPv6 address 0x77c9114551ab23ab has no prefix
Jul  2 18:53:51 calvisitor-10-105-163-202 com.apple.cts[258]: com.apple.icloud.fmfd.heartbeat: scheduler_evaluate_activity told me to run this job; however, but the start time isn't for 318156 seconds.  Ignoring.
Jul  2 19:35:32 calvisitor-10-105-163-202 kernel[0]: AppleThunderboltNHIType2::waitForOk2Go2Sx - intel_rp = 1 dlla_reporting_supported = 0
Jul  2 20:01:59 calvisitor-10-105-163-202 com.apple.cts[43]: com.apple.CacheDelete.daily: scheduler_evaluate_activity told me to run this job; however, but the start time isn't for 61304 seconds.  Ignoring.
Jul  2 21:17:07 calvisitor-10-105-163-202 com.apple.WebKit.WebContent[32778]: [21:17:07.529] FigAgglomeratorSetObjectForKey signalled err=-16020 (kFigStringConformerError_ParamErr) (NULL key) at /Library/Caches/com.apple.xbs/Sources/CoreMedia/CoreMedia-1731.15.207/Prototypes/LegibleOutput/FigAgglomerator.c line 92
Jul  2 22:24:03 authorMacBook-Pro kernel[0]: ARPT: 669592.164786: AQM agg params 0xfc0 maxlen hi/lo 0x0 0xffff minlen 0x0 adjlen 0x0
Jul  2 22:32:34 authorMacBook-Pro com.apple.WebKit.WebContent[32778]: [22:32:34.846] <<<< Boss >>>> figPlaybackBossPrerollCompleted: unexpected preroll-complete notification
Jul  2 23:35:17 authorMacBook-Pro syslogd[44]: ASL Sender Statistics
Jul  3 00:27:35 authorMacBook-Pro ntpd[207]: sigio_handler: sigio_handler_active != 0
Jul  3 01:06:37 authorMacBook-Pro kernel[0]: USBMSC Identifier (non-unique): 000000000820 0x5ac 0x8406 0x820, 3
Jul  3 01:58:04 authorMacBook-Pro kernel[0]: ARPT: 672041.595629: wl0: setup_keepalive: interval 258, retry_interval 30, retry_count 10
Jul  3 02:32:01 authorMacBook-Pro Dock[307]: -[UABestAppSuggestionManager notifyBestAppChanged:type:options:bundleIdentifier:activityType:dynamicIdentifier:when:confidence:deviceName:deviceIdentifier:deviceType:] (null) UASuggestedActionType=0 (null)/(null) opts=(null) when=2017-07-03 09:32:01 +0000 confidence=1 from=(null)/(null) (UABestAppSuggestionManager.m #319)
Jul  3 03:43:40 authorMacBook-Pro kernel[0]: AppleThunderboltNHIType2::prePCIWake - power up complete - took 1 us
Jul  3 04:31:30 authorMacBook-Pro kernel[0]: AppleCamIn::systemWakeCall - messageType = 0xE0000340
Jul  3 05:19:07 authorMacBook-Pro kernel[0]: ARPT: 672663.206073: wl0: wl_update_tcpkeep_seq: Original Seq: 2185760336, Ack: 2085655440, Win size: 4096
Jul  3 05:58:10 authorMacBook-Pro com.apple.AddressBook.InternetAccountsBridge[33109]: dnssd_clientstub ConnectToServer: connect()-> No of tries: 3
Jul  3 06:33:47 authorMacBook-Pro kernel[0]: IOThunderboltSwitch<0>(0x0)::listenerCallback - Thunderbolt HPD packet for route = 0x0 port = 11 unplug = 0
Jul  3 07:09:47 authorMacBook-Pro kernel[0]: AppleCamIn::systemWakeCall - messageType = 0xE0000340
Jul  3 07:33:34 authorMacBook-Pro kernel[0]: AppleCamIn::systemWakeCall - messageType = 0xE0000340
Jul  3 08:33:41 authorMacBook-Pro locationd[82]: NETWORK: requery, 0, 0, 0, 0, 252, items, fQueryRetries, 0, fLastRetryTimestamp, 520783088.4
Jul  3 09:09:20 authorMacBook-Pro kernel[0]: AppleThunderboltNHIType2::waitForOk2Go2Sx - retries = 8
Jul  3 09:57:10 authorMacBook-Pro sharingd[30299]: 09:57:10.384 : Scanning mode Contacts Only
Jul  3 10:20:32 authorMacBook-Pro QQ[10018]: button report: 0x80039B7
Jul  3 11:31:49 authorMacBook-Pro com.apple.WebKit.WebContent[32778]: [11:31:49.472] FigAgglomeratorSetObjectForKey signalled err=-16020 (kFigStringConformerError_ParamErr) (NULL key) at /Library/Caches/com.apple.xbs/Sources/CoreMedia/CoreMedia-1731.15.207/Prototypes/LegibleOutput/FigAgglomerator.c line 92
Jul  3 11:50:02 authorMacBook-Pro com.apple.WebKit.WebContent[32778]: [11:50:02.531] itemasync_SetProperty signalled err=-12785 (kFigBaseObjectError_Invalidated) (invalidated) at /Library/Caches/com.apple.xbs/Sources/CoreMedia/CoreMedia-1731.15.207/Prototypes/Player/FigPlayer_Async.c line 2306
Jul  3 12:03:48 authorMacBook-Pro com.apple.WebKit.WebContent[32778]: [12:03:48.669] <<<< Boss >>>> figPlaybackBossPrerollCompleted: unexpected preroll-complete notification
Jul  3 12:35:56 authorMacBook-Pro kernel[0]: IO80211AWDLPeerManager::setAwdlSuspendedMode() Suspending AWDL, enterQuietMode(true)
Jul  3 13:21:50 calvisitor-10-105-160-237 kernel[0]: ARPT: 681387.132167: AirPort_Brcm43xx::powerChange: System Wake - Full Wake/ Dark Wake / Maintenance wake
Jul  3 13:48:22 calvisitor-10-105-160-237 kernel[0]: AppleThunderboltNHIType2::waitForOk2Go2Sx - retries = 6
Jul  3 13:51:03 authorMacBook-Pro QQ[10018]: tcp_connection_handle_connect_conditions_bad 20851 failed: 3 - No network route
Jul  3 13:54:36 calvisitor-10-105-160-237 symptomsd[215]: -[NetworkAnalyticsEngine _writeJournalRecord:fromCellFingerprint:key:atLOI:ofKind:lqm:isFaulty:] Hashing of the primary key failed. Dropping the journal record.
Jul  3 14:47:59 calvisitor-10-105-160-237 kernel[0]: RTC: Maintenance 2017/7/3 21:47:58, sleep 2017/7/3 21:35:20
Jul  3 15:15:31 calvisitor-10-105-160-237 secd[276]:  SOSAccountThisDeviceCanSyncWithCircle sync with device failure: Error Domain=com.apple.security.sos.error Code=1035 "Account identity not set" UserInfo={NSDescription=Account identity not set}
Jul  3 15:46:27 authorMacBook-Pro kernel[0]: ARPT: 682638.445688: AirPort_Brcm43xx::powerChange: System Wake - Full Wake/ Dark Wake / Maintenance wake
Jul  3 15:47:15 calvisitor-10-105-160-237 corecaptured[33533]: CCFile::captureLogRun() Exiting CCFile::captureLogRun
Jul  3 16:05:49 authorMacBook-Pro kernel[0]: AppleCamIn::handleWakeEvent_gated
Jul  3 16:07:32 authorMacBook-Pro kernel[0]: AppleCamIn::wakeEventHandlerThread
Jul  3 16:07:39 authorMacBook-Pro corecaptured[33544]: CCIOReporterFormatter::addRegistryChildToChannelDictionary streams 7
Jul  3 16:07:46 authorMacBook-Pro kernel[0]: ARPT: 682840.256116: AQM agg results 0x8001 len hi/lo: 0x0 0x30 BAbitmap(0-3) 0 0 0 0
Jul  3 16:25:21 authorMacBook-Pro networkd[195]: nw_nat64_post_new_ifstate successfully changed NAT64 ifstate from 0x8000000000000000 to 0x4
Jul  3 16:27:05 authorMacBook-Pro corecaptured[33544]: CCIOReporterFormatter::refreshSubscriptionsFromStreamRegistry clearing out any previous subscriptions
Jul  3 16:28:34 calvisitor-10-105-160-184 kernel[0]: AppleCamIn::systemWakeCall - messageType = 0xE0000340
Jul  3 16:28:40 authorMacBook-Pro kernel[0]: ARPT: 683047.197539: framerdy 0x0 bmccmd 3 framecnt 1024
Jul  3 16:35:54 calvisitor-10-105-160-184 networkd[195]: __42-[NETClientConnection evaluateCrazyIvan46]_block_invoke CI46 - Hit by torpedo! NeteaseMusic.17988 tc9008 103.251.128.144:80
Jul  3 16:56:42 calvisitor-10-105-160-184 kernel[0]: ARPT: 683239.026135: wl0: MDNS: 0 SRV Recs, 0 TXT Recs
Jul  3 17:23:55 calvisitor-10-105-160-184 kernel[0]: hibernate_machine_init reading
Jul  3 17:25:31 calvisitor-10-105-160-184 com.apple.CDScheduler[258]: Thermal pressure state: 0 Memory pressure state: 0
Jul  3 17:51:25 calvisitor-10-105-160-184 kernel[0]: polled file major 1, minor 0, blocksize 4096, pollers 5
Jul  3 18:35:06 calvisitor-10-105-162-32 kernel[0]: ARPT: 683604.474196: IOPMPowerSource Information: onSleep,  SleepType: Standby,  'ExternalConnected': No, 'TimeRemaining': 578,
Jul  3 18:56:27 authorMacBook-Pro kernel[0]: en0: BSSID changed to 64:d9:89:6b:b5:33
Jul  3 18:57:57 authorMacBook-Pro kernel[0]: AppleCamIn::systemWakeCall - messageType = 0xE0000340
Jul  3 19:04:48 calvisitor-10-105-162-32 kernel[0]: pages 554018, wire 418692, act 40000, inact 0, cleaned 0 spec 0, zf 0, throt 0, compr 112, xpmapped 40000
Jul  3 19:04:54 authorMacBook-Pro QQ[10018]: tcp_connection_handle_connect_conditions_bad 21353 failed: 3 - No network route
Jul  3 19:46:35 authorMacBook-Pro kernel[0]: hibernate_rebuild_pmap_structs done: last_valid_compact_indx 285862
Jul  3 20:20:37 calvisitor-10-105-161-225 com.apple.WebKit.WebContent[32778]: [20:20:37.119] <<<< Boss >>>> figPlaybackBossPrerollCompleted: unexpected preroll-complete notification
Jul  3 21:17:04 calvisitor-10-105-161-225 Safari[9852]: KeychainGetICDPStatus: status: off
Jul  3 21:30:41 authorMacBook-Pro corecaptured[33951]: CCFile::captureLog
Jul  3 21:41:47 airbears2-10-142-110-255 com.apple.WebKit.WebContent[32778]: [21:41:47.568] <<<< Boss >>>> figPlaybackBossPrerollCompleted: unexpected preroll-complete notification
Jul  3 23:24:32 airbears2-10-142-110-255 com.apple.WebKit.WebContent[32778]: [23:24:32.378] <<<< Boss >>>> figPlaybackBossPrerollCompleted: unexpected preroll-complete notification
Jul  4 00:35:57 airbears2-10-142-110-255 kernel[0]: ARPT: 697853.842104: AirPort_Brcm43xx::syncPowerState: WWEN[enabled]
Jul  4 01:00:35 airbears2-10-142-110-255 com.apple.CDScheduler[43]: Thermal pressure state: 0 Memory pressure state: 0
Jul  4 01:48:57 airbears2-10-142-110-255 com.apple.cts[258]: com.apple.icloud.fmfd.heartbeat: scheduler_evaluate_activity told me to run this job; however, but the start time isn't for 206850 seconds.  Ignoring.
Jul  4 02:25:27 airbears2-10-142-110-255 kernel[0]: AppleThunderboltGenericHAL::earlyWake - complete - took 1 milliseconds
Jul  4 02:49:55 airbears2-10-142-110-255 com.apple.cts[258]: com.apple.Safari.SafeBrowsing.Update: scheduler_evaluate_activity told me to run this job; however, but the start time isn't for 1728 seconds.  Ignoring.
Jul  4 03:27:06 airbears2-10-142-110-255 kernel[0]: ARPT: 698596.169927: wl0: setup_keepalive: Local IP: 10.142.110.255
Jul  4 04:27:18 airbears2-10-142-110-255 kernel[0]: Bluetooth -- LE is supported - Disable LE meta event
Jul  4 04:40:17 airbears2-10-142-110-255 kernel[0]: ARPT: 698896.274509: AirPort_Brcm43xx::powerChange: System Sleep
Jul  4 05:16:28 airbears2-10-142-110-255 com.apple.cts[258]: com.apple.EscrowSecurityAlert.daily: scheduler_evaluate_activity told me to run this job; however, but the start time isn't for 28123 seconds.  Ignoring.
Jul  4 06:03:27 authorMacBook-Pro corecaptured[34369]: CCFile::captureLogRun() Exiting CCFile::captureLogRun
Jul  4 06:26:04 calvisitor-10-105-162-105 com.apple.AddressBook.InternetAccountsBridge[34408]: dnssd_clientstub ConnectToServer: connect()-> No of tries: 2
Jul  4 06:39:25 calvisitor-10-105-162-105 com.apple.cts[258]: com.apple.Safari.SafeBrowsing.Update: scheduler_evaluate_activity told me to run this job; however, but the start time isn't for 1852 seconds.  Ignoring.
Jul  4 06:53:18 calvisitor-10-105-162-105 kernel[0]: Sandbox: com.apple.Addres(34429) deny(1) network-outbound /private/var/run/mDNSResponder
Jul  4 07:06:42 calvisitor-10-105-162-105 com.apple.cts[258]: com.apple.Safari.SafeBrowsing.Update: scheduler_evaluate_activity told me to run this job; however, but the start time isn't for 215 seconds.  Ignoring.
Jul  4 07:23:41 calvisitor-10-105-162-105 kernel[0]: AppleCamIn::wakeEventHandlerThread
Jul  4 07:26:52 calvisitor-10-105-162-105 kernel[0]: en0: BSSID changed to 5c:50:15:4c:18:13
Jul  4 08:20:51 calvisitor-10-105-162-105 kernel[0]: en0: 802.11d country code set to 'US'.
Jul  4 08:34:31 calvisitor-10-105-162-105 kernel[0]: AppleCamIn::handleWakeEvent_gated
Jul  4 09:01:42 calvisitor-10-105-162-105 kernel[0]: en0: channel changed to 1
Jul  4 09:02:25 calvisitor-10-105-162-105 QQ[10018]: FA||Url||taskID[2019353444] dealloc
Jul  4 09:42:58 calvisitor-10-105-162-105 ksfetch[34604]: 2017-07-04 09:42:58.121 ksfetch[34604/0x7fff79824000] [lvl=2] main() ksfetch done fetching.
Jul  4 09:57:30 calvisitor-10-105-162-105 kernel[0]: en0: 802.11d country code set to 'X3'.
Jul  4 10:13:04 calvisitor-10-105-162-105 mDNSResponder[91]: mDNS_RegisterInterface: Frequent transitions for interface en0 (FE80:0000:0000:0000:C6B3:01FF:FECD:467F)
Jul  4 10:43:11 calvisitor-10-105-162-105 kernel[0]: AppleThunderboltGenericHAL::earlyWake - complete - took 1 milliseconds
Jul  4 10:43:57 calvisitor-10-105-162-105 kernel[0]: AppleCamIn::systemWakeCall - messageType = 0xE0000340
Jul  4 11:10:58 calvisitor-10-105-162-105 com.apple.WebKit.WebContent[32778]: [11:10:58.940] <<<< Boss >>>> figPlaybackBossPrerollCompleted: unexpected preroll-complete notification
Jul  4 11:28:42 authorMacBook-Pro corecaptured[34722]: CCIOReporterFormatter::addRegistryChildToChannelDictionary streams 7
Jul  4 11:42:36 calvisitor-10-105-162-105 kernel[0]: Sandbox: com.apple.Addres(34738) deny(1) network-outbound /private/var/run/mDNSResponder
Jul  4 12:06:20 calvisitor-10-105-162-105 corecaptured[34743]: CCLogTap::profileRemoved, Owner: com.apple.iokit.IO80211Family, Name: IO80211AWDLPeerManager
Jul  4 12:08:23 calvisitor-10-105-162-105 com.apple.WebKit.WebContent[32778]: [12:08:23.866] <<<< Boss >>>> figPlaybackBossPrerollCompleted: unexpected preroll-complete notification
Jul  4 12:34:55 calvisitor-10-105-162-105 kernel[0]: IOThunderboltSwitch<0>(0x0)::listenerCallback - Thunderbolt HPD packet for route = 0x0 port = 11 unplug = 0
Jul  4 12:49:34 calvisitor-10-105-162-105 kernel[0]: ARPT: 702351.279867: wl0: setup_keepalive: interval 900, retry_interval 30, retry_count 10
Jul  4 13:15:51 calvisitor-10-105-162-105 kernel[0]: ARPT: 702415.308381: AirPort_Brcm43xx::platformWoWEnable: WWEN[disable]
Jul  4 14:05:06 calvisitor-10-105-162-105 locationd[82]: Location icon should now be in state 'Active'
Jul  4 15:03:53 calvisitor-10-105-162-105 GoogleSoftwareUpdateAgent[35018]: 2017-07-04 15:03:53.270 GoogleSoftwareUpdateAgent[35018/0x7000002a0000] [lvl=2] -[KSOutOfProcessFetcher(PrivateMethods) helperDidTerminate:] KSOutOfProcessFetcher fetch ended for URL: "https://tools.google.com/service/update2?cup2hreq=a70d6372a4e45a6cbba61cd7f057c79bf73c79db1b1951dc17c605e870f0419b&cup2key=7:934679018"
Jul  4 15:47:25 calvisitor-10-105-162-105 com.apple.WebKit.WebContent[32778]: [15:47:25.614] <<<< Boss >>>> figPlaybackBossPrerollCompleted: unexpected preroll-complete notification
Jul  4 16:58:55 calvisitor-10-105-162-105 com.apple.cts[43]: com.apple.SoftwareUpdate.Activity: scheduler_evaluate_activity told me to run this job; however, but the start time isn't for 4045 seconds.  Ignoring.
Jul  4 17:26:44 calvisitor-10-105-162-105 sharingd[30299]: 17:26:44.228 : Scanning mode Contacts Only
Jul  4 18:20:56 calvisitor-10-105-162-105 com.apple.cts[258]: com.apple.suggestions.harvest: scheduler_evaluate_activity told me to run this job; however, but the start time isn't for 40 seconds.  Ignoring.
Jul  4 18:48:22 calvisitor-10-105-162-105 secd[276]:  SOSAccountThisDeviceCanSyncWithCircle sync with device failure: Error Domain=com.apple.security.sos.error Code=1035 "Account identity not set" UserInfo={NSDescription=Account identity not set}
Jul  4 19:29:01 calvisitor-10-105-162-105 kernel[0]: ARPT: 712530.297675: wl0: leaveModulePoweredForOffloads: Wi-Fi will stay on.
Jul  4 19:56:41 calvisitor-10-105-162-105 kernel[0]: Sandbox: com.apple.Addres(35229) deny(1) network-outbound /private/var/run/mDNSResponder
Jul  4 20:25:23 calvisitor-10-105-162-105 kernel[0]: IOPMrootDomain: idle cancel, state 1
Jul  4 20:38:50 calvisitor-10-105-162-105 com.apple.cts[258]: com.apple.icloud.fmfd.heartbeat: scheduler_evaluate_activity told me to run this job; however, but the start time isn't for 139057 seconds.  Ignoring.
Jul  4 20:54:03 calvisitor-10-105-162-105 kernel[0]: AppleCamIn::systemWakeCall - messageType = 0xE0000340
Jul  4 21:23:17 calvisitor-10-105-162-105 wirelessproxd[75]: Peripheral manager is not powered on
Jul  4 22:15:48 calvisitor-10-105-162-105 kernel[0]: AppleCamIn::systemWakeCall - messageType = 0xE0000340
Jul  4 23:10:17 calvisitor-10-105-162-105 kernel[0]: AppleThunderboltNHIType2::waitForOk2Go2Sx - retries = 7
Jul  4 23:14:37 calvisitor-10-105-162-105 com.apple.xpc.launchd[1] (com.apple.xpc.launchd.domain.pid.WebContent.35400): Path not allowed in target domain: type = pid, path = /System/Library/StagedFrameworks/Safari/SafariShared.framework/Versions/A/XPCServices/com.apple.Safari.SearchHelper.xpc/Contents/MacOS/com.apple.Safari.SearchHelper error = 147: The specified service did not ship in the requestor's bundle, origin = /System/Library/StagedFrameworks/Safari/WebKit.framework/Versions/A/XPCServices/com.apple.WebKit.WebContent.xpc
Jul  4 23:22:09 calvisitor-10-105-162-105 Microsoft Word[14463]: Cocoa scripting error for '0x03600009': four character codes must be four characters long.
Jul  4 23:22:09 calvisitor-10-105-162-105 Microsoft Word[14463]: Cocoa scripting error for '0x006a00a6': four character codes must be four characters long.
Jul  4 23:22:09 calvisitor-10-105-162-105 Microsoft Word[14463]: Cocoa scripting error for '0x00bb0001': four character codes must be four characters long.
Jul  4 23:22:09 calvisitor-10-105-162-105 Microsoft Word[14463]: Cocoa scripting error for '0x006f0001': four character codes must be four characters long.
Jul  4 23:22:09 calvisitor-10-105-162-105 Microsoft Word[14463]: Cocoa scripting error for '0x008b0360': four character codes must be four characters long.
Jul  4 23:22:09 calvisitor-10-105-162-105 Microsoft Word[14463]: Cocoa scripting error for '0x02120000': four character codes must be four characters long.
Jul  4 23:22:09 calvisitor-10-105-162-105 Microsoft Word[14463]: Cocoa scripting error for '0x02470032': four character codes must be four characters long.
Jul  4 23:22:09 calvisitor-10-105-162-105 Microsoft Word[14463]: Cocoa scripting error for '0x02640011': four character codes must be four characters long.
Jul  4 23:22:09 calvisitor-10-105-162-105 Microsoft Word[14463]: Cocoa scripting error for '0x02780026': four character codes must be four characters long.
Jul  4 23:22:09 calvisitor-10-105-162-105 Microsoft Word[14463]: Cocoa scripting error for '0x029f003a': four character codes must be four characters long.
Jul  4 23:30:23 calvisitor-10-105-162-105 QQ[10018]: FA||Url||taskID[2019353519] dealloc
Jul  4 23:53:29 calvisitor-10-105-162-105 iconservicesagent[328]: -[ISGenerateImageOp generateImageWithCompletion:] Failed to composit image for descriptor <ISBindingImageDescriptor: 0x7f9950712080>.
Jul  5 00:17:35 calvisitor-10-105-162-105 locationd[82]: Location icon should now be in state 'Inactive'
Jul  5 00:21:07 authorMacBook-Pro Google Chrome[35628]: -_continuousScroll is deprecated for NSScrollWheel. Please use -hasPreciseScrollingDeltas.
Jul  5 00:47:16 calvisitor-10-105-163-10 WindowServer[184]: send_datagram_available_ping: pid 445 failed to act on a ping it dequeued before timing out.
Jul  5 01:47:03 calvisitor-10-105-163-10 kernel[0]: AppleThunderboltNHIType2::waitForOk2Go2Sx - retries = 7
Jul  5 03:08:26 calvisitor-10-105-163-10 kernel[0]: en0: BSSID changed to 5c:50:15:4c:18:13
Jul  5 03:49:51 calvisitor-10-105-163-10 kernel[0]: PM response took 1988 ms (54, powerd)
Jul  5 10:31:18 calvisitor-10-105-163-10 kernel[0]: vm_compressor_fastwake_warmup (581519 - 591525) - starting
Jul  5 10:41:38 calvisitor-10-105-160-179 Safari[9852]: KeychainGetICDPStatus: keychain: -25300
Jul  5 10:52:16 calvisitor-10-105-160-179 GoogleSoftwareUpdateAgent[35861]: 2017-07-05 10:52:16.977 GoogleSoftwareUpdateAgent[35861/0x700000323000] [lvl=2] -[KSPrefetchAction performAction] KSPrefetchAction no updates to prefetch.
Jul  5 11:01:10 authorMacBook-Pro corecaptured[35877]: CCIOReporterFormatter::addRegistryChildToChannelDictionary streams 7
Jul  5 11:42:05 calvisitor-10-105-160-226 Mail[11203]: tcp_connection_destination_perform_socket_connect 44073 connectx to 123.125.50.30:143@0 failed: [50] Network is down
Jul  5 12:00:58 calvisitor-10-105-160-226 com.apple.AddressBook.InternetAccountsBridge[35944]: dnssd_clientstub ConnectToServer: connect()-> No of tries: 3
Jul  5 13:43:58 calvisitor-10-105-160-226 kernel[0]: en0: BSSID changed to 88:75:56:a0:95:ed
Jul  5 14:04:19 authorMacBook-Pro corecaptured[36034]: CCFile::captureLog
Jul  5 14:04:27 authorMacBook-Pro corecaptured[36034]: CCFile::captureLog Received Capture notice id: 1499288667.956536, reason = AuthFail:sts:5_rsn:0
Jul  5 14:15:40 authorMacBook-Pro configd[53]: network changed: v4(en0+:10.105.160.226) v6(en0:2607:f140:6000:8:c6b3:1ff:fecd:467f) DNS! Proxy SMB
Jul  5 15:40:14 calvisitor-10-105-162-98 kernel[0]: Bluetooth -- LE is supported - Disable LE meta event
Jul  5 16:04:10 calvisitor-10-105-162-107 kernel[0]: hibernate_page_list_setall found pageCount 488653
Jul  5 16:05:44 calvisitor-10-105-162-107 kernel[0]: [HID] [MT] AppleMultitouchDevice::willTerminate entered
Jul  5 16:18:06 calvisitor-10-105-162-107 GoogleSoftwareUpdateAgent[36128]: 2017-07-05 16:18:06.450 GoogleSoftwareUpdateAgent[36128/0x7000002a0000] [lvl=2] -[KSOutOfProcessFetcher beginFetchWithDelegate:] KSOutOfProcessFetcher fetching from URL: "https://tools.google.com/service/update2?cup2hreq=ac844e04cbb398fcef4cf81b4ffc44a3ebc863e89d19c0b5d39d02d78d26675b&cup2key=7:677488741"
Jul  5 16:26:28 airbears2-10-142-108-38 corecaptured[36150]: CCLogTap::profileRemoved, Owner: com.apple.iokit.IO80211Family, Name: IO80211AWDLPeerManager
Jul  5 16:58:25 airbears2-10-142-108-38 WindowServer[184]: device_generate_lock_screen_screenshot: authw 0x7fa82502bc00(2000)[0, 0, 0, 0] shield 0x7fa823930c00(2001), dev [1440,900]
Jul  5 17:16:05 authorMacBook-Pro sandboxd[129] ([36227]): com.apple.Addres(36227) deny network-outbound /private/var/run/mDNSResponder
Jul  5 17:25:08 authorMacBook-Pro kernel[0]: Unexpected payload found for message 9, dataLen 0
Jul  5 18:19:59 authorMacBook-Pro kernel[0]: en0::IO80211Interface::postMessage bssid changed
Jul  5 19:00:37 authorMacBook-Pro networkd[195]: -[NETClientConnection effectiveBundleID] using process name CalendarAgent as bundle ID (this is expected for daemons without bundle ID
Jul  5 20:03:37 calvisitor-10-105-160-210 kernel[0]: Sandbox: com.apple.Addres(36325) deny(1) network-outbound /private/var/run/mDNSResponder
Jul  5 21:08:40 calvisitor-10-105-162-81 kernel[0]: IO80211AWDLPeerManager::setAwdlAutoMode Resuming AWDL
Jul  5 22:29:06 authorMacBook-Pro networkd[195]: -[NETClientConnection effectiveBundleID] using process name apsd as bundle ID (this is expected for daemons without bundle ID
Jul  5 23:50:09 calvisitor-10-105-160-22 kernel[0]: **** [IOBluetoothHostControllerUSBTransport][start] -- completed -- result = TRUE -- 0xb000 ****
Jul  6 00:30:37 authorMacBook-Pro ksfetch[36439]: 2017-07-06 00:30:37.064 ksfetch[36439/0x7fff79824000] [lvl=2] main() Fetcher is exiting.
Jul  6 01:11:38 calvisitor-10-105-162-138 kernel[0]: IO80211AWDLPeerManager::setAwdlAutoMode Resuming AWDL
Jul  6 02:32:06 authorMacBook-Pro QQ[10018]: tcp_connection_handle_connect_conditions_bad 23645 failed: 3 - No network route
Jul  6 03:13:09 calvisitor-10-105-160-37 kernel[0]: IO80211AWDLPeerManager::setAwdlOperatingMode Setting the AWDL operation mode from SUSPENDED to AUTO
Jul  6 04:33:35 calvisitor-10-105-160-37 kernel[0]: polled file major 1, minor 0, blocksize 4096, pollers 5
Jul  6 08:32:37 authorMacBook-Pro kernel[0]: AppleActuatorHIDEventDriver: stop
Jul  6 08:33:10 calvisitor-10-105-163-253 corecaptured[36565]: doSaveChannels@286: Will write to: /Library/Logs/CrashReporter/CoreCapture/IOReporters/[2017-07-06_08,33,08.335034] - AuthFail:sts:5_rsn:0.xml
Jul  6 09:14:27 calvisitor-10-105-163-253 QQ[10018]: FA||Url||taskID[2019353614] dealloc
Jul  6 10:12:58 calvisitor-10-105-163-253 ChromeExistion[36773]: ChromeExistion main isUndetectWithCommand = 1
Jul  6 10:53:30 calvisitor-10-105-163-253 ChromeExistion[36855]: the url = http://baike.baidu.com/item/%E8%93%9D%E9%87%87%E5%92%8C/462624?fr=aladdin
Jul  6 11:21:06 authorMacBook-Pro networkd[195]: -[NETClientConnection effectiveBundleID] using process name apsd as bundle ID (this is expected for daemons without bundle ID
Jul  6 12:01:10 authorMacBook-Pro kernel[0]: ARPT: 739157.867474: wlc_dump_aggfifo:
Jul  6 12:03:00 authorMacBook-Pro corecaptured[36918]: CCFile::captureLogRun Skipping current file Dir file [2017-07-06_12,03,00.133649]-CCIOReporter-028.xml, Current File [2017-07-06_12,03,00.133649]-CCIOReporter-028.xml
Jul  6 12:03:12 authorMacBook-Pro Dropbox[24019]: [0706/120312:WARNING:dns_config_service_posix.cc(306)] Failed to read DnsConfig.
Jul  6 12:04:16 authorMacBook-Pro kernel[0]: en0: BSSID changed to f8:4f:57:3b:ea:b2
Jul  6 12:31:58 calvisitor-10-105-162-178 kernel[0]: ARPT: 739481.576701: wl0: MDNS: IPV6 Addr: 2607:f140:6000:8:c6b3:1ff:fecd:467f
Jul  6 14:08:48 authorMacBook-Pro kernel[0]: hibernate_rebuild started
Jul  6 14:15:59 authorMacBook-Pro corecaptured[37027]: CCFile::captureLogRun Skipping current file Dir file [2017-07-06_14,15,59.726497]-io80211Family-008.pcapng, Current File [2017-07-06_14,15,59.726497]-io80211Family-008.pcapng
Jul  6 14:43:22 calvisitor-10-105-162-178 com.apple.AddressBook.InternetAccountsBridge[37051]: dnssd_clientstub ConnectToServer: connect() failed path:/var/run/mDNSResponder Socket:4 Err:-1 Errno:1 Operation not permitted
Jul  6 14:57:16 calvisitor-10-105-162-178 GoogleSoftwareUpdateAgent[37059]: 2017-07-06 14:57:16.667 GoogleSoftwareUpdateAgent[37059/0x7000002a0000] [lvl=2] -[KSAgentApp(KeystoneDelegate) updateEngineFinishedWithErrors:] Keystone finished: errors=0
Jul  6 15:45:08 calvisitor-10-105-162-178 kernel[0]: in6_unlink_ifa: IPv6 address 0x77c911454f152b8b has no prefix
Jul  6 16:16:11 calvisitor-10-105-162-178 com.apple.CDScheduler[258]: Thermal pressure state: 0 Memory pressure state: 0
Jul  6 16:29:42 authorMacBook-Pro symptomsd[215]: -[NetworkAnalyticsEngine _writeJournalRecord:fromCellFingerprint:key:atLOI:ofKind:lqm:isFaulty:] Hashing of the primary key failed. Dropping the journal record.
Jul  6 17:23:42 calvisitor-10-105-162-178 kernel[0]: ARPT: 740631.402908: IOPMPowerSource Information: onWake,  SleepType: Normal Sleep,  'ExternalConnected': No, 'TimeRemaining': 5802,
Jul  6 18:05:46 calvisitor-10-105-162-178 WindowServer[184]: send_datagram_available_ping: pid 445 failed to act on a ping it dequeued before timing out.
Jul  6 18:23:43 calvisitor-10-105-162-178 com.apple.cts[258]: com.apple.Safari.SafeBrowsing.Update: scheduler_evaluate_activity told me to run this job; however, but the start time isn't for 258 seconds.  Ignoring.
Jul  6 18:50:29 calvisitor-10-105-162-178 com.apple.cts[43]: com.apple.CacheDelete.daily: scheduler_evaluate_activity told me to run this job; however, but the start time isn't for 65594 seconds.  Ignoring.
Jul  6 19:17:46 calvisitor-10-105-162-178 kernel[0]: Wake reason: RTC (Alarm)
Jul  6 19:31:29 calvisitor-10-105-162-178 kernel[0]: IOThunderboltSwitch<0>(0x0)::listenerCallback - Thunderbolt HPD packet for route = 0x0 port = 12 unplug = 0
Jul  6 19:45:06 calvisitor-10-105-162-178 kernel[0]: IOThunderboltSwitch<0>(0x0)::listenerCallback - Thunderbolt HPD packet for route = 0x0 port = 11 unplug = 0
Jul  6 20:03:05 calvisitor-10-105-162-178 QQ[10018]: button report: 0x80039B7
Jul  6 20:30:35 calvisitor-10-105-162-178 WindowServer[184]: send_datagram_available_ping: pid 445 failed to act on a ping it dequeued before timing out.
Jul  6 21:08:02 calvisitor-10-105-162-178 Preview[11512]: Page bounds {{0, 0}, {400, 400}}
Jul  6 23:28:39 calvisitor-10-105-162-178 locationd[82]: Location icon should now be in state 'Inactive'
Jul  7 00:12:09 calvisitor-10-105-162-178 SpotlightNetHelper[352]: tcp_connection_destination_handle_tls_close_notify 111 closing socket due to TLS CLOSE_NOTIFY alert
Jul  7 00:43:09 calvisitor-10-105-162-178 identityservicesd[272]: <IMMacNotificationCenterManager: 0x7ff1b2d17980>:    NC Disabled: NO
Jul  7 00:53:26 calvisitor-10-105-162-178 com.apple.cts[43]: com.apple.SoftwareUpdate.Activity: scheduler_evaluate_activity told me to run this job; however, but the start time isn't for 5703 seconds.  Ignoring.
Jul  7 02:15:01 calvisitor-10-105-162-178 com.apple.cts[43]: com.apple.CacheDelete.daily: scheduler_evaluate_activity told me to run this job; however, but the start time isn't for 38922 seconds.  Ignoring.
Jul  7 03:09:18 calvisitor-10-105-162-178 kernel[0]: ARPT: 762302.122693: wl0: leaveModulePoweredForOffloads: Wi-Fi will stay on.
Jul  7 03:36:32 calvisitor-10-105-162-178 kernel[0]: AppleCamIn::wakeEventHandlerThread
Jul  7 04:17:24 calvisitor-10-105-162-178 kernel[0]: AppleCamIn::wakeEventHandlerThread
Jul  7 04:44:48 calvisitor-10-105-162-178 com.apple.cts[258]: com.apple.Safari.SafeBrowsing.Update: scheduler_evaluate_activity told me to run this job; however, but the start time isn't for 1002 seconds.  Ignoring.
Jul  7 05:11:52 calvisitor-10-105-162-178 kernel[0]: AppleCamIn::wakeEventHandlerThread
Jul  7 05:52:44 calvisitor-10-105-162-178 kernel[0]: ARPT: 763023.568413: AirPort_Brcm43xx::syncPowerState: WWEN[enabled]
Jul  7 07:01:14 calvisitor-10-105-162-178 corecaptured[37799]: CCFile::captureLogRun Skipping current file Dir file [2017-07-07_07,01,14.472939]-CCIOReporter-002.xml, Current File [2017-07-07_07,01,14.472939]-CCIOReporter-002.xml
Jul  7 07:30:25 calvisitor-10-105-162-178 com.apple.cts[258]: com.apple.icloud.fmfd.heartbeat: scheduler_evaluate_activity told me to run this job; however, but the start time isn't for 481541 seconds.  Ignoring.
Jul  7 08:28:42 authorMacBook-Pro symptomsd[215]: __73-[NetworkAnalyticsEngine observeValueForKeyPath:ofObject:change:context:]_block_invoke unexpected switch value 2
Jul  7 09:37:11 calvisitor-10-105-162-178 com.apple.cts[258]: com.apple.icloud.fmfd.heartbeat: scheduler_evaluate_activity told me to run this job; however, but the start time isn't for 473935 seconds.  Ignoring.
Jul  7 10:17:44 calvisitor-10-105-162-178 kernel[0]: AirPort: Link Up on awdl0
Jul  7 10:37:43 calvisitor-10-105-162-178 QQ[10018]: ############################## _getSysMsgList
Jul  7 10:54:41 calvisitor-10-105-162-178 GoogleSoftwareUpdateAgent[37924]: 2017-07-07 10:54:41.875 GoogleSoftwareUpdateAgent[37924/0x7000002a0000] [lvl=2] -[KSUpdateCheckAction performAction] KSUpdateCheckAction starting update check for ticket(s): {( <KSTicket:0x100365950 productID=com.google.Chrome version=59.0.3071.115 xc=<KSPathExistenceChecker:0x10036e950 path=/Applications/Google Chrome.app> serverType=Omaha url=https://tools.google.com/service/update2 creationDate=2017-02-18 15:41:18 tagPath=/Applications/Google Chrome.app/Contents/Info.plist tagKey=KSChannelID brandPath=/Users/xpc/Library/Google/Google Chrome Brand.plist brandKey=KSBrandID versionPath=/Applications/Google Chrome.app/Contents/Info.plist versionKey=KSVersion cohort=1:1y5: cohortName=Stable ticketVersion=1 > )} Using server: <KSOmahaServer:0x100243f20 engine=<KSUpdateEngine:0x1007161b0> >
Jul  7 11:57:06 calvisitor-10-105-162-178 com.apple.xpc.launchd[1] (com.apple.xpc.launchd.domain.pid.WebContent.37999): Path not allowed in target domain: type = pid, path = /System/Library/StagedFrameworks/Safari/SafariShared.framework/Versions/A/XPCServices/com.apple.Safari.ImageDecoder.xpc/Contents/MacOS/com.apple.Safari.ImageDecoder error = 147: The specified service did not ship in the requestor's bundle, origin = /System/Library/StagedFrameworks/Safari/WebKit.framework/Versions/A/XPCServices/com.apple.WebKit.WebContent.xpc
Jul  7 12:15:44 calvisitor-10-105-162-178 quicklookd[38023]: Error returned from iconservicesagent: (null)
Jul  7 12:20:25 calvisitor-10-105-162-178 kernel[0]: AppleCamIn::handleWakeEvent_gated
Jul  7 12:24:31 authorMacBook-Pro kernel[0]: ARPT: 770597.394609: AQM agg params 0xfc0 maxlen hi/lo 0x0 0xffff minlen 0x0 adjlen 0x0
Jul  7 12:30:09 authorMacBook-Pro kernel[0]: ARPT: 770605.092581: ARPT: Wake Reason: Wake on Scan offload
Jul  7 13:38:23 authorMacBook-Pro corecaptured[38124]: CCIOReporterFormatter::addRegistryChildToChannelDictionary streams 7
Jul  7 13:40:35 authorMacBook-Pro corecaptured[38124]: CCFile::captureLog
Jul  7 13:40:37 authorMacBook-Pro corecaptured[38124]: CCFile::copyFile fileName is [2017-07-07_13,40,37.052249]-io80211Family-031.pcapng, source path:/var/log/CoreCapture/com.apple.iokit.IO80211Family/IO80211AWDLPeerManager//[2017-07-07_13,40,37.052249]-io80211Family-031.pcapng, dest path:/Library/Logs/CrashReporter/CoreCapture/com.apple.iokit.IO80211Family/[2017-07-07_13,40,37.192896]=AuthFail:sts:5_rsn:0/IO80211AWDLPeerManager//[2017-07-07_13,40,37.052249]-io80211Family-031.pcapng
Jul  7 13:42:15 authorMacBook-Pro kernel[0]: ARPT: 770772.533370: AQM agg params 0xfc0 maxlen hi/lo 0x0 0xffff minlen 0x0 adjlen 0x0
Jul  7 13:42:41 authorMacBook-Pro kernel[0]: ARPT: 770798.478026: framerdy 0x0 bmccmd 3 framecnt 1024
Jul  7 13:48:52 calvisitor-10-105-160-205 com.apple.AddressBook.InternetAccountsBridge[38158]: dnssd_clientstub ConnectToServer: connect()-> No of tries: 1
Jul  7 14:09:44 calvisitor-10-105-160-205 cloudd[326]:  SecOSStatusWith error:[-50] Error Domain=NSOSStatusErrorDomain Code=-50 "query missing class name" (paramErr: error in user parameter list) UserInfo={NSDescription=query missing class name}
Jul  7 14:33:34 calvisitor-10-105-160-205 kernel[0]: ARPT: 771393.363637: AirPort_Brcm43xx::powerChange: System Wake - Full Wake/ Dark Wake / Maintenance wake
Jul  7 15:28:00 calvisitor-10-105-160-205 syslogd[44]: ASL Sender Statistics
Jul  7 16:04:22 authorMacBook-Pro netbiosd[38222]: Unable to start NetBIOS name service:
Jul  7 16:24:11 authorMacBook-Pro corecaptured[38241]: CCFile::copyFile fileName is [2017-07-07_16,24,11.442212]-AirPortBrcm4360_Logs-001.txt, source path:/var/log/CoreCapture/com.apple.driver.AirPort.Brcm4360.0/DriverLogs//[2017-07-07_16,24,11.442212]-AirPortBrcm4360_Logs-001.txt, dest path:/Library/Logs/CrashReporter/CoreCapture/com.apple.driver.AirPort.Brcm4360.0/[2017-07-07_16,24,11.124183]=AssocFail:sts:2_rsn:0/DriverLogs//[2017-07-07_16,24,11.442212]-AirPortBrcm4360_Logs-001.txt
Jul  7 16:24:49 authorMacBook-Pro com.apple.AddressBook.InternetAccountsBridge[38247]: dnssd_clientstub ConnectToServer: connect()-> No of tries: 3
Jul  7 17:15:46 calvisitor-10-105-160-85 com.apple.xpc.launchd[1] (com.apple.xpc.launchd.domain.pid.WebContent.38405): Path not allowed in target domain: type = pid, path = /System/Library/StagedFrameworks/Safari/SafariShared.framework/Versions/A/XPCServices/com.apple.Safari.SearchHelper.xpc/Contents/MacOS/com.apple.Safari.SearchHelper error = 147: The specified service did not ship in the requestor's bundle, origin = /System/Library/StagedFrameworks/Safari/WebKit.framework/Versions/A/XPCServices/com.apple.WebKit.WebContent.xpc
Jul  7 18:02:24 calvisitor-10-105-160-85 kernel[0]: IOThunderboltSwitch<0>(0x0)::listenerCallback - Thunderbolt HPD packet for route = 0x0 port = 12 unplug = 0
Jul  7 18:10:00 calvisitor-10-105-160-85 com.apple.cts[258]: com.apple.Safari.SafeBrowsing.Update: scheduler_evaluate_activity told me to run this job; however, but the start time isn't for 40 seconds.  Ignoring.
Jul  7 18:23:30 calvisitor-10-105-160-85 kernel[0]: AppleThunderboltGenericHAL::earlyWake - complete - took 0 milliseconds
Jul  7 18:50:46 calvisitor-10-105-160-85 sharingd[30299]: 18:50:46.109 : BTLE scanner Powered On
Jul  7 19:43:07 calvisitor-10-105-160-85 kernel[0]: full wake promotion (reason 1) 374 ms
Jul  7 20:32:28 calvisitor-10-105-160-85 iconservicesagent[328]: -[ISGenerateImageOp generateImageWithCompletion:] Failed to composit image for descriptor <ISBindingImageDescriptor: 0x7f9951214ca0>.
Jul  7 20:52:49 calvisitor-10-105-160-85 com.apple.CDScheduler[258]: Thermal pressure state: 0 Memory pressure state: 0
Jul  7 21:23:10 calvisitor-10-105-160-85 com.apple.WebKit.WebContent[38826]: <<<< MediaValidator >>>> mv_LookupCodecSupport: Unrecognized codec 1
Jul  7 21:37:56 calvisitor-10-105-160-85 locationd[82]: Location icon should now be in state 'Inactive'
Jul  7 21:59:08 calvisitor-10-105-160-85 kernel[0]: ARPT: 783790.553857: wl0: MDNS: IPV6 Addr: 2607:f140:6000:8:c6b3:1ff:fecd:467f
Jul  7 23:00:44 calvisitor-10-105-160-85 kernel[0]: ARPT: 784053.579480: wl0: setup_keepalive: Local port: 59927, Remote port: 443
Jul  8 00:30:47 authorMacBook-Pro networkd[195]: -[NETClientConnection evaluateCrazyIvan46] CI46 - Perform CrazyIvan46! QQ.10018 tc25805 123.151.137.106:80
Jul  8 01:51:50 authorMacBook-Pro mDNSResponder[91]: mDNS_RegisterInterface: Frequent transitions for interface en0 (FE80:0000:0000:0000:C6B3:01FF:FECD:467F)
Jul  8 02:32:17 authorMacBook-Pro kernel[0]: en0: Supported channels 1 2 3 4 5 6 7 8 9 10 11 12 13 36 40 44 48 52 56 60 64 100 104 108 112 116 120 124 128 132 136 140 144 149 153 157 161 165
Jul  8 03:12:50 authorMacBook-Pro kernel[0]: en0::IO80211Interface::postMessage bssid changed
Jul  8 03:32:43 authorMacBook-Pro symptomsd[215]: -[NetworkAnalyticsEngine _writeJournalRecord:fromCellFingerprint:key:atLOI:ofKind:lqm:isFaulty:] Hashing of the primary key failed. Dropping the journal record.
Jul  8 04:13:39 authorMacBook-Pro UserEventAgent[43]: Captive: CNPluginHandler en0: Authenticated
Jul  8 04:18:45 calvisitor-10-105-161-176 blued[85]: [BluetoothHIDDeviceController]ERROR: Could not find the disconnected object
Jul  8 05:34:31 calvisitor-10-105-160-181 kernel[0]: hibernate_machine_init reading
Jul  8 05:51:55 calvisitor-10-105-162-124 kernel[0]: AppleCamIn::systemWakeCall - messageType = 0xE0000340
Jul  8 05:56:53 calvisitor-10-105-162-124 WeChat[24144]: jemmytest
Jul  8 06:26:32 calvisitor-10-105-162-124 GoogleSoftwareUpdateAgent[39159]: 2017-07-08 06:26:32.365 GoogleSoftwareUpdateAgent[39159/0x7000002a0000] [lvl=2] -[KSAgentApp(KeystoneThread) runKeystonesInThreadWithArg:] About to run checks for any other apps.
Jul  8 07:27:17 calvisitor-10-105-162-124 CommCenter[263]: Telling CSI to go low power.
Jul  8 07:57:11 calvisitor-10-105-162-124 kernel[0]: AppleCamIn::systemWakeCall - messageType = 0xE0000340
