Jul  1 09:02:26 calvisitor-10-105-160-95 kernel[0]: ARPT: 620701.011328: AirPort_Brcm43xx::syncPowerState: WWEN[enabled]
Jul  1 09:12:20 authorMacBook-Pro kernel[0]: IO80211AWDLPeerManager::setAwdlAutoMode Resuming AWDL
Jul  1 09:21:58 calvisitor-10-105-160-95 com.apple.WebKit.WebContent[25654]: [09:21:58.929] <<<< CRABS >>>> crabsFlumeHostAvailable: [0x7f961cf08cf0] Byte flume reports host available again.
Jul  1 09:25:45 calvisitor-10-105-160-95 kernel[0]: ARPT: 621131.293163: wl0: Roamed or switched channel, reason #8, bssid 5c:50:15:4c:18:13, last RSSI -64
Jul  1 09:28:41 authorMacBook-Pro netbiosd[31198]: network_reachability_changed : network is not reachable, netbiosd is shutting down
Jul  1 09:31:48 authorMacBook-Pro kernel[0]: AirPort: Link Up on en0
Jul  1 09:33:13 authorMacBook-Pro kernel[0]: AppleCamIn::systemWakeCall - messageType = 0xE0000340
Jul  1 09:39:57 calvisitor-10-105-160-95 kernel[0]: ARPT: 621490.890645: AirPort_Brcm43xx::syncPowerState: WWEN[enabled]
Jul  1 09:41:44 calvisitor-10-105-160-95 com.apple.cts[43]: com.apple.CacheDelete.daily: scheduler_evaluate_activity told me to run this job; however, but the start time isn't for 12119 seconds.  Ignoring.
Jul  1 09:44:23 authorMacBook-Pro kernel[0]: AppleCamIn::wakeEventHandlerThread
Jul  1 10:08:20 calvisitor-10-105-160-95 Dock[307]: -[UABestAppSuggestionManager notifyBestAppChanged:type:options:bundleIdentifier:activityType:dynamicIdentifier:when:confidence:deviceName:deviceIdentifier:deviceType:] (null) UASuggestedActionType=0 (null)/(null) opts=(null) when=2017-07-01 17:08:20 +0000 confidence=1 from=(null)/(null) (UABestAppSuggestionManager.m #319)
Jul  1 10:09:58 calvisitor-10-105-160-95 kernel[0]: AppleCamIn::systemWakeCall - messageType = 0xE0000340
Jul  1 10:46:47 calvisitor-10-105-160-95 kernel[0]: IOThunderboltSwitch<0>(0x0)::listenerCallback - Thunderbolt HPD packet for route = 0x0 port = 12 unplug = 0
Jul  1 11:38:18 calvisitor-10-105-160-95 kernel[0]: ARPT: 626126.086205: wl0: setup_keepalive: interval 900, retry_interval 30, retry_count 10
Jul  1 11:41:26 authorMacBook-Pro kernel[0]: Setting BTCoex Config: enable_2G:1, profile_2g:0, enable_5G:1, profile_5G:0
Jul  1 11:44:26 authorMacBook-Pro kernel[0]: IO80211AWDLPeerManager::setAwdlOperatingMode Setting the AWDL operation mode from SUSPENDED to AUTO
Jul  1 11:47:56 authorMacBook-Pro kernel[0]: ARPT: 626380.467130: ARPT: Wake Reason: Wake on Scan offload
Jul  1 11:49:29 authorMacBook-Pro symptomsd[215]: __73-[NetworkAnalyticsEngine observeValueForKeyPath:ofObject:change:context:]_block_invoke unexpected switch value 2
Jul  1 11:51:12 calvisitor-10-105-160-95 com.apple.cts[258]: com.apple.EscrowSecurityAlert.daily: scheduler_evaluate_activity told me to run this job; however, but the start time isn't for 4439 seconds.  Ignoring.
Jul  1 11:55:24 calvisitor-10-105-160-95 com.apple.cts[258]: com.apple.EscrowSecurityAlert.daily: scheduler_evaluate_activity told me to run this job; however, but the start time isn't for 4187 seconds.  Ignoring.
Jul  1 12:26:01 calvisitor-10-105-160-95 com.apple.cts[258]: com.apple.EscrowSecurityAlert.daily: scheduler_evaluate_activity told me to run this job; however, but the start time isn't for 2350 seconds.  Ignoring.
Jul  1 13:06:35 calvisitor-10-105-160-95 kernel[0]: AirPort: Link Up on awdl0
Jul  1 13:41:58 calvisitor-10-105-160-95 com.apple.CDScheduler[258]: Thermal pressure state: 1 Memory pressure state: 0
Jul  1 13:49:09 authorMacBook-Pro kernel[0]: USBMSC Identifier (non-unique): 000000000820 0x5ac 0x8406 0x820, 3
Jul  1 14:52:03 calvisitor-10-105-160-95 kernel[0]: RTC: Maintenance 2017/7/1 21:52:00, sleep 2017/7/1 21:39:51
Jul  1 19:43:22 calvisitor-10-105-160-95 VDCAssistant[213]: VDCAssistant:  Found a camera (0x1430000005ac8290) , but was not able to start it up (0x0 -- (os/kern) successful)
Jul  1 19:50:12 calvisitor-10-105-163-202 quicklookd[31687]: Error returned from iconservicesagent: (null)
Jul  1 21:17:32 calvisitor-10-105-163-202 WindowServer[184]: send_datagram_available_ping: pid 445 failed to act on a ping it dequeued before timing out.
Jul  1 22:03:31 calvisitor-10-105-163-202 com.apple.cts[258]: com.apple.ical.sync.x-coredata://DB05755C-483D-44B7-B93B-ED06E57FF420/CalDAVPrincipal/p11: scheduler_evaluate_activity told me to run this job; however, but the start time isn't for 59 seconds.  Ignoring.
Jul  1 22:20:58 calvisitor-10-105-163-202 quicklookd[31687]: Error returned from iconservicesagent: (null)
Jul  1 23:46:06 calvisitor-10-105-163-202 kernel[0]: Wake reason: RTC (Alarm)
Jul  2 02:32:17 calvisitor-10-105-163-202 kernel[0]: [HID] [ATC] [Error] AppleDeviceManagementHIDEventService::start Could not make a string from out connection notification key
Jul  2 11:38:49 calvisitor-10-105-163-202 QQ[10018]: 2017/07/02 11:38:49.414 | I | VoipWrapper  | DAVEngineImpl.cpp:1400:Close             | close video chat. llFriendUIN = ******2341.
Jul  2 12:15:23 calvisitor-10-105-163-202 sharingd[30299]: 12:15:23.005 : Discoverable mode changed to Off
Jul  2 13:01:36 calvisitor-10-105-163-202 kernel[0]: AppleCamIn::systemWakeCall - messageType = 0xE0000340
Jul  2 13:05:40 authorMacBook-Pro configd[53]: network changed: DNS* Proxy
Jul  2 13:44:22 calvisitor-10-105-163-202 kernel[0]: AppleThunderboltNHIType2::prePCIWake - power up complete - took 1 us
Jul  2 14:41:07 calvisitor-10-105-163-202 Safari[9852]: tcp_connection_tls_session_error_callback_imp 2044 __tcp_connection_tls_session_callback_write_block_invoke.434 error 22
Jul  2 15:46:40 calvisitor-10-105-163-202 GoogleSoftwareUpdateAgent[32432]: 2017-07-02 15:46:40.697 GoogleSoftwareUpdateAgent[32432/0x7000002a0000] [lvl=2] -[KSUpdateEngine updateAllExceptProduct:] KSUpdateEngine updating all installed products, except:'com.google.Keystone'.
Jul  2 17:11:18 calvisitor-10-105-163-202 Safari[9852]: tcp_connection_tls_session_error_callback_imp 2068 __tcp_connection_tls_session_callback_write_block_invoke.434 error 22
Jul  2 17:56:40 calvisitor-10-105-163-202 com.apple.ncplugin.WorldClock[32583]: host connection <NSXPCConnection: 0x7fddbbb015c0> connection from pid 30298 invalidated
Jul  2 18:35:12 calvisitor-10-105-163-202 kernel[0]: AppleCamIn::systemWakeCall - messageType = 0xE0000340
Jul  2 18:37:25 authorMacBook-Pro configd[53]: network changed: v4(en0-:10.105.163.202) v6(en0:2607:f140:6000:8:c6b3:1ff:fecd:467f) DNS! Proxy SMB
Jul  2 18:40:08 calvisitor-10-105-163-202 configd[53]: network changed: v4(en0:10.105.163.202) v6(en0+:2607:f140:6000:8:c6b3:1ff:fecd:467f) DNS! Proxy SMB
Jul  2 18:54:02 calvisitor-10-105-163-202 com.apple.AddressBook.InternetAccountsBridge[32662]: dnssd_clientstub ConnectToServer: connect()-> No of tries: 3
Jul  2 19:48:11 calvisitor-10-105-163-202 com.apple.cts[258]: com.apple.icloud.fmfd.heartbeat: scheduler_evaluate_activity told me to run this job; however, but the start time isn't for 314896 seconds.  Ignoring.
Jul  2 20:15:26 calvisitor-10-105-163-202 kernel[0]: IOThunderboltSwitch<0>(0x0)::listenerCallback - Thunderbolt HPD packet for route = 0x0 port = 11 unplug = 0
Jul  2 21:43:56 calvisitor-10-105-163-202 locationd[82]: Location icon should now be in state 'Inactive'
Jul  2 22:24:04 authorMacBook-Pro corecaptured[32877]: Received Capture Event
Jul  2 22:44:55 authorMacBook-Pro locationd[82]: Location icon should now be in state 'Active'
Jul  2 23:35:17 authorMacBook-Pro kernel[0]: AppleThunderboltGenericHAL::earlyWake - complete - took 1 milliseconds
Jul  3 00:27:54 authorMacBook-Pro QQ[10018]: ############################## _getSysMsgList
Jul  3 01:06:48 authorMacBook-Pro com.apple.CDScheduler[43]: Thermal pressure state: 1 Memory pressure state: 0
Jul  3 02:07:59 authorMacBook-Pro kernel[0]: Previous sleep cause: 5
Jul  3 03:07:51 authorMacBook-Pro kernel[0]: AppleCamIn::systemWakeCall - messageType = 0xE0000340
Jul  3 03:44:10 authorMacBook-Pro kernel[0]: ARPT: 672405.912863: wl0: MDNS: IPV6 Addr: 2607:f140:400:a01b:c6b3:1ff:fecd:467f
Jul  3 04:31:31 authorMacBook-Pro ntpd[207]: wake time set -0.331349 s
Jul  3 05:30:59 authorMacBook-Pro kernel[0]: AppleThunderboltNHIType2::waitForOk2Go2Sx - retries = 5
Jul  3 06:09:46 authorMacBook-Pro ntpd[207]: sigio_handler: sigio_handler_active != 0
Jul  3 06:45:42 authorMacBook-Pro kernel[0]: AppleThunderboltGenericHAL::earlyWake - complete - took 1 milliseconds
Jul  3 07:10:10 authorMacBook-Pro sandboxd[129] ([33139]): com.apple.Addres(33139) deny network-outbound /private/var/run/mDNSResponder
Jul  3 07:33:35 authorMacBook-Pro kernel[0]: IOPMrootDomain: idle cancel, state 1
Jul  3 08:33:45 authorMacBook-Pro kernel[0]: ARPT: 673321.718258: wl0: setup_keepalive: Local port: 50542, Remote port: 5223
Jul  3 09:09:50 authorMacBook-Pro kernel[0]: ARPT: 673431.714836: wl0: setup_keepalive: Local port: 50601, Remote port: 5223
Jul  3 09:57:11 authorMacBook-Pro kernel[0]: AppleCamIn::wakeEventHandlerThread
Jul  3 10:28:07 authorMacBook-Pro pkd[324]: enabling pid=30298 for plug-in com.apple.ncplugin.weather(1.0) 131FE7ED-87F7-471D-8797-C11107688DF7 /System/Library/CoreServices/Weather.app/Contents/PlugIns/com.apple.ncplugin.weather.appex
Jul  3 11:31:49 authorMacBook-Pro com.apple.WebKit.WebContent[32778]: [11:31:49.593] itemasync_CopyProperty signalled err=-12785 (kFigBaseObjectError_Invalidated) (invalidated) at /Library/Caches/com.apple.xbs/Sources/CoreMedia/CoreMedia-1731.15.207/Prototypes/Player/FigPlayer_Async.c line 2092
Jul  3 11:50:13 authorMacBook-Pro com.apple.WebKit.WebContent[32778]: [11:50:13.362] itemasync_SetProperty signalled err=-12785 (kFigBaseObjectError_Invalidated) (invalidated) at /Library/Caches/com.apple.xbs/Sources/CoreMedia/CoreMedia-1731.15.207/Prototypes/Player/FigPlayer_Async.c line 2306
Jul  3 12:04:32 authorMacBook-Pro com.apple.WebKit.WebContent[32778]: [12:04:32.065] <<<< Boss >>>> figPlaybackBossPrerollCompleted: unexpected preroll-complete notification
Jul  3 12:36:01 authorMacBook-Pro symptomsd[215]: -[NetworkAnalyticsEngine _writeJournalRecord:fromCellFingerprint:key:atLOI:ofKind:lqm:isFaulty:] Hashing of the primary key failed. Dropping the journal record.
Jul  3 13:31:32 calvisitor-10-105-160-237 kernel[0]: AppleCamIn::systemWakeCall - messageType = 0xE0000340
Jul  3 13:48:22 authorMacBook-Pro configd[53]: setting hostname to "authorMacBook-Pro.local"
Jul  3 13:51:32 calvisitor-10-105-160-237 com.apple.AddressBook.InternetAccountsBridge[33469]: dnssd_clientstub ConnectToServer: connect() failed path:/var/run/mDNSResponder Socket:4 Err:-1 Errno:1 Operation not permitted
Jul  3 13:54:53 calvisitor-10-105-160-237 kernel[0]: IO80211AWDLPeerManager::setAwdlOperatingMode Setting the AWDL operation mode from SUSPENDED to AUTO
Jul  3 14:48:22 calvisitor-10-105-160-237 kernel[0]: Sandbox: com.apple.Addres(33508) deny(1) network-outbound /private/var/run/mDNSResponder
Jul  3 15:15:34 calvisitor-10-105-160-237 com.apple.AddressBook.InternetAccountsBridge[33518]: dnssd_clientstub ConnectToServer: connect()-> No of tries: 3
Jul  3 15:46:28 authorMacBook-Pro networkd[195]: -[NETClientConnection effectiveBundleID] using process name apsd as bundle ID (this is expected for daemons without bundle ID
Jul  3 15:47:15 calvisitor-10-105-160-237 corecaptured[33533]: CCFile::copyFile fileName is [2017-07-03_15,47,15.246620]-AirPortBrcm4360_Logs-007.txt, source path:/var/log/CoreCapture/com.apple.driver.AirPort.Brcm4360.0/DriverLogs//[2017-07-03_15,47,15.246620]-AirPortBrcm4360_Logs-007.txt, dest path:/Library/Logs/CrashReporter/CoreCapture/com.apple.driver.AirPort.Brcm4360.0/[2017-07-03_15,47,15.349129]=AuthFail:sts:5_rsn:0/DriverLogs//[2017-07-03_15,47,15.246620]-AirPortBrcm4360_Logs-007.txt
Jul  3 16:05:51 authorMacBook-Pro corecaptured[33544]: CCFile::captureLogRun Skipping current file Dir file [2017-07-03_16,05,51.031703]-AirPortBrcm4360_Logs-003.txt, Current File [2017-07-03_16,05,51.031703]-AirPortBrcm4360_Logs-003.txt
Jul  3 16:07:33 authorMacBook-Pro configd[53]: network changed: v6(en0-:2607:f140:6000:8:d8d1:d506:6046:43e4) DNS- Proxy-
Jul  3 16:07:39 authorMacBook-Pro corecaptured[33544]: CCFile::copyFile fileName is [2017-07-03_16,07,39.096792]-CCIOReporter-017.xml, source path:/var/log/CoreCapture/com.apple.iokit.IO80211Family/OneStats//[2017-07-03_16,07,39.096792]-CCIOReporter-017.xml, dest path:/Library/Logs/CrashReporter/CoreCapture/com.apple.iokit.IO80211Family/[2017-07-03_16,07,39.171995]=AuthFail:sts:5_rsn:0/OneStats//[2017-07-03_16,07,39.096792]-CCIOReporter-017.xml
Jul  3 16:07:46 authorMacBook-Pro corecaptured[33544]: CCFile::copyFile fileName is [2017-07-03_16,07,46.105103]-CCIOReporter-032.xml, source path:/var/log/CoreCapture/com.apple.iokit.IO80211Family/OneStats//[2017-07-03_16,07,46.105103]-CCIOReporter-032.xml, dest path:/Library/Logs/CrashReporter/CoreCapture/com.apple.iokit.IO80211Family/[2017-07-03_16,07,46.298508]=AuthFail:sts:5_rsn:0/OneStats//[2017-07-03_16,07,46.105103]-CCIOReporter-032.xml
Jul  3 16:25:27 authorMacBook-Pro corecaptured[33544]: CCFile::captureLogRun Skipping current file Dir file [2017-07-03_16,25,27.859687]-CCIOReporter-038.xml, Current File [2017-07-03_16,25,27.859687]-CCIOReporter-038.xml
Jul  3 16:27:08 authorMacBook-Pro kernel[0]: AppleCamIn::handleWakeEvent_gated
Jul  3 16:28:34 authorMacBook-Pro QQ[10018]: tcp_connection_destination_perform_socket_connect 21152 connectx to 203.205.147.206:8080@0 failed: [51] Network is unreachable
Jul  3 16:28:55 calvisitor-10-105-160-184 com.apple.CDScheduler[258]: Thermal pressure state: 0 Memory pressure state: 0
Jul  3 16:36:40 calvisitor-10-105-160-184 kernel[0]: IO80211AWDLPeerManager::setAwdlOperatingMode Setting the AWDL operation mode from AUTO to SUSPENDED
Jul  3 17:10:11 calvisitor-10-105-160-184 kernel[0]: hibernate image path: /var/vm/sleepimage
Jul  3 17:23:55 calvisitor-10-105-160-184 UserEventAgent[43]: assertion failed: 15G1510: com.apple.telemetry + 38574 [10D2E324-788C-30CC-A749-55AE67AEC7BC]: 0x7fc235807b90
Jul  3 17:26:04 calvisitor-10-105-160-184 WeChat[24144]: jemmytest
Jul  3 17:51:53 calvisitor-10-105-160-184 AddressBookSourceSync[33632]: Unrecognized attribute value: t:AbchPersonItemType
Jul  3 18:47:54 calvisitor-10-105-162-32 kernel[0]: ARPT: 683617.825411: AirPort_Brcm43xx::platformWoWEnable: WWEN[disable]
Jul  3 18:56:33 calvisitor-10-105-162-32 QQ[10018]: button report: 0x80039B7
Jul  3 18:57:59 authorMacBook-Pro kernel[0]: en0: 802.11d country code set to 'US'.
Jul  3 19:04:48 calvisitor-10-105-162-32 blued[85]: [BluetoothHIDDeviceController] EventServiceConnectedCallback
Jul  3 19:04:58 authorMacBook-Pro corecaptured[33660]: Received Capture Event
Jul  3 19:46:35 authorMacBook-Pro kernel[0]: BuildActDeviceEntry enter
Jul  3 20:25:13 calvisitor-10-105-161-225 GoogleSoftwareUpdateAgent[33847]: 2017-07-03 20:25:13.378 GoogleSoftwareUpdateAgent[33847/0x7000002a0000] [lvl=2] -[KSUpdateCheckAction performAction] KSUpdateCheckAction starting update check for ticket(s): {( <KSTicket:0x10053b310 productID=com.google.Keystone version=1.2.8.57 xc=<KSPathExistenceChecker:0x10053ac30 path=/Users/xpc/Library/Google/GoogleSoftwareUpdate/GoogleSoftwareUpdate.bundle> url=https://tools.google.com/service/update2 creationDate=2017-02-18 15:41:17 ticketVersion=1 > )} Using server: <KSOmahaServer:0x100248090 engine=<KSUpdateEngine:0x1007249c0> >
Jul  3 21:20:07 calvisitor-10-105-161-225 WindowServer[184]: send_datagram_available_ping: pid 445 failed to act on a ping it dequeued before timing out.
Jul  3 21:30:41 authorMacBook-Pro corecaptured[33951]: CCFile::copyFile fileName is [2017-07-03_21,30,41.859869]-CCIOReporter-002.xml, source path:/var/log/CoreCapture/com.apple.iokit.IO80211Family/OneStats//[2017-07-03_21,30,41.859869]-CCIOReporter-002.xml, dest path:/Library/Logs/CrashReporter/CoreCapture/com.apple.iokit.IO80211Family/[2017-07-03_21,30,40.703152]=AuthFail:sts:5_rsn:0/OneStats//[2017-07-03_21,30,41.859869]-CCIOReporter-002.xml
Jul  3 22:16:48 airbears2-10-142-110-255 WindowServer[184]: send_datagram_available_ping: pid 445 failed to act on a ping it dequeued before timing out.
Jul  3 23:29:01 airbears2-10-142-110-255 locationd[82]: Location icon should now be in state 'Inactive'
Jul  4 00:35:57 airbears2-10-142-110-255 com.apple.cts[43]: com.apple.SoftwareUpdate.Activity: scheduler_evaluate_activity told me to run this job; however, but the start time isn't for 5533 seconds.  Ignoring.
Jul  4 01:13:14 airbears2-10-142-110-255 kernel[0]: ARPT: 698052.637142: AirPort_Brcm43xx::powerChange: System Sleep
Jul  4 01:49:07 airbears2-10-142-110-255 com.apple.cts[258]: com.apple.icloud.fmfd.heartbeat: scheduler_evaluate_activity told me to run this job; however, but the start time isn't for 206840 seconds.  Ignoring.
Jul  4 02:25:38 airbears2-10-142-110-255 QQ[10018]: ############################## _getSysMsgList
Jul  4 02:49:55 airbears2-10-142-110-255 com.apple.cts[258]: com.apple.Safari.SafeBrowsing.Update: scheduler_evaluate_activity told me to run this job; however, but the start time isn't for 1728 seconds.  Ignoring.
Jul  4 03:38:32 airbears2-10-142-110-255 kernel[0]: AppleCamIn::systemWakeCall - messageType = 0xE0000340
Jul  4 04:27:18 airbears2-10-142-110-255 kernel[0]: AppleCamIn::systemWakeCall - messageType = 0xE0000340
Jul  4 04:51:41 airbears2-10-142-110-255 kernel[0]: ARPT: 698896.831598: AirPort_Brcm43xx::platformWoWEnable: WWEN[enable]
Jul  4 05:28:19 airbears2-10-142-110-255 kernel[0]: AppleThunderboltNHIType2::prePCIWake - power up complete - took 2 us
Jul  4 06:12:51 calvisitor-10-105-162-105 kernel[0]: ARPT: 699244.827573: wl0: wl_update_tcpkeep_seq: Updated seq/ack/win from UserClient Seq 2935131210, Ack 3049709979, Win size 278
Jul  4 06:26:11 calvisitor-10-105-162-105 com.apple.cts[43]: com.apple.CacheDelete.daily: scheduler_evaluate_activity told me to run this job; however, but the start time isn't for 23852 seconds.  Ignoring.
Jul  4 06:39:30 calvisitor-10-105-162-105 com.apple.cts[258]: com.apple.Safari.SafeBrowsing.Update: scheduler_evaluate_activity told me to run this job; however, but the start time isn't for 1847 seconds.  Ignoring.
Jul  4 06:53:41 calvisitor-10-105-162-105 kernel[0]: ARPT: 699456.025397: wl0: setup_keepalive: Local port: 63572, Remote port: 443
Jul  4 07:10:01 calvisitor-10-105-162-105 kernel[0]: AppleThunderboltGenericHAL::earlyWake - complete - took 1 milliseconds
Jul  4 07:23:41 calvisitor-10-105-162-105 kernel[0]: en0: BSSID changed to 5c:50:15:36:bc:03
Jul  4 07:39:57 calvisitor-10-105-162-105 kernel[0]: IO80211AWDLPeerManager::setAwdlOperatingMode Setting the AWDL operation mode from AUTO to SUSPENDED
Jul  4 08:20:51 calvisitor-10-105-162-105 kernel[0]: en0: Supported channels 1 2 3 4 5 6 7 8 9 10 11 12 13 36 40 44 48 52 56 60 64 100 104 108 112 116 120 124 128 132 136 140 144 149 153 157 161
Jul  4 08:34:36 calvisitor-10-105-162-105 com.apple.cts[258]: com.apple.icloud.fmfd.heartbeat: scheduler_evaluate_activity told me to run this job; however, but the start time isn't for 182511 seconds.  Ignoring.
Jul  4 09:01:43 authorMacBook-Pro com.apple.cts[258]: com.apple.suggestions.harvest: scheduler_evaluate_activity told me to run this job; however, but the start time isn't for 5144 seconds.  Ignoring.
Jul  4 09:15:18 calvisitor-10-105-162-105 kernel[0]: AppleCamIn::wakeEventHandlerThread
Jul  4 09:43:18 calvisitor-10-105-162-105 kernel[0]: ARPT: 700254.389213: wl0: setup_keepalive: Seq: 2502126767, Ack: 2906384231, Win size: 4096
Jul  4 09:57:30 authorMacBook-Pro kernel[0]: USBMSC Identifier (non-unique): 000000000820 0x5ac 0x8406 0x820, 3
Jul  4 10:13:05 calvisitor-10-105-162-105 com.apple.WebKit.WebContent[25654]: [10:13:05.044] <<<< CRABS >>>> crabsFlumeHostAvailable: [0x7f961cf08cf0] Byte flume reports host available again.
Jul  4 10:43:27 calvisitor-10-105-162-105 com.apple.cts[43]: com.apple.CacheDelete.daily: scheduler_evaluate_activity told me to run this job; however, but the start time isn't for 8416 seconds.  Ignoring.
Jul  4 10:56:48 calvisitor-10-105-162-105 kernel[0]: AppleThunderboltGenericHAL::earlyWake - complete - took 0 milliseconds
Jul  4 11:24:04 calvisitor-10-105-162-105 kernel[0]: AirPort: Link Down on en0. Reason 8 (Disassociated because station leaving).
Jul  4 11:28:55 calvisitor-10-105-162-105 com.apple.cts[43]: com.apple.CacheDelete.daily: scheduler_evaluate_activity told me to run this job; however, but the start time isn't for 5688 seconds.  Ignoring.
Jul  4 11:43:04 calvisitor-10-105-162-105 kernel[0]: ARPT: 700919.494551: wl0: MDNS: IPV6 Addr: fe80:0:0:0:c6b3:1ff:fecd:467f
Jul  4 12:06:21 calvisitor-10-105-162-105 cloudd[326]:  SecOSStatusWith error:[-50] Error Domain=NSOSStatusErrorDomain Code=-50 "query missing class name" (paramErr: error in user parameter list) UserInfo={NSDescription=query missing class name}
Jul  4 12:13:40 calvisitor-10-105-162-105 com.apple.WebKit.WebContent[32778]: [12:13:40.079] <<<< Boss >>>> figPlaybackBossPrerollCompleted: unexpected preroll-complete notification
Jul  4 12:34:56 authorMacBook-Pro corecaptured[34861]: CCFile::captureLog Received Capture notice id: 1499196895.670989, reason = AuthFail:sts:5_rsn:0
Jul  4 13:02:13 calvisitor-10-105-162-105 kernel[0]: AppleCamIn::wakeEventHandlerThread
Jul  4 13:29:28 calvisitor-10-105-162-105 kernel[0]: AppleThunderboltNHIType2::prePCIWake - power up complete - took 1 us
Jul  4 14:19:40 calvisitor-10-105-162-105 com.apple.WebKit.WebContent[32778]: [14:19:40.459] <<<< Boss >>>> figPlaybackBossPrerollCompleted: unexpected preroll-complete notification
Jul  4 15:11:20 calvisitor-10-105-162-105 syslogd[44]: ASL Sender Statistics
Jul  4 16:31:38 calvisitor-10-105-162-105 com.apple.CDScheduler[43]: Thermal pressure state: 1 Memory pressure state: 0
Jul  4 17:00:00 calvisitor-10-105-162-105 kernel[0]: kern_open_file_for_direct_io took 6 ms
Jul  4 17:40:02 calvisitor-10-105-162-105 kernel[0]: Sandbox: com.apple.Addres(35150) deny(1) network-outbound /private/var/run/mDNSResponder
Jul  4 18:21:08 calvisitor-10-105-162-105 com.apple.AddressBook.InternetAccountsBridge[35174]: dnssd_clientstub ConnectToServer: connect() failed path:/var/run/mDNSResponder Socket:4 Err:-1 Errno:1 Operation not permitted
Jul  4 18:48:27 calvisitor-10-105-162-105 com.apple.AddressBook.InternetAccountsBridge[35188]: dnssd_clientstub ConnectToServer: connect()-> No of tries: 1
Jul  4 19:29:41 calvisitor-10-105-162-105 WindowServer[184]: CGXDisplayDidWakeNotification [712572581805245]: posting kCGSDisplayDidWake
Jul  4 19:57:00 calvisitor-10-105-162-105 com.apple.cts[258]: com.apple.Safari.SafeBrowsing.Update: scheduler_evaluate_activity told me to run this job; however, but the start time isn't for 1867 seconds.  Ignoring.
Jul  4 20:25:44 calvisitor-10-105-162-105 kernel[0]: ARPT: 712915.870808: wl0: MDNS: IPV4 Addr: 10.105.162.105
Jul  4 20:51:50 calvisitor-10-105-162-105 kernel[0]: Wake reason: RTC (Alarm)
Jul  4 20:54:03 calvisitor-10-105-162-105 sharingd[30299]: 20:54:03.455 : BTLE scanner Powered On
Jul  4 21:35:17 calvisitor-10-105-162-105 com.apple.cts[258]: com.apple.icloud.fmfd.heartbeat: scheduler_evaluate_activity told me to run this job; however, but the start time isn't for 135670 seconds.  Ignoring.
Jul  4 22:29:25 calvisitor-10-105-162-105 kernel[0]: AppleCamIn::systemWakeCall - messageType = 0xE0000340
Jul  4 23:10:17 calvisitor-10-105-162-105 kernel[0]: IOThunderboltSwitch<0>(0x0)::listenerCallback - Thunderbolt HPD packet for route = 0x0 port = 12 unplug = 0
Jul  4 23:16:14 calvisitor-10-105-162-105 com.apple.xpc.launchd[1] (com.apple.xpc.launchd.domain.pid.WebContent.35412): Path not allowed in target domain: type = pid, path = /System/Library/StagedFrameworks/Safari/SafariShared.framework/Versions/A/XPCServices/com.apple.Safari.SocialHelper.xpc/Contents/MacOS/com.apple.Safari.SocialHelper error = 147: The specified service did not ship in the requestor's bundle, origin = /System/Library/StagedFrameworks/Safari/WebKit.framework/Versions/A/XPCServices/com.apple.WebKit.WebContent.xpc
Jul  4 23:22:09 calvisitor-10-105-162-105 Microsoft Word[14463]: Cocoa scripting error for '0x0360001f': four character codes must be four characters long.
Jul  4 23:22:09 calvisitor-10-105-162-105 Microsoft Word[14463]: Cocoa scripting error for '0x006a00a7': four character codes must be four characters long.
Jul  4 23:22:09 calvisitor-10-105-162-105 Microsoft Word[14463]: Cocoa scripting error for '0x00bc0007': four character codes must be four characters long.
Jul  4 23:22:09 calvisitor-10-105-162-105 Microsoft Word[14463]: Cocoa scripting error for '0x00730020': four character codes must be four characters long.
Jul  4 23:22:09 calvisitor-10-105-162-105 Microsoft Word[14463]: Cocoa scripting error for '0x008bdeaa': four character codes must be four characters long.
Jul  4 23:22:09 calvisitor-10-105-162-105 Microsoft Word[14463]: Cocoa scripting error for '0x02120002': four character codes must be four characters long.
Jul  4 23:22:09 calvisitor-10-105-162-105 Microsoft Word[14463]: Cocoa scripting error for '0x02470045': four character codes must be four characters long.
Jul  4 23:22:09 calvisitor-10-105-162-105 Microsoft Word[14463]: Cocoa scripting error for '0x0268000a': four character codes must be four characters long.
Jul  4 23:22:09 calvisitor-10-105-162-105 Microsoft Word[14463]: Cocoa scripting error for '0x027b0006': four character codes must be four characters long.
Jul  4 23:22:09 calvisitor-10-105-162-105 Microsoft Word[14463]: Cocoa scripting error for '0x02a60001': four character codes must be four characters long.
Jul  4 23:31:49 calvisitor-10-105-162-105 WindowServer[184]: send_datagram_available_ping: pid 445 failed to act on a ping it dequeued before timing out.
Jul  4 23:55:28 calvisitor-10-105-162-105 CalendarAgent[279]: [com.apple.calendar.store.log.caldav.coredav] [Refusing to parse response to PROPPATCH because of content-type: [text/html; charset=UTF-8].]
Jul  5 00:17:50 authorMacBook-Pro corecaptured[35613]: CCFile::captureLogRun() Exiting CCFile::captureLogRun
Jul  5 00:21:07 authorMacBook-Pro Google Chrome[35628]: -deviceDeltaY is deprecated for NSScrollWheel. Please use -scrollingDeltaY.
Jul  5 00:53:57 calvisitor-10-105-163-10 locationd[82]: NETWORK: no response from server, reachability, 2, queryRetries, 2
Jul  5 02:27:53 calvisitor-10-105-163-10 com.apple.AddressBook.InternetAccountsBridge[35749]: dnssd_clientstub ConnectToServer: connect()-> No of tries: 2
Jul  5 03:08:26 calvisitor-10-105-163-10 kernel[0]: en0: BSSID changed to 5c:50:15:4c:18:13
Jul  5 03:58:47 calvisitor-10-105-163-10 kernel[0]: Wake reason: EC.SleepTimer (SleepTimer)
Jul  5 10:31:18 calvisitor-10-105-163-10 kernel[0]: BuildActDeviceEntry exit
Jul  5 10:43:32 calvisitor-10-105-160-179 Safari[9852]: KeychainGetICDPStatus: keychain: -25300
Jul  5 10:56:49 calvisitor-10-105-160-179 Safari[9852]: KeychainGetICDPStatus: status: off
Jul  5 11:01:55 calvisitor-10-105-160-179 corecaptured[35877]: Received Capture Event
Jul  5 11:42:53 calvisitor-10-105-160-226 identityservicesd[272]: <IMMacNotificationCenterManager: 0x7ff1b2d17980>:    NC Disabled: NO
Jul  5 12:01:10 calvisitor-10-105-160-226 QQ[10018]: button report: 0x8002bdf
Jul  5 13:44:18 calvisitor-10-105-160-226 com.apple.AddressBook.InternetAccountsBridge[646]: Daemon connection invalidated!
Jul  5 14:04:19 authorMacBook-Pro kernel[0]: ARPT: 724786.252727: AQM agg results 0x8001 len hi/lo: 0x0 0x26 BAbitmap(0-3) 0 0 0 0
Jul  5 14:04:32 authorMacBook-Pro corecaptured[36034]: CCFile::copyFile fileName is [2017-07-05_14,04,32.840703]-io80211Family-056.pcapng, source path:/var/log/CoreCapture/com.apple.iokit.IO80211Family/IO80211AWDLPeerManager//[2017-07-05_14,04,32.840703]-io80211Family-056.pcapng, dest path:/Library/Logs/CrashReporter/CoreCapture/com.apple.iokit.IO80211Family/[2017-07-05_14,04,32.969558]=AuthFail:sts:5_rsn:0/IO80211AWDLPeerManager//[2017-07-05_14,04,32.840703]-io80211Family-056.pcapng
Jul  5 14:56:09 authorMacBook-Pro kernel[0]: ARPT: 724869.297011: IOPMPowerSource Information: onWake,  SleepType: Normal Sleep,  'ExternalConnected': No, 'TimeRemaining': 4551,
Jul  5 15:40:14 calvisitor-10-105-162-98 BezelServices 255.10[94]: ASSERTION FAILED: dvcAddrRef != ((void *)0) -[DriverServices getDeviceAddress:] line: 2789
Jul  5 16:04:10 calvisitor-10-105-162-107 kernel[0]: bitmap_size 0x7f0fc, previewSize 0x4028, writing 488299 pages @ 0x97144
Jul  5 16:06:03 authorMacBook-Pro corecaptured[36091]: CCFile::captureLog Received Capture notice id: 1499295963.492254, reason = RoamFail:sts:1_rsn:1
Jul  5 16:19:21 calvisitor-10-105-162-107 locationd[82]: NETWORK: requery, 0, 0, 0, 0, 252, items, fQueryRetries, 0, fLastRetryTimestamp, 520989480.3
Jul  5 16:33:10 airbears2-10-142-108-38 locationd[82]: Location icon should now be in state 'Inactive'
Jul  5 16:58:39 airbears2-10-142-108-38 kernel[0]: ARPT: 728046.456828: wl0: setup_keepalive: Local IP: 10.142.108.38
Jul  5 17:22:36 authorMacBook-Pro com.apple.WebKit.WebContent[25654]: [17:22:36.133] <<<< CRABS >>>> crabsFlumeHostAvailable: [0x7f961cf08cf0] Byte flume reports host available again.
Jul  5 17:27:05 authorMacBook-Pro kernel[0]: AppleCamIn::systemWakeCall - messageType = 0xE0000340
Jul  5 18:19:59 authorMacBook-Pro kernel[0]: en0: 802.11d country code set to 'X3'.
Jul  5 19:00:42 authorMacBook-Pro corecaptured[36291]: CCFile::captureLog
Jul  5 20:16:55 calvisitor-10-105-160-210 kernel[0]: could discard act 242131 inact 107014 purgeable 254830 spec 128285 cleaned 0
Jul  5 21:48:33 calvisitor-10-105-162-81 kernel[0]: Wake reason: ARPT (Network)
Jul  5 22:29:35 calvisitor-10-105-160-22 kernel[0]: IO80211AWDLPeerManager::setAwdlAutoMode Resuming AWDL
Jul  5 23:50:09 authorMacBook-Pro kernel[0]: AppleActuatorDeviceUserClient::start Entered
Jul  6 00:30:37 authorMacBook-Pro GoogleSoftwareUpdateAgent[36436]: 2017-07-06 00:30:37.071 GoogleSoftwareUpdateAgent[36436/0x7000002a0000] [lvl=2] -[KSUpdateEngine updateAllExceptProduct:] KSUpdateEngine updating all installed products, except:'com.google.Keystone'.
Jul  6 01:11:39 calvisitor-10-105-162-138 sandboxd[129] ([36461]): com.apple.Addres(36461) deny network-outbound /private/var/run/mDNSResponder
Jul  6 02:32:10 authorMacBook-Pro Dock[307]: -[UABestAppSuggestionManager notifyBestAppChanged:type:options:bundleIdentifier:activityType:dynamicIdentifier:when:confidence:deviceName:deviceIdentifier:deviceType:] (null) UASuggestedActionType=0 (null)/(null) opts=(null) when=2017-07-06 09:32:10 +0000 confidence=1 from=(null)/(null) (UABestAppSuggestionManager.m #319)
Jul  6 03:13:15 calvisitor-10-105-160-37 com.apple.AddressBook.InternetAccountsBridge[36502]: dnssd_clientstub ConnectToServer: connect()-> No of tries: 3
Jul  6 04:33:35 calvisitor-10-105-160-37 kernel[0]: hibernate_teardown completed - discarded 93932
Jul  6 08:32:37 authorMacBook-Pro kernel[0]: [HID] [ATC] AppleDeviceManagementHIDEventService::processWakeReason Wake reason: Host (0x01)
Jul  6 08:33:25 calvisitor-10-105-163-253 TCIM[30318]: [Accounts] Failed to update account with identifier 76FE6715-3D27-4F21-AA35-C88C1EA820E8, error: Error Domain=ABAddressBookErrorDomain Code=1002 "(null)"
Jul  6 09:24:14 calvisitor-10-105-163-253 ksfetch[36728]: 2017-07-06 09:24:14.417 ksfetch[36728/0x7fff79824000] [lvl=2] main() ksfetch fetching URL (<NSMutableURLRequest: 0x100602220> { URL: https://tools.google.com/service/update2?cup2hreq=f5e83ec64ff3fc5533a3c206134a6517e274f9e1cb53df857e15049b6e4c9f8e&cup2key=7:1721929288 }) to folder:/tmp/KSOutOfProcessFetcher.aPWod5QMh1/download
Jul  6 10:13:12 calvisitor-10-105-163-253 ChromeExistion[36775]: after trim url = https://www.google.com/_/chrome/newtab?rlz=1C5CHFA_enHK732HK732&espv=2&ie=UTF-8
Jul  6 11:07:29 calvisitor-10-105-163-253 sharingd[30299]: 11:07:29.673 : Purged contact hashes
Jul  6 11:21:06 authorMacBook-Pro configd[53]: network changed: DNS* Proxy
Jul  6 12:01:16 authorMacBook-Pro corecaptured[36918]: CCFile::captureLogRun() Exiting CCFile::captureLogRun
Jul  6 12:03:00 authorMacBook-Pro kernel[0]: ARPT: 739241.687186: AQM agg results 0x8001 len hi/lo: 0x0 0x26 BAbitmap(0-3) 0 0 0 0
Jul  6 12:03:12 authorMacBook-Pro kernel[0]: ARPT: 739253.582611: wlc_dump_aggfifo:
Jul  6 12:05:06 authorMacBook-Pro kernel[0]: in6_unlink_ifa: IPv6 address 0x77c911454f1523ab has no prefix
Jul  6 12:58:15 calvisitor-10-105-162-178 kernel[0]: ARPT: 739549.504820: AirPort_Brcm43xx::powerChange: System Wake - Full Wake/ Dark Wake / Maintenance wake
Jul  6 14:08:49 authorMacBook-Pro blued[85]: INIT -- Host controller is published
Jul  6 14:16:06 calvisitor-10-105-162-178 sharingd[30299]: 14:16:06.179 : Scanning mode Contacts Only
Jul  6 14:44:08 calvisitor-10-105-162-178 kernel[0]: PM response took 1999 ms (54, powerd)
Jul  6 15:10:30 calvisitor-10-105-162-178 kernel[0]: ARPT: 740174.102665: wl0: MDNS: 0 SRV Recs, 0 TXT Recs
Jul  6 15:58:40 calvisitor-10-105-162-178 kernel[0]: ARPT: 740352.115529: AirPort_Brcm43xx::platformWoWEnable: WWEN[enable]
Jul  6 16:17:36 authorMacBook-Pro kernel[0]: AppleCamIn::wakeEventHandlerThread
Jul  6 16:29:42 authorMacBook-Pro corecaptured[37102]: CCFile::captureLogRun() Exiting CCFile::captureLogRun
Jul  6 17:23:43 calvisitor-10-105-162-178 sharingd[30299]: 17:23:43.193 : Scanning mode Contacts Only
Jul  6 18:07:04 calvisitor-10-105-162-178 iconservicesagent[328]: -[ISGenerateImageOp generateImageWithCompletion:] Failed to composit image for descriptor <ISBindingImageDescriptor: 0x7f995050b170>.
Jul  6 18:36:51 calvisitor-10-105-162-178 kernel[0]: [HID] [ATC] AppleDeviceManagementHIDEventService::processWakeReason Wake reason: Host (0x01)
Jul  6 18:50:29 calvisitor-10-105-162-178 com.apple.cts[43]: com.apple.SoftwareUpdate.Activity: scheduler_evaluate_activity told me to run this job; however, but the start time isn't for 5880 seconds.  Ignoring.
Jul  6 19:17:46 calvisitor-10-105-162-178 sharingd[30299]: 19:17:46.405 : BTLE scanner Powered Off
Jul  6 19:31:29 calvisitor-10-105-162-178 kernel[0]: ARPT: 744595.284508: AirPort_Brcm43xx::platformWoWEnable: WWEN[disable]
Jul  6 19:45:16 calvisitor-10-105-162-178 com.apple.cts[43]: com.apple.SoftwareUpdate.Activity: scheduler_evaluate_activity told me to run this job; however, but the start time isn't for 2593 seconds.  Ignoring.
Jul  6 20:03:23 calvisitor-10-105-162-178 com.apple.AddressBook.InternetAccountsBridge[37261]: dnssd_clientstub ConnectToServer: connect()-> No of tries: 1
Jul  6 20:35:33 calvisitor-10-105-162-178 WeChat[24144]: jemmytest
Jul  6 21:22:31 calvisitor-10-105-162-178 WeChat[24144]: Failed to connect (titleField) outlet from (MMSessionPickerChoosenRowView) to (NSTextField): missing setter or instance variable
Jul  6 23:33:20 calvisitor-10-105-162-178 Preview[11512]: Page bounds {{0, 0}, {400, 400}}
Jul  7 00:24:41 calvisitor-10-105-162-178 com.apple.WebKit.Networking[9854]: CFNetwork SSLHandshake failed (-9802)
Jul  7 00:52:55 authorMacBook-Pro corecaptured[37602]: CCFile::copyFile fileName is [2017-07-07_00,52,55.450817]-CCIOReporter-001.xml, source path:/var/log/CoreCapture/com.apple.iokit.IO80211Family/OneStats//[2017-07-07_00,52,55.450817]-CCIOReporter-001.xml, dest path:/Library/Logs/CrashReporter/CoreCapture/com.apple.iokit.IO80211Family/[2017-07-07_00,52,54.449889]=AuthFail:sts:5_rsn:0/OneStats//[2017-07-07_00,52,55.450817]-CCIOReporter-001.xml
Jul  7 01:06:34 calvisitor-10-105-162-178 kernel[0]: AppleCamIn::systemWakeCall - messageType = 0xE0000340
Jul  7 02:15:01 calvisitor-10-105-162-178 com.apple.cts[258]: com.apple.Safari.SafeBrowsing.Update: scheduler_evaluate_activity told me to run this job; however, but the start time isn't for 893 seconds.  Ignoring.
Jul  7 03:09:38 calvisitor-10-105-162-178 com.apple.cts[258]: com.apple.EscrowSecurityAlert.daily: scheduler_evaluate_activity told me to run this job; however, but the start time isn't for 35733 seconds.  Ignoring.
Jul  7 03:50:09 calvisitor-10-105-162-178 kernel[0]: ARPT: 762484.281874: AirPort_Brcm43xx::powerChange: System Wake - Full Wake/ Dark Wake / Maintenance wake
Jul  7 04:17:33 calvisitor-10-105-162-178 com.apple.cts[43]: com.apple.CacheDelete.daily: scheduler_evaluate_activity told me to run this job; however, but the start time isn't for 31570 seconds.  Ignoring.
Jul  7 04:58:15 calvisitor-10-105-162-178 kernel[0]: AppleThunderboltGenericHAL::earlyWake - complete - took 0 milliseconds
Jul  7 05:12:46 calvisitor-10-105-162-178 kernel[0]: ARPT: 762900.518967: wl0: MDNS: IPV6 Addr: 2607:f140:6000:8:3065:65eb:758e:972a
Jul  7 05:52:44 calvisitor-10-105-162-178 com.apple.cts[258]: com.apple.EscrowSecurityAlert.daily: scheduler_evaluate_activity told me to run this job; however, but the start time isn't for 25947 seconds.  Ignoring.
Jul  7 07:15:32 calvisitor-10-105-162-178 kernel[0]: ARPT: 763490.115579: wl0: MDNS: IPV6 Addr: 2607:f140:6000:8:c6b3:1ff:fecd:467f
Jul  7 07:30:35 calvisitor-10-105-162-178 com.apple.CDScheduler[258]: Thermal pressure state: 0 Memory pressure state: 0
Jul  7 08:28:48 calvisitor-10-105-162-178 networkd[195]: nw_nat64_post_new_ifstate successfully changed NAT64 ifstate from 0x4 to 0x8000000000000000
Jul  7 09:50:48 calvisitor-10-105-162-178 com.apple.cts[43]: com.apple.CacheDelete.daily: scheduler_evaluate_activity told me to run this job; however, but the start time isn't for 11575 seconds.  Ignoring.
Jul  7 10:18:03 calvisitor-10-105-162-178 com.apple.cts[258]: com.apple.EscrowSecurityAlert.daily: scheduler_evaluate_activity told me to run this job; however, but the start time isn't for 10028 seconds.  Ignoring.
Jul  7 10:37:43 calvisitor-10-105-162-178 kernel[0]: IOThunderboltSwitch<0>(0x0)::listenerCallback - Thunderbolt HPD packet for route = 0x0 port = 12 unplug = 0
Jul  7 10:57:19 calvisitor-10-105-162-178 locationd[82]: Location icon should now be in state 'Inactive'
Jul  7 11:57:23 calvisitor-10-105-162-178 locationd[82]: Location icon should now be in state 'Active'
Jul  7 12:15:59 calvisitor-10-105-162-178 WindowServer[184]: send_datagram_available_ping: pid 445 failed to act on a ping it dequeued before timing out.
Jul  7 12:20:41 calvisitor-10-105-162-178 AddressBookSourceSync[38055]: -[SOAPParser:0x7f84bad89660 parser:didStartElement:namespaceURI:qualifiedName:attributes:] Type not found in EWSItemType for ExchangePersonIdGuid (t:ExchangePersonIdGuid)
Jul  7 12:24:31 authorMacBook-Pro corecaptured[38064]: CCFile::captureLog
Jul  7 12:30:14 calvisitor-10-105-162-178 kernel[0]: AppleCamIn::handleWakeEvent_gated
Jul  7 13:38:24 authorMacBook-Pro corecaptured[38124]: CCFile::captureLog Received Capture notice id: 1499459904.126805, reason = AuthFail:sts:5_rsn:0
Jul  7 13:40:35 authorMacBook-Pro corecaptured[38124]: Received Capture Event
Jul  7 13:40:37 authorMacBook-Pro corecaptured[38124]: CCIOReporterFormatter::refreshSubscriptionsFromStreamRegistry clearing out any previous subscriptions
Jul  7 13:42:17 authorMacBook-Pro networkd[195]: -[NETClientConnection effectiveBundleID] using process name apsd as bundle ID (this is expected for daemons without bundle ID
Jul  7 13:42:46 authorMacBook-Pro kernel[0]: ARPT: 770802.879782: wlc_dump_aggfifo:
Jul  7 13:58:13 authorMacBook-Pro symptomsd[215]: __73-[NetworkAnalyticsEngine observeValueForKeyPath:ofObject:change:context:]_block_invoke unexpected switch value 2
Jul  7 14:09:45 calvisitor-10-105-160-205 com.apple.xpc.launchd[1] (com.apple.xpc.launchd.domain.user.501): Service "com.apple.xpc.launchd.unmanaged.loginwindow.94" tried to hijack endpoint "com.apple.tsm.uiserver" from owner: com.apple.SystemUIServer.agent
Jul  7 14:47:12 calvisitor-10-105-160-205 kernel[0]: ARPT: 771456.438849: AirPort_Brcm43xx::platformWoWEnable: WWEN[disable]
Jul  7 15:28:49 calvisitor-10-105-160-205 kernel[0]: ARPT: 771631.938256: IOPMPowerSource Information: onSleep,  SleepType: Normal Sleep,  'ExternalConnected': No, 'TimeRemaining': 9235,
Jul  7 16:04:28 authorMacBook-Pro networkd[195]: -[NETClientConnection evaluateCrazyIvan46] CI46 - Perform CrazyIvan46! QQ.10018 tc25354 123.151.10.190:80
Jul  7 16:24:11 authorMacBook-Pro corecaptured[38241]: CCIOReporterFormatter::refreshSubscriptionsFromStreamRegistry clearing out any previous subscriptions
Jul  7 16:45:57 authorMacBook-Pro WindowServer[184]: CGXDisplayDidWakeNotification [771797848593539]: posting kCGSDisplayDidWake
Jul  7 17:20:30 calvisitor-10-105-160-85 WindowServer[184]: send_datagram_available_ping: pid 445 failed to act on a ping it dequeued before timing out.
Jul  7 18:02:49 calvisitor-10-105-160-85 kernel[0]: Sandbox: com.apple.Addres(38449) deny(1) network-outbound /private/var/run/mDNSResponder
Jul  7 18:10:10 calvisitor-10-105-160-85 kernel[0]: IO80211AWDLPeerManager::setAwdlOperatingMode Setting the AWDL operation mode from AUTO to SUSPENDED
Jul  7 18:23:32 calvisitor-10-105-160-85 kernel[0]: IO80211AWDLPeerManager::setAwdlSuspendedMode() Suspending AWDL, enterQuietMode(true)
Jul  7 18:50:46 calvisitor-10-105-160-85 com.apple.cts[43]: com.apple.SoftwareUpdate.Activity: scheduler_evaluate_activity told me to run this job; however, but the start time isn't for 4223 seconds.  Ignoring.
Jul  7 19:43:09 calvisitor-10-105-160-85 CalendarAgent[279]: [com.apple.calendar.store.log.caldav.coredav] [Refusing to parse response to PROPPATCH because of content-type: [text/html; charset=UTF-8].]
Jul  7 20:34:14 calvisitor-10-105-160-85 locationd[82]: NETWORK: requery, 0, 0, 0, 0, 328, items, fQueryRetries, 0, fLastRetryTimestamp, 521177334.4
Jul  7 20:57:37 calvisitor-10-105-160-85 Safari[9852]: KeychainGetICDPStatus: status: off
Jul  7 21:23:11 calvisitor-10-105-160-85 com.apple.WebKit.WebContent[38826]: <<<< MediaValidator >>>> mv_ValidateRFC4281CodecId: Unrecognized codec 1.(null). Failed codec specific check.
Jul  7 21:47:20 calvisitor-10-105-160-85 QQ[10018]: 2017/07/07 21:47:20.392 | I | VoipWrapper  | DAVEngineImpl.cpp:1400:Close             | close video chat. llFriendUIN = 515629905.
Jul  7 22:10:52 calvisitor-10-105-160-85 kernel[0]: ARPT: 783795.288172: AirPort_Brcm43xx::powerChange: System Wake - Full Wake/ Dark Wake / Maintenance wake
Jul  7 23:00:46 calvisitor-10-105-160-85 kernel[0]: ARPT: 784055.560270: IOPMPowerSource Information: onSleep,  SleepType: Normal Sleep,  'ExternalConnected': No, 'TimeRemaining': 5600,
Jul  8 00:30:48 calvisitor-10-105-160-47 symptomsd[215]: __73-[NetworkAnalyticsEngine observeValueForKeyPath:ofObject:change:context:]_block_invoke unexpected switch value 2
Jul  8 01:52:19 calvisitor-10-105-163-147 kernel[0]: ARPT: 784486.498066: wlc_dump_aggfifo:
Jul  8 02:32:23 authorMacBook-Pro networkd[195]: nw_nat64_post_new_ifstate successfully changed NAT64 ifstate from 0x8000000000000000 to 0x4
Jul  8 03:13:06 calvisitor-10-105-162-108 corecaptured[38992]: CCDataTap::profileRemoved, Owner: com.apple.iokit.IO80211Family, Name: AssociationEventHistory
Jul  8 03:32:46 authorMacBook-Pro ntpd[207]: sigio_handler: sigio_handler_active != 1
Jul  8 04:16:14 calvisitor-10-105-161-176 kernel[0]: hibernate_setup(0) took 8471 ms
Jul  8 04:18:45 authorMacBook-Pro UserEventAgent[43]: Captive: CNPluginHandler en0: Inactive
Jul  8 05:34:31 calvisitor-10-105-160-181 kernel[0]: AppleCamIn::systemWakeCall - messageType = 0xE0000340
Jul  8 05:51:55 calvisitor-10-105-162-124 kernel[0]: hibernate_teardown_pmap_structs done: last_valid_compact_indx 315096
Jul  8 06:02:25 calvisitor-10-105-162-124 com.apple.AddressBook.ContactsAccountsService[289]: [Accounts] Current connection, <NSXPCConnection: 0x7fda72614240> connection from pid 30318, doesn't have account access.
Jul  8 06:45:24 calvisitor-10-105-162-124 kernel[0]: ARPT: 787923.793193: wl0: leaveModulePoweredForOffloads: Wi-Fi will stay on.
Jul  8 07:27:36 calvisitor-10-105-162-124 kernel[0]: ARPT: 790457.609414: AirPort_Brcm43xx::powerChange: System Sleep
Jul  8 08:10:46 calvisitor-10-105-162-124 kernel[0]: Wake reason: RTC (Alarm)
