Jul  1 09:00:55 calvisitor-10-105-160-95 kernel[0]: IOThunderboltSwitch<0>(0x0)::listenerCallback - Thunderbolt HPD packet for route = 0x0 port = 11 unplug = 0
Jul  1 09:03:11 calvisitor-10-105-160-95 mDNSResponder[91]: mDNS_DeregisterInterface: Frequent transitions for interface awdl0 (FE80:0000:0000:0000:D8A5:90FF:FEF5:7FFF)
Jul  1 09:12:20 authorMacBook-Pro kernel[0]: IO80211AWDLPeerManager::setAwdlAutoMode Resuming AWDL
Jul  1 09:19:13 calvisitor-10-105-160-95 com.apple.cts[258]: com.apple.icloud.fmfd.heartbeat: scheduler_evaluate_activity told me to run this job; however, but the start time isn't for 439034 seconds.  Ignoring.
Jul  1 09:23:26 calvisitor-10-105-160-95 kernel[0]: AirPort: Link Down on awdl0. Reason 1 (Unspecified).
Jul  1 09:25:59 calvisitor-10-105-160-95 kernel[0]: ARPT: 621145.554555: IOPMPowerSource Information: onSleep,  SleepType: Normal Sleep,  'ExternalConnected': Yes, 'TimeRemaining': 0,
Jul  1 09:27:06 calvisitor-10-105-160-95 kernel[0]: IO80211AWDLPeerManager::setAwdlSuspendedMode() Suspending AWDL, enterQuietMode(true)
Jul  1 09:29:02 calvisitor-10-105-160-95 sandboxd[129] ([31211]): com.apple.Addres(31211) deny network-outbound /private/var/run/mDNSResponder
Jul  1 09:32:03 calvisitor-10-105-160-95 com.apple.cts[258]: com.apple.Safari.SafeBrowsing.Update: scheduler_evaluate_activity told me to run this job; however, but the start time isn't for 1849 seconds.  Ignoring.
Jul  1 09:33:13 authorMacBook-Pro kernel[0]: AppleCamIn::systemWakeCall - messageType = 0xE0000340
Jul  1 09:36:19 calvisitor-10-105-160-95 kernel[0]: AppleThunderboltNHIType2::waitForOk2Go2Sx - retries = 7
Jul  1 09:41:34 calvisitor-10-105-160-95 kernel[0]: en0::IO80211Interface::postMessage bssid changed
Jul  1 09:41:54 calvisitor-10-105-160-95 com.apple.CDScheduler[258]: Thermal pressure state: 0 Memory pressure state: 0
Jul  1 09:43:22 calvisitor-10-105-160-95 mDNSResponder[91]: mDNS_RegisterInterface: Frequent transitions for interface en0 (FE80:0000:0000:0000:C6B3:01FF:FECD:467F)
Jul  1 09:45:46 authorMacBook-Pro symptomsd[215]: __73-[NetworkAnalyticsEngine observeValueForKeyPath:ofObject:change:context:]_block_invoke unexpected switch value 2
Jul  1 10:08:20 authorMacBook-Pro kernel[0]: ARPT: 621799.252673: AQM agg results 0x8001 len hi/lo: 0x0 0x26 BAbitmap(0-3) 0 0 0 0
Jul  1 10:09:58 calvisitor-10-105-160-95 kernel[0]: AppleCamIn::systemWakeCall - messageType = 0xE0000340
Jul  1 10:13:57 calvisitor-10-105-160-95 kernel[0]: Sandbox: com.apple.Addres(31346) deny(1) network-outbound /private/var/run/mDNSResponder
Jul  1 10:47:08 calvisitor-10-105-160-95 sandboxd[129] ([31382]): com.apple.Addres(31382) deny network-outbound /private/var/run/mDNSResponder
Jul  1 11:38:18 calvisitor-10-105-160-95 kernel[0]: ARPT: 626126.086246: wl0: MDNS: IPV4 Addr: 10.105.160.95
Jul  1 11:39:48 calvisitor-10-105-160-95 kernel[0]: ARPT: 626132.740936: AirPort_Brcm43xx::platformWoWEnable: WWEN[disable]
Jul  1 11:43:23 calvisitor-10-105-160-95 com.apple.cts[258]: com.apple.suggestions.harvest: scheduler_evaluate_activity told me to run this job; however, but the start time isn't for 16227 seconds.  Ignoring.
Jul  1 11:46:16 authorMacBook-Pro kernel[0]: AppleCamIn::systemWakeCall - messageType = 0xE0000340
Jul  1 11:47:56 authorMacBook-Pro kernel[0]: ARPT: 626380.467130: ARPT: Wake Reason: Wake on Scan offload
Jul  1 11:49:29 authorMacBook-Pro sharingd[30299]: 11:49:29.473 : BTLE scanner Powered On
Jul  1 11:49:35 calvisitor-10-105-160-95 cdpd[11807]: Saw change in network reachability (isReachable=2)
Jul  1 11:51:22 calvisitor-10-105-160-95 com.apple.cts[258]: com.apple.EscrowSecurityAlert.daily: scheduler_evaluate_activity told me to run this job; however, but the start time isn't for 4429 seconds.  Ignoring.
Jul  1 11:55:14 calvisitor-10-105-160-95 kernel[0]: AirPort: Link Down on en0. Reason 8 (Disassociated because station leaving).
Jul  1 12:12:04 calvisitor-10-105-160-95 kernel[0]: AppleCamIn::systemWakeCall - messageType = 0xE0000340
Jul  1 12:39:55 calvisitor-10-105-160-95 com.apple.cts[43]: com.apple.CacheDelete.daily: scheduler_evaluate_activity told me to run this job; however, but the start time isn't for 1428 seconds.  Ignoring.
Jul  1 13:06:35 calvisitor-10-105-160-95 kernel[0]: AirPort: Link Up on awdl0
Jul  1 13:34:07 calvisitor-10-105-160-95 com.apple.AddressBook.InternetAccountsBridge[31595]: dnssd_clientstub ConnectToServer: connect()-> No of tries: 1
Jul  1 13:44:07 calvisitor-10-105-160-95 com.apple.AddressBook.InternetAccountsBridge[31608]: dnssd_clientstub ConnectToServer: connect()-> No of tries: 2
Jul  1 14:01:24 calvisitor-10-105-160-95 kernel[0]: ARPT: 627305.613279: wl0: setup_keepalive: Seq: 1664112163, Ack: 818851215, Win size: 4096
Jul  1 14:38:45 calvisitor-10-105-160-95 com.apple.CDScheduler[258]: Thermal pressure state: 0 Memory pressure state: 0
Jul  1 15:05:47 calvisitor-10-105-160-95 secd[276]:  SOSAccountThisDeviceCanSyncWithCircle sync with device failure: Error Domain=com.apple.security.sos.error Code=1035 "Account identity not set" UserInfo={NSDescription=Account identity not set}
Jul  1 19:43:32 calvisitor-10-105-163-202 symptomsd[215]: __73-[NetworkAnalyticsEngine observeValueForKeyPath:ofObject:change:context:]_block_invoke unexpected switch value 2
Jul  1 19:50:12 calvisitor-10-105-163-202 quicklookd[31687]: Error returned from iconservicesagent: (null)
Jul  1 21:03:00 calvisitor-10-105-163-202 WindowServer[184]: send_datagram_available_ping: pid 445 failed to act on a ping it dequeued before timing out.
Jul  1 21:19:06 calvisitor-10-105-163-202 quicklookd[31687]: Error returned from iconservicesagent: (null)
Jul  1 22:08:16 calvisitor-10-105-163-202 WindowServer[184]: device_generate_desktop_screenshot: authw 0x7fa823c89600(2000), shield 0x7fa8258cac00(2001)
Jul  1 22:20:57 calvisitor-10-105-163-202 iconservicesagent[328]: -[ISGenerateImageOp generateImageWithCompletion:] Failed to composit image for descriptor <ISBindingImageDescriptor: 0x7f9950712080>.
Jul  1 23:32:34 calvisitor-10-105-163-202 kernel[0]: ARPT: 640362.070027: wl0: wl_update_tcpkeep_seq: Original Seq: 2000710617, Ack: 2120985509, Win size: 4096
Jul  1 23:46:06 calvisitor-10-105-163-202 kernel[0]: IOThunderboltSwitch<0>(0x0)::listenerCallback - Thunderbolt HPD packet for route = 0x0 port = 12 unplug = 0
Jul  2 02:32:17 calvisitor-10-105-163-202 kernel[0]: [HID] [ATC] [Error] AppleDeviceManagementHIDEventService::start Could not make a string from out connection notification key
Jul  2 10:27:44 calvisitor-10-105-163-202 locationd[82]: NETWORK: requery, 0, 0, 0, 0, 250, items, fQueryRetries, 0, fLastRetryTimestamp, 520708962.7
Jul  2 11:42:54 calvisitor-10-105-163-202 kernel[0]: IOThunderboltSwitch<0>(0x0)::listenerCallback - Thunderbolt HPD packet for route = 0x0 port = 12 unplug = 0
Jul  2 12:15:24 authorMacBook-Pro QQ[10018]: tcp_connection_handle_connect_conditions_bad 19617 failed: 3 - No network route
Jul  2 13:00:07 calvisitor-10-105-163-202 kernel[0]: AirPort: Link Down on awdl0. Reason 1 (Unspecified).
Jul  2 13:03:10 authorMacBook-Pro kernel[0]: ARPT: 646193.687729: AirPort_Brcm43xx::platformWoWEnable: WWEN[disable]
Jul  2 13:10:47 calvisitor-10-105-163-202 kernel[0]: IO80211AWDLPeerManager::setAwdlAutoMode Resuming AWDL
Jul  2 13:44:22 calvisitor-10-105-163-202 kernel[0]: AppleThunderboltNHIType2::prePCIWake - power up complete - took 1 us
Jul  2 14:07:52 calvisitor-10-105-163-202 locationd[82]: Location icon should now be in state 'Active'
Jul  2 15:06:24 calvisitor-10-105-163-202 syslogd[44]: ASL Sender Statistics
Jul  2 15:46:41 calvisitor-10-105-163-202 ksfetch[32435]: 2017-07-02 15:46:41.445 ksfetch[32435/0x7fff79824000] [lvl=2] main() ksfetch fetching URL (<NSMutableURLRequest: 0x1005110b0> { URL: https://tools.google.com/service/update2?cup2hreq=53f725cf03f511fab16f19e789ce64aa1eed72395fc246e9f1100748325002f4&cup2key=7:1132320327 }) to folder:/tmp/KSOutOfProcessFetcher.YH2CjY1tnx/download
Jul  2 17:07:56 calvisitor-10-105-163-202 locationd[82]: Location icon should now be in state 'Active'
Jul  2 17:36:15 calvisitor-10-105-163-202 Safari[9852]: KeychainGetICDPStatus: keychain: -25300
Jul  2 18:08:55 calvisitor-10-105-163-202 kernel[0]: ARPT: 661549.802297: wl0: leaveModulePoweredForOffloads: Wi-Fi will stay on.
Jul  2 18:35:12 calvisitor-10-105-163-202 kernel[0]: AppleCamIn::systemWakeCall - messageType = 0xE0000340
Jul  2 18:35:57 calvisitor-10-105-163-202 kernel[0]: ARPT: 661708.530713: wl0: MDNS: IPV6 Addr: fe80:0:0:0:c6b3:1ff:fecd:467f
Jul  2 18:38:32 authorMacBook-Pro corecaptured[32639]: CCXPCService::setStreamEventHandler Registered for notification callback.
Jul  2 18:40:21 calvisitor-10-105-163-202 com.apple.cts[258]: com.apple.icloud.fmfd.heartbeat: scheduler_evaluate_activity told me to run this job; however, but the start time isn't for 318966 seconds.  Ignoring.
Jul  2 18:53:51 calvisitor-10-105-163-202 com.apple.cts[258]: com.apple.icloud.fmfd.heartbeat: scheduler_evaluate_activity told me to run this job; however, but the start time isn't for 318156 seconds.  Ignoring.
Jul  2 19:34:33 calvisitor-10-105-163-202 com.apple.geod[30311]: PBRequester failed with Error Error Domain=NSURLErrorDomain Code=-1001 "The request timed out." UserInfo={NSUnderlyingError=0x7fe133460660 {Error Domain=kCFErrorDomainCFNetwork Code=-1001 "The request timed out." UserInfo={NSErrorFailingURLStringKey=https://gsp-ssl.ls.apple.com/dispatcher.arpc, NSErrorFailingURLKey=https://gsp-ssl.ls.apple.com/dispatcher.arpc, _kCFStreamErrorCodeKey=-2102, _kCFStreamErrorDomainKey=4, NSLocalizedDescription=The request timed out.}}, NSErrorFailingURLStringKey=https://gsp-ssl.ls.apple.com/dispatcher.arpc, NSErrorFailingURLKey=https://gsp-ssl.ls.apple.com/dispatcher.arpc, _kCFStreamErrorDomainKey=4, _kCFStreamErrorCodeKey=-2102, NSLocalizedDescription=The request timed out.}
Jul  2 19:48:30 calvisitor-10-105-163-202 com.apple.CDScheduler[258]: Thermal pressure state: 0 Memory pressure state: 0
Jul  2 20:15:26 calvisitor-10-105-163-202 kernel[0]: IOThunderboltSwitch<0>(0x0)::listenerCallback - Thunderbolt HPD packet for route = 0x0 port = 11 unplug = 0
Jul  2 20:50:47 calvisitor-10-105-163-202 ksfetch[32776]: 2017-07-02 20:50:47.457 ksfetch[32776/0x7fff79824000] [lvl=2] KSHelperReceiveAllData() KSHelperTool read 1926 bytes from stdin.
Jul  2 21:48:53 calvisitor-10-105-163-202 sharingd[30299]: 21:48:53.041 : BTLE scanner Powered Off
Jul  2 22:24:14 authorMacBook-Pro UserEventAgent[43]: Captive: CNPluginHandler en0: Evaluating
Jul  2 22:32:34 authorMacBook-Pro com.apple.WebKit.WebContent[32778]: [22:32:34.846] <<<< Boss >>>> figPlaybackBossPrerollCompleted: unexpected preroll-complete notification
Jul  2 23:35:17 authorMacBook-Pro kernel[0]: AppleThunderboltNHIType2::prePCIWake - power up complete - took 2 us
Jul  2 23:48:54 authorMacBook-Pro secd[276]:  SOSAccountThisDeviceCanSyncWithCircle sync with device failure: Error Domain=com.apple.security.sos.error Code=1035 "Account identity not set" UserInfo={NSDescription=Account identity not set}
Jul  3 00:27:54 authorMacBook-Pro QQ[10018]: ############################## _getSysMsgList
Jul  3 01:06:37 authorMacBook-Pro sharingd[30299]: 01:06:37.436 : Scanning mode Contacts Only
Jul  3 01:42:26 authorMacBook-Pro sharingd[30299]: 01:42:26.004 : BTLE scanning stopped
Jul  3 02:07:59 authorMacBook-Pro hidd[98]: [HID] [MT] MTActuatorManagement::getActuatorRef Calling MTActuatorOpen() outside of MTTrackpadHIDManager.
Jul  3 02:32:01 authorMacBook-Pro Dock[307]: -[UABestAppSuggestionManager notifyBestAppChanged:type:options:bundleIdentifier:activityType:dynamicIdentifier:when:confidence:deviceName:deviceIdentifier:deviceType:] (null) UASuggestedActionType=0 (null)/(null) opts=(null) when=2017-07-03 09:32:01 +0000 confidence=1 from=(null)/(null) (UABestAppSuggestionManager.m #319)
Jul  3 03:31:43 authorMacBook-Pro kernel[0]: AppleCamIn::wakeEventHandlerThread
Jul  3 03:55:49 authorMacBook-Pro locationd[82]: Location icon should now be in state 'Inactive'
Jul  3 04:31:31 authorMacBook-Pro ntpd[207]: wake time set -0.331349 s
Jul  3 05:07:13 authorMacBook-Pro kernel[0]: en0: channel changed to 132,+1
Jul  3 05:33:53 authorMacBook-Pro kernel[0]: ARPT: 672735.825491: wl0: leaveModulePoweredForOffloads: Wi-Fi will stay on.
Jul  3 06:09:56 authorMacBook-Pro com.apple.CDScheduler[258]: Thermal pressure state: 1 Memory pressure state: 0
Jul  3 06:33:47 authorMacBook-Pro kernel[0]: IOThunderboltSwitch<0>(0x0)::listenerCallback - Thunderbolt HPD packet for route = 0x0 port = 11 unplug = 0
Jul  3 06:57:52 authorMacBook-Pro kernel[0]: IOThunderboltSwitch<0>(0x0)::listenerCallback - Thunderbolt HPD packet for route = 0x0 port = 11 unplug = 0
Jul  3 07:21:45 authorMacBook-Pro kernel[0]: ARPT: 673078.174655: AirPort_Brcm43xx::platformWoWEnable: WWEN[disable]
Jul  3 07:33:35 authorMacBook-Pro kernel[0]: IOPMrootDomain: idle cancel, state 1
Jul  3 08:33:15 authorMacBook-Pro kernel[0]: ARPT: 673289.745639: wl0: wl_update_tcpkeep_seq: Updated seq/ack/win from UserClient Seq 1578355965, Ack 2401645769, Win size 278
Jul  3 08:45:12 authorMacBook-Pro kernel[0]: ARPT: 673325.798753: ARPT: Wake Reason: Wake on TCP Timeout
Jul  3 09:09:58 authorMacBook-Pro kernel[0]: IOThunderboltSwitch<0>(0x0)::listenerCallback - Thunderbolt HPD packet for route = 0x0 port = 12 unplug = 0
Jul  3 09:57:10 authorMacBook-Pro sharingd[30299]: 09:57:10.384 : Scanning mode Contacts Only
Jul  3 10:09:01 authorMacBook-Pro kernel[0]: AirPort: Link Up on awdl0
Jul  3 10:40:41 authorMacBook-Pro GoogleSoftwareUpdateAgent[33263]: 2017-07-03 10:40:41.730 GoogleSoftwareUpdateAgent[33263/0x700000323000] [lvl=2] -[KSAgentApp performSelfUpdateWithEngine:] Checking for self update with Engine: <KSUpdateEngine:0x10062de70 ticketStore=<KSPersistentTicketStore:0x1005206e0 store=<KSKeyedPersistentStore:0x1005282c0 path="/Users/xpc/Library/Google/GoogleSoftwareUpdate/TicketStore/Keystone.ticketstore" lockFile=<KSLockFile:0x100510480 path="/Users/xpc/Library/Google/GoogleSoftwareUpdate/TicketStore/Keystone.ticketstore.lock" locked=NO > >> processor=<KSActionProcessor:0x10062e060 delegate=<KSUpdateEngine:0x10062de70> isProcessing=NO actionsCompleted=0 progress=0.00 errors=0 currentActionErrors=0 events=0 currentActionEvents=0 actionQueue=( ) > delegate=(null) serverInfoStore=<KSServerPrivateInfoStore:0x10062d2d0 path="/Users/xpc/Library/Google/GoogleSoftwareUpdate/Servers"> errors=0 >
Jul  3 11:31:49 authorMacBook-Pro com.apple.WebKit.WebContent[32778]: [11:31:49.593] itemasync_CopyProperty signalled err=-12785 (kFigBaseObjectError_Invalidated) (invalidated) at /Library/Caches/com.apple.xbs/Sources/CoreMedia/CoreMedia-1731.15.207/Prototypes/Player/FigPlayer_Async.c line 2092
Jul  3 11:48:35 authorMacBook-Pro com.apple.WebKit.WebContent[32778]: [11:48:35.539] <<<< Boss >>>> figPlaybackBossPrerollCompleted: unexpected preroll-complete notification
Jul  3 11:58:00 authorMacBook-Pro com.apple.WebKit.WebContent[32778]: [11:58:00.829] <<<< Boss >>>> figPlaybackBossPrerollCompleted: unexpected preroll-complete notification
Jul  3 12:11:47 authorMacBook-Pro com.apple.WebKit.WebContent[32778]: [12:11:47.043] itemasync_CopyProperty signalled err=-12785 (kFigBaseObjectError_Invalidated) (invalidated) at /Library/Caches/com.apple.xbs/Sources/CoreMedia/CoreMedia-1731.15.207/Prototypes/Player/FigPlayer_Async.c line 2092
Jul  3 12:35:56 authorMacBook-Pro kernel[0]: IO80211AWDLPeerManager::setAwdlSuspendedMode() Suspending AWDL, enterQuietMode(true)
Jul  3 12:54:59 calvisitor-10-105-160-237 AddressBookSourceSync[33405]: Unrecognized attribute value: t:AbchPersonItemType
Jul  3 13:31:35 calvisitor-10-105-160-237 CrashReporterSupportHelper[252]: Internal name did not resolve to internal address!
Jul  3 13:48:22 authorMacBook-Pro configd[53]: setting hostname to "authorMacBook-Pro.local"
Jul  3 13:51:03 authorMacBook-Pro QQ[10018]: tcp_connection_handle_connect_conditions_bad 20835 failed: 3 - No network route
Jul  3 13:53:53 calvisitor-10-105-160-237 sandboxd[129] ([33476]): com.apple.Addres(33476) deny network-outbound /private/var/run/mDNSResponder
Jul  3 13:55:56 calvisitor-10-105-160-237 sharingd[30299]: 13:55:56.094 : Starting AirDrop server for user 501 on wake
Jul  3 14:47:59 calvisitor-10-105-160-237 kernel[0]: RTC: Maintenance 2017/7/3 21:47:58, sleep 2017/7/3 21:35:20
Jul  3 15:01:36 calvisitor-10-105-160-237 kernel[0]: ARPT: 682468.243133: AirPort_Brcm43xx::platformWoWEnable: WWEN[disable]
Jul  3 15:28:56 calvisitor-10-105-160-237 kernel[0]: AppleThunderboltNHIType2::waitForOk2Go2Sx - intel_rp = 1 dlla_reporting_supported = 0
Jul  3 15:46:28 authorMacBook-Pro networkd[195]: -[NETClientConnection effectiveBundleID] using process name apsd as bundle ID (this is expected for daemons without bundle ID
Jul  3 15:47:15 calvisitor-10-105-160-237 corecaptured[33533]: CCIOReporterFormatter::refreshSubscriptionsFromStreamRegistry clearing out any previous subscriptions
Jul  3 15:53:49 calvisitor-10-105-160-237 corecaptured[33533]: CCLogTap::profileRemoved, Owner: com.apple.iokit.IO80211Family, Name: OneStats
Jul  3 16:05:51 authorMacBook-Pro corecaptured[33544]: CCFile::captureLogRun Skipping current file Dir file [2017-07-03_16,05,51.075268]-AirPortBrcm4360_Logs-005.txt, Current File [2017-07-03_16,05,51.075268]-AirPortBrcm4360_Logs-005.txt
Jul  3 16:07:32 authorMacBook-Pro kernel[0]: AppleCamIn::wakeEventHandlerThread
Jul  3 16:07:39 authorMacBook-Pro kernel[0]: ARPT: 682833.053879: framerdy 0x0 bmccmd 3 framecnt 1024
Jul  3 16:07:40 authorMacBook-Pro corecaptured[33544]: CCFile::captureLog
Jul  3 16:07:46 authorMacBook-Pro corecaptured[33544]: CCFile::copyFile fileName is [2017-07-03_16,07,46.105103]-CCIOReporter-032.xml, source path:/var/log/CoreCapture/com.apple.iokit.IO80211Family/OneStats//[2017-07-03_16,07,46.105103]-CCIOReporter-032.xml, dest path:/Library/Logs/CrashReporter/CoreCapture/com.apple.iokit.IO80211Family/[2017-07-03_16,07,46.298508]=AuthFail:sts:5_rsn:0/OneStats//[2017-07-03_16,07,46.105103]-CCIOReporter-032.xml
Jul  3 16:25:21 calvisitor-10-105-160-237 kernel[0]: AirPort: Link Up on awdl0
Jul  3 16:27:03 authorMacBook-Pro kernel[0]: ARPT: 682969.397322: AirPort_Brcm43xx::platformWoWEnable: WWEN[enable]
Jul  3 16:27:09 authorMacBook-Pro kernel[0]: ARPT: 682977.654133: wlc_dump_aggfifo:
Jul  3 16:28:34 calvisitor-10-105-160-184 kernel[0]: AppleCamIn::systemWakeCall - messageType = 0xE0000340
Jul  3 16:28:40 authorMacBook-Pro corecaptured[33544]: CCFile::captureLogRun() Exiting CCFile::captureLogRun
Jul  3 16:29:09 calvisitor-10-105-160-184 corecaptured[33544]: CCFile::captureLogRun Skipping current file Dir file [2017-07-03_16,29,09.137954]-CCIOReporter-062.xml, Current File [2017-07-03_16,29,09.137954]-CCIOReporter-062.xml
Jul  3 16:36:40 calvisitor-10-105-160-184 kernel[0]: IO80211AWDLPeerManager::setAwdlOperatingMode Setting the AWDL operation mode from AUTO to SUSPENDED
Jul  3 16:42:37 calvisitor-10-105-160-184 kernel[0]: ARPT: 683173.929950: ARPT: Wake Reason: Wake on Scan offload
Jul  3 17:10:11 calvisitor-10-105-160-184 com.apple.CDScheduler[43]: Thermal pressure state: 1 Memory pressure state: 0
Jul  3 17:25:12 calvisitor-10-105-160-184 kernel[0]: hibernate_flush_memory: buffer_cache_gc freed up 3349 wired pages
Jul  3 17:25:31 calvisitor-10-105-160-184 com.apple.CDScheduler[258]: Thermal pressure state: 0 Memory pressure state: 0
Jul  3 17:37:48 calvisitor-10-105-160-184 blued[85]: hciControllerOnline; HID devices? 0
Jul  3 18:06:58 calvisitor-10-105-160-184 kernel[0]: BuildActDeviceEntry exit
Jul  3 18:47:54 calvisitor-10-105-162-32 kernel[0]: ARPT: 683617.825411: AirPort_Brcm43xx::platformWoWEnable: WWEN[disable]
Jul  3 18:56:23 authorMacBook-Pro com.apple.WebKit.WebContent[25654]: [18:56:23.837] <<<< CRABS >>>> crabsFlumeHostUnavailable: [0x7f961cf08cf0] Byte flume reports host unavailable.
Jul  3 18:57:12 calvisitor-10-105-162-32 corecaptured[33660]: CCFile::captureLogRun Skipping current file Dir file [2017-07-03_18,57,12.221233]-AirPortBrcm4360_Logs-005.txt, Current File [2017-07-03_18,57,12.221233]-AirPortBrcm4360_Logs-005.txt
Jul  3 18:58:10 authorMacBook-Pro corecaptured[33660]: CCFile::captureLogRun() Exiting CCFile::captureLogRun
Jul  3 19:04:48 calvisitor-10-105-162-32 kernel[0]: pages 554018, wire 418692, act 40000, inact 0, cleaned 0 spec 0, zf 0, throt 0, compr 112, xpmapped 40000
Jul  3 19:04:52 calvisitor-10-105-162-32 corecaptured[33660]: CCFile::captureLogRun() Exiting CCFile::captureLogRun
Jul  3 19:05:37 calvisitor-10-105-162-32 corecaptured[33660]: CCFile::copyFile fileName is [2017-07-03_19,04,57.722196]-io80211Family-018.pcapng, source path:/var/log/CoreCapture/com.apple.iokit.IO80211Family/IO80211AWDLPeerManager//[2017-07-03_19,04,57.722196]-io80211Family-018.pcapng, dest path:/Library/Logs/CrashReporter/CoreCapture/com.apple.iokit.IO80211Family/[2017-07-03_19,05,37.535347]=AuthFail:sts:2_rsn:0/IO80211AWDLPeerManager//[2017-07-03_19,04,57.722196]-io80211Family-018.pcapng
Jul  3 19:46:35 authorMacBook-Pro kernel[0]: BuildActDeviceEntry enter
Jul  3 20:16:59 calvisitor-10-105-161-225 com.apple.xpc.launchd[1] (com.apple.xpc.launchd.domain.pid.WebContent.33827): Path not allowed in target domain: type = pid, path = /System/Library/StagedFrameworks/Safari/SafariShared.framework/Versions/A/XPCServices/com.apple.Safari.History.xpc/Contents/MacOS/com.apple.Safari.History error = 147: The specified service did not ship in the requestor's bundle, origin = /System/Library/StagedFrameworks/Safari/WebKit.framework/Versions/A/XPCServices/com.apple.WebKit.WebContent.xpc
Jul  3 20:56:57 calvisitor-10-105-161-225 QQ[10018]: FA||Url||taskID[2019353376] dealloc
Jul  3 21:23:13 calvisitor-10-105-161-225 com.apple.xpc.launchd[1] (com.apple.xpc.launchd.domain.pid.WebContent.33936): Path not allowed in target domain: type = pid, path = /System/Library/StagedFrameworks/Safari/SafariShared.framework/Versions/A/XPCServices/com.apple.Safari.ImageDecoder.xpc/Contents/MacOS/com.apple.Safari.ImageDecoder error = 147: The specified service did not ship in the requestor's bundle, origin = /System/Library/StagedFrameworks/Safari/WebKit.framework/Versions/A/XPCServices/com.apple.WebKit.WebContent.xpc
Jul  3 21:30:41 authorMacBook-Pro corecaptured[33951]: CCFile::captureLog
Jul  3 21:30:55 airbears2-10-142-110-255 kernel[0]: Sandbox: com.apple.Addres(33959) deny(1) network-outbound /private/var/run/mDNSResponder
Jul  3 23:07:12 airbears2-10-142-110-255 locationd[82]: NETWORK: requery, 0, 0, 0, 0, 320, items, fQueryRetries, 1, fLastRetryTimestamp, 520841203.7
Jul  3 23:29:01 airbears2-10-142-110-255 locationd[82]: Location icon should now be in state 'Inactive'
Jul  4 00:23:04 airbears2-10-142-110-255 com.apple.cts[43]: com.apple.SoftwareUpdate.Activity: scheduler_evaluate_activity told me to run this job; however, but the start time isn't for 6306 seconds.  Ignoring.
Jul  4 00:48:29 airbears2-10-142-110-255 com.apple.cts[258]: com.apple.suggestions.harvest: scheduler_evaluate_activity told me to run this job; however, but the start time isn't for 9749 seconds.  Ignoring.
Jul  4 01:24:39 airbears2-10-142-110-255 kernel[0]: ARPT: 698055.177765: AirPort_Brcm43xx::platformWoWEnable: WWEN[disable]
Jul  4 01:48:57 airbears2-10-142-110-255 com.apple.cts[258]: com.apple.icloud.fmfd.heartbeat: scheduler_evaluate_activity told me to run this job; however, but the start time isn't for 206850 seconds.  Ignoring.
Jul  4 02:13:35 airbears2-10-142-110-255 com.apple.CDScheduler[43]: Thermal pressure state: 0 Memory pressure state: 0
Jul  4 02:26:13 airbears2-10-142-110-255 kernel[0]: ARPT: 698348.781411: wl0: MDNS: IPV6 Addr: 2607:f140:400:a01b:1c57:7ef3:8f8e:5a10
Jul  4 02:49:55 airbears2-10-142-110-255 com.apple.cts[258]: com.apple.Safari.SafeBrowsing.Update: scheduler_evaluate_activity told me to run this job; however, but the start time isn't for 1728 seconds.  Ignoring.
Jul  4 03:26:40 airbears2-10-142-110-255 com.apple.cts[43]: com.apple.CacheDelete.daily: scheduler_evaluate_activity told me to run this job; however, but the start time isn't for 34623 seconds.  Ignoring.
Jul  4 03:50:58 airbears2-10-142-110-255 cloudd[326]:  SecOSStatusWith error:[-50] Error Domain=NSOSStatusErrorDomain Code=-50 "query missing class name" (paramErr: error in user parameter list) UserInfo={NSDescription=query missing class name}
Jul  4 04:27:18 airbears2-10-142-110-255 kernel[0]: AppleThunderboltNHIType2::prePCIWake - power up complete - took 5 us
Jul  4 04:40:17 airbears2-10-142-110-255 kernel[0]: ARPT: 698896.274509: AirPort_Brcm43xx::powerChange: System Sleep
Jul  4 05:04:19 airbears2-10-142-110-255 kernel[0]: Sandbox: com.apple.Addres(34326) deny(1) network-outbound /private/var/run/mDNSResponder
Jul  4 05:28:30 airbears2-10-142-110-255 com.apple.CDScheduler[43]: Thermal pressure state: 1 Memory pressure state: 0
Jul  4 06:12:51 calvisitor-10-105-162-105 kernel[0]: ARPT: 699244.827573: wl0: wl_update_tcpkeep_seq: Updated seq/ack/win from UserClient Seq 2935131210, Ack 3049709979, Win size 278
Jul  4 06:25:49 calvisitor-10-105-162-105 com.apple.cts[258]: com.apple.icloud.fmfd.heartbeat: scheduler_evaluate_activity told me to run this job; however, but the start time isn't for 190238 seconds.  Ignoring.
Jul  4 06:26:28 calvisitor-10-105-162-105 kernel[0]: AppleThunderboltNHIType2::waitForOk2Go2Sx - intel_rp = 1 dlla_reporting_supported = 0
Jul  4 06:40:13 calvisitor-10-105-162-105 kernel[0]: ARPT: 699408.252331: IOPMPowerSource Information: onSleep,  SleepType: Normal Sleep,  'ExternalConnected': Yes, 'TimeRemaining': 0,
Jul  4 06:53:18 calvisitor-10-105-162-105 kernel[0]: Sandbox: com.apple.Addres(34429) deny(1) network-outbound /private/var/run/mDNSResponder
Jul  4 07:06:38 calvisitor-10-105-162-105 kernel[0]: en0: channel changed to 1
Jul  4 07:10:06 authorMacBook-Pro kernel[0]: en0::IO80211Interface::postMessage bssid changed
Jul  4 07:23:41 calvisitor-10-105-162-105 kernel[0]: en0: BSSID changed to 5c:50:15:36:bc:03
Jul  4 07:26:30 calvisitor-10-105-162-105 locationd[82]: NETWORK: requery, 0, 0, 0, 0, 320, items, fQueryRetries, 1, fLastRetryTimestamp, 520871064.1
Jul  4 07:40:52 calvisitor-10-105-162-105 com.apple.cts[258]: com.apple.suggestions.harvest: scheduler_evaluate_activity told me to run this job; however, but the start time isn't for 9995 seconds.  Ignoring.
Jul  4 08:21:00 calvisitor-10-105-162-105 com.apple.cts[258]: com.apple.icloud.fmfd.heartbeat: scheduler_evaluate_activity told me to run this job; however, but the start time isn't for 183327 seconds.  Ignoring.
Jul  4 08:34:31 calvisitor-10-105-162-105 kernel[0]: AppleCamIn::handleWakeEvent_gated
Jul  4 08:48:50 calvisitor-10-105-162-105 com.apple.cts[258]: com.apple.icloud.fmfd.heartbeat: scheduler_evaluate_activity told me to run this job; however, but the start time isn't for 181657 seconds.  Ignoring.
Jul  4 09:01:43 authorMacBook-Pro symptomsd[215]: __73-[NetworkAnalyticsEngine observeValueForKeyPath:ofObject:change:context:]_block_invoke unexpected switch value 2
Jul  4 09:15:18 calvisitor-10-105-162-105 kernel[0]: AppleCamIn::wakeEventHandlerThread
Jul  4 09:42:57 calvisitor-10-105-162-105 GoogleSoftwareUpdateAgent[34603]: 2017-07-04 09:42:57.924 GoogleSoftwareUpdateAgent[34603/0x700000323000] [lvl=2] +[KSCodeSigningVerification verifyBundle:applicationId:error:] KSCodeSigningVerification verifying code signing for '/Users/xpc/Library/Google/GoogleSoftwareUpdate/GoogleSoftwareUpdate.bundle/Contents/MacOS/GoogleSoftwareUpdateDaemon' with the requirement 'anchor apple generic and certificate 1[field.1.2.840.113635.100.6.2.6] exists and certificate leaf[field.1.2.840.113635.100.6.1.13] exists and certificate leaf[subject.OU]="EQHXZ8M8AV" and (identifier="com.google.Keystone")'
Jul  4 09:56:38 calvisitor-10-105-162-105 kernel[0]: IO80211AWDLPeerManager::setAwdlAutoMode Resuming AWDL
Jul  4 09:57:30 authorMacBook-Pro com.apple.cts[43]: com.apple.CacheDelete.daily: scheduler_evaluate_activity told me to run this job; however, but the start time isn't for 11173 seconds.  Ignoring.
Jul  4 10:13:04 calvisitor-10-105-162-105 mDNSResponder[91]: mDNS_RegisterInterface: Frequent transitions for interface en0 (FE80:0000:0000:0000:C6B3:01FF:FECD:467F)
Jul  4 10:29:44 calvisitor-10-105-162-105 com.apple.cts[258]: com.apple.suggestions.harvest: scheduler_evaluate_activity told me to run this job; however, but the start time isn't for 43063 seconds.  Ignoring.
Jul  4 10:43:42 calvisitor-10-105-162-105 com.apple.AddressBook.InternetAccountsBridge[34685]: dnssd_clientstub ConnectToServer: connect()-> No of tries: 2
Jul  4 10:56:48 calvisitor-10-105-162-105 kernel[0]: AppleThunderboltGenericHAL::earlyWake - complete - took 0 milliseconds
Jul  4 11:10:51 calvisitor-10-105-162-105 com.apple.AddressBook.InternetAccountsBridge[34706]: dnssd_clientstub ConnectToServer: connect()-> No of tries: 2
Jul  4 11:28:35 authorMacBook-Pro kernel[0]: AppleCamIn::wakeEventHandlerThread
Jul  4 11:29:09 calvisitor-10-105-162-105 com.apple.AddressBook.InternetAccountsBridge[34727]: dnssd_clientstub ConnectToServer: connect() failed path:/var/run/mDNSResponder Socket:4 Err:-1 Errno:1 Operation not permitted
Jul  4 11:42:36 calvisitor-10-105-162-105 kernel[0]: Sandbox: com.apple.Addres(34738) deny(1) network-outbound /private/var/run/mDNSResponder
Jul  4 11:56:36 calvisitor-10-105-162-105 com.apple.cts[258]: com.apple.icloud.fmfd.heartbeat: scheduler_evaluate_activity told me to run this job; however, but the start time isn't for 170391 seconds.  Ignoring.
Jul  4 12:06:36 calvisitor-10-105-162-105 com.apple.AddressBook.InternetAccountsBridge[34830]: dnssd_clientstub ConnectToServer: connect()-> No of tries: 1
Jul  4 12:13:40 calvisitor-10-105-162-105 com.apple.WebKit.WebContent[32778]: [12:13:40.079] <<<< Boss >>>> figPlaybackBossPrerollCompleted: unexpected preroll-complete notification
Jul  4 12:27:11 calvisitor-10-105-162-105 kernel[0]: ARPT: 702237.246510: wl0: setup_keepalive: Local port: 49218, Remote port: 443
Jul  4 12:35:15 calvisitor-10-105-162-105 com.apple.CDScheduler[258]: Thermal pressure state: 0 Memory pressure state: 0
Jul  4 13:02:13 calvisitor-10-105-162-105 kernel[0]: RTC: PowerByCalendarDate setting ignored
Jul  4 13:15:51 calvisitor-10-105-162-105 kernel[0]: ARPT: 702415.308381: AirPort_Brcm43xx::platformWoWEnable: WWEN[disable]
Jul  4 13:56:31 calvisitor-10-105-162-105 com.apple.AddressBook.ContactsAccountsService[289]: [Accounts] Current connection, <NSXPCConnection: 0x7fda74805bf0> connection from pid 487, doesn't have account access.
Jul  4 14:34:52 calvisitor-10-105-162-105 com.apple.SecurityServer[80]: Session 101921 created
Jul  4 15:11:20 calvisitor-10-105-162-105 syslogd[44]: ASL Sender Statistics
Jul  4 15:35:04 calvisitor-10-105-162-105 iconservicesagent[328]: -[ISGenerateImageOp generateImageWithCompletion:] Failed to composit image for descriptor <ISBindingImageDescriptor: 0x7f9950411670>.
Jul  4 16:32:07 calvisitor-10-105-162-105 QQ[10018]: button report: 0x8002be0
Jul  4 17:12:34 calvisitor-10-105-162-105 com.apple.cts[258]: com.apple.icloud.fmfd.heartbeat: scheduler_evaluate_activity told me to run this job; however, but the start time isn't for 151433 seconds.  Ignoring.
Jul  4 17:26:44 calvisitor-10-105-162-105 sharingd[30299]: 17:26:44.228 : Scanning mode Contacts Only
Jul  4 18:07:01 calvisitor-10-105-162-105 QQ[10018]: button report: 0x80039B7
Jul  4 18:34:25 calvisitor-10-105-162-105 kernel[0]: en0: BSSID changed to 5c:50:15:4c:18:13
Jul  4 18:48:27 calvisitor-10-105-162-105 com.apple.AddressBook.InternetAccountsBridge[35188]: dnssd_clientstub ConnectToServer: connect()-> No of tries: 1
Jul  4 19:16:35 calvisitor-10-105-162-105 kernel[0]: ARPT: 712526.783763: wl0: setup_keepalive: interval 900, retry_interval 30, retry_count 10
Jul  4 19:43:32 calvisitor-10-105-162-105 wirelessproxd[75]: Peripheral manager is not powered on
Jul  4 20:09:58 calvisitor-10-105-162-105 kernel[0]: IOThunderboltSwitch<0>(0x0)::listenerCallback - Thunderbolt HPD packet for route = 0x0 port = 12 unplug = 0
Jul  4 20:25:23 calvisitor-10-105-162-105 kernel[0]: IOPMrootDomain: idle cancel, state 1
Jul  4 20:38:12 calvisitor-10-105-162-105 com.apple.cts[258]: com.apple.icloud.fmfd.heartbeat: scheduler_evaluate_activity told me to run this job; however, but the start time isn't for 139095 seconds.  Ignoring.
Jul  4 20:51:50 calvisitor-10-105-162-105 Dock[307]: -[UABestAppSuggestionManager notifyBestAppChanged:type:options:bundleIdentifier:activityType:dynamicIdentifier:when:confidence:deviceName:deviceIdentifier:deviceType:] (null) UASuggestedActionType=0 (null)/(null) opts=(null) when=2017-07-05 03:51:50 +0000 confidence=1 from=(null)/(null) (UABestAppSuggestionManager.m #319)
Jul  4 20:54:03 calvisitor-10-105-162-105 sharingd[30299]: 20:54:03.455 : BTLE scanner Powered On
Jul  4 21:07:16 calvisitor-10-105-162-105 sharingd[30299]: 21:07:16.729 : Scanning mode Contacts Only
Jul  4 21:49:26 calvisitor-10-105-162-105 kernel[0]: ARPT: 713493.575563: wl0: setup_keepalive: Remote IP: 17.249.28.75
Jul  4 22:29:26 calvisitor-10-105-162-105 sharingd[30299]: 22:29:26.099 : BTLE scanner Powered On
Jul  4 23:10:17 calvisitor-10-105-162-105 kernel[0]: AppleThunderboltNHIType2::waitForOk2Go2Sx - retries = 7
Jul  4 23:10:40 calvisitor-10-105-162-105 com.apple.AddressBook.InternetAccountsBridge[35382]: dnssd_clientstub ConnectToServer: connect() failed path:/var/run/mDNSResponder Socket:4 Err:-1 Errno:1 Operation not permitted
Jul  4 23:20:18 calvisitor-10-105-162-105 QQ[10018]: FA||Url||taskID[2019353517] dealloc
Jul  4 23:22:09 calvisitor-10-105-162-105 Microsoft Word[14463]: Cocoa scripting error for '0x0360001f': four character codes must be four characters long.
Jul  4 23:22:09 calvisitor-10-105-162-105 Microsoft Word[14463]: Cocoa scripting error for '0x006a0061': four character codes must be four characters long.
Jul  4 23:22:09 calvisitor-10-105-162-105 Microsoft Word[14463]: Cocoa scripting error for '0x00b20001': four character codes must be four characters long.
Jul  4 23:22:09 calvisitor-10-105-162-105 Microsoft Word[14463]: Cocoa scripting error for '0x00c1000a': four character codes must be four characters long.
Jul  4 23:22:09 calvisitor-10-105-162-105 Microsoft Word[14463]: Cocoa scripting error for '0x006f0001': four character codes must be four characters long.
Jul  4 23:22:09 calvisitor-10-105-162-105 Microsoft Word[14463]: Cocoa scripting error for '0x008b036a': four character codes must be four characters long.
Jul  4 23:22:09 calvisitor-10-105-162-105 Microsoft Word[14463]: Cocoa scripting error for '0x01f60001': four character codes must be four characters long.
Jul  4 23:22:09 calvisitor-10-105-162-105 Microsoft Word[14463]: Cocoa scripting error for '0x02120002': four character codes must be four characters long.
Jul  4 23:22:09 calvisitor-10-105-162-105 Microsoft Word[14463]: Cocoa scripting error for '0x02420006': four character codes must be four characters long.
Jul  4 23:22:09 calvisitor-10-105-162-105 Microsoft Word[14463]: Cocoa scripting error for '0x024a00b2': four character codes must be four characters long.
Jul  4 23:22:09 calvisitor-10-105-162-105 Microsoft Word[14463]: Cocoa scripting error for '0x02720002': four character codes must be four characters long.
Jul  4 23:22:09 calvisitor-10-105-162-105 Microsoft Word[14463]: Cocoa scripting error for '0x02780026': four character codes must be four characters long.
Jul  4 23:22:09 calvisitor-10-105-162-105 Microsoft Word[14463]: Cocoa scripting error for '0x0295001d': four character codes must be four characters long.
Jul  4 23:22:09 calvisitor-10-105-162-105 Microsoft Word[14463]: Cocoa scripting error for '0x02b70006': four character codes must be four characters long.
Jul  4 23:31:49 calvisitor-10-105-162-105 WindowServer[184]: send_datagram_available_ping: pid 445 failed to act on a ping it dequeued before timing out.
Jul  4 23:51:29 calvisitor-10-105-162-105 secd[276]:  SOSAccountThisDeviceCanSyncWithCircle sync with device failure: Error Domain=com.apple.security.sos.error Code=1035 "Account identity not set" UserInfo={NSDescription=Account identity not set}
Jul  5 00:03:36 calvisitor-10-105-162-105 sharingd[30299]: 00:03:36.715 : BTLE scanning started
Jul  5 00:17:52 authorMacBook-Pro kernel[0]: AirPort: Link Up on en0
Jul  5 00:21:07 authorMacBook-Pro Google Chrome[35628]: -_continuousScroll is deprecated for NSScrollWheel. Please use -hasPreciseScrollingDeltas.
Jul  5 00:30:00 calvisitor-10-105-163-10 syslogd[44]: Configuration Notice: ASL Module "com.apple.corecdp.osx.asl" claims selected messages. Those messages may not appear in standard system log files or in the ASL database.
Jul  5 00:58:26 calvisitor-10-105-163-10 wirelessproxd[75]: Failed to stop a scan - central is not powered on: 4
Jul  5 02:27:53 calvisitor-10-105-163-10 com.apple.AddressBook.InternetAccountsBridge[35749]: dnssd_clientstub ConnectToServer: connect()-> No of tries: 2
Jul  5 02:54:51 calvisitor-10-105-163-10 kernel[0]: AppleCamIn::wakeEventHandlerThread
Jul  5 03:35:45 calvisitor-10-105-163-10 kernel[0]: ARPT: 720580.338311: AirPort_Brcm43xx::powerChange: System Sleep
Jul  5 03:58:47 calvisitor-10-105-163-10 kernel[0]: USBMSC Identifier (non-unique): 000000000820 0x5ac 0x8406 0x820, 3
Jul  5 10:31:18 calvisitor-10-105-163-10 kernel[0]: vm_compressor_fastwake_warmup (581519 - 591525) - starting
Jul  5 10:31:56 calvisitor-10-105-160-179 locationd[82]: Location icon should now be in state 'Active'
Jul  5 10:45:00 calvisitor-10-105-160-179 com.apple.xpc.launchd[1] (com.apple.xpc.launchd.domain.pid.WebContent.35830): Path not allowed in target domain: type = pid, path = /System/Library/StagedFrameworks/Safari/SafariShared.framework/Versions/A/XPCServices/com.apple.Safari.History.xpc/Contents/MacOS/com.apple.Safari.History error = 147: The specified service did not ship in the requestor's bundle, origin = /System/Library/StagedFrameworks/Safari/WebKit.framework/Versions/A/XPCServices/com.apple.WebKit.WebContent.xpc
Jul  5 10:56:49 calvisitor-10-105-160-179 Safari[9852]: KeychainGetICDPStatus: status: off
Jul  5 10:58:44 calvisitor-10-105-160-179 kernel[0]: Setting BTCoex Config: enable_2G:1, profile_2g:0, enable_5G:1, profile_5G:0
Jul  5 11:39:38 authorMacBook-Pro corecaptured[35877]: CCProfileMonitor::freeResources done
Jul  5 11:42:53 calvisitor-10-105-160-226 identityservicesd[272]: <IMMacNotificationCenterManager: 0x7ff1b2d17980>:   DND Enabled: NO
Jul  5 12:00:58 calvisitor-10-105-160-226 com.apple.AddressBook.InternetAccountsBridge[35944]: dnssd_clientstub ConnectToServer: connect()-> No of tries: 3
Jul  5 12:50:34 calvisitor-10-105-160-226 kernel[0]: ARPT: 724509.898718: wl0: MDNS: IPV4 Addr: 10.105.160.226
Jul  5 14:03:45 authorMacBook-Pro corecaptured[36034]: CCFile::captureLog Received Capture notice id: 1499288625.645942, reason = AuthFail:sts:5_rsn:0
Jul  5 14:04:19 authorMacBook-Pro kernel[0]: ARPT: 724786.252727: AQM agg results 0x8001 len hi/lo: 0x0 0x26 BAbitmap(0-3) 0 0 0 0
Jul  5 14:04:27 authorMacBook-Pro corecaptured[36034]: CCFile::captureLog Received Capture notice id: 1499288667.823332, reason = AuthFail:sts:5_rsn:0
Jul  5 14:04:33 authorMacBook-Pro corecaptured[36034]: CCFile::copyFile fileName is [2017-07-05_14,04,33.660387]-io80211Family-063.pcapng, source path:/var/log/CoreCapture/com.apple.iokit.IO80211Family/IO80211AWDLPeerManager//[2017-07-05_14,04,33.660387]-io80211Family-063.pcapng, dest path:/Library/Logs/CrashReporter/CoreCapture/com.apple.iokit.IO80211Family/[2017-07-05_14,04,33.736169]=AuthFail:sts:5_rsn:0/IO80211AWDLPeerManager//[2017-07-05_14,04,33.660387]-io80211Family-063.pcapng
Jul  5 14:56:13 authorMacBook-Pro networkd[195]: nw_nat64_post_new_ifstate successfully changed NAT64 ifstate from 0x8000000000000000 to 0x4
Jul  5 15:40:14 calvisitor-10-105-162-98 kernel[0]: Bluetooth -- LE is supported - Disable LE meta event
Jul  5 15:56:38 calvisitor-10-105-162-107 kernel[0]: ARPT: 725147.528572: AirPort_Brcm43xx::powerChange: System Sleep
Jul  5 16:04:43 calvisitor-10-105-162-107 kernel[0]: IO80211AWDLPeerManager::setAwdlAutoMode Resuming AWDL
Jul  5 16:06:03 authorMacBook-Pro corecaptured[36091]: CCFile::captureLog Received Capture notice id: 1499295963.492254, reason = RoamFail:sts:1_rsn:1
Jul  5 16:13:17 calvisitor-10-105-162-107 QQ[10018]: DB Error: 1 "no such table: tb_c2cMsg_2658655094"
Jul  5 16:24:29 authorMacBook-Pro kernel[0]: ARPT: 725996.811165: AQM agg params 0xfc0 maxlen hi/lo 0x0 0xffff minlen 0x0 adjlen 0x0
Jul  5 16:37:58 airbears2-10-142-108-38 syslogd[44]: ASL Sender Statistics
Jul  5 16:58:25 airbears2-10-142-108-38 WindowServer[184]: device_generate_lock_screen_screenshot: authw 0x7fa82502bc00(2000)[0, 0, 0, 0] shield 0x7fa823930c00(2001), dev [1440,900]
Jul  5 17:03:12 airbears2-10-142-108-38 kernel[0]: ARPT: 728173.580097: wl0: setup_keepalive: interval 900, retry_interval 30, retry_count 10
Jul  5 17:23:22 calvisitor-10-105-163-9 com.apple.AddressBook.InternetAccountsBridge[36248]: dnssd_clientstub ConnectToServer: connect() failed path:/var/run/mDNSResponder Socket:4 Err:-1 Errno:1 Operation not permitted
Jul  5 17:27:05 authorMacBook-Pro kernel[0]: AppleCamIn::systemWakeCall - messageType = 0xE0000340
Jul  5 18:19:59 authorMacBook-Pro configd[53]: arp_client_transmit(en0) failed, Network is down (50)
Jul  5 18:20:07 authorMacBook-Pro QQ[10018]: tcp_connection_handle_connect_conditions_bad 23411 failed: 3 - No network route
Jul  5 19:00:43 authorMacBook-Pro corecaptured[36291]: CCFile::captureLogRun Skipping current file Dir file [2017-07-05_19,00,43.154864]-CCIOReporter-007.xml, Current File [2017-07-05_19,00,43.154864]-CCIOReporter-007.xml
Jul  5 20:03:37 calvisitor-10-105-160-210 kernel[0]: Sandbox: com.apple.Addres(36325) deny(1) network-outbound /private/var/run/mDNSResponder
Jul  5 20:44:17 calvisitor-10-105-160-210 kernel[0]: hibernate_newruntime_map time: 0 ms, IOPolledFilePollersOpen(), ml_get_interrupts_enabled 0
Jul  5 21:48:33 authorMacBook-Pro networkd[195]: -[NETClientConnection effectiveBundleID] using process name apsd as bundle ID (this is expected for daemons without bundle ID
Jul  5 22:29:35 calvisitor-10-105-160-22 kernel[0]: IO80211AWDLPeerManager::setAwdlAutoMode Resuming AWDL
Jul  5 23:50:09 calvisitor-10-105-160-22 kernel[0]: AppleActuatorHIDEventDriver: stop
Jul  6 00:30:35 calvisitor-10-105-162-211 kernel[0]: polled file major 1, minor 0, blocksize 4096, pollers 5
Jul  6 00:30:43 authorMacBook-Pro com.apple.CDScheduler[258]: Thermal pressure state: 1 Memory pressure state: 0
Jul  6 01:11:38 calvisitor-10-105-162-138 kernel[0]: IO80211AWDLPeerManager::setAwdlAutoMode Resuming AWDL
Jul  6 02:32:06 calvisitor-10-105-163-28 kernel[0]: WARNING: hibernate_page_list_setall skipped 19622 xpmapped pages
Jul  6 02:32:44 calvisitor-10-105-160-37 sandboxd[129] ([36491]): com.apple.Addres(36491) deny network-outbound /private/var/run/mDNSResponder
Jul  6 03:13:15 calvisitor-10-105-160-37 com.apple.AddressBook.InternetAccountsBridge[36502]: dnssd_clientstub ConnectToServer: connect()-> No of tries: 3
Jul  6 03:53:18 authorMacBook-Pro QQ[10018]: tcp_connection_handle_connect_conditions_bad 23701 failed: 3 - No network route
Jul  6 05:04:00 calvisitor-10-105-163-168 kernel[0]: Opened file /var/vm/sleepimage, size 1073741824, extents 3, maxio 2000000 ssd 1
Jul  6 08:32:37 authorMacBook-Pro kernel[0]: [HID] [MT] AppleMultitouchDevice::start entered
Jul  6 08:33:10 calvisitor-10-105-163-253 corecaptured[36565]: doSaveChannels@286: Will write to: /Library/Logs/CrashReporter/CoreCapture/IOReporters/[2017-07-06_08,33,08.335034] - AuthFail:sts:5_rsn:0.xml
Jul  6 08:53:11 calvisitor-10-105-163-253 locationd[82]: NETWORK: requery, 0, 0, 0, 0, 291, items, fQueryRetries, 0, fLastRetryTimestamp, 521048893.3
Jul  6 09:31:18 calvisitor-10-105-163-253 WindowServer[184]: no sleep images for WillPowerOffWithImages
Jul  6 10:13:12 calvisitor-10-105-163-253 ChromeExistion[36775]: after trim url = https://www.google.com/_/chrome/newtab?rlz=1C5CHFA_enHK732HK732&espv=2&ie=UTF-8
Jul  6 10:52:50 calvisitor-10-105-163-253 ChromeExistion[36852]: url host = www.baidu.com
Jul  6 11:21:02 calvisitor-10-105-163-253 kernel[0]: ARPT: 739017.747240: ARPT: Wake Reason: Wake on Scan offload
Jul  6 11:59:42 calvisitor-10-105-162-178 kernel[0]: en0: channel changed to 36,+1
Jul  6 12:01:10 authorMacBook-Pro kernel[0]: ARPT: 739157.867474: wlc_dump_aggfifo:
Jul  6 12:02:26 authorMacBook-Pro configd[53]: network changed: v6(en0-:2607:f140:6000:8:c6b3:1ff:fecd:467f) DNS- Proxy-
Jul  6 12:03:02 authorMacBook-Pro corecaptured[36918]: CCFile::captureLogRun Skipping current file Dir file [2017-07-06_12,03,02.449748]-AirPortBrcm4360_Logs-037.txt, Current File [2017-07-06_12,03,02.449748]-AirPortBrcm4360_Logs-037.txt
Jul  6 12:03:12 authorMacBook-Pro kernel[0]: ARPT: 739253.582611: wlc_dump_aggfifo:
Jul  6 12:04:16 authorMacBook-Pro kernel[0]: ARPT: 739295.354731: wl0: Roamed or switched channel, reason #4, bssid f8:4f:57:3b:ea:b2, last RSSI -77
Jul  6 12:17:22 calvisitor-10-105-162-178 kernel[0]: ARPT: 739359.663674: wl0: leaveModulePoweredForOffloads: Wi-Fi will stay on.
Jul  6 12:59:11 calvisitor-10-105-162-178 kernel[0]: ARPT: 739605.015490: wl0: MDNS: IPV6 Addr: 2607:f140:6000:8:cc53:3e31:ccd8:11d4
Jul  6 14:08:48 authorMacBook-Pro kernel[0]: hibernate_rebuild started
Jul  6 14:15:59 authorMacBook-Pro corecaptured[37027]: Received Capture Event
Jul  6 14:17:00 calvisitor-10-105-162-178 com.apple.xpc.launchd[1] (com.apple.xpc.launchd.domain.user.501): Service "com.apple.xpc.launchd.unmanaged.loginwindow.94" tried to hijack endpoint "com.apple.tsm.uiserver" from owner: com.apple.SystemUIServer.agent
Jul  6 14:44:08 calvisitor-10-105-162-178 kernel[0]: PM response took 1999 ms (54, powerd)
Jul  6 14:57:16 calvisitor-10-105-162-178 GoogleSoftwareUpdateAgent[37059]: 2017-07-06 14:57:16.661 GoogleSoftwareUpdateAgent[37059/0x7000002a0000] [lvl=2] -[KSOutOfProcessFetcher(PrivateMethods) helperDidTerminate:] KSOutOfProcessFetcher fetch ended for URL: "https://tools.google.com/service/update2?cup2hreq=37fbcb7ab6829be04567976e3212d7a67627aef11546f8b7013d4cffaf51f739&cup2key=7:4200177539"
Jul  6 15:30:54 calvisitor-10-105-162-178 kernel[0]: ARPT: 740226.968934: AirPort_Brcm43xx::platformWoWEnable: WWEN[disable]
Jul  6 16:12:15 calvisitor-10-105-162-178 kernel[0]: AppleThunderboltNHIType2::prePCIWake - power up complete - took 1 us
Jul  6 16:16:11 calvisitor-10-105-162-178 com.apple.CDScheduler[258]: Thermal pressure state: 0 Memory pressure state: 0
Jul  6 16:29:37 calvisitor-10-105-162-178 kernel[0]: RTC: PowerByCalendarDate setting ignored
Jul  6 16:29:48 authorMacBook-Pro networkd[195]: nw_nat64_post_new_ifstate successfully changed NAT64 ifstate from 0x8000000000000000 to 0x4
Jul  6 17:23:43 calvisitor-10-105-162-178 sharingd[30299]: 17:23:43.193 : Scanning mode Contacts Only
Jul  6 17:57:59 calvisitor-10-105-162-178 locationd[82]: NETWORK: requery, 0, 0, 0, 0, 300, items, fQueryRetries, 0, fLastRetryTimestamp, 521081581.2
Jul  6 18:22:57 calvisitor-10-105-162-178 AirPlayUIAgent[415]: 2017-07-06 06:22:57.163367 PM [AirPlayUIAgent] BecomingInactive: NSWorkspaceWillSleepNotification
Jul  6 18:37:07 calvisitor-10-105-162-178 kernel[0]: Sandbox: com.apple.Addres(37204) deny(1) network-outbound /private/var/run/mDNSResponder
Jul  6 18:50:29 calvisitor-10-105-162-178 com.apple.cts[43]: com.apple.CacheDelete.daily: scheduler_evaluate_activity told me to run this job; however, but the start time isn't for 65594 seconds.  Ignoring.
Jul  6 19:04:07 calvisitor-10-105-162-178 kernel[0]: IOThunderboltSwitch<0>(0x0)::listenerCallback - Thunderbolt HPD packet for route = 0x0 port = 12 unplug = 0
Jul  6 19:18:27 calvisitor-10-105-162-178 com.apple.cts[258]: com.apple.suggestions.harvest: scheduler_evaluate_activity told me to run this job; however, but the start time isn't for 15002 seconds.  Ignoring.
Jul  6 19:31:29 calvisitor-10-105-162-178 kernel[0]: ARPT: 744595.284508: AirPort_Brcm43xx::platformWoWEnable: WWEN[disable]
Jul  6 19:32:24 calvisitor-10-105-162-178 kernel[0]: ARPT: 744650.016431: wl0: MDNS: IPV6 Addr: 2607:f140:6000:8:f882:21d2:d1af:f093
Jul  6 19:58:57 calvisitor-10-105-162-178 kernel[0]: PM response took 129 ms (10018, QQ)
Jul  6 20:04:04 calvisitor-10-105-162-178 secd[276]:  SOSAccountThisDeviceCanSyncWithCircle sync with device failure: Error Domain=com.apple.security.sos.error Code=1035 "Account identity not set" UserInfo={NSDescription=Account identity not set}
Jul  6 20:30:35 calvisitor-10-105-162-178 WindowServer[184]: send_datagram_available_ping: pid 445 failed to act on a ping it dequeued before timing out.
Jul  6 21:00:02 calvisitor-10-105-162-178 locationd[82]: NETWORK: no response from server, reachability, 2, queryRetries, 2
Jul  6 22:26:19 calvisitor-10-105-162-178 WindowServer[184]: send_datagram_available_ping: pid 445 failed to act on a ping it dequeued before timing out.
Jul  6 23:33:20 calvisitor-10-105-162-178 Preview[11512]: Page bounds {{0, 0}, {400, 400}}
Jul  7 00:10:01 calvisitor-10-105-162-178 taskgated[273]: no application identifier provided, can't use provisioning profiles [pid=37563]
Jul  7 00:30:06 calvisitor-10-105-162-178 syslogd[44]: Configuration Notice: ASL Module "com.apple.authkit.osx.asl" sharing output destination "/var/log/Accounts" with ASL Module "com.apple.Accounts". Output parameters from ASL Module "com.apple.Accounts" override any specified in ASL Module "com.apple.authkit.osx.asl".
Jul  7 00:52:58 authorMacBook-Pro symptomsd[215]: -[NetworkAnalyticsEngine _writeJournalRecord:fromCellFingerprint:key:atLOI:ofKind:lqm:isFaulty:] Hashing of the primary key failed. Dropping the journal record.
Jul  7 00:53:26 calvisitor-10-105-162-178 com.apple.cts[43]: com.apple.SoftwareUpdate.Activity: scheduler_evaluate_activity told me to run this job; however, but the start time isn't for 5703 seconds.  Ignoring.
Jul  7 02:01:04 calvisitor-10-105-162-178 kernel[0]: AppleThunderboltGenericHAL::earlyWake - complete - took 1 milliseconds
Jul  7 02:42:24 calvisitor-10-105-162-178 sandboxd[129] ([37682]): com.apple.Addres(37682) deny network-outbound /private/var/run/mDNSResponder
Jul  7 03:09:38 calvisitor-10-105-162-178 com.apple.cts[258]: com.apple.EscrowSecurityAlert.daily: scheduler_evaluate_activity told me to run this job; however, but the start time isn't for 35733 seconds.  Ignoring.
Jul  7 03:36:32 calvisitor-10-105-162-178 kernel[0]: IOThunderboltSwitch<0>(0x0)::listenerCallback - Thunderbolt HPD packet for route = 0x0 port = 11 unplug = 0
Jul  7 03:51:08 calvisitor-10-105-162-178 kernel[0]: ARPT: 762543.171617: IOPMPowerSource Information: onSleep,  SleepType: Normal Sleep,  'ExternalConnected': Yes, 'TimeRemaining': 0,
Jul  7 04:17:37 calvisitor-10-105-162-178 locationd[82]: Location icon should now be in state 'Active'
Jul  7 04:44:48 calvisitor-10-105-162-178 com.apple.cts[258]: com.apple.Safari.SafeBrowsing.Update: scheduler_evaluate_activity told me to run this job; however, but the start time isn't for 1002 seconds.  Ignoring.
Jul  7 04:58:36 calvisitor-10-105-162-178 com.apple.AddressBook.InternetAccountsBridge[37745]: dnssd_clientstub ConnectToServer: connect()-> No of tries: 3
Jul  7 05:26:27 calvisitor-10-105-162-178 kernel[0]: ARPT: 762962.511796: AirPort_Brcm43xx::powerChange: System Sleep
Jul  7 05:52:44 calvisitor-10-105-162-178 com.apple.cts[258]: com.apple.EscrowSecurityAlert.daily: scheduler_evaluate_activity told me to run this job; however, but the start time isn't for 25947 seconds.  Ignoring.
Jul  7 07:01:09 calvisitor-10-105-162-178 com.apple.cts[43]: com.apple.CacheDelete.daily: scheduler_evaluate_activity told me to run this job; however, but the start time isn't for 21754 seconds.  Ignoring.
Jul  7 07:17:17 calvisitor-10-105-162-178 com.apple.cts[43]: com.apple.CacheDelete.daily: scheduler_evaluate_activity told me to run this job; however, but the start time isn't for 20786 seconds.  Ignoring.
Jul  7 07:59:26 calvisitor-10-105-162-178 kernel[0]: AppleThunderboltNHIType2::prePCIWake - power up complete - took 1 us
Jul  7 08:28:42 authorMacBook-Pro symptomsd[215]: __73-[NetworkAnalyticsEngine observeValueForKeyPath:ofObject:change:context:]_block_invoke unexpected switch value 2
Jul  7 09:10:35 calvisitor-10-105-162-178 kernel[0]: AppleCamIn::systemWakeCall - messageType = 0xE0000340
Jul  7 10:04:25 calvisitor-10-105-162-178 com.apple.cts[258]: com.apple.icloud.fmfd.heartbeat: scheduler_evaluate_activity told me to run this job; however, but the start time isn't for 472301 seconds.  Ignoring.
Jul  7 10:18:03 calvisitor-10-105-162-178 com.apple.cts[258]: com.apple.EscrowSecurityAlert.daily: scheduler_evaluate_activity told me to run this job; however, but the start time isn't for 10028 seconds.  Ignoring.
Jul  7 10:37:43 calvisitor-10-105-162-178 kernel[0]: RTC: PowerByCalendarDate setting ignored
Jul  7 10:38:10 calvisitor-10-105-162-178 QQ[10018]: DB Path: /Users/xpc/Library/Containers/com.tencent.qq/Data/Documents/contents/916639562/QQ.db
Jul  7 11:01:11 calvisitor-10-105-162-178 WindowServer[184]: send_datagram_available_ping: pid 445 failed to act on a ping it dequeued before timing out.
Jul  7 11:57:06 calvisitor-10-105-162-178 com.apple.xpc.launchd[1] (com.apple.xpc.launchd.domain.pid.WebContent.37999): Path not allowed in target domain: type = pid, path = /System/Library/StagedFrameworks/Safari/SafariShared.framework/Versions/A/XPCServices/com.apple.Safari.ImageDecoder.xpc/Contents/MacOS/com.apple.Safari.ImageDecoder error = 147: The specified service did not ship in the requestor's bundle, origin = /System/Library/StagedFrameworks/Safari/WebKit.framework/Versions/A/XPCServices/com.apple.WebKit.WebContent.xpc
Jul  7 12:14:38 calvisitor-10-105-162-178 com.apple.SecurityServer[80]: Session 101800 destroyed
Jul  7 12:16:28 calvisitor-10-105-162-178 quicklookd[38023]: Error returned from iconservicesagent: (null)
Jul  7 12:20:41 calvisitor-10-105-162-178 AddressBookSourceSync[38055]: -[SOAPParser:0x7f84bad89660 parser:didStartElement:namespaceURI:qualifiedName:attributes:] Type not found in EWSItemType for ExchangePersonIdGuid (t:ExchangePersonIdGuid)
Jul  7 12:24:29 authorMacBook-Pro corecaptured[38064]: CCFile::copyFile fileName is [2017-07-07_12,24,25.108710]-io80211Family-007.pcapng, source path:/var/log/CoreCapture/com.apple.iokit.IO80211Family/IO80211AWDLPeerManager//[2017-07-07_12,24,25.108710]-io80211Family-007.pcapng, dest path:/Library/Logs/CrashReporter/CoreCapture/com.apple.iokit.IO80211Family/[2017-07-07_12,24,29.298901]=AuthFail:sts:5_rsn:0/IO80211AWDLPeerManager//[2017-07-07_12,24,25.108710]-io80211Family-007.pcapng
Jul  7 12:24:31 authorMacBook-Pro corecaptured[38064]: CCFile::captureLog
Jul  7 12:30:26 calvisitor-10-105-162-178 kernel[0]: IO80211AWDLPeerManager::setAwdlOperatingMode Setting the AWDL operation mode from AUTO to SUSPENDED
Jul  7 13:38:23 authorMacBook-Pro corecaptured[38124]: CCIOReporterFormatter::addRegistryChildToChannelDictionary streams 7
Jul  7 13:40:30 calvisitor-10-105-160-205 kernel[0]: Bluetooth -- LE is supported - Disable LE meta event
Jul  7 13:40:35 authorMacBook-Pro corecaptured[38124]: CCFile::captureLogRun Skipping current file Dir file [2017-07-07_13,40,35.857095]-AirPortBrcm4360_Logs-022.txt, Current File [2017-07-07_13,40,35.857095]-AirPortBrcm4360_Logs-022.txt
Jul  7 13:40:37 authorMacBook-Pro corecaptured[38124]: CCIOReporterFormatter::refreshSubscriptionsFromStreamRegistry clearing out any previous subscriptions
Jul  7 13:42:10 authorMacBook-Pro networkd[195]: nw_nat64_post_new_ifstate successfully changed NAT64 ifstate from 0x8000000000000000 to 0x4
Jul  7 13:42:30 authorMacBook-Pro kernel[0]: ARPT: 770786.961436: AQM agg params 0xfc0 maxlen hi/lo 0x0 0xffff minlen 0x0 adjlen 0x0
Jul  7 13:42:46 authorMacBook-Pro corecaptured[38124]: Received Capture Event
Jul  7 13:48:52 calvisitor-10-105-160-205 com.apple.AddressBook.InternetAccountsBridge[38158]: dnssd_clientstub ConnectToServer: connect()-> No of tries: 1
Jul  7 14:03:45 calvisitor-10-105-160-205 sandboxd[129] ([38179]): com.apple.Addres(38179) deny network-outbound /private/var/run/mDNSResponder
Jul  7 14:19:57 calvisitor-10-105-160-205 kernel[0]: in6_unlink_ifa: IPv6 address 0x77c911454f15210b has no prefix
Jul  7 14:47:12 calvisitor-10-105-160-205 kernel[0]: ARPT: 771456.438849: AirPort_Brcm43xx::platformWoWEnable: WWEN[disable]
Jul  7 15:14:27 calvisitor-10-105-160-205 kernel[0]: IOThunderboltSwitch<0>(0x0)::listenerCallback - Thunderbolt HPD packet for route = 0x0 port = 11 unplug = 0
Jul  7 16:04:15 calvisitor-10-105-160-205 symptomsd[215]: -[NetworkAnalyticsEngine _writeJournalRecord:fromCellFingerprint:key:atLOI:ofKind:lqm:isFaulty:] Hashing of the primary key failed. Dropping the journal record.
Jul  7 16:04:44 calvisitor-10-105-161-77 kernel[0]: ARPT: 771663.085756: wl0: Roamed or switched channel, reason #8, bssid 00:a6:ca:db:93:cc, last RSSI -60
Jul  7 16:24:11 authorMacBook-Pro corecaptured[38241]: CCFile::copyFile fileName is [2017-07-07_16,24,11.442212]-AirPortBrcm4360_Logs-001.txt, source path:/var/log/CoreCapture/com.apple.driver.AirPort.Brcm4360.0/DriverLogs//[2017-07-07_16,24,11.442212]-AirPortBrcm4360_Logs-001.txt, dest path:/Library/Logs/CrashReporter/CoreCapture/com.apple.driver.AirPort.Brcm4360.0/[2017-07-07_16,24,11.124183]=AssocFail:sts:2_rsn:0/DriverLogs//[2017-07-07_16,24,11.442212]-AirPortBrcm4360_Logs-001.txt
Jul  7 16:24:23 authorMacBook-Pro networkd[195]: -[NETClientConnection effectiveBundleID] using process name apsd as bundle ID (this is expected for daemons without bundle ID
Jul  7 16:49:57 calvisitor-10-105-160-85 locationd[82]: Location icon should now be in state 'Inactive'
Jul  7 17:20:30 calvisitor-10-105-160-85 WindowServer[184]: send_datagram_available_ping: pid 445 failed to act on a ping it dequeued before timing out.
Jul  7 18:02:24 calvisitor-10-105-160-85 kernel[0]: RTC: PowerByCalendarDate setting ignored
Jul  7 18:09:40 authorMacBook-Pro kernel[0]: [HID] [ATC] AppleDeviceManagementHIDEventService::processWakeReason Wake reason: Host (0x01)
Jul  7 18:10:14 calvisitor-10-105-160-85 kernel[0]: en0::IO80211Interface::postMessage bssid changed
Jul  7 18:23:30 calvisitor-10-105-160-85 kernel[0]: AppleThunderboltGenericHAL::earlyWake - complete - took 0 milliseconds
Jul  7 18:38:03 calvisitor-10-105-160-85 com.apple.cts[258]: com.apple.icloud.fmfd.heartbeat: scheduler_evaluate_activity told me to run this job; however, but the start time isn't for 441483 seconds.  Ignoring.
Jul  7 19:04:23 calvisitor-10-105-160-85 kernel[0]: AppleCamIn::systemWakeCall - messageType = 0xE0000340
Jul  7 19:43:09 calvisitor-10-105-160-85 CalendarAgent[279]: [com.apple.calendar.store.log.caldav.coredav] [Refusing to parse response to PROPPATCH because of content-type: [text/html; charset=UTF-8].]
Jul  7 20:32:12 calvisitor-10-105-160-85 iconservicesagent[328]: -[ISGenerateImageOp generateImageWithCompletion:] Failed to composit image for descriptor <ISBindingImageDescriptor: 0x7f9950712080>.
Jul  7 20:44:13 calvisitor-10-105-160-85 GPUToolsAgent[38749]: schedule invalidation <DYTransport 0x7f89e8c00520, error: lost transport connection (31)>
Jul  7 21:01:22 calvisitor-10-105-160-85 quicklookd[38603]: Error returned from iconservicesagent: (null)
Jul  7 21:23:10 calvisitor-10-105-160-85 com.apple.WebKit.WebContent[38826]: <<<< MediaValidator >>>> mv_LookupCodecSupport: Unrecognized codec 1
Jul  7 21:30:12 calvisitor-10-105-160-85 Safari[9852]: KeychainGetICDPStatus: keychain: -25300
Jul  7 21:57:08 calvisitor-10-105-160-85 kernel[0]: Bluetooth -- LE is supported - Disable LE meta event
Jul  7 22:10:52 calvisitor-10-105-160-85 kernel[0]: ARPT: 783795.288172: AirPort_Brcm43xx::powerChange: System Wake - Full Wake/ Dark Wake / Maintenance wake
Jul  7 22:47:06 calvisitor-10-105-160-85 kernel[0]: ARPT: 783991.995027: wl0: setup_keepalive: interval 900, retry_interval 30, retry_count 10
Jul  7 23:38:27 calvisitor-10-105-160-85 kernel[0]: ARPT: 784178.158614: AirPort_Brcm43xx::platformWoWEnable: WWEN[enable]
Jul  8 00:44:20 calvisitor-10-105-160-47 kernel[0]: ARPT: 784287.966851: AirPort_Brcm43xx::platformWoWEnable: WWEN[enable]
Jul  8 01:51:50 authorMacBook-Pro mDNSResponder[91]: mDNS_RegisterInterface: Frequent transitions for interface en0 (FE80:0000:0000:0000:C6B3:01FF:FECD:467F)
Jul  8 02:32:14 calvisitor-10-105-163-147 kernel[0]: **** [BroadcomBluetoothHostControllerUSBTransport][start] -- Completed (matched on Device) -- 0x3800 ****
Jul  8 02:32:46 calvisitor-10-105-162-175 corecaptured[38992]: CCFile::captureLogRun Skipping current file Dir file [2017-07-08_02,32,46.787931]-AirPortBrcm4360_Logs-004.txt, Current File [2017-07-08_02,32,46.787931]-AirPortBrcm4360_Logs-004.txt
Jul  8 03:13:06 calvisitor-10-105-162-108 corecaptured[38992]: CCDataTap::profileRemoved, Owner: com.apple.iokit.IO80211Family, Name: AssociationEventHistory
Jul  8 03:32:43 calvisitor-10-105-162-228 kernel[0]: **** [BroadcomBluetoothHostControllerUSBTransport][start] -- Completed (matched on Device) -- 0x8800 ****
Jul  8 04:13:32 calvisitor-10-105-162-228 kernel[0]: [HID] [MT] AppleActuatorHIDEventDriver::start entered
Jul  8 04:16:14 authorMacBook-Pro kernel[0]: in6_unlink_ifa: IPv6 address 0x77c911454f1528eb has no prefix
Jul  8 04:18:45 calvisitor-10-105-161-176 blued[85]: [BluetoothHIDDeviceController]ERROR: Could not find the disconnected object
Jul  8 05:34:31 calvisitor-10-105-160-181 kernel[0]: ARPT: 785104.988856: AirPort_Brcm43xx::syncPowerState: WWEN[enabled]
Jul  8 05:34:31 calvisitor-10-105-160-181 blued[85]: [BluetoothHIDDeviceController]ERROR: Could not find the disconnected object
Jul  8 05:51:55 calvisitor-10-105-162-124 kernel[0]: hibernate_teardown_pmap_structs done: last_valid_compact_indx 315096
Jul  8 05:56:47 authorMacBook-Pro UserEventAgent[43]: Captive: CNPluginHandler en0: Authenticated
Jul  8 06:22:47 calvisitor-10-105-162-124 WeChat[24144]: Unable to simultaneously satisfy constraints: ( "<NSAutoresizingMaskLayoutConstraint:0x7f9d574e5370 h=-&- v=-&- V:[NSScrollView:0x7f9d64abe480]-(11)-|   (Names: '|':NSView:0x7f9d6a9cc340 )>", "<NSAutoresizingMaskLayoutConstraint:0x7f9d7561a270 h=-&- v=-&- V:|-(45)-[NSScrollView:0x7f9d64abe480]   (Names: '|':NSView:0x7f9d6a9cc340 )>", "<NSAutoresizingMaskLayoutConstraint:0x7f9d6aa2cf10 h=-&- v=--& V:[NSView:0x7f9d53160e30(0)]>", "<NSAutoresizingMaskLayoutConstraint:0x7f9d75652870 h=-&- v=-&- V:|-(0)-[NSView:0x7f9d6a9cc340]   (Names: '|':NSView:0x7f9d53160e30 )>", "<NSAutoresizingMaskLayoutConstraint:0x7f9d77ef8f50 h=-&- v=-&- V:[NSView:0x7f9d6a9cc340]-(0)-|   (Names: '|':NSView:0x7f9d53160e30 )>" )  Will attempt to recover by breaking constraint <NSAutoresizingMaskLayoutConstraint:0x7f9d7561a270 h=-&- v=-&- V:|-(45)-[NSScrollView:0x7f9d64abe480]   (Names: '|':NSView:0x7f9d6a9cc340 )>  Set the NSUserDefault NSConstraintBasedLayoutVisualizeMutuallyExclusiveConstraints to YES to have -[NSWindow visualizeConstraints:] automatically called when this happens.  And/or, break on objc_exception_throw to catch this in the debugger.
Jul  8 06:46:42 calvisitor-10-105-162-124 WeChat[24144]:     Arranged view frame: {{0, 0}, {260, 877}}
Jul  8 07:27:17 calvisitor-10-105-162-124 CommCenter[263]: Telling CSI to go low power.
Jul  8 07:32:03 calvisitor-10-105-162-124 kernel[0]: ARPT: 790564.863081: wl0: MDNS: IPV6 Addr: 2607:f140:6000:8:c6b3:1ff:fecd:467f
